['ResNet-TRL-Ringed.py', '--core_ranks', '1', '1', '2', '--ring_ranks', '2', '1', '3', '--seed', '13', '--device', 'cuda:3']
Initializing dataloader
Files already downloaded and verified
Files already downloaded and verified
Dataloader has initialized
Initializing model
Adjusting learning rate of group 0 to 1.0000e-02.
Model initialized
Testing model
Tests passed
Adjusting learning rate of group 0 to 2.0000e-02.
Epoch: 0, Train loss: 1.9417566306304932, Validation loss: 1.7242363178253173, Validation accuracy: 0.3025
Adjusting learning rate of group 0 to 3.0000e-02.
Epoch: 1, Train loss: 1.670157082901001, Validation loss: 1.525777914428711, Validation accuracy: 0.3895
Adjusting learning rate of group 0 to 4.0000e-02.
Epoch: 2, Train loss: 1.555239965133667, Validation loss: 1.517094116783142, Validation accuracy: 0.3993
Adjusting learning rate of group 0 to 5.0000e-02.
Epoch: 3, Train loss: 1.4491115040588378, Validation loss: 1.432468148803711, Validation accuracy: 0.4594
Adjusting learning rate of group 0 to 6.0000e-02.
Epoch: 4, Train loss: 1.3741520790481567, Validation loss: 1.5069793062210084, Validation accuracy: 0.4815
Adjusting learning rate of group 0 to 7.0000e-02.
Epoch: 5, Train loss: 1.2959684575271606, Validation loss: 1.2355325472831726, Validation accuracy: 0.5655
Adjusting learning rate of group 0 to 8.0000e-02.
Epoch: 6, Train loss: 1.2188033985519409, Validation loss: 1.2094469903945924, Validation accuracy: 0.5777
Adjusting learning rate of group 0 to 9.0000e-02.
Epoch: 7, Train loss: 1.168485905227661, Validation loss: 1.6089632263183593, Validation accuracy: 0.5397
Adjusting learning rate of group 0 to 1.0000e-01.
Epoch: 8, Train loss: 1.1453421448516845, Validation loss: 1.4845466163635255, Validation accuracy: 0.5306
Adjusting learning rate of group 0 to 1.0000e-01.
Epoch: 9, Train loss: 1.0925237163543702, Validation loss: 1.1274748277664184, Validation accuracy: 0.6164
Adjusting learning rate of group 0 to 1.0000e-01.
Epoch: 10, Train loss: 1.0490799422836303, Validation loss: 1.2106039012908936, Validation accuracy: 0.6086
Adjusting learning rate of group 0 to 1.0000e-01.
Epoch: 11, Train loss: 0.9993944634246826, Validation loss: 1.4684166639328002, Validation accuracy: 0.5613
Adjusting learning rate of group 0 to 1.0000e-01.
Epoch: 12, Train loss: 0.9758386500740052, Validation loss: 1.1495036888122558, Validation accuracy: 0.6626
Adjusting learning rate of group 0 to 1.0000e-01.
Epoch: 13, Train loss: 0.9429666661834717, Validation loss: 1.0626287994384767, Validation accuracy: 0.6202
Adjusting learning rate of group 0 to 1.0000e-01.
Epoch: 14, Train loss: 0.9461379748344422, Validation loss: 1.2277400648117065, Validation accuracy: 0.6484
Adjusting learning rate of group 0 to 1.0000e-01.
Epoch: 15, Train loss: 0.9053563373947143, Validation loss: 0.8667184051513672, Validation accuracy: 0.7235
Adjusting learning rate of group 0 to 1.0000e-01.
Epoch: 16, Train loss: 0.8881486898422242, Validation loss: 1.209084801006317, Validation accuracy: 0.6673
Adjusting learning rate of group 0 to 1.0000e-01.
Epoch: 17, Train loss: 0.8656349580001831, Validation loss: 0.9485396330833435, Validation accuracy: 0.7115
Adjusting learning rate of group 0 to 1.0000e-01.
Epoch: 18, Train loss: 0.8677265698242187, Validation loss: 0.9731898215293884, Validation accuracy: 0.6994
Adjusting learning rate of group 0 to 1.0000e-01.
Epoch: 19, Train loss: 0.8556448433303833, Validation loss: 1.5209191608428956, Validation accuracy: 0.6485
Adjusting learning rate of group 0 to 1.0000e-01.
Epoch: 20, Train loss: 0.8278590829658509, Validation loss: 0.9824565841674805, Validation accuracy: 0.6976
Adjusting learning rate of group 0 to 1.0000e-01.
Epoch: 21, Train loss: 0.8252868087005615, Validation loss: 0.9935021747589111, Validation accuracy: 0.703
Adjusting learning rate of group 0 to 1.0000e-01.
Epoch: 22, Train loss: 0.8290228588867188, Validation loss: 1.0532346523284912, Validation accuracy: 0.7166
Adjusting learning rate of group 0 to 1.0000e-01.
Epoch: 23, Train loss: 0.8037844680023193, Validation loss: 1.4099707336425782, Validation accuracy: 0.6271
Adjusting learning rate of group 0 to 1.0000e-01.
Epoch: 24, Train loss: 0.7992071922683716, Validation loss: 1.054806584739685, Validation accuracy: 0.6518
Adjusting learning rate of group 0 to 1.0000e-01.
Epoch: 25, Train loss: 0.7796046278762817, Validation loss: 1.1660949281692505, Validation accuracy: 0.7083
Adjusting learning rate of group 0 to 1.0000e-01.
Epoch: 26, Train loss: 0.7758987749862671, Validation loss: 1.0190252391815187, Validation accuracy: 0.6394
Adjusting learning rate of group 0 to 1.0000e-01.
Epoch: 27, Train loss: 0.7623312858390808, Validation loss: 0.8779800180435181, Validation accuracy: 0.7449
Adjusting learning rate of group 0 to 1.0000e-01.
Epoch: 28, Train loss: 0.7585576620101929, Validation loss: 1.2003199743270874, Validation accuracy: 0.6905
Adjusting learning rate of group 0 to 1.0000e-01.
Epoch: 29, Train loss: 0.7418962397956849, Validation loss: 0.9627601538658143, Validation accuracy: 0.746
Adjusting learning rate of group 0 to 1.0000e-01.
Epoch: 30, Train loss: 0.7598762177467346, Validation loss: 1.0767844944000244, Validation accuracy: 0.7274
Adjusting learning rate of group 0 to 1.0000e-01.
Epoch: 31, Train loss: 0.7468193397903442, Validation loss: 0.9688598306655883, Validation accuracy: 0.6768
Adjusting learning rate of group 0 to 1.0000e-01.
Epoch: 32, Train loss: 0.7492357161712646, Validation loss: 0.8595365581512451, Validation accuracy: 0.7586
Adjusting learning rate of group 0 to 1.0000e-01.
Epoch: 33, Train loss: 0.7233277888298034, Validation loss: 0.9713832300186157, Validation accuracy: 0.7146
Adjusting learning rate of group 0 to 1.0000e-01.
Epoch: 34, Train loss: 0.7425475557136536, Validation loss: 0.8994399997234345, Validation accuracy: 0.7245
Adjusting learning rate of group 0 to 1.0000e-01.
Epoch: 35, Train loss: 0.7312241131401062, Validation loss: 0.9640769100189209, Validation accuracy: 0.6673
Adjusting learning rate of group 0 to 1.0000e-01.
Epoch: 36, Train loss: 0.7227554348564148, Validation loss: 1.0509214359283447, Validation accuracy: 0.731
Adjusting learning rate of group 0 to 1.0000e-01.
Epoch: 37, Train loss: 0.7182375505638122, Validation loss: 0.964911139678955, Validation accuracy: 0.7607
Adjusting learning rate of group 0 to 1.0000e-01.
Epoch: 38, Train loss: 0.7010540361022949, Validation loss: 0.904992265701294, Validation accuracy: 0.7412
Adjusting learning rate of group 0 to 1.0000e-01.
Epoch: 39, Train loss: 0.7040788709068299, Validation loss: 0.9392416506767273, Validation accuracy: 0.7495
Adjusting learning rate of group 0 to 1.0000e-01.
Epoch: 40, Train loss: 0.7021798753166199, Validation loss: 0.7312431913375854, Validation accuracy: 0.784
Adjusting learning rate of group 0 to 1.0000e-01.
Epoch: 41, Train loss: 0.6975835046005249, Validation loss: 0.8631180263519287, Validation accuracy: 0.7772
Adjusting learning rate of group 0 to 1.0000e-01.
Epoch: 42, Train loss: 0.7092909971237182, Validation loss: 0.9582444790363311, Validation accuracy: 0.7405
Adjusting learning rate of group 0 to 1.0000e-01.
Epoch: 43, Train loss: 0.7129183048439026, Validation loss: 0.9009500942230224, Validation accuracy: 0.7666
Adjusting learning rate of group 0 to 1.0000e-01.
Epoch: 44, Train loss: 0.7103083929634094, Validation loss: 0.9432942471504211, Validation accuracy: 0.7207
Adjusting learning rate of group 0 to 1.0000e-01.
Epoch: 45, Train loss: 0.7026398746109008, Validation loss: 0.7860213510513305, Validation accuracy: 0.755
Adjusting learning rate of group 0 to 1.0000e-01.
Epoch: 46, Train loss: 0.7045338624954224, Validation loss: 0.8429033473014832, Validation accuracy: 0.7602
Adjusting learning rate of group 0 to 1.0000e-01.
Epoch: 47, Train loss: 0.6932781257438659, Validation loss: 0.903078814315796, Validation accuracy: 0.7636
Adjusting learning rate of group 0 to 1.0000e-01.
Epoch: 48, Train loss: 0.7004341450881958, Validation loss: 0.8617516726493836, Validation accuracy: 0.7656
Adjusting learning rate of group 0 to 1.0000e-01.
Epoch: 49, Train loss: 0.6917708288002015, Validation loss: 0.8391293112754822, Validation accuracy: 0.7726
Adjusting learning rate of group 0 to 1.0000e-01.
Epoch: 50, Train loss: 0.6958774866104126, Validation loss: 0.7633451652526856, Validation accuracy: 0.7602
Adjusting learning rate of group 0 to 1.0000e-01.
Epoch: 51, Train loss: 0.67043755777359, Validation loss: 0.7626640119552612, Validation accuracy: 0.7666
Adjusting learning rate of group 0 to 1.0000e-01.
Epoch: 52, Train loss: 0.683120659828186, Validation loss: 0.8258016448974609, Validation accuracy: 0.7759
Adjusting learning rate of group 0 to 1.0000e-01.
Epoch: 53, Train loss: 0.6838571924591065, Validation loss: 1.069931906890869, Validation accuracy: 0.7566
Adjusting learning rate of group 0 to 1.0000e-01.
Epoch: 54, Train loss: 0.6775952974510193, Validation loss: 0.9674629516601563, Validation accuracy: 0.7705
Adjusting learning rate of group 0 to 1.0000e-01.
Epoch: 55, Train loss: 0.6780999818992615, Validation loss: 0.9973735490798951, Validation accuracy: 0.7209
Adjusting learning rate of group 0 to 1.0000e-01.
Epoch: 56, Train loss: 0.6899592883872986, Validation loss: 0.8760708100318909, Validation accuracy: 0.7532
Adjusting learning rate of group 0 to 1.0000e-01.
Epoch: 57, Train loss: 0.6585995962905884, Validation loss: 0.8021206943511963, Validation accuracy: 0.777
Adjusting learning rate of group 0 to 1.0000e-01.
Epoch: 58, Train loss: 0.6590257425308228, Validation loss: 0.75718566904068, Validation accuracy: 0.7732
Adjusting learning rate of group 0 to 1.0000e-01.
Epoch: 59, Train loss: 0.6643157339859008, Validation loss: 0.9167087679862976, Validation accuracy: 0.7618
Adjusting learning rate of group 0 to 1.0000e-01.
Epoch: 60, Train loss: 0.673129822883606, Validation loss: 0.979176806640625, Validation accuracy: 0.7205
Adjusting learning rate of group 0 to 1.0000e-01.
Epoch: 61, Train loss: 0.7016498012542725, Validation loss: 0.793860018825531, Validation accuracy: 0.7746
Adjusting learning rate of group 0 to 1.0000e-01.
Epoch: 62, Train loss: 0.6626758347892762, Validation loss: 0.9923897399902344, Validation accuracy: 0.784
Adjusting learning rate of group 0 to 1.0000e-01.
Epoch: 63, Train loss: 0.660948496055603, Validation loss: 1.0501895755767823, Validation accuracy: 0.7691
Adjusting learning rate of group 0 to 1.0000e-01.
Epoch: 64, Train loss: 0.6785421313858032, Validation loss: 0.7866198965072632, Validation accuracy: 0.7525
Adjusting learning rate of group 0 to 1.0000e-01.
Epoch: 65, Train loss: 0.6725153080558777, Validation loss: 0.7933249967575073, Validation accuracy: 0.7655
Adjusting learning rate of group 0 to 1.0000e-01.
Epoch: 66, Train loss: 0.690812880039215, Validation loss: 0.8980912581443786, Validation accuracy: 0.7784
Adjusting learning rate of group 0 to 1.0000e-01.
Epoch: 67, Train loss: 0.651888409614563, Validation loss: 0.8741141679763794, Validation accuracy: 0.7646
Adjusting learning rate of group 0 to 1.0000e-01.
Epoch: 68, Train loss: 0.6823641577529908, Validation loss: 0.9524335056304931, Validation accuracy: 0.7168
Adjusting learning rate of group 0 to 1.0000e-01.
Epoch: 69, Train loss: 0.6412313759040833, Validation loss: 0.8577150314331055, Validation accuracy: 0.7662
Adjusting learning rate of group 0 to 1.0000e-01.
Epoch: 70, Train loss: 0.6712441720771789, Validation loss: 1.1054178913116455, Validation accuracy: 0.6979
Adjusting learning rate of group 0 to 1.0000e-01.
Epoch: 71, Train loss: 0.6596355173110962, Validation loss: 0.7607312914848328, Validation accuracy: 0.7965
Adjusting learning rate of group 0 to 1.0000e-01.
Epoch: 72, Train loss: 0.6538892443084717, Validation loss: 0.9152930179595947, Validation accuracy: 0.7245
Adjusting learning rate of group 0 to 1.0000e-01.
Epoch: 73, Train loss: 0.6590721721839905, Validation loss: 1.0745067108154296, Validation accuracy: 0.7626
Adjusting learning rate of group 0 to 1.0000e-01.
Epoch: 74, Train loss: 0.6572485238647461, Validation loss: 0.7652728071212769, Validation accuracy: 0.7637
Adjusting learning rate of group 0 to 1.0000e-01.
Epoch: 75, Train loss: 0.6661069439315795, Validation loss: 1.025739556121826, Validation accuracy: 0.6394
Adjusting learning rate of group 0 to 1.0000e-01.
Epoch: 76, Train loss: 0.6481317195701599, Validation loss: 1.1597310556411744, Validation accuracy: 0.7666
Adjusting learning rate of group 0 to 1.0000e-01.
Epoch: 77, Train loss: 0.6570854819107056, Validation loss: 0.8056708791732788, Validation accuracy: 0.7606
Adjusting learning rate of group 0 to 1.0000e-01.
Epoch: 78, Train loss: 0.6545030994033814, Validation loss: 1.0203523147583007, Validation accuracy: 0.737
Adjusting learning rate of group 0 to 1.0000e-01.
Epoch: 79, Train loss: 0.6525477468109131, Validation loss: 0.786412631034851, Validation accuracy: 0.7863
Adjusting learning rate of group 0 to 1.0000e-01.
Epoch: 80, Train loss: 0.6336024999046326, Validation loss: 0.775096409034729, Validation accuracy: 0.774
Adjusting learning rate of group 0 to 1.0000e-01.
Epoch: 81, Train loss: 0.6545994759559631, Validation loss: 0.7667031527519226, Validation accuracy: 0.7552
Adjusting learning rate of group 0 to 1.0000e-01.
Epoch: 82, Train loss: 0.6818267631912232, Validation loss: 0.8619512090682984, Validation accuracy: 0.7356
Adjusting learning rate of group 0 to 1.0000e-01.
Epoch: 83, Train loss: 0.6570020765113831, Validation loss: 0.9926456567764282, Validation accuracy: 0.7367
Adjusting learning rate of group 0 to 1.0000e-01.
Epoch: 84, Train loss: 0.6433796636581421, Validation loss: 0.8649864384651184, Validation accuracy: 0.7613
Adjusting learning rate of group 0 to 1.0000e-01.
Epoch: 85, Train loss: 0.6426514793205261, Validation loss: 0.9093256087303162, Validation accuracy: 0.7715
Adjusting learning rate of group 0 to 1.0000e-01.
Epoch: 86, Train loss: 0.6443885300445557, Validation loss: 0.7897957363128663, Validation accuracy: 0.7685
Adjusting learning rate of group 0 to 1.0000e-01.
Epoch: 87, Train loss: 0.6600177030372619, Validation loss: 0.7915259747505188, Validation accuracy: 0.7611
Adjusting learning rate of group 0 to 1.0000e-01.
Epoch: 88, Train loss: 0.6320736037254333, Validation loss: 0.7605398439407348, Validation accuracy: 0.7932
Adjusting learning rate of group 0 to 1.0000e-01.
Epoch: 89, Train loss: 0.675938914012909, Validation loss: 0.8401368939399719, Validation accuracy: 0.7516
Adjusting learning rate of group 0 to 1.0000e-01.
Epoch: 90, Train loss: 0.6389420488357543, Validation loss: 0.7477578357696533, Validation accuracy: 0.7951
Adjusting learning rate of group 0 to 1.0000e-01.
Epoch: 91, Train loss: 0.6376696228885651, Validation loss: 1.0931821514129638, Validation accuracy: 0.7667
Adjusting learning rate of group 0 to 1.0000e-01.
Epoch: 92, Train loss: 0.6326976579856872, Validation loss: 0.802858484172821, Validation accuracy: 0.7839
Adjusting learning rate of group 0 to 1.0000e-01.
Epoch: 93, Train loss: 0.6536878999328614, Validation loss: 0.9405459014892578, Validation accuracy: 0.7543
Adjusting learning rate of group 0 to 1.0000e-01.
Epoch: 94, Train loss: 0.6407509847068786, Validation loss: 0.9398999977111816, Validation accuracy: 0.7765
Adjusting learning rate of group 0 to 1.0000e-01.
Epoch: 95, Train loss: 0.6261332487487793, Validation loss: 0.839358998966217, Validation accuracy: 0.7883
Adjusting learning rate of group 0 to 1.0000e-01.
Epoch: 96, Train loss: 0.6135784447860718, Validation loss: 1.1531608715057373, Validation accuracy: 0.7369
Adjusting learning rate of group 0 to 1.0000e-01.
Epoch: 97, Train loss: 0.6595278884029389, Validation loss: 0.8464723892211914, Validation accuracy: 0.7523
Adjusting learning rate of group 0 to 1.0000e-01.
Epoch: 98, Train loss: 0.6167124187850952, Validation loss: 0.9123227592468262, Validation accuracy: 0.7338
Adjusting learning rate of group 0 to 1.0000e-01.
Epoch: 99, Train loss: 0.6517765507125854, Validation loss: 1.0503176895141602, Validation accuracy: 0.7737
Adjusting learning rate of group 0 to 1.0000e-02.
Epoch: 100, Train loss: 0.6399847821044922, Validation loss: 0.7941426383972168, Validation accuracy: 0.7942
Adjusting learning rate of group 0 to 1.0000e-02.
Epoch: 101, Train loss: 0.43293001705169676, Validation loss: 0.517390114402771, Validation accuracy: 0.8642
Adjusting learning rate of group 0 to 1.0000e-02.
Epoch: 102, Train loss: 0.36893853233337404, Validation loss: 0.492430685043335, Validation accuracy: 0.8703
Adjusting learning rate of group 0 to 1.0000e-02.
Epoch: 103, Train loss: 0.3368856672143936, Validation loss: 0.5023931599617004, Validation accuracy: 0.875
Adjusting learning rate of group 0 to 1.0000e-02.
Epoch: 104, Train loss: 0.32087194858551027, Validation loss: 0.48592213172912596, Validation accuracy: 0.8781
Adjusting learning rate of group 0 to 1.0000e-02.
Epoch: 105, Train loss: 0.3021283673095703, Validation loss: 0.4935588490486145, Validation accuracy: 0.8786
Adjusting learning rate of group 0 to 1.0000e-02.
Epoch: 106, Train loss: 0.2998985531425476, Validation loss: 0.4862101615905762, Validation accuracy: 0.8812
Adjusting learning rate of group 0 to 1.0000e-02.
Epoch: 107, Train loss: 0.28295327472686765, Validation loss: 0.5154878482818603, Validation accuracy: 0.8799
Adjusting learning rate of group 0 to 1.0000e-02.
Epoch: 108, Train loss: 0.28140010039329527, Validation loss: 0.4754755924224853, Validation accuracy: 0.8827
Adjusting learning rate of group 0 to 1.0000e-02.
Epoch: 109, Train loss: 0.2668454262542725, Validation loss: 0.48673462524414063, Validation accuracy: 0.8807
Adjusting learning rate of group 0 to 1.0000e-02.
Epoch: 110, Train loss: 0.26270277003288267, Validation loss: 0.4924961178779602, Validation accuracy: 0.8812
Adjusting learning rate of group 0 to 1.0000e-02.
Epoch: 111, Train loss: 0.254873093585968, Validation loss: 0.48532915163040163, Validation accuracy: 0.8867
Adjusting learning rate of group 0 to 1.0000e-02.
Epoch: 112, Train loss: 0.2497776705646515, Validation loss: 0.4818515965461731, Validation accuracy: 0.8855
Adjusting learning rate of group 0 to 1.0000e-02.
Epoch: 113, Train loss: 0.2508063025665283, Validation loss: 0.5017994260787964, Validation accuracy: 0.8874
Adjusting learning rate of group 0 to 1.0000e-02.
Epoch: 114, Train loss: 0.241084174823761, Validation loss: 0.49282234706878664, Validation accuracy: 0.884
Adjusting learning rate of group 0 to 1.0000e-02.
Epoch: 115, Train loss: 0.23274513681411743, Validation loss: 0.5078601862907409, Validation accuracy: 0.8884
Adjusting learning rate of group 0 to 1.0000e-02.
Epoch: 116, Train loss: 0.22669259011268617, Validation loss: 0.5011740867614746, Validation accuracy: 0.8888
Adjusting learning rate of group 0 to 1.0000e-02.
Epoch: 117, Train loss: 0.22550843017578126, Validation loss: 0.5177591020584107, Validation accuracy: 0.8899
Adjusting learning rate of group 0 to 1.0000e-02.
Epoch: 118, Train loss: 0.21935689941883088, Validation loss: 0.5303807745933533, Validation accuracy: 0.8916
Adjusting learning rate of group 0 to 1.0000e-02.
Epoch: 119, Train loss: 0.21910950765132903, Validation loss: 0.5305317907333374, Validation accuracy: 0.8884
Adjusting learning rate of group 0 to 1.0000e-02.
Epoch: 120, Train loss: 0.22301135058403015, Validation loss: 0.5195252250671387, Validation accuracy: 0.8911
Adjusting learning rate of group 0 to 1.0000e-02.
Epoch: 121, Train loss: 0.21291826228141786, Validation loss: 0.49542862310409547, Validation accuracy: 0.8902
Adjusting learning rate of group 0 to 1.0000e-02.
Epoch: 122, Train loss: 0.20604995992183686, Validation loss: 0.5348750240325928, Validation accuracy: 0.8859
Adjusting learning rate of group 0 to 1.0000e-02.
Epoch: 123, Train loss: 0.19977100812911988, Validation loss: 0.5525494323730469, Validation accuracy: 0.8903
Adjusting learning rate of group 0 to 1.0000e-02.
Epoch: 124, Train loss: 0.20260495527267455, Validation loss: 0.5401824146270752, Validation accuracy: 0.8935
Adjusting learning rate of group 0 to 1.0000e-02.
Epoch: 125, Train loss: 0.1996157079219818, Validation loss: 0.5726589294433594, Validation accuracy: 0.891
Adjusting learning rate of group 0 to 1.0000e-02.
Epoch: 126, Train loss: 0.19247015236139298, Validation loss: 0.5491641843795776, Validation accuracy: 0.8898
Adjusting learning rate of group 0 to 1.0000e-02.
Epoch: 127, Train loss: 0.200716549243927, Validation loss: 0.5637216701507568, Validation accuracy: 0.8914
Adjusting learning rate of group 0 to 1.0000e-02.
Epoch: 128, Train loss: 0.18721892955780028, Validation loss: 0.5795264640808105, Validation accuracy: 0.8941
Adjusting learning rate of group 0 to 1.0000e-02.
Epoch: 129, Train loss: 0.19433111255168914, Validation loss: 0.5580693477630615, Validation accuracy: 0.8882
Adjusting learning rate of group 0 to 1.0000e-02.
Epoch: 130, Train loss: 0.19101711291313173, Validation loss: 0.5540398820877075, Validation accuracy: 0.8904
Adjusting learning rate of group 0 to 1.0000e-02.
Epoch: 131, Train loss: 0.18640464606285095, Validation loss: 0.5447323450088501, Validation accuracy: 0.8895
Adjusting learning rate of group 0 to 1.0000e-02.
Epoch: 132, Train loss: 0.18863039869785309, Validation loss: 0.5615494012832641, Validation accuracy: 0.8907
Adjusting learning rate of group 0 to 1.0000e-02.
Epoch: 133, Train loss: 0.1929119642686844, Validation loss: 0.5607494800567627, Validation accuracy: 0.8926
Adjusting learning rate of group 0 to 1.0000e-02.
Epoch: 134, Train loss: 0.1872870934700966, Validation loss: 0.5143201822280884, Validation accuracy: 0.8907
Adjusting learning rate of group 0 to 1.0000e-02.
Epoch: 135, Train loss: 0.18469119234323503, Validation loss: 0.5383886891365052, Validation accuracy: 0.89
Adjusting learning rate of group 0 to 1.0000e-02.
Epoch: 136, Train loss: 0.17676674286842345, Validation loss: 0.5873125717163086, Validation accuracy: 0.8916
Adjusting learning rate of group 0 to 1.0000e-02.
Epoch: 137, Train loss: 0.17973184337615966, Validation loss: 0.5474724897384644, Validation accuracy: 0.893
Adjusting learning rate of group 0 to 1.0000e-02.
Epoch: 138, Train loss: 0.18125762287139893, Validation loss: 0.541924500656128, Validation accuracy: 0.8911
Adjusting learning rate of group 0 to 1.0000e-02.
Epoch: 139, Train loss: 0.18120484166145326, Validation loss: 0.5613725391387939, Validation accuracy: 0.8883
Adjusting learning rate of group 0 to 1.0000e-02.
Epoch: 140, Train loss: 0.17012144943237303, Validation loss: 0.6275046448707581, Validation accuracy: 0.8868
Adjusting learning rate of group 0 to 1.0000e-02.
Epoch: 141, Train loss: 0.17235780307054518, Validation loss: 0.5634005828857422, Validation accuracy: 0.8898
Adjusting learning rate of group 0 to 1.0000e-02.
Epoch: 142, Train loss: 0.1680518842792511, Validation loss: 0.6269149770736694, Validation accuracy: 0.892
Adjusting learning rate of group 0 to 1.0000e-02.
Epoch: 143, Train loss: 0.16401001733899118, Validation loss: 0.5737344110488891, Validation accuracy: 0.8938
Adjusting learning rate of group 0 to 1.0000e-02.
Epoch: 144, Train loss: 0.17250844273090363, Validation loss: 0.5645422807693481, Validation accuracy: 0.8922
Adjusting learning rate of group 0 to 1.0000e-02.
Epoch: 145, Train loss: 0.1729346748638153, Validation loss: 0.7223174404144287, Validation accuracy: 0.8845
Adjusting learning rate of group 0 to 1.0000e-02.
Epoch: 146, Train loss: 0.17942053544044495, Validation loss: 0.5811653952598572, Validation accuracy: 0.889
Adjusting learning rate of group 0 to 1.0000e-02.
Epoch: 147, Train loss: 0.17537988547801972, Validation loss: 0.5891136690139771, Validation accuracy: 0.8914
Adjusting learning rate of group 0 to 1.0000e-02.
Epoch: 148, Train loss: 0.1702412125492096, Validation loss: 0.5684322229385376, Validation accuracy: 0.8908
Adjusting learning rate of group 0 to 1.0000e-02.
Epoch: 149, Train loss: 0.16761715374827385, Validation loss: 0.6156254806518555, Validation accuracy: 0.8948
Adjusting learning rate of group 0 to 1.0000e-03.
Epoch: 150, Train loss: 0.1571048270225525, Validation loss: 0.6245316383361816, Validation accuracy: 0.889
Adjusting learning rate of group 0 to 1.0000e-03.
Epoch: 151, Train loss: 0.13329386957883835, Validation loss: 0.5679546474456787, Validation accuracy: 0.8999
Adjusting learning rate of group 0 to 1.0000e-03.
Epoch: 152, Train loss: 0.11976427720546723, Validation loss: 0.5672925163269043, Validation accuracy: 0.9006
Adjusting learning rate of group 0 to 1.0000e-03.
Epoch: 153, Train loss: 0.11008048593997956, Validation loss: 0.5882452140808105, Validation accuracy: 0.8997
Adjusting learning rate of group 0 to 1.0000e-03.
Epoch: 154, Train loss: 0.10552894081115723, Validation loss: 0.6062635959625244, Validation accuracy: 0.8993
Adjusting learning rate of group 0 to 1.0000e-03.
Epoch: 155, Train loss: 0.10143666751384735, Validation loss: 0.6298541131973266, Validation accuracy: 0.9004
Adjusting learning rate of group 0 to 1.0000e-03.
Epoch: 156, Train loss: 0.09789059078216553, Validation loss: 0.6271611251831055, Validation accuracy: 0.9021
Adjusting learning rate of group 0 to 1.0000e-03.
Epoch: 157, Train loss: 0.09573859053134919, Validation loss: 0.6467520818710327, Validation accuracy: 0.9033
Adjusting learning rate of group 0 to 1.0000e-03.
Epoch: 158, Train loss: 0.09290920480251312, Validation loss: 0.6292019904136658, Validation accuracy: 0.9029
Adjusting learning rate of group 0 to 1.0000e-03.
Epoch: 159, Train loss: 0.09600779402256011, Validation loss: 0.6297425863265991, Validation accuracy: 0.9026
Adjusting learning rate of group 0 to 1.0000e-03.
Epoch: 160, Train loss: 0.09048386604070663, Validation loss: 0.6471054862976074, Validation accuracy: 0.9024
Adjusting learning rate of group 0 to 1.0000e-03.
Epoch: 161, Train loss: 0.08885532948732376, Validation loss: 0.6563720846176148, Validation accuracy: 0.903
Adjusting learning rate of group 0 to 1.0000e-03.
Epoch: 162, Train loss: 0.085957018866539, Validation loss: 0.6494496793746948, Validation accuracy: 0.9042
Adjusting learning rate of group 0 to 1.0000e-03.
Epoch: 163, Train loss: 0.08807321062326431, Validation loss: 0.6620980529785156, Validation accuracy: 0.9038
Adjusting learning rate of group 0 to 1.0000e-03.
Epoch: 164, Train loss: 0.085541823554039, Validation loss: 0.6660966983795166, Validation accuracy: 0.9038
Adjusting learning rate of group 0 to 1.0000e-03.
Epoch: 165, Train loss: 0.08369820369720458, Validation loss: 0.6640417604446411, Validation accuracy: 0.9033
Adjusting learning rate of group 0 to 1.0000e-03.
Epoch: 166, Train loss: 0.08112680158615113, Validation loss: 0.6914871852874755, Validation accuracy: 0.9041
Adjusting learning rate of group 0 to 1.0000e-03.
Epoch: 167, Train loss: 0.08305335951209068, Validation loss: 0.6721949234008789, Validation accuracy: 0.9035
Adjusting learning rate of group 0 to 1.0000e-03.
Epoch: 168, Train loss: 0.08039521817207336, Validation loss: 0.6578410774230957, Validation accuracy: 0.9038
Adjusting learning rate of group 0 to 1.0000e-03.
Epoch: 169, Train loss: 0.08305863179683685, Validation loss: 0.702416453742981, Validation accuracy: 0.9043
Adjusting learning rate of group 0 to 1.0000e-03.
Epoch: 170, Train loss: 0.08040835377335548, Validation loss: 0.6696592514038086, Validation accuracy: 0.9044
Adjusting learning rate of group 0 to 1.0000e-03.
Epoch: 171, Train loss: 0.07780651912927627, Validation loss: 0.684602064704895, Validation accuracy: 0.905
Adjusting learning rate of group 0 to 1.0000e-03.
Epoch: 172, Train loss: 0.07602100179910659, Validation loss: 0.7003361600875855, Validation accuracy: 0.9051
Adjusting learning rate of group 0 to 1.0000e-03.
Epoch: 173, Train loss: 0.07751299858808518, Validation loss: 0.7044793544769287, Validation accuracy: 0.9049
Adjusting learning rate of group 0 to 1.0000e-03.
Epoch: 174, Train loss: 0.07557218454360962, Validation loss: 0.7279272554397583, Validation accuracy: 0.9044
Adjusting learning rate of group 0 to 1.0000e-03.
Epoch: 175, Train loss: 0.07654531978726387, Validation loss: 0.7087717506408692, Validation accuracy: 0.9047
Adjusting learning rate of group 0 to 1.0000e-03.
Epoch: 176, Train loss: 0.0741660416650772, Validation loss: 0.7289755367279053, Validation accuracy: 0.9052
Adjusting learning rate of group 0 to 1.0000e-03.
Epoch: 177, Train loss: 0.07350706664443016, Validation loss: 0.7338138061523437, Validation accuracy: 0.9053
Adjusting learning rate of group 0 to 1.0000e-03.
Epoch: 178, Train loss: 0.07328675738573075, Validation loss: 0.7223655208587646, Validation accuracy: 0.9069
Adjusting learning rate of group 0 to 1.0000e-03.
Epoch: 179, Train loss: 0.07235098838925362, Validation loss: 0.7157935777664185, Validation accuracy: 0.906
Adjusting learning rate of group 0 to 1.0000e-03.
Epoch: 180, Train loss: 0.07041076358556747, Validation loss: 0.7065784206390381, Validation accuracy: 0.9071
Adjusting learning rate of group 0 to 1.0000e-03.
Epoch: 181, Train loss: 0.06952369206428528, Validation loss: 0.7341803789138794, Validation accuracy: 0.9056
Adjusting learning rate of group 0 to 1.0000e-03.
Epoch: 182, Train loss: 0.07036631116509437, Validation loss: 0.7123396278381348, Validation accuracy: 0.9051
Adjusting learning rate of group 0 to 1.0000e-03.
Epoch: 183, Train loss: 0.06997121764540672, Validation loss: 0.7277031343460083, Validation accuracy: 0.9057
Adjusting learning rate of group 0 to 1.0000e-03.
Epoch: 184, Train loss: 0.06857169720172882, Validation loss: 0.7227017911911011, Validation accuracy: 0.9074
Adjusting learning rate of group 0 to 1.0000e-03.
Epoch: 185, Train loss: 0.06757503337621688, Validation loss: 0.7538450380325318, Validation accuracy: 0.9057
Adjusting learning rate of group 0 to 1.0000e-03.
Epoch: 186, Train loss: 0.06861310091018677, Validation loss: 0.7416958295822144, Validation accuracy: 0.9073
Adjusting learning rate of group 0 to 1.0000e-03.
Epoch: 187, Train loss: 0.06713112624287605, Validation loss: 0.7523735599517822, Validation accuracy: 0.9068
Adjusting learning rate of group 0 to 1.0000e-03.
Epoch: 188, Train loss: 0.06536750064134597, Validation loss: 0.7382831489562989, Validation accuracy: 0.9067
Adjusting learning rate of group 0 to 1.0000e-03.
Epoch: 189, Train loss: 0.06582736884593964, Validation loss: 0.7570629852294922, Validation accuracy: 0.9051
Adjusting learning rate of group 0 to 1.0000e-03.
Epoch: 190, Train loss: 0.06490921623468399, Validation loss: 0.7531650478363037, Validation accuracy: 0.9061
Adjusting learning rate of group 0 to 1.0000e-03.
Epoch: 191, Train loss: 0.06361075877547265, Validation loss: 0.7725701374053955, Validation accuracy: 0.9049
Adjusting learning rate of group 0 to 1.0000e-03.
Epoch: 192, Train loss: 0.06466270688891411, Validation loss: 0.7695389402389526, Validation accuracy: 0.907
Adjusting learning rate of group 0 to 1.0000e-03.
Epoch: 193, Train loss: 0.0636070123744011, Validation loss: 0.755784238243103, Validation accuracy: 0.9069
Adjusting learning rate of group 0 to 1.0000e-03.
Epoch: 194, Train loss: 0.06469391389489174, Validation loss: 0.7587297121047973, Validation accuracy: 0.9068
Adjusting learning rate of group 0 to 1.0000e-03.
Epoch: 195, Train loss: 0.06352705740451813, Validation loss: 0.7723570732116699, Validation accuracy: 0.9065
Adjusting learning rate of group 0 to 1.0000e-03.
Epoch: 196, Train loss: 0.06380331969022751, Validation loss: 0.779844711112976, Validation accuracy: 0.9068
Adjusting learning rate of group 0 to 1.0000e-03.
Epoch: 197, Train loss: 0.06290220485806465, Validation loss: 0.797709433555603, Validation accuracy: 0.9043
Adjusting learning rate of group 0 to 1.0000e-03.
Epoch: 198, Train loss: 0.06194084986448288, Validation loss: 0.7792928503036499, Validation accuracy: 0.9062
Adjusting learning rate of group 0 to 1.0000e-03.
Epoch: 199, Train loss: 0.06290826557159424, Validation loss: 0.7725547002792359, Validation accuracy: 0.9043
Accuracy: 0.9043, Parameters: 478
