['ResNet-Greedy-TN.py', '--network', 'resnet', '--classifier', 'full', '--tensorization', '2', '2', '2', '2', '2', '2', '2', '2', '2', '2', '2', '2', '--seed', '4', '--device', 'cuda:1', '--full_train', '8', '--edge_train', '1', '--slice_gain', '0.000000001', '--iterations', '40', '--pretrained_filename', 'resnet-full.2']
Initializing dataloader
Files already downloaded and verified
Files already downloaded and verified
Dataloader has initialized
Initializing model
Model initialized
factor_0 (2, 1, 1, 1, 1, 1, 1, 1, 1, 1, 1, 1, 1)
factor_1 (1, 2, 1, 1, 1, 1, 1, 1, 1, 1, 1, 1, 1)
factor_2 (1, 1, 2, 1, 1, 1, 1, 1, 1, 1, 1, 1, 1)
factor_3 (1, 1, 1, 2, 1, 1, 1, 1, 1, 1, 1, 1, 1)
factor_4 (1, 1, 1, 1, 2, 1, 1, 1, 1, 1, 1, 1, 1)
factor_5 (1, 1, 1, 1, 1, 2, 1, 1, 1, 1, 1, 1, 1)
factor_6 (1, 1, 1, 1, 1, 1, 2, 1, 1, 1, 1, 1, 1)
factor_7 (1, 1, 1, 1, 1, 1, 1, 2, 1, 1, 1, 1, 1)
factor_8 (1, 1, 1, 1, 1, 1, 1, 1, 2, 1, 1, 1, 1)
factor_9 (1, 1, 1, 1, 1, 1, 1, 1, 1, 2, 1, 1, 1)
factor_10 (1, 1, 1, 1, 1, 1, 1, 1, 1, 1, 2, 1, 1)
factor_11 (1, 1, 1, 1, 1, 1, 1, 1, 1, 1, 1, 2, 1)
factor_12 (1, 1, 1, 1, 1, 1, 1, 1, 1, 1, 1, 1, 10)
Testing model
Tests passed
Warm up model
Adjusting learning rate of group 0 to 1.0000e-02.
Adjusting learning rate of group 0 to 2.0000e-02.
Epoch: 0, Train loss: 2.302848430328369, Validation loss: 2.3025801067352294, Validation accuracy: 0.1028
Adjusting learning rate of group 0 to 3.0000e-02.
Epoch: 1, Train loss: 2.204496625061035, Validation loss: 1.784708537864685, Validation accuracy: 0.2675
Adjusting learning rate of group 0 to 4.0000e-02.
Epoch: 2, Train loss: 1.672703089942932, Validation loss: 1.6918203155517577, Validation accuracy: 0.3244
Adjusting learning rate of group 0 to 5.0000e-02.
Epoch: 3, Train loss: 1.6369712393188476, Validation loss: 1.6832113088607787, Validation accuracy: 0.332
Adjusting learning rate of group 0 to 6.0000e-02.
Epoch: 4, Train loss: 1.6220881761550903, Validation loss: 1.5910165174484252, Validation accuracy: 0.3333
Adjusting learning rate of group 0 to 7.0000e-02.
Epoch: 5, Train loss: 1.532632053756714, Validation loss: 1.5166321044921875, Validation accuracy: 0.3718
Adjusting learning rate of group 0 to 8.0000e-02.
Epoch: 6, Train loss: 1.543799479675293, Validation loss: 1.7526795921325684, Validation accuracy: 0.3146
Adjusting learning rate of group 0 to 9.0000e-02.
Epoch: 7, Train loss: 1.5742825269699097, Validation loss: 1.5956848602294922, Validation accuracy: 0.3316
Adjusting learning rate of group 0 to 1.0000e-01.
Epoch: 8, Train loss: 1.574158095779419, Validation loss: 1.571521089553833, Validation accuracy: 0.3443
Adjusting learning rate of group 0 to 1.0000e-01.
Epoch: 9, Train loss: 1.5990605679321288, Validation loss: 1.5400365251541137, Validation accuracy: 0.3563
Stop warm up model
Choosign ranks
Train full model
factor_0 (2, 1, 1, 1, 1, 1, 1, 1, 1, 1, 1, 1, 1)
factor_1 (1, 2, 1, 1, 1, 1, 1, 1, 1, 1, 1, 1, 1)
factor_2 (1, 1, 2, 1, 1, 1, 1, 1, 1, 1, 1, 1, 1)
factor_3 (1, 1, 1, 2, 1, 1, 1, 1, 1, 1, 1, 1, 1)
factor_4 (1, 1, 1, 1, 2, 1, 1, 1, 1, 1, 1, 1, 1)
factor_5 (1, 1, 1, 1, 1, 2, 1, 1, 1, 1, 1, 1, 1)
factor_6 (1, 1, 1, 1, 1, 1, 2, 1, 1, 1, 1, 1, 1)
factor_7 (1, 1, 1, 1, 1, 1, 1, 2, 1, 1, 1, 1, 1)
factor_8 (1, 1, 1, 1, 1, 1, 1, 1, 2, 1, 1, 1, 1)
factor_9 (1, 1, 1, 1, 1, 1, 1, 1, 1, 2, 1, 1, 1)
factor_10 (1, 1, 1, 1, 1, 1, 1, 1, 1, 1, 2, 1, 1)
factor_11 (1, 1, 1, 1, 1, 1, 1, 1, 1, 1, 1, 2, 1)
factor_12 (1, 1, 1, 1, 1, 1, 1, 1, 1, 1, 1, 1, 10)
Epoch: 0, Train loss: 1.5604105865859985, Validation loss: 1.6539993925094605, Validation accuracy: 0.3465
Epoch: 1, Train loss: 2.1959110509490967, Validation loss: 2.304089581298828, Validation accuracy: 0.1
Epoch: 2, Train loss: 2.304316259994507, Validation loss: 2.3054045040130617, Validation accuracy: 0.1
Epoch: 3, Train loss: 2.3042599940490724, Validation loss: 2.304640521621704, Validation accuracy: 0.1
Epoch: 4, Train loss: 2.3043053199768067, Validation loss: 2.303394076538086, Validation accuracy: 0.1
Epoch: 5, Train loss: 2.3044820949554445, Validation loss: 2.3036761157989503, Validation accuracy: 0.1
Epoch: 6, Train loss: 2.304438787841797, Validation loss: 2.305241321182251, Validation accuracy: 0.1
Epoch: 7, Train loss: 2.3047545588684084, Validation loss: 2.3032912033081057, Validation accuracy: 0.1
Train edge rank_75
factor_0 (2, 1, 1, 1, 1, 1, 1, 1, 1, 1, 1, 1, 1)
factor_1 (1, 2, 1, 1, 1, 1, 1, 1, 1, 1, 1, 1, 1)
factor_2 (1, 1, 2, 1, 1, 1, 1, 1, 1, 1, 1, 1, 1)
factor_3 (1, 1, 1, 2, 1, 1, 1, 1, 1, 1, 1, 1, 1)
factor_4 (1, 1, 1, 1, 2, 1, 1, 1, 1, 1, 1, 1, 1)
factor_5 (1, 1, 1, 1, 1, 2, 1, 2, 1, 1, 1, 1, 1)
factor_6 (1, 1, 1, 1, 1, 1, 2, 1, 1, 1, 1, 1, 1)
factor_7 (1, 1, 1, 1, 1, 2, 1, 2, 1, 1, 1, 1, 1)
factor_8 (1, 1, 1, 1, 1, 1, 1, 1, 2, 1, 1, 1, 1)
factor_9 (1, 1, 1, 1, 1, 1, 1, 1, 1, 2, 1, 1, 1)
factor_10 (1, 1, 1, 1, 1, 1, 1, 1, 1, 1, 2, 1, 1)
factor_11 (1, 1, 1, 1, 1, 1, 1, 1, 1, 1, 1, 2, 1)
factor_12 (1, 1, 1, 1, 1, 1, 1, 1, 1, 1, 1, 1, 10)
Before train edge
Epoch: 0, Train loss: 2.303291206741333, Validation loss: 2.3032912033081057, Validation accuracy: 0.1
After training edge
Train edge rank_64
factor_0 (2, 1, 1, 1, 1, 1, 1, 1, 1, 1, 1, 1, 1)
factor_1 (1, 2, 1, 1, 1, 1, 1, 1, 1, 1, 1, 1, 1)
factor_2 (1, 1, 2, 1, 1, 1, 1, 1, 1, 1, 1, 1, 1)
factor_3 (1, 1, 1, 2, 1, 1, 1, 1, 1, 1, 1, 1, 1)
factor_4 (1, 1, 1, 1, 2, 1, 2, 1, 1, 1, 1, 1, 1)
factor_5 (1, 1, 1, 1, 1, 2, 1, 1, 1, 1, 1, 1, 1)
factor_6 (1, 1, 1, 1, 2, 1, 2, 1, 1, 1, 1, 1, 1)
factor_7 (1, 1, 1, 1, 1, 1, 1, 2, 1, 1, 1, 1, 1)
factor_8 (1, 1, 1, 1, 1, 1, 1, 1, 2, 1, 1, 1, 1)
factor_9 (1, 1, 1, 1, 1, 1, 1, 1, 1, 2, 1, 1, 1)
factor_10 (1, 1, 1, 1, 1, 1, 1, 1, 1, 1, 2, 1, 1)
factor_11 (1, 1, 1, 1, 1, 1, 1, 1, 1, 1, 1, 2, 1)
factor_12 (1, 1, 1, 1, 1, 1, 1, 1, 1, 1, 1, 1, 10)
Before train edge
Epoch: 0, Train loss: 2.3032912061309814, Validation loss: 2.3032912033081057, Validation accuracy: 0.1
After training edge
Train edge rank_1211
factor_0 (2, 1, 1, 1, 1, 1, 1, 1, 1, 1, 1, 1, 1)
factor_1 (1, 2, 1, 1, 1, 1, 1, 1, 1, 1, 1, 1, 1)
factor_2 (1, 1, 2, 1, 1, 1, 1, 1, 1, 1, 1, 1, 1)
factor_3 (1, 1, 1, 2, 1, 1, 1, 1, 1, 1, 1, 1, 1)
factor_4 (1, 1, 1, 1, 2, 1, 1, 1, 1, 1, 1, 1, 1)
factor_5 (1, 1, 1, 1, 1, 2, 1, 1, 1, 1, 1, 1, 1)
factor_6 (1, 1, 1, 1, 1, 1, 2, 1, 1, 1, 1, 1, 1)
factor_7 (1, 1, 1, 1, 1, 1, 1, 2, 1, 1, 1, 1, 1)
factor_8 (1, 1, 1, 1, 1, 1, 1, 1, 2, 1, 1, 1, 1)
factor_9 (1, 1, 1, 1, 1, 1, 1, 1, 1, 2, 1, 1, 1)
factor_10 (1, 1, 1, 1, 1, 1, 1, 1, 1, 1, 2, 1, 1)
factor_11 (1, 1, 1, 1, 1, 1, 1, 1, 1, 1, 1, 2, 2)
factor_12 (1, 1, 1, 1, 1, 1, 1, 1, 1, 1, 1, 2, 10)
Before train edge
Epoch: 0, Train loss: 2.303291206741333, Validation loss: 2.3032912033081057, Validation accuracy: 0.1
After training edge
Train edge rank_30
factor_0 (2, 1, 1, 2, 1, 1, 1, 1, 1, 1, 1, 1, 1)
factor_1 (1, 2, 1, 1, 1, 1, 1, 1, 1, 1, 1, 1, 1)
factor_2 (1, 1, 2, 1, 1, 1, 1, 1, 1, 1, 1, 1, 1)
factor_3 (2, 1, 1, 2, 1, 1, 1, 1, 1, 1, 1, 1, 1)
factor_4 (1, 1, 1, 1, 2, 1, 1, 1, 1, 1, 1, 1, 1)
factor_5 (1, 1, 1, 1, 1, 2, 1, 1, 1, 1, 1, 1, 1)
factor_6 (1, 1, 1, 1, 1, 1, 2, 1, 1, 1, 1, 1, 1)
factor_7 (1, 1, 1, 1, 1, 1, 1, 2, 1, 1, 1, 1, 1)
factor_8 (1, 1, 1, 1, 1, 1, 1, 1, 2, 1, 1, 1, 1)
factor_9 (1, 1, 1, 1, 1, 1, 1, 1, 1, 2, 1, 1, 1)
factor_10 (1, 1, 1, 1, 1, 1, 1, 1, 1, 1, 2, 1, 1)
factor_11 (1, 1, 1, 1, 1, 1, 1, 1, 1, 1, 1, 2, 1)
factor_12 (1, 1, 1, 1, 1, 1, 1, 1, 1, 1, 1, 1, 10)
Before train edge
Epoch: 0, Train loss: 2.3032912030792234, Validation loss: 2.3032912033081057, Validation accuracy: 0.1
After training edge
Train edge rank_43
factor_0 (2, 1, 1, 1, 1, 1, 1, 1, 1, 1, 1, 1, 1)
factor_1 (1, 2, 1, 1, 1, 1, 1, 1, 1, 1, 1, 1, 1)
factor_2 (1, 1, 2, 1, 1, 1, 1, 1, 1, 1, 1, 1, 1)
factor_3 (1, 1, 1, 2, 2, 1, 1, 1, 1, 1, 1, 1, 1)
factor_4 (1, 1, 1, 2, 2, 1, 1, 1, 1, 1, 1, 1, 1)
factor_5 (1, 1, 1, 1, 1, 2, 1, 1, 1, 1, 1, 1, 1)
factor_6 (1, 1, 1, 1, 1, 1, 2, 1, 1, 1, 1, 1, 1)
factor_7 (1, 1, 1, 1, 1, 1, 1, 2, 1, 1, 1, 1, 1)
factor_8 (1, 1, 1, 1, 1, 1, 1, 1, 2, 1, 1, 1, 1)
factor_9 (1, 1, 1, 1, 1, 1, 1, 1, 1, 2, 1, 1, 1)
factor_10 (1, 1, 1, 1, 1, 1, 1, 1, 1, 1, 2, 1, 1)
factor_11 (1, 1, 1, 1, 1, 1, 1, 1, 1, 1, 1, 2, 1)
factor_12 (1, 1, 1, 1, 1, 1, 1, 1, 1, 1, 1, 1, 10)
Before train edge
Epoch: 0, Train loss: 2.303291201019287, Validation loss: 2.3032912033081057, Validation accuracy: 0.1
After training edge
Train edge rank_129
factor_0 (2, 1, 1, 1, 1, 1, 1, 1, 1, 1, 1, 1, 1)
factor_1 (1, 2, 1, 1, 1, 1, 1, 1, 1, 1, 1, 1, 1)
factor_2 (1, 1, 2, 1, 1, 1, 1, 1, 1, 1, 1, 1, 1)
factor_3 (1, 1, 1, 2, 1, 1, 1, 1, 1, 1, 1, 1, 1)
factor_4 (1, 1, 1, 1, 2, 1, 1, 1, 1, 1, 1, 1, 1)
factor_5 (1, 1, 1, 1, 1, 2, 1, 1, 1, 1, 1, 1, 1)
factor_6 (1, 1, 1, 1, 1, 1, 2, 1, 1, 1, 1, 1, 1)
factor_7 (1, 1, 1, 1, 1, 1, 1, 2, 1, 1, 1, 1, 1)
factor_8 (1, 1, 1, 1, 1, 1, 1, 1, 2, 1, 1, 1, 1)
factor_9 (1, 1, 1, 1, 1, 1, 1, 1, 1, 2, 1, 1, 2)
factor_10 (1, 1, 1, 1, 1, 1, 1, 1, 1, 1, 2, 1, 1)
factor_11 (1, 1, 1, 1, 1, 1, 1, 1, 1, 1, 1, 2, 1)
factor_12 (1, 1, 1, 1, 1, 1, 1, 1, 1, 2, 1, 1, 10)
Before train edge
Epoch: 0, Train loss: 2.3032911920928956, Validation loss: 2.3032912033081057, Validation accuracy: 0.1
After training edge
Train edge rank_85
factor_0 (2, 1, 1, 1, 1, 1, 1, 1, 1, 1, 1, 1, 1)
factor_1 (1, 2, 1, 1, 1, 1, 1, 1, 1, 1, 1, 1, 1)
factor_2 (1, 1, 2, 1, 1, 1, 1, 1, 1, 1, 1, 1, 1)
factor_3 (1, 1, 1, 2, 1, 1, 1, 1, 1, 1, 1, 1, 1)
factor_4 (1, 1, 1, 1, 2, 1, 1, 1, 1, 1, 1, 1, 1)
factor_5 (1, 1, 1, 1, 1, 2, 1, 1, 2, 1, 1, 1, 1)
factor_6 (1, 1, 1, 1, 1, 1, 2, 1, 1, 1, 1, 1, 1)
factor_7 (1, 1, 1, 1, 1, 1, 1, 2, 1, 1, 1, 1, 1)
factor_8 (1, 1, 1, 1, 1, 2, 1, 1, 2, 1, 1, 1, 1)
factor_9 (1, 1, 1, 1, 1, 1, 1, 1, 1, 2, 1, 1, 1)
factor_10 (1, 1, 1, 1, 1, 1, 1, 1, 1, 1, 2, 1, 1)
factor_11 (1, 1, 1, 1, 1, 1, 1, 1, 1, 1, 1, 2, 1)
factor_12 (1, 1, 1, 1, 1, 1, 1, 1, 1, 1, 1, 1, 10)
Before train edge
Epoch: 0, Train loss: 2.30329120552063, Validation loss: 2.3032912033081057, Validation accuracy: 0.1
After training edge
Train edge rank_114
factor_0 (2, 1, 1, 1, 1, 1, 1, 1, 1, 1, 1, 1, 1)
factor_1 (1, 2, 1, 1, 1, 1, 1, 1, 1, 1, 1, 1, 1)
factor_2 (1, 1, 2, 1, 1, 1, 1, 1, 1, 1, 1, 1, 1)
factor_3 (1, 1, 1, 2, 1, 1, 1, 1, 1, 1, 1, 1, 1)
factor_4 (1, 1, 1, 1, 2, 1, 1, 1, 1, 1, 1, 2, 1)
factor_5 (1, 1, 1, 1, 1, 2, 1, 1, 1, 1, 1, 1, 1)
factor_6 (1, 1, 1, 1, 1, 1, 2, 1, 1, 1, 1, 1, 1)
factor_7 (1, 1, 1, 1, 1, 1, 1, 2, 1, 1, 1, 1, 1)
factor_8 (1, 1, 1, 1, 1, 1, 1, 1, 2, 1, 1, 1, 1)
factor_9 (1, 1, 1, 1, 1, 1, 1, 1, 1, 2, 1, 1, 1)
factor_10 (1, 1, 1, 1, 1, 1, 1, 1, 1, 1, 2, 1, 1)
factor_11 (1, 1, 1, 1, 2, 1, 1, 1, 1, 1, 1, 2, 1)
factor_12 (1, 1, 1, 1, 1, 1, 1, 1, 1, 1, 1, 1, 10)
Before train edge
Epoch: 0, Train loss: 2.3032912104034424, Validation loss: 2.3032912033081057, Validation accuracy: 0.1
After training edge
Train edge rank_81
factor_0 (2, 1, 1, 1, 1, 1, 1, 1, 1, 1, 1, 1, 1)
factor_1 (1, 2, 1, 1, 1, 1, 1, 1, 2, 1, 1, 1, 1)
factor_2 (1, 1, 2, 1, 1, 1, 1, 1, 1, 1, 1, 1, 1)
factor_3 (1, 1, 1, 2, 1, 1, 1, 1, 1, 1, 1, 1, 1)
factor_4 (1, 1, 1, 1, 2, 1, 1, 1, 1, 1, 1, 1, 1)
factor_5 (1, 1, 1, 1, 1, 2, 1, 1, 1, 1, 1, 1, 1)
factor_6 (1, 1, 1, 1, 1, 1, 2, 1, 1, 1, 1, 1, 1)
factor_7 (1, 1, 1, 1, 1, 1, 1, 2, 1, 1, 1, 1, 1)
factor_8 (1, 2, 1, 1, 1, 1, 1, 1, 2, 1, 1, 1, 1)
factor_9 (1, 1, 1, 1, 1, 1, 1, 1, 1, 2, 1, 1, 1)
factor_10 (1, 1, 1, 1, 1, 1, 1, 1, 1, 1, 2, 1, 1)
factor_11 (1, 1, 1, 1, 1, 1, 1, 1, 1, 1, 1, 2, 1)
factor_12 (1, 1, 1, 1, 1, 1, 1, 1, 1, 1, 1, 1, 10)
Before train edge
Epoch: 0, Train loss: 2.303291202468872, Validation loss: 2.3032912033081057, Validation accuracy: 0.1
After training edge
Train edge rank_74
factor_0 (2, 1, 1, 1, 1, 1, 1, 1, 1, 1, 1, 1, 1)
factor_1 (1, 2, 1, 1, 1, 1, 1, 1, 1, 1, 1, 1, 1)
factor_2 (1, 1, 2, 1, 1, 1, 1, 1, 1, 1, 1, 1, 1)
factor_3 (1, 1, 1, 2, 1, 1, 1, 1, 1, 1, 1, 1, 1)
factor_4 (1, 1, 1, 1, 2, 1, 1, 2, 1, 1, 1, 1, 1)
factor_5 (1, 1, 1, 1, 1, 2, 1, 1, 1, 1, 1, 1, 1)
factor_6 (1, 1, 1, 1, 1, 1, 2, 1, 1, 1, 1, 1, 1)
factor_7 (1, 1, 1, 1, 2, 1, 1, 2, 1, 1, 1, 1, 1)
factor_8 (1, 1, 1, 1, 1, 1, 1, 1, 2, 1, 1, 1, 1)
factor_9 (1, 1, 1, 1, 1, 1, 1, 1, 1, 2, 1, 1, 1)
factor_10 (1, 1, 1, 1, 1, 1, 1, 1, 1, 1, 2, 1, 1)
factor_11 (1, 1, 1, 1, 1, 1, 1, 1, 1, 1, 1, 2, 1)
factor_12 (1, 1, 1, 1, 1, 1, 1, 1, 1, 1, 1, 1, 10)
Before train edge
Epoch: 0, Train loss: 2.303291203689575, Validation loss: 2.3032912033081057, Validation accuracy: 0.1
After training edge
Train edge rank_115
factor_0 (2, 1, 1, 1, 1, 1, 1, 1, 1, 1, 1, 1, 1)
factor_1 (1, 2, 1, 1, 1, 1, 1, 1, 1, 1, 1, 1, 1)
factor_2 (1, 1, 2, 1, 1, 1, 1, 1, 1, 1, 1, 1, 1)
factor_3 (1, 1, 1, 2, 1, 1, 1, 1, 1, 1, 1, 1, 1)
factor_4 (1, 1, 1, 1, 2, 1, 1, 1, 1, 1, 1, 1, 1)
factor_5 (1, 1, 1, 1, 1, 2, 1, 1, 1, 1, 1, 2, 1)
factor_6 (1, 1, 1, 1, 1, 1, 2, 1, 1, 1, 1, 1, 1)
factor_7 (1, 1, 1, 1, 1, 1, 1, 2, 1, 1, 1, 1, 1)
factor_8 (1, 1, 1, 1, 1, 1, 1, 1, 2, 1, 1, 1, 1)
factor_9 (1, 1, 1, 1, 1, 1, 1, 1, 1, 2, 1, 1, 1)
factor_10 (1, 1, 1, 1, 1, 1, 1, 1, 1, 1, 2, 1, 1)
factor_11 (1, 1, 1, 1, 1, 2, 1, 1, 1, 1, 1, 2, 1)
factor_12 (1, 1, 1, 1, 1, 1, 1, 1, 1, 1, 1, 1, 10)
Before train edge
Epoch: 0, Train loss: 2.303291201248169, Validation loss: 2.3032912033081057, Validation accuracy: 0.1
After training edge
Train edge rank_111
factor_0 (2, 1, 1, 1, 1, 1, 1, 1, 1, 1, 1, 1, 1)
factor_1 (1, 2, 1, 1, 1, 1, 1, 1, 1, 1, 1, 2, 1)
factor_2 (1, 1, 2, 1, 1, 1, 1, 1, 1, 1, 1, 1, 1)
factor_3 (1, 1, 1, 2, 1, 1, 1, 1, 1, 1, 1, 1, 1)
factor_4 (1, 1, 1, 1, 2, 1, 1, 1, 1, 1, 1, 1, 1)
factor_5 (1, 1, 1, 1, 1, 2, 1, 1, 1, 1, 1, 1, 1)
factor_6 (1, 1, 1, 1, 1, 1, 2, 1, 1, 1, 1, 1, 1)
factor_7 (1, 1, 1, 1, 1, 1, 1, 2, 1, 1, 1, 1, 1)
factor_8 (1, 1, 1, 1, 1, 1, 1, 1, 2, 1, 1, 1, 1)
factor_9 (1, 1, 1, 1, 1, 1, 1, 1, 1, 2, 1, 1, 1)
factor_10 (1, 1, 1, 1, 1, 1, 1, 1, 1, 1, 2, 1, 1)
factor_11 (1, 2, 1, 1, 1, 1, 1, 1, 1, 1, 1, 2, 1)
factor_12 (1, 1, 1, 1, 1, 1, 1, 1, 1, 1, 1, 1, 10)
Before train edge
Epoch: 0, Train loss: 2.3032912110137937, Validation loss: 2.3032912033081057, Validation accuracy: 0.1
After training edge
Train edge rank_94
factor_0 (2, 1, 1, 1, 1, 1, 1, 1, 1, 1, 1, 1, 1)
factor_1 (1, 2, 1, 1, 1, 1, 1, 1, 1, 1, 1, 1, 1)
factor_2 (1, 1, 2, 1, 1, 1, 1, 1, 1, 1, 1, 1, 1)
factor_3 (1, 1, 1, 2, 1, 1, 1, 1, 1, 1, 1, 1, 1)
factor_4 (1, 1, 1, 1, 2, 1, 1, 1, 1, 2, 1, 1, 1)
factor_5 (1, 1, 1, 1, 1, 2, 1, 1, 1, 1, 1, 1, 1)
factor_6 (1, 1, 1, 1, 1, 1, 2, 1, 1, 1, 1, 1, 1)
factor_7 (1, 1, 1, 1, 1, 1, 1, 2, 1, 1, 1, 1, 1)
factor_8 (1, 1, 1, 1, 1, 1, 1, 1, 2, 1, 1, 1, 1)
factor_9 (1, 1, 1, 1, 2, 1, 1, 1, 1, 2, 1, 1, 1)
factor_10 (1, 1, 1, 1, 1, 1, 1, 1, 1, 1, 2, 1, 1)
factor_11 (1, 1, 1, 1, 1, 1, 1, 1, 1, 1, 1, 2, 1)
factor_12 (1, 1, 1, 1, 1, 1, 1, 1, 1, 1, 1, 1, 10)
Before train edge
Epoch: 0, Train loss: 2.303291202468872, Validation loss: 2.3032912033081057, Validation accuracy: 0.1
After training edge
Train edge rank_126
factor_0 (2, 1, 1, 1, 1, 1, 1, 1, 1, 1, 1, 1, 1)
factor_1 (1, 2, 1, 1, 1, 1, 1, 1, 1, 1, 1, 1, 1)
factor_2 (1, 1, 2, 1, 1, 1, 1, 1, 1, 1, 1, 1, 1)
factor_3 (1, 1, 1, 2, 1, 1, 1, 1, 1, 1, 1, 1, 1)
factor_4 (1, 1, 1, 1, 2, 1, 1, 1, 1, 1, 1, 1, 1)
factor_5 (1, 1, 1, 1, 1, 2, 1, 1, 1, 1, 1, 1, 1)
factor_6 (1, 1, 1, 1, 1, 1, 2, 1, 1, 1, 1, 1, 2)
factor_7 (1, 1, 1, 1, 1, 1, 1, 2, 1, 1, 1, 1, 1)
factor_8 (1, 1, 1, 1, 1, 1, 1, 1, 2, 1, 1, 1, 1)
factor_9 (1, 1, 1, 1, 1, 1, 1, 1, 1, 2, 1, 1, 1)
factor_10 (1, 1, 1, 1, 1, 1, 1, 1, 1, 1, 2, 1, 1)
factor_11 (1, 1, 1, 1, 1, 1, 1, 1, 1, 1, 1, 2, 1)
factor_12 (1, 1, 1, 1, 1, 1, 2, 1, 1, 1, 1, 1, 10)
Before train edge
Epoch: 0, Train loss: 2.3032911975860597, Validation loss: 2.3032912033081057, Validation accuracy: 0.1
After training edge
Train edge rank_61
factor_0 (2, 1, 1, 1, 1, 1, 1, 1, 1, 1, 1, 1, 1)
factor_1 (1, 2, 1, 1, 1, 1, 2, 1, 1, 1, 1, 1, 1)
factor_2 (1, 1, 2, 1, 1, 1, 1, 1, 1, 1, 1, 1, 1)
factor_3 (1, 1, 1, 2, 1, 1, 1, 1, 1, 1, 1, 1, 1)
factor_4 (1, 1, 1, 1, 2, 1, 1, 1, 1, 1, 1, 1, 1)
factor_5 (1, 1, 1, 1, 1, 2, 1, 1, 1, 1, 1, 1, 1)
factor_6 (1, 2, 1, 1, 1, 1, 2, 1, 1, 1, 1, 1, 1)
factor_7 (1, 1, 1, 1, 1, 1, 1, 2, 1, 1, 1, 1, 1)
factor_8 (1, 1, 1, 1, 1, 1, 1, 1, 2, 1, 1, 1, 1)
factor_9 (1, 1, 1, 1, 1, 1, 1, 1, 1, 2, 1, 1, 1)
factor_10 (1, 1, 1, 1, 1, 1, 1, 1, 1, 1, 2, 1, 1)
factor_11 (1, 1, 1, 1, 1, 1, 1, 1, 1, 1, 1, 2, 1)
factor_12 (1, 1, 1, 1, 1, 1, 1, 1, 1, 1, 1, 1, 10)
Before train edge
Epoch: 0, Train loss: 2.3032912061309814, Validation loss: 2.3032912033081057, Validation accuracy: 0.1
After training edge
Train edge rank_97
factor_0 (2, 1, 1, 1, 1, 1, 1, 1, 1, 1, 1, 1, 1)
factor_1 (1, 2, 1, 1, 1, 1, 1, 1, 1, 1, 1, 1, 1)
factor_2 (1, 1, 2, 1, 1, 1, 1, 1, 1, 1, 1, 1, 1)
factor_3 (1, 1, 1, 2, 1, 1, 1, 1, 1, 1, 1, 1, 1)
factor_4 (1, 1, 1, 1, 2, 1, 1, 1, 1, 1, 1, 1, 1)
factor_5 (1, 1, 1, 1, 1, 2, 1, 1, 1, 1, 1, 1, 1)
factor_6 (1, 1, 1, 1, 1, 1, 2, 1, 1, 1, 1, 1, 1)
factor_7 (1, 1, 1, 1, 1, 1, 1, 2, 1, 2, 1, 1, 1)
factor_8 (1, 1, 1, 1, 1, 1, 1, 1, 2, 1, 1, 1, 1)
factor_9 (1, 1, 1, 1, 1, 1, 1, 2, 1, 2, 1, 1, 1)
factor_10 (1, 1, 1, 1, 1, 1, 1, 1, 1, 1, 2, 1, 1)
factor_11 (1, 1, 1, 1, 1, 1, 1, 1, 1, 1, 1, 2, 1)
factor_12 (1, 1, 1, 1, 1, 1, 1, 1, 1, 1, 1, 1, 10)
Before train edge
Epoch: 0, Train loss: 2.3032912059020996, Validation loss: 2.3032912033081057, Validation accuracy: 0.1
After training edge
Train edge rank_90
factor_0 (2, 1, 1, 1, 1, 1, 1, 1, 1, 2, 1, 1, 1)
factor_1 (1, 2, 1, 1, 1, 1, 1, 1, 1, 1, 1, 1, 1)
factor_2 (1, 1, 2, 1, 1, 1, 1, 1, 1, 1, 1, 1, 1)
factor_3 (1, 1, 1, 2, 1, 1, 1, 1, 1, 1, 1, 1, 1)
factor_4 (1, 1, 1, 1, 2, 1, 1, 1, 1, 1, 1, 1, 1)
factor_5 (1, 1, 1, 1, 1, 2, 1, 1, 1, 1, 1, 1, 1)
factor_6 (1, 1, 1, 1, 1, 1, 2, 1, 1, 1, 1, 1, 1)
factor_7 (1, 1, 1, 1, 1, 1, 1, 2, 1, 1, 1, 1, 1)
factor_8 (1, 1, 1, 1, 1, 1, 1, 1, 2, 1, 1, 1, 1)
factor_9 (2, 1, 1, 1, 1, 1, 1, 1, 1, 2, 1, 1, 1)
factor_10 (1, 1, 1, 1, 1, 1, 1, 1, 1, 1, 2, 1, 1)
factor_11 (1, 1, 1, 1, 1, 1, 1, 1, 1, 1, 1, 2, 1)
factor_12 (1, 1, 1, 1, 1, 1, 1, 1, 1, 1, 1, 1, 10)
Before train edge
Epoch: 0, Train loss: 2.303291204299927, Validation loss: 2.3032912033081057, Validation accuracy: 0.1
After training edge
Train edge rank_105
factor_0 (2, 1, 1, 1, 1, 1, 1, 1, 1, 1, 1, 1, 1)
factor_1 (1, 2, 1, 1, 1, 1, 1, 1, 1, 1, 1, 1, 1)
factor_2 (1, 1, 2, 1, 1, 1, 1, 1, 1, 1, 1, 1, 1)
factor_3 (1, 1, 1, 2, 1, 1, 1, 1, 1, 1, 1, 1, 1)
factor_4 (1, 1, 1, 1, 2, 1, 1, 1, 1, 1, 1, 1, 1)
factor_5 (1, 1, 1, 1, 1, 2, 1, 1, 1, 1, 2, 1, 1)
factor_6 (1, 1, 1, 1, 1, 1, 2, 1, 1, 1, 1, 1, 1)
factor_7 (1, 1, 1, 1, 1, 1, 1, 2, 1, 1, 1, 1, 1)
factor_8 (1, 1, 1, 1, 1, 1, 1, 1, 2, 1, 1, 1, 1)
factor_9 (1, 1, 1, 1, 1, 1, 1, 1, 1, 2, 1, 1, 1)
factor_10 (1, 1, 1, 1, 1, 2, 1, 1, 1, 1, 2, 1, 1)
factor_11 (1, 1, 1, 1, 1, 1, 1, 1, 1, 1, 1, 2, 1)
factor_12 (1, 1, 1, 1, 1, 1, 1, 1, 1, 1, 1, 1, 10)
Before train edge
Epoch: 0, Train loss: 2.303291201019287, Validation loss: 2.3032912033081057, Validation accuracy: 0.1
After training edge
Train edge rank_98
factor_0 (2, 1, 1, 1, 1, 1, 1, 1, 1, 1, 1, 1, 1)
factor_1 (1, 2, 1, 1, 1, 1, 1, 1, 1, 1, 1, 1, 1)
factor_2 (1, 1, 2, 1, 1, 1, 1, 1, 1, 1, 1, 1, 1)
factor_3 (1, 1, 1, 2, 1, 1, 1, 1, 1, 1, 1, 1, 1)
factor_4 (1, 1, 1, 1, 2, 1, 1, 1, 1, 1, 1, 1, 1)
factor_5 (1, 1, 1, 1, 1, 2, 1, 1, 1, 1, 1, 1, 1)
factor_6 (1, 1, 1, 1, 1, 1, 2, 1, 1, 1, 1, 1, 1)
factor_7 (1, 1, 1, 1, 1, 1, 1, 2, 1, 1, 1, 1, 1)
factor_8 (1, 1, 1, 1, 1, 1, 1, 1, 2, 2, 1, 1, 1)
factor_9 (1, 1, 1, 1, 1, 1, 1, 1, 2, 2, 1, 1, 1)
factor_10 (1, 1, 1, 1, 1, 1, 1, 1, 1, 1, 2, 1, 1)
factor_11 (1, 1, 1, 1, 1, 1, 1, 1, 1, 1, 1, 2, 1)
factor_12 (1, 1, 1, 1, 1, 1, 1, 1, 1, 1, 1, 1, 10)
Before train edge
Epoch: 0, Train loss: 2.3032912079620362, Validation loss: 2.3032912033081057, Validation accuracy: 0.1
After training edge
Train edge rank_31
factor_0 (2, 1, 1, 1, 1, 1, 1, 1, 1, 1, 1, 1, 1)
factor_1 (1, 2, 1, 2, 1, 1, 1, 1, 1, 1, 1, 1, 1)
factor_2 (1, 1, 2, 1, 1, 1, 1, 1, 1, 1, 1, 1, 1)
factor_3 (1, 2, 1, 2, 1, 1, 1, 1, 1, 1, 1, 1, 1)
factor_4 (1, 1, 1, 1, 2, 1, 1, 1, 1, 1, 1, 1, 1)
factor_5 (1, 1, 1, 1, 1, 2, 1, 1, 1, 1, 1, 1, 1)
factor_6 (1, 1, 1, 1, 1, 1, 2, 1, 1, 1, 1, 1, 1)
factor_7 (1, 1, 1, 1, 1, 1, 1, 2, 1, 1, 1, 1, 1)
factor_8 (1, 1, 1, 1, 1, 1, 1, 1, 2, 1, 1, 1, 1)
factor_9 (1, 1, 1, 1, 1, 1, 1, 1, 1, 2, 1, 1, 1)
factor_10 (1, 1, 1, 1, 1, 1, 1, 1, 1, 1, 2, 1, 1)
factor_11 (1, 1, 1, 1, 1, 1, 1, 1, 1, 1, 1, 2, 1)
factor_12 (1, 1, 1, 1, 1, 1, 1, 1, 1, 1, 1, 1, 10)
Before train edge
Epoch: 0, Train loss: 2.3032912006378172, Validation loss: 2.3032912033081057, Validation accuracy: 0.1
After training edge
Train edge rank_107
factor_0 (2, 1, 1, 1, 1, 1, 1, 1, 1, 1, 1, 1, 1)
factor_1 (1, 2, 1, 1, 1, 1, 1, 1, 1, 1, 1, 1, 1)
factor_2 (1, 1, 2, 1, 1, 1, 1, 1, 1, 1, 1, 1, 1)
factor_3 (1, 1, 1, 2, 1, 1, 1, 1, 1, 1, 1, 1, 1)
factor_4 (1, 1, 1, 1, 2, 1, 1, 1, 1, 1, 1, 1, 1)
factor_5 (1, 1, 1, 1, 1, 2, 1, 1, 1, 1, 1, 1, 1)
factor_6 (1, 1, 1, 1, 1, 1, 2, 1, 1, 1, 1, 1, 1)
factor_7 (1, 1, 1, 1, 1, 1, 1, 2, 1, 1, 2, 1, 1)
factor_8 (1, 1, 1, 1, 1, 1, 1, 1, 2, 1, 1, 1, 1)
factor_9 (1, 1, 1, 1, 1, 1, 1, 1, 1, 2, 1, 1, 1)
factor_10 (1, 1, 1, 1, 1, 1, 1, 2, 1, 1, 2, 1, 1)
factor_11 (1, 1, 1, 1, 1, 1, 1, 1, 1, 1, 1, 2, 1)
factor_12 (1, 1, 1, 1, 1, 1, 1, 1, 1, 1, 1, 1, 10)
Before train edge
Epoch: 0, Train loss: 2.303291203689575, Validation loss: 2.3032912033081057, Validation accuracy: 0.1
After training edge
Train edge rank_116
factor_0 (2, 1, 1, 1, 1, 1, 1, 1, 1, 1, 1, 1, 1)
factor_1 (1, 2, 1, 1, 1, 1, 1, 1, 1, 1, 1, 1, 1)
factor_2 (1, 1, 2, 1, 1, 1, 1, 1, 1, 1, 1, 1, 1)
factor_3 (1, 1, 1, 2, 1, 1, 1, 1, 1, 1, 1, 1, 1)
factor_4 (1, 1, 1, 1, 2, 1, 1, 1, 1, 1, 1, 1, 1)
factor_5 (1, 1, 1, 1, 1, 2, 1, 1, 1, 1, 1, 1, 1)
factor_6 (1, 1, 1, 1, 1, 1, 2, 1, 1, 1, 1, 2, 1)
factor_7 (1, 1, 1, 1, 1, 1, 1, 2, 1, 1, 1, 1, 1)
factor_8 (1, 1, 1, 1, 1, 1, 1, 1, 2, 1, 1, 1, 1)
factor_9 (1, 1, 1, 1, 1, 1, 1, 1, 1, 2, 1, 1, 1)
factor_10 (1, 1, 1, 1, 1, 1, 1, 1, 1, 1, 2, 1, 1)
factor_11 (1, 1, 1, 1, 1, 1, 2, 1, 1, 1, 1, 2, 1)
factor_12 (1, 1, 1, 1, 1, 1, 1, 1, 1, 1, 1, 1, 10)
Before train edge
Epoch: 0, Train loss: 2.303291198806763, Validation loss: 2.3032912033081057, Validation accuracy: 0.1
After training edge
Train edge rank_118
factor_0 (2, 1, 1, 1, 1, 1, 1, 1, 1, 1, 1, 1, 1)
factor_1 (1, 2, 1, 1, 1, 1, 1, 1, 1, 1, 1, 1, 1)
factor_2 (1, 1, 2, 1, 1, 1, 1, 1, 1, 1, 1, 1, 1)
factor_3 (1, 1, 1, 2, 1, 1, 1, 1, 1, 1, 1, 1, 1)
factor_4 (1, 1, 1, 1, 2, 1, 1, 1, 1, 1, 1, 1, 1)
factor_5 (1, 1, 1, 1, 1, 2, 1, 1, 1, 1, 1, 1, 1)
factor_6 (1, 1, 1, 1, 1, 1, 2, 1, 1, 1, 1, 1, 1)
factor_7 (1, 1, 1, 1, 1, 1, 1, 2, 1, 1, 1, 1, 1)
factor_8 (1, 1, 1, 1, 1, 1, 1, 1, 2, 1, 1, 2, 1)
factor_9 (1, 1, 1, 1, 1, 1, 1, 1, 1, 2, 1, 1, 1)
factor_10 (1, 1, 1, 1, 1, 1, 1, 1, 1, 1, 2, 1, 1)
factor_11 (1, 1, 1, 1, 1, 1, 1, 1, 2, 1, 1, 2, 1)
factor_12 (1, 1, 1, 1, 1, 1, 1, 1, 1, 1, 1, 1, 10)
Before train edge
Epoch: 0, Train loss: 2.3032912071228027, Validation loss: 2.3032912033081057, Validation accuracy: 0.1
After training edge
Train edge rank_63
factor_0 (2, 1, 1, 1, 1, 1, 1, 1, 1, 1, 1, 1, 1)
factor_1 (1, 2, 1, 1, 1, 1, 1, 1, 1, 1, 1, 1, 1)
factor_2 (1, 1, 2, 1, 1, 1, 1, 1, 1, 1, 1, 1, 1)
factor_3 (1, 1, 1, 2, 1, 1, 2, 1, 1, 1, 1, 1, 1)
factor_4 (1, 1, 1, 1, 2, 1, 1, 1, 1, 1, 1, 1, 1)
factor_5 (1, 1, 1, 1, 1, 2, 1, 1, 1, 1, 1, 1, 1)
factor_6 (1, 1, 1, 2, 1, 1, 2, 1, 1, 1, 1, 1, 1)
factor_7 (1, 1, 1, 1, 1, 1, 1, 2, 1, 1, 1, 1, 1)
factor_8 (1, 1, 1, 1, 1, 1, 1, 1, 2, 1, 1, 1, 1)
factor_9 (1, 1, 1, 1, 1, 1, 1, 1, 1, 2, 1, 1, 1)
factor_10 (1, 1, 1, 1, 1, 1, 1, 1, 1, 1, 2, 1, 1)
factor_11 (1, 1, 1, 1, 1, 1, 1, 1, 1, 1, 1, 2, 1)
factor_12 (1, 1, 1, 1, 1, 1, 1, 1, 1, 1, 1, 1, 10)
Before train edge
Epoch: 0, Train loss: 2.3032911945343018, Validation loss: 2.3032912033081057, Validation accuracy: 0.1
After training edge
Train edge rank_104
factor_0 (2, 1, 1, 1, 1, 1, 1, 1, 1, 1, 1, 1, 1)
factor_1 (1, 2, 1, 1, 1, 1, 1, 1, 1, 1, 1, 1, 1)
factor_2 (1, 1, 2, 1, 1, 1, 1, 1, 1, 1, 1, 1, 1)
factor_3 (1, 1, 1, 2, 1, 1, 1, 1, 1, 1, 1, 1, 1)
factor_4 (1, 1, 1, 1, 2, 1, 1, 1, 1, 1, 2, 1, 1)
factor_5 (1, 1, 1, 1, 1, 2, 1, 1, 1, 1, 1, 1, 1)
factor_6 (1, 1, 1, 1, 1, 1, 2, 1, 1, 1, 1, 1, 1)
factor_7 (1, 1, 1, 1, 1, 1, 1, 2, 1, 1, 1, 1, 1)
factor_8 (1, 1, 1, 1, 1, 1, 1, 1, 2, 1, 1, 1, 1)
factor_9 (1, 1, 1, 1, 1, 1, 1, 1, 1, 2, 1, 1, 1)
factor_10 (1, 1, 1, 1, 2, 1, 1, 1, 1, 1, 2, 1, 1)
factor_11 (1, 1, 1, 1, 1, 1, 1, 1, 1, 1, 1, 2, 1)
factor_12 (1, 1, 1, 1, 1, 1, 1, 1, 1, 1, 1, 1, 10)
Before train edge
Epoch: 0, Train loss: 2.303291199798584, Validation loss: 2.3032912033081057, Validation accuracy: 0.1
After training edge
Train edge rank_51
factor_0 (2, 1, 1, 1, 1, 1, 1, 1, 1, 1, 1, 1, 1)
factor_1 (1, 2, 1, 1, 1, 2, 1, 1, 1, 1, 1, 1, 1)
factor_2 (1, 1, 2, 1, 1, 1, 1, 1, 1, 1, 1, 1, 1)
factor_3 (1, 1, 1, 2, 1, 1, 1, 1, 1, 1, 1, 1, 1)
factor_4 (1, 1, 1, 1, 2, 1, 1, 1, 1, 1, 1, 1, 1)
factor_5 (1, 2, 1, 1, 1, 2, 1, 1, 1, 1, 1, 1, 1)
factor_6 (1, 1, 1, 1, 1, 1, 2, 1, 1, 1, 1, 1, 1)
factor_7 (1, 1, 1, 1, 1, 1, 1, 2, 1, 1, 1, 1, 1)
factor_8 (1, 1, 1, 1, 1, 1, 1, 1, 2, 1, 1, 1, 1)
factor_9 (1, 1, 1, 1, 1, 1, 1, 1, 1, 2, 1, 1, 1)
factor_10 (1, 1, 1, 1, 1, 1, 1, 1, 1, 1, 2, 1, 1)
factor_11 (1, 1, 1, 1, 1, 1, 1, 1, 1, 1, 1, 2, 1)
factor_12 (1, 1, 1, 1, 1, 1, 1, 1, 1, 1, 1, 1, 10)
Before train edge
Epoch: 0, Train loss: 2.303291206741333, Validation loss: 2.3032912033081057, Validation accuracy: 0.1
After training edge
Train edge rank_65
factor_0 (2, 1, 1, 1, 1, 1, 1, 1, 1, 1, 1, 1, 1)
factor_1 (1, 2, 1, 1, 1, 1, 1, 1, 1, 1, 1, 1, 1)
factor_2 (1, 1, 2, 1, 1, 1, 1, 1, 1, 1, 1, 1, 1)
factor_3 (1, 1, 1, 2, 1, 1, 1, 1, 1, 1, 1, 1, 1)
factor_4 (1, 1, 1, 1, 2, 1, 1, 1, 1, 1, 1, 1, 1)
factor_5 (1, 1, 1, 1, 1, 2, 2, 1, 1, 1, 1, 1, 1)
factor_6 (1, 1, 1, 1, 1, 2, 2, 1, 1, 1, 1, 1, 1)
factor_7 (1, 1, 1, 1, 1, 1, 1, 2, 1, 1, 1, 1, 1)
factor_8 (1, 1, 1, 1, 1, 1, 1, 1, 2, 1, 1, 1, 1)
factor_9 (1, 1, 1, 1, 1, 1, 1, 1, 1, 2, 1, 1, 1)
factor_10 (1, 1, 1, 1, 1, 1, 1, 1, 1, 1, 2, 1, 1)
factor_11 (1, 1, 1, 1, 1, 1, 1, 1, 1, 1, 1, 2, 1)
factor_12 (1, 1, 1, 1, 1, 1, 1, 1, 1, 1, 1, 1, 10)
Before train edge
Epoch: 0, Train loss: 2.3032912049102783, Validation loss: 2.3032912033081057, Validation accuracy: 0.1
After training edge
Train edge rank_83
factor_0 (2, 1, 1, 1, 1, 1, 1, 1, 1, 1, 1, 1, 1)
factor_1 (1, 2, 1, 1, 1, 1, 1, 1, 1, 1, 1, 1, 1)
factor_2 (1, 1, 2, 1, 1, 1, 1, 1, 1, 1, 1, 1, 1)
factor_3 (1, 1, 1, 2, 1, 1, 1, 1, 2, 1, 1, 1, 1)
factor_4 (1, 1, 1, 1, 2, 1, 1, 1, 1, 1, 1, 1, 1)
factor_5 (1, 1, 1, 1, 1, 2, 1, 1, 1, 1, 1, 1, 1)
factor_6 (1, 1, 1, 1, 1, 1, 2, 1, 1, 1, 1, 1, 1)
factor_7 (1, 1, 1, 1, 1, 1, 1, 2, 1, 1, 1, 1, 1)
factor_8 (1, 1, 1, 2, 1, 1, 1, 1, 2, 1, 1, 1, 1)
factor_9 (1, 1, 1, 1, 1, 1, 1, 1, 1, 2, 1, 1, 1)
factor_10 (1, 1, 1, 1, 1, 1, 1, 1, 1, 1, 2, 1, 1)
factor_11 (1, 1, 1, 1, 1, 1, 1, 1, 1, 1, 1, 2, 1)
factor_12 (1, 1, 1, 1, 1, 1, 1, 1, 1, 1, 1, 1, 10)
Before train edge
Epoch: 0, Train loss: 2.3032912049102783, Validation loss: 2.3032912033081057, Validation accuracy: 0.1
After training edge
Train edge rank_53
factor_0 (2, 1, 1, 1, 1, 1, 1, 1, 1, 1, 1, 1, 1)
factor_1 (1, 2, 1, 1, 1, 1, 1, 1, 1, 1, 1, 1, 1)
factor_2 (1, 1, 2, 1, 1, 1, 1, 1, 1, 1, 1, 1, 1)
factor_3 (1, 1, 1, 2, 1, 2, 1, 1, 1, 1, 1, 1, 1)
factor_4 (1, 1, 1, 1, 2, 1, 1, 1, 1, 1, 1, 1, 1)
factor_5 (1, 1, 1, 2, 1, 2, 1, 1, 1, 1, 1, 1, 1)
factor_6 (1, 1, 1, 1, 1, 1, 2, 1, 1, 1, 1, 1, 1)
factor_7 (1, 1, 1, 1, 1, 1, 1, 2, 1, 1, 1, 1, 1)
factor_8 (1, 1, 1, 1, 1, 1, 1, 1, 2, 1, 1, 1, 1)
factor_9 (1, 1, 1, 1, 1, 1, 1, 1, 1, 2, 1, 1, 1)
factor_10 (1, 1, 1, 1, 1, 1, 1, 1, 1, 1, 2, 1, 1)
factor_11 (1, 1, 1, 1, 1, 1, 1, 1, 1, 1, 1, 2, 1)
factor_12 (1, 1, 1, 1, 1, 1, 1, 1, 1, 1, 1, 1, 10)
Before train edge
Epoch: 0, Train loss: 2.3032912022399903, Validation loss: 2.3032912033081057, Validation accuracy: 0.1
After training edge
Train edge rank_110
factor_0 (2, 1, 1, 1, 1, 1, 1, 1, 1, 1, 1, 2, 1)
factor_1 (1, 2, 1, 1, 1, 1, 1, 1, 1, 1, 1, 1, 1)
factor_2 (1, 1, 2, 1, 1, 1, 1, 1, 1, 1, 1, 1, 1)
factor_3 (1, 1, 1, 2, 1, 1, 1, 1, 1, 1, 1, 1, 1)
factor_4 (1, 1, 1, 1, 2, 1, 1, 1, 1, 1, 1, 1, 1)
factor_5 (1, 1, 1, 1, 1, 2, 1, 1, 1, 1, 1, 1, 1)
factor_6 (1, 1, 1, 1, 1, 1, 2, 1, 1, 1, 1, 1, 1)
factor_7 (1, 1, 1, 1, 1, 1, 1, 2, 1, 1, 1, 1, 1)
factor_8 (1, 1, 1, 1, 1, 1, 1, 1, 2, 1, 1, 1, 1)
factor_9 (1, 1, 1, 1, 1, 1, 1, 1, 1, 2, 1, 1, 1)
factor_10 (1, 1, 1, 1, 1, 1, 1, 1, 1, 1, 2, 1, 1)
factor_11 (2, 1, 1, 1, 1, 1, 1, 1, 1, 1, 1, 2, 1)
factor_12 (1, 1, 1, 1, 1, 1, 1, 1, 1, 1, 1, 1, 10)
Before train edge
Epoch: 0, Train loss: 2.3032911979675292, Validation loss: 2.3032912033081057, Validation accuracy: 0.1
After training edge
Train edge rank_119
factor_0 (2, 1, 1, 1, 1, 1, 1, 1, 1, 1, 1, 1, 1)
factor_1 (1, 2, 1, 1, 1, 1, 1, 1, 1, 1, 1, 1, 1)
factor_2 (1, 1, 2, 1, 1, 1, 1, 1, 1, 1, 1, 1, 1)
factor_3 (1, 1, 1, 2, 1, 1, 1, 1, 1, 1, 1, 1, 1)
factor_4 (1, 1, 1, 1, 2, 1, 1, 1, 1, 1, 1, 1, 1)
factor_5 (1, 1, 1, 1, 1, 2, 1, 1, 1, 1, 1, 1, 1)
factor_6 (1, 1, 1, 1, 1, 1, 2, 1, 1, 1, 1, 1, 1)
factor_7 (1, 1, 1, 1, 1, 1, 1, 2, 1, 1, 1, 1, 1)
factor_8 (1, 1, 1, 1, 1, 1, 1, 1, 2, 1, 1, 1, 1)
factor_9 (1, 1, 1, 1, 1, 1, 1, 1, 1, 2, 1, 2, 1)
factor_10 (1, 1, 1, 1, 1, 1, 1, 1, 1, 1, 2, 1, 1)
factor_11 (1, 1, 1, 1, 1, 1, 1, 1, 1, 2, 1, 2, 1)
factor_12 (1, 1, 1, 1, 1, 1, 1, 1, 1, 1, 1, 1, 10)
Before train edge
Epoch: 0, Train loss: 2.30329120552063, Validation loss: 2.3032912033081057, Validation accuracy: 0.1
After training edge
Train edge rank_101
factor_0 (2, 1, 1, 1, 1, 1, 1, 1, 1, 1, 1, 1, 1)
factor_1 (1, 2, 1, 1, 1, 1, 1, 1, 1, 1, 2, 1, 1)
factor_2 (1, 1, 2, 1, 1, 1, 1, 1, 1, 1, 1, 1, 1)
factor_3 (1, 1, 1, 2, 1, 1, 1, 1, 1, 1, 1, 1, 1)
factor_4 (1, 1, 1, 1, 2, 1, 1, 1, 1, 1, 1, 1, 1)
factor_5 (1, 1, 1, 1, 1, 2, 1, 1, 1, 1, 1, 1, 1)
factor_6 (1, 1, 1, 1, 1, 1, 2, 1, 1, 1, 1, 1, 1)
factor_7 (1, 1, 1, 1, 1, 1, 1, 2, 1, 1, 1, 1, 1)
factor_8 (1, 1, 1, 1, 1, 1, 1, 1, 2, 1, 1, 1, 1)
factor_9 (1, 1, 1, 1, 1, 1, 1, 1, 1, 2, 1, 1, 1)
factor_10 (1, 2, 1, 1, 1, 1, 1, 1, 1, 1, 2, 1, 1)
factor_11 (1, 1, 1, 1, 1, 1, 1, 1, 1, 1, 1, 2, 1)
factor_12 (1, 1, 1, 1, 1, 1, 1, 1, 1, 1, 1, 1, 10)
Before train edge
Epoch: 0, Train loss: 2.303291198806763, Validation loss: 2.3032912033081057, Validation accuracy: 0.1
After training edge
Train edge rank_52
factor_0 (2, 1, 1, 1, 1, 1, 1, 1, 1, 1, 1, 1, 1)
factor_1 (1, 2, 1, 1, 1, 1, 1, 1, 1, 1, 1, 1, 1)
factor_2 (1, 1, 2, 1, 1, 2, 1, 1, 1, 1, 1, 1, 1)
factor_3 (1, 1, 1, 2, 1, 1, 1, 1, 1, 1, 1, 1, 1)
factor_4 (1, 1, 1, 1, 2, 1, 1, 1, 1, 1, 1, 1, 1)
factor_5 (1, 1, 2, 1, 1, 2, 1, 1, 1, 1, 1, 1, 1)
factor_6 (1, 1, 1, 1, 1, 1, 2, 1, 1, 1, 1, 1, 1)
factor_7 (1, 1, 1, 1, 1, 1, 1, 2, 1, 1, 1, 1, 1)
factor_8 (1, 1, 1, 1, 1, 1, 1, 1, 2, 1, 1, 1, 1)
factor_9 (1, 1, 1, 1, 1, 1, 1, 1, 1, 2, 1, 1, 1)
factor_10 (1, 1, 1, 1, 1, 1, 1, 1, 1, 1, 2, 1, 1)
factor_11 (1, 1, 1, 1, 1, 1, 1, 1, 1, 1, 1, 2, 1)
factor_12 (1, 1, 1, 1, 1, 1, 1, 1, 1, 1, 1, 1, 10)
Before train edge
Epoch: 0, Train loss: 2.30329120552063, Validation loss: 2.3032912033081057, Validation accuracy: 0.1
After training edge
Train edge rank_21
factor_0 (2, 1, 1, 1, 1, 1, 1, 1, 1, 1, 1, 1, 1)
factor_1 (1, 2, 2, 1, 1, 1, 1, 1, 1, 1, 1, 1, 1)
factor_2 (1, 2, 2, 1, 1, 1, 1, 1, 1, 1, 1, 1, 1)
factor_3 (1, 1, 1, 2, 1, 1, 1, 1, 1, 1, 1, 1, 1)
factor_4 (1, 1, 1, 1, 2, 1, 1, 1, 1, 1, 1, 1, 1)
factor_5 (1, 1, 1, 1, 1, 2, 1, 1, 1, 1, 1, 1, 1)
factor_6 (1, 1, 1, 1, 1, 1, 2, 1, 1, 1, 1, 1, 1)
factor_7 (1, 1, 1, 1, 1, 1, 1, 2, 1, 1, 1, 1, 1)
factor_8 (1, 1, 1, 1, 1, 1, 1, 1, 2, 1, 1, 1, 1)
factor_9 (1, 1, 1, 1, 1, 1, 1, 1, 1, 2, 1, 1, 1)
factor_10 (1, 1, 1, 1, 1, 1, 1, 1, 1, 1, 2, 1, 1)
factor_11 (1, 1, 1, 1, 1, 1, 1, 1, 1, 1, 1, 2, 1)
factor_12 (1, 1, 1, 1, 1, 1, 1, 1, 1, 1, 1, 1, 10)
Before train edge
Epoch: 0, Train loss: 2.3032912091827393, Validation loss: 2.3032912033081057, Validation accuracy: 0.1
After training edge
Train edge rank_112
factor_0 (2, 1, 1, 1, 1, 1, 1, 1, 1, 1, 1, 1, 1)
factor_1 (1, 2, 1, 1, 1, 1, 1, 1, 1, 1, 1, 1, 1)
factor_2 (1, 1, 2, 1, 1, 1, 1, 1, 1, 1, 1, 2, 1)
factor_3 (1, 1, 1, 2, 1, 1, 1, 1, 1, 1, 1, 1, 1)
factor_4 (1, 1, 1, 1, 2, 1, 1, 1, 1, 1, 1, 1, 1)
factor_5 (1, 1, 1, 1, 1, 2, 1, 1, 1, 1, 1, 1, 1)
factor_6 (1, 1, 1, 1, 1, 1, 2, 1, 1, 1, 1, 1, 1)
factor_7 (1, 1, 1, 1, 1, 1, 1, 2, 1, 1, 1, 1, 1)
factor_8 (1, 1, 1, 1, 1, 1, 1, 1, 2, 1, 1, 1, 1)
factor_9 (1, 1, 1, 1, 1, 1, 1, 1, 1, 2, 1, 1, 1)
factor_10 (1, 1, 1, 1, 1, 1, 1, 1, 1, 1, 2, 1, 1)
factor_11 (1, 1, 2, 1, 1, 1, 1, 1, 1, 1, 1, 2, 1)
factor_12 (1, 1, 1, 1, 1, 1, 1, 1, 1, 1, 1, 1, 10)
Before train edge
Epoch: 0, Train loss: 2.303291202468872, Validation loss: 2.3032912033081057, Validation accuracy: 0.1
After training edge
Train edge rank_121
factor_0 (2, 1, 1, 1, 1, 1, 1, 1, 1, 1, 1, 1, 1)
factor_1 (1, 2, 1, 1, 1, 1, 1, 1, 1, 1, 1, 1, 2)
factor_2 (1, 1, 2, 1, 1, 1, 1, 1, 1, 1, 1, 1, 1)
factor_3 (1, 1, 1, 2, 1, 1, 1, 1, 1, 1, 1, 1, 1)
factor_4 (1, 1, 1, 1, 2, 1, 1, 1, 1, 1, 1, 1, 1)
factor_5 (1, 1, 1, 1, 1, 2, 1, 1, 1, 1, 1, 1, 1)
factor_6 (1, 1, 1, 1, 1, 1, 2, 1, 1, 1, 1, 1, 1)
factor_7 (1, 1, 1, 1, 1, 1, 1, 2, 1, 1, 1, 1, 1)
factor_8 (1, 1, 1, 1, 1, 1, 1, 1, 2, 1, 1, 1, 1)
factor_9 (1, 1, 1, 1, 1, 1, 1, 1, 1, 2, 1, 1, 1)
factor_10 (1, 1, 1, 1, 1, 1, 1, 1, 1, 1, 2, 1, 1)
factor_11 (1, 1, 1, 1, 1, 1, 1, 1, 1, 1, 1, 2, 1)
factor_12 (1, 2, 1, 1, 1, 1, 1, 1, 1, 1, 1, 1, 10)
Before train edge
Epoch: 0, Train loss: 2.303291203689575, Validation loss: 2.3032912033081057, Validation accuracy: 0.1
After training edge
Train edge rank_100
factor_0 (2, 1, 1, 1, 1, 1, 1, 1, 1, 1, 2, 1, 1)
factor_1 (1, 2, 1, 1, 1, 1, 1, 1, 1, 1, 1, 1, 1)
factor_2 (1, 1, 2, 1, 1, 1, 1, 1, 1, 1, 1, 1, 1)
factor_3 (1, 1, 1, 2, 1, 1, 1, 1, 1, 1, 1, 1, 1)
factor_4 (1, 1, 1, 1, 2, 1, 1, 1, 1, 1, 1, 1, 1)
factor_5 (1, 1, 1, 1, 1, 2, 1, 1, 1, 1, 1, 1, 1)
factor_6 (1, 1, 1, 1, 1, 1, 2, 1, 1, 1, 1, 1, 1)
factor_7 (1, 1, 1, 1, 1, 1, 1, 2, 1, 1, 1, 1, 1)
factor_8 (1, 1, 1, 1, 1, 1, 1, 1, 2, 1, 1, 1, 1)
factor_9 (1, 1, 1, 1, 1, 1, 1, 1, 1, 2, 1, 1, 1)
factor_10 (2, 1, 1, 1, 1, 1, 1, 1, 1, 1, 2, 1, 1)
factor_11 (1, 1, 1, 1, 1, 1, 1, 1, 1, 1, 1, 2, 1)
factor_12 (1, 1, 1, 1, 1, 1, 1, 1, 1, 1, 1, 1, 10)
Before train edge
Epoch: 0, Train loss: 2.303291199798584, Validation loss: 2.3032912033081057, Validation accuracy: 0.1
After training edge
Train edge rank_102
factor_0 (2, 1, 1, 1, 1, 1, 1, 1, 1, 1, 1, 1, 1)
factor_1 (1, 2, 1, 1, 1, 1, 1, 1, 1, 1, 1, 1, 1)
factor_2 (1, 1, 2, 1, 1, 1, 1, 1, 1, 1, 2, 1, 1)
factor_3 (1, 1, 1, 2, 1, 1, 1, 1, 1, 1, 1, 1, 1)
factor_4 (1, 1, 1, 1, 2, 1, 1, 1, 1, 1, 1, 1, 1)
factor_5 (1, 1, 1, 1, 1, 2, 1, 1, 1, 1, 1, 1, 1)
factor_6 (1, 1, 1, 1, 1, 1, 2, 1, 1, 1, 1, 1, 1)
factor_7 (1, 1, 1, 1, 1, 1, 1, 2, 1, 1, 1, 1, 1)
factor_8 (1, 1, 1, 1, 1, 1, 1, 1, 2, 1, 1, 1, 1)
factor_9 (1, 1, 1, 1, 1, 1, 1, 1, 1, 2, 1, 1, 1)
factor_10 (1, 1, 2, 1, 1, 1, 1, 1, 1, 1, 2, 1, 1)
factor_11 (1, 1, 1, 1, 1, 1, 1, 1, 1, 1, 1, 2, 1)
factor_12 (1, 1, 1, 1, 1, 1, 1, 1, 1, 1, 1, 1, 10)
Before train edge
Epoch: 0, Train loss: 2.3032911975860597, Validation loss: 2.3032912033081057, Validation accuracy: 0.1
After training edge
Train edge rank_106
factor_0 (2, 1, 1, 1, 1, 1, 1, 1, 1, 1, 1, 1, 1)
factor_1 (1, 2, 1, 1, 1, 1, 1, 1, 1, 1, 1, 1, 1)
factor_2 (1, 1, 2, 1, 1, 1, 1, 1, 1, 1, 1, 1, 1)
factor_3 (1, 1, 1, 2, 1, 1, 1, 1, 1, 1, 1, 1, 1)
factor_4 (1, 1, 1, 1, 2, 1, 1, 1, 1, 1, 1, 1, 1)
factor_5 (1, 1, 1, 1, 1, 2, 1, 1, 1, 1, 1, 1, 1)
factor_6 (1, 1, 1, 1, 1, 1, 2, 1, 1, 1, 2, 1, 1)
factor_7 (1, 1, 1, 1, 1, 1, 1, 2, 1, 1, 1, 1, 1)
factor_8 (1, 1, 1, 1, 1, 1, 1, 1, 2, 1, 1, 1, 1)
factor_9 (1, 1, 1, 1, 1, 1, 1, 1, 1, 2, 1, 1, 1)
factor_10 (1, 1, 1, 1, 1, 1, 2, 1, 1, 1, 2, 1, 1)
factor_11 (1, 1, 1, 1, 1, 1, 1, 1, 1, 1, 1, 2, 1)
factor_12 (1, 1, 1, 1, 1, 1, 1, 1, 1, 1, 1, 1, 10)
Before train edge
Epoch: 0, Train loss: 2.30329120552063, Validation loss: 2.3032912033081057, Validation accuracy: 0.1
After training edge
Train edge rank_42
factor_0 (2, 1, 1, 1, 1, 1, 1, 1, 1, 1, 1, 1, 1)
factor_1 (1, 2, 1, 1, 1, 1, 1, 1, 1, 1, 1, 1, 1)
factor_2 (1, 1, 2, 1, 2, 1, 1, 1, 1, 1, 1, 1, 1)
factor_3 (1, 1, 1, 2, 1, 1, 1, 1, 1, 1, 1, 1, 1)
factor_4 (1, 1, 2, 1, 2, 1, 1, 1, 1, 1, 1, 1, 1)
factor_5 (1, 1, 1, 1, 1, 2, 1, 1, 1, 1, 1, 1, 1)
factor_6 (1, 1, 1, 1, 1, 1, 2, 1, 1, 1, 1, 1, 1)
factor_7 (1, 1, 1, 1, 1, 1, 1, 2, 1, 1, 1, 1, 1)
factor_8 (1, 1, 1, 1, 1, 1, 1, 1, 2, 1, 1, 1, 1)
factor_9 (1, 1, 1, 1, 1, 1, 1, 1, 1, 2, 1, 1, 1)
factor_10 (1, 1, 1, 1, 1, 1, 1, 1, 1, 1, 2, 1, 1)
factor_11 (1, 1, 1, 1, 1, 1, 1, 1, 1, 1, 1, 2, 1)
factor_12 (1, 1, 1, 1, 1, 1, 1, 1, 1, 1, 1, 1, 10)
Before train edge
Epoch: 0, Train loss: 2.303291202468872, Validation loss: 2.3032912033081057, Validation accuracy: 0.1
After training edge
Train edge rank_87
factor_0 (2, 1, 1, 1, 1, 1, 1, 1, 1, 1, 1, 1, 1)
factor_1 (1, 2, 1, 1, 1, 1, 1, 1, 1, 1, 1, 1, 1)
factor_2 (1, 1, 2, 1, 1, 1, 1, 1, 1, 1, 1, 1, 1)
factor_3 (1, 1, 1, 2, 1, 1, 1, 1, 1, 1, 1, 1, 1)
factor_4 (1, 1, 1, 1, 2, 1, 1, 1, 1, 1, 1, 1, 1)
factor_5 (1, 1, 1, 1, 1, 2, 1, 1, 1, 1, 1, 1, 1)
factor_6 (1, 1, 1, 1, 1, 1, 2, 1, 1, 1, 1, 1, 1)
factor_7 (1, 1, 1, 1, 1, 1, 1, 2, 2, 1, 1, 1, 1)
factor_8 (1, 1, 1, 1, 1, 1, 1, 2, 2, 1, 1, 1, 1)
factor_9 (1, 1, 1, 1, 1, 1, 1, 1, 1, 2, 1, 1, 1)
factor_10 (1, 1, 1, 1, 1, 1, 1, 1, 1, 1, 2, 1, 1)
factor_11 (1, 1, 1, 1, 1, 1, 1, 1, 1, 1, 1, 2, 1)
factor_12 (1, 1, 1, 1, 1, 1, 1, 1, 1, 1, 1, 1, 10)
Before train edge
Epoch: 0, Train loss: 2.30329120552063, Validation loss: 2.303291206359863, Validation accuracy: 0.1
After training edge
Train edge rank_117
factor_0 (2, 1, 1, 1, 1, 1, 1, 1, 1, 1, 1, 1, 1)
factor_1 (1, 2, 1, 1, 1, 1, 1, 1, 1, 1, 1, 1, 1)
factor_2 (1, 1, 2, 1, 1, 1, 1, 1, 1, 1, 1, 1, 1)
factor_3 (1, 1, 1, 2, 1, 1, 1, 1, 1, 1, 1, 1, 1)
factor_4 (1, 1, 1, 1, 2, 1, 1, 1, 1, 1, 1, 1, 1)
factor_5 (1, 1, 1, 1, 1, 2, 1, 1, 1, 1, 1, 1, 1)
factor_6 (1, 1, 1, 1, 1, 1, 2, 1, 1, 1, 1, 1, 1)
factor_7 (1, 1, 1, 1, 1, 1, 1, 2, 1, 1, 1, 2, 1)
factor_8 (1, 1, 1, 1, 1, 1, 1, 1, 2, 1, 1, 1, 1)
factor_9 (1, 1, 1, 1, 1, 1, 1, 1, 1, 2, 1, 1, 1)
factor_10 (1, 1, 1, 1, 1, 1, 1, 1, 1, 1, 2, 1, 1)
factor_11 (1, 1, 1, 1, 1, 1, 1, 2, 1, 1, 1, 2, 1)
factor_12 (1, 1, 1, 1, 1, 1, 1, 1, 1, 1, 1, 1, 10)
Before train edge
Epoch: 0, Train loss: 2.3032912113952637, Validation loss: 2.3032912033081057, Validation accuracy: 0.1
After training edge
Train edge rank_124
factor_0 (2, 1, 1, 1, 1, 1, 1, 1, 1, 1, 1, 1, 1)
factor_1 (1, 2, 1, 1, 1, 1, 1, 1, 1, 1, 1, 1, 1)
factor_2 (1, 1, 2, 1, 1, 1, 1, 1, 1, 1, 1, 1, 1)
factor_3 (1, 1, 1, 2, 1, 1, 1, 1, 1, 1, 1, 1, 1)
factor_4 (1, 1, 1, 1, 2, 1, 1, 1, 1, 1, 1, 1, 2)
factor_5 (1, 1, 1, 1, 1, 2, 1, 1, 1, 1, 1, 1, 1)
factor_6 (1, 1, 1, 1, 1, 1, 2, 1, 1, 1, 1, 1, 1)
factor_7 (1, 1, 1, 1, 1, 1, 1, 2, 1, 1, 1, 1, 1)
factor_8 (1, 1, 1, 1, 1, 1, 1, 1, 2, 1, 1, 1, 1)
factor_9 (1, 1, 1, 1, 1, 1, 1, 1, 1, 2, 1, 1, 1)
factor_10 (1, 1, 1, 1, 1, 1, 1, 1, 1, 1, 2, 1, 1)
factor_11 (1, 1, 1, 1, 1, 1, 1, 1, 1, 1, 1, 2, 1)
factor_12 (1, 1, 1, 1, 2, 1, 1, 1, 1, 1, 1, 1, 10)
Before train edge
Epoch: 0, Train loss: 2.303291198806763, Validation loss: 2.3032912033081057, Validation accuracy: 0.1
After training edge
Train edge rank_84
factor_0 (2, 1, 1, 1, 1, 1, 1, 1, 1, 1, 1, 1, 1)
factor_1 (1, 2, 1, 1, 1, 1, 1, 1, 1, 1, 1, 1, 1)
factor_2 (1, 1, 2, 1, 1, 1, 1, 1, 1, 1, 1, 1, 1)
factor_3 (1, 1, 1, 2, 1, 1, 1, 1, 1, 1, 1, 1, 1)
factor_4 (1, 1, 1, 1, 2, 1, 1, 1, 2, 1, 1, 1, 1)
factor_5 (1, 1, 1, 1, 1, 2, 1, 1, 1, 1, 1, 1, 1)
factor_6 (1, 1, 1, 1, 1, 1, 2, 1, 1, 1, 1, 1, 1)
factor_7 (1, 1, 1, 1, 1, 1, 1, 2, 1, 1, 1, 1, 1)
factor_8 (1, 1, 1, 1, 2, 1, 1, 1, 2, 1, 1, 1, 1)
factor_9 (1, 1, 1, 1, 1, 1, 1, 1, 1, 2, 1, 1, 1)
factor_10 (1, 1, 1, 1, 1, 1, 1, 1, 1, 1, 2, 1, 1)
factor_11 (1, 1, 1, 1, 1, 1, 1, 1, 1, 1, 1, 2, 1)
factor_12 (1, 1, 1, 1, 1, 1, 1, 1, 1, 1, 1, 1, 10)
Before train edge
Epoch: 0, Train loss: 2.3032912030792234, Validation loss: 2.3032912033081057, Validation accuracy: 0.1
After training edge
Train edge rank_1210
factor_0 (2, 1, 1, 1, 1, 1, 1, 1, 1, 1, 1, 1, 1)
factor_1 (1, 2, 1, 1, 1, 1, 1, 1, 1, 1, 1, 1, 1)
factor_2 (1, 1, 2, 1, 1, 1, 1, 1, 1, 1, 1, 1, 1)
factor_3 (1, 1, 1, 2, 1, 1, 1, 1, 1, 1, 1, 1, 1)
factor_4 (1, 1, 1, 1, 2, 1, 1, 1, 1, 1, 1, 1, 1)
factor_5 (1, 1, 1, 1, 1, 2, 1, 1, 1, 1, 1, 1, 1)
factor_6 (1, 1, 1, 1, 1, 1, 2, 1, 1, 1, 1, 1, 1)
factor_7 (1, 1, 1, 1, 1, 1, 1, 2, 1, 1, 1, 1, 1)
factor_8 (1, 1, 1, 1, 1, 1, 1, 1, 2, 1, 1, 1, 1)
factor_9 (1, 1, 1, 1, 1, 1, 1, 1, 1, 2, 1, 1, 1)
factor_10 (1, 1, 1, 1, 1, 1, 1, 1, 1, 1, 2, 1, 2)
factor_11 (1, 1, 1, 1, 1, 1, 1, 1, 1, 1, 1, 2, 1)
factor_12 (1, 1, 1, 1, 1, 1, 1, 1, 1, 1, 2, 1, 10)
Before train edge
Epoch: 0, Train loss: 2.3032912079620362, Validation loss: 2.3032912033081057, Validation accuracy: 0.1
After training edge
Train edge rank_120
factor_0 (2, 1, 1, 1, 1, 1, 1, 1, 1, 1, 1, 1, 2)
factor_1 (1, 2, 1, 1, 1, 1, 1, 1, 1, 1, 1, 1, 1)
factor_2 (1, 1, 2, 1, 1, 1, 1, 1, 1, 1, 1, 1, 1)
factor_3 (1, 1, 1, 2, 1, 1, 1, 1, 1, 1, 1, 1, 1)
factor_4 (1, 1, 1, 1, 2, 1, 1, 1, 1, 1, 1, 1, 1)
factor_5 (1, 1, 1, 1, 1, 2, 1, 1, 1, 1, 1, 1, 1)
factor_6 (1, 1, 1, 1, 1, 1, 2, 1, 1, 1, 1, 1, 1)
factor_7 (1, 1, 1, 1, 1, 1, 1, 2, 1, 1, 1, 1, 1)
factor_8 (1, 1, 1, 1, 1, 1, 1, 1, 2, 1, 1, 1, 1)
factor_9 (1, 1, 1, 1, 1, 1, 1, 1, 1, 2, 1, 1, 1)
factor_10 (1, 1, 1, 1, 1, 1, 1, 1, 1, 1, 2, 1, 1)
factor_11 (1, 1, 1, 1, 1, 1, 1, 1, 1, 1, 1, 2, 1)
factor_12 (2, 1, 1, 1, 1, 1, 1, 1, 1, 1, 1, 1, 10)
Before train edge
Epoch: 0, Train loss: 2.303291204299927, Validation loss: 2.3032912033081057, Validation accuracy: 0.1
After training edge
Train edge rank_32
factor_0 (2, 1, 1, 1, 1, 1, 1, 1, 1, 1, 1, 1, 1)
factor_1 (1, 2, 1, 1, 1, 1, 1, 1, 1, 1, 1, 1, 1)
factor_2 (1, 1, 2, 2, 1, 1, 1, 1, 1, 1, 1, 1, 1)
factor_3 (1, 1, 2, 2, 1, 1, 1, 1, 1, 1, 1, 1, 1)
factor_4 (1, 1, 1, 1, 2, 1, 1, 1, 1, 1, 1, 1, 1)
factor_5 (1, 1, 1, 1, 1, 2, 1, 1, 1, 1, 1, 1, 1)
factor_6 (1, 1, 1, 1, 1, 1, 2, 1, 1, 1, 1, 1, 1)
factor_7 (1, 1, 1, 1, 1, 1, 1, 2, 1, 1, 1, 1, 1)
factor_8 (1, 1, 1, 1, 1, 1, 1, 1, 2, 1, 1, 1, 1)
factor_9 (1, 1, 1, 1, 1, 1, 1, 1, 1, 2, 1, 1, 1)
factor_10 (1, 1, 1, 1, 1, 1, 1, 1, 1, 1, 2, 1, 1)
factor_11 (1, 1, 1, 1, 1, 1, 1, 1, 1, 1, 1, 2, 1)
factor_12 (1, 1, 1, 1, 1, 1, 1, 1, 1, 1, 1, 1, 10)
Before train edge
Epoch: 0, Train loss: 2.3032912091827393, Validation loss: 2.3032912033081057, Validation accuracy: 0.1
After training edge
Train edge rank_62
factor_0 (2, 1, 1, 1, 1, 1, 1, 1, 1, 1, 1, 1, 1)
factor_1 (1, 2, 1, 1, 1, 1, 1, 1, 1, 1, 1, 1, 1)
factor_2 (1, 1, 2, 1, 1, 1, 2, 1, 1, 1, 1, 1, 1)
factor_3 (1, 1, 1, 2, 1, 1, 1, 1, 1, 1, 1, 1, 1)
factor_4 (1, 1, 1, 1, 2, 1, 1, 1, 1, 1, 1, 1, 1)
factor_5 (1, 1, 1, 1, 1, 2, 1, 1, 1, 1, 1, 1, 1)
factor_6 (1, 1, 2, 1, 1, 1, 2, 1, 1, 1, 1, 1, 1)
factor_7 (1, 1, 1, 1, 1, 1, 1, 2, 1, 1, 1, 1, 1)
factor_8 (1, 1, 1, 1, 1, 1, 1, 1, 2, 1, 1, 1, 1)
factor_9 (1, 1, 1, 1, 1, 1, 1, 1, 1, 2, 1, 1, 1)
factor_10 (1, 1, 1, 1, 1, 1, 1, 1, 1, 1, 2, 1, 1)
factor_11 (1, 1, 1, 1, 1, 1, 1, 1, 1, 1, 1, 2, 1)
factor_12 (1, 1, 1, 1, 1, 1, 1, 1, 1, 1, 1, 1, 10)
Before train edge
Epoch: 0, Train loss: 2.3032912006378172, Validation loss: 2.3032912033081057, Validation accuracy: 0.1
After training edge
Train edge rank_125
factor_0 (2, 1, 1, 1, 1, 1, 1, 1, 1, 1, 1, 1, 1)
factor_1 (1, 2, 1, 1, 1, 1, 1, 1, 1, 1, 1, 1, 1)
factor_2 (1, 1, 2, 1, 1, 1, 1, 1, 1, 1, 1, 1, 1)
factor_3 (1, 1, 1, 2, 1, 1, 1, 1, 1, 1, 1, 1, 1)
factor_4 (1, 1, 1, 1, 2, 1, 1, 1, 1, 1, 1, 1, 1)
factor_5 (1, 1, 1, 1, 1, 2, 1, 1, 1, 1, 1, 1, 2)
factor_6 (1, 1, 1, 1, 1, 1, 2, 1, 1, 1, 1, 1, 1)
factor_7 (1, 1, 1, 1, 1, 1, 1, 2, 1, 1, 1, 1, 1)
factor_8 (1, 1, 1, 1, 1, 1, 1, 1, 2, 1, 1, 1, 1)
factor_9 (1, 1, 1, 1, 1, 1, 1, 1, 1, 2, 1, 1, 1)
factor_10 (1, 1, 1, 1, 1, 1, 1, 1, 1, 1, 2, 1, 1)
factor_11 (1, 1, 1, 1, 1, 1, 1, 1, 1, 1, 1, 2, 1)
factor_12 (1, 1, 1, 1, 1, 2, 1, 1, 1, 1, 1, 1, 10)
Before train edge
Epoch: 0, Train loss: 2.3032912085723876, Validation loss: 2.3032912033081057, Validation accuracy: 0.1
After training edge
Train edge rank_71
factor_0 (2, 1, 1, 1, 1, 1, 1, 1, 1, 1, 1, 1, 1)
factor_1 (1, 2, 1, 1, 1, 1, 1, 2, 1, 1, 1, 1, 1)
factor_2 (1, 1, 2, 1, 1, 1, 1, 1, 1, 1, 1, 1, 1)
factor_3 (1, 1, 1, 2, 1, 1, 1, 1, 1, 1, 1, 1, 1)
factor_4 (1, 1, 1, 1, 2, 1, 1, 1, 1, 1, 1, 1, 1)
factor_5 (1, 1, 1, 1, 1, 2, 1, 1, 1, 1, 1, 1, 1)
factor_6 (1, 1, 1, 1, 1, 1, 2, 1, 1, 1, 1, 1, 1)
factor_7 (1, 2, 1, 1, 1, 1, 1, 2, 1, 1, 1, 1, 1)
factor_8 (1, 1, 1, 1, 1, 1, 1, 1, 2, 1, 1, 1, 1)
factor_9 (1, 1, 1, 1, 1, 1, 1, 1, 1, 2, 1, 1, 1)
factor_10 (1, 1, 1, 1, 1, 1, 1, 1, 1, 1, 2, 1, 1)
factor_11 (1, 1, 1, 1, 1, 1, 1, 1, 1, 1, 1, 2, 1)
factor_12 (1, 1, 1, 1, 1, 1, 1, 1, 1, 1, 1, 1, 10)
Before train edge
Epoch: 0, Train loss: 2.303291206741333, Validation loss: 2.3032912033081057, Validation accuracy: 0.1
After training edge
Train edge rank_72
factor_0 (2, 1, 1, 1, 1, 1, 1, 1, 1, 1, 1, 1, 1)
factor_1 (1, 2, 1, 1, 1, 1, 1, 1, 1, 1, 1, 1, 1)
factor_2 (1, 1, 2, 1, 1, 1, 1, 2, 1, 1, 1, 1, 1)
factor_3 (1, 1, 1, 2, 1, 1, 1, 1, 1, 1, 1, 1, 1)
factor_4 (1, 1, 1, 1, 2, 1, 1, 1, 1, 1, 1, 1, 1)
factor_5 (1, 1, 1, 1, 1, 2, 1, 1, 1, 1, 1, 1, 1)
factor_6 (1, 1, 1, 1, 1, 1, 2, 1, 1, 1, 1, 1, 1)
factor_7 (1, 1, 2, 1, 1, 1, 1, 2, 1, 1, 1, 1, 1)
factor_8 (1, 1, 1, 1, 1, 1, 1, 1, 2, 1, 1, 1, 1)
factor_9 (1, 1, 1, 1, 1, 1, 1, 1, 1, 2, 1, 1, 1)
factor_10 (1, 1, 1, 1, 1, 1, 1, 1, 1, 1, 2, 1, 1)
factor_11 (1, 1, 1, 1, 1, 1, 1, 1, 1, 1, 1, 2, 1)
factor_12 (1, 1, 1, 1, 1, 1, 1, 1, 1, 1, 1, 1, 10)
Before train edge
Epoch: 0, Train loss: 2.3032912030792234, Validation loss: 2.3032912033081057, Validation accuracy: 0.1
After training edge
Train edge rank_127
factor_0 (2, 1, 1, 1, 1, 1, 1, 1, 1, 1, 1, 1, 1)
factor_1 (1, 2, 1, 1, 1, 1, 1, 1, 1, 1, 1, 1, 1)
factor_2 (1, 1, 2, 1, 1, 1, 1, 1, 1, 1, 1, 1, 1)
factor_3 (1, 1, 1, 2, 1, 1, 1, 1, 1, 1, 1, 1, 1)
factor_4 (1, 1, 1, 1, 2, 1, 1, 1, 1, 1, 1, 1, 1)
factor_5 (1, 1, 1, 1, 1, 2, 1, 1, 1, 1, 1, 1, 1)
factor_6 (1, 1, 1, 1, 1, 1, 2, 1, 1, 1, 1, 1, 1)
factor_7 (1, 1, 1, 1, 1, 1, 1, 2, 1, 1, 1, 1, 2)
factor_8 (1, 1, 1, 1, 1, 1, 1, 1, 2, 1, 1, 1, 1)
factor_9 (1, 1, 1, 1, 1, 1, 1, 1, 1, 2, 1, 1, 1)
factor_10 (1, 1, 1, 1, 1, 1, 1, 1, 1, 1, 2, 1, 1)
factor_11 (1, 1, 1, 1, 1, 1, 1, 1, 1, 1, 1, 2, 1)
factor_12 (1, 1, 1, 1, 1, 1, 1, 2, 1, 1, 1, 1, 10)
Before train edge
Epoch: 0, Train loss: 2.303291200027466, Validation loss: 2.3032912033081057, Validation accuracy: 0.1
After training edge
Train edge rank_82
factor_0 (2, 1, 1, 1, 1, 1, 1, 1, 1, 1, 1, 1, 1)
factor_1 (1, 2, 1, 1, 1, 1, 1, 1, 1, 1, 1, 1, 1)
factor_2 (1, 1, 2, 1, 1, 1, 1, 1, 2, 1, 1, 1, 1)
factor_3 (1, 1, 1, 2, 1, 1, 1, 1, 1, 1, 1, 1, 1)
factor_4 (1, 1, 1, 1, 2, 1, 1, 1, 1, 1, 1, 1, 1)
factor_5 (1, 1, 1, 1, 1, 2, 1, 1, 1, 1, 1, 1, 1)
factor_6 (1, 1, 1, 1, 1, 1, 2, 1, 1, 1, 1, 1, 1)
factor_7 (1, 1, 1, 1, 1, 1, 1, 2, 1, 1, 1, 1, 1)
factor_8 (1, 1, 2, 1, 1, 1, 1, 1, 2, 1, 1, 1, 1)
factor_9 (1, 1, 1, 1, 1, 1, 1, 1, 1, 2, 1, 1, 1)
factor_10 (1, 1, 1, 1, 1, 1, 1, 1, 1, 1, 2, 1, 1)
factor_11 (1, 1, 1, 1, 1, 1, 1, 1, 1, 1, 1, 2, 1)
factor_12 (1, 1, 1, 1, 1, 1, 1, 1, 1, 1, 1, 1, 10)
Before train edge
Epoch: 0, Train loss: 2.303291201019287, Validation loss: 2.3032912033081057, Validation accuracy: 0.1
After training edge
Train edge rank_92
factor_0 (2, 1, 1, 1, 1, 1, 1, 1, 1, 1, 1, 1, 1)
factor_1 (1, 2, 1, 1, 1, 1, 1, 1, 1, 1, 1, 1, 1)
factor_2 (1, 1, 2, 1, 1, 1, 1, 1, 1, 2, 1, 1, 1)
factor_3 (1, 1, 1, 2, 1, 1, 1, 1, 1, 1, 1, 1, 1)
factor_4 (1, 1, 1, 1, 2, 1, 1, 1, 1, 1, 1, 1, 1)
factor_5 (1, 1, 1, 1, 1, 2, 1, 1, 1, 1, 1, 1, 1)
factor_6 (1, 1, 1, 1, 1, 1, 2, 1, 1, 1, 1, 1, 1)
factor_7 (1, 1, 1, 1, 1, 1, 1, 2, 1, 1, 1, 1, 1)
factor_8 (1, 1, 1, 1, 1, 1, 1, 1, 2, 1, 1, 1, 1)
factor_9 (1, 1, 2, 1, 1, 1, 1, 1, 1, 2, 1, 1, 1)
factor_10 (1, 1, 1, 1, 1, 1, 1, 1, 1, 1, 2, 1, 1)
factor_11 (1, 1, 1, 1, 1, 1, 1, 1, 1, 1, 1, 2, 1)
factor_12 (1, 1, 1, 1, 1, 1, 1, 1, 1, 1, 1, 1, 10)
Before train edge
Epoch: 0, Train loss: 2.3032912085723876, Validation loss: 2.3032912033081057, Validation accuracy: 0.1
After training edge
Train edge rank_128
factor_0 (2, 1, 1, 1, 1, 1, 1, 1, 1, 1, 1, 1, 1)
factor_1 (1, 2, 1, 1, 1, 1, 1, 1, 1, 1, 1, 1, 1)
factor_2 (1, 1, 2, 1, 1, 1, 1, 1, 1, 1, 1, 1, 1)
factor_3 (1, 1, 1, 2, 1, 1, 1, 1, 1, 1, 1, 1, 1)
factor_4 (1, 1, 1, 1, 2, 1, 1, 1, 1, 1, 1, 1, 1)
factor_5 (1, 1, 1, 1, 1, 2, 1, 1, 1, 1, 1, 1, 1)
factor_6 (1, 1, 1, 1, 1, 1, 2, 1, 1, 1, 1, 1, 1)
factor_7 (1, 1, 1, 1, 1, 1, 1, 2, 1, 1, 1, 1, 1)
factor_8 (1, 1, 1, 1, 1, 1, 1, 1, 2, 1, 1, 1, 2)
factor_9 (1, 1, 1, 1, 1, 1, 1, 1, 1, 2, 1, 1, 1)
factor_10 (1, 1, 1, 1, 1, 1, 1, 1, 1, 1, 2, 1, 1)
factor_11 (1, 1, 1, 1, 1, 1, 1, 1, 1, 1, 1, 2, 1)
factor_12 (1, 1, 1, 1, 1, 1, 1, 1, 2, 1, 1, 1, 10)
Before train edge
Epoch: 0, Train loss: 2.3032912061309814, Validation loss: 2.3032912033081057, Validation accuracy: 0.1
After training edge
Train edge rank_96
factor_0 (2, 1, 1, 1, 1, 1, 1, 1, 1, 1, 1, 1, 1)
factor_1 (1, 2, 1, 1, 1, 1, 1, 1, 1, 1, 1, 1, 1)
factor_2 (1, 1, 2, 1, 1, 1, 1, 1, 1, 1, 1, 1, 1)
factor_3 (1, 1, 1, 2, 1, 1, 1, 1, 1, 1, 1, 1, 1)
factor_4 (1, 1, 1, 1, 2, 1, 1, 1, 1, 1, 1, 1, 1)
factor_5 (1, 1, 1, 1, 1, 2, 1, 1, 1, 1, 1, 1, 1)
factor_6 (1, 1, 1, 1, 1, 1, 2, 1, 1, 2, 1, 1, 1)
factor_7 (1, 1, 1, 1, 1, 1, 1, 2, 1, 1, 1, 1, 1)
factor_8 (1, 1, 1, 1, 1, 1, 1, 1, 2, 1, 1, 1, 1)
factor_9 (1, 1, 1, 1, 1, 1, 2, 1, 1, 2, 1, 1, 1)
factor_10 (1, 1, 1, 1, 1, 1, 1, 1, 1, 1, 2, 1, 1)
factor_11 (1, 1, 1, 1, 1, 1, 1, 1, 1, 1, 1, 2, 1)
factor_12 (1, 1, 1, 1, 1, 1, 1, 1, 1, 1, 1, 1, 10)
Before train edge
Epoch: 0, Train loss: 2.3032912034606934, Validation loss: 2.3032912033081057, Validation accuracy: 0.1
After training edge
Train edge rank_123
factor_0 (2, 1, 1, 1, 1, 1, 1, 1, 1, 1, 1, 1, 1)
factor_1 (1, 2, 1, 1, 1, 1, 1, 1, 1, 1, 1, 1, 1)
factor_2 (1, 1, 2, 1, 1, 1, 1, 1, 1, 1, 1, 1, 1)
factor_3 (1, 1, 1, 2, 1, 1, 1, 1, 1, 1, 1, 1, 2)
factor_4 (1, 1, 1, 1, 2, 1, 1, 1, 1, 1, 1, 1, 1)
factor_5 (1, 1, 1, 1, 1, 2, 1, 1, 1, 1, 1, 1, 1)
factor_6 (1, 1, 1, 1, 1, 1, 2, 1, 1, 1, 1, 1, 1)
factor_7 (1, 1, 1, 1, 1, 1, 1, 2, 1, 1, 1, 1, 1)
factor_8 (1, 1, 1, 1, 1, 1, 1, 1, 2, 1, 1, 1, 1)
factor_9 (1, 1, 1, 1, 1, 1, 1, 1, 1, 2, 1, 1, 1)
factor_10 (1, 1, 1, 1, 1, 1, 1, 1, 1, 1, 2, 1, 1)
factor_11 (1, 1, 1, 1, 1, 1, 1, 1, 1, 1, 1, 2, 1)
factor_12 (1, 1, 1, 2, 1, 1, 1, 1, 1, 1, 1, 1, 10)
Before train edge
Epoch: 0, Train loss: 2.3032912140655517, Validation loss: 2.3032912033081057, Validation accuracy: 0.1
After training edge
Train edge rank_91
factor_0 (2, 1, 1, 1, 1, 1, 1, 1, 1, 1, 1, 1, 1)
factor_1 (1, 2, 1, 1, 1, 1, 1, 1, 1, 2, 1, 1, 1)
factor_2 (1, 1, 2, 1, 1, 1, 1, 1, 1, 1, 1, 1, 1)
factor_3 (1, 1, 1, 2, 1, 1, 1, 1, 1, 1, 1, 1, 1)
factor_4 (1, 1, 1, 1, 2, 1, 1, 1, 1, 1, 1, 1, 1)
factor_5 (1, 1, 1, 1, 1, 2, 1, 1, 1, 1, 1, 1, 1)
factor_6 (1, 1, 1, 1, 1, 1, 2, 1, 1, 1, 1, 1, 1)
factor_7 (1, 1, 1, 1, 1, 1, 1, 2, 1, 1, 1, 1, 1)
factor_8 (1, 1, 1, 1, 1, 1, 1, 1, 2, 1, 1, 1, 1)
factor_9 (1, 2, 1, 1, 1, 1, 1, 1, 1, 2, 1, 1, 1)
factor_10 (1, 1, 1, 1, 1, 1, 1, 1, 1, 1, 2, 1, 1)
factor_11 (1, 1, 1, 1, 1, 1, 1, 1, 1, 1, 1, 2, 1)
factor_12 (1, 1, 1, 1, 1, 1, 1, 1, 1, 1, 1, 1, 10)
Before train edge
Epoch: 0, Train loss: 2.3032912077331544, Validation loss: 2.3032912033081057, Validation accuracy: 0.1
After training edge
Train edge rank_76
factor_0 (2, 1, 1, 1, 1, 1, 1, 1, 1, 1, 1, 1, 1)
factor_1 (1, 2, 1, 1, 1, 1, 1, 1, 1, 1, 1, 1, 1)
factor_2 (1, 1, 2, 1, 1, 1, 1, 1, 1, 1, 1, 1, 1)
factor_3 (1, 1, 1, 2, 1, 1, 1, 1, 1, 1, 1, 1, 1)
factor_4 (1, 1, 1, 1, 2, 1, 1, 1, 1, 1, 1, 1, 1)
factor_5 (1, 1, 1, 1, 1, 2, 1, 1, 1, 1, 1, 1, 1)
factor_6 (1, 1, 1, 1, 1, 1, 2, 2, 1, 1, 1, 1, 1)
factor_7 (1, 1, 1, 1, 1, 1, 2, 2, 1, 1, 1, 1, 1)
factor_8 (1, 1, 1, 1, 1, 1, 1, 1, 2, 1, 1, 1, 1)
factor_9 (1, 1, 1, 1, 1, 1, 1, 1, 1, 2, 1, 1, 1)
factor_10 (1, 1, 1, 1, 1, 1, 1, 1, 1, 1, 2, 1, 1)
factor_11 (1, 1, 1, 1, 1, 1, 1, 1, 1, 1, 1, 2, 1)
factor_12 (1, 1, 1, 1, 1, 1, 1, 1, 1, 1, 1, 1, 10)
Before train edge
Epoch: 0, Train loss: 2.303291206741333, Validation loss: 2.3032912033081057, Validation accuracy: 0.1
After training edge
Train edge rank_20
factor_0 (2, 1, 2, 1, 1, 1, 1, 1, 1, 1, 1, 1, 1)
factor_1 (1, 2, 1, 1, 1, 1, 1, 1, 1, 1, 1, 1, 1)
factor_2 (2, 1, 2, 1, 1, 1, 1, 1, 1, 1, 1, 1, 1)
factor_3 (1, 1, 1, 2, 1, 1, 1, 1, 1, 1, 1, 1, 1)
factor_4 (1, 1, 1, 1, 2, 1, 1, 1, 1, 1, 1, 1, 1)
factor_5 (1, 1, 1, 1, 1, 2, 1, 1, 1, 1, 1, 1, 1)
factor_6 (1, 1, 1, 1, 1, 1, 2, 1, 1, 1, 1, 1, 1)
factor_7 (1, 1, 1, 1, 1, 1, 1, 2, 1, 1, 1, 1, 1)
factor_8 (1, 1, 1, 1, 1, 1, 1, 1, 2, 1, 1, 1, 1)
factor_9 (1, 1, 1, 1, 1, 1, 1, 1, 1, 2, 1, 1, 1)
factor_10 (1, 1, 1, 1, 1, 1, 1, 1, 1, 1, 2, 1, 1)
factor_11 (1, 1, 1, 1, 1, 1, 1, 1, 1, 1, 1, 2, 1)
factor_12 (1, 1, 1, 1, 1, 1, 1, 1, 1, 1, 1, 1, 10)
Before train edge
Epoch: 0, Train loss: 2.3032912061309814, Validation loss: 2.3032912033081057, Validation accuracy: 0.1
After training edge
Train edge rank_122
factor_0 (2, 1, 1, 1, 1, 1, 1, 1, 1, 1, 1, 1, 1)
factor_1 (1, 2, 1, 1, 1, 1, 1, 1, 1, 1, 1, 1, 1)
factor_2 (1, 1, 2, 1, 1, 1, 1, 1, 1, 1, 1, 1, 2)
factor_3 (1, 1, 1, 2, 1, 1, 1, 1, 1, 1, 1, 1, 1)
factor_4 (1, 1, 1, 1, 2, 1, 1, 1, 1, 1, 1, 1, 1)
factor_5 (1, 1, 1, 1, 1, 2, 1, 1, 1, 1, 1, 1, 1)
factor_6 (1, 1, 1, 1, 1, 1, 2, 1, 1, 1, 1, 1, 1)
factor_7 (1, 1, 1, 1, 1, 1, 1, 2, 1, 1, 1, 1, 1)
factor_8 (1, 1, 1, 1, 1, 1, 1, 1, 2, 1, 1, 1, 1)
factor_9 (1, 1, 1, 1, 1, 1, 1, 1, 1, 2, 1, 1, 1)
factor_10 (1, 1, 1, 1, 1, 1, 1, 1, 1, 1, 2, 1, 1)
factor_11 (1, 1, 1, 1, 1, 1, 1, 1, 1, 1, 1, 2, 1)
factor_12 (1, 1, 2, 1, 1, 1, 1, 1, 1, 1, 1, 1, 10)
Before train edge
Epoch: 0, Train loss: 2.303291203689575, Validation loss: 2.3032912033081057, Validation accuracy: 0.1
After training edge
Train edge rank_103
factor_0 (2, 1, 1, 1, 1, 1, 1, 1, 1, 1, 1, 1, 1)
factor_1 (1, 2, 1, 1, 1, 1, 1, 1, 1, 1, 1, 1, 1)
factor_2 (1, 1, 2, 1, 1, 1, 1, 1, 1, 1, 1, 1, 1)
factor_3 (1, 1, 1, 2, 1, 1, 1, 1, 1, 1, 2, 1, 1)
factor_4 (1, 1, 1, 1, 2, 1, 1, 1, 1, 1, 1, 1, 1)
factor_5 (1, 1, 1, 1, 1, 2, 1, 1, 1, 1, 1, 1, 1)
factor_6 (1, 1, 1, 1, 1, 1, 2, 1, 1, 1, 1, 1, 1)
factor_7 (1, 1, 1, 1, 1, 1, 1, 2, 1, 1, 1, 1, 1)
factor_8 (1, 1, 1, 1, 1, 1, 1, 1, 2, 1, 1, 1, 1)
factor_9 (1, 1, 1, 1, 1, 1, 1, 1, 1, 2, 1, 1, 1)
factor_10 (1, 1, 1, 2, 1, 1, 1, 1, 1, 1, 2, 1, 1)
factor_11 (1, 1, 1, 1, 1, 1, 1, 1, 1, 1, 1, 2, 1)
factor_12 (1, 1, 1, 1, 1, 1, 1, 1, 1, 1, 1, 1, 10)
Before train edge
Epoch: 0, Train loss: 2.3032912104034424, Validation loss: 2.3032912033081057, Validation accuracy: 0.1
After training edge
Train edge rank_50
factor_0 (2, 1, 1, 1, 1, 2, 1, 1, 1, 1, 1, 1, 1)
factor_1 (1, 2, 1, 1, 1, 1, 1, 1, 1, 1, 1, 1, 1)
factor_2 (1, 1, 2, 1, 1, 1, 1, 1, 1, 1, 1, 1, 1)
factor_3 (1, 1, 1, 2, 1, 1, 1, 1, 1, 1, 1, 1, 1)
factor_4 (1, 1, 1, 1, 2, 1, 1, 1, 1, 1, 1, 1, 1)
factor_5 (2, 1, 1, 1, 1, 2, 1, 1, 1, 1, 1, 1, 1)
factor_6 (1, 1, 1, 1, 1, 1, 2, 1, 1, 1, 1, 1, 1)
factor_7 (1, 1, 1, 1, 1, 1, 1, 2, 1, 1, 1, 1, 1)
factor_8 (1, 1, 1, 1, 1, 1, 1, 1, 2, 1, 1, 1, 1)
factor_9 (1, 1, 1, 1, 1, 1, 1, 1, 1, 2, 1, 1, 1)
factor_10 (1, 1, 1, 1, 1, 1, 1, 1, 1, 1, 2, 1, 1)
factor_11 (1, 1, 1, 1, 1, 1, 1, 1, 1, 1, 1, 2, 1)
factor_12 (1, 1, 1, 1, 1, 1, 1, 1, 1, 1, 1, 1, 10)
Before train edge
Epoch: 0, Train loss: 2.303291202468872, Validation loss: 2.3032912033081057, Validation accuracy: 0.1
After training edge
Train edge rank_95
factor_0 (2, 1, 1, 1, 1, 1, 1, 1, 1, 1, 1, 1, 1)
factor_1 (1, 2, 1, 1, 1, 1, 1, 1, 1, 1, 1, 1, 1)
factor_2 (1, 1, 2, 1, 1, 1, 1, 1, 1, 1, 1, 1, 1)
factor_3 (1, 1, 1, 2, 1, 1, 1, 1, 1, 1, 1, 1, 1)
factor_4 (1, 1, 1, 1, 2, 1, 1, 1, 1, 1, 1, 1, 1)
factor_5 (1, 1, 1, 1, 1, 2, 1, 1, 1, 2, 1, 1, 1)
factor_6 (1, 1, 1, 1, 1, 1, 2, 1, 1, 1, 1, 1, 1)
factor_7 (1, 1, 1, 1, 1, 1, 1, 2, 1, 1, 1, 1, 1)
factor_8 (1, 1, 1, 1, 1, 1, 1, 1, 2, 1, 1, 1, 1)
factor_9 (1, 1, 1, 1, 1, 2, 1, 1, 1, 2, 1, 1, 1)
factor_10 (1, 1, 1, 1, 1, 1, 1, 1, 1, 1, 2, 1, 1)
factor_11 (1, 1, 1, 1, 1, 1, 1, 1, 1, 1, 1, 2, 1)
factor_12 (1, 1, 1, 1, 1, 1, 1, 1, 1, 1, 1, 1, 10)
Before train edge
Epoch: 0, Train loss: 2.3032912079620362, Validation loss: 2.3032912033081057, Validation accuracy: 0.1
After training edge
Train edge rank_86
factor_0 (2, 1, 1, 1, 1, 1, 1, 1, 1, 1, 1, 1, 1)
factor_1 (1, 2, 1, 1, 1, 1, 1, 1, 1, 1, 1, 1, 1)
factor_2 (1, 1, 2, 1, 1, 1, 1, 1, 1, 1, 1, 1, 1)
factor_3 (1, 1, 1, 2, 1, 1, 1, 1, 1, 1, 1, 1, 1)
factor_4 (1, 1, 1, 1, 2, 1, 1, 1, 1, 1, 1, 1, 1)
factor_5 (1, 1, 1, 1, 1, 2, 1, 1, 1, 1, 1, 1, 1)
factor_6 (1, 1, 1, 1, 1, 1, 2, 1, 2, 1, 1, 1, 1)
factor_7 (1, 1, 1, 1, 1, 1, 1, 2, 1, 1, 1, 1, 1)
factor_8 (1, 1, 1, 1, 1, 1, 2, 1, 2, 1, 1, 1, 1)
factor_9 (1, 1, 1, 1, 1, 1, 1, 1, 1, 2, 1, 1, 1)
factor_10 (1, 1, 1, 1, 1, 1, 1, 1, 1, 1, 2, 1, 1)
factor_11 (1, 1, 1, 1, 1, 1, 1, 1, 1, 1, 1, 2, 1)
factor_12 (1, 1, 1, 1, 1, 1, 1, 1, 1, 1, 1, 1, 10)
Before train edge
Epoch: 0, Train loss: 2.3032912085723876, Validation loss: 2.3032912033081057, Validation accuracy: 0.1
After training edge
Train edge rank_70
factor_0 (2, 1, 1, 1, 1, 1, 1, 2, 1, 1, 1, 1, 1)
factor_1 (1, 2, 1, 1, 1, 1, 1, 1, 1, 1, 1, 1, 1)
factor_2 (1, 1, 2, 1, 1, 1, 1, 1, 1, 1, 1, 1, 1)
factor_3 (1, 1, 1, 2, 1, 1, 1, 1, 1, 1, 1, 1, 1)
factor_4 (1, 1, 1, 1, 2, 1, 1, 1, 1, 1, 1, 1, 1)
factor_5 (1, 1, 1, 1, 1, 2, 1, 1, 1, 1, 1, 1, 1)
factor_6 (1, 1, 1, 1, 1, 1, 2, 1, 1, 1, 1, 1, 1)
factor_7 (2, 1, 1, 1, 1, 1, 1, 2, 1, 1, 1, 1, 1)
factor_8 (1, 1, 1, 1, 1, 1, 1, 1, 2, 1, 1, 1, 1)
factor_9 (1, 1, 1, 1, 1, 1, 1, 1, 1, 2, 1, 1, 1)
factor_10 (1, 1, 1, 1, 1, 1, 1, 1, 1, 1, 2, 1, 1)
factor_11 (1, 1, 1, 1, 1, 1, 1, 1, 1, 1, 1, 2, 1)
factor_12 (1, 1, 1, 1, 1, 1, 1, 1, 1, 1, 1, 1, 10)
Before train edge
Epoch: 0, Train loss: 2.303291206741333, Validation loss: 2.3032912033081057, Validation accuracy: 0.1
After training edge
Train edge rank_1110
factor_0 (2, 1, 1, 1, 1, 1, 1, 1, 1, 1, 1, 1, 1)
factor_1 (1, 2, 1, 1, 1, 1, 1, 1, 1, 1, 1, 1, 1)
factor_2 (1, 1, 2, 1, 1, 1, 1, 1, 1, 1, 1, 1, 1)
factor_3 (1, 1, 1, 2, 1, 1, 1, 1, 1, 1, 1, 1, 1)
factor_4 (1, 1, 1, 1, 2, 1, 1, 1, 1, 1, 1, 1, 1)
factor_5 (1, 1, 1, 1, 1, 2, 1, 1, 1, 1, 1, 1, 1)
factor_6 (1, 1, 1, 1, 1, 1, 2, 1, 1, 1, 1, 1, 1)
factor_7 (1, 1, 1, 1, 1, 1, 1, 2, 1, 1, 1, 1, 1)
factor_8 (1, 1, 1, 1, 1, 1, 1, 1, 2, 1, 1, 1, 1)
factor_9 (1, 1, 1, 1, 1, 1, 1, 1, 1, 2, 1, 1, 1)
factor_10 (1, 1, 1, 1, 1, 1, 1, 1, 1, 1, 2, 2, 1)
factor_11 (1, 1, 1, 1, 1, 1, 1, 1, 1, 1, 2, 2, 1)
factor_12 (1, 1, 1, 1, 1, 1, 1, 1, 1, 1, 1, 1, 10)
Before train edge
Epoch: 0, Train loss: 2.303291199798584, Validation loss: 2.3032912033081057, Validation accuracy: 0.1
After training edge
Train edge rank_60
factor_0 (2, 1, 1, 1, 1, 1, 2, 1, 1, 1, 1, 1, 1)
factor_1 (1, 2, 1, 1, 1, 1, 1, 1, 1, 1, 1, 1, 1)
factor_2 (1, 1, 2, 1, 1, 1, 1, 1, 1, 1, 1, 1, 1)
factor_3 (1, 1, 1, 2, 1, 1, 1, 1, 1, 1, 1, 1, 1)
factor_4 (1, 1, 1, 1, 2, 1, 1, 1, 1, 1, 1, 1, 1)
factor_5 (1, 1, 1, 1, 1, 2, 1, 1, 1, 1, 1, 1, 1)
factor_6 (2, 1, 1, 1, 1, 1, 2, 1, 1, 1, 1, 1, 1)
factor_7 (1, 1, 1, 1, 1, 1, 1, 2, 1, 1, 1, 1, 1)
factor_8 (1, 1, 1, 1, 1, 1, 1, 1, 2, 1, 1, 1, 1)
factor_9 (1, 1, 1, 1, 1, 1, 1, 1, 1, 2, 1, 1, 1)
factor_10 (1, 1, 1, 1, 1, 1, 1, 1, 1, 1, 2, 1, 1)
factor_11 (1, 1, 1, 1, 1, 1, 1, 1, 1, 1, 1, 2, 1)
factor_12 (1, 1, 1, 1, 1, 1, 1, 1, 1, 1, 1, 1, 10)
Before train edge
Epoch: 0, Train loss: 2.3032912101745606, Validation loss: 2.3032912033081057, Validation accuracy: 0.1
After training edge
Train edge rank_73
factor_0 (2, 1, 1, 1, 1, 1, 1, 1, 1, 1, 1, 1, 1)
factor_1 (1, 2, 1, 1, 1, 1, 1, 1, 1, 1, 1, 1, 1)
factor_2 (1, 1, 2, 1, 1, 1, 1, 1, 1, 1, 1, 1, 1)
factor_3 (1, 1, 1, 2, 1, 1, 1, 2, 1, 1, 1, 1, 1)
factor_4 (1, 1, 1, 1, 2, 1, 1, 1, 1, 1, 1, 1, 1)
factor_5 (1, 1, 1, 1, 1, 2, 1, 1, 1, 1, 1, 1, 1)
factor_6 (1, 1, 1, 1, 1, 1, 2, 1, 1, 1, 1, 1, 1)
factor_7 (1, 1, 1, 2, 1, 1, 1, 2, 1, 1, 1, 1, 1)
factor_8 (1, 1, 1, 1, 1, 1, 1, 1, 2, 1, 1, 1, 1)
factor_9 (1, 1, 1, 1, 1, 1, 1, 1, 1, 2, 1, 1, 1)
factor_10 (1, 1, 1, 1, 1, 1, 1, 1, 1, 1, 2, 1, 1)
factor_11 (1, 1, 1, 1, 1, 1, 1, 1, 1, 1, 1, 2, 1)
factor_12 (1, 1, 1, 1, 1, 1, 1, 1, 1, 1, 1, 1, 10)
Before train edge
Epoch: 0, Train loss: 2.30329120552063, Validation loss: 2.3032912033081057, Validation accuracy: 0.1
After training edge
Train edge rank_40
factor_0 (2, 1, 1, 1, 2, 1, 1, 1, 1, 1, 1, 1, 1)
factor_1 (1, 2, 1, 1, 1, 1, 1, 1, 1, 1, 1, 1, 1)
factor_2 (1, 1, 2, 1, 1, 1, 1, 1, 1, 1, 1, 1, 1)
factor_3 (1, 1, 1, 2, 1, 1, 1, 1, 1, 1, 1, 1, 1)
factor_4 (2, 1, 1, 1, 2, 1, 1, 1, 1, 1, 1, 1, 1)
factor_5 (1, 1, 1, 1, 1, 2, 1, 1, 1, 1, 1, 1, 1)
factor_6 (1, 1, 1, 1, 1, 1, 2, 1, 1, 1, 1, 1, 1)
factor_7 (1, 1, 1, 1, 1, 1, 1, 2, 1, 1, 1, 1, 1)
factor_8 (1, 1, 1, 1, 1, 1, 1, 1, 2, 1, 1, 1, 1)
factor_9 (1, 1, 1, 1, 1, 1, 1, 1, 1, 2, 1, 1, 1)
factor_10 (1, 1, 1, 1, 1, 1, 1, 1, 1, 1, 2, 1, 1)
factor_11 (1, 1, 1, 1, 1, 1, 1, 1, 1, 1, 1, 2, 1)
factor_12 (1, 1, 1, 1, 1, 1, 1, 1, 1, 1, 1, 1, 10)
Before train edge
Epoch: 0, Train loss: 2.303291199798584, Validation loss: 2.3032912033081057, Validation accuracy: 0.1
After training edge
Train edge rank_109
factor_0 (2, 1, 1, 1, 1, 1, 1, 1, 1, 1, 1, 1, 1)
factor_1 (1, 2, 1, 1, 1, 1, 1, 1, 1, 1, 1, 1, 1)
factor_2 (1, 1, 2, 1, 1, 1, 1, 1, 1, 1, 1, 1, 1)
factor_3 (1, 1, 1, 2, 1, 1, 1, 1, 1, 1, 1, 1, 1)
factor_4 (1, 1, 1, 1, 2, 1, 1, 1, 1, 1, 1, 1, 1)
factor_5 (1, 1, 1, 1, 1, 2, 1, 1, 1, 1, 1, 1, 1)
factor_6 (1, 1, 1, 1, 1, 1, 2, 1, 1, 1, 1, 1, 1)
factor_7 (1, 1, 1, 1, 1, 1, 1, 2, 1, 1, 1, 1, 1)
factor_8 (1, 1, 1, 1, 1, 1, 1, 1, 2, 1, 1, 1, 1)
factor_9 (1, 1, 1, 1, 1, 1, 1, 1, 1, 2, 2, 1, 1)
factor_10 (1, 1, 1, 1, 1, 1, 1, 1, 1, 2, 2, 1, 1)
factor_11 (1, 1, 1, 1, 1, 1, 1, 1, 1, 1, 1, 2, 1)
factor_12 (1, 1, 1, 1, 1, 1, 1, 1, 1, 1, 1, 1, 10)
Before train edge
Epoch: 0, Train loss: 2.303291201248169, Validation loss: 2.3032912033081057, Validation accuracy: 0.1
After training edge
Train edge rank_10
factor_0 (2, 2, 1, 1, 1, 1, 1, 1, 1, 1, 1, 1, 1)
factor_1 (2, 2, 1, 1, 1, 1, 1, 1, 1, 1, 1, 1, 1)
factor_2 (1, 1, 2, 1, 1, 1, 1, 1, 1, 1, 1, 1, 1)
factor_3 (1, 1, 1, 2, 1, 1, 1, 1, 1, 1, 1, 1, 1)
factor_4 (1, 1, 1, 1, 2, 1, 1, 1, 1, 1, 1, 1, 1)
factor_5 (1, 1, 1, 1, 1, 2, 1, 1, 1, 1, 1, 1, 1)
factor_6 (1, 1, 1, 1, 1, 1, 2, 1, 1, 1, 1, 1, 1)
factor_7 (1, 1, 1, 1, 1, 1, 1, 2, 1, 1, 1, 1, 1)
factor_8 (1, 1, 1, 1, 1, 1, 1, 1, 2, 1, 1, 1, 1)
factor_9 (1, 1, 1, 1, 1, 1, 1, 1, 1, 2, 1, 1, 1)
factor_10 (1, 1, 1, 1, 1, 1, 1, 1, 1, 1, 2, 1, 1)
factor_11 (1, 1, 1, 1, 1, 1, 1, 1, 1, 1, 1, 2, 1)
factor_12 (1, 1, 1, 1, 1, 1, 1, 1, 1, 1, 1, 1, 10)
Before train edge
Epoch: 0, Train loss: 2.3032912122344973, Validation loss: 2.3032912033081057, Validation accuracy: 0.1
After training edge
Train edge rank_41
factor_0 (2, 1, 1, 1, 1, 1, 1, 1, 1, 1, 1, 1, 1)
factor_1 (1, 2, 1, 1, 2, 1, 1, 1, 1, 1, 1, 1, 1)
factor_2 (1, 1, 2, 1, 1, 1, 1, 1, 1, 1, 1, 1, 1)
factor_3 (1, 1, 1, 2, 1, 1, 1, 1, 1, 1, 1, 1, 1)
factor_4 (1, 2, 1, 1, 2, 1, 1, 1, 1, 1, 1, 1, 1)
factor_5 (1, 1, 1, 1, 1, 2, 1, 1, 1, 1, 1, 1, 1)
factor_6 (1, 1, 1, 1, 1, 1, 2, 1, 1, 1, 1, 1, 1)
factor_7 (1, 1, 1, 1, 1, 1, 1, 2, 1, 1, 1, 1, 1)
factor_8 (1, 1, 1, 1, 1, 1, 1, 1, 2, 1, 1, 1, 1)
factor_9 (1, 1, 1, 1, 1, 1, 1, 1, 1, 2, 1, 1, 1)
factor_10 (1, 1, 1, 1, 1, 1, 1, 1, 1, 1, 2, 1, 1)
factor_11 (1, 1, 1, 1, 1, 1, 1, 1, 1, 1, 1, 2, 1)
factor_12 (1, 1, 1, 1, 1, 1, 1, 1, 1, 1, 1, 1, 10)
Before train edge
Epoch: 0, Train loss: 2.30329120552063, Validation loss: 2.3032912033081057, Validation accuracy: 0.1
After training edge
Train edge rank_93
factor_0 (2, 1, 1, 1, 1, 1, 1, 1, 1, 1, 1, 1, 1)
factor_1 (1, 2, 1, 1, 1, 1, 1, 1, 1, 1, 1, 1, 1)
factor_2 (1, 1, 2, 1, 1, 1, 1, 1, 1, 1, 1, 1, 1)
factor_3 (1, 1, 1, 2, 1, 1, 1, 1, 1, 2, 1, 1, 1)
factor_4 (1, 1, 1, 1, 2, 1, 1, 1, 1, 1, 1, 1, 1)
factor_5 (1, 1, 1, 1, 1, 2, 1, 1, 1, 1, 1, 1, 1)
factor_6 (1, 1, 1, 1, 1, 1, 2, 1, 1, 1, 1, 1, 1)
factor_7 (1, 1, 1, 1, 1, 1, 1, 2, 1, 1, 1, 1, 1)
factor_8 (1, 1, 1, 1, 1, 1, 1, 1, 2, 1, 1, 1, 1)
factor_9 (1, 1, 1, 2, 1, 1, 1, 1, 1, 2, 1, 1, 1)
factor_10 (1, 1, 1, 1, 1, 1, 1, 1, 1, 1, 2, 1, 1)
factor_11 (1, 1, 1, 1, 1, 1, 1, 1, 1, 1, 1, 2, 1)
factor_12 (1, 1, 1, 1, 1, 1, 1, 1, 1, 1, 1, 1, 10)
Before train edge
Epoch: 0, Train loss: 2.3032912040710447, Validation loss: 2.3032912033081057, Validation accuracy: 0.1
After training edge
Train edge rank_54
factor_0 (2, 1, 1, 1, 1, 1, 1, 1, 1, 1, 1, 1, 1)
factor_1 (1, 2, 1, 1, 1, 1, 1, 1, 1, 1, 1, 1, 1)
factor_2 (1, 1, 2, 1, 1, 1, 1, 1, 1, 1, 1, 1, 1)
factor_3 (1, 1, 1, 2, 1, 1, 1, 1, 1, 1, 1, 1, 1)
factor_4 (1, 1, 1, 1, 2, 2, 1, 1, 1, 1, 1, 1, 1)
factor_5 (1, 1, 1, 1, 2, 2, 1, 1, 1, 1, 1, 1, 1)
factor_6 (1, 1, 1, 1, 1, 1, 2, 1, 1, 1, 1, 1, 1)
factor_7 (1, 1, 1, 1, 1, 1, 1, 2, 1, 1, 1, 1, 1)
factor_8 (1, 1, 1, 1, 1, 1, 1, 1, 2, 1, 1, 1, 1)
factor_9 (1, 1, 1, 1, 1, 1, 1, 1, 1, 2, 1, 1, 1)
factor_10 (1, 1, 1, 1, 1, 1, 1, 1, 1, 1, 2, 1, 1)
factor_11 (1, 1, 1, 1, 1, 1, 1, 1, 1, 1, 1, 2, 1)
factor_12 (1, 1, 1, 1, 1, 1, 1, 1, 1, 1, 1, 1, 10)
Before train edge
Epoch: 0, Train loss: 2.303291204299927, Validation loss: 2.303291206359863, Validation accuracy: 0.1
After training edge
Train edge rank_108
factor_0 (2, 1, 1, 1, 1, 1, 1, 1, 1, 1, 1, 1, 1)
factor_1 (1, 2, 1, 1, 1, 1, 1, 1, 1, 1, 1, 1, 1)
factor_2 (1, 1, 2, 1, 1, 1, 1, 1, 1, 1, 1, 1, 1)
factor_3 (1, 1, 1, 2, 1, 1, 1, 1, 1, 1, 1, 1, 1)
factor_4 (1, 1, 1, 1, 2, 1, 1, 1, 1, 1, 1, 1, 1)
factor_5 (1, 1, 1, 1, 1, 2, 1, 1, 1, 1, 1, 1, 1)
factor_6 (1, 1, 1, 1, 1, 1, 2, 1, 1, 1, 1, 1, 1)
factor_7 (1, 1, 1, 1, 1, 1, 1, 2, 1, 1, 1, 1, 1)
factor_8 (1, 1, 1, 1, 1, 1, 1, 1, 2, 1, 2, 1, 1)
factor_9 (1, 1, 1, 1, 1, 1, 1, 1, 1, 2, 1, 1, 1)
factor_10 (1, 1, 1, 1, 1, 1, 1, 1, 2, 1, 2, 1, 1)
factor_11 (1, 1, 1, 1, 1, 1, 1, 1, 1, 1, 1, 2, 1)
factor_12 (1, 1, 1, 1, 1, 1, 1, 1, 1, 1, 1, 1, 10)
Before train edge
Epoch: 0, Train loss: 2.30329120552063, Validation loss: 2.3032912033081057, Validation accuracy: 0.1
After training edge
Train edge rank_80
factor_0 (2, 1, 1, 1, 1, 1, 1, 1, 2, 1, 1, 1, 1)
factor_1 (1, 2, 1, 1, 1, 1, 1, 1, 1, 1, 1, 1, 1)
factor_2 (1, 1, 2, 1, 1, 1, 1, 1, 1, 1, 1, 1, 1)
factor_3 (1, 1, 1, 2, 1, 1, 1, 1, 1, 1, 1, 1, 1)
factor_4 (1, 1, 1, 1, 2, 1, 1, 1, 1, 1, 1, 1, 1)
factor_5 (1, 1, 1, 1, 1, 2, 1, 1, 1, 1, 1, 1, 1)
factor_6 (1, 1, 1, 1, 1, 1, 2, 1, 1, 1, 1, 1, 1)
factor_7 (1, 1, 1, 1, 1, 1, 1, 2, 1, 1, 1, 1, 1)
factor_8 (2, 1, 1, 1, 1, 1, 1, 1, 2, 1, 1, 1, 1)
factor_9 (1, 1, 1, 1, 1, 1, 1, 1, 1, 2, 1, 1, 1)
factor_10 (1, 1, 1, 1, 1, 1, 1, 1, 1, 1, 2, 1, 1)
factor_11 (1, 1, 1, 1, 1, 1, 1, 1, 1, 1, 1, 2, 1)
factor_12 (1, 1, 1, 1, 1, 1, 1, 1, 1, 1, 1, 1, 10)
Before train edge
Epoch: 0, Train loss: 2.3032912018585203, Validation loss: 2.3032912033081057, Validation accuracy: 0.1
After training edge
Train edge rank_113
factor_0 (2, 1, 1, 1, 1, 1, 1, 1, 1, 1, 1, 1, 1)
factor_1 (1, 2, 1, 1, 1, 1, 1, 1, 1, 1, 1, 1, 1)
factor_2 (1, 1, 2, 1, 1, 1, 1, 1, 1, 1, 1, 1, 1)
factor_3 (1, 1, 1, 2, 1, 1, 1, 1, 1, 1, 1, 2, 1)
factor_4 (1, 1, 1, 1, 2, 1, 1, 1, 1, 1, 1, 1, 1)
factor_5 (1, 1, 1, 1, 1, 2, 1, 1, 1, 1, 1, 1, 1)
factor_6 (1, 1, 1, 1, 1, 1, 2, 1, 1, 1, 1, 1, 1)
factor_7 (1, 1, 1, 1, 1, 1, 1, 2, 1, 1, 1, 1, 1)
factor_8 (1, 1, 1, 1, 1, 1, 1, 1, 2, 1, 1, 1, 1)
factor_9 (1, 1, 1, 1, 1, 1, 1, 1, 1, 2, 1, 1, 1)
factor_10 (1, 1, 1, 1, 1, 1, 1, 1, 1, 1, 2, 1, 1)
factor_11 (1, 1, 1, 2, 1, 1, 1, 1, 1, 1, 1, 2, 1)
factor_12 (1, 1, 1, 1, 1, 1, 1, 1, 1, 1, 1, 1, 10)
Before train edge
Epoch: 0, Train loss: 2.3032912073516845, Validation loss: 2.3032912033081057, Validation accuracy: 0.1
After training edge
factor_0 (2, 1, 1, 1, 1, 1, 1, 1, 1, 1, 1, 1, 1)
factor_1 (1, 2, 1, 1, 1, 1, 1, 1, 1, 1, 1, 1, 1)
factor_2 (1, 1, 2, 1, 1, 1, 1, 1, 1, 1, 1, 1, 1)
factor_3 (1, 1, 1, 2, 1, 1, 1, 1, 1, 1, 1, 2, 1)
factor_4 (1, 1, 1, 1, 2, 1, 1, 1, 1, 1, 1, 1, 1)
factor_5 (1, 1, 1, 1, 1, 2, 1, 1, 1, 1, 1, 1, 1)
factor_6 (1, 1, 1, 1, 1, 1, 2, 1, 1, 1, 1, 1, 1)
factor_7 (1, 1, 1, 1, 1, 1, 1, 2, 1, 1, 1, 1, 1)
factor_8 (1, 1, 1, 1, 1, 1, 1, 1, 2, 1, 1, 1, 1)
factor_9 (1, 1, 1, 1, 1, 1, 1, 1, 1, 2, 1, 1, 1)
factor_10 (1, 1, 1, 1, 1, 1, 1, 1, 1, 1, 2, 1, 1)
factor_11 (1, 1, 1, 2, 1, 1, 1, 1, 1, 1, 1, 2, 1)
factor_12 (1, 1, 1, 1, 1, 1, 1, 1, 1, 1, 1, 1, 10)
Choosen edge between factor_7 and factor_5
After step 0
--ranks '[[2, 1, 1, 1, 1, 1, 1, 1, 1, 1, 1, 1, 1], [1, 2, 1, 1, 1, 1, 1, 1, 1, 1, 1, 1, 1], [1, 1, 2, 1, 1, 1, 1, 1, 1, 1, 1, 1, 1], [1, 1, 1, 2, 1, 1, 1, 1, 1, 1, 1, 1, 1], [1, 1, 1, 1, 2, 1, 1, 1, 1, 1, 1, 1, 1], [1, 1, 1, 1, 1, 2, 1, 2, 1, 1, 1, 1, 1], [1, 1, 1, 1, 1, 1, 2, 1, 1, 1, 1, 1, 1], [1, 1, 1, 1, 1, 2, 1, 2, 1, 1, 1, 1, 1], [1, 1, 1, 1, 1, 1, 1, 1, 2, 1, 1, 1, 1], [1, 1, 1, 1, 1, 1, 1, 1, 1, 2, 1, 1, 1], [1, 1, 1, 1, 1, 1, 1, 1, 1, 1, 2, 1, 1], [1, 1, 1, 1, 1, 1, 1, 1, 1, 1, 1, 2, 1], [1, 1, 1, 1, 1, 1, 1, 1, 1, 1, 1, 1, 10]]'
Train full model
factor_0 (2, 1, 1, 1, 1, 1, 1, 1, 1, 1, 1, 1, 1)
factor_1 (1, 2, 1, 1, 1, 1, 1, 1, 1, 1, 1, 1, 1)
factor_2 (1, 1, 2, 1, 1, 1, 1, 1, 1, 1, 1, 1, 1)
factor_3 (1, 1, 1, 2, 1, 1, 1, 1, 1, 1, 1, 1, 1)
factor_4 (1, 1, 1, 1, 2, 1, 1, 1, 1, 1, 1, 1, 1)
factor_5 (1, 1, 1, 1, 1, 2, 1, 2, 1, 1, 1, 1, 1)
factor_6 (1, 1, 1, 1, 1, 1, 2, 1, 1, 1, 1, 1, 1)
factor_7 (1, 1, 1, 1, 1, 2, 1, 2, 1, 1, 1, 1, 1)
factor_8 (1, 1, 1, 1, 1, 1, 1, 1, 2, 1, 1, 1, 1)
factor_9 (1, 1, 1, 1, 1, 1, 1, 1, 1, 2, 1, 1, 1)
factor_10 (1, 1, 1, 1, 1, 1, 1, 1, 1, 1, 2, 1, 1)
factor_11 (1, 1, 1, 1, 1, 1, 1, 1, 1, 1, 1, 2, 1)
factor_12 (1, 1, 1, 1, 1, 1, 1, 1, 1, 1, 1, 1, 10)
Epoch: 0, Train loss: 2.3044403046417234, Validation loss: 2.3038639526367186, Validation accuracy: 0.1
Epoch: 1, Train loss: 2.3046028913879395, Validation loss: 2.305626820373535, Validation accuracy: 0.1
Epoch: 2, Train loss: 2.304787249984741, Validation loss: 2.3039403930664064, Validation accuracy: 0.1
Epoch: 3, Train loss: 2.304551244659424, Validation loss: 2.3036347496032716, Validation accuracy: 0.1
Epoch: 4, Train loss: 2.304531279449463, Validation loss: 2.303729543685913, Validation accuracy: 0.1
Epoch: 5, Train loss: 2.30459663230896, Validation loss: 2.3049859031677244, Validation accuracy: 0.1
Epoch: 6, Train loss: 2.304591579437256, Validation loss: 2.3037289901733398, Validation accuracy: 0.1
Epoch: 7, Train loss: 2.3045575714111326, Validation loss: 2.303647247314453, Validation accuracy: 0.1
Train edge rank_108
factor_0 (2, 1, 1, 1, 1, 1, 1, 1, 1, 1, 1, 1, 1)
factor_1 (1, 2, 1, 1, 1, 1, 1, 1, 1, 1, 1, 1, 1)
factor_2 (1, 1, 2, 1, 1, 1, 1, 1, 1, 1, 1, 1, 1)
factor_3 (1, 1, 1, 2, 1, 1, 1, 1, 1, 1, 1, 1, 1)
factor_4 (1, 1, 1, 1, 2, 1, 1, 1, 1, 1, 1, 1, 1)
factor_5 (1, 1, 1, 1, 1, 2, 1, 2, 1, 1, 1, 1, 1)
factor_6 (1, 1, 1, 1, 1, 1, 2, 1, 1, 1, 1, 1, 1)
factor_7 (1, 1, 1, 1, 1, 2, 1, 2, 1, 1, 1, 1, 1)
factor_8 (1, 1, 1, 1, 1, 1, 1, 1, 2, 1, 2, 1, 1)
factor_9 (1, 1, 1, 1, 1, 1, 1, 1, 1, 2, 1, 1, 1)
factor_10 (1, 1, 1, 1, 1, 1, 1, 1, 2, 1, 2, 1, 1)
factor_11 (1, 1, 1, 1, 1, 1, 1, 1, 1, 1, 1, 2, 1)
factor_12 (1, 1, 1, 1, 1, 1, 1, 1, 1, 1, 1, 1, 10)
Before train edge
Epoch: 0, Train loss: 2.3036472425079344, Validation loss: 2.303647247314453, Validation accuracy: 0.1
After training edge
Train edge rank_109
factor_0 (2, 1, 1, 1, 1, 1, 1, 1, 1, 1, 1, 1, 1)
factor_1 (1, 2, 1, 1, 1, 1, 1, 1, 1, 1, 1, 1, 1)
factor_2 (1, 1, 2, 1, 1, 1, 1, 1, 1, 1, 1, 1, 1)
factor_3 (1, 1, 1, 2, 1, 1, 1, 1, 1, 1, 1, 1, 1)
factor_4 (1, 1, 1, 1, 2, 1, 1, 1, 1, 1, 1, 1, 1)
factor_5 (1, 1, 1, 1, 1, 2, 1, 2, 1, 1, 1, 1, 1)
factor_6 (1, 1, 1, 1, 1, 1, 2, 1, 1, 1, 1, 1, 1)
factor_7 (1, 1, 1, 1, 1, 2, 1, 2, 1, 1, 1, 1, 1)
factor_8 (1, 1, 1, 1, 1, 1, 1, 1, 2, 1, 1, 1, 1)
factor_9 (1, 1, 1, 1, 1, 1, 1, 1, 1, 2, 2, 1, 1)
factor_10 (1, 1, 1, 1, 1, 1, 1, 1, 1, 2, 2, 1, 1)
factor_11 (1, 1, 1, 1, 1, 1, 1, 1, 1, 1, 1, 2, 1)
factor_12 (1, 1, 1, 1, 1, 1, 1, 1, 1, 1, 1, 1, 10)
Before train edge
