['ResNet-Greedy-TN-TRL-tensorized-full.py', '--tensorization', '4', '4', '4', '4', '4', '4', '--seed', '6', '--device', 'cuda:3', '--full_train', '8', '--edge_train', '1', '--slice_gain', '0.000000001']
Initializing dataloader
Files already downloaded and verified
Files already downloaded and verified
Dataloader has initialized
Initializing model
Model initialized
factor_0 (4, 1, 1, 1, 1, 1, 1)
factor_1 (1, 4, 1, 1, 1, 1, 1)
factor_2 (1, 1, 4, 1, 1, 1, 1)
factor_3 (1, 1, 1, 4, 1, 1, 1)
factor_4 (1, 1, 1, 1, 4, 1, 1)
factor_5 (1, 1, 1, 1, 1, 4, 1)
factor_6 (1, 1, 1, 1, 1, 1, 10)
Testing model
Tests passed
Warm up model
Adjusting learning rate of group 0 to 1.0000e-02.
Adjusting learning rate of group 0 to 2.0000e-02.
Epoch: 0, Train loss: nan, Validation loss: nan, Validation accuracy: 0.1
