['ResNet-Greedy-TN.py', '--learning_rate', '0.08', '--warmup', '10', '--network', 'resnet', '--classifier', 'full', '--tensorization', '2', '2', '2', '2', '2', '2', '2', '2', '2', '2', '2', '2', '--seed', '16', '--device', 'cuda:2', '--full_train', '8', '--edge_train', '1', '--slice_gain', '0.000000001', '--iterations', '40']
Initializing dataloader
Files already downloaded and verified
Files already downloaded and verified
Dataloader has initialized
Initializing model
Model initialized
[2, 1, 1, 1, 1, 1, 1, 1, 1, 1, 1, 1, 1]
[1, 2, 1, 1, 1, 1, 1, 1, 1, 1, 1, 1, 1]
[1, 1, 2, 1, 1, 1, 1, 1, 1, 1, 1, 1, 1]
[1, 1, 1, 2, 1, 1, 1, 1, 1, 1, 1, 1, 1]
[1, 1, 1, 1, 2, 1, 1, 1, 1, 1, 1, 1, 1]
[1, 1, 1, 1, 1, 2, 1, 1, 1, 1, 1, 1, 1]
[1, 1, 1, 1, 1, 1, 2, 1, 1, 1, 1, 1, 1]
[1, 1, 1, 1, 1, 1, 1, 2, 1, 1, 1, 1, 1]
[1, 1, 1, 1, 1, 1, 1, 1, 2, 1, 1, 1, 1]
[1, 1, 1, 1, 1, 1, 1, 1, 1, 2, 1, 1, 1]
[1, 1, 1, 1, 1, 1, 1, 1, 1, 1, 2, 1, 1]
[1, 1, 1, 1, 1, 1, 1, 1, 1, 1, 1, 2, 1]
[1, 1, 1, 1, 1, 1, 1, 1, 1, 1, 1, 1, 10]
Testing model
Tests passed
Warm up model
Adjusting learning rate of group 0 to 8.0000e-03.
Adjusting learning rate of group 0 to 1.6000e-02.
Epoch: 0, Train loss: 2.1403312362670897, Validation loss: 1.8685836837768555, Validation accuracy: 0.2233
Adjusting learning rate of group 0 to 2.4000e-02.
Epoch: 1, Train loss: 1.8582438427734376, Validation loss: 1.8507571365356446, Validation accuracy: 0.2429
Adjusting learning rate of group 0 to 3.2000e-02.
Epoch: 2, Train loss: 1.7652780297851562, Validation loss: 1.8315057245254516, Validation accuracy: 0.2921
Adjusting learning rate of group 0 to 4.0000e-02.
Epoch: 3, Train loss: 1.6899749573516847, Validation loss: 2.027091647720337, Validation accuracy: 0.3144
Adjusting learning rate of group 0 to 4.8000e-02.
Epoch: 4, Train loss: 1.6335466304779054, Validation loss: 1.5972097009658814, Validation accuracy: 0.3316
Adjusting learning rate of group 0 to 5.6000e-02.
Epoch: 5, Train loss: 1.6059462524414063, Validation loss: 1.7144481281280517, Validation accuracy: 0.3053
Adjusting learning rate of group 0 to 6.4000e-02.
Epoch: 6, Train loss: 1.6194726901626586, Validation loss: 1.5572584436416625, Validation accuracy: 0.3664
Adjusting learning rate of group 0 to 7.2000e-02.
Epoch: 7, Train loss: 1.5757489252090453, Validation loss: 1.564357525062561, Validation accuracy: 0.3421
Adjusting learning rate of group 0 to 8.0000e-02.
Epoch: 8, Train loss: 1.592460860671997, Validation loss: 1.5752630725860595, Validation accuracy: 0.4074
Adjusting learning rate of group 0 to 8.0000e-02.
Epoch: 9, Train loss: 1.5969769987106324, Validation loss: 1.749507650756836, Validation accuracy: 0.3778
Stop warm up model
Choosign ranks
Train full model
[2, 1, 1, 1, 1, 1, 1, 1, 1, 1, 1, 1, 1]
[1, 2, 1, 1, 1, 1, 1, 1, 1, 1, 1, 1, 1]
[1, 1, 2, 1, 1, 1, 1, 1, 1, 1, 1, 1, 1]
[1, 1, 1, 2, 1, 1, 1, 1, 1, 1, 1, 1, 1]
[1, 1, 1, 1, 2, 1, 1, 1, 1, 1, 1, 1, 1]
[1, 1, 1, 1, 1, 2, 1, 1, 1, 1, 1, 1, 1]
[1, 1, 1, 1, 1, 1, 2, 1, 1, 1, 1, 1, 1]
[1, 1, 1, 1, 1, 1, 1, 2, 1, 1, 1, 1, 1]
[1, 1, 1, 1, 1, 1, 1, 1, 2, 1, 1, 1, 1]
[1, 1, 1, 1, 1, 1, 1, 1, 1, 2, 1, 1, 1]
[1, 1, 1, 1, 1, 1, 1, 1, 1, 1, 2, 1, 1]
[1, 1, 1, 1, 1, 1, 1, 1, 1, 1, 1, 2, 1]
[1, 1, 1, 1, 1, 1, 1, 1, 1, 1, 1, 1, 10]
Epoch: 0, Train loss: 1.5795592805862426, Validation loss: 1.5129589754104613, Validation accuracy: 0.4357
Epoch: 1, Train loss: 1.7249834125137329, Validation loss: 1.6904854707717896, Validation accuracy: 0.3044
Epoch: 2, Train loss: 1.5619049968719483, Validation loss: 1.870053815460205, Validation accuracy: 0.3211
Epoch: 3, Train loss: 1.4823680405426025, Validation loss: 1.609117896270752, Validation accuracy: 0.4094
Epoch: 4, Train loss: 1.4660339122390746, Validation loss: 1.4204730615615844, Validation accuracy: 0.4506
Epoch: 5, Train loss: 1.4514765148162843, Validation loss: 1.4967086296081542, Validation accuracy: 0.4257
Epoch: 6, Train loss: 1.4151571281433106, Validation loss: 1.3356187910079955, Validation accuracy: 0.5218
Epoch: 7, Train loss: 1.4166307330703736, Validation loss: 1.3414468362808227, Validation accuracy: 0.4846
Train edge rank_75
[2, 1, 1, 1, 1, 1, 1, 1, 1, 1, 1, 1, 1]
[1, 2, 1, 1, 1, 1, 1, 1, 1, 1, 1, 1, 1]
[1, 1, 2, 1, 1, 1, 1, 1, 1, 1, 1, 1, 1]
[1, 1, 1, 2, 1, 1, 1, 1, 1, 1, 1, 1, 1]
[1, 1, 1, 1, 2, 1, 1, 1, 1, 1, 1, 1, 1]
[1, 1, 1, 1, 1, 2, 1, 2, 1, 1, 1, 1, 1]
[1, 1, 1, 1, 1, 1, 2, 1, 1, 1, 1, 1, 1]
[1, 1, 1, 1, 1, 2, 1, 2, 1, 1, 1, 1, 1]
[1, 1, 1, 1, 1, 1, 1, 1, 2, 1, 1, 1, 1]
[1, 1, 1, 1, 1, 1, 1, 1, 1, 2, 1, 1, 1]
[1, 1, 1, 1, 1, 1, 1, 1, 1, 1, 2, 1, 1]
[1, 1, 1, 1, 1, 1, 1, 1, 1, 1, 1, 2, 1]
[1, 1, 1, 1, 1, 1, 1, 1, 1, 1, 1, 1, 10]
Before train edge
Epoch: 0, Train loss: 1.325602846031189, Validation loss: 1.3186570291519164, Validation accuracy: 0.4927
After training edge
Train edge rank_52
[2, 1, 1, 1, 1, 1, 1, 1, 1, 1, 1, 1, 1]
[1, 2, 1, 1, 1, 1, 1, 1, 1, 1, 1, 1, 1]
[1, 1, 2, 1, 1, 2, 1, 1, 1, 1, 1, 1, 1]
[1, 1, 1, 2, 1, 1, 1, 1, 1, 1, 1, 1, 1]
[1, 1, 1, 1, 2, 1, 1, 1, 1, 1, 1, 1, 1]
[1, 1, 2, 1, 1, 2, 1, 1, 1, 1, 1, 1, 1]
[1, 1, 1, 1, 1, 1, 2, 1, 1, 1, 1, 1, 1]
[1, 1, 1, 1, 1, 1, 1, 2, 1, 1, 1, 1, 1]
[1, 1, 1, 1, 1, 1, 1, 1, 2, 1, 1, 1, 1]
[1, 1, 1, 1, 1, 1, 1, 1, 1, 2, 1, 1, 1]
[1, 1, 1, 1, 1, 1, 1, 1, 1, 1, 2, 1, 1]
[1, 1, 1, 1, 1, 1, 1, 1, 1, 1, 1, 2, 1]
[1, 1, 1, 1, 1, 1, 1, 1, 1, 1, 1, 1, 10]
Before train edge
Epoch: 0, Train loss: 1.3284210594558716, Validation loss: 1.3175216320037841, Validation accuracy: 0.4935
After training edge
Train edge rank_124
[2, 1, 1, 1, 1, 1, 1, 1, 1, 1, 1, 1, 1]
[1, 2, 1, 1, 1, 1, 1, 1, 1, 1, 1, 1, 1]
[1, 1, 2, 1, 1, 1, 1, 1, 1, 1, 1, 1, 1]
[1, 1, 1, 2, 1, 1, 1, 1, 1, 1, 1, 1, 1]
[1, 1, 1, 1, 2, 1, 1, 1, 1, 1, 1, 1, 2]
[1, 1, 1, 1, 1, 2, 1, 1, 1, 1, 1, 1, 1]
[1, 1, 1, 1, 1, 1, 2, 1, 1, 1, 1, 1, 1]
[1, 1, 1, 1, 1, 1, 1, 2, 1, 1, 1, 1, 1]
[1, 1, 1, 1, 1, 1, 1, 1, 2, 1, 1, 1, 1]
[1, 1, 1, 1, 1, 1, 1, 1, 1, 2, 1, 1, 1]
[1, 1, 1, 1, 1, 1, 1, 1, 1, 1, 2, 1, 1]
[1, 1, 1, 1, 1, 1, 1, 1, 1, 1, 1, 2, 1]
[1, 1, 1, 1, 2, 1, 1, 1, 1, 1, 1, 1, 10]
Before train edge
Epoch: 0, Train loss: 1.3281389318084718, Validation loss: 1.318678673171997, Validation accuracy: 0.503
After training edge
Train edge rank_54
[2, 1, 1, 1, 1, 1, 1, 1, 1, 1, 1, 1, 1]
[1, 2, 1, 1, 1, 1, 1, 1, 1, 1, 1, 1, 1]
[1, 1, 2, 1, 1, 1, 1, 1, 1, 1, 1, 1, 1]
[1, 1, 1, 2, 1, 1, 1, 1, 1, 1, 1, 1, 1]
[1, 1, 1, 1, 2, 2, 1, 1, 1, 1, 1, 1, 1]
[1, 1, 1, 1, 2, 2, 1, 1, 1, 1, 1, 1, 1]
[1, 1, 1, 1, 1, 1, 2, 1, 1, 1, 1, 1, 1]
[1, 1, 1, 1, 1, 1, 1, 2, 1, 1, 1, 1, 1]
[1, 1, 1, 1, 1, 1, 1, 1, 2, 1, 1, 1, 1]
[1, 1, 1, 1, 1, 1, 1, 1, 1, 2, 1, 1, 1]
[1, 1, 1, 1, 1, 1, 1, 1, 1, 1, 2, 1, 1]
[1, 1, 1, 1, 1, 1, 1, 1, 1, 1, 1, 2, 1]
[1, 1, 1, 1, 1, 1, 1, 1, 1, 1, 1, 1, 10]
Before train edge
Epoch: 0, Train loss: 1.3244575429534913, Validation loss: 1.3154004606246947, Validation accuracy: 0.5022
After training edge
Train edge rank_106
[2, 1, 1, 1, 1, 1, 1, 1, 1, 1, 1, 1, 1]
[1, 2, 1, 1, 1, 1, 1, 1, 1, 1, 1, 1, 1]
[1, 1, 2, 1, 1, 1, 1, 1, 1, 1, 1, 1, 1]
[1, 1, 1, 2, 1, 1, 1, 1, 1, 1, 1, 1, 1]
[1, 1, 1, 1, 2, 1, 1, 1, 1, 1, 1, 1, 1]
[1, 1, 1, 1, 1, 2, 1, 1, 1, 1, 1, 1, 1]
[1, 1, 1, 1, 1, 1, 2, 1, 1, 1, 2, 1, 1]
[1, 1, 1, 1, 1, 1, 1, 2, 1, 1, 1, 1, 1]
[1, 1, 1, 1, 1, 1, 1, 1, 2, 1, 1, 1, 1]
[1, 1, 1, 1, 1, 1, 1, 1, 1, 2, 1, 1, 1]
[1, 1, 1, 1, 1, 1, 2, 1, 1, 1, 2, 1, 1]
[1, 1, 1, 1, 1, 1, 1, 1, 1, 1, 1, 2, 1]
[1, 1, 1, 1, 1, 1, 1, 1, 1, 1, 1, 1, 10]
Before train edge
Epoch: 0, Train loss: 1.327462705078125, Validation loss: 1.3163897424697877, Validation accuracy: 0.4964
After training edge
Train edge rank_125
[2, 1, 1, 1, 1, 1, 1, 1, 1, 1, 1, 1, 1]
[1, 2, 1, 1, 1, 1, 1, 1, 1, 1, 1, 1, 1]
[1, 1, 2, 1, 1, 1, 1, 1, 1, 1, 1, 1, 1]
[1, 1, 1, 2, 1, 1, 1, 1, 1, 1, 1, 1, 1]
[1, 1, 1, 1, 2, 1, 1, 1, 1, 1, 1, 1, 1]
[1, 1, 1, 1, 1, 2, 1, 1, 1, 1, 1, 1, 2]
[1, 1, 1, 1, 1, 1, 2, 1, 1, 1, 1, 1, 1]
[1, 1, 1, 1, 1, 1, 1, 2, 1, 1, 1, 1, 1]
[1, 1, 1, 1, 1, 1, 1, 1, 2, 1, 1, 1, 1]
[1, 1, 1, 1, 1, 1, 1, 1, 1, 2, 1, 1, 1]
[1, 1, 1, 1, 1, 1, 1, 1, 1, 1, 2, 1, 1]
[1, 1, 1, 1, 1, 1, 1, 1, 1, 1, 1, 2, 1]
[1, 1, 1, 1, 1, 2, 1, 1, 1, 1, 1, 1, 10]
Before train edge
Epoch: 0, Train loss: 1.3294987692260742, Validation loss: 1.3181196485519409, Validation accuracy: 0.4984
After training edge
Train edge rank_118
[2, 1, 1, 1, 1, 1, 1, 1, 1, 1, 1, 1, 1]
[1, 2, 1, 1, 1, 1, 1, 1, 1, 1, 1, 1, 1]
[1, 1, 2, 1, 1, 1, 1, 1, 1, 1, 1, 1, 1]
[1, 1, 1, 2, 1, 1, 1, 1, 1, 1, 1, 1, 1]
[1, 1, 1, 1, 2, 1, 1, 1, 1, 1, 1, 1, 1]
[1, 1, 1, 1, 1, 2, 1, 1, 1, 1, 1, 1, 1]
[1, 1, 1, 1, 1, 1, 2, 1, 1, 1, 1, 1, 1]
[1, 1, 1, 1, 1, 1, 1, 2, 1, 1, 1, 1, 1]
[1, 1, 1, 1, 1, 1, 1, 1, 2, 1, 1, 2, 1]
[1, 1, 1, 1, 1, 1, 1, 1, 1, 2, 1, 1, 1]
[1, 1, 1, 1, 1, 1, 1, 1, 1, 1, 2, 1, 1]
[1, 1, 1, 1, 1, 1, 1, 1, 2, 1, 1, 2, 1]
[1, 1, 1, 1, 1, 1, 1, 1, 1, 1, 1, 1, 10]
Before train edge
Epoch: 0, Train loss: 1.323956634864807, Validation loss: 1.3160094442367554, Validation accuracy: 0.4961
After training edge
Train edge rank_81
[2, 1, 1, 1, 1, 1, 1, 1, 1, 1, 1, 1, 1]
[1, 2, 1, 1, 1, 1, 1, 1, 2, 1, 1, 1, 1]
[1, 1, 2, 1, 1, 1, 1, 1, 1, 1, 1, 1, 1]
[1, 1, 1, 2, 1, 1, 1, 1, 1, 1, 1, 1, 1]
[1, 1, 1, 1, 2, 1, 1, 1, 1, 1, 1, 1, 1]
[1, 1, 1, 1, 1, 2, 1, 1, 1, 1, 1, 1, 1]
[1, 1, 1, 1, 1, 1, 2, 1, 1, 1, 1, 1, 1]
[1, 1, 1, 1, 1, 1, 1, 2, 1, 1, 1, 1, 1]
[1, 2, 1, 1, 1, 1, 1, 1, 2, 1, 1, 1, 1]
[1, 1, 1, 1, 1, 1, 1, 1, 1, 2, 1, 1, 1]
[1, 1, 1, 1, 1, 1, 1, 1, 1, 1, 2, 1, 1]
[1, 1, 1, 1, 1, 1, 1, 1, 1, 1, 1, 2, 1]
[1, 1, 1, 1, 1, 1, 1, 1, 1, 1, 1, 1, 10]
Before train edge
Epoch: 0, Train loss: 1.324917576904297, Validation loss: 1.3155646306991577, Validation accuracy: 0.4998
After training edge
Train edge rank_123
[2, 1, 1, 1, 1, 1, 1, 1, 1, 1, 1, 1, 1]
[1, 2, 1, 1, 1, 1, 1, 1, 1, 1, 1, 1, 1]
[1, 1, 2, 1, 1, 1, 1, 1, 1, 1, 1, 1, 1]
[1, 1, 1, 2, 1, 1, 1, 1, 1, 1, 1, 1, 2]
[1, 1, 1, 1, 2, 1, 1, 1, 1, 1, 1, 1, 1]
[1, 1, 1, 1, 1, 2, 1, 1, 1, 1, 1, 1, 1]
[1, 1, 1, 1, 1, 1, 2, 1, 1, 1, 1, 1, 1]
[1, 1, 1, 1, 1, 1, 1, 2, 1, 1, 1, 1, 1]
[1, 1, 1, 1, 1, 1, 1, 1, 2, 1, 1, 1, 1]
[1, 1, 1, 1, 1, 1, 1, 1, 1, 2, 1, 1, 1]
[1, 1, 1, 1, 1, 1, 1, 1, 1, 1, 2, 1, 1]
[1, 1, 1, 1, 1, 1, 1, 1, 1, 1, 1, 2, 1]
[1, 1, 1, 2, 1, 1, 1, 1, 1, 1, 1, 1, 10]
Before train edge
Epoch: 0, Train loss: 1.330532865524292, Validation loss: 1.3181583600997924, Validation accuracy: 0.4953
After training edge
Train edge rank_128
[2, 1, 1, 1, 1, 1, 1, 1, 1, 1, 1, 1, 1]
[1, 2, 1, 1, 1, 1, 1, 1, 1, 1, 1, 1, 1]
[1, 1, 2, 1, 1, 1, 1, 1, 1, 1, 1, 1, 1]
[1, 1, 1, 2, 1, 1, 1, 1, 1, 1, 1, 1, 1]
[1, 1, 1, 1, 2, 1, 1, 1, 1, 1, 1, 1, 1]
[1, 1, 1, 1, 1, 2, 1, 1, 1, 1, 1, 1, 1]
[1, 1, 1, 1, 1, 1, 2, 1, 1, 1, 1, 1, 1]
[1, 1, 1, 1, 1, 1, 1, 2, 1, 1, 1, 1, 1]
[1, 1, 1, 1, 1, 1, 1, 1, 2, 1, 1, 1, 2]
[1, 1, 1, 1, 1, 1, 1, 1, 1, 2, 1, 1, 1]
[1, 1, 1, 1, 1, 1, 1, 1, 1, 1, 2, 1, 1]
[1, 1, 1, 1, 1, 1, 1, 1, 1, 1, 1, 2, 1]
[1, 1, 1, 1, 1, 1, 1, 1, 2, 1, 1, 1, 10]
Before train edge
Epoch: 0, Train loss: 1.332051393585205, Validation loss: 1.3214888469696044, Validation accuracy: 0.5125
After training edge
Train edge rank_82
[2, 1, 1, 1, 1, 1, 1, 1, 1, 1, 1, 1, 1]
[1, 2, 1, 1, 1, 1, 1, 1, 1, 1, 1, 1, 1]
[1, 1, 2, 1, 1, 1, 1, 1, 2, 1, 1, 1, 1]
[1, 1, 1, 2, 1, 1, 1, 1, 1, 1, 1, 1, 1]
[1, 1, 1, 1, 2, 1, 1, 1, 1, 1, 1, 1, 1]
[1, 1, 1, 1, 1, 2, 1, 1, 1, 1, 1, 1, 1]
[1, 1, 1, 1, 1, 1, 2, 1, 1, 1, 1, 1, 1]
[1, 1, 1, 1, 1, 1, 1, 2, 1, 1, 1, 1, 1]
[1, 1, 2, 1, 1, 1, 1, 1, 2, 1, 1, 1, 1]
[1, 1, 1, 1, 1, 1, 1, 1, 1, 2, 1, 1, 1]
[1, 1, 1, 1, 1, 1, 1, 1, 1, 1, 2, 1, 1]
[1, 1, 1, 1, 1, 1, 1, 1, 1, 1, 1, 2, 1]
[1, 1, 1, 1, 1, 1, 1, 1, 1, 1, 1, 1, 10]
Before train edge
Epoch: 0, Train loss: 1.325091551551819, Validation loss: 1.319613324356079, Validation accuracy: 0.4935
After training edge
Train edge rank_102
[2, 1, 1, 1, 1, 1, 1, 1, 1, 1, 1, 1, 1]
[1, 2, 1, 1, 1, 1, 1, 1, 1, 1, 1, 1, 1]
[1, 1, 2, 1, 1, 1, 1, 1, 1, 1, 2, 1, 1]
[1, 1, 1, 2, 1, 1, 1, 1, 1, 1, 1, 1, 1]
[1, 1, 1, 1, 2, 1, 1, 1, 1, 1, 1, 1, 1]
[1, 1, 1, 1, 1, 2, 1, 1, 1, 1, 1, 1, 1]
[1, 1, 1, 1, 1, 1, 2, 1, 1, 1, 1, 1, 1]
[1, 1, 1, 1, 1, 1, 1, 2, 1, 1, 1, 1, 1]
[1, 1, 1, 1, 1, 1, 1, 1, 2, 1, 1, 1, 1]
[1, 1, 1, 1, 1, 1, 1, 1, 1, 2, 1, 1, 1]
[1, 1, 2, 1, 1, 1, 1, 1, 1, 1, 2, 1, 1]
[1, 1, 1, 1, 1, 1, 1, 1, 1, 1, 1, 2, 1]
[1, 1, 1, 1, 1, 1, 1, 1, 1, 1, 1, 1, 10]
Before train edge
Epoch: 0, Train loss: 1.328355276145935, Validation loss: 1.3181151321411133, Validation accuracy: 0.4955
After training edge
Train edge rank_60
[2, 1, 1, 1, 1, 1, 2, 1, 1, 1, 1, 1, 1]
[1, 2, 1, 1, 1, 1, 1, 1, 1, 1, 1, 1, 1]
[1, 1, 2, 1, 1, 1, 1, 1, 1, 1, 1, 1, 1]
[1, 1, 1, 2, 1, 1, 1, 1, 1, 1, 1, 1, 1]
[1, 1, 1, 1, 2, 1, 1, 1, 1, 1, 1, 1, 1]
[1, 1, 1, 1, 1, 2, 1, 1, 1, 1, 1, 1, 1]
[2, 1, 1, 1, 1, 1, 2, 1, 1, 1, 1, 1, 1]
[1, 1, 1, 1, 1, 1, 1, 2, 1, 1, 1, 1, 1]
[1, 1, 1, 1, 1, 1, 1, 1, 2, 1, 1, 1, 1]
[1, 1, 1, 1, 1, 1, 1, 1, 1, 2, 1, 1, 1]
[1, 1, 1, 1, 1, 1, 1, 1, 1, 1, 2, 1, 1]
[1, 1, 1, 1, 1, 1, 1, 1, 1, 1, 1, 2, 1]
[1, 1, 1, 1, 1, 1, 1, 1, 1, 1, 1, 1, 10]
Before train edge
Epoch: 0, Train loss: 1.3275231295013428, Validation loss: 1.3142689613342284, Validation accuracy: 0.4966
After training edge
Train edge rank_121
[2, 1, 1, 1, 1, 1, 1, 1, 1, 1, 1, 1, 1]
[1, 2, 1, 1, 1, 1, 1, 1, 1, 1, 1, 1, 2]
[1, 1, 2, 1, 1, 1, 1, 1, 1, 1, 1, 1, 1]
[1, 1, 1, 2, 1, 1, 1, 1, 1, 1, 1, 1, 1]
[1, 1, 1, 1, 2, 1, 1, 1, 1, 1, 1, 1, 1]
[1, 1, 1, 1, 1, 2, 1, 1, 1, 1, 1, 1, 1]
[1, 1, 1, 1, 1, 1, 2, 1, 1, 1, 1, 1, 1]
[1, 1, 1, 1, 1, 1, 1, 2, 1, 1, 1, 1, 1]
[1, 1, 1, 1, 1, 1, 1, 1, 2, 1, 1, 1, 1]
[1, 1, 1, 1, 1, 1, 1, 1, 1, 2, 1, 1, 1]
[1, 1, 1, 1, 1, 1, 1, 1, 1, 1, 2, 1, 1]
[1, 1, 1, 1, 1, 1, 1, 1, 1, 1, 1, 2, 1]
[1, 2, 1, 1, 1, 1, 1, 1, 1, 1, 1, 1, 10]
Before train edge
Epoch: 0, Train loss: 1.328607684135437, Validation loss: 1.318613851928711, Validation accuracy: 0.5032
After training edge
Train edge rank_83
[2, 1, 1, 1, 1, 1, 1, 1, 1, 1, 1, 1, 1]
[1, 2, 1, 1, 1, 1, 1, 1, 1, 1, 1, 1, 1]
[1, 1, 2, 1, 1, 1, 1, 1, 1, 1, 1, 1, 1]
[1, 1, 1, 2, 1, 1, 1, 1, 2, 1, 1, 1, 1]
[1, 1, 1, 1, 2, 1, 1, 1, 1, 1, 1, 1, 1]
[1, 1, 1, 1, 1, 2, 1, 1, 1, 1, 1, 1, 1]
[1, 1, 1, 1, 1, 1, 2, 1, 1, 1, 1, 1, 1]
[1, 1, 1, 1, 1, 1, 1, 2, 1, 1, 1, 1, 1]
[1, 1, 1, 2, 1, 1, 1, 1, 2, 1, 1, 1, 1]
[1, 1, 1, 1, 1, 1, 1, 1, 1, 2, 1, 1, 1]
[1, 1, 1, 1, 1, 1, 1, 1, 1, 1, 2, 1, 1]
[1, 1, 1, 1, 1, 1, 1, 1, 1, 1, 1, 2, 1]
[1, 1, 1, 1, 1, 1, 1, 1, 1, 1, 1, 1, 10]
Before train edge
Epoch: 0, Train loss: 1.3227831357192994, Validation loss: 1.3169958959579469, Validation accuracy: 0.4948
After training edge
Train edge rank_91
[2, 1, 1, 1, 1, 1, 1, 1, 1, 1, 1, 1, 1]
[1, 2, 1, 1, 1, 1, 1, 1, 1, 2, 1, 1, 1]
[1, 1, 2, 1, 1, 1, 1, 1, 1, 1, 1, 1, 1]
[1, 1, 1, 2, 1, 1, 1, 1, 1, 1, 1, 1, 1]
[1, 1, 1, 1, 2, 1, 1, 1, 1, 1, 1, 1, 1]
[1, 1, 1, 1, 1, 2, 1, 1, 1, 1, 1, 1, 1]
[1, 1, 1, 1, 1, 1, 2, 1, 1, 1, 1, 1, 1]
[1, 1, 1, 1, 1, 1, 1, 2, 1, 1, 1, 1, 1]
[1, 1, 1, 1, 1, 1, 1, 1, 2, 1, 1, 1, 1]
[1, 2, 1, 1, 1, 1, 1, 1, 1, 2, 1, 1, 1]
[1, 1, 1, 1, 1, 1, 1, 1, 1, 1, 2, 1, 1]
[1, 1, 1, 1, 1, 1, 1, 1, 1, 1, 1, 2, 1]
[1, 1, 1, 1, 1, 1, 1, 1, 1, 1, 1, 1, 10]
Before train edge
Epoch: 0, Train loss: 1.32434646484375, Validation loss: 1.312485595703125, Validation accuracy: 0.5001
After training edge
Train edge rank_116
[2, 1, 1, 1, 1, 1, 1, 1, 1, 1, 1, 1, 1]
[1, 2, 1, 1, 1, 1, 1, 1, 1, 1, 1, 1, 1]
[1, 1, 2, 1, 1, 1, 1, 1, 1, 1, 1, 1, 1]
[1, 1, 1, 2, 1, 1, 1, 1, 1, 1, 1, 1, 1]
[1, 1, 1, 1, 2, 1, 1, 1, 1, 1, 1, 1, 1]
[1, 1, 1, 1, 1, 2, 1, 1, 1, 1, 1, 1, 1]
[1, 1, 1, 1, 1, 1, 2, 1, 1, 1, 1, 2, 1]
[1, 1, 1, 1, 1, 1, 1, 2, 1, 1, 1, 1, 1]
[1, 1, 1, 1, 1, 1, 1, 1, 2, 1, 1, 1, 1]
[1, 1, 1, 1, 1, 1, 1, 1, 1, 2, 1, 1, 1]
[1, 1, 1, 1, 1, 1, 1, 1, 1, 1, 2, 1, 1]
[1, 1, 1, 1, 1, 1, 2, 1, 1, 1, 1, 2, 1]
[1, 1, 1, 1, 1, 1, 1, 1, 1, 1, 1, 1, 10]
Before train edge
Epoch: 0, Train loss: 1.3254117958831788, Validation loss: 1.3136984895706176, Validation accuracy: 0.498
After training edge
Train edge rank_31
[2, 1, 1, 1, 1, 1, 1, 1, 1, 1, 1, 1, 1]
[1, 2, 1, 2, 1, 1, 1, 1, 1, 1, 1, 1, 1]
[1, 1, 2, 1, 1, 1, 1, 1, 1, 1, 1, 1, 1]
[1, 2, 1, 2, 1, 1, 1, 1, 1, 1, 1, 1, 1]
[1, 1, 1, 1, 2, 1, 1, 1, 1, 1, 1, 1, 1]
[1, 1, 1, 1, 1, 2, 1, 1, 1, 1, 1, 1, 1]
[1, 1, 1, 1, 1, 1, 2, 1, 1, 1, 1, 1, 1]
[1, 1, 1, 1, 1, 1, 1, 2, 1, 1, 1, 1, 1]
[1, 1, 1, 1, 1, 1, 1, 1, 2, 1, 1, 1, 1]
[1, 1, 1, 1, 1, 1, 1, 1, 1, 2, 1, 1, 1]
[1, 1, 1, 1, 1, 1, 1, 1, 1, 1, 2, 1, 1]
[1, 1, 1, 1, 1, 1, 1, 1, 1, 1, 1, 2, 1]
[1, 1, 1, 1, 1, 1, 1, 1, 1, 1, 1, 1, 10]
Before train edge
Epoch: 0, Train loss: 1.324557684173584, Validation loss: 1.3191941654205321, Validation accuracy: 0.5017
After training edge
Train edge rank_84
[2, 1, 1, 1, 1, 1, 1, 1, 1, 1, 1, 1, 1]
[1, 2, 1, 1, 1, 1, 1, 1, 1, 1, 1, 1, 1]
[1, 1, 2, 1, 1, 1, 1, 1, 1, 1, 1, 1, 1]
[1, 1, 1, 2, 1, 1, 1, 1, 1, 1, 1, 1, 1]
[1, 1, 1, 1, 2, 1, 1, 1, 2, 1, 1, 1, 1]
[1, 1, 1, 1, 1, 2, 1, 1, 1, 1, 1, 1, 1]
[1, 1, 1, 1, 1, 1, 2, 1, 1, 1, 1, 1, 1]
[1, 1, 1, 1, 1, 1, 1, 2, 1, 1, 1, 1, 1]
[1, 1, 1, 1, 2, 1, 1, 1, 2, 1, 1, 1, 1]
[1, 1, 1, 1, 1, 1, 1, 1, 1, 2, 1, 1, 1]
[1, 1, 1, 1, 1, 1, 1, 1, 1, 1, 2, 1, 1]
[1, 1, 1, 1, 1, 1, 1, 1, 1, 1, 1, 2, 1]
[1, 1, 1, 1, 1, 1, 1, 1, 1, 1, 1, 1, 10]
Before train edge
Epoch: 0, Train loss: 1.3219724444198608, Validation loss: 1.3181936679840087, Validation accuracy: 0.5004
After training edge
Train edge rank_107
[2, 1, 1, 1, 1, 1, 1, 1, 1, 1, 1, 1, 1]
[1, 2, 1, 1, 1, 1, 1, 1, 1, 1, 1, 1, 1]
[1, 1, 2, 1, 1, 1, 1, 1, 1, 1, 1, 1, 1]
[1, 1, 1, 2, 1, 1, 1, 1, 1, 1, 1, 1, 1]
[1, 1, 1, 1, 2, 1, 1, 1, 1, 1, 1, 1, 1]
[1, 1, 1, 1, 1, 2, 1, 1, 1, 1, 1, 1, 1]
[1, 1, 1, 1, 1, 1, 2, 1, 1, 1, 1, 1, 1]
[1, 1, 1, 1, 1, 1, 1, 2, 1, 1, 2, 1, 1]
[1, 1, 1, 1, 1, 1, 1, 1, 2, 1, 1, 1, 1]
[1, 1, 1, 1, 1, 1, 1, 1, 1, 2, 1, 1, 1]
[1, 1, 1, 1, 1, 1, 1, 2, 1, 1, 2, 1, 1]
[1, 1, 1, 1, 1, 1, 1, 1, 1, 1, 1, 2, 1]
[1, 1, 1, 1, 1, 1, 1, 1, 1, 1, 1, 1, 10]
Before train edge
Epoch: 0, Train loss: 1.3258308016967773, Validation loss: 1.3203706241607667, Validation accuracy: 0.4945
After training edge
Train edge rank_126
[2, 1, 1, 1, 1, 1, 1, 1, 1, 1, 1, 1, 1]
[1, 2, 1, 1, 1, 1, 1, 1, 1, 1, 1, 1, 1]
[1, 1, 2, 1, 1, 1, 1, 1, 1, 1, 1, 1, 1]
[1, 1, 1, 2, 1, 1, 1, 1, 1, 1, 1, 1, 1]
[1, 1, 1, 1, 2, 1, 1, 1, 1, 1, 1, 1, 1]
[1, 1, 1, 1, 1, 2, 1, 1, 1, 1, 1, 1, 1]
[1, 1, 1, 1, 1, 1, 2, 1, 1, 1, 1, 1, 2]
[1, 1, 1, 1, 1, 1, 1, 2, 1, 1, 1, 1, 1]
[1, 1, 1, 1, 1, 1, 1, 1, 2, 1, 1, 1, 1]
[1, 1, 1, 1, 1, 1, 1, 1, 1, 2, 1, 1, 1]
[1, 1, 1, 1, 1, 1, 1, 1, 1, 1, 2, 1, 1]
[1, 1, 1, 1, 1, 1, 1, 1, 1, 1, 1, 2, 1]
[1, 1, 1, 1, 1, 1, 2, 1, 1, 1, 1, 1, 10]
Before train edge
Epoch: 0, Train loss: 1.3329201834106446, Validation loss: 1.3174464378356934, Validation accuracy: 0.5012
After training edge
Train edge rank_95
[2, 1, 1, 1, 1, 1, 1, 1, 1, 1, 1, 1, 1]
[1, 2, 1, 1, 1, 1, 1, 1, 1, 1, 1, 1, 1]
[1, 1, 2, 1, 1, 1, 1, 1, 1, 1, 1, 1, 1]
[1, 1, 1, 2, 1, 1, 1, 1, 1, 1, 1, 1, 1]
[1, 1, 1, 1, 2, 1, 1, 1, 1, 1, 1, 1, 1]
[1, 1, 1, 1, 1, 2, 1, 1, 1, 2, 1, 1, 1]
[1, 1, 1, 1, 1, 1, 2, 1, 1, 1, 1, 1, 1]
[1, 1, 1, 1, 1, 1, 1, 2, 1, 1, 1, 1, 1]
[1, 1, 1, 1, 1, 1, 1, 1, 2, 1, 1, 1, 1]
[1, 1, 1, 1, 1, 2, 1, 1, 1, 2, 1, 1, 1]
[1, 1, 1, 1, 1, 1, 1, 1, 1, 1, 2, 1, 1]
[1, 1, 1, 1, 1, 1, 1, 1, 1, 1, 1, 2, 1]
[1, 1, 1, 1, 1, 1, 1, 1, 1, 1, 1, 1, 10]
Before train edge
Epoch: 0, Train loss: 1.3254898849868775, Validation loss: 1.3157176044464112, Validation accuracy: 0.5028
After training edge
Train edge rank_61
[2, 1, 1, 1, 1, 1, 1, 1, 1, 1, 1, 1, 1]
[1, 2, 1, 1, 1, 1, 2, 1, 1, 1, 1, 1, 1]
[1, 1, 2, 1, 1, 1, 1, 1, 1, 1, 1, 1, 1]
[1, 1, 1, 2, 1, 1, 1, 1, 1, 1, 1, 1, 1]
[1, 1, 1, 1, 2, 1, 1, 1, 1, 1, 1, 1, 1]
[1, 1, 1, 1, 1, 2, 1, 1, 1, 1, 1, 1, 1]
[1, 2, 1, 1, 1, 1, 2, 1, 1, 1, 1, 1, 1]
[1, 1, 1, 1, 1, 1, 1, 2, 1, 1, 1, 1, 1]
[1, 1, 1, 1, 1, 1, 1, 1, 2, 1, 1, 1, 1]
[1, 1, 1, 1, 1, 1, 1, 1, 1, 2, 1, 1, 1]
[1, 1, 1, 1, 1, 1, 1, 1, 1, 1, 2, 1, 1]
[1, 1, 1, 1, 1, 1, 1, 1, 1, 1, 1, 2, 1]
[1, 1, 1, 1, 1, 1, 1, 1, 1, 1, 1, 1, 10]
Before train edge
Epoch: 0, Train loss: 1.3272535916137695, Validation loss: 1.3140082683563232, Validation accuracy: 0.4993
After training edge
Train edge rank_62
[2, 1, 1, 1, 1, 1, 1, 1, 1, 1, 1, 1, 1]
[1, 2, 1, 1, 1, 1, 1, 1, 1, 1, 1, 1, 1]
[1, 1, 2, 1, 1, 1, 2, 1, 1, 1, 1, 1, 1]
[1, 1, 1, 2, 1, 1, 1, 1, 1, 1, 1, 1, 1]
[1, 1, 1, 1, 2, 1, 1, 1, 1, 1, 1, 1, 1]
[1, 1, 1, 1, 1, 2, 1, 1, 1, 1, 1, 1, 1]
[1, 1, 2, 1, 1, 1, 2, 1, 1, 1, 1, 1, 1]
[1, 1, 1, 1, 1, 1, 1, 2, 1, 1, 1, 1, 1]
[1, 1, 1, 1, 1, 1, 1, 1, 2, 1, 1, 1, 1]
[1, 1, 1, 1, 1, 1, 1, 1, 1, 2, 1, 1, 1]
[1, 1, 1, 1, 1, 1, 1, 1, 1, 1, 2, 1, 1]
[1, 1, 1, 1, 1, 1, 1, 1, 1, 1, 1, 2, 1]
[1, 1, 1, 1, 1, 1, 1, 1, 1, 1, 1, 1, 10]
Before train edge
Epoch: 0, Train loss: 1.32905237449646, Validation loss: 1.3165000720977784, Validation accuracy: 0.4952
After training edge
Train edge rank_10
[2, 2, 1, 1, 1, 1, 1, 1, 1, 1, 1, 1, 1]
[2, 2, 1, 1, 1, 1, 1, 1, 1, 1, 1, 1, 1]
[1, 1, 2, 1, 1, 1, 1, 1, 1, 1, 1, 1, 1]
[1, 1, 1, 2, 1, 1, 1, 1, 1, 1, 1, 1, 1]
[1, 1, 1, 1, 2, 1, 1, 1, 1, 1, 1, 1, 1]
[1, 1, 1, 1, 1, 2, 1, 1, 1, 1, 1, 1, 1]
[1, 1, 1, 1, 1, 1, 2, 1, 1, 1, 1, 1, 1]
[1, 1, 1, 1, 1, 1, 1, 2, 1, 1, 1, 1, 1]
[1, 1, 1, 1, 1, 1, 1, 1, 2, 1, 1, 1, 1]
[1, 1, 1, 1, 1, 1, 1, 1, 1, 2, 1, 1, 1]
[1, 1, 1, 1, 1, 1, 1, 1, 1, 1, 2, 1, 1]
[1, 1, 1, 1, 1, 1, 1, 1, 1, 1, 1, 2, 1]
[1, 1, 1, 1, 1, 1, 1, 1, 1, 1, 1, 1, 10]
Before train edge
Epoch: 0, Train loss: 1.3282438596725463, Validation loss: 1.3130610912322997, Validation accuracy: 0.4991
After training edge
Train edge rank_119
[2, 1, 1, 1, 1, 1, 1, 1, 1, 1, 1, 1, 1]
[1, 2, 1, 1, 1, 1, 1, 1, 1, 1, 1, 1, 1]
[1, 1, 2, 1, 1, 1, 1, 1, 1, 1, 1, 1, 1]
[1, 1, 1, 2, 1, 1, 1, 1, 1, 1, 1, 1, 1]
[1, 1, 1, 1, 2, 1, 1, 1, 1, 1, 1, 1, 1]
[1, 1, 1, 1, 1, 2, 1, 1, 1, 1, 1, 1, 1]
[1, 1, 1, 1, 1, 1, 2, 1, 1, 1, 1, 1, 1]
[1, 1, 1, 1, 1, 1, 1, 2, 1, 1, 1, 1, 1]
[1, 1, 1, 1, 1, 1, 1, 1, 2, 1, 1, 1, 1]
[1, 1, 1, 1, 1, 1, 1, 1, 1, 2, 1, 2, 1]
[1, 1, 1, 1, 1, 1, 1, 1, 1, 1, 2, 1, 1]
[1, 1, 1, 1, 1, 1, 1, 1, 1, 2, 1, 2, 1]
[1, 1, 1, 1, 1, 1, 1, 1, 1, 1, 1, 1, 10]
Before train edge
Epoch: 0, Train loss: 1.323454645576477, Validation loss: 1.3149604120254517, Validation accuracy: 0.4979
After training edge
Train edge rank_92
[2, 1, 1, 1, 1, 1, 1, 1, 1, 1, 1, 1, 1]
[1, 2, 1, 1, 1, 1, 1, 1, 1, 1, 1, 1, 1]
[1, 1, 2, 1, 1, 1, 1, 1, 1, 2, 1, 1, 1]
[1, 1, 1, 2, 1, 1, 1, 1, 1, 1, 1, 1, 1]
[1, 1, 1, 1, 2, 1, 1, 1, 1, 1, 1, 1, 1]
[1, 1, 1, 1, 1, 2, 1, 1, 1, 1, 1, 1, 1]
[1, 1, 1, 1, 1, 1, 2, 1, 1, 1, 1, 1, 1]
[1, 1, 1, 1, 1, 1, 1, 2, 1, 1, 1, 1, 1]
[1, 1, 1, 1, 1, 1, 1, 1, 2, 1, 1, 1, 1]
[1, 1, 2, 1, 1, 1, 1, 1, 1, 2, 1, 1, 1]
[1, 1, 1, 1, 1, 1, 1, 1, 1, 1, 2, 1, 1]
[1, 1, 1, 1, 1, 1, 1, 1, 1, 1, 1, 2, 1]
[1, 1, 1, 1, 1, 1, 1, 1, 1, 1, 1, 1, 10]
Before train edge
Epoch: 0, Train loss: 1.3246596841812133, Validation loss: 1.3152408260345458, Validation accuracy: 0.5006
After training edge
Train edge rank_63
[2, 1, 1, 1, 1, 1, 1, 1, 1, 1, 1, 1, 1]
[1, 2, 1, 1, 1, 1, 1, 1, 1, 1, 1, 1, 1]
[1, 1, 2, 1, 1, 1, 1, 1, 1, 1, 1, 1, 1]
[1, 1, 1, 2, 1, 1, 2, 1, 1, 1, 1, 1, 1]
[1, 1, 1, 1, 2, 1, 1, 1, 1, 1, 1, 1, 1]
[1, 1, 1, 1, 1, 2, 1, 1, 1, 1, 1, 1, 1]
[1, 1, 1, 2, 1, 1, 2, 1, 1, 1, 1, 1, 1]
[1, 1, 1, 1, 1, 1, 1, 2, 1, 1, 1, 1, 1]
[1, 1, 1, 1, 1, 1, 1, 1, 2, 1, 1, 1, 1]
[1, 1, 1, 1, 1, 1, 1, 1, 1, 2, 1, 1, 1]
[1, 1, 1, 1, 1, 1, 1, 1, 1, 1, 2, 1, 1]
[1, 1, 1, 1, 1, 1, 1, 1, 1, 1, 1, 2, 1]
[1, 1, 1, 1, 1, 1, 1, 1, 1, 1, 1, 1, 10]
Before train edge
Epoch: 0, Train loss: 1.3261460927581787, Validation loss: 1.3165968366622924, Validation accuracy: 0.4958
After training edge
Train edge rank_53
[2, 1, 1, 1, 1, 1, 1, 1, 1, 1, 1, 1, 1]
[1, 2, 1, 1, 1, 1, 1, 1, 1, 1, 1, 1, 1]
[1, 1, 2, 1, 1, 1, 1, 1, 1, 1, 1, 1, 1]
[1, 1, 1, 2, 1, 2, 1, 1, 1, 1, 1, 1, 1]
[1, 1, 1, 1, 2, 1, 1, 1, 1, 1, 1, 1, 1]
[1, 1, 1, 2, 1, 2, 1, 1, 1, 1, 1, 1, 1]
[1, 1, 1, 1, 1, 1, 2, 1, 1, 1, 1, 1, 1]
[1, 1, 1, 1, 1, 1, 1, 2, 1, 1, 1, 1, 1]
[1, 1, 1, 1, 1, 1, 1, 1, 2, 1, 1, 1, 1]
[1, 1, 1, 1, 1, 1, 1, 1, 1, 2, 1, 1, 1]
[1, 1, 1, 1, 1, 1, 1, 1, 1, 1, 2, 1, 1]
[1, 1, 1, 1, 1, 1, 1, 1, 1, 1, 1, 2, 1]
[1, 1, 1, 1, 1, 1, 1, 1, 1, 1, 1, 1, 10]
Before train edge
Epoch: 0, Train loss: 1.3236305355072022, Validation loss: 1.316092822265625, Validation accuracy: 0.4939
After training edge
Train edge rank_1210
[2, 1, 1, 1, 1, 1, 1, 1, 1, 1, 1, 1, 1]
[1, 2, 1, 1, 1, 1, 1, 1, 1, 1, 1, 1, 1]
[1, 1, 2, 1, 1, 1, 1, 1, 1, 1, 1, 1, 1]
[1, 1, 1, 2, 1, 1, 1, 1, 1, 1, 1, 1, 1]
[1, 1, 1, 1, 2, 1, 1, 1, 1, 1, 1, 1, 1]
[1, 1, 1, 1, 1, 2, 1, 1, 1, 1, 1, 1, 1]
[1, 1, 1, 1, 1, 1, 2, 1, 1, 1, 1, 1, 1]
[1, 1, 1, 1, 1, 1, 1, 2, 1, 1, 1, 1, 1]
[1, 1, 1, 1, 1, 1, 1, 1, 2, 1, 1, 1, 1]
[1, 1, 1, 1, 1, 1, 1, 1, 1, 2, 1, 1, 1]
[1, 1, 1, 1, 1, 1, 1, 1, 1, 1, 2, 1, 2]
[1, 1, 1, 1, 1, 1, 1, 1, 1, 1, 1, 2, 1]
[1, 1, 1, 1, 1, 1, 1, 1, 1, 1, 2, 1, 10]
Before train edge
Epoch: 0, Train loss: 1.3309397636032105, Validation loss: 1.317939204788208, Validation accuracy: 0.4959
After training edge
Train edge rank_64
[2, 1, 1, 1, 1, 1, 1, 1, 1, 1, 1, 1, 1]
[1, 2, 1, 1, 1, 1, 1, 1, 1, 1, 1, 1, 1]
[1, 1, 2, 1, 1, 1, 1, 1, 1, 1, 1, 1, 1]
[1, 1, 1, 2, 1, 1, 1, 1, 1, 1, 1, 1, 1]
[1, 1, 1, 1, 2, 1, 2, 1, 1, 1, 1, 1, 1]
[1, 1, 1, 1, 1, 2, 1, 1, 1, 1, 1, 1, 1]
[1, 1, 1, 1, 2, 1, 2, 1, 1, 1, 1, 1, 1]
[1, 1, 1, 1, 1, 1, 1, 2, 1, 1, 1, 1, 1]
[1, 1, 1, 1, 1, 1, 1, 1, 2, 1, 1, 1, 1]
[1, 1, 1, 1, 1, 1, 1, 1, 1, 2, 1, 1, 1]
[1, 1, 1, 1, 1, 1, 1, 1, 1, 1, 2, 1, 1]
[1, 1, 1, 1, 1, 1, 1, 1, 1, 1, 1, 2, 1]
[1, 1, 1, 1, 1, 1, 1, 1, 1, 1, 1, 1, 10]
Before train edge
Epoch: 0, Train loss: 1.3222982552337645, Validation loss: 1.3156791240692138, Validation accuracy: 0.4984
After training edge
Train edge rank_85
[2, 1, 1, 1, 1, 1, 1, 1, 1, 1, 1, 1, 1]
[1, 2, 1, 1, 1, 1, 1, 1, 1, 1, 1, 1, 1]
[1, 1, 2, 1, 1, 1, 1, 1, 1, 1, 1, 1, 1]
[1, 1, 1, 2, 1, 1, 1, 1, 1, 1, 1, 1, 1]
[1, 1, 1, 1, 2, 1, 1, 1, 1, 1, 1, 1, 1]
[1, 1, 1, 1, 1, 2, 1, 1, 2, 1, 1, 1, 1]
[1, 1, 1, 1, 1, 1, 2, 1, 1, 1, 1, 1, 1]
[1, 1, 1, 1, 1, 1, 1, 2, 1, 1, 1, 1, 1]
[1, 1, 1, 1, 1, 2, 1, 1, 2, 1, 1, 1, 1]
[1, 1, 1, 1, 1, 1, 1, 1, 1, 2, 1, 1, 1]
[1, 1, 1, 1, 1, 1, 1, 1, 1, 1, 2, 1, 1]
[1, 1, 1, 1, 1, 1, 1, 1, 1, 1, 1, 2, 1]
[1, 1, 1, 1, 1, 1, 1, 1, 1, 1, 1, 1, 10]
Before train edge
Epoch: 0, Train loss: 1.322873553237915, Validation loss: 1.3210273321151733, Validation accuracy: 0.4936
After training edge
Train edge rank_65
[2, 1, 1, 1, 1, 1, 1, 1, 1, 1, 1, 1, 1]
[1, 2, 1, 1, 1, 1, 1, 1, 1, 1, 1, 1, 1]
[1, 1, 2, 1, 1, 1, 1, 1, 1, 1, 1, 1, 1]
[1, 1, 1, 2, 1, 1, 1, 1, 1, 1, 1, 1, 1]
[1, 1, 1, 1, 2, 1, 1, 1, 1, 1, 1, 1, 1]
[1, 1, 1, 1, 1, 2, 2, 1, 1, 1, 1, 1, 1]
[1, 1, 1, 1, 1, 2, 2, 1, 1, 1, 1, 1, 1]
[1, 1, 1, 1, 1, 1, 1, 2, 1, 1, 1, 1, 1]
[1, 1, 1, 1, 1, 1, 1, 1, 2, 1, 1, 1, 1]
[1, 1, 1, 1, 1, 1, 1, 1, 1, 2, 1, 1, 1]
[1, 1, 1, 1, 1, 1, 1, 1, 1, 1, 2, 1, 1]
[1, 1, 1, 1, 1, 1, 1, 1, 1, 1, 1, 2, 1]
[1, 1, 1, 1, 1, 1, 1, 1, 1, 1, 1, 1, 10]
Before train edge
Epoch: 0, Train loss: 1.325895286026001, Validation loss: 1.3166113576889038, Validation accuracy: 0.4945
After training edge
Train edge rank_111
[2, 1, 1, 1, 1, 1, 1, 1, 1, 1, 1, 1, 1]
[1, 2, 1, 1, 1, 1, 1, 1, 1, 1, 1, 2, 1]
[1, 1, 2, 1, 1, 1, 1, 1, 1, 1, 1, 1, 1]
[1, 1, 1, 2, 1, 1, 1, 1, 1, 1, 1, 1, 1]
[1, 1, 1, 1, 2, 1, 1, 1, 1, 1, 1, 1, 1]
[1, 1, 1, 1, 1, 2, 1, 1, 1, 1, 1, 1, 1]
[1, 1, 1, 1, 1, 1, 2, 1, 1, 1, 1, 1, 1]
[1, 1, 1, 1, 1, 1, 1, 2, 1, 1, 1, 1, 1]
[1, 1, 1, 1, 1, 1, 1, 1, 2, 1, 1, 1, 1]
[1, 1, 1, 1, 1, 1, 1, 1, 1, 2, 1, 1, 1]
[1, 1, 1, 1, 1, 1, 1, 1, 1, 1, 2, 1, 1]
[1, 2, 1, 1, 1, 1, 1, 1, 1, 1, 1, 2, 1]
[1, 1, 1, 1, 1, 1, 1, 1, 1, 1, 1, 1, 10]
Before train edge
Epoch: 0, Train loss: 1.3282482500839234, Validation loss: 1.3140213539123535, Validation accuracy: 0.4985
After training edge
Train edge rank_86
[2, 1, 1, 1, 1, 1, 1, 1, 1, 1, 1, 1, 1]
[1, 2, 1, 1, 1, 1, 1, 1, 1, 1, 1, 1, 1]
[1, 1, 2, 1, 1, 1, 1, 1, 1, 1, 1, 1, 1]
[1, 1, 1, 2, 1, 1, 1, 1, 1, 1, 1, 1, 1]
[1, 1, 1, 1, 2, 1, 1, 1, 1, 1, 1, 1, 1]
[1, 1, 1, 1, 1, 2, 1, 1, 1, 1, 1, 1, 1]
[1, 1, 1, 1, 1, 1, 2, 1, 2, 1, 1, 1, 1]
[1, 1, 1, 1, 1, 1, 1, 2, 1, 1, 1, 1, 1]
[1, 1, 1, 1, 1, 1, 2, 1, 2, 1, 1, 1, 1]
[1, 1, 1, 1, 1, 1, 1, 1, 1, 2, 1, 1, 1]
[1, 1, 1, 1, 1, 1, 1, 1, 1, 1, 2, 1, 1]
[1, 1, 1, 1, 1, 1, 1, 1, 1, 1, 1, 2, 1]
[1, 1, 1, 1, 1, 1, 1, 1, 1, 1, 1, 1, 10]
Before train edge
Epoch: 0, Train loss: 1.3232425576019287, Validation loss: 1.3176296586990357, Validation accuracy: 0.4958
After training edge
Train edge rank_70
[2, 1, 1, 1, 1, 1, 1, 2, 1, 1, 1, 1, 1]
[1, 2, 1, 1, 1, 1, 1, 1, 1, 1, 1, 1, 1]
[1, 1, 2, 1, 1, 1, 1, 1, 1, 1, 1, 1, 1]
[1, 1, 1, 2, 1, 1, 1, 1, 1, 1, 1, 1, 1]
[1, 1, 1, 1, 2, 1, 1, 1, 1, 1, 1, 1, 1]
[1, 1, 1, 1, 1, 2, 1, 1, 1, 1, 1, 1, 1]
[1, 1, 1, 1, 1, 1, 2, 1, 1, 1, 1, 1, 1]
[2, 1, 1, 1, 1, 1, 1, 2, 1, 1, 1, 1, 1]
[1, 1, 1, 1, 1, 1, 1, 1, 2, 1, 1, 1, 1]
[1, 1, 1, 1, 1, 1, 1, 1, 1, 2, 1, 1, 1]
[1, 1, 1, 1, 1, 1, 1, 1, 1, 1, 2, 1, 1]
[1, 1, 1, 1, 1, 1, 1, 1, 1, 1, 1, 2, 1]
[1, 1, 1, 1, 1, 1, 1, 1, 1, 1, 1, 1, 10]
Before train edge
Epoch: 0, Train loss: 1.3293883512115479, Validation loss: 1.3211337591171264, Validation accuracy: 0.4933
After training edge
Train edge rank_87
[2, 1, 1, 1, 1, 1, 1, 1, 1, 1, 1, 1, 1]
[1, 2, 1, 1, 1, 1, 1, 1, 1, 1, 1, 1, 1]
[1, 1, 2, 1, 1, 1, 1, 1, 1, 1, 1, 1, 1]
[1, 1, 1, 2, 1, 1, 1, 1, 1, 1, 1, 1, 1]
[1, 1, 1, 1, 2, 1, 1, 1, 1, 1, 1, 1, 1]
[1, 1, 1, 1, 1, 2, 1, 1, 1, 1, 1, 1, 1]
[1, 1, 1, 1, 1, 1, 2, 1, 1, 1, 1, 1, 1]
[1, 1, 1, 1, 1, 1, 1, 2, 2, 1, 1, 1, 1]
[1, 1, 1, 1, 1, 1, 1, 2, 2, 1, 1, 1, 1]
[1, 1, 1, 1, 1, 1, 1, 1, 1, 2, 1, 1, 1]
[1, 1, 1, 1, 1, 1, 1, 1, 1, 1, 2, 1, 1]
[1, 1, 1, 1, 1, 1, 1, 1, 1, 1, 1, 2, 1]
[1, 1, 1, 1, 1, 1, 1, 1, 1, 1, 1, 1, 10]
Before train edge
Epoch: 0, Train loss: 1.3233168000030517, Validation loss: 1.3184966899871826, Validation accuracy: 0.4929
After training edge
Train edge rank_43
[2, 1, 1, 1, 1, 1, 1, 1, 1, 1, 1, 1, 1]
[1, 2, 1, 1, 1, 1, 1, 1, 1, 1, 1, 1, 1]
[1, 1, 2, 1, 1, 1, 1, 1, 1, 1, 1, 1, 1]
[1, 1, 1, 2, 2, 1, 1, 1, 1, 1, 1, 1, 1]
[1, 1, 1, 2, 2, 1, 1, 1, 1, 1, 1, 1, 1]
[1, 1, 1, 1, 1, 2, 1, 1, 1, 1, 1, 1, 1]
[1, 1, 1, 1, 1, 1, 2, 1, 1, 1, 1, 1, 1]
[1, 1, 1, 1, 1, 1, 1, 2, 1, 1, 1, 1, 1]
[1, 1, 1, 1, 1, 1, 1, 1, 2, 1, 1, 1, 1]
[1, 1, 1, 1, 1, 1, 1, 1, 1, 2, 1, 1, 1]
[1, 1, 1, 1, 1, 1, 1, 1, 1, 1, 2, 1, 1]
[1, 1, 1, 1, 1, 1, 1, 1, 1, 1, 1, 2, 1]
[1, 1, 1, 1, 1, 1, 1, 1, 1, 1, 1, 1, 10]
Before train edge
Epoch: 0, Train loss: 1.3263464752960206, Validation loss: 1.3164349754333495, Validation accuracy: 0.4988
After training edge
Train edge rank_1211
[2, 1, 1, 1, 1, 1, 1, 1, 1, 1, 1, 1, 1]
[1, 2, 1, 1, 1, 1, 1, 1, 1, 1, 1, 1, 1]
[1, 1, 2, 1, 1, 1, 1, 1, 1, 1, 1, 1, 1]
[1, 1, 1, 2, 1, 1, 1, 1, 1, 1, 1, 1, 1]
[1, 1, 1, 1, 2, 1, 1, 1, 1, 1, 1, 1, 1]
[1, 1, 1, 1, 1, 2, 1, 1, 1, 1, 1, 1, 1]
[1, 1, 1, 1, 1, 1, 2, 1, 1, 1, 1, 1, 1]
[1, 1, 1, 1, 1, 1, 1, 2, 1, 1, 1, 1, 1]
[1, 1, 1, 1, 1, 1, 1, 1, 2, 1, 1, 1, 1]
[1, 1, 1, 1, 1, 1, 1, 1, 1, 2, 1, 1, 1]
[1, 1, 1, 1, 1, 1, 1, 1, 1, 1, 2, 1, 1]
[1, 1, 1, 1, 1, 1, 1, 1, 1, 1, 1, 2, 2]
[1, 1, 1, 1, 1, 1, 1, 1, 1, 1, 1, 2, 10]
Before train edge
Epoch: 0, Train loss: 1.3302220703125, Validation loss: 1.3190115978240966, Validation accuracy: 0.4958
After training edge
Train edge rank_90
[2, 1, 1, 1, 1, 1, 1, 1, 1, 2, 1, 1, 1]
[1, 2, 1, 1, 1, 1, 1, 1, 1, 1, 1, 1, 1]
[1, 1, 2, 1, 1, 1, 1, 1, 1, 1, 1, 1, 1]
[1, 1, 1, 2, 1, 1, 1, 1, 1, 1, 1, 1, 1]
[1, 1, 1, 1, 2, 1, 1, 1, 1, 1, 1, 1, 1]
[1, 1, 1, 1, 1, 2, 1, 1, 1, 1, 1, 1, 1]
[1, 1, 1, 1, 1, 1, 2, 1, 1, 1, 1, 1, 1]
[1, 1, 1, 1, 1, 1, 1, 2, 1, 1, 1, 1, 1]
[1, 1, 1, 1, 1, 1, 1, 1, 2, 1, 1, 1, 1]
[2, 1, 1, 1, 1, 1, 1, 1, 1, 2, 1, 1, 1]
[1, 1, 1, 1, 1, 1, 1, 1, 1, 1, 2, 1, 1]
[1, 1, 1, 1, 1, 1, 1, 1, 1, 1, 1, 2, 1]
[1, 1, 1, 1, 1, 1, 1, 1, 1, 1, 1, 1, 10]
Before train edge
Epoch: 0, Train loss: 1.3274070713424682, Validation loss: 1.3162623069763184, Validation accuracy: 0.4977
After training edge
Train edge rank_42
[2, 1, 1, 1, 1, 1, 1, 1, 1, 1, 1, 1, 1]
[1, 2, 1, 1, 1, 1, 1, 1, 1, 1, 1, 1, 1]
[1, 1, 2, 1, 2, 1, 1, 1, 1, 1, 1, 1, 1]
[1, 1, 1, 2, 1, 1, 1, 1, 1, 1, 1, 1, 1]
[1, 1, 2, 1, 2, 1, 1, 1, 1, 1, 1, 1, 1]
[1, 1, 1, 1, 1, 2, 1, 1, 1, 1, 1, 1, 1]
[1, 1, 1, 1, 1, 1, 2, 1, 1, 1, 1, 1, 1]
[1, 1, 1, 1, 1, 1, 1, 2, 1, 1, 1, 1, 1]
[1, 1, 1, 1, 1, 1, 1, 1, 2, 1, 1, 1, 1]
[1, 1, 1, 1, 1, 1, 1, 1, 1, 2, 1, 1, 1]
[1, 1, 1, 1, 1, 1, 1, 1, 1, 1, 2, 1, 1]
[1, 1, 1, 1, 1, 1, 1, 1, 1, 1, 1, 2, 1]
[1, 1, 1, 1, 1, 1, 1, 1, 1, 1, 1, 1, 10]
Before train edge
Epoch: 0, Train loss: 1.3293296187591552, Validation loss: 1.3160942571640015, Validation accuracy: 0.5
After training edge
Train edge rank_80
[2, 1, 1, 1, 1, 1, 1, 1, 2, 1, 1, 1, 1]
[1, 2, 1, 1, 1, 1, 1, 1, 1, 1, 1, 1, 1]
[1, 1, 2, 1, 1, 1, 1, 1, 1, 1, 1, 1, 1]
[1, 1, 1, 2, 1, 1, 1, 1, 1, 1, 1, 1, 1]
[1, 1, 1, 1, 2, 1, 1, 1, 1, 1, 1, 1, 1]
[1, 1, 1, 1, 1, 2, 1, 1, 1, 1, 1, 1, 1]
[1, 1, 1, 1, 1, 1, 2, 1, 1, 1, 1, 1, 1]
[1, 1, 1, 1, 1, 1, 1, 2, 1, 1, 1, 1, 1]
[2, 1, 1, 1, 1, 1, 1, 1, 2, 1, 1, 1, 1]
[1, 1, 1, 1, 1, 1, 1, 1, 1, 2, 1, 1, 1]
[1, 1, 1, 1, 1, 1, 1, 1, 1, 1, 2, 1, 1]
[1, 1, 1, 1, 1, 1, 1, 1, 1, 1, 1, 2, 1]
[1, 1, 1, 1, 1, 1, 1, 1, 1, 1, 1, 1, 10]
Before train edge
Epoch: 0, Train loss: 1.3264069022369385, Validation loss: 1.3187495071411133, Validation accuracy: 0.4952
After training edge
Train edge rank_50
[2, 1, 1, 1, 1, 2, 1, 1, 1, 1, 1, 1, 1]
[1, 2, 1, 1, 1, 1, 1, 1, 1, 1, 1, 1, 1]
[1, 1, 2, 1, 1, 1, 1, 1, 1, 1, 1, 1, 1]
[1, 1, 1, 2, 1, 1, 1, 1, 1, 1, 1, 1, 1]
[1, 1, 1, 1, 2, 1, 1, 1, 1, 1, 1, 1, 1]
[2, 1, 1, 1, 1, 2, 1, 1, 1, 1, 1, 1, 1]
[1, 1, 1, 1, 1, 1, 2, 1, 1, 1, 1, 1, 1]
[1, 1, 1, 1, 1, 1, 1, 2, 1, 1, 1, 1, 1]
[1, 1, 1, 1, 1, 1, 1, 1, 2, 1, 1, 1, 1]
[1, 1, 1, 1, 1, 1, 1, 1, 1, 2, 1, 1, 1]
[1, 1, 1, 1, 1, 1, 1, 1, 1, 1, 2, 1, 1]
[1, 1, 1, 1, 1, 1, 1, 1, 1, 1, 1, 2, 1]
[1, 1, 1, 1, 1, 1, 1, 1, 1, 1, 1, 1, 10]
Before train edge
Epoch: 0, Train loss: 1.3263209792327881, Validation loss: 1.3170268646240235, Validation accuracy: 0.4931
After training edge
Train edge rank_108
[2, 1, 1, 1, 1, 1, 1, 1, 1, 1, 1, 1, 1]
[1, 2, 1, 1, 1, 1, 1, 1, 1, 1, 1, 1, 1]
[1, 1, 2, 1, 1, 1, 1, 1, 1, 1, 1, 1, 1]
[1, 1, 1, 2, 1, 1, 1, 1, 1, 1, 1, 1, 1]
[1, 1, 1, 1, 2, 1, 1, 1, 1, 1, 1, 1, 1]
[1, 1, 1, 1, 1, 2, 1, 1, 1, 1, 1, 1, 1]
[1, 1, 1, 1, 1, 1, 2, 1, 1, 1, 1, 1, 1]
[1, 1, 1, 1, 1, 1, 1, 2, 1, 1, 1, 1, 1]
[1, 1, 1, 1, 1, 1, 1, 1, 2, 1, 2, 1, 1]
[1, 1, 1, 1, 1, 1, 1, 1, 1, 2, 1, 1, 1]
[1, 1, 1, 1, 1, 1, 1, 1, 2, 1, 2, 1, 1]
[1, 1, 1, 1, 1, 1, 1, 1, 1, 1, 1, 2, 1]
[1, 1, 1, 1, 1, 1, 1, 1, 1, 1, 1, 1, 10]
Before train edge
Epoch: 0, Train loss: 1.3260224221420287, Validation loss: 1.3161206308364868, Validation accuracy: 0.4935
After training edge
Train edge rank_40
[2, 1, 1, 1, 2, 1, 1, 1, 1, 1, 1, 1, 1]
[1, 2, 1, 1, 1, 1, 1, 1, 1, 1, 1, 1, 1]
[1, 1, 2, 1, 1, 1, 1, 1, 1, 1, 1, 1, 1]
[1, 1, 1, 2, 1, 1, 1, 1, 1, 1, 1, 1, 1]
[2, 1, 1, 1, 2, 1, 1, 1, 1, 1, 1, 1, 1]
[1, 1, 1, 1, 1, 2, 1, 1, 1, 1, 1, 1, 1]
[1, 1, 1, 1, 1, 1, 2, 1, 1, 1, 1, 1, 1]
[1, 1, 1, 1, 1, 1, 1, 2, 1, 1, 1, 1, 1]
[1, 1, 1, 1, 1, 1, 1, 1, 2, 1, 1, 1, 1]
[1, 1, 1, 1, 1, 1, 1, 1, 1, 2, 1, 1, 1]
[1, 1, 1, 1, 1, 1, 1, 1, 1, 1, 2, 1, 1]
[1, 1, 1, 1, 1, 1, 1, 1, 1, 1, 1, 2, 1]
[1, 1, 1, 1, 1, 1, 1, 1, 1, 1, 1, 1, 10]
Before train edge
Epoch: 0, Train loss: 1.3286166957473755, Validation loss: 1.3159624691009522, Validation accuracy: 0.501
After training edge
Train edge rank_41
[2, 1, 1, 1, 1, 1, 1, 1, 1, 1, 1, 1, 1]
[1, 2, 1, 1, 2, 1, 1, 1, 1, 1, 1, 1, 1]
[1, 1, 2, 1, 1, 1, 1, 1, 1, 1, 1, 1, 1]
[1, 1, 1, 2, 1, 1, 1, 1, 1, 1, 1, 1, 1]
[1, 2, 1, 1, 2, 1, 1, 1, 1, 1, 1, 1, 1]
[1, 1, 1, 1, 1, 2, 1, 1, 1, 1, 1, 1, 1]
[1, 1, 1, 1, 1, 1, 2, 1, 1, 1, 1, 1, 1]
[1, 1, 1, 1, 1, 1, 1, 2, 1, 1, 1, 1, 1]
[1, 1, 1, 1, 1, 1, 1, 1, 2, 1, 1, 1, 1]
[1, 1, 1, 1, 1, 1, 1, 1, 1, 2, 1, 1, 1]
[1, 1, 1, 1, 1, 1, 1, 1, 1, 1, 2, 1, 1]
[1, 1, 1, 1, 1, 1, 1, 1, 1, 1, 1, 2, 1]
[1, 1, 1, 1, 1, 1, 1, 1, 1, 1, 1, 1, 10]
Before train edge
Epoch: 0, Train loss: 1.3248664405441284, Validation loss: 1.3120055267333985, Validation accuracy: 0.501
After training edge
Train edge rank_100
[2, 1, 1, 1, 1, 1, 1, 1, 1, 1, 2, 1, 1]
[1, 2, 1, 1, 1, 1, 1, 1, 1, 1, 1, 1, 1]
[1, 1, 2, 1, 1, 1, 1, 1, 1, 1, 1, 1, 1]
[1, 1, 1, 2, 1, 1, 1, 1, 1, 1, 1, 1, 1]
[1, 1, 1, 1, 2, 1, 1, 1, 1, 1, 1, 1, 1]
[1, 1, 1, 1, 1, 2, 1, 1, 1, 1, 1, 1, 1]
[1, 1, 1, 1, 1, 1, 2, 1, 1, 1, 1, 1, 1]
[1, 1, 1, 1, 1, 1, 1, 2, 1, 1, 1, 1, 1]
[1, 1, 1, 1, 1, 1, 1, 1, 2, 1, 1, 1, 1]
[1, 1, 1, 1, 1, 1, 1, 1, 1, 2, 1, 1, 1]
[2, 1, 1, 1, 1, 1, 1, 1, 1, 1, 2, 1, 1]
[1, 1, 1, 1, 1, 1, 1, 1, 1, 1, 1, 2, 1]
[1, 1, 1, 1, 1, 1, 1, 1, 1, 1, 1, 1, 10]
Before train edge
Epoch: 0, Train loss: 1.3284068843841552, Validation loss: 1.3179364131927491, Validation accuracy: 0.4962
After training edge
Train edge rank_76
[2, 1, 1, 1, 1, 1, 1, 1, 1, 1, 1, 1, 1]
[1, 2, 1, 1, 1, 1, 1, 1, 1, 1, 1, 1, 1]
[1, 1, 2, 1, 1, 1, 1, 1, 1, 1, 1, 1, 1]
[1, 1, 1, 2, 1, 1, 1, 1, 1, 1, 1, 1, 1]
[1, 1, 1, 1, 2, 1, 1, 1, 1, 1, 1, 1, 1]
[1, 1, 1, 1, 1, 2, 1, 1, 1, 1, 1, 1, 1]
[1, 1, 1, 1, 1, 1, 2, 2, 1, 1, 1, 1, 1]
[1, 1, 1, 1, 1, 1, 2, 2, 1, 1, 1, 1, 1]
[1, 1, 1, 1, 1, 1, 1, 1, 2, 1, 1, 1, 1]
[1, 1, 1, 1, 1, 1, 1, 1, 1, 2, 1, 1, 1]
[1, 1, 1, 1, 1, 1, 1, 1, 1, 1, 2, 1, 1]
[1, 1, 1, 1, 1, 1, 1, 1, 1, 1, 1, 2, 1]
[1, 1, 1, 1, 1, 1, 1, 1, 1, 1, 1, 1, 10]
Before train edge
Epoch: 0, Train loss: 1.325730888786316, Validation loss: 1.3182590778350831, Validation accuracy: 0.4957
After training edge
Train edge rank_74
[2, 1, 1, 1, 1, 1, 1, 1, 1, 1, 1, 1, 1]
[1, 2, 1, 1, 1, 1, 1, 1, 1, 1, 1, 1, 1]
[1, 1, 2, 1, 1, 1, 1, 1, 1, 1, 1, 1, 1]
[1, 1, 1, 2, 1, 1, 1, 1, 1, 1, 1, 1, 1]
[1, 1, 1, 1, 2, 1, 1, 2, 1, 1, 1, 1, 1]
[1, 1, 1, 1, 1, 2, 1, 1, 1, 1, 1, 1, 1]
[1, 1, 1, 1, 1, 1, 2, 1, 1, 1, 1, 1, 1]
[1, 1, 1, 1, 2, 1, 1, 2, 1, 1, 1, 1, 1]
[1, 1, 1, 1, 1, 1, 1, 1, 2, 1, 1, 1, 1]
[1, 1, 1, 1, 1, 1, 1, 1, 1, 2, 1, 1, 1]
[1, 1, 1, 1, 1, 1, 1, 1, 1, 1, 2, 1, 1]
[1, 1, 1, 1, 1, 1, 1, 1, 1, 1, 1, 2, 1]
[1, 1, 1, 1, 1, 1, 1, 1, 1, 1, 1, 1, 10]
Before train edge
Epoch: 0, Train loss: 1.3223729021835327, Validation loss: 1.3140315237045288, Validation accuracy: 0.5002
After training edge
Train edge rank_113
[2, 1, 1, 1, 1, 1, 1, 1, 1, 1, 1, 1, 1]
[1, 2, 1, 1, 1, 1, 1, 1, 1, 1, 1, 1, 1]
[1, 1, 2, 1, 1, 1, 1, 1, 1, 1, 1, 1, 1]
[1, 1, 1, 2, 1, 1, 1, 1, 1, 1, 1, 2, 1]
[1, 1, 1, 1, 2, 1, 1, 1, 1, 1, 1, 1, 1]
[1, 1, 1, 1, 1, 2, 1, 1, 1, 1, 1, 1, 1]
[1, 1, 1, 1, 1, 1, 2, 1, 1, 1, 1, 1, 1]
[1, 1, 1, 1, 1, 1, 1, 2, 1, 1, 1, 1, 1]
[1, 1, 1, 1, 1, 1, 1, 1, 2, 1, 1, 1, 1]
[1, 1, 1, 1, 1, 1, 1, 1, 1, 2, 1, 1, 1]
[1, 1, 1, 1, 1, 1, 1, 1, 1, 1, 2, 1, 1]
[1, 1, 1, 2, 1, 1, 1, 1, 1, 1, 1, 2, 1]
[1, 1, 1, 1, 1, 1, 1, 1, 1, 1, 1, 1, 10]
Before train edge
Epoch: 0, Train loss: 1.325995919303894, Validation loss: 1.313682417678833, Validation accuracy: 0.4999
After training edge
Train edge rank_73
[2, 1, 1, 1, 1, 1, 1, 1, 1, 1, 1, 1, 1]
[1, 2, 1, 1, 1, 1, 1, 1, 1, 1, 1, 1, 1]
[1, 1, 2, 1, 1, 1, 1, 1, 1, 1, 1, 1, 1]
[1, 1, 1, 2, 1, 1, 1, 2, 1, 1, 1, 1, 1]
[1, 1, 1, 1, 2, 1, 1, 1, 1, 1, 1, 1, 1]
[1, 1, 1, 1, 1, 2, 1, 1, 1, 1, 1, 1, 1]
[1, 1, 1, 1, 1, 1, 2, 1, 1, 1, 1, 1, 1]
[1, 1, 1, 2, 1, 1, 1, 2, 1, 1, 1, 1, 1]
[1, 1, 1, 1, 1, 1, 1, 1, 2, 1, 1, 1, 1]
[1, 1, 1, 1, 1, 1, 1, 1, 1, 2, 1, 1, 1]
[1, 1, 1, 1, 1, 1, 1, 1, 1, 1, 2, 1, 1]
[1, 1, 1, 1, 1, 1, 1, 1, 1, 1, 1, 2, 1]
[1, 1, 1, 1, 1, 1, 1, 1, 1, 1, 1, 1, 10]
Before train edge
Epoch: 0, Train loss: 1.325144619369507, Validation loss: 1.3225291053771973, Validation accuracy: 0.4935
After training edge
Train edge rank_30
[2, 1, 1, 2, 1, 1, 1, 1, 1, 1, 1, 1, 1]
[1, 2, 1, 1, 1, 1, 1, 1, 1, 1, 1, 1, 1]
[1, 1, 2, 1, 1, 1, 1, 1, 1, 1, 1, 1, 1]
[2, 1, 1, 2, 1, 1, 1, 1, 1, 1, 1, 1, 1]
[1, 1, 1, 1, 2, 1, 1, 1, 1, 1, 1, 1, 1]
[1, 1, 1, 1, 1, 2, 1, 1, 1, 1, 1, 1, 1]
[1, 1, 1, 1, 1, 1, 2, 1, 1, 1, 1, 1, 1]
[1, 1, 1, 1, 1, 1, 1, 2, 1, 1, 1, 1, 1]
[1, 1, 1, 1, 1, 1, 1, 1, 2, 1, 1, 1, 1]
[1, 1, 1, 1, 1, 1, 1, 1, 1, 2, 1, 1, 1]
[1, 1, 1, 1, 1, 1, 1, 1, 1, 1, 2, 1, 1]
[1, 1, 1, 1, 1, 1, 1, 1, 1, 1, 1, 2, 1]
[1, 1, 1, 1, 1, 1, 1, 1, 1, 1, 1, 1, 10]
Before train edge
Epoch: 0, Train loss: 1.3264101035690308, Validation loss: 1.3183988151550292, Validation accuracy: 0.4951
After training edge
Train edge rank_104
[2, 1, 1, 1, 1, 1, 1, 1, 1, 1, 1, 1, 1]
[1, 2, 1, 1, 1, 1, 1, 1, 1, 1, 1, 1, 1]
[1, 1, 2, 1, 1, 1, 1, 1, 1, 1, 1, 1, 1]
[1, 1, 1, 2, 1, 1, 1, 1, 1, 1, 1, 1, 1]
[1, 1, 1, 1, 2, 1, 1, 1, 1, 1, 2, 1, 1]
[1, 1, 1, 1, 1, 2, 1, 1, 1, 1, 1, 1, 1]
[1, 1, 1, 1, 1, 1, 2, 1, 1, 1, 1, 1, 1]
[1, 1, 1, 1, 1, 1, 1, 2, 1, 1, 1, 1, 1]
[1, 1, 1, 1, 1, 1, 1, 1, 2, 1, 1, 1, 1]
[1, 1, 1, 1, 1, 1, 1, 1, 1, 2, 1, 1, 1]
[1, 1, 1, 1, 2, 1, 1, 1, 1, 1, 2, 1, 1]
[1, 1, 1, 1, 1, 1, 1, 1, 1, 1, 1, 2, 1]
[1, 1, 1, 1, 1, 1, 1, 1, 1, 1, 1, 1, 10]
Before train edge
Epoch: 0, Train loss: 1.3261522061920166, Validation loss: 1.3151973905563354, Validation accuracy: 0.4998
After training edge
Train edge rank_32
[2, 1, 1, 1, 1, 1, 1, 1, 1, 1, 1, 1, 1]
[1, 2, 1, 1, 1, 1, 1, 1, 1, 1, 1, 1, 1]
[1, 1, 2, 2, 1, 1, 1, 1, 1, 1, 1, 1, 1]
[1, 1, 2, 2, 1, 1, 1, 1, 1, 1, 1, 1, 1]
[1, 1, 1, 1, 2, 1, 1, 1, 1, 1, 1, 1, 1]
[1, 1, 1, 1, 1, 2, 1, 1, 1, 1, 1, 1, 1]
[1, 1, 1, 1, 1, 1, 2, 1, 1, 1, 1, 1, 1]
[1, 1, 1, 1, 1, 1, 1, 2, 1, 1, 1, 1, 1]
[1, 1, 1, 1, 1, 1, 1, 1, 2, 1, 1, 1, 1]
[1, 1, 1, 1, 1, 1, 1, 1, 1, 2, 1, 1, 1]
[1, 1, 1, 1, 1, 1, 1, 1, 1, 1, 2, 1, 1]
[1, 1, 1, 1, 1, 1, 1, 1, 1, 1, 1, 2, 1]
[1, 1, 1, 1, 1, 1, 1, 1, 1, 1, 1, 1, 10]
Before train edge
Epoch: 0, Train loss: 1.3275391022872924, Validation loss: 1.3185825080871583, Validation accuracy: 0.4971
After training edge
Train edge rank_72
[2, 1, 1, 1, 1, 1, 1, 1, 1, 1, 1, 1, 1]
[1, 2, 1, 1, 1, 1, 1, 1, 1, 1, 1, 1, 1]
[1, 1, 2, 1, 1, 1, 1, 2, 1, 1, 1, 1, 1]
[1, 1, 1, 2, 1, 1, 1, 1, 1, 1, 1, 1, 1]
[1, 1, 1, 1, 2, 1, 1, 1, 1, 1, 1, 1, 1]
[1, 1, 1, 1, 1, 2, 1, 1, 1, 1, 1, 1, 1]
[1, 1, 1, 1, 1, 1, 2, 1, 1, 1, 1, 1, 1]
[1, 1, 2, 1, 1, 1, 1, 2, 1, 1, 1, 1, 1]
[1, 1, 1, 1, 1, 1, 1, 1, 2, 1, 1, 1, 1]
[1, 1, 1, 1, 1, 1, 1, 1, 1, 2, 1, 1, 1]
[1, 1, 1, 1, 1, 1, 1, 1, 1, 1, 2, 1, 1]
[1, 1, 1, 1, 1, 1, 1, 1, 1, 1, 1, 2, 1]
[1, 1, 1, 1, 1, 1, 1, 1, 1, 1, 1, 1, 10]
Before train edge
Epoch: 0, Train loss: 1.3248402947998046, Validation loss: 1.3186004877090454, Validation accuracy: 0.4929
After training edge
Train edge rank_114
[2, 1, 1, 1, 1, 1, 1, 1, 1, 1, 1, 1, 1]
[1, 2, 1, 1, 1, 1, 1, 1, 1, 1, 1, 1, 1]
[1, 1, 2, 1, 1, 1, 1, 1, 1, 1, 1, 1, 1]
[1, 1, 1, 2, 1, 1, 1, 1, 1, 1, 1, 1, 1]
[1, 1, 1, 1, 2, 1, 1, 1, 1, 1, 1, 2, 1]
[1, 1, 1, 1, 1, 2, 1, 1, 1, 1, 1, 1, 1]
[1, 1, 1, 1, 1, 1, 2, 1, 1, 1, 1, 1, 1]
[1, 1, 1, 1, 1, 1, 1, 2, 1, 1, 1, 1, 1]
[1, 1, 1, 1, 1, 1, 1, 1, 2, 1, 1, 1, 1]
[1, 1, 1, 1, 1, 1, 1, 1, 1, 2, 1, 1, 1]
[1, 1, 1, 1, 1, 1, 1, 1, 1, 1, 2, 1, 1]
[1, 1, 1, 1, 2, 1, 1, 1, 1, 1, 1, 2, 1]
[1, 1, 1, 1, 1, 1, 1, 1, 1, 1, 1, 1, 10]
Before train edge
Epoch: 0, Train loss: 1.3277199647903442, Validation loss: 1.3141962369918823, Validation accuracy: 0.4997
After training edge
Train edge rank_110
[2, 1, 1, 1, 1, 1, 1, 1, 1, 1, 1, 2, 1]
[1, 2, 1, 1, 1, 1, 1, 1, 1, 1, 1, 1, 1]
[1, 1, 2, 1, 1, 1, 1, 1, 1, 1, 1, 1, 1]
[1, 1, 1, 2, 1, 1, 1, 1, 1, 1, 1, 1, 1]
[1, 1, 1, 1, 2, 1, 1, 1, 1, 1, 1, 1, 1]
[1, 1, 1, 1, 1, 2, 1, 1, 1, 1, 1, 1, 1]
[1, 1, 1, 1, 1, 1, 2, 1, 1, 1, 1, 1, 1]
[1, 1, 1, 1, 1, 1, 1, 2, 1, 1, 1, 1, 1]
[1, 1, 1, 1, 1, 1, 1, 1, 2, 1, 1, 1, 1]
[1, 1, 1, 1, 1, 1, 1, 1, 1, 2, 1, 1, 1]
[1, 1, 1, 1, 1, 1, 1, 1, 1, 1, 2, 1, 1]
[2, 1, 1, 1, 1, 1, 1, 1, 1, 1, 1, 2, 1]
[1, 1, 1, 1, 1, 1, 1, 1, 1, 1, 1, 1, 10]
Before train edge
Epoch: 0, Train loss: 1.329726174583435, Validation loss: 1.3144647199630737, Validation accuracy: 0.4972
After training edge
Train edge rank_71
[2, 1, 1, 1, 1, 1, 1, 1, 1, 1, 1, 1, 1]
[1, 2, 1, 1, 1, 1, 1, 2, 1, 1, 1, 1, 1]
[1, 1, 2, 1, 1, 1, 1, 1, 1, 1, 1, 1, 1]
[1, 1, 1, 2, 1, 1, 1, 1, 1, 1, 1, 1, 1]
[1, 1, 1, 1, 2, 1, 1, 1, 1, 1, 1, 1, 1]
[1, 1, 1, 1, 1, 2, 1, 1, 1, 1, 1, 1, 1]
[1, 1, 1, 1, 1, 1, 2, 1, 1, 1, 1, 1, 1]
[1, 2, 1, 1, 1, 1, 1, 2, 1, 1, 1, 1, 1]
[1, 1, 1, 1, 1, 1, 1, 1, 2, 1, 1, 1, 1]
[1, 1, 1, 1, 1, 1, 1, 1, 1, 2, 1, 1, 1]
[1, 1, 1, 1, 1, 1, 1, 1, 1, 1, 2, 1, 1]
[1, 1, 1, 1, 1, 1, 1, 1, 1, 1, 1, 2, 1]
[1, 1, 1, 1, 1, 1, 1, 1, 1, 1, 1, 1, 10]
Before train edge
Epoch: 0, Train loss: 1.327504476852417, Validation loss: 1.3154382421493531, Validation accuracy: 0.501
After training edge
Train edge rank_115
[2, 1, 1, 1, 1, 1, 1, 1, 1, 1, 1, 1, 1]
[1, 2, 1, 1, 1, 1, 1, 1, 1, 1, 1, 1, 1]
[1, 1, 2, 1, 1, 1, 1, 1, 1, 1, 1, 1, 1]
[1, 1, 1, 2, 1, 1, 1, 1, 1, 1, 1, 1, 1]
[1, 1, 1, 1, 2, 1, 1, 1, 1, 1, 1, 1, 1]
[1, 1, 1, 1, 1, 2, 1, 1, 1, 1, 1, 2, 1]
[1, 1, 1, 1, 1, 1, 2, 1, 1, 1, 1, 1, 1]
[1, 1, 1, 1, 1, 1, 1, 2, 1, 1, 1, 1, 1]
[1, 1, 1, 1, 1, 1, 1, 1, 2, 1, 1, 1, 1]
[1, 1, 1, 1, 1, 1, 1, 1, 1, 2, 1, 1, 1]
[1, 1, 1, 1, 1, 1, 1, 1, 1, 1, 2, 1, 1]
[1, 1, 1, 1, 1, 2, 1, 1, 1, 1, 1, 2, 1]
[1, 1, 1, 1, 1, 1, 1, 1, 1, 1, 1, 1, 10]
Before train edge
Epoch: 0, Train loss: 1.3265654606246948, Validation loss: 1.3161093700408935, Validation accuracy: 0.4963
After training edge
Train edge rank_21
[2, 1, 1, 1, 1, 1, 1, 1, 1, 1, 1, 1, 1]
[1, 2, 2, 1, 1, 1, 1, 1, 1, 1, 1, 1, 1]
[1, 2, 2, 1, 1, 1, 1, 1, 1, 1, 1, 1, 1]
[1, 1, 1, 2, 1, 1, 1, 1, 1, 1, 1, 1, 1]
[1, 1, 1, 1, 2, 1, 1, 1, 1, 1, 1, 1, 1]
[1, 1, 1, 1, 1, 2, 1, 1, 1, 1, 1, 1, 1]
[1, 1, 1, 1, 1, 1, 2, 1, 1, 1, 1, 1, 1]
[1, 1, 1, 1, 1, 1, 1, 2, 1, 1, 1, 1, 1]
[1, 1, 1, 1, 1, 1, 1, 1, 2, 1, 1, 1, 1]
[1, 1, 1, 1, 1, 1, 1, 1, 1, 2, 1, 1, 1]
[1, 1, 1, 1, 1, 1, 1, 1, 1, 1, 2, 1, 1]
[1, 1, 1, 1, 1, 1, 1, 1, 1, 1, 1, 2, 1]
[1, 1, 1, 1, 1, 1, 1, 1, 1, 1, 1, 1, 10]
Before train edge
Epoch: 0, Train loss: 1.3204126838684083, Validation loss: 1.3159951400756835, Validation accuracy: 0.4967
After training edge
Train edge rank_96
[2, 1, 1, 1, 1, 1, 1, 1, 1, 1, 1, 1, 1]
[1, 2, 1, 1, 1, 1, 1, 1, 1, 1, 1, 1, 1]
[1, 1, 2, 1, 1, 1, 1, 1, 1, 1, 1, 1, 1]
[1, 1, 1, 2, 1, 1, 1, 1, 1, 1, 1, 1, 1]
[1, 1, 1, 1, 2, 1, 1, 1, 1, 1, 1, 1, 1]
[1, 1, 1, 1, 1, 2, 1, 1, 1, 1, 1, 1, 1]
[1, 1, 1, 1, 1, 1, 2, 1, 1, 2, 1, 1, 1]
[1, 1, 1, 1, 1, 1, 1, 2, 1, 1, 1, 1, 1]
[1, 1, 1, 1, 1, 1, 1, 1, 2, 1, 1, 1, 1]
[1, 1, 1, 1, 1, 1, 2, 1, 1, 2, 1, 1, 1]
[1, 1, 1, 1, 1, 1, 1, 1, 1, 1, 2, 1, 1]
[1, 1, 1, 1, 1, 1, 1, 1, 1, 1, 1, 2, 1]
[1, 1, 1, 1, 1, 1, 1, 1, 1, 1, 1, 1, 10]
Before train edge
Epoch: 0, Train loss: 1.3247709603881836, Validation loss: 1.3140135250091554, Validation accuracy: 0.4993
After training edge
Train edge rank_127
[2, 1, 1, 1, 1, 1, 1, 1, 1, 1, 1, 1, 1]
[1, 2, 1, 1, 1, 1, 1, 1, 1, 1, 1, 1, 1]
[1, 1, 2, 1, 1, 1, 1, 1, 1, 1, 1, 1, 1]
[1, 1, 1, 2, 1, 1, 1, 1, 1, 1, 1, 1, 1]
[1, 1, 1, 1, 2, 1, 1, 1, 1, 1, 1, 1, 1]
[1, 1, 1, 1, 1, 2, 1, 1, 1, 1, 1, 1, 1]
[1, 1, 1, 1, 1, 1, 2, 1, 1, 1, 1, 1, 1]
[1, 1, 1, 1, 1, 1, 1, 2, 1, 1, 1, 1, 2]
[1, 1, 1, 1, 1, 1, 1, 1, 2, 1, 1, 1, 1]
[1, 1, 1, 1, 1, 1, 1, 1, 1, 2, 1, 1, 1]
[1, 1, 1, 1, 1, 1, 1, 1, 1, 1, 2, 1, 1]
[1, 1, 1, 1, 1, 1, 1, 1, 1, 1, 1, 2, 1]
[1, 1, 1, 1, 1, 1, 1, 2, 1, 1, 1, 1, 10]
Before train edge
Epoch: 0, Train loss: 1.3269836156463624, Validation loss: 1.3206897445678711, Validation accuracy: 0.5136
After training edge
Train edge rank_117
[2, 1, 1, 1, 1, 1, 1, 1, 1, 1, 1, 1, 1]
[1, 2, 1, 1, 1, 1, 1, 1, 1, 1, 1, 1, 1]
[1, 1, 2, 1, 1, 1, 1, 1, 1, 1, 1, 1, 1]
[1, 1, 1, 2, 1, 1, 1, 1, 1, 1, 1, 1, 1]
[1, 1, 1, 1, 2, 1, 1, 1, 1, 1, 1, 1, 1]
[1, 1, 1, 1, 1, 2, 1, 1, 1, 1, 1, 1, 1]
[1, 1, 1, 1, 1, 1, 2, 1, 1, 1, 1, 1, 1]
[1, 1, 1, 1, 1, 1, 1, 2, 1, 1, 1, 2, 1]
[1, 1, 1, 1, 1, 1, 1, 1, 2, 1, 1, 1, 1]
[1, 1, 1, 1, 1, 1, 1, 1, 1, 2, 1, 1, 1]
[1, 1, 1, 1, 1, 1, 1, 1, 1, 1, 2, 1, 1]
[1, 1, 1, 1, 1, 1, 1, 2, 1, 1, 1, 2, 1]
[1, 1, 1, 1, 1, 1, 1, 1, 1, 1, 1, 1, 10]
Before train edge
Epoch: 0, Train loss: 1.327349291305542, Validation loss: 1.3168167623519897, Validation accuracy: 0.4965
After training edge
Train edge rank_93
[2, 1, 1, 1, 1, 1, 1, 1, 1, 1, 1, 1, 1]
[1, 2, 1, 1, 1, 1, 1, 1, 1, 1, 1, 1, 1]
[1, 1, 2, 1, 1, 1, 1, 1, 1, 1, 1, 1, 1]
[1, 1, 1, 2, 1, 1, 1, 1, 1, 2, 1, 1, 1]
[1, 1, 1, 1, 2, 1, 1, 1, 1, 1, 1, 1, 1]
[1, 1, 1, 1, 1, 2, 1, 1, 1, 1, 1, 1, 1]
[1, 1, 1, 1, 1, 1, 2, 1, 1, 1, 1, 1, 1]
[1, 1, 1, 1, 1, 1, 1, 2, 1, 1, 1, 1, 1]
[1, 1, 1, 1, 1, 1, 1, 1, 2, 1, 1, 1, 1]
[1, 1, 1, 2, 1, 1, 1, 1, 1, 2, 1, 1, 1]
[1, 1, 1, 1, 1, 1, 1, 1, 1, 1, 2, 1, 1]
[1, 1, 1, 1, 1, 1, 1, 1, 1, 1, 1, 2, 1]
[1, 1, 1, 1, 1, 1, 1, 1, 1, 1, 1, 1, 10]
Before train edge
Epoch: 0, Train loss: 1.32644737865448, Validation loss: 1.3139654403686523, Validation accuracy: 0.5022
After training edge
Train edge rank_105
[2, 1, 1, 1, 1, 1, 1, 1, 1, 1, 1, 1, 1]
[1, 2, 1, 1, 1, 1, 1, 1, 1, 1, 1, 1, 1]
[1, 1, 2, 1, 1, 1, 1, 1, 1, 1, 1, 1, 1]
[1, 1, 1, 2, 1, 1, 1, 1, 1, 1, 1, 1, 1]
[1, 1, 1, 1, 2, 1, 1, 1, 1, 1, 1, 1, 1]
[1, 1, 1, 1, 1, 2, 1, 1, 1, 1, 2, 1, 1]
[1, 1, 1, 1, 1, 1, 2, 1, 1, 1, 1, 1, 1]
[1, 1, 1, 1, 1, 1, 1, 2, 1, 1, 1, 1, 1]
[1, 1, 1, 1, 1, 1, 1, 1, 2, 1, 1, 1, 1]
[1, 1, 1, 1, 1, 1, 1, 1, 1, 2, 1, 1, 1]
[1, 1, 1, 1, 1, 2, 1, 1, 1, 1, 2, 1, 1]
[1, 1, 1, 1, 1, 1, 1, 1, 1, 1, 1, 2, 1]
[1, 1, 1, 1, 1, 1, 1, 1, 1, 1, 1, 1, 10]
Before train edge
Epoch: 0, Train loss: 1.3285601076889038, Validation loss: 1.3175976831436158, Validation accuracy: 0.4928
After training edge
Train edge rank_122
[2, 1, 1, 1, 1, 1, 1, 1, 1, 1, 1, 1, 1]
[1, 2, 1, 1, 1, 1, 1, 1, 1, 1, 1, 1, 1]
[1, 1, 2, 1, 1, 1, 1, 1, 1, 1, 1, 1, 2]
[1, 1, 1, 2, 1, 1, 1, 1, 1, 1, 1, 1, 1]
[1, 1, 1, 1, 2, 1, 1, 1, 1, 1, 1, 1, 1]
[1, 1, 1, 1, 1, 2, 1, 1, 1, 1, 1, 1, 1]
[1, 1, 1, 1, 1, 1, 2, 1, 1, 1, 1, 1, 1]
[1, 1, 1, 1, 1, 1, 1, 2, 1, 1, 1, 1, 1]
[1, 1, 1, 1, 1, 1, 1, 1, 2, 1, 1, 1, 1]
[1, 1, 1, 1, 1, 1, 1, 1, 1, 2, 1, 1, 1]
[1, 1, 1, 1, 1, 1, 1, 1, 1, 1, 2, 1, 1]
[1, 1, 1, 1, 1, 1, 1, 1, 1, 1, 1, 2, 1]
[1, 1, 2, 1, 1, 1, 1, 1, 1, 1, 1, 1, 10]
Before train edge
Epoch: 0, Train loss: 1.3284119331741333, Validation loss: 1.3190724967956542, Validation accuracy: 0.5043
After training edge
Train edge rank_98
[2, 1, 1, 1, 1, 1, 1, 1, 1, 1, 1, 1, 1]
[1, 2, 1, 1, 1, 1, 1, 1, 1, 1, 1, 1, 1]
[1, 1, 2, 1, 1, 1, 1, 1, 1, 1, 1, 1, 1]
[1, 1, 1, 2, 1, 1, 1, 1, 1, 1, 1, 1, 1]
[1, 1, 1, 1, 2, 1, 1, 1, 1, 1, 1, 1, 1]
[1, 1, 1, 1, 1, 2, 1, 1, 1, 1, 1, 1, 1]
[1, 1, 1, 1, 1, 1, 2, 1, 1, 1, 1, 1, 1]
[1, 1, 1, 1, 1, 1, 1, 2, 1, 1, 1, 1, 1]
[1, 1, 1, 1, 1, 1, 1, 1, 2, 2, 1, 1, 1]
[1, 1, 1, 1, 1, 1, 1, 1, 2, 2, 1, 1, 1]
[1, 1, 1, 1, 1, 1, 1, 1, 1, 1, 2, 1, 1]
[1, 1, 1, 1, 1, 1, 1, 1, 1, 1, 1, 2, 1]
[1, 1, 1, 1, 1, 1, 1, 1, 1, 1, 1, 1, 10]
Before train edge
Epoch: 0, Train loss: 1.3267333057785033, Validation loss: 1.317609546470642, Validation accuracy: 0.4999
After training edge
Train edge rank_103
[2, 1, 1, 1, 1, 1, 1, 1, 1, 1, 1, 1, 1]
[1, 2, 1, 1, 1, 1, 1, 1, 1, 1, 1, 1, 1]
[1, 1, 2, 1, 1, 1, 1, 1, 1, 1, 1, 1, 1]
[1, 1, 1, 2, 1, 1, 1, 1, 1, 1, 2, 1, 1]
[1, 1, 1, 1, 2, 1, 1, 1, 1, 1, 1, 1, 1]
[1, 1, 1, 1, 1, 2, 1, 1, 1, 1, 1, 1, 1]
[1, 1, 1, 1, 1, 1, 2, 1, 1, 1, 1, 1, 1]
[1, 1, 1, 1, 1, 1, 1, 2, 1, 1, 1, 1, 1]
[1, 1, 1, 1, 1, 1, 1, 1, 2, 1, 1, 1, 1]
[1, 1, 1, 1, 1, 1, 1, 1, 1, 2, 1, 1, 1]
[1, 1, 1, 2, 1, 1, 1, 1, 1, 1, 2, 1, 1]
[1, 1, 1, 1, 1, 1, 1, 1, 1, 1, 1, 2, 1]
[1, 1, 1, 1, 1, 1, 1, 1, 1, 1, 1, 1, 10]
Before train edge
Epoch: 0, Train loss: 1.3265887106704712, Validation loss: 1.3142933292388916, Validation accuracy: 0.4955
After training edge
Train edge rank_109
[2, 1, 1, 1, 1, 1, 1, 1, 1, 1, 1, 1, 1]
[1, 2, 1, 1, 1, 1, 1, 1, 1, 1, 1, 1, 1]
[1, 1, 2, 1, 1, 1, 1, 1, 1, 1, 1, 1, 1]
[1, 1, 1, 2, 1, 1, 1, 1, 1, 1, 1, 1, 1]
[1, 1, 1, 1, 2, 1, 1, 1, 1, 1, 1, 1, 1]
[1, 1, 1, 1, 1, 2, 1, 1, 1, 1, 1, 1, 1]
[1, 1, 1, 1, 1, 1, 2, 1, 1, 1, 1, 1, 1]
[1, 1, 1, 1, 1, 1, 1, 2, 1, 1, 1, 1, 1]
[1, 1, 1, 1, 1, 1, 1, 1, 2, 1, 1, 1, 1]
[1, 1, 1, 1, 1, 1, 1, 1, 1, 2, 2, 1, 1]
[1, 1, 1, 1, 1, 1, 1, 1, 1, 2, 2, 1, 1]
[1, 1, 1, 1, 1, 1, 1, 1, 1, 1, 1, 2, 1]
[1, 1, 1, 1, 1, 1, 1, 1, 1, 1, 1, 1, 10]
Before train edge
Epoch: 0, Train loss: 1.3237723583602905, Validation loss: 1.3152075227737428, Validation accuracy: 0.5005
After training edge
Train edge rank_112
[2, 1, 1, 1, 1, 1, 1, 1, 1, 1, 1, 1, 1]
[1, 2, 1, 1, 1, 1, 1, 1, 1, 1, 1, 1, 1]
[1, 1, 2, 1, 1, 1, 1, 1, 1, 1, 1, 2, 1]
[1, 1, 1, 2, 1, 1, 1, 1, 1, 1, 1, 1, 1]
[1, 1, 1, 1, 2, 1, 1, 1, 1, 1, 1, 1, 1]
[1, 1, 1, 1, 1, 2, 1, 1, 1, 1, 1, 1, 1]
[1, 1, 1, 1, 1, 1, 2, 1, 1, 1, 1, 1, 1]
[1, 1, 1, 1, 1, 1, 1, 2, 1, 1, 1, 1, 1]
[1, 1, 1, 1, 1, 1, 1, 1, 2, 1, 1, 1, 1]
[1, 1, 1, 1, 1, 1, 1, 1, 1, 2, 1, 1, 1]
[1, 1, 1, 1, 1, 1, 1, 1, 1, 1, 2, 1, 1]
[1, 1, 2, 1, 1, 1, 1, 1, 1, 1, 1, 2, 1]
[1, 1, 1, 1, 1, 1, 1, 1, 1, 1, 1, 1, 10]
Before train edge
Epoch: 0, Train loss: 1.3261234629058838, Validation loss: 1.314825355529785, Validation accuracy: 0.498
After training edge
Train edge rank_129
[2, 1, 1, 1, 1, 1, 1, 1, 1, 1, 1, 1, 1]
[1, 2, 1, 1, 1, 1, 1, 1, 1, 1, 1, 1, 1]
[1, 1, 2, 1, 1, 1, 1, 1, 1, 1, 1, 1, 1]
[1, 1, 1, 2, 1, 1, 1, 1, 1, 1, 1, 1, 1]
[1, 1, 1, 1, 2, 1, 1, 1, 1, 1, 1, 1, 1]
[1, 1, 1, 1, 1, 2, 1, 1, 1, 1, 1, 1, 1]
[1, 1, 1, 1, 1, 1, 2, 1, 1, 1, 1, 1, 1]
[1, 1, 1, 1, 1, 1, 1, 2, 1, 1, 1, 1, 1]
[1, 1, 1, 1, 1, 1, 1, 1, 2, 1, 1, 1, 1]
[1, 1, 1, 1, 1, 1, 1, 1, 1, 2, 1, 1, 2]
[1, 1, 1, 1, 1, 1, 1, 1, 1, 1, 2, 1, 1]
[1, 1, 1, 1, 1, 1, 1, 1, 1, 1, 1, 2, 1]
[1, 1, 1, 1, 1, 1, 1, 1, 1, 2, 1, 1, 10]
Before train edge
Epoch: 0, Train loss: 1.3315862659835815, Validation loss: 1.3185501050949098, Validation accuracy: 0.4939
After training edge
Train edge rank_120
[2, 1, 1, 1, 1, 1, 1, 1, 1, 1, 1, 1, 2]
[1, 2, 1, 1, 1, 1, 1, 1, 1, 1, 1, 1, 1]
[1, 1, 2, 1, 1, 1, 1, 1, 1, 1, 1, 1, 1]
[1, 1, 1, 2, 1, 1, 1, 1, 1, 1, 1, 1, 1]
[1, 1, 1, 1, 2, 1, 1, 1, 1, 1, 1, 1, 1]
[1, 1, 1, 1, 1, 2, 1, 1, 1, 1, 1, 1, 1]
[1, 1, 1, 1, 1, 1, 2, 1, 1, 1, 1, 1, 1]
[1, 1, 1, 1, 1, 1, 1, 2, 1, 1, 1, 1, 1]
[1, 1, 1, 1, 1, 1, 1, 1, 2, 1, 1, 1, 1]
[1, 1, 1, 1, 1, 1, 1, 1, 1, 2, 1, 1, 1]
[1, 1, 1, 1, 1, 1, 1, 1, 1, 1, 2, 1, 1]
[1, 1, 1, 1, 1, 1, 1, 1, 1, 1, 1, 2, 1]
[2, 1, 1, 1, 1, 1, 1, 1, 1, 1, 1, 1, 10]
Before train edge
Epoch: 0, Train loss: 1.3313298277282715, Validation loss: 1.318338373374939, Validation accuracy: 0.4942
After training edge
Train edge rank_97
[2, 1, 1, 1, 1, 1, 1, 1, 1, 1, 1, 1, 1]
[1, 2, 1, 1, 1, 1, 1, 1, 1, 1, 1, 1, 1]
[1, 1, 2, 1, 1, 1, 1, 1, 1, 1, 1, 1, 1]
[1, 1, 1, 2, 1, 1, 1, 1, 1, 1, 1, 1, 1]
[1, 1, 1, 1, 2, 1, 1, 1, 1, 1, 1, 1, 1]
[1, 1, 1, 1, 1, 2, 1, 1, 1, 1, 1, 1, 1]
[1, 1, 1, 1, 1, 1, 2, 1, 1, 1, 1, 1, 1]
[1, 1, 1, 1, 1, 1, 1, 2, 1, 2, 1, 1, 1]
[1, 1, 1, 1, 1, 1, 1, 1, 2, 1, 1, 1, 1]
[1, 1, 1, 1, 1, 1, 1, 2, 1, 2, 1, 1, 1]
[1, 1, 1, 1, 1, 1, 1, 1, 1, 1, 2, 1, 1]
[1, 1, 1, 1, 1, 1, 1, 1, 1, 1, 1, 2, 1]
[1, 1, 1, 1, 1, 1, 1, 1, 1, 1, 1, 1, 10]
Before train edge
Epoch: 0, Train loss: 1.3276614435577392, Validation loss: 1.3137737255096436, Validation accuracy: 0.505
After training edge
Train edge rank_51
[2, 1, 1, 1, 1, 1, 1, 1, 1, 1, 1, 1, 1]
[1, 2, 1, 1, 1, 2, 1, 1, 1, 1, 1, 1, 1]
[1, 1, 2, 1, 1, 1, 1, 1, 1, 1, 1, 1, 1]
[1, 1, 1, 2, 1, 1, 1, 1, 1, 1, 1, 1, 1]
[1, 1, 1, 1, 2, 1, 1, 1, 1, 1, 1, 1, 1]
[1, 2, 1, 1, 1, 2, 1, 1, 1, 1, 1, 1, 1]
[1, 1, 1, 1, 1, 1, 2, 1, 1, 1, 1, 1, 1]
[1, 1, 1, 1, 1, 1, 1, 2, 1, 1, 1, 1, 1]
[1, 1, 1, 1, 1, 1, 1, 1, 2, 1, 1, 1, 1]
[1, 1, 1, 1, 1, 1, 1, 1, 1, 2, 1, 1, 1]
[1, 1, 1, 1, 1, 1, 1, 1, 1, 1, 2, 1, 1]
[1, 1, 1, 1, 1, 1, 1, 1, 1, 1, 1, 2, 1]
[1, 1, 1, 1, 1, 1, 1, 1, 1, 1, 1, 1, 10]
Before train edge
Epoch: 0, Train loss: 1.325057431526184, Validation loss: 1.316971484375, Validation accuracy: 0.4998
After training edge
Train edge rank_94
[2, 1, 1, 1, 1, 1, 1, 1, 1, 1, 1, 1, 1]
[1, 2, 1, 1, 1, 1, 1, 1, 1, 1, 1, 1, 1]
[1, 1, 2, 1, 1, 1, 1, 1, 1, 1, 1, 1, 1]
[1, 1, 1, 2, 1, 1, 1, 1, 1, 1, 1, 1, 1]
[1, 1, 1, 1, 2, 1, 1, 1, 1, 2, 1, 1, 1]
[1, 1, 1, 1, 1, 2, 1, 1, 1, 1, 1, 1, 1]
[1, 1, 1, 1, 1, 1, 2, 1, 1, 1, 1, 1, 1]
[1, 1, 1, 1, 1, 1, 1, 2, 1, 1, 1, 1, 1]
[1, 1, 1, 1, 1, 1, 1, 1, 2, 1, 1, 1, 1]
[1, 1, 1, 1, 2, 1, 1, 1, 1, 2, 1, 1, 1]
[1, 1, 1, 1, 1, 1, 1, 1, 1, 1, 2, 1, 1]
[1, 1, 1, 1, 1, 1, 1, 1, 1, 1, 1, 2, 1]
[1, 1, 1, 1, 1, 1, 1, 1, 1, 1, 1, 1, 10]
Before train edge
Epoch: 0, Train loss: 1.3273394622802734, Validation loss: 1.3128288940429687, Validation accuracy: 0.5014
After training edge
Train edge rank_1110
[2, 1, 1, 1, 1, 1, 1, 1, 1, 1, 1, 1, 1]
[1, 2, 1, 1, 1, 1, 1, 1, 1, 1, 1, 1, 1]
[1, 1, 2, 1, 1, 1, 1, 1, 1, 1, 1, 1, 1]
[1, 1, 1, 2, 1, 1, 1, 1, 1, 1, 1, 1, 1]
[1, 1, 1, 1, 2, 1, 1, 1, 1, 1, 1, 1, 1]
[1, 1, 1, 1, 1, 2, 1, 1, 1, 1, 1, 1, 1]
[1, 1, 1, 1, 1, 1, 2, 1, 1, 1, 1, 1, 1]
[1, 1, 1, 1, 1, 1, 1, 2, 1, 1, 1, 1, 1]
[1, 1, 1, 1, 1, 1, 1, 1, 2, 1, 1, 1, 1]
[1, 1, 1, 1, 1, 1, 1, 1, 1, 2, 1, 1, 1]
[1, 1, 1, 1, 1, 1, 1, 1, 1, 1, 2, 2, 1]
[1, 1, 1, 1, 1, 1, 1, 1, 1, 1, 2, 2, 1]
[1, 1, 1, 1, 1, 1, 1, 1, 1, 1, 1, 1, 10]
Before train edge
Epoch: 0, Train loss: 1.3235575162506104, Validation loss: 1.313640711593628, Validation accuracy: 0.498
After training edge
Train edge rank_20
[2, 1, 2, 1, 1, 1, 1, 1, 1, 1, 1, 1, 1]
[1, 2, 1, 1, 1, 1, 1, 1, 1, 1, 1, 1, 1]
[2, 1, 2, 1, 1, 1, 1, 1, 1, 1, 1, 1, 1]
[1, 1, 1, 2, 1, 1, 1, 1, 1, 1, 1, 1, 1]
[1, 1, 1, 1, 2, 1, 1, 1, 1, 1, 1, 1, 1]
[1, 1, 1, 1, 1, 2, 1, 1, 1, 1, 1, 1, 1]
[1, 1, 1, 1, 1, 1, 2, 1, 1, 1, 1, 1, 1]
[1, 1, 1, 1, 1, 1, 1, 2, 1, 1, 1, 1, 1]
[1, 1, 1, 1, 1, 1, 1, 1, 2, 1, 1, 1, 1]
[1, 1, 1, 1, 1, 1, 1, 1, 1, 2, 1, 1, 1]
[1, 1, 1, 1, 1, 1, 1, 1, 1, 1, 2, 1, 1]
[1, 1, 1, 1, 1, 1, 1, 1, 1, 1, 1, 2, 1]
[1, 1, 1, 1, 1, 1, 1, 1, 1, 1, 1, 1, 10]
Before train edge
Epoch: 0, Train loss: 1.3237120666885376, Validation loss: 1.315802251625061, Validation accuracy: 0.4947
After training edge
Train edge rank_101
[2, 1, 1, 1, 1, 1, 1, 1, 1, 1, 1, 1, 1]
[1, 2, 1, 1, 1, 1, 1, 1, 1, 1, 2, 1, 1]
[1, 1, 2, 1, 1, 1, 1, 1, 1, 1, 1, 1, 1]
[1, 1, 1, 2, 1, 1, 1, 1, 1, 1, 1, 1, 1]
[1, 1, 1, 1, 2, 1, 1, 1, 1, 1, 1, 1, 1]
[1, 1, 1, 1, 1, 2, 1, 1, 1, 1, 1, 1, 1]
[1, 1, 1, 1, 1, 1, 2, 1, 1, 1, 1, 1, 1]
[1, 1, 1, 1, 1, 1, 1, 2, 1, 1, 1, 1, 1]
[1, 1, 1, 1, 1, 1, 1, 1, 2, 1, 1, 1, 1]
[1, 1, 1, 1, 1, 1, 1, 1, 1, 2, 1, 1, 1]
[1, 2, 1, 1, 1, 1, 1, 1, 1, 1, 2, 1, 1]
[1, 1, 1, 1, 1, 1, 1, 1, 1, 1, 1, 2, 1]
[1, 1, 1, 1, 1, 1, 1, 1, 1, 1, 1, 1, 10]
Before train edge
Epoch: 0, Train loss: 1.3241536491012573, Validation loss: 1.312996178817749, Validation accuracy: 0.4987
After training edge
factor_0 (2, 1, 1, 1, 1, 1, 1, 1, 1, 1, 1, 1, 1)
factor_1 (1, 2, 1, 1, 1, 1, 1, 1, 1, 1, 2, 1, 1)
factor_2 (1, 1, 2, 1, 1, 1, 1, 1, 1, 1, 1, 1, 1)
factor_3 (1, 1, 1, 2, 1, 1, 1, 1, 1, 1, 1, 1, 1)
factor_4 (1, 1, 1, 1, 2, 1, 1, 1, 1, 1, 1, 1, 1)
factor_5 (1, 1, 1, 1, 1, 2, 1, 1, 1, 1, 1, 1, 1)
factor_6 (1, 1, 1, 1, 1, 1, 2, 1, 1, 1, 1, 1, 1)
factor_7 (1, 1, 1, 1, 1, 1, 1, 2, 1, 1, 1, 1, 1)
factor_8 (1, 1, 1, 1, 1, 1, 1, 1, 2, 1, 1, 1, 1)
factor_9 (1, 1, 1, 1, 1, 1, 1, 1, 1, 2, 1, 1, 1)
factor_10 (1, 2, 1, 1, 1, 1, 1, 1, 1, 1, 2, 1, 1)
factor_11 (1, 1, 1, 1, 1, 1, 1, 1, 1, 1, 1, 2, 1)
factor_12 (1, 1, 1, 1, 1, 1, 1, 1, 1, 1, 1, 1, 10)
Choosen edge between factor_7 and factor_5
After step 0
--ranks '[[2, 1, 1, 1, 1, 1, 1, 1, 1, 1, 1, 1, 1], [1, 2, 1, 1, 1, 1, 1, 1, 1, 1, 1, 1, 1], [1, 1, 2, 1, 1, 1, 1, 1, 1, 1, 1, 1, 1], [1, 1, 1, 2, 1, 1, 1, 1, 1, 1, 1, 1, 1], [1, 1, 1, 1, 2, 1, 1, 1, 1, 1, 1, 1, 1], [1, 1, 1, 1, 1, 2, 1, 2, 1, 1, 1, 1, 1], [1, 1, 1, 1, 1, 1, 2, 1, 1, 1, 1, 1, 1], [1, 1, 1, 1, 1, 2, 1, 2, 1, 1, 1, 1, 1], [1, 1, 1, 1, 1, 1, 1, 1, 2, 1, 1, 1, 1], [1, 1, 1, 1, 1, 1, 1, 1, 1, 2, 1, 1, 1], [1, 1, 1, 1, 1, 1, 1, 1, 1, 1, 2, 1, 1], [1, 1, 1, 1, 1, 1, 1, 1, 1, 1, 1, 2, 1], [1, 1, 1, 1, 1, 1, 1, 1, 1, 1, 1, 1, 10]]'
Train full model
[2, 1, 1, 1, 1, 1, 1, 1, 1, 1, 1, 1, 1]
[1, 2, 1, 1, 1, 1, 1, 1, 1, 1, 1, 1, 1]
[1, 1, 2, 1, 1, 1, 1, 1, 1, 1, 1, 1, 1]
[1, 1, 1, 2, 1, 1, 1, 1, 1, 1, 1, 1, 1]
[1, 1, 1, 1, 2, 1, 1, 1, 1, 1, 1, 1, 1]
[1, 1, 1, 1, 1, 2, 1, 2, 1, 1, 1, 1, 1]
[1, 1, 1, 1, 1, 1, 2, 1, 1, 1, 1, 1, 1]
[1, 1, 1, 1, 1, 2, 1, 2, 1, 1, 1, 1, 1]
[1, 1, 1, 1, 1, 1, 1, 1, 2, 1, 1, 1, 1]
[1, 1, 1, 1, 1, 1, 1, 1, 1, 2, 1, 1, 1]
[1, 1, 1, 1, 1, 1, 1, 1, 1, 1, 2, 1, 1]
[1, 1, 1, 1, 1, 1, 1, 1, 1, 1, 1, 2, 1]
[1, 1, 1, 1, 1, 1, 1, 1, 1, 1, 1, 1, 10]
Epoch: 0, Train loss: 1.4426173988342286, Validation loss: 1.6062505683898927, Validation accuracy: 0.4342
Epoch: 1, Train loss: 1.4037227307891846, Validation loss: 1.4008651165008545, Validation accuracy: 0.4709
Epoch: 2, Train loss: 1.4758955337142945, Validation loss: 2.035387295150757, Validation accuracy: 0.1816
Epoch: 3, Train loss: 1.3941514573669433, Validation loss: 1.795560476875305, Validation accuracy: 0.4742
Epoch: 4, Train loss: 1.3950942593383788, Validation loss: 1.9631615840911865, Validation accuracy: 0.443
Epoch: 5, Train loss: 1.3779423097991943, Validation loss: 1.31801868019104, Validation accuracy: 0.5181
Epoch: 6, Train loss: 1.4068804899215699, Validation loss: 1.3932102390289307, Validation accuracy: 0.4885
Epoch: 7, Train loss: 1.35753047996521, Validation loss: 1.4127583362579346, Validation accuracy: 0.4731
Train edge rank_123
[2, 1, 1, 1, 1, 1, 1, 1, 1, 1, 1, 1, 1]
[1, 2, 1, 1, 1, 1, 1, 1, 1, 1, 1, 1, 1]
[1, 1, 2, 1, 1, 1, 1, 1, 1, 1, 1, 1, 1]
[1, 1, 1, 2, 1, 1, 1, 1, 1, 1, 1, 1, 2]
[1, 1, 1, 1, 2, 1, 1, 1, 1, 1, 1, 1, 1]
[1, 1, 1, 1, 1, 2, 1, 2, 1, 1, 1, 1, 1]
[1, 1, 1, 1, 1, 1, 2, 1, 1, 1, 1, 1, 1]
[1, 1, 1, 1, 1, 2, 1, 2, 1, 1, 1, 1, 1]
[1, 1, 1, 1, 1, 1, 1, 1, 2, 1, 1, 1, 1]
[1, 1, 1, 1, 1, 1, 1, 1, 1, 2, 1, 1, 1]
[1, 1, 1, 1, 1, 1, 1, 1, 1, 1, 2, 1, 1]
[1, 1, 1, 1, 1, 1, 1, 1, 1, 1, 1, 2, 1]
[1, 1, 1, 2, 1, 1, 1, 1, 1, 1, 1, 1, 10]
Before train edge
Epoch: 0, Train loss: 1.3649026444244385, Validation loss: 1.3919391975402833, Validation accuracy: 0.4751
After training edge
Train edge rank_30
[2, 1, 1, 2, 1, 1, 1, 1, 1, 1, 1, 1, 1]
[1, 2, 1, 1, 1, 1, 1, 1, 1, 1, 1, 1, 1]
[1, 1, 2, 1, 1, 1, 1, 1, 1, 1, 1, 1, 1]
[2, 1, 1, 2, 1, 1, 1, 1, 1, 1, 1, 1, 1]
[1, 1, 1, 1, 2, 1, 1, 1, 1, 1, 1, 1, 1]
[1, 1, 1, 1, 1, 2, 1, 2, 1, 1, 1, 1, 1]
[1, 1, 1, 1, 1, 1, 2, 1, 1, 1, 1, 1, 1]
[1, 1, 1, 1, 1, 2, 1, 2, 1, 1, 1, 1, 1]
[1, 1, 1, 1, 1, 1, 1, 1, 2, 1, 1, 1, 1]
[1, 1, 1, 1, 1, 1, 1, 1, 1, 2, 1, 1, 1]
[1, 1, 1, 1, 1, 1, 1, 1, 1, 1, 2, 1, 1]
[1, 1, 1, 1, 1, 1, 1, 1, 1, 1, 1, 2, 1]
[1, 1, 1, 1, 1, 1, 1, 1, 1, 1, 1, 1, 10]
Before train edge
Epoch: 0, Train loss: 1.3574188735198975, Validation loss: 1.35689729347229, Validation accuracy: 0.4826
After training edge
Train edge rank_92
[2, 1, 1, 1, 1, 1, 1, 1, 1, 1, 1, 1, 1]
[1, 2, 1, 1, 1, 1, 1, 1, 1, 1, 1, 1, 1]
[1, 1, 2, 1, 1, 1, 1, 1, 1, 2, 1, 1, 1]
[1, 1, 1, 2, 1, 1, 1, 1, 1, 1, 1, 1, 1]
[1, 1, 1, 1, 2, 1, 1, 1, 1, 1, 1, 1, 1]
[1, 1, 1, 1, 1, 2, 1, 2, 1, 1, 1, 1, 1]
[1, 1, 1, 1, 1, 1, 2, 1, 1, 1, 1, 1, 1]
[1, 1, 1, 1, 1, 2, 1, 2, 1, 1, 1, 1, 1]
[1, 1, 1, 1, 1, 1, 1, 1, 2, 1, 1, 1, 1]
[1, 1, 2, 1, 1, 1, 1, 1, 1, 2, 1, 1, 1]
[1, 1, 1, 1, 1, 1, 1, 1, 1, 1, 2, 1, 1]
[1, 1, 1, 1, 1, 1, 1, 1, 1, 1, 1, 2, 1]
[1, 1, 1, 1, 1, 1, 1, 1, 1, 1, 1, 1, 10]
Before train edge
Epoch: 0, Train loss: 1.3651511823272706, Validation loss: 1.3642310054779052, Validation accuracy: 0.4891
After training edge
Train edge rank_126
[2, 1, 1, 1, 1, 1, 1, 1, 1, 1, 1, 1, 1]
[1, 2, 1, 1, 1, 1, 1, 1, 1, 1, 1, 1, 1]
[1, 1, 2, 1, 1, 1, 1, 1, 1, 1, 1, 1, 1]
[1, 1, 1, 2, 1, 1, 1, 1, 1, 1, 1, 1, 1]
[1, 1, 1, 1, 2, 1, 1, 1, 1, 1, 1, 1, 1]
[1, 1, 1, 1, 1, 2, 1, 2, 1, 1, 1, 1, 1]
[1, 1, 1, 1, 1, 1, 2, 1, 1, 1, 1, 1, 2]
[1, 1, 1, 1, 1, 2, 1, 2, 1, 1, 1, 1, 1]
[1, 1, 1, 1, 1, 1, 1, 1, 2, 1, 1, 1, 1]
[1, 1, 1, 1, 1, 1, 1, 1, 1, 2, 1, 1, 1]
[1, 1, 1, 1, 1, 1, 1, 1, 1, 1, 2, 1, 1]
[1, 1, 1, 1, 1, 1, 1, 1, 1, 1, 1, 2, 1]
[1, 1, 1, 1, 1, 1, 2, 1, 1, 1, 1, 1, 10]
Before train edge
Epoch: 0, Train loss: 1.3699519239044189, Validation loss: 1.3803772928237914, Validation accuracy: 0.4738
After training edge
Train edge rank_20
[2, 1, 2, 1, 1, 1, 1, 1, 1, 1, 1, 1, 1]
[1, 2, 1, 1, 1, 1, 1, 1, 1, 1, 1, 1, 1]
[2, 1, 2, 1, 1, 1, 1, 1, 1, 1, 1, 1, 1]
[1, 1, 1, 2, 1, 1, 1, 1, 1, 1, 1, 1, 1]
[1, 1, 1, 1, 2, 1, 1, 1, 1, 1, 1, 1, 1]
[1, 1, 1, 1, 1, 2, 1, 2, 1, 1, 1, 1, 1]
[1, 1, 1, 1, 1, 1, 2, 1, 1, 1, 1, 1, 1]
[1, 1, 1, 1, 1, 2, 1, 2, 1, 1, 1, 1, 1]
[1, 1, 1, 1, 1, 1, 1, 1, 2, 1, 1, 1, 1]
[1, 1, 1, 1, 1, 1, 1, 1, 1, 2, 1, 1, 1]
[1, 1, 1, 1, 1, 1, 1, 1, 1, 1, 2, 1, 1]
[1, 1, 1, 1, 1, 1, 1, 1, 1, 1, 1, 2, 1]
[1, 1, 1, 1, 1, 1, 1, 1, 1, 1, 1, 1, 10]
Before train edge
Epoch: 0, Train loss: 1.3615218147659303, Validation loss: 1.3616079797744751, Validation accuracy: 0.4826
After training edge
Train edge rank_52
[2, 1, 1, 1, 1, 1, 1, 1, 1, 1, 1, 1, 1]
[1, 2, 1, 1, 1, 1, 1, 1, 1, 1, 1, 1, 1]
[1, 1, 2, 1, 1, 2, 1, 1, 1, 1, 1, 1, 1]
[1, 1, 1, 2, 1, 1, 1, 1, 1, 1, 1, 1, 1]
[1, 1, 1, 1, 2, 1, 1, 1, 1, 1, 1, 1, 1]
[1, 1, 2, 1, 1, 2, 1, 2, 1, 1, 1, 1, 1]
[1, 1, 1, 1, 1, 1, 2, 1, 1, 1, 1, 1, 1]
[1, 1, 1, 1, 1, 2, 1, 2, 1, 1, 1, 1, 1]
[1, 1, 1, 1, 1, 1, 1, 1, 2, 1, 1, 1, 1]
[1, 1, 1, 1, 1, 1, 1, 1, 1, 2, 1, 1, 1]
[1, 1, 1, 1, 1, 1, 1, 1, 1, 1, 2, 1, 1]
[1, 1, 1, 1, 1, 1, 1, 1, 1, 1, 1, 2, 1]
[1, 1, 1, 1, 1, 1, 1, 1, 1, 1, 1, 1, 10]
Before train edge
Epoch: 0, Train loss: 1.3723028205108643, Validation loss: 1.3675702449798584, Validation accuracy: 0.4826
After training edge
Train edge rank_125
[2, 1, 1, 1, 1, 1, 1, 1, 1, 1, 1, 1, 1]
[1, 2, 1, 1, 1, 1, 1, 1, 1, 1, 1, 1, 1]
[1, 1, 2, 1, 1, 1, 1, 1, 1, 1, 1, 1, 1]
[1, 1, 1, 2, 1, 1, 1, 1, 1, 1, 1, 1, 1]
[1, 1, 1, 1, 2, 1, 1, 1, 1, 1, 1, 1, 1]
[1, 1, 1, 1, 1, 2, 1, 2, 1, 1, 1, 1, 2]
[1, 1, 1, 1, 1, 1, 2, 1, 1, 1, 1, 1, 1]
[1, 1, 1, 1, 1, 2, 1, 2, 1, 1, 1, 1, 1]
[1, 1, 1, 1, 1, 1, 1, 1, 2, 1, 1, 1, 1]
[1, 1, 1, 1, 1, 1, 1, 1, 1, 2, 1, 1, 1]
[1, 1, 1, 1, 1, 1, 1, 1, 1, 1, 2, 1, 1]
[1, 1, 1, 1, 1, 1, 1, 1, 1, 1, 1, 2, 1]
[1, 1, 1, 1, 1, 2, 1, 1, 1, 1, 1, 1, 10]
Before train edge
Epoch: 0, Train loss: 1.3662868574905396, Validation loss: 1.3907994874954224, Validation accuracy: 0.4754
After training edge
Train edge rank_82
[2, 1, 1, 1, 1, 1, 1, 1, 1, 1, 1, 1, 1]
[1, 2, 1, 1, 1, 1, 1, 1, 1, 1, 1, 1, 1]
[1, 1, 2, 1, 1, 1, 1, 1, 2, 1, 1, 1, 1]
[1, 1, 1, 2, 1, 1, 1, 1, 1, 1, 1, 1, 1]
[1, 1, 1, 1, 2, 1, 1, 1, 1, 1, 1, 1, 1]
[1, 1, 1, 1, 1, 2, 1, 2, 1, 1, 1, 1, 1]
[1, 1, 1, 1, 1, 1, 2, 1, 1, 1, 1, 1, 1]
[1, 1, 1, 1, 1, 2, 1, 2, 1, 1, 1, 1, 1]
[1, 1, 2, 1, 1, 1, 1, 1, 2, 1, 1, 1, 1]
[1, 1, 1, 1, 1, 1, 1, 1, 1, 2, 1, 1, 1]
[1, 1, 1, 1, 1, 1, 1, 1, 1, 1, 2, 1, 1]
[1, 1, 1, 1, 1, 1, 1, 1, 1, 1, 1, 2, 1]
[1, 1, 1, 1, 1, 1, 1, 1, 1, 1, 1, 1, 10]
Before train edge
Epoch: 0, Train loss: 1.3707211229705811, Validation loss: 1.3647218196868895, Validation accuracy: 0.493
After training edge
Train edge rank_72
[2, 1, 1, 1, 1, 1, 1, 1, 1, 1, 1, 1, 1]
[1, 2, 1, 1, 1, 1, 1, 1, 1, 1, 1, 1, 1]
[1, 1, 2, 1, 1, 1, 1, 2, 1, 1, 1, 1, 1]
[1, 1, 1, 2, 1, 1, 1, 1, 1, 1, 1, 1, 1]
[1, 1, 1, 1, 2, 1, 1, 1, 1, 1, 1, 1, 1]
[1, 1, 1, 1, 1, 2, 1, 2, 1, 1, 1, 1, 1]
[1, 1, 1, 1, 1, 1, 2, 1, 1, 1, 1, 1, 1]
[1, 1, 2, 1, 1, 2, 1, 2, 1, 1, 1, 1, 1]
[1, 1, 1, 1, 1, 1, 1, 1, 2, 1, 1, 1, 1]
[1, 1, 1, 1, 1, 1, 1, 1, 1, 2, 1, 1, 1]
[1, 1, 1, 1, 1, 1, 1, 1, 1, 1, 2, 1, 1]
[1, 1, 1, 1, 1, 1, 1, 1, 1, 1, 1, 2, 1]
[1, 1, 1, 1, 1, 1, 1, 1, 1, 1, 1, 1, 10]
Before train edge
Epoch: 0, Train loss: 1.361084365196228, Validation loss: 1.362451021194458, Validation accuracy: 0.4835
After training edge
Train edge rank_95
[2, 1, 1, 1, 1, 1, 1, 1, 1, 1, 1, 1, 1]
[1, 2, 1, 1, 1, 1, 1, 1, 1, 1, 1, 1, 1]
[1, 1, 2, 1, 1, 1, 1, 1, 1, 1, 1, 1, 1]
[1, 1, 1, 2, 1, 1, 1, 1, 1, 1, 1, 1, 1]
[1, 1, 1, 1, 2, 1, 1, 1, 1, 1, 1, 1, 1]
[1, 1, 1, 1, 1, 2, 1, 2, 1, 2, 1, 1, 1]
[1, 1, 1, 1, 1, 1, 2, 1, 1, 1, 1, 1, 1]
[1, 1, 1, 1, 1, 2, 1, 2, 1, 1, 1, 1, 1]
[1, 1, 1, 1, 1, 1, 1, 1, 2, 1, 1, 1, 1]
[1, 1, 1, 1, 1, 2, 1, 1, 1, 2, 1, 1, 1]
[1, 1, 1, 1, 1, 1, 1, 1, 1, 1, 2, 1, 1]
[1, 1, 1, 1, 1, 1, 1, 1, 1, 1, 1, 2, 1]
[1, 1, 1, 1, 1, 1, 1, 1, 1, 1, 1, 1, 10]
Before train edge
Epoch: 0, Train loss: 1.3657151405715942, Validation loss: 1.361892774963379, Validation accuracy: 0.488
After training edge
Train edge rank_100
[2, 1, 1, 1, 1, 1, 1, 1, 1, 1, 2, 1, 1]
[1, 2, 1, 1, 1, 1, 1, 1, 1, 1, 1, 1, 1]
[1, 1, 2, 1, 1, 1, 1, 1, 1, 1, 1, 1, 1]
[1, 1, 1, 2, 1, 1, 1, 1, 1, 1, 1, 1, 1]
[1, 1, 1, 1, 2, 1, 1, 1, 1, 1, 1, 1, 1]
[1, 1, 1, 1, 1, 2, 1, 2, 1, 1, 1, 1, 1]
[1, 1, 1, 1, 1, 1, 2, 1, 1, 1, 1, 1, 1]
[1, 1, 1, 1, 1, 2, 1, 2, 1, 1, 1, 1, 1]
[1, 1, 1, 1, 1, 1, 1, 1, 2, 1, 1, 1, 1]
[1, 1, 1, 1, 1, 1, 1, 1, 1, 2, 1, 1, 1]
[2, 1, 1, 1, 1, 1, 1, 1, 1, 1, 2, 1, 1]
[1, 1, 1, 1, 1, 1, 1, 1, 1, 1, 1, 2, 1]
[1, 1, 1, 1, 1, 1, 1, 1, 1, 1, 1, 1, 10]
Before train edge
Epoch: 0, Train loss: 1.3637689348602295, Validation loss: 1.3633482267379762, Validation accuracy: 0.4784
After training edge
Train edge rank_73
[2, 1, 1, 1, 1, 1, 1, 1, 1, 1, 1, 1, 1]
[1, 2, 1, 1, 1, 1, 1, 1, 1, 1, 1, 1, 1]
[1, 1, 2, 1, 1, 1, 1, 1, 1, 1, 1, 1, 1]
[1, 1, 1, 2, 1, 1, 1, 2, 1, 1, 1, 1, 1]
[1, 1, 1, 1, 2, 1, 1, 1, 1, 1, 1, 1, 1]
[1, 1, 1, 1, 1, 2, 1, 2, 1, 1, 1, 1, 1]
[1, 1, 1, 1, 1, 1, 2, 1, 1, 1, 1, 1, 1]
[1, 1, 1, 2, 1, 2, 1, 2, 1, 1, 1, 1, 1]
[1, 1, 1, 1, 1, 1, 1, 1, 2, 1, 1, 1, 1]
[1, 1, 1, 1, 1, 1, 1, 1, 1, 2, 1, 1, 1]
[1, 1, 1, 1, 1, 1, 1, 1, 1, 1, 2, 1, 1]
[1, 1, 1, 1, 1, 1, 1, 1, 1, 1, 1, 2, 1]
[1, 1, 1, 1, 1, 1, 1, 1, 1, 1, 1, 1, 10]
Before train edge
Epoch: 0, Train loss: 1.361050571861267, Validation loss: 1.360377425956726, Validation accuracy: 0.4877
After training edge
Train edge rank_65
[2, 1, 1, 1, 1, 1, 1, 1, 1, 1, 1, 1, 1]
[1, 2, 1, 1, 1, 1, 1, 1, 1, 1, 1, 1, 1]
[1, 1, 2, 1, 1, 1, 1, 1, 1, 1, 1, 1, 1]
[1, 1, 1, 2, 1, 1, 1, 1, 1, 1, 1, 1, 1]
[1, 1, 1, 1, 2, 1, 1, 1, 1, 1, 1, 1, 1]
[1, 1, 1, 1, 1, 2, 2, 2, 1, 1, 1, 1, 1]
[1, 1, 1, 1, 1, 2, 2, 1, 1, 1, 1, 1, 1]
[1, 1, 1, 1, 1, 2, 1, 2, 1, 1, 1, 1, 1]
[1, 1, 1, 1, 1, 1, 1, 1, 2, 1, 1, 1, 1]
[1, 1, 1, 1, 1, 1, 1, 1, 1, 2, 1, 1, 1]
[1, 1, 1, 1, 1, 1, 1, 1, 1, 1, 2, 1, 1]
[1, 1, 1, 1, 1, 1, 1, 1, 1, 1, 1, 2, 1]
[1, 1, 1, 1, 1, 1, 1, 1, 1, 1, 1, 1, 10]
Before train edge
Epoch: 0, Train loss: 1.3573870684814453, Validation loss: 1.3628227516174316, Validation accuracy: 0.4837
After training edge
Train edge rank_10
[2, 2, 1, 1, 1, 1, 1, 1, 1, 1, 1, 1, 1]
[2, 2, 1, 1, 1, 1, 1, 1, 1, 1, 1, 1, 1]
[1, 1, 2, 1, 1, 1, 1, 1, 1, 1, 1, 1, 1]
[1, 1, 1, 2, 1, 1, 1, 1, 1, 1, 1, 1, 1]
[1, 1, 1, 1, 2, 1, 1, 1, 1, 1, 1, 1, 1]
[1, 1, 1, 1, 1, 2, 1, 2, 1, 1, 1, 1, 1]
[1, 1, 1, 1, 1, 1, 2, 1, 1, 1, 1, 1, 1]
[1, 1, 1, 1, 1, 2, 1, 2, 1, 1, 1, 1, 1]
[1, 1, 1, 1, 1, 1, 1, 1, 2, 1, 1, 1, 1]
[1, 1, 1, 1, 1, 1, 1, 1, 1, 2, 1, 1, 1]
[1, 1, 1, 1, 1, 1, 1, 1, 1, 1, 2, 1, 1]
[1, 1, 1, 1, 1, 1, 1, 1, 1, 1, 1, 2, 1]
[1, 1, 1, 1, 1, 1, 1, 1, 1, 1, 1, 1, 10]
Before train edge
Epoch: 0, Train loss: 1.3597273148345947, Validation loss: 1.3519958572387696, Validation accuracy: 0.4838
After training edge
Train edge rank_63
[2, 1, 1, 1, 1, 1, 1, 1, 1, 1, 1, 1, 1]
[1, 2, 1, 1, 1, 1, 1, 1, 1, 1, 1, 1, 1]
[1, 1, 2, 1, 1, 1, 1, 1, 1, 1, 1, 1, 1]
[1, 1, 1, 2, 1, 1, 2, 1, 1, 1, 1, 1, 1]
[1, 1, 1, 1, 2, 1, 1, 1, 1, 1, 1, 1, 1]
[1, 1, 1, 1, 1, 2, 1, 2, 1, 1, 1, 1, 1]
[1, 1, 1, 2, 1, 1, 2, 1, 1, 1, 1, 1, 1]
[1, 1, 1, 1, 1, 2, 1, 2, 1, 1, 1, 1, 1]
[1, 1, 1, 1, 1, 1, 1, 1, 2, 1, 1, 1, 1]
[1, 1, 1, 1, 1, 1, 1, 1, 1, 2, 1, 1, 1]
[1, 1, 1, 1, 1, 1, 1, 1, 1, 1, 2, 1, 1]
[1, 1, 1, 1, 1, 1, 1, 1, 1, 1, 1, 2, 1]
[1, 1, 1, 1, 1, 1, 1, 1, 1, 1, 1, 1, 10]
Before train edge
Epoch: 0, Train loss: 1.3574867345046997, Validation loss: 1.3603664192199707, Validation accuracy: 0.4862
After training edge
Train edge rank_86
[2, 1, 1, 1, 1, 1, 1, 1, 1, 1, 1, 1, 1]
[1, 2, 1, 1, 1, 1, 1, 1, 1, 1, 1, 1, 1]
[1, 1, 2, 1, 1, 1, 1, 1, 1, 1, 1, 1, 1]
[1, 1, 1, 2, 1, 1, 1, 1, 1, 1, 1, 1, 1]
[1, 1, 1, 1, 2, 1, 1, 1, 1, 1, 1, 1, 1]
[1, 1, 1, 1, 1, 2, 1, 2, 1, 1, 1, 1, 1]
[1, 1, 1, 1, 1, 1, 2, 1, 2, 1, 1, 1, 1]
[1, 1, 1, 1, 1, 2, 1, 2, 1, 1, 1, 1, 1]
[1, 1, 1, 1, 1, 1, 2, 1, 2, 1, 1, 1, 1]
[1, 1, 1, 1, 1, 1, 1, 1, 1, 2, 1, 1, 1]
[1, 1, 1, 1, 1, 1, 1, 1, 1, 1, 2, 1, 1]
[1, 1, 1, 1, 1, 1, 1, 1, 1, 1, 1, 2, 1]
[1, 1, 1, 1, 1, 1, 1, 1, 1, 1, 1, 1, 10]
Before train edge
Epoch: 0, Train loss: 1.3648958504104614, Validation loss: 1.3638166711807251, Validation accuracy: 0.4859
After training edge
Train edge rank_41
[2, 1, 1, 1, 1, 1, 1, 1, 1, 1, 1, 1, 1]
[1, 2, 1, 1, 2, 1, 1, 1, 1, 1, 1, 1, 1]
[1, 1, 2, 1, 1, 1, 1, 1, 1, 1, 1, 1, 1]
[1, 1, 1, 2, 1, 1, 1, 1, 1, 1, 1, 1, 1]
[1, 2, 1, 1, 2, 1, 1, 1, 1, 1, 1, 1, 1]
[1, 1, 1, 1, 1, 2, 1, 2, 1, 1, 1, 1, 1]
[1, 1, 1, 1, 1, 1, 2, 1, 1, 1, 1, 1, 1]
[1, 1, 1, 1, 1, 2, 1, 2, 1, 1, 1, 1, 1]
[1, 1, 1, 1, 1, 1, 1, 1, 2, 1, 1, 1, 1]
[1, 1, 1, 1, 1, 1, 1, 1, 1, 2, 1, 1, 1]
[1, 1, 1, 1, 1, 1, 1, 1, 1, 1, 2, 1, 1]
[1, 1, 1, 1, 1, 1, 1, 1, 1, 1, 1, 2, 1]
[1, 1, 1, 1, 1, 1, 1, 1, 1, 1, 1, 1, 10]
Before train edge
Epoch: 0, Train loss: 1.3625245901107788, Validation loss: 1.3523679304122924, Validation accuracy: 0.4924
After training edge
Train edge rank_32
[2, 1, 1, 1, 1, 1, 1, 1, 1, 1, 1, 1, 1]
[1, 2, 1, 1, 1, 1, 1, 1, 1, 1, 1, 1, 1]
[1, 1, 2, 2, 1, 1, 1, 1, 1, 1, 1, 1, 1]
[1, 1, 2, 2, 1, 1, 1, 1, 1, 1, 1, 1, 1]
[1, 1, 1, 1, 2, 1, 1, 1, 1, 1, 1, 1, 1]
[1, 1, 1, 1, 1, 2, 1, 2, 1, 1, 1, 1, 1]
[1, 1, 1, 1, 1, 1, 2, 1, 1, 1, 1, 1, 1]
[1, 1, 1, 1, 1, 2, 1, 2, 1, 1, 1, 1, 1]
[1, 1, 1, 1, 1, 1, 1, 1, 2, 1, 1, 1, 1]
[1, 1, 1, 1, 1, 1, 1, 1, 1, 2, 1, 1, 1]
[1, 1, 1, 1, 1, 1, 1, 1, 1, 1, 2, 1, 1]
[1, 1, 1, 1, 1, 1, 1, 1, 1, 1, 1, 2, 1]
[1, 1, 1, 1, 1, 1, 1, 1, 1, 1, 1, 1, 10]
Before train edge
Epoch: 0, Train loss: 1.3708486045074464, Validation loss: 1.3589906080245973, Validation accuracy: 0.49
After training edge
Train edge rank_62
[2, 1, 1, 1, 1, 1, 1, 1, 1, 1, 1, 1, 1]
[1, 2, 1, 1, 1, 1, 1, 1, 1, 1, 1, 1, 1]
[1, 1, 2, 1, 1, 1, 2, 1, 1, 1, 1, 1, 1]
[1, 1, 1, 2, 1, 1, 1, 1, 1, 1, 1, 1, 1]
[1, 1, 1, 1, 2, 1, 1, 1, 1, 1, 1, 1, 1]
[1, 1, 1, 1, 1, 2, 1, 2, 1, 1, 1, 1, 1]
[1, 1, 2, 1, 1, 1, 2, 1, 1, 1, 1, 1, 1]
[1, 1, 1, 1, 1, 2, 1, 2, 1, 1, 1, 1, 1]
[1, 1, 1, 1, 1, 1, 1, 1, 2, 1, 1, 1, 1]
[1, 1, 1, 1, 1, 1, 1, 1, 1, 2, 1, 1, 1]
[1, 1, 1, 1, 1, 1, 1, 1, 1, 1, 2, 1, 1]
[1, 1, 1, 1, 1, 1, 1, 1, 1, 1, 1, 2, 1]
[1, 1, 1, 1, 1, 1, 1, 1, 1, 1, 1, 1, 10]
Before train edge
Epoch: 0, Train loss: 1.3558044807434082, Validation loss: 1.3650126781463623, Validation accuracy: 0.4822
After training edge
Train edge rank_110
[2, 1, 1, 1, 1, 1, 1, 1, 1, 1, 1, 2, 1]
[1, 2, 1, 1, 1, 1, 1, 1, 1, 1, 1, 1, 1]
[1, 1, 2, 1, 1, 1, 1, 1, 1, 1, 1, 1, 1]
[1, 1, 1, 2, 1, 1, 1, 1, 1, 1, 1, 1, 1]
[1, 1, 1, 1, 2, 1, 1, 1, 1, 1, 1, 1, 1]
[1, 1, 1, 1, 1, 2, 1, 2, 1, 1, 1, 1, 1]
[1, 1, 1, 1, 1, 1, 2, 1, 1, 1, 1, 1, 1]
[1, 1, 1, 1, 1, 2, 1, 2, 1, 1, 1, 1, 1]
[1, 1, 1, 1, 1, 1, 1, 1, 2, 1, 1, 1, 1]
[1, 1, 1, 1, 1, 1, 1, 1, 1, 2, 1, 1, 1]
[1, 1, 1, 1, 1, 1, 1, 1, 1, 1, 2, 1, 1]
[2, 1, 1, 1, 1, 1, 1, 1, 1, 1, 1, 2, 1]
[1, 1, 1, 1, 1, 1, 1, 1, 1, 1, 1, 1, 10]
Before train edge
Epoch: 0, Train loss: 1.3575369522857665, Validation loss: 1.3566835290908814, Validation accuracy: 0.4808
After training edge
Train edge rank_115
[2, 1, 1, 1, 1, 1, 1, 1, 1, 1, 1, 1, 1]
[1, 2, 1, 1, 1, 1, 1, 1, 1, 1, 1, 1, 1]
[1, 1, 2, 1, 1, 1, 1, 1, 1, 1, 1, 1, 1]
[1, 1, 1, 2, 1, 1, 1, 1, 1, 1, 1, 1, 1]
[1, 1, 1, 1, 2, 1, 1, 1, 1, 1, 1, 1, 1]
[1, 1, 1, 1, 1, 2, 1, 2, 1, 1, 1, 2, 1]
[1, 1, 1, 1, 1, 1, 2, 1, 1, 1, 1, 1, 1]
[1, 1, 1, 1, 1, 2, 1, 2, 1, 1, 1, 1, 1]
[1, 1, 1, 1, 1, 1, 1, 1, 2, 1, 1, 1, 1]
[1, 1, 1, 1, 1, 1, 1, 1, 1, 2, 1, 1, 1]
[1, 1, 1, 1, 1, 1, 1, 1, 1, 1, 2, 1, 1]
[1, 1, 1, 1, 1, 2, 1, 1, 1, 1, 1, 2, 1]
[1, 1, 1, 1, 1, 1, 1, 1, 1, 1, 1, 1, 10]
Before train edge
Epoch: 0, Train loss: 1.3618212301254273, Validation loss: 1.3741213127136231, Validation accuracy: 0.4806
After training edge
Train edge rank_108
[2, 1, 1, 1, 1, 1, 1, 1, 1, 1, 1, 1, 1]
[1, 2, 1, 1, 1, 1, 1, 1, 1, 1, 1, 1, 1]
[1, 1, 2, 1, 1, 1, 1, 1, 1, 1, 1, 1, 1]
[1, 1, 1, 2, 1, 1, 1, 1, 1, 1, 1, 1, 1]
[1, 1, 1, 1, 2, 1, 1, 1, 1, 1, 1, 1, 1]
[1, 1, 1, 1, 1, 2, 1, 2, 1, 1, 1, 1, 1]
[1, 1, 1, 1, 1, 1, 2, 1, 1, 1, 1, 1, 1]
[1, 1, 1, 1, 1, 2, 1, 2, 1, 1, 1, 1, 1]
[1, 1, 1, 1, 1, 1, 1, 1, 2, 1, 2, 1, 1]
[1, 1, 1, 1, 1, 1, 1, 1, 1, 2, 1, 1, 1]
[1, 1, 1, 1, 1, 1, 1, 1, 2, 1, 2, 1, 1]
[1, 1, 1, 1, 1, 1, 1, 1, 1, 1, 1, 2, 1]
[1, 1, 1, 1, 1, 1, 1, 1, 1, 1, 1, 1, 10]
Before train edge
Epoch: 0, Train loss: 1.3609052069854737, Validation loss: 1.364696580696106, Validation accuracy: 0.4841
After training edge
Train edge rank_53
[2, 1, 1, 1, 1, 1, 1, 1, 1, 1, 1, 1, 1]
[1, 2, 1, 1, 1, 1, 1, 1, 1, 1, 1, 1, 1]
[1, 1, 2, 1, 1, 1, 1, 1, 1, 1, 1, 1, 1]
[1, 1, 1, 2, 1, 2, 1, 1, 1, 1, 1, 1, 1]
[1, 1, 1, 1, 2, 1, 1, 1, 1, 1, 1, 1, 1]
[1, 1, 1, 2, 1, 2, 1, 2, 1, 1, 1, 1, 1]
[1, 1, 1, 1, 1, 1, 2, 1, 1, 1, 1, 1, 1]
[1, 1, 1, 1, 1, 2, 1, 2, 1, 1, 1, 1, 1]
[1, 1, 1, 1, 1, 1, 1, 1, 2, 1, 1, 1, 1]
[1, 1, 1, 1, 1, 1, 1, 1, 1, 2, 1, 1, 1]
[1, 1, 1, 1, 1, 1, 1, 1, 1, 1, 2, 1, 1]
[1, 1, 1, 1, 1, 1, 1, 1, 1, 1, 1, 2, 1]
[1, 1, 1, 1, 1, 1, 1, 1, 1, 1, 1, 1, 10]
Before train edge
Epoch: 0, Train loss: 1.3681266466903685, Validation loss: 1.3589564193725585, Validation accuracy: 0.4896
After training edge
Train edge rank_85
[2, 1, 1, 1, 1, 1, 1, 1, 1, 1, 1, 1, 1]
[1, 2, 1, 1, 1, 1, 1, 1, 1, 1, 1, 1, 1]
[1, 1, 2, 1, 1, 1, 1, 1, 1, 1, 1, 1, 1]
[1, 1, 1, 2, 1, 1, 1, 1, 1, 1, 1, 1, 1]
[1, 1, 1, 1, 2, 1, 1, 1, 1, 1, 1, 1, 1]
[1, 1, 1, 1, 1, 2, 1, 2, 2, 1, 1, 1, 1]
[1, 1, 1, 1, 1, 1, 2, 1, 1, 1, 1, 1, 1]
[1, 1, 1, 1, 1, 2, 1, 2, 1, 1, 1, 1, 1]
[1, 1, 1, 1, 1, 2, 1, 1, 2, 1, 1, 1, 1]
[1, 1, 1, 1, 1, 1, 1, 1, 1, 2, 1, 1, 1]
[1, 1, 1, 1, 1, 1, 1, 1, 1, 1, 2, 1, 1]
[1, 1, 1, 1, 1, 1, 1, 1, 1, 1, 1, 2, 1]
[1, 1, 1, 1, 1, 1, 1, 1, 1, 1, 1, 1, 10]
Before train edge
Epoch: 0, Train loss: 1.3637599718856812, Validation loss: 1.3635434524536132, Validation accuracy: 0.4868
After training edge
Train edge rank_107
[2, 1, 1, 1, 1, 1, 1, 1, 1, 1, 1, 1, 1]
[1, 2, 1, 1, 1, 1, 1, 1, 1, 1, 1, 1, 1]
[1, 1, 2, 1, 1, 1, 1, 1, 1, 1, 1, 1, 1]
[1, 1, 1, 2, 1, 1, 1, 1, 1, 1, 1, 1, 1]
[1, 1, 1, 1, 2, 1, 1, 1, 1, 1, 1, 1, 1]
[1, 1, 1, 1, 1, 2, 1, 2, 1, 1, 1, 1, 1]
[1, 1, 1, 1, 1, 1, 2, 1, 1, 1, 1, 1, 1]
[1, 1, 1, 1, 1, 2, 1, 2, 1, 1, 2, 1, 1]
[1, 1, 1, 1, 1, 1, 1, 1, 2, 1, 1, 1, 1]
[1, 1, 1, 1, 1, 1, 1, 1, 1, 2, 1, 1, 1]
[1, 1, 1, 1, 1, 1, 1, 2, 1, 1, 2, 1, 1]
[1, 1, 1, 1, 1, 1, 1, 1, 1, 1, 1, 2, 1]
[1, 1, 1, 1, 1, 1, 1, 1, 1, 1, 1, 1, 10]
Before train edge
