['ResNet-TRL-Tensorized-Full.py', '--tensorization', '8', '8', '8', '8', '--ranks', '[[8, 2, 2, 2, 1], [2, 8, 1, 1, 2], [2, 1, 8, 1, 1], [2, 1, 1, 8, 1], [1, 2, 1, 1, 10]]', '--seed', '1', '--device', 'cuda:3']
Initializing dataloader
Files already downloaded and verified
Files already downloaded and verified
Dataloader has initialized
Initializing model
Adjusting learning rate of group 0 to 1.0000e-02.
Model initialized
Testing model
Tests passed
Adjusting learning rate of group 0 to 2.0000e-02.
Epoch: 0, Train loss: 1.980176231918335, Validation loss: 1.7848847045898437, Validation accuracy: 0.2953
Adjusting learning rate of group 0 to 3.0000e-02.
Epoch: 1, Train loss: 1.7159227770614625, Validation loss: 1.7197306953430176, Validation accuracy: 0.3129
Adjusting learning rate of group 0 to 4.0000e-02.
Epoch: 2, Train loss: 1.6016817785263062, Validation loss: 1.5599427032470703, Validation accuracy: 0.4095
Adjusting learning rate of group 0 to 5.0000e-02.
Epoch: 3, Train loss: 1.4913561458587647, Validation loss: 1.4470390615463258, Validation accuracy: 0.4726
Adjusting learning rate of group 0 to 6.0000e-02.
Epoch: 4, Train loss: 1.3996496772003173, Validation loss: 1.320859496307373, Validation accuracy: 0.5312
Adjusting learning rate of group 0 to 7.0000e-02.
Epoch: 5, Train loss: 1.3025828187561035, Validation loss: 1.4308920234680176, Validation accuracy: 0.5247
Adjusting learning rate of group 0 to 8.0000e-02.
Epoch: 6, Train loss: 1.2294111310577394, Validation loss: 1.274171164703369, Validation accuracy: 0.5841
Adjusting learning rate of group 0 to 9.0000e-02.
Epoch: 7, Train loss: 1.214269394454956, Validation loss: 1.2011043004989623, Validation accuracy: 0.6061
Adjusting learning rate of group 0 to 1.0000e-01.
Epoch: 8, Train loss: 1.1634768705749512, Validation loss: 1.221442899131775, Validation accuracy: 0.5754
Adjusting learning rate of group 0 to 1.0000e-01.
Epoch: 9, Train loss: 1.121997783241272, Validation loss: 1.4834083724975586, Validation accuracy: 0.5761
Adjusting learning rate of group 0 to 1.0000e-01.
Epoch: 10, Train loss: 1.0963250065612793, Validation loss: 1.3535988719940186, Validation accuracy: 0.6101
Adjusting learning rate of group 0 to 1.0000e-01.
Epoch: 11, Train loss: 1.0436041937637328, Validation loss: 1.1440491641044617, Validation accuracy: 0.6601
Adjusting learning rate of group 0 to 1.0000e-01.
Epoch: 12, Train loss: 1.019539139099121, Validation loss: 1.619369493484497, Validation accuracy: 0.5866
Adjusting learning rate of group 0 to 1.0000e-01.
Epoch: 13, Train loss: 0.9908808006286621, Validation loss: 1.2291864896774292, Validation accuracy: 0.6296
Adjusting learning rate of group 0 to 1.0000e-01.
Epoch: 14, Train loss: 0.9466702883148194, Validation loss: 0.9850187688827514, Validation accuracy: 0.6677
Adjusting learning rate of group 0 to 1.0000e-01.
Epoch: 15, Train loss: 0.9534324263191223, Validation loss: 1.03259802236557, Validation accuracy: 0.6601
Adjusting learning rate of group 0 to 1.0000e-01.
Epoch: 16, Train loss: 0.9271003606033326, Validation loss: 1.0877459387779236, Validation accuracy: 0.6197
Adjusting learning rate of group 0 to 1.0000e-01.
Epoch: 17, Train loss: 0.8993585374259949, Validation loss: 0.9779325380325318, Validation accuracy: 0.7266
Adjusting learning rate of group 0 to 1.0000e-01.
Epoch: 18, Train loss: 0.9118483529663086, Validation loss: 0.98553180809021, Validation accuracy: 0.6997
Adjusting learning rate of group 0 to 1.0000e-01.
Epoch: 19, Train loss: 0.8779067490768433, Validation loss: 0.9833002818107605, Validation accuracy: 0.6867
Adjusting learning rate of group 0 to 1.0000e-01.
Epoch: 20, Train loss: 0.8714986812210083, Validation loss: 1.0764767776489257, Validation accuracy: 0.7094
Adjusting learning rate of group 0 to 1.0000e-01.
Epoch: 21, Train loss: 0.862388715133667, Validation loss: 0.9587966175079345, Validation accuracy: 0.7136
Adjusting learning rate of group 0 to 1.0000e-01.
Epoch: 22, Train loss: 0.8461345997238159, Validation loss: 1.105807113456726, Validation accuracy: 0.66
Adjusting learning rate of group 0 to 1.0000e-01.
Epoch: 23, Train loss: 0.8533032835388183, Validation loss: 0.9247597366333008, Validation accuracy: 0.6905
Adjusting learning rate of group 0 to 1.0000e-01.
Epoch: 24, Train loss: 0.818810337638855, Validation loss: 1.1105073560714722, Validation accuracy: 0.7205
Adjusting learning rate of group 0 to 1.0000e-01.
Epoch: 25, Train loss: 0.8344252245521545, Validation loss: 1.2519452953338623, Validation accuracy: 0.6881
Adjusting learning rate of group 0 to 1.0000e-01.
Epoch: 26, Train loss: 0.7992302643203736, Validation loss: 1.0210936140060425, Validation accuracy: 0.694
Adjusting learning rate of group 0 to 1.0000e-01.
Epoch: 27, Train loss: 0.8265424281692505, Validation loss: 1.0308785758972168, Validation accuracy: 0.6991
Adjusting learning rate of group 0 to 1.0000e-01.
Epoch: 28, Train loss: 0.8040395047187805, Validation loss: 0.9876297700881957, Validation accuracy: 0.7397
Adjusting learning rate of group 0 to 1.0000e-01.
Epoch: 29, Train loss: 0.7979428835868836, Validation loss: 0.9474545826911926, Validation accuracy: 0.7196
Adjusting learning rate of group 0 to 1.0000e-01.
Epoch: 30, Train loss: 0.7789015254020691, Validation loss: 0.8493224184036254, Validation accuracy: 0.7333
Adjusting learning rate of group 0 to 1.0000e-01.
Epoch: 31, Train loss: 0.7760966874504089, Validation loss: 0.916359932231903, Validation accuracy: 0.7234
Adjusting learning rate of group 0 to 1.0000e-01.
Epoch: 32, Train loss: 0.7709225993537903, Validation loss: 1.4122944763183594, Validation accuracy: 0.6834
Adjusting learning rate of group 0 to 1.0000e-01.
Epoch: 33, Train loss: 0.7477933535003662, Validation loss: 1.2453965857505798, Validation accuracy: 0.7231
Adjusting learning rate of group 0 to 1.0000e-01.
Epoch: 34, Train loss: 0.769382027168274, Validation loss: 1.0636063856124878, Validation accuracy: 0.7243
Adjusting learning rate of group 0 to 1.0000e-01.
Epoch: 35, Train loss: 0.7730803604125976, Validation loss: 1.00240033493042, Validation accuracy: 0.7577
Adjusting learning rate of group 0 to 1.0000e-01.
Epoch: 36, Train loss: 0.7783471380615234, Validation loss: 0.8980813475608825, Validation accuracy: 0.7152
Adjusting learning rate of group 0 to 1.0000e-01.
Epoch: 37, Train loss: 0.7512086540222168, Validation loss: 0.8539661870002747, Validation accuracy: 0.7448
Adjusting learning rate of group 0 to 1.0000e-01.
Epoch: 38, Train loss: 0.7598850403022767, Validation loss: 1.3347949758529662, Validation accuracy: 0.7004
Adjusting learning rate of group 0 to 1.0000e-01.
Epoch: 39, Train loss: 0.7562909106254577, Validation loss: 1.1982461246967315, Validation accuracy: 0.6782
Adjusting learning rate of group 0 to 1.0000e-01.
Epoch: 40, Train loss: 0.745390690612793, Validation loss: 0.885170354938507, Validation accuracy: 0.7186
Adjusting learning rate of group 0 to 1.0000e-01.
Epoch: 41, Train loss: 0.7582160943603515, Validation loss: 1.051193313407898, Validation accuracy: 0.7206
Adjusting learning rate of group 0 to 1.0000e-01.
Epoch: 42, Train loss: 0.7275557217025757, Validation loss: 0.9044185904502868, Validation accuracy: 0.7167
Adjusting learning rate of group 0 to 1.0000e-01.
Epoch: 43, Train loss: 0.7192424115180969, Validation loss: 0.7578589587211609, Validation accuracy: 0.7752
Adjusting learning rate of group 0 to 1.0000e-01.
Epoch: 44, Train loss: 0.7399145980453491, Validation loss: 0.8727889534950256, Validation accuracy: 0.7534
Adjusting learning rate of group 0 to 1.0000e-01.
Epoch: 45, Train loss: 0.7220553617668152, Validation loss: 0.8493037041664123, Validation accuracy: 0.72
Adjusting learning rate of group 0 to 1.0000e-01.
Epoch: 46, Train loss: 0.7260363278198242, Validation loss: 0.9929270240783692, Validation accuracy: 0.7327
Adjusting learning rate of group 0 to 1.0000e-01.
Epoch: 47, Train loss: 0.7210953684616089, Validation loss: 0.7957990921020508, Validation accuracy: 0.7684
Adjusting learning rate of group 0 to 1.0000e-01.
Epoch: 48, Train loss: 0.7166508249282837, Validation loss: 0.9169663621902466, Validation accuracy: 0.7386
Adjusting learning rate of group 0 to 1.0000e-01.
Epoch: 49, Train loss: 0.7058534424591064, Validation loss: 0.8515244962692261, Validation accuracy: 0.7851
Adjusting learning rate of group 0 to 1.0000e-01.
Epoch: 50, Train loss: 0.7305086884498596, Validation loss: 0.9506823931694031, Validation accuracy: 0.761
Adjusting learning rate of group 0 to 1.0000e-01.
Epoch: 51, Train loss: 0.6896416946315765, Validation loss: 0.8430914176940918, Validation accuracy: 0.7327
Adjusting learning rate of group 0 to 1.0000e-01.
Epoch: 52, Train loss: 0.7347662843704224, Validation loss: 1.0195861083030702, Validation accuracy: 0.7404
Adjusting learning rate of group 0 to 1.0000e-01.
Epoch: 53, Train loss: 0.7186374263381958, Validation loss: 0.8863723875045776, Validation accuracy: 0.7701
Adjusting learning rate of group 0 to 1.0000e-01.
Epoch: 54, Train loss: 0.7126770433425903, Validation loss: 1.17724051156044, Validation accuracy: 0.7083
Adjusting learning rate of group 0 to 1.0000e-01.
Epoch: 55, Train loss: 0.6929594560050965, Validation loss: 0.9077403676986694, Validation accuracy: 0.7409
Adjusting learning rate of group 0 to 1.0000e-01.
Epoch: 56, Train loss: 0.7056113131713867, Validation loss: 0.8055885588169098, Validation accuracy: 0.7413
Adjusting learning rate of group 0 to 1.0000e-01.
Epoch: 57, Train loss: 0.7125149209594727, Validation loss: 0.8216862406730652, Validation accuracy: 0.7675
Adjusting learning rate of group 0 to 1.0000e-01.
Epoch: 58, Train loss: 0.6713400787734985, Validation loss: 0.918726822757721, Validation accuracy: 0.7499
Adjusting learning rate of group 0 to 1.0000e-01.
Epoch: 59, Train loss: 0.6830280278873444, Validation loss: 0.8908456866264344, Validation accuracy: 0.767
Adjusting learning rate of group 0 to 1.0000e-01.
Epoch: 60, Train loss: 0.6945315517044067, Validation loss: 0.9219188785552979, Validation accuracy: 0.7002
Adjusting learning rate of group 0 to 1.0000e-01.
Epoch: 61, Train loss: 0.676242874546051, Validation loss: 0.8267535014152527, Validation accuracy: 0.775
Adjusting learning rate of group 0 to 1.0000e-01.
Epoch: 62, Train loss: 0.685670195198059, Validation loss: 1.3492637566566468, Validation accuracy: 0.7426
Adjusting learning rate of group 0 to 1.0000e-01.
Epoch: 63, Train loss: 0.7011429524993896, Validation loss: 0.8253504487037658, Validation accuracy: 0.7385
Adjusting learning rate of group 0 to 1.0000e-01.
Epoch: 64, Train loss: 0.7046529138755798, Validation loss: 0.7084468223571777, Validation accuracy: 0.8065
Adjusting learning rate of group 0 to 1.0000e-01.
Epoch: 65, Train loss: 0.6969607785987854, Validation loss: 0.8367814619064331, Validation accuracy: 0.7444
Adjusting learning rate of group 0 to 1.0000e-01.
Epoch: 66, Train loss: 0.7028093132209778, Validation loss: 1.158491902732849, Validation accuracy: 0.7342
Adjusting learning rate of group 0 to 1.0000e-01.
Epoch: 67, Train loss: 0.6784239318466186, Validation loss: 0.7758777658939362, Validation accuracy: 0.7885
Adjusting learning rate of group 0 to 1.0000e-01.
Epoch: 68, Train loss: 0.6579746313476562, Validation loss: 0.8588766802787781, Validation accuracy: 0.778
Adjusting learning rate of group 0 to 1.0000e-01.
Epoch: 69, Train loss: 0.6902103911590576, Validation loss: 1.1140041286468505, Validation accuracy: 0.73
Adjusting learning rate of group 0 to 1.0000e-01.
Epoch: 70, Train loss: 0.6764609238815308, Validation loss: 1.011193676185608, Validation accuracy: 0.7811
Adjusting learning rate of group 0 to 1.0000e-01.
Epoch: 71, Train loss: 0.6609903927230835, Validation loss: 0.8258170948028565, Validation accuracy: 0.7788
Adjusting learning rate of group 0 to 1.0000e-01.
Epoch: 72, Train loss: 0.668001998577118, Validation loss: 1.376342540359497, Validation accuracy: 0.7108
Adjusting learning rate of group 0 to 1.0000e-01.
Epoch: 73, Train loss: 0.6905006971359253, Validation loss: 0.9175415109634399, Validation accuracy: 0.7148
Adjusting learning rate of group 0 to 1.0000e-01.
Epoch: 74, Train loss: 0.6717685301589966, Validation loss: 0.7527337422370911, Validation accuracy: 0.7814
Adjusting learning rate of group 0 to 1.0000e-01.
Epoch: 75, Train loss: 0.6779184506607056, Validation loss: 0.8490734543323517, Validation accuracy: 0.7353
Adjusting learning rate of group 0 to 1.0000e-01.
Epoch: 76, Train loss: 0.6561748392486573, Validation loss: 0.8172519508361816, Validation accuracy: 0.7763
Adjusting learning rate of group 0 to 1.0000e-01.
Epoch: 77, Train loss: 0.6810123998451233, Validation loss: 0.73047271900177, Validation accuracy: 0.8076
Adjusting learning rate of group 0 to 1.0000e-01.
Epoch: 78, Train loss: 0.6782716076087951, Validation loss: 0.814704504776001, Validation accuracy: 0.7694
Adjusting learning rate of group 0 to 1.0000e-01.
Epoch: 79, Train loss: 0.6748609939956665, Validation loss: 0.9125866163253784, Validation accuracy: 0.7743
Adjusting learning rate of group 0 to 1.0000e-01.
Epoch: 80, Train loss: 0.6535054164123535, Validation loss: 0.9446959055900573, Validation accuracy: 0.7748
Adjusting learning rate of group 0 to 1.0000e-01.
Epoch: 81, Train loss: 0.6497231746292115, Validation loss: 0.7153034212112427, Validation accuracy: 0.805
Adjusting learning rate of group 0 to 1.0000e-01.
Epoch: 82, Train loss: 0.661928941783905, Validation loss: 0.7608868566513062, Validation accuracy: 0.7845
Adjusting learning rate of group 0 to 1.0000e-01.
Epoch: 83, Train loss: 0.6554288896560669, Validation loss: 1.0678644399642945, Validation accuracy: 0.7692
Adjusting learning rate of group 0 to 1.0000e-01.
Epoch: 84, Train loss: 0.6909284970283508, Validation loss: 1.0770504337310791, Validation accuracy: 0.7189
Adjusting learning rate of group 0 to 1.0000e-01.
Epoch: 85, Train loss: 0.6640583325386047, Validation loss: 0.958115816116333, Validation accuracy: 0.7679
Adjusting learning rate of group 0 to 1.0000e-01.
Epoch: 86, Train loss: 0.6462914729309082, Validation loss: 0.8728149773597718, Validation accuracy: 0.7797
Adjusting learning rate of group 0 to 1.0000e-01.
Epoch: 87, Train loss: 0.6321026721763611, Validation loss: 0.9458839767456054, Validation accuracy: 0.7185
Adjusting learning rate of group 0 to 1.0000e-01.
Epoch: 88, Train loss: 0.650628718032837, Validation loss: 1.06748121881485, Validation accuracy: 0.727
Adjusting learning rate of group 0 to 1.0000e-01.
Epoch: 89, Train loss: 0.6826409614181519, Validation loss: 0.8017232418060303, Validation accuracy: 0.7901
Adjusting learning rate of group 0 to 1.0000e-01.
Epoch: 90, Train loss: 0.6717603628158569, Validation loss: 0.8408952359199524, Validation accuracy: 0.7201
Adjusting learning rate of group 0 to 1.0000e-01.
Epoch: 91, Train loss: 0.6548577650070191, Validation loss: 1.2006249037265777, Validation accuracy: 0.7476
Adjusting learning rate of group 0 to 1.0000e-01.
Epoch: 92, Train loss: 0.6227419302177429, Validation loss: 0.8440194812774658, Validation accuracy: 0.8036
Adjusting learning rate of group 0 to 1.0000e-01.
Epoch: 93, Train loss: 0.6590336435890197, Validation loss: 0.9406851860046387, Validation accuracy: 0.7658
Adjusting learning rate of group 0 to 1.0000e-01.
Epoch: 94, Train loss: 0.6364274189758301, Validation loss: 0.7551319640159607, Validation accuracy: 0.7866
Adjusting learning rate of group 0 to 1.0000e-01.
Epoch: 95, Train loss: 0.649531884651184, Validation loss: 0.9814326724052429, Validation accuracy: 0.7349
Adjusting learning rate of group 0 to 1.0000e-01.
Epoch: 96, Train loss: 0.6432073509216308, Validation loss: 0.7964172251701355, Validation accuracy: 0.7742
Adjusting learning rate of group 0 to 1.0000e-01.
Epoch: 97, Train loss: 0.6320045324325562, Validation loss: 0.8470095043182373, Validation accuracy: 0.7789
Adjusting learning rate of group 0 to 1.0000e-01.
Epoch: 98, Train loss: 0.6350050268173217, Validation loss: 0.8396513332366944, Validation accuracy: 0.7643
Adjusting learning rate of group 0 to 1.0000e-01.
Epoch: 99, Train loss: 0.6509991809654235, Validation loss: 0.747037936592102, Validation accuracy: 0.7822
Adjusting learning rate of group 0 to 1.0000e-02.
Epoch: 100, Train loss: 0.6524991623306274, Validation loss: 1.0196090908050537, Validation accuracy: 0.7765
Adjusting learning rate of group 0 to 1.0000e-02.
Epoch: 101, Train loss: 0.4377864906024933, Validation loss: 0.5349118492126465, Validation accuracy: 0.8689
Adjusting learning rate of group 0 to 1.0000e-02.
Epoch: 102, Train loss: 0.36579170934677124, Validation loss: 0.5180047097206115, Validation accuracy: 0.872
Adjusting learning rate of group 0 to 1.0000e-02.
Epoch: 103, Train loss: 0.3388142122936249, Validation loss: 0.5247494611740112, Validation accuracy: 0.8757
Adjusting learning rate of group 0 to 1.0000e-02.
Epoch: 104, Train loss: 0.3233317280578613, Validation loss: 0.518719405555725, Validation accuracy: 0.8795
Adjusting learning rate of group 0 to 1.0000e-02.
Epoch: 105, Train loss: 0.30560817445755006, Validation loss: 0.5358125138282775, Validation accuracy: 0.8842
Adjusting learning rate of group 0 to 1.0000e-02.
Epoch: 106, Train loss: 0.2951221504211426, Validation loss: 0.5141578013420105, Validation accuracy: 0.885
Adjusting learning rate of group 0 to 1.0000e-02.
Epoch: 107, Train loss: 0.28344457248687743, Validation loss: 0.5312407246589661, Validation accuracy: 0.886
Adjusting learning rate of group 0 to 1.0000e-02.
Epoch: 108, Train loss: 0.2751530640745163, Validation loss: 0.4974951396942139, Validation accuracy: 0.8853
Adjusting learning rate of group 0 to 1.0000e-02.
Epoch: 109, Train loss: 0.2669871849107742, Validation loss: 0.5231185968399048, Validation accuracy: 0.8911
Adjusting learning rate of group 0 to 1.0000e-02.
Epoch: 110, Train loss: 0.2582597007656097, Validation loss: 0.5069864089012146, Validation accuracy: 0.8898
Adjusting learning rate of group 0 to 1.0000e-02.
Epoch: 111, Train loss: 0.2490756890106201, Validation loss: 0.5272177828788758, Validation accuracy: 0.8909
Adjusting learning rate of group 0 to 1.0000e-02.
Epoch: 112, Train loss: 0.24530898681640625, Validation loss: 0.5348640931129456, Validation accuracy: 0.8916
Adjusting learning rate of group 0 to 1.0000e-02.
Epoch: 113, Train loss: 0.2396626318740845, Validation loss: 0.5455915395736695, Validation accuracy: 0.8942
Adjusting learning rate of group 0 to 1.0000e-02.
Epoch: 114, Train loss: 0.23707446781158448, Validation loss: 0.5372387184143066, Validation accuracy: 0.8959
Adjusting learning rate of group 0 to 1.0000e-02.
Epoch: 115, Train loss: 0.22721064936161042, Validation loss: 0.5533758525848389, Validation accuracy: 0.8945
Adjusting learning rate of group 0 to 1.0000e-02.
Epoch: 116, Train loss: 0.21867310769081116, Validation loss: 0.5508873432159423, Validation accuracy: 0.889
Adjusting learning rate of group 0 to 1.0000e-02.
Epoch: 117, Train loss: 0.21972362626075745, Validation loss: 0.5834367151260376, Validation accuracy: 0.889
Adjusting learning rate of group 0 to 1.0000e-02.
Epoch: 118, Train loss: 0.21348227281093599, Validation loss: 0.5968411029815673, Validation accuracy: 0.8894
Adjusting learning rate of group 0 to 1.0000e-02.
Epoch: 119, Train loss: 0.2126327938747406, Validation loss: 0.5353408962249756, Validation accuracy: 0.8915
Adjusting learning rate of group 0 to 1.0000e-02.
Epoch: 120, Train loss: 0.205024536819458, Validation loss: 0.5918233884811401, Validation accuracy: 0.8919
Adjusting learning rate of group 0 to 1.0000e-02.
Epoch: 121, Train loss: 0.20442350697517395, Validation loss: 0.5968481067657471, Validation accuracy: 0.8924
Adjusting learning rate of group 0 to 1.0000e-02.
Epoch: 122, Train loss: 0.19811516760826112, Validation loss: 0.6287951890945435, Validation accuracy: 0.8875
Adjusting learning rate of group 0 to 1.0000e-02.
Epoch: 123, Train loss: 0.19542675567626952, Validation loss: 0.5511722965240479, Validation accuracy: 0.8947
Adjusting learning rate of group 0 to 1.0000e-02.
Epoch: 124, Train loss: 0.18955986913204192, Validation loss: 0.5927563796997071, Validation accuracy: 0.8878
Adjusting learning rate of group 0 to 1.0000e-02.
Epoch: 125, Train loss: 0.18225172420978547, Validation loss: 0.555518045425415, Validation accuracy: 0.8971
Adjusting learning rate of group 0 to 1.0000e-02.
Epoch: 126, Train loss: 0.18649186968803405, Validation loss: 0.5808353267669678, Validation accuracy: 0.8924
Adjusting learning rate of group 0 to 1.0000e-02.
Epoch: 127, Train loss: 0.18202996144771577, Validation loss: 0.6207702495574952, Validation accuracy: 0.8949
Adjusting learning rate of group 0 to 1.0000e-02.
Epoch: 128, Train loss: 0.18027211607456206, Validation loss: 0.5590272928237915, Validation accuracy: 0.8932
Adjusting learning rate of group 0 to 1.0000e-02.
Epoch: 129, Train loss: 0.18484623767852784, Validation loss: 0.6117888408660889, Validation accuracy: 0.8873
Adjusting learning rate of group 0 to 1.0000e-02.
Epoch: 130, Train loss: 0.17911401378631592, Validation loss: 0.608878051662445, Validation accuracy: 0.8942
Adjusting learning rate of group 0 to 1.0000e-02.
Epoch: 131, Train loss: 0.1741220344543457, Validation loss: 0.5921296241760254, Validation accuracy: 0.8962
Adjusting learning rate of group 0 to 1.0000e-02.
Epoch: 132, Train loss: 0.17199473426818848, Validation loss: 0.6375122360229493, Validation accuracy: 0.8945
Adjusting learning rate of group 0 to 1.0000e-02.
Epoch: 133, Train loss: 0.17358638018608094, Validation loss: 0.6596008348464966, Validation accuracy: 0.8926
Adjusting learning rate of group 0 to 1.0000e-02.
Epoch: 134, Train loss: 0.17264802050590516, Validation loss: 0.6285514556884766, Validation accuracy: 0.8939
Adjusting learning rate of group 0 to 1.0000e-02.
Epoch: 135, Train loss: 0.17327052980422974, Validation loss: 0.6585423725128173, Validation accuracy: 0.8897
Adjusting learning rate of group 0 to 1.0000e-02.
Epoch: 136, Train loss: 0.16884508249282837, Validation loss: 0.5927271059036255, Validation accuracy: 0.892
Adjusting learning rate of group 0 to 1.0000e-02.
Epoch: 137, Train loss: 0.16368842500209807, Validation loss: 0.6071076654434204, Validation accuracy: 0.8957
Adjusting learning rate of group 0 to 1.0000e-02.
Epoch: 138, Train loss: 0.16836213061332703, Validation loss: 0.6250547016143799, Validation accuracy: 0.8903
Adjusting learning rate of group 0 to 1.0000e-02.
Epoch: 139, Train loss: 0.16295277979135514, Validation loss: 0.6186204372406006, Validation accuracy: 0.8925
Adjusting learning rate of group 0 to 1.0000e-02.
Epoch: 140, Train loss: 0.17125988198757172, Validation loss: 0.6207536933898926, Validation accuracy: 0.8889
Adjusting learning rate of group 0 to 1.0000e-02.
Epoch: 141, Train loss: 0.16375166198730468, Validation loss: 0.6605937311172485, Validation accuracy: 0.8908
Adjusting learning rate of group 0 to 1.0000e-02.
Epoch: 142, Train loss: 0.15316918817520142, Validation loss: 0.594655089378357, Validation accuracy: 0.8968
Adjusting learning rate of group 0 to 1.0000e-02.
Epoch: 143, Train loss: 0.1530663351392746, Validation loss: 0.7017871768951416, Validation accuracy: 0.8844
Adjusting learning rate of group 0 to 1.0000e-02.
Epoch: 144, Train loss: 0.1708266894197464, Validation loss: 0.6498564342975617, Validation accuracy: 0.892
Adjusting learning rate of group 0 to 1.0000e-02.
Epoch: 145, Train loss: 0.1634140894126892, Validation loss: 0.6745004552841186, Validation accuracy: 0.8965
Adjusting learning rate of group 0 to 1.0000e-02.
Epoch: 146, Train loss: 0.1637832689476013, Validation loss: 0.5825835628509521, Validation accuracy: 0.8947
Adjusting learning rate of group 0 to 1.0000e-02.
Epoch: 147, Train loss: 0.15362585233449935, Validation loss: 0.6828409202575684, Validation accuracy: 0.8914
Adjusting learning rate of group 0 to 1.0000e-02.
Epoch: 148, Train loss: 0.16356672554016113, Validation loss: 0.5951102117538453, Validation accuracy: 0.8896
Adjusting learning rate of group 0 to 1.0000e-02.
Epoch: 149, Train loss: 0.1751939811849594, Validation loss: 0.7008071286201477, Validation accuracy: 0.8927
Adjusting learning rate of group 0 to 1.0000e-03.
Epoch: 150, Train loss: 0.1592423188829422, Validation loss: 0.6798045896530152, Validation accuracy: 0.8922
Adjusting learning rate of group 0 to 1.0000e-03.
Epoch: 151, Train loss: 0.12541821969509126, Validation loss: 0.5770660722732543, Validation accuracy: 0.9052
Adjusting learning rate of group 0 to 1.0000e-03.
Epoch: 152, Train loss: 0.10472364732980728, Validation loss: 0.5943931543350219, Validation accuracy: 0.906
Adjusting learning rate of group 0 to 1.0000e-03.
Epoch: 153, Train loss: 0.10123380358219147, Validation loss: 0.5977307096481324, Validation accuracy: 0.9097
Adjusting learning rate of group 0 to 1.0000e-03.
Epoch: 154, Train loss: 0.09372818385601044, Validation loss: 0.5969936464309692, Validation accuracy: 0.9098
Adjusting learning rate of group 0 to 1.0000e-03.
Epoch: 155, Train loss: 0.09135839388132096, Validation loss: 0.606621132850647, Validation accuracy: 0.9083
Adjusting learning rate of group 0 to 1.0000e-03.
Epoch: 156, Train loss: 0.0877505728173256, Validation loss: 0.6308722236633301, Validation accuracy: 0.9098
Adjusting learning rate of group 0 to 1.0000e-03.
Epoch: 157, Train loss: 0.08663390700221062, Validation loss: 0.6172295343399048, Validation accuracy: 0.9103
Adjusting learning rate of group 0 to 1.0000e-03.
Epoch: 158, Train loss: 0.08282269893646241, Validation loss: 0.6270871458053588, Validation accuracy: 0.9097
Adjusting learning rate of group 0 to 1.0000e-03.
Epoch: 159, Train loss: 0.08412757417917252, Validation loss: 0.6427055662155151, Validation accuracy: 0.9106
Adjusting learning rate of group 0 to 1.0000e-03.
Epoch: 160, Train loss: 0.08053453277111053, Validation loss: 0.6646095916748047, Validation accuracy: 0.911
Adjusting learning rate of group 0 to 1.0000e-03.
Epoch: 161, Train loss: 0.0789744901227951, Validation loss: 0.6550107997894287, Validation accuracy: 0.908
Adjusting learning rate of group 0 to 1.0000e-03.
Epoch: 162, Train loss: 0.07860607595443725, Validation loss: 0.6560128461837769, Validation accuracy: 0.9103
Adjusting learning rate of group 0 to 1.0000e-03.
Epoch: 163, Train loss: 0.07875946668624878, Validation loss: 0.6644768474578857, Validation accuracy: 0.9092
Adjusting learning rate of group 0 to 1.0000e-03.
Epoch: 164, Train loss: 0.07722857965707779, Validation loss: 0.6760093631744385, Validation accuracy: 0.9102
Adjusting learning rate of group 0 to 1.0000e-03.
Epoch: 165, Train loss: 0.07389673888564109, Validation loss: 0.67081605758667, Validation accuracy: 0.9087
Adjusting learning rate of group 0 to 1.0000e-03.
Epoch: 166, Train loss: 0.07305223551034927, Validation loss: 0.6997633754730225, Validation accuracy: 0.9094
Adjusting learning rate of group 0 to 1.0000e-03.
Epoch: 167, Train loss: 0.0711112248301506, Validation loss: 0.6832263891220093, Validation accuracy: 0.9081
Adjusting learning rate of group 0 to 1.0000e-03.
Epoch: 168, Train loss: 0.070359924274683, Validation loss: 0.7034929885864257, Validation accuracy: 0.9097
Adjusting learning rate of group 0 to 1.0000e-03.
Epoch: 169, Train loss: 0.06971945195317268, Validation loss: 0.696577407836914, Validation accuracy: 0.9092
Adjusting learning rate of group 0 to 1.0000e-03.
Epoch: 170, Train loss: 0.07122231433153152, Validation loss: 0.7049202331542969, Validation accuracy: 0.9098
Adjusting learning rate of group 0 to 1.0000e-03.
Epoch: 171, Train loss: 0.07083122990608215, Validation loss: 0.6874397424697876, Validation accuracy: 0.9088
Adjusting learning rate of group 0 to 1.0000e-03.
Epoch: 172, Train loss: 0.06842651084423065, Validation loss: 0.7072100551605225, Validation accuracy: 0.9099
Adjusting learning rate of group 0 to 1.0000e-03.
Epoch: 173, Train loss: 0.0689280561375618, Validation loss: 0.7044499425888061, Validation accuracy: 0.9092
Adjusting learning rate of group 0 to 1.0000e-03.
Epoch: 174, Train loss: 0.06686000731110572, Validation loss: 0.700121036529541, Validation accuracy: 0.9088
Adjusting learning rate of group 0 to 1.0000e-03.
Epoch: 175, Train loss: 0.06552772938847541, Validation loss: 0.7183325250625611, Validation accuracy: 0.909
Adjusting learning rate of group 0 to 1.0000e-03.
Epoch: 176, Train loss: 0.06336015979766846, Validation loss: 0.7187418310165405, Validation accuracy: 0.9081
Adjusting learning rate of group 0 to 1.0000e-03.
Epoch: 177, Train loss: 0.06367279022336006, Validation loss: 0.7199157051086426, Validation accuracy: 0.9082
Adjusting learning rate of group 0 to 1.0000e-03.
Epoch: 178, Train loss: 0.060498977566957476, Validation loss: 0.7285210063934326, Validation accuracy: 0.9074
Adjusting learning rate of group 0 to 1.0000e-03.
Epoch: 179, Train loss: 0.061063058050870894, Validation loss: 0.7562133380889893, Validation accuracy: 0.9095
Adjusting learning rate of group 0 to 1.0000e-03.
Epoch: 180, Train loss: 0.06446892508864403, Validation loss: 0.7474142854690552, Validation accuracy: 0.9079
Adjusting learning rate of group 0 to 1.0000e-03.
Epoch: 181, Train loss: 0.06037728459596634, Validation loss: 0.7388503541946411, Validation accuracy: 0.9097
Adjusting learning rate of group 0 to 1.0000e-03.
Epoch: 182, Train loss: 0.061211792150735855, Validation loss: 0.7240355148315429, Validation accuracy: 0.9109
Adjusting learning rate of group 0 to 1.0000e-03.
Epoch: 183, Train loss: 0.05862029138922691, Validation loss: 0.7223978729248047, Validation accuracy: 0.9105
Adjusting learning rate of group 0 to 1.0000e-03.
Epoch: 184, Train loss: 0.059283919472694395, Validation loss: 0.7472443351745606, Validation accuracy: 0.908
Adjusting learning rate of group 0 to 1.0000e-03.
Epoch: 185, Train loss: 0.060370998861789704, Validation loss: 0.7651234159469604, Validation accuracy: 0.9081
Adjusting learning rate of group 0 to 1.0000e-03.
Epoch: 186, Train loss: 0.0601346374464035, Validation loss: 0.7703928049087524, Validation accuracy: 0.9071
Adjusting learning rate of group 0 to 1.0000e-03.
Epoch: 187, Train loss: 0.05744075472354889, Validation loss: 0.7722769550323486, Validation accuracy: 0.9077
Adjusting learning rate of group 0 to 1.0000e-03.
Epoch: 188, Train loss: 0.05696933151006699, Validation loss: 0.7658863456726074, Validation accuracy: 0.908
Adjusting learning rate of group 0 to 1.0000e-03.
Epoch: 189, Train loss: 0.05513489451766014, Validation loss: 0.7851089012145996, Validation accuracy: 0.9089
Adjusting learning rate of group 0 to 1.0000e-03.
Epoch: 190, Train loss: 0.05663428413152695, Validation loss: 0.7992957956314087, Validation accuracy: 0.9068
Adjusting learning rate of group 0 to 1.0000e-03.
Epoch: 191, Train loss: 0.056170170555114744, Validation loss: 0.7789418125152587, Validation accuracy: 0.9089
Adjusting learning rate of group 0 to 1.0000e-03.
Epoch: 192, Train loss: 0.05338052296876907, Validation loss: 0.7711743774414063, Validation accuracy: 0.9082
Adjusting learning rate of group 0 to 1.0000e-03.
Epoch: 193, Train loss: 0.05572182519435882, Validation loss: 0.7682927652359008, Validation accuracy: 0.9076
Adjusting learning rate of group 0 to 1.0000e-03.
Epoch: 194, Train loss: 0.054412706210613254, Validation loss: 0.7997389949798585, Validation accuracy: 0.908
Adjusting learning rate of group 0 to 1.0000e-03.
Epoch: 195, Train loss: 0.0538065049624443, Validation loss: 0.8139971221923828, Validation accuracy: 0.908
Adjusting learning rate of group 0 to 1.0000e-03.
Epoch: 196, Train loss: 0.05344242853283882, Validation loss: 0.7918414039611816, Validation accuracy: 0.908
Adjusting learning rate of group 0 to 1.0000e-03.
Epoch: 197, Train loss: 0.05293222856163979, Validation loss: 0.8080128921508789, Validation accuracy: 0.9098
Adjusting learning rate of group 0 to 1.0000e-03.
Epoch: 198, Train loss: 0.051796414484977724, Validation loss: 0.8043932430267334, Validation accuracy: 0.9087
Adjusting learning rate of group 0 to 1.0000e-03.
Epoch: 199, Train loss: 0.04914135718941689, Validation loss: 0.8251439205169677, Validation accuracy: 0.9087
Accuracy: 0.9087, Parameters: 158
