['ResNet-TRL-Ringed.py', '--core_ranks', '4', '6', '4', '--ring_ranks', '5', '2', '5', '--seed', '9', '--device', 'cuda:3']
Initializing dataloader
Files already downloaded and verified
Files already downloaded and verified
Dataloader has initialized
Initializing model
Adjusting learning rate of group 0 to 1.0000e-02.
Model initialized
Testing model
Tests passed
Adjusting learning rate of group 0 to 2.0000e-02.
Epoch: 0, Train loss: 1.8332522521972656, Validation loss: 1.4903950469970704, Validation accuracy: 0.454
Adjusting learning rate of group 0 to 3.0000e-02.
Epoch: 1, Train loss: 1.455730181427002, Validation loss: 1.216522890663147, Validation accuracy: 0.5506
Adjusting learning rate of group 0 to 4.0000e-02.
Epoch: 2, Train loss: 1.236686736869812, Validation loss: 1.0637939359664916, Validation accuracy: 0.6196
Adjusting learning rate of group 0 to 5.0000e-02.
Epoch: 3, Train loss: 1.0743005828094483, Validation loss: 0.9410869911193848, Validation accuracy: 0.6659
Adjusting learning rate of group 0 to 6.0000e-02.
Epoch: 4, Train loss: 0.9545051783561707, Validation loss: 1.031566583633423, Validation accuracy: 0.6442
Adjusting learning rate of group 0 to 7.0000e-02.
Epoch: 5, Train loss: 0.8634177292633056, Validation loss: 0.9879579731941223, Validation accuracy: 0.675
Adjusting learning rate of group 0 to 8.0000e-02.
Epoch: 6, Train loss: 0.7729704815292359, Validation loss: 1.0556946588516236, Validation accuracy: 0.7013
Adjusting learning rate of group 0 to 9.0000e-02.
Epoch: 7, Train loss: 0.7194034676933289, Validation loss: 0.8358311291694641, Validation accuracy: 0.7346
Adjusting learning rate of group 0 to 1.0000e-01.
Epoch: 8, Train loss: 0.6674319859313965, Validation loss: 0.8630250259399415, Validation accuracy: 0.7317
Adjusting learning rate of group 0 to 1.0000e-01.
Epoch: 9, Train loss: 0.6460305948066711, Validation loss: 0.7233326672554016, Validation accuracy: 0.7671
Adjusting learning rate of group 0 to 1.0000e-01.
Epoch: 10, Train loss: 0.5899940956878662, Validation loss: 0.6797970715522766, Validation accuracy: 0.7816
Adjusting learning rate of group 0 to 1.0000e-01.
Epoch: 11, Train loss: 0.5693870261573791, Validation loss: 0.5639455088615417, Validation accuracy: 0.8075
Adjusting learning rate of group 0 to 1.0000e-01.
Epoch: 12, Train loss: 0.5373168199443817, Validation loss: 0.7364792273521423, Validation accuracy: 0.7813
Adjusting learning rate of group 0 to 1.0000e-01.
Epoch: 13, Train loss: 0.522447201499939, Validation loss: 0.7944885007858277, Validation accuracy: 0.7698
Adjusting learning rate of group 0 to 1.0000e-01.
Epoch: 14, Train loss: 0.4976876979637146, Validation loss: 0.646451098060608, Validation accuracy: 0.7911
Adjusting learning rate of group 0 to 1.0000e-01.
Epoch: 15, Train loss: 0.48404771265029906, Validation loss: 0.5362584087371827, Validation accuracy: 0.8218
Adjusting learning rate of group 0 to 1.0000e-01.
Epoch: 16, Train loss: 0.4704019351387024, Validation loss: 0.6004490627765655, Validation accuracy: 0.8065
Adjusting learning rate of group 0 to 1.0000e-01.
Epoch: 17, Train loss: 0.4579551673603058, Validation loss: 1.0184515336990356, Validation accuracy: 0.742
Adjusting learning rate of group 0 to 1.0000e-01.
Epoch: 18, Train loss: 0.44434853539466856, Validation loss: 0.6723106155395507, Validation accuracy: 0.7917
Adjusting learning rate of group 0 to 1.0000e-01.
Epoch: 19, Train loss: 0.44381421810150146, Validation loss: 0.5680650404930114, Validation accuracy: 0.8186
Adjusting learning rate of group 0 to 1.0000e-01.
Epoch: 20, Train loss: 0.4328268251991272, Validation loss: 0.548900563287735, Validation accuracy: 0.8149
Adjusting learning rate of group 0 to 1.0000e-01.
Epoch: 21, Train loss: 0.42359951177597044, Validation loss: 0.5159766781806946, Validation accuracy: 0.8233
Adjusting learning rate of group 0 to 1.0000e-01.
Epoch: 22, Train loss: 0.4077720745277405, Validation loss: 0.6671083312988281, Validation accuracy: 0.7878
Adjusting learning rate of group 0 to 1.0000e-01.
Epoch: 23, Train loss: 0.4110478584098816, Validation loss: 0.5868704689979554, Validation accuracy: 0.8122
Adjusting learning rate of group 0 to 1.0000e-01.
Epoch: 24, Train loss: 0.4014921349334717, Validation loss: 0.7377638858795166, Validation accuracy: 0.7898
Adjusting learning rate of group 0 to 1.0000e-01.
Epoch: 25, Train loss: 0.4043600801086426, Validation loss: 0.6704826268196106, Validation accuracy: 0.8195
Adjusting learning rate of group 0 to 1.0000e-01.
Epoch: 26, Train loss: 0.3946261076927185, Validation loss: 0.7094207315444946, Validation accuracy: 0.7827
Adjusting learning rate of group 0 to 1.0000e-01.
Epoch: 27, Train loss: 0.3872348324394226, Validation loss: 0.6040483487129211, Validation accuracy: 0.8072
Adjusting learning rate of group 0 to 1.0000e-01.
Epoch: 28, Train loss: 0.3831532140445709, Validation loss: 0.5077282039642333, Validation accuracy: 0.8374
Adjusting learning rate of group 0 to 1.0000e-01.
Epoch: 29, Train loss: 0.3744070212268829, Validation loss: 0.6403144042491913, Validation accuracy: 0.8146
Adjusting learning rate of group 0 to 1.0000e-01.
Epoch: 30, Train loss: 0.3764215930366516, Validation loss: 0.48858973712921144, Validation accuracy: 0.8358
Adjusting learning rate of group 0 to 1.0000e-01.
Epoch: 31, Train loss: 0.3748639985752106, Validation loss: 0.531249575138092, Validation accuracy: 0.8294
Adjusting learning rate of group 0 to 1.0000e-01.
Epoch: 32, Train loss: 0.36533705156326296, Validation loss: 0.495871919631958, Validation accuracy: 0.8325
Adjusting learning rate of group 0 to 1.0000e-01.
Epoch: 33, Train loss: 0.367786303691864, Validation loss: 0.6118235116004944, Validation accuracy: 0.8225
Adjusting learning rate of group 0 to 1.0000e-01.
Epoch: 34, Train loss: 0.3629970287513733, Validation loss: 0.4941667625904083, Validation accuracy: 0.8436
Adjusting learning rate of group 0 to 1.0000e-01.
Epoch: 35, Train loss: 0.35870982064723966, Validation loss: 0.623417650938034, Validation accuracy: 0.8252
Adjusting learning rate of group 0 to 1.0000e-01.
Epoch: 36, Train loss: 0.3533351414489746, Validation loss: 0.5101735771179199, Validation accuracy: 0.8502
Adjusting learning rate of group 0 to 1.0000e-01.
Epoch: 37, Train loss: 0.3561571838474274, Validation loss: 0.46316911549568174, Validation accuracy: 0.8525
Adjusting learning rate of group 0 to 1.0000e-01.
Epoch: 38, Train loss: 0.35497296118736266, Validation loss: 0.5331560025215148, Validation accuracy: 0.8331
Adjusting learning rate of group 0 to 1.0000e-01.
Epoch: 39, Train loss: 0.34458600378036497, Validation loss: 0.46573364725112915, Validation accuracy: 0.8496
Adjusting learning rate of group 0 to 1.0000e-01.
Epoch: 40, Train loss: 0.35110200137138364, Validation loss: 0.47344646825790404, Validation accuracy: 0.8462
Adjusting learning rate of group 0 to 1.0000e-01.
Epoch: 41, Train loss: 0.34496293840408326, Validation loss: 0.44427854638099673, Validation accuracy: 0.8558
Adjusting learning rate of group 0 to 1.0000e-01.
Epoch: 42, Train loss: 0.3458380540561676, Validation loss: 0.6168243933677673, Validation accuracy: 0.8079
Adjusting learning rate of group 0 to 1.0000e-01.
Epoch: 43, Train loss: 0.3418502636623383, Validation loss: 0.5031010537147522, Validation accuracy: 0.842
Adjusting learning rate of group 0 to 1.0000e-01.
Epoch: 44, Train loss: 0.34559825598716737, Validation loss: 0.5008507367134094, Validation accuracy: 0.8416
Adjusting learning rate of group 0 to 1.0000e-01.
Epoch: 45, Train loss: 0.3353323595046997, Validation loss: 0.46798211507797244, Validation accuracy: 0.8465
Adjusting learning rate of group 0 to 1.0000e-01.
Epoch: 46, Train loss: 0.3312810655641556, Validation loss: 0.42476690254211424, Validation accuracy: 0.8591
Adjusting learning rate of group 0 to 1.0000e-01.
Epoch: 47, Train loss: 0.33972186264038085, Validation loss: 0.5624384159088135, Validation accuracy: 0.8165
Adjusting learning rate of group 0 to 1.0000e-01.
Epoch: 48, Train loss: 0.33737661781311035, Validation loss: 0.5535316575527192, Validation accuracy: 0.8385
Adjusting learning rate of group 0 to 1.0000e-01.
Epoch: 49, Train loss: 0.33968598599433897, Validation loss: 0.6930642581939698, Validation accuracy: 0.7973
Adjusting learning rate of group 0 to 1.0000e-01.
Epoch: 50, Train loss: 0.3326724060821533, Validation loss: 0.5644794466972352, Validation accuracy: 0.8291
Adjusting learning rate of group 0 to 1.0000e-01.
Epoch: 51, Train loss: 0.32845170689582825, Validation loss: 0.5469565636634827, Validation accuracy: 0.8318
Adjusting learning rate of group 0 to 1.0000e-01.
Epoch: 52, Train loss: 0.3298865410900116, Validation loss: 0.5720746065616608, Validation accuracy: 0.8341
Adjusting learning rate of group 0 to 1.0000e-01.
Epoch: 53, Train loss: 0.3311668800354004, Validation loss: 0.6842219896316528, Validation accuracy: 0.8277
Adjusting learning rate of group 0 to 1.0000e-01.
Epoch: 54, Train loss: 0.32695565660476683, Validation loss: 0.7554110667228698, Validation accuracy: 0.8088
Adjusting learning rate of group 0 to 1.0000e-01.
Epoch: 55, Train loss: 0.32324364508628844, Validation loss: 0.5100931777954102, Validation accuracy: 0.8473
Adjusting learning rate of group 0 to 1.0000e-01.
Epoch: 56, Train loss: 0.32765298809051513, Validation loss: 0.47924299683570865, Validation accuracy: 0.8511
Adjusting learning rate of group 0 to 1.0000e-01.
Epoch: 57, Train loss: 0.3310451361179352, Validation loss: 0.4655141831874847, Validation accuracy: 0.8563
Adjusting learning rate of group 0 to 1.0000e-01.
Epoch: 58, Train loss: 0.3223718562412262, Validation loss: 0.5340744794845581, Validation accuracy: 0.8547
Adjusting learning rate of group 0 to 1.0000e-01.
Epoch: 59, Train loss: 0.3210539103603363, Validation loss: 0.48707879815101623, Validation accuracy: 0.8436
Adjusting learning rate of group 0 to 1.0000e-01.
Epoch: 60, Train loss: 0.31950406042099, Validation loss: 0.5005697797775268, Validation accuracy: 0.849
Adjusting learning rate of group 0 to 1.0000e-01.
Epoch: 61, Train loss: 0.3239278331184387, Validation loss: 0.4454217287063599, Validation accuracy: 0.8572
Adjusting learning rate of group 0 to 1.0000e-01.
Epoch: 62, Train loss: 0.3141731561851501, Validation loss: 0.4795365608692169, Validation accuracy: 0.8431
Adjusting learning rate of group 0 to 1.0000e-01.
Epoch: 63, Train loss: 0.31545000237464904, Validation loss: 0.44599356722831723, Validation accuracy: 0.8643
Adjusting learning rate of group 0 to 1.0000e-01.
Epoch: 64, Train loss: 0.313373662443161, Validation loss: 0.4515645225048065, Validation accuracy: 0.8618
Adjusting learning rate of group 0 to 1.0000e-01.
Epoch: 65, Train loss: 0.31883153984069823, Validation loss: 0.5831853883743287, Validation accuracy: 0.8308
Adjusting learning rate of group 0 to 1.0000e-01.
Epoch: 66, Train loss: 0.3177537403678894, Validation loss: 0.5292688898086548, Validation accuracy: 0.8353
Adjusting learning rate of group 0 to 1.0000e-01.
Epoch: 67, Train loss: 0.3151513817024231, Validation loss: 0.6404446816921234, Validation accuracy: 0.8172
Adjusting learning rate of group 0 to 1.0000e-01.
Epoch: 68, Train loss: 0.3137866341781616, Validation loss: 0.681725129032135, Validation accuracy: 0.8116
Adjusting learning rate of group 0 to 1.0000e-01.
Epoch: 69, Train loss: 0.3157300364255905, Validation loss: 0.4403473983287811, Validation accuracy: 0.8603
Adjusting learning rate of group 0 to 1.0000e-01.
Epoch: 70, Train loss: 0.32014882604599, Validation loss: 0.4792857188224792, Validation accuracy: 0.8527
Adjusting learning rate of group 0 to 1.0000e-01.
Epoch: 71, Train loss: 0.30729028356552124, Validation loss: 0.4799423987865448, Validation accuracy: 0.855
Adjusting learning rate of group 0 to 1.0000e-01.
Epoch: 72, Train loss: 0.3136134543800354, Validation loss: 0.5201219206809997, Validation accuracy: 0.8421
Adjusting learning rate of group 0 to 1.0000e-01.
Epoch: 73, Train loss: 0.31279911177635195, Validation loss: 0.5168149842262268, Validation accuracy: 0.8459
Adjusting learning rate of group 0 to 1.0000e-01.
Epoch: 74, Train loss: 0.3105198727607727, Validation loss: 0.5427384249687195, Validation accuracy: 0.8409
Adjusting learning rate of group 0 to 1.0000e-01.
Epoch: 75, Train loss: 0.3175930755805969, Validation loss: 0.4485013879776001, Validation accuracy: 0.8573
Adjusting learning rate of group 0 to 1.0000e-01.
Epoch: 76, Train loss: 0.31043028764724734, Validation loss: 0.5664854697227478, Validation accuracy: 0.8398
Adjusting learning rate of group 0 to 1.0000e-01.
Epoch: 77, Train loss: 0.3076285734272003, Validation loss: 0.42647295551300046, Validation accuracy: 0.871
Adjusting learning rate of group 0 to 1.0000e-01.
Epoch: 78, Train loss: 0.3051397392463684, Validation loss: 0.47472175693511964, Validation accuracy: 0.8447
Adjusting learning rate of group 0 to 1.0000e-01.
Epoch: 79, Train loss: 0.3050971010875702, Validation loss: 0.4029582806825638, Validation accuracy: 0.8683
Adjusting learning rate of group 0 to 1.0000e-01.
Epoch: 80, Train loss: 0.30214268792152404, Validation loss: 0.5471095046043396, Validation accuracy: 0.8425
Adjusting learning rate of group 0 to 1.0000e-01.
Epoch: 81, Train loss: 0.3110275784397125, Validation loss: 0.591550021648407, Validation accuracy: 0.8243
Adjusting learning rate of group 0 to 1.0000e-01.
Epoch: 82, Train loss: 0.31655565118789675, Validation loss: 0.5887719725608825, Validation accuracy: 0.8253
Adjusting learning rate of group 0 to 1.0000e-01.
Epoch: 83, Train loss: 0.3062661155319214, Validation loss: 0.5810783921718597, Validation accuracy: 0.8346
Adjusting learning rate of group 0 to 1.0000e-01.
Epoch: 84, Train loss: 0.3049858399486542, Validation loss: 0.605979486656189, Validation accuracy: 0.8326
Adjusting learning rate of group 0 to 1.0000e-01.
Epoch: 85, Train loss: 0.30567107542037963, Validation loss: 0.5260003105163574, Validation accuracy: 0.8355
Adjusting learning rate of group 0 to 1.0000e-01.
Epoch: 86, Train loss: 0.3026645576763153, Validation loss: 0.8581544164657593, Validation accuracy: 0.7893
Adjusting learning rate of group 0 to 1.0000e-01.
Epoch: 87, Train loss: 0.30186717034339905, Validation loss: 0.4867474778175354, Validation accuracy: 0.8636
Adjusting learning rate of group 0 to 1.0000e-01.
Epoch: 88, Train loss: 0.29917325614929197, Validation loss: 0.5005067984580993, Validation accuracy: 0.8394
Adjusting learning rate of group 0 to 1.0000e-01.
Epoch: 89, Train loss: 0.2991192680168152, Validation loss: 0.5204071336746215, Validation accuracy: 0.8466
Adjusting learning rate of group 0 to 1.0000e-01.
Epoch: 90, Train loss: 0.30204818814754486, Validation loss: 0.42470964026451113, Validation accuracy: 0.8671
Adjusting learning rate of group 0 to 1.0000e-01.
Epoch: 91, Train loss: 0.304062463388443, Validation loss: 0.4947735533714294, Validation accuracy: 0.8473
Adjusting learning rate of group 0 to 1.0000e-01.
Epoch: 92, Train loss: 0.3001969650745392, Validation loss: 0.5742627287864686, Validation accuracy: 0.8336
Adjusting learning rate of group 0 to 1.0000e-01.
Epoch: 93, Train loss: 0.3012805798912048, Validation loss: 0.5247850224494934, Validation accuracy: 0.8442
Adjusting learning rate of group 0 to 1.0000e-01.
Epoch: 94, Train loss: 0.30119115041732786, Validation loss: 0.4893882423400879, Validation accuracy: 0.8608
Adjusting learning rate of group 0 to 1.0000e-01.
Epoch: 95, Train loss: 0.2974563916873932, Validation loss: 0.5268689978122711, Validation accuracy: 0.8358
Adjusting learning rate of group 0 to 1.0000e-01.
Epoch: 96, Train loss: 0.3025898127651215, Validation loss: 0.599620854473114, Validation accuracy: 0.8385
Adjusting learning rate of group 0 to 1.0000e-01.
Epoch: 97, Train loss: 0.3024760479450226, Validation loss: 0.5476365570068359, Validation accuracy: 0.8467
Adjusting learning rate of group 0 to 1.0000e-01.
Epoch: 98, Train loss: 0.3040813304710388, Validation loss: 0.4589138356924057, Validation accuracy: 0.8565
Adjusting learning rate of group 0 to 1.0000e-01.
Epoch: 99, Train loss: 0.29971764675140383, Validation loss: 0.4979978586196899, Validation accuracy: 0.8279
Adjusting learning rate of group 0 to 1.0000e-02.
Epoch: 100, Train loss: 0.29840338090896606, Validation loss: 0.5936201476097107, Validation accuracy: 0.8391
Adjusting learning rate of group 0 to 1.0000e-02.
Epoch: 101, Train loss: 0.16830550198554992, Validation loss: 0.28174753093719485, Validation accuracy: 0.9138
Adjusting learning rate of group 0 to 1.0000e-02.
Epoch: 102, Train loss: 0.13081729960918426, Validation loss: 0.28365100860595704, Validation accuracy: 0.9173
Adjusting learning rate of group 0 to 1.0000e-02.
Epoch: 103, Train loss: 0.116715757021904, Validation loss: 0.28251294174194336, Validation accuracy: 0.9202
Adjusting learning rate of group 0 to 1.0000e-02.
Epoch: 104, Train loss: 0.10620225864648819, Validation loss: 0.27671001443862914, Validation accuracy: 0.9219
Adjusting learning rate of group 0 to 1.0000e-02.
Epoch: 105, Train loss: 0.09982579336166382, Validation loss: 0.28229569759368894, Validation accuracy: 0.9207
Adjusting learning rate of group 0 to 1.0000e-02.
Epoch: 106, Train loss: 0.09143508289337159, Validation loss: 0.28747741594314574, Validation accuracy: 0.9223
Adjusting learning rate of group 0 to 1.0000e-02.
Epoch: 107, Train loss: 0.08499338428974151, Validation loss: 0.29795290880203246, Validation accuracy: 0.9242
Adjusting learning rate of group 0 to 1.0000e-02.
Epoch: 108, Train loss: 0.07985543914318084, Validation loss: 0.3063195357322693, Validation accuracy: 0.9214
Adjusting learning rate of group 0 to 1.0000e-02.
Epoch: 109, Train loss: 0.07713650077819824, Validation loss: 0.30621617345809937, Validation accuracy: 0.9225
Adjusting learning rate of group 0 to 1.0000e-02.
Epoch: 110, Train loss: 0.07267826631069184, Validation loss: 0.30929947843551636, Validation accuracy: 0.9231
Adjusting learning rate of group 0 to 1.0000e-02.
Epoch: 111, Train loss: 0.06930726705074311, Validation loss: 0.3167292031288147, Validation accuracy: 0.9222
Adjusting learning rate of group 0 to 1.0000e-02.
Epoch: 112, Train loss: 0.06564218166708946, Validation loss: 0.3167685380935669, Validation accuracy: 0.9233
Adjusting learning rate of group 0 to 1.0000e-02.
Epoch: 113, Train loss: 0.06492579933702945, Validation loss: 0.3383507266998291, Validation accuracy: 0.9194
Adjusting learning rate of group 0 to 1.0000e-02.
Epoch: 114, Train loss: 0.06210719500541687, Validation loss: 0.33211169204711916, Validation accuracy: 0.9246
Adjusting learning rate of group 0 to 1.0000e-02.
Epoch: 115, Train loss: 0.06039530709981918, Validation loss: 0.3368585792541504, Validation accuracy: 0.9231
Adjusting learning rate of group 0 to 1.0000e-02.
Epoch: 116, Train loss: 0.058052269215583804, Validation loss: 0.33326197814941405, Validation accuracy: 0.924
Adjusting learning rate of group 0 to 1.0000e-02.
Epoch: 117, Train loss: 0.05248896549463272, Validation loss: 0.3616985577583313, Validation accuracy: 0.9225
Adjusting learning rate of group 0 to 1.0000e-02.
Epoch: 118, Train loss: 0.0527449640250206, Validation loss: 0.3591223749160767, Validation accuracy: 0.9235
Adjusting learning rate of group 0 to 1.0000e-02.
Epoch: 119, Train loss: 0.04998280382514, Validation loss: 0.36768789501190186, Validation accuracy: 0.9218
Adjusting learning rate of group 0 to 1.0000e-02.
Epoch: 120, Train loss: 0.052445941948890684, Validation loss: 0.35431032361984255, Validation accuracy: 0.9213
Adjusting learning rate of group 0 to 1.0000e-02.
Epoch: 121, Train loss: 0.046882392694950106, Validation loss: 0.3783218158721924, Validation accuracy: 0.9215
Adjusting learning rate of group 0 to 1.0000e-02.
Epoch: 122, Train loss: 0.049343913469314576, Validation loss: 0.38207977132797244, Validation accuracy: 0.921
Adjusting learning rate of group 0 to 1.0000e-02.
Epoch: 123, Train loss: 0.04661137110829353, Validation loss: 0.3953938844680786, Validation accuracy: 0.9203
Adjusting learning rate of group 0 to 1.0000e-02.
Epoch: 124, Train loss: 0.04238527549624443, Validation loss: 0.3943943833351135, Validation accuracy: 0.9234
Adjusting learning rate of group 0 to 1.0000e-02.
Epoch: 125, Train loss: 0.04344746758311987, Validation loss: 0.38137004699707033, Validation accuracy: 0.9228
Adjusting learning rate of group 0 to 1.0000e-02.
Epoch: 126, Train loss: 0.04398954405784607, Validation loss: 0.3831786533355713, Validation accuracy: 0.9233
Adjusting learning rate of group 0 to 1.0000e-02.
Epoch: 127, Train loss: 0.04274945614695549, Validation loss: 0.37739997663497926, Validation accuracy: 0.9214
Adjusting learning rate of group 0 to 1.0000e-02.
Epoch: 128, Train loss: 0.04131476007789373, Validation loss: 0.4100744020462036, Validation accuracy: 0.9203
Adjusting learning rate of group 0 to 1.0000e-02.
Epoch: 129, Train loss: 0.042695155517458915, Validation loss: 0.3781816933631897, Validation accuracy: 0.9228
Adjusting learning rate of group 0 to 1.0000e-02.
Epoch: 130, Train loss: 0.03873599576532841, Validation loss: 0.4047766492843628, Validation accuracy: 0.9203
Adjusting learning rate of group 0 to 1.0000e-02.
Epoch: 131, Train loss: 0.039251895838975905, Validation loss: 0.4027906702041626, Validation accuracy: 0.9233
Adjusting learning rate of group 0 to 1.0000e-02.
Epoch: 132, Train loss: 0.03740913293898106, Validation loss: 0.3885397409439087, Validation accuracy: 0.9209
Adjusting learning rate of group 0 to 1.0000e-02.
Epoch: 133, Train loss: 0.03803807906448841, Validation loss: 0.41134689359664917, Validation accuracy: 0.9212
Adjusting learning rate of group 0 to 1.0000e-02.
Epoch: 134, Train loss: 0.039724076957702636, Validation loss: 0.3789015974998474, Validation accuracy: 0.9228
Adjusting learning rate of group 0 to 1.0000e-02.
Epoch: 135, Train loss: 0.039460075711607936, Validation loss: 0.3997977077484131, Validation accuracy: 0.922
Adjusting learning rate of group 0 to 1.0000e-02.
Epoch: 136, Train loss: 0.03765330140352249, Validation loss: 0.41634655952453614, Validation accuracy: 0.9201
Adjusting learning rate of group 0 to 1.0000e-02.
Epoch: 137, Train loss: 0.037331148836612704, Validation loss: 0.41541890563964845, Validation accuracy: 0.9213
Adjusting learning rate of group 0 to 1.0000e-02.
Epoch: 138, Train loss: 0.03725137375891208, Validation loss: 0.4038137207984924, Validation accuracy: 0.9218
Adjusting learning rate of group 0 to 1.0000e-02.
Epoch: 139, Train loss: 0.03921342758178711, Validation loss: 0.39714633979797365, Validation accuracy: 0.9207
Adjusting learning rate of group 0 to 1.0000e-02.
Epoch: 140, Train loss: 0.03835329601228237, Validation loss: 0.39887033901214597, Validation accuracy: 0.9213
Adjusting learning rate of group 0 to 1.0000e-02.
Epoch: 141, Train loss: 0.035696868613958356, Validation loss: 0.4425037154197693, Validation accuracy: 0.9188
Adjusting learning rate of group 0 to 1.0000e-02.
Epoch: 142, Train loss: 0.037858675318360326, Validation loss: 0.38950603685379026, Validation accuracy: 0.9219
Adjusting learning rate of group 0 to 1.0000e-02.
Epoch: 143, Train loss: 0.036856972215473655, Validation loss: 0.40420716037750243, Validation accuracy: 0.9215
Adjusting learning rate of group 0 to 1.0000e-02.
Epoch: 144, Train loss: 0.03783911816298962, Validation loss: 0.3932445300102234, Validation accuracy: 0.9221
Adjusting learning rate of group 0 to 1.0000e-02.
Epoch: 145, Train loss: 0.03662335795164108, Validation loss: 0.41340742168426514, Validation accuracy: 0.9214
Adjusting learning rate of group 0 to 1.0000e-02.
Epoch: 146, Train loss: 0.038445735503435136, Validation loss: 0.40153102402687074, Validation accuracy: 0.9177
Adjusting learning rate of group 0 to 1.0000e-02.
Epoch: 147, Train loss: 0.03950976577371359, Validation loss: 0.4162647627830505, Validation accuracy: 0.9192
Adjusting learning rate of group 0 to 1.0000e-02.
Epoch: 148, Train loss: 0.040108463934063913, Validation loss: 0.3981113674163818, Validation accuracy: 0.9204
Adjusting learning rate of group 0 to 1.0000e-02.
Epoch: 149, Train loss: 0.03435993126988411, Validation loss: 0.44083002519607545, Validation accuracy: 0.9206
Adjusting learning rate of group 0 to 1.0000e-03.
Epoch: 150, Train loss: 0.0401962594050169, Validation loss: 0.3996695489883423, Validation accuracy: 0.918
Adjusting learning rate of group 0 to 1.0000e-03.
Epoch: 151, Train loss: 0.023470944893658162, Validation loss: 0.37253324136734006, Validation accuracy: 0.9266
Adjusting learning rate of group 0 to 1.0000e-03.
Epoch: 152, Train loss: 0.019030182690918447, Validation loss: 0.3699697931289673, Validation accuracy: 0.9283
Adjusting learning rate of group 0 to 1.0000e-03.
Epoch: 153, Train loss: 0.01602634019166231, Validation loss: 0.3801434658050537, Validation accuracy: 0.9286
Adjusting learning rate of group 0 to 1.0000e-03.
Epoch: 154, Train loss: 0.015054422615095974, Validation loss: 0.3822972155570984, Validation accuracy: 0.9285
Adjusting learning rate of group 0 to 1.0000e-03.
Epoch: 155, Train loss: 0.012811218428611755, Validation loss: 0.38552848072052004, Validation accuracy: 0.9293
Adjusting learning rate of group 0 to 1.0000e-03.
Epoch: 156, Train loss: 0.012291939638108014, Validation loss: 0.38594928817749025, Validation accuracy: 0.9315
Adjusting learning rate of group 0 to 1.0000e-03.
Epoch: 157, Train loss: 0.010917507002353668, Validation loss: 0.3981217664718628, Validation accuracy: 0.9303
Adjusting learning rate of group 0 to 1.0000e-03.
Epoch: 158, Train loss: 0.00944538742005825, Validation loss: 0.3998195421218872, Validation accuracy: 0.9296
Adjusting learning rate of group 0 to 1.0000e-03.
Epoch: 159, Train loss: 0.010581292420253158, Validation loss: 0.4052838994026184, Validation accuracy: 0.9303
Adjusting learning rate of group 0 to 1.0000e-03.
Epoch: 160, Train loss: 0.009692782729491591, Validation loss: 0.41597825288772583, Validation accuracy: 0.9293
Adjusting learning rate of group 0 to 1.0000e-03.
Epoch: 161, Train loss: 0.009312186299264431, Validation loss: 0.41060339336395263, Validation accuracy: 0.9292
Adjusting learning rate of group 0 to 1.0000e-03.
Epoch: 162, Train loss: 0.009961314008757473, Validation loss: 0.41450920686721804, Validation accuracy: 0.9304
Adjusting learning rate of group 0 to 1.0000e-03.
Epoch: 163, Train loss: 0.008833998139612376, Validation loss: 0.42421825666427615, Validation accuracy: 0.9298
Adjusting learning rate of group 0 to 1.0000e-03.
Epoch: 164, Train loss: 0.008420818778891117, Validation loss: 0.42304904384613035, Validation accuracy: 0.9303
Adjusting learning rate of group 0 to 1.0000e-03.
Epoch: 165, Train loss: 0.008487580525018275, Validation loss: 0.4280352787017822, Validation accuracy: 0.9296
Adjusting learning rate of group 0 to 1.0000e-03.
Epoch: 166, Train loss: 0.007624299965891987, Validation loss: 0.4330688801765442, Validation accuracy: 0.9292
Adjusting learning rate of group 0 to 1.0000e-03.
Epoch: 167, Train loss: 0.007734126844331622, Validation loss: 0.4381453305244446, Validation accuracy: 0.9317
Adjusting learning rate of group 0 to 1.0000e-03.
Epoch: 168, Train loss: 0.008222426596283913, Validation loss: 0.4331736780166626, Validation accuracy: 0.9306
Adjusting learning rate of group 0 to 1.0000e-03.
Epoch: 169, Train loss: 0.007620155207961798, Validation loss: 0.4350184160232544, Validation accuracy: 0.9319
Adjusting learning rate of group 0 to 1.0000e-03.
Epoch: 170, Train loss: 0.0070705523603037, Validation loss: 0.43990393381118775, Validation accuracy: 0.9305
Adjusting learning rate of group 0 to 1.0000e-03.
Epoch: 171, Train loss: 0.006881523375287652, Validation loss: 0.4403030076980591, Validation accuracy: 0.9304
Adjusting learning rate of group 0 to 1.0000e-03.
Epoch: 172, Train loss: 0.006660935587454587, Validation loss: 0.4462166105270386, Validation accuracy: 0.9309
Adjusting learning rate of group 0 to 1.0000e-03.
Epoch: 173, Train loss: 0.00636156267143786, Validation loss: 0.4483396611213684, Validation accuracy: 0.931
Adjusting learning rate of group 0 to 1.0000e-03.
Epoch: 174, Train loss: 0.006683616177625954, Validation loss: 0.4581910901069641, Validation accuracy: 0.931
Adjusting learning rate of group 0 to 1.0000e-03.
Epoch: 175, Train loss: 0.005853163475822657, Validation loss: 0.4534268139839172, Validation accuracy: 0.9318
Adjusting learning rate of group 0 to 1.0000e-03.
Epoch: 176, Train loss: 0.0065771606345847245, Validation loss: 0.456131391620636, Validation accuracy: 0.9312
Adjusting learning rate of group 0 to 1.0000e-03.
Epoch: 177, Train loss: 0.006429391765315086, Validation loss: 0.45139299573898317, Validation accuracy: 0.9302
Adjusting learning rate of group 0 to 1.0000e-03.
Epoch: 178, Train loss: 0.0063799013890326025, Validation loss: 0.4614047540664673, Validation accuracy: 0.9308
Adjusting learning rate of group 0 to 1.0000e-03.
Epoch: 179, Train loss: 0.006602737256735563, Validation loss: 0.45877927684783937, Validation accuracy: 0.9309
Adjusting learning rate of group 0 to 1.0000e-03.
Epoch: 180, Train loss: 0.005415502944756299, Validation loss: 0.45760653343200686, Validation accuracy: 0.9323
Adjusting learning rate of group 0 to 1.0000e-03.
Epoch: 181, Train loss: 0.005660718826502561, Validation loss: 0.46825541343688964, Validation accuracy: 0.9309
Adjusting learning rate of group 0 to 1.0000e-03.
Epoch: 182, Train loss: 0.005556084825694561, Validation loss: 0.47629675769805907, Validation accuracy: 0.9305
Adjusting learning rate of group 0 to 1.0000e-03.
Epoch: 183, Train loss: 0.005602248059399426, Validation loss: 0.46808794984817503, Validation accuracy: 0.9311
Adjusting learning rate of group 0 to 1.0000e-03.
Epoch: 184, Train loss: 0.005870938947852701, Validation loss: 0.4732854838371277, Validation accuracy: 0.9306
Adjusting learning rate of group 0 to 1.0000e-03.
Epoch: 185, Train loss: 0.005582504420056939, Validation loss: 0.4775576583862305, Validation accuracy: 0.9297
Adjusting learning rate of group 0 to 1.0000e-03.
Epoch: 186, Train loss: 0.005613018883895129, Validation loss: 0.47661463270187376, Validation accuracy: 0.9299
Adjusting learning rate of group 0 to 1.0000e-03.
Epoch: 187, Train loss: 0.005342954037860036, Validation loss: 0.47924111013412474, Validation accuracy: 0.9308
Adjusting learning rate of group 0 to 1.0000e-03.
Epoch: 188, Train loss: 0.005496125596575439, Validation loss: 0.4701924373626709, Validation accuracy: 0.9326
Adjusting learning rate of group 0 to 1.0000e-03.
Epoch: 189, Train loss: 0.005164381950814277, Validation loss: 0.47322912817001345, Validation accuracy: 0.9311
Adjusting learning rate of group 0 to 1.0000e-03.
Epoch: 190, Train loss: 0.005262147847507149, Validation loss: 0.48597686738967893, Validation accuracy: 0.9308
Adjusting learning rate of group 0 to 1.0000e-03.
Epoch: 191, Train loss: 0.0045811521999165414, Validation loss: 0.4775691840171814, Validation accuracy: 0.9304
Adjusting learning rate of group 0 to 1.0000e-03.
Epoch: 192, Train loss: 0.0048825980200339104, Validation loss: 0.48075583028793334, Validation accuracy: 0.9317
Adjusting learning rate of group 0 to 1.0000e-03.
Epoch: 193, Train loss: 0.005326098801838234, Validation loss: 0.4761672327041626, Validation accuracy: 0.9309
Adjusting learning rate of group 0 to 1.0000e-03.
Epoch: 194, Train loss: 0.0043130943018803375, Validation loss: 0.4816747145652771, Validation accuracy: 0.9312
Adjusting learning rate of group 0 to 1.0000e-03.
Epoch: 195, Train loss: 0.0049501276323851194, Validation loss: 0.4810916105270386, Validation accuracy: 0.9315
Adjusting learning rate of group 0 to 1.0000e-03.
Epoch: 196, Train loss: 0.005466845243471907, Validation loss: 0.48373415231704714, Validation accuracy: 0.9313
Adjusting learning rate of group 0 to 1.0000e-03.
Epoch: 197, Train loss: 0.005036788911055774, Validation loss: 0.4889098606109619, Validation accuracy: 0.9298
Adjusting learning rate of group 0 to 1.0000e-03.
Epoch: 198, Train loss: 0.005127447144906036, Validation loss: 0.49207687368392944, Validation accuracy: 0.9317
Adjusting learning rate of group 0 to 1.0000e-03.
Epoch: 199, Train loss: 0.004288207143647596, Validation loss: 0.4885827513694763, Validation accuracy: 0.9316
Accuracy: 0.9316, Parameters: 8170
