['ResNet-train.py', '--network', 'resnet', '--classifier', 'full', '--tensorization', '4', '4', '4', '2', '2', '2', '2', '2', '2', '--ranks', '[[2, 2, 1, 1, 1, 1, 1, 1, 1, 8], [2, 2, 2, 1, 1, 1, 1, 1, 1, 1], [1, 2, 2, 1, 1, 1, 1, 1, 1, 1], [1, 1, 1, 2, 2, 1, 1, 1, 1, 2], [1, 1, 1, 2, 2, 2, 1, 1, 1, 1], [1, 1, 1, 1, 2, 2, 1, 1, 1, 1], [1, 1, 1, 1, 1, 1, 2, 2, 1, 2], [1, 1, 1, 1, 1, 1, 2, 2, 2, 1], [1, 1, 1, 1, 1, 1, 1, 2, 2, 1], [8, 1, 1, 2, 1, 1, 2, 1, 1, 10]]', '--seed', '22', '--device', 'cuda:1']
Initializing dataloader
Files already downloaded and verified
Files already downloaded and verified
Dataloader has initialized
Initializing model
Adjusting learning rate of group 0 to 1.0000e-02.
Model initialized
Testing model
Tests passed
Adjusting learning rate of group 0 to 2.0000e-02.
Epoch: 0, Train loss: 1.8213638091278077, Validation loss: 1.6341025930404662, Validation accuracy: 0.4238
Adjusting learning rate of group 0 to 3.0000e-02.
Epoch: 1, Train loss: 1.3444762561416626, Validation loss: 1.1582988914489747, Validation accuracy: 0.5748
Adjusting learning rate of group 0 to 4.0000e-02.
Epoch: 2, Train loss: 1.0724484358978272, Validation loss: 1.169604572200775, Validation accuracy: 0.5955
Adjusting learning rate of group 0 to 5.0000e-02.
Epoch: 3, Train loss: 0.9147807615852356, Validation loss: 0.8862518217086792, Validation accuracy: 0.6901
Adjusting learning rate of group 0 to 6.0000e-02.
Epoch: 4, Train loss: 0.7994799821662902, Validation loss: 0.8408198055267334, Validation accuracy: 0.709
Adjusting learning rate of group 0 to 7.0000e-02.
Epoch: 5, Train loss: 0.7384389587020874, Validation loss: 0.8943757167816162, Validation accuracy: 0.7071
Adjusting learning rate of group 0 to 8.0000e-02.
Epoch: 6, Train loss: 0.7052153097343444, Validation loss: 0.7569310049057006, Validation accuracy: 0.7538
Adjusting learning rate of group 0 to 9.0000e-02.
Epoch: 7, Train loss: 0.6582643962478638, Validation loss: 0.8514931374549866, Validation accuracy: 0.7372
Adjusting learning rate of group 0 to 1.0000e-01.
Epoch: 8, Train loss: 0.6357740891647339, Validation loss: 0.6064532264709472, Validation accuracy: 0.7909
Adjusting learning rate of group 0 to 1.0000e-01.
Epoch: 9, Train loss: 0.6098162468338013, Validation loss: 0.6509976141929626, Validation accuracy: 0.7789
Adjusting learning rate of group 0 to 1.0000e-01.
Epoch: 10, Train loss: 0.5794498745059967, Validation loss: 0.730768450164795, Validation accuracy: 0.7494
Adjusting learning rate of group 0 to 1.0000e-01.
Epoch: 11, Train loss: 0.5566440659332276, Validation loss: 0.6056016771316528, Validation accuracy: 0.7976
Adjusting learning rate of group 0 to 1.0000e-01.
Epoch: 12, Train loss: 0.5415098447799682, Validation loss: 0.6486131222724915, Validation accuracy: 0.7837
Adjusting learning rate of group 0 to 1.0000e-01.
Epoch: 13, Train loss: 0.5337113157749176, Validation loss: 0.6787192546844483, Validation accuracy: 0.8071
Adjusting learning rate of group 0 to 1.0000e-01.
Epoch: 14, Train loss: 0.503913696937561, Validation loss: 0.5485921628952026, Validation accuracy: 0.8145
Adjusting learning rate of group 0 to 1.0000e-01.
Epoch: 15, Train loss: 0.49062966682434084, Validation loss: 0.6859625356674194, Validation accuracy: 0.7985
Adjusting learning rate of group 0 to 1.0000e-01.
Epoch: 16, Train loss: 0.4838014953613281, Validation loss: 0.7084449253082276, Validation accuracy: 0.7672
Adjusting learning rate of group 0 to 1.0000e-01.
Epoch: 17, Train loss: 0.4650324571228027, Validation loss: 0.5121717911720276, Validation accuracy: 0.8262
Adjusting learning rate of group 0 to 1.0000e-01.
Epoch: 18, Train loss: 0.4692232685470581, Validation loss: 0.8096354181289673, Validation accuracy: 0.791
Adjusting learning rate of group 0 to 1.0000e-01.
Epoch: 19, Train loss: 0.45817861656188963, Validation loss: 0.5468859422683716, Validation accuracy: 0.8189
Adjusting learning rate of group 0 to 1.0000e-01.
Epoch: 20, Train loss: 0.4492813956642151, Validation loss: 0.4697649941444397, Validation accuracy: 0.8466
Adjusting learning rate of group 0 to 1.0000e-01.
Epoch: 21, Train loss: 0.41977438489913943, Validation loss: 0.5136515790939331, Validation accuracy: 0.8265
Adjusting learning rate of group 0 to 1.0000e-01.
Epoch: 22, Train loss: 0.4248661777591705, Validation loss: 0.7326712125539779, Validation accuracy: 0.7934
Adjusting learning rate of group 0 to 1.0000e-01.
Epoch: 23, Train loss: 0.4366195693016052, Validation loss: 0.7179844773292542, Validation accuracy: 0.7912
Adjusting learning rate of group 0 to 1.0000e-01.
Epoch: 24, Train loss: 0.42133700406074526, Validation loss: 0.5392552942752838, Validation accuracy: 0.8352
Adjusting learning rate of group 0 to 1.0000e-01.
Epoch: 25, Train loss: 0.4306730710411072, Validation loss: 0.7068968023300171, Validation accuracy: 0.7995
Adjusting learning rate of group 0 to 1.0000e-01.
Epoch: 26, Train loss: 0.4001853635215759, Validation loss: 0.5867716054916382, Validation accuracy: 0.8059
Adjusting learning rate of group 0 to 1.0000e-01.
Epoch: 27, Train loss: 0.40716682361602785, Validation loss: 0.6349326532363891, Validation accuracy: 0.7885
Adjusting learning rate of group 0 to 1.0000e-01.
Epoch: 28, Train loss: 0.4200827704620361, Validation loss: 0.5276835205078125, Validation accuracy: 0.8287
Adjusting learning rate of group 0 to 1.0000e-01.
Epoch: 29, Train loss: 0.3904757696914673, Validation loss: 0.46707761564254763, Validation accuracy: 0.8426
Adjusting learning rate of group 0 to 1.0000e-01.
Epoch: 30, Train loss: 0.39651114092826845, Validation loss: 0.5550996216773987, Validation accuracy: 0.815
Adjusting learning rate of group 0 to 1.0000e-01.
Epoch: 31, Train loss: 0.40231287216186523, Validation loss: 0.549643503499031, Validation accuracy: 0.8345
Adjusting learning rate of group 0 to 1.0000e-01.
Epoch: 32, Train loss: 0.39049453464508055, Validation loss: 0.4567045282363892, Validation accuracy: 0.8521
Adjusting learning rate of group 0 to 1.0000e-01.
Epoch: 33, Train loss: 0.3945692565822601, Validation loss: 0.6132242264747619, Validation accuracy: 0.8228
Adjusting learning rate of group 0 to 1.0000e-01.
Epoch: 34, Train loss: 0.37789568454742434, Validation loss: 0.5871533002376557, Validation accuracy: 0.8044
Adjusting learning rate of group 0 to 1.0000e-01.
Epoch: 35, Train loss: 0.3787095543479919, Validation loss: 0.42518675565719605, Validation accuracy: 0.8527
Adjusting learning rate of group 0 to 1.0000e-01.
Epoch: 36, Train loss: 0.3665984230041504, Validation loss: 0.5526249500274658, Validation accuracy: 0.8136
Adjusting learning rate of group 0 to 1.0000e-01.
Epoch: 37, Train loss: 0.3753067332458496, Validation loss: 0.5511609191894531, Validation accuracy: 0.8227
Adjusting learning rate of group 0 to 1.0000e-01.
Epoch: 38, Train loss: 0.3650904873466492, Validation loss: 0.47913347654342653, Validation accuracy: 0.8417
Adjusting learning rate of group 0 to 1.0000e-01.
Epoch: 39, Train loss: 0.3681180982208252, Validation loss: 0.5848953444480895, Validation accuracy: 0.8139
Adjusting learning rate of group 0 to 1.0000e-01.
Epoch: 40, Train loss: 0.35899147013664245, Validation loss: 0.9563741377830506, Validation accuracy: 0.7527
Adjusting learning rate of group 0 to 1.0000e-01.
Epoch: 41, Train loss: 0.36274802095413206, Validation loss: 0.46978585681915286, Validation accuracy: 0.8341
Adjusting learning rate of group 0 to 1.0000e-01.
Epoch: 42, Train loss: 0.3516156272697449, Validation loss: 0.5730116506576538, Validation accuracy: 0.8267
Adjusting learning rate of group 0 to 1.0000e-01.
Epoch: 43, Train loss: 0.3449263551712036, Validation loss: 1.1205305883407592, Validation accuracy: 0.6936
Adjusting learning rate of group 0 to 1.0000e-01.
Epoch: 44, Train loss: 0.36761261971473697, Validation loss: 0.5105564458847046, Validation accuracy: 0.8307
Adjusting learning rate of group 0 to 1.0000e-01.
Epoch: 45, Train loss: 0.3545014025020599, Validation loss: 0.4145008665561676, Validation accuracy: 0.8588
Adjusting learning rate of group 0 to 1.0000e-01.
Epoch: 46, Train loss: 0.3648970128250122, Validation loss: 1.196943533706665, Validation accuracy: 0.6147
Adjusting learning rate of group 0 to 1.0000e-01.
Epoch: 47, Train loss: 0.35718826115608215, Validation loss: 0.6856207250595093, Validation accuracy: 0.8116
Adjusting learning rate of group 0 to 1.0000e-01.
Epoch: 48, Train loss: 0.35161758708953855, Validation loss: 0.6415981607437133, Validation accuracy: 0.8138
Adjusting learning rate of group 0 to 1.0000e-01.
Epoch: 49, Train loss: 0.34552668828964234, Validation loss: 0.45623595962524416, Validation accuracy: 0.851
Adjusting learning rate of group 0 to 1.0000e-01.
Epoch: 50, Train loss: 0.3485030759811401, Validation loss: 0.565855986213684, Validation accuracy: 0.8079
Adjusting learning rate of group 0 to 1.0000e-01.
Epoch: 51, Train loss: 0.33715839046478274, Validation loss: 0.6831245482921601, Validation accuracy: 0.8049
Adjusting learning rate of group 0 to 1.0000e-01.
Epoch: 52, Train loss: 0.348018635635376, Validation loss: 0.529393308353424, Validation accuracy: 0.8436
Adjusting learning rate of group 0 to 1.0000e-01.
Epoch: 53, Train loss: 0.34827249513626096, Validation loss: 0.4417530729293823, Validation accuracy: 0.8499
Adjusting learning rate of group 0 to 1.0000e-01.
Epoch: 54, Train loss: 0.33931729303359986, Validation loss: 0.44764858870506286, Validation accuracy: 0.8533
Adjusting learning rate of group 0 to 1.0000e-01.
Epoch: 55, Train loss: 0.3526106481266022, Validation loss: 0.4962196276664734, Validation accuracy: 0.83
Adjusting learning rate of group 0 to 1.0000e-01.
Epoch: 56, Train loss: 0.34596598351478575, Validation loss: 0.6067090392112732, Validation accuracy: 0.8211
Adjusting learning rate of group 0 to 1.0000e-01.
Epoch: 57, Train loss: 0.3520769182872772, Validation loss: 0.43262936115264894, Validation accuracy: 0.8683
Adjusting learning rate of group 0 to 1.0000e-01.
Epoch: 58, Train loss: 0.3492443920469284, Validation loss: 0.5228479090690613, Validation accuracy: 0.8515
Adjusting learning rate of group 0 to 1.0000e-01.
Epoch: 59, Train loss: 0.349949072971344, Validation loss: 0.524243166065216, Validation accuracy: 0.8371
Adjusting learning rate of group 0 to 1.0000e-01.
Epoch: 60, Train loss: 0.33311471493721007, Validation loss: 0.500752537727356, Validation accuracy: 0.8455
Adjusting learning rate of group 0 to 1.0000e-01.
Epoch: 61, Train loss: 0.32242913619995117, Validation loss: 0.6639320484161377, Validation accuracy: 0.8163
Adjusting learning rate of group 0 to 1.0000e-01.
Epoch: 62, Train loss: 0.33331198495864867, Validation loss: 0.4596316849708557, Validation accuracy: 0.8464
Adjusting learning rate of group 0 to 1.0000e-01.
Epoch: 63, Train loss: 0.3306568178367615, Validation loss: 0.6251547040939331, Validation accuracy: 0.8367
Adjusting learning rate of group 0 to 1.0000e-01.
Epoch: 64, Train loss: 0.33863513330459594, Validation loss: 0.4752974431037903, Validation accuracy: 0.8528
Adjusting learning rate of group 0 to 1.0000e-01.
Epoch: 65, Train loss: 0.3232179304599762, Validation loss: 0.5890792492866516, Validation accuracy: 0.8342
Adjusting learning rate of group 0 to 1.0000e-01.
Epoch: 66, Train loss: 0.3174555063343048, Validation loss: 0.5227704229354858, Validation accuracy: 0.8321
Adjusting learning rate of group 0 to 1.0000e-01.
Epoch: 67, Train loss: 0.3300936766338348, Validation loss: 0.7620692966461181, Validation accuracy: 0.8056
Adjusting learning rate of group 0 to 1.0000e-01.
Epoch: 68, Train loss: 0.3406172278690338, Validation loss: 0.5503245887756347, Validation accuracy: 0.8262
Adjusting learning rate of group 0 to 1.0000e-01.
Epoch: 69, Train loss: 0.31668337474823, Validation loss: 0.5449549861907959, Validation accuracy: 0.8359
Adjusting learning rate of group 0 to 1.0000e-01.
Epoch: 70, Train loss: 0.33709479116439817, Validation loss: 0.42393452978134155, Validation accuracy: 0.8664
Adjusting learning rate of group 0 to 1.0000e-01.
Epoch: 71, Train loss: 0.32393988350868225, Validation loss: 0.5280080709934235, Validation accuracy: 0.8538
Adjusting learning rate of group 0 to 1.0000e-01.
Epoch: 72, Train loss: 0.32114847109794614, Validation loss: 0.4766317988395691, Validation accuracy: 0.8417
Adjusting learning rate of group 0 to 1.0000e-01.
Epoch: 73, Train loss: 0.3232321146583557, Validation loss: 0.5349048833847045, Validation accuracy: 0.8394
Adjusting learning rate of group 0 to 1.0000e-01.
Epoch: 74, Train loss: 0.31244957862854006, Validation loss: 0.4436013159751892, Validation accuracy: 0.8605
Adjusting learning rate of group 0 to 1.0000e-01.
Epoch: 75, Train loss: 0.3159969533967972, Validation loss: 0.5268296548843384, Validation accuracy: 0.8356
Adjusting learning rate of group 0 to 1.0000e-01.
Epoch: 76, Train loss: 0.31641900710105897, Validation loss: 0.7296614095687867, Validation accuracy: 0.8154
Adjusting learning rate of group 0 to 1.0000e-01.
Epoch: 77, Train loss: 0.3215514591884613, Validation loss: 0.5790084785461426, Validation accuracy: 0.817
Adjusting learning rate of group 0 to 1.0000e-01.
Epoch: 78, Train loss: 0.3280106719875336, Validation loss: 0.5583226719856262, Validation accuracy: 0.8532
Adjusting learning rate of group 0 to 1.0000e-01.
Epoch: 79, Train loss: 0.32764788984298704, Validation loss: 0.5264668775558472, Validation accuracy: 0.8429
Adjusting learning rate of group 0 to 1.0000e-01.
Epoch: 80, Train loss: 0.31873676792144773, Validation loss: 0.4642382476806641, Validation accuracy: 0.8411
Adjusting learning rate of group 0 to 1.0000e-01.
Epoch: 81, Train loss: 0.30408508936882017, Validation loss: 0.43835465965271, Validation accuracy: 0.854
Adjusting learning rate of group 0 to 1.0000e-01.
Epoch: 82, Train loss: 0.3133727539253235, Validation loss: 0.5297166118144989, Validation accuracy: 0.8269
Adjusting learning rate of group 0 to 1.0000e-01.
Epoch: 83, Train loss: 0.30746268074035643, Validation loss: 0.4347758052825928, Validation accuracy: 0.8585
Adjusting learning rate of group 0 to 1.0000e-01.
Epoch: 84, Train loss: 0.32807060468673704, Validation loss: 0.7313506746292114, Validation accuracy: 0.7987
Adjusting learning rate of group 0 to 1.0000e-01.
Epoch: 85, Train loss: 0.3080675753116608, Validation loss: 0.7593537740707398, Validation accuracy: 0.8078
Adjusting learning rate of group 0 to 1.0000e-01.
Epoch: 86, Train loss: 0.31634803104400633, Validation loss: 0.4620771565437317, Validation accuracy: 0.8497
Adjusting learning rate of group 0 to 1.0000e-01.
Epoch: 87, Train loss: 0.3146684210205078, Validation loss: 0.526040156173706, Validation accuracy: 0.8219
Adjusting learning rate of group 0 to 1.0000e-01.
Epoch: 88, Train loss: 0.30240174196243286, Validation loss: 0.45145129947662355, Validation accuracy: 0.8532
Adjusting learning rate of group 0 to 1.0000e-01.
Epoch: 89, Train loss: 0.3121398973655701, Validation loss: 0.45104221410751344, Validation accuracy: 0.8547
Adjusting learning rate of group 0 to 1.0000e-01.
Epoch: 90, Train loss: 0.3172601049995422, Validation loss: 0.5674250018119812, Validation accuracy: 0.8064
Adjusting learning rate of group 0 to 1.0000e-01.
Epoch: 91, Train loss: 0.32185846579551697, Validation loss: 0.5241198313236236, Validation accuracy: 0.83
Adjusting learning rate of group 0 to 1.0000e-01.
Epoch: 92, Train loss: 0.3146605811786652, Validation loss: 0.5294225172996521, Validation accuracy: 0.8484
Adjusting learning rate of group 0 to 1.0000e-01.
Epoch: 93, Train loss: 0.30684810132980345, Validation loss: 0.6696637181997299, Validation accuracy: 0.8466
Adjusting learning rate of group 0 to 1.0000e-01.
Epoch: 94, Train loss: 0.3131250314044952, Validation loss: 0.6669291027069092, Validation accuracy: 0.8226
Adjusting learning rate of group 0 to 1.0000e-01.
Epoch: 95, Train loss: 0.3250247644519806, Validation loss: 0.46280054564476014, Validation accuracy: 0.867
Adjusting learning rate of group 0 to 1.0000e-01.
Epoch: 96, Train loss: 0.313098034324646, Validation loss: 0.41109821519851686, Validation accuracy: 0.868
Adjusting learning rate of group 0 to 1.0000e-01.
Epoch: 97, Train loss: 0.3138055848121643, Validation loss: 0.4445858871459961, Validation accuracy: 0.8493
Adjusting learning rate of group 0 to 1.0000e-01.
Epoch: 98, Train loss: 0.3121952485656738, Validation loss: 0.500074640750885, Validation accuracy: 0.8287
Adjusting learning rate of group 0 to 1.0000e-01.
Epoch: 99, Train loss: 0.32916641063690183, Validation loss: 0.44418334732055664, Validation accuracy: 0.8633
Adjusting learning rate of group 0 to 1.0000e-02.
Epoch: 100, Train loss: 0.30238433413505555, Validation loss: 0.5151294360160827, Validation accuracy: 0.8423
Adjusting learning rate of group 0 to 1.0000e-02.
Epoch: 101, Train loss: 0.17320649483680725, Validation loss: 0.25746336216926574, Validation accuracy: 0.9149
Adjusting learning rate of group 0 to 1.0000e-02.
Epoch: 102, Train loss: 0.13727657649040223, Validation loss: 0.25642592749595644, Validation accuracy: 0.9188
Adjusting learning rate of group 0 to 1.0000e-02.
Epoch: 103, Train loss: 0.12238076915979386, Validation loss: 0.2793290344238281, Validation accuracy: 0.9167
Adjusting learning rate of group 0 to 1.0000e-02.
Epoch: 104, Train loss: 0.10982870455265045, Validation loss: 0.28110166397094727, Validation accuracy: 0.9213
Adjusting learning rate of group 0 to 1.0000e-02.
Epoch: 105, Train loss: 0.09968188798666, Validation loss: 0.27734556550979617, Validation accuracy: 0.922
Adjusting learning rate of group 0 to 1.0000e-02.
Epoch: 106, Train loss: 0.09533526724338531, Validation loss: 0.29208201560974123, Validation accuracy: 0.9202
Adjusting learning rate of group 0 to 1.0000e-02.
Epoch: 107, Train loss: 0.08966059674978256, Validation loss: 0.2818563921928406, Validation accuracy: 0.9214
Adjusting learning rate of group 0 to 1.0000e-02.
Epoch: 108, Train loss: 0.08614601734638214, Validation loss: 0.320113579082489, Validation accuracy: 0.9222
Adjusting learning rate of group 0 to 1.0000e-02.
Epoch: 109, Train loss: 0.07997208910703658, Validation loss: 0.30564469738006594, Validation accuracy: 0.9226
Adjusting learning rate of group 0 to 1.0000e-02.
Epoch: 110, Train loss: 0.07828955260515214, Validation loss: 0.2942761642456055, Validation accuracy: 0.922
Adjusting learning rate of group 0 to 1.0000e-02.
Epoch: 111, Train loss: 0.07433061988949775, Validation loss: 0.3023274217605591, Validation accuracy: 0.9204
Adjusting learning rate of group 0 to 1.0000e-02.
Epoch: 112, Train loss: 0.07034925775051117, Validation loss: 0.32705603380203246, Validation accuracy: 0.9222
Adjusting learning rate of group 0 to 1.0000e-02.
Epoch: 113, Train loss: 0.06714812327623368, Validation loss: 0.3051601884841919, Validation accuracy: 0.9213
Adjusting learning rate of group 0 to 1.0000e-02.
Epoch: 114, Train loss: 0.06569031825900078, Validation loss: 0.31479506549835207, Validation accuracy: 0.9224
Adjusting learning rate of group 0 to 1.0000e-02.
Epoch: 115, Train loss: 0.06360366451859474, Validation loss: 0.33616195030212404, Validation accuracy: 0.9222
Adjusting learning rate of group 0 to 1.0000e-02.
Epoch: 116, Train loss: 0.06203712731361389, Validation loss: 0.34576279306411745, Validation accuracy: 0.9227
Adjusting learning rate of group 0 to 1.0000e-02.
Epoch: 117, Train loss: 0.05923633764386177, Validation loss: 0.3186006099224091, Validation accuracy: 0.9229
Adjusting learning rate of group 0 to 1.0000e-02.
Epoch: 118, Train loss: 0.05641383657872677, Validation loss: 0.34916345772743224, Validation accuracy: 0.9193
Adjusting learning rate of group 0 to 1.0000e-02.
Epoch: 119, Train loss: 0.05806827959984541, Validation loss: 0.3126102519035339, Validation accuracy: 0.9228
Adjusting learning rate of group 0 to 1.0000e-02.
Epoch: 120, Train loss: 0.05384385310590267, Validation loss: 0.36429310541152954, Validation accuracy: 0.9182
Adjusting learning rate of group 0 to 1.0000e-02.
Epoch: 121, Train loss: 0.05101305169284344, Validation loss: 0.3770540555000305, Validation accuracy: 0.9205
Adjusting learning rate of group 0 to 1.0000e-02.
Epoch: 122, Train loss: 0.052484561619758605, Validation loss: 0.34437633485794067, Validation accuracy: 0.9186
Adjusting learning rate of group 0 to 1.0000e-02.
Epoch: 123, Train loss: 0.04982058906853199, Validation loss: 0.4095405210494995, Validation accuracy: 0.9175
Adjusting learning rate of group 0 to 1.0000e-02.
Epoch: 124, Train loss: 0.04995324896156788, Validation loss: 0.34979315032958985, Validation accuracy: 0.921
Adjusting learning rate of group 0 to 1.0000e-02.
Epoch: 125, Train loss: 0.04927433641314507, Validation loss: 0.37289944038391115, Validation accuracy: 0.9191
Adjusting learning rate of group 0 to 1.0000e-02.
Epoch: 126, Train loss: 0.04642949833750725, Validation loss: 0.36870244140625, Validation accuracy: 0.9211
Adjusting learning rate of group 0 to 1.0000e-02.
Epoch: 127, Train loss: 0.046264794584512714, Validation loss: 0.38030340785980227, Validation accuracy: 0.9222
Adjusting learning rate of group 0 to 1.0000e-02.
Epoch: 128, Train loss: 0.04544880273222923, Validation loss: 0.38665613641738894, Validation accuracy: 0.9214
Adjusting learning rate of group 0 to 1.0000e-02.
Epoch: 129, Train loss: 0.04725059558033943, Validation loss: 0.3770591428756714, Validation accuracy: 0.9204
Adjusting learning rate of group 0 to 1.0000e-02.
Epoch: 130, Train loss: 0.04303268259763718, Validation loss: 0.3655358204841614, Validation accuracy: 0.9211
Adjusting learning rate of group 0 to 1.0000e-02.
Epoch: 131, Train loss: 0.046047565078139306, Validation loss: 0.38099726133346556, Validation accuracy: 0.9198
Adjusting learning rate of group 0 to 1.0000e-02.
Epoch: 132, Train loss: 0.04417387155056, Validation loss: 0.38866701412200927, Validation accuracy: 0.9201
Adjusting learning rate of group 0 to 1.0000e-02.
Epoch: 133, Train loss: 0.0440500047570467, Validation loss: 0.37218493547439574, Validation accuracy: 0.9239
Adjusting learning rate of group 0 to 1.0000e-02.
Epoch: 134, Train loss: 0.04012416234612465, Validation loss: 0.3974682430267334, Validation accuracy: 0.9198
Adjusting learning rate of group 0 to 1.0000e-02.
Epoch: 135, Train loss: 0.041166923956274984, Validation loss: 0.38805851707458494, Validation accuracy: 0.9192
Adjusting learning rate of group 0 to 1.0000e-02.
Epoch: 136, Train loss: 0.04323281160771847, Validation loss: 0.42114218616485594, Validation accuracy: 0.9137
Adjusting learning rate of group 0 to 1.0000e-02.
Epoch: 137, Train loss: 0.04157817169368267, Validation loss: 0.4428387433052063, Validation accuracy: 0.9227
Adjusting learning rate of group 0 to 1.0000e-02.
Epoch: 138, Train loss: 0.042483115064166486, Validation loss: 0.4043749146938324, Validation accuracy: 0.9182
Adjusting learning rate of group 0 to 1.0000e-02.
Epoch: 139, Train loss: 0.04270266517996788, Validation loss: 0.3362947114944458, Validation accuracy: 0.9231
Adjusting learning rate of group 0 to 1.0000e-02.
Epoch: 140, Train loss: 0.04360099749207497, Validation loss: 0.35520878562927244, Validation accuracy: 0.9214
Adjusting learning rate of group 0 to 1.0000e-02.
Epoch: 141, Train loss: 0.04126838803470135, Validation loss: 0.3701926362991333, Validation accuracy: 0.9192
Adjusting learning rate of group 0 to 1.0000e-02.
Epoch: 142, Train loss: 0.04246663217008114, Validation loss: 0.3848149778366089, Validation accuracy: 0.9221
Adjusting learning rate of group 0 to 1.0000e-02.
Epoch: 143, Train loss: 0.04175117176890373, Validation loss: 0.3917044774055481, Validation accuracy: 0.918
Adjusting learning rate of group 0 to 1.0000e-02.
Epoch: 144, Train loss: 0.04276432852119207, Validation loss: 0.3877138603687286, Validation accuracy: 0.9199
Adjusting learning rate of group 0 to 1.0000e-02.
Epoch: 145, Train loss: 0.0408253907841444, Validation loss: 0.390135297870636, Validation accuracy: 0.9172
Adjusting learning rate of group 0 to 1.0000e-02.
Epoch: 146, Train loss: 0.04243999941647053, Validation loss: 0.35408702335357667, Validation accuracy: 0.921
Adjusting learning rate of group 0 to 1.0000e-02.
Epoch: 147, Train loss: 0.03943657796114683, Validation loss: 0.4002186892032623, Validation accuracy: 0.9192
Adjusting learning rate of group 0 to 1.0000e-02.
Epoch: 148, Train loss: 0.04097971413135529, Validation loss: 0.47642552919387815, Validation accuracy: 0.9108
Adjusting learning rate of group 0 to 1.0000e-02.
Epoch: 149, Train loss: 0.04291331618994475, Validation loss: 0.3928173484802246, Validation accuracy: 0.9186
Adjusting learning rate of group 0 to 1.0000e-03.
Epoch: 150, Train loss: 0.03917809170007706, Validation loss: 0.3997485791683197, Validation accuracy: 0.9151
Adjusting learning rate of group 0 to 1.0000e-03.
Epoch: 151, Train loss: 0.028705640578567983, Validation loss: 0.39099732553958894, Validation accuracy: 0.9232
Adjusting learning rate of group 0 to 1.0000e-03.
Epoch: 152, Train loss: 0.018695158343315126, Validation loss: 0.4307648965597153, Validation accuracy: 0.9241
Adjusting learning rate of group 0 to 1.0000e-03.
Epoch: 153, Train loss: 0.015925228147879243, Validation loss: 0.44755445799827576, Validation accuracy: 0.9263
Adjusting learning rate of group 0 to 1.0000e-03.
Epoch: 154, Train loss: 0.01430253017924726, Validation loss: 0.473309211063385, Validation accuracy: 0.9249
Adjusting learning rate of group 0 to 1.0000e-03.
Epoch: 155, Train loss: 0.015077671727389098, Validation loss: 0.4635245694875717, Validation accuracy: 0.9273
Adjusting learning rate of group 0 to 1.0000e-03.
Epoch: 156, Train loss: 0.012489327988289297, Validation loss: 0.4857883646011353, Validation accuracy: 0.9283
Adjusting learning rate of group 0 to 1.0000e-03.
Epoch: 157, Train loss: 0.013354140599425883, Validation loss: 0.4788324612379074, Validation accuracy: 0.926
Adjusting learning rate of group 0 to 1.0000e-03.
Epoch: 158, Train loss: 0.011021114205643535, Validation loss: 0.4974654890537262, Validation accuracy: 0.9282
Adjusting learning rate of group 0 to 1.0000e-03.
Epoch: 159, Train loss: 0.011247476206980645, Validation loss: 0.5043576725482941, Validation accuracy: 0.9293
Adjusting learning rate of group 0 to 1.0000e-03.
Epoch: 160, Train loss: 0.00959858015142847, Validation loss: 0.5152110346317291, Validation accuracy: 0.9288
Adjusting learning rate of group 0 to 1.0000e-03.
Epoch: 161, Train loss: 0.009832981997784228, Validation loss: 0.5281774007797241, Validation accuracy: 0.9295
Adjusting learning rate of group 0 to 1.0000e-03.
Epoch: 162, Train loss: 0.009228957730326802, Validation loss: 0.5372808157205582, Validation accuracy: 0.9281
Adjusting learning rate of group 0 to 1.0000e-03.
Epoch: 163, Train loss: 0.011345066960789263, Validation loss: 0.5224506639480591, Validation accuracy: 0.9283
Adjusting learning rate of group 0 to 1.0000e-03.
Epoch: 164, Train loss: 0.009647719825375826, Validation loss: 0.5229244476795196, Validation accuracy: 0.9285
Adjusting learning rate of group 0 to 1.0000e-03.
Epoch: 165, Train loss: 0.008040681028487161, Validation loss: 0.5397999815702438, Validation accuracy: 0.9263
Adjusting learning rate of group 0 to 1.0000e-03.
Epoch: 166, Train loss: 0.010369396401215345, Validation loss: 0.5268487812519074, Validation accuracy: 0.9277
Adjusting learning rate of group 0 to 1.0000e-03.
Epoch: 167, Train loss: 0.009408708069436252, Validation loss: 0.5197484886646271, Validation accuracy: 0.9279
Adjusting learning rate of group 0 to 1.0000e-03.
Epoch: 168, Train loss: 0.008301373903024942, Validation loss: 0.5327617819786071, Validation accuracy: 0.9289
Adjusting learning rate of group 0 to 1.0000e-03.
Epoch: 169, Train loss: 0.007165854769861326, Validation loss: 0.5454108983039856, Validation accuracy: 0.929
Adjusting learning rate of group 0 to 1.0000e-03.
Epoch: 170, Train loss: 0.00770657166428864, Validation loss: 0.5506129581451416, Validation accuracy: 0.929
Adjusting learning rate of group 0 to 1.0000e-03.
Epoch: 171, Train loss: 0.007716459617158398, Validation loss: 0.5533167269706726, Validation accuracy: 0.9299
Adjusting learning rate of group 0 to 1.0000e-03.
Epoch: 172, Train loss: 0.008564011996844784, Validation loss: 0.5454880119323731, Validation accuracy: 0.929
Adjusting learning rate of group 0 to 1.0000e-03.
Epoch: 173, Train loss: 0.007102932193046436, Validation loss: 0.5523596492767334, Validation accuracy: 0.9282
Adjusting learning rate of group 0 to 1.0000e-03.
Epoch: 174, Train loss: 0.0072527831302862614, Validation loss: 0.5506340376377106, Validation accuracy: 0.9295
Adjusting learning rate of group 0 to 1.0000e-03.
Epoch: 175, Train loss: 0.006428251428138465, Validation loss: 0.5682515214920044, Validation accuracy: 0.9285
Adjusting learning rate of group 0 to 1.0000e-03.
Epoch: 176, Train loss: 0.007045240339920856, Validation loss: 0.5827908882141113, Validation accuracy: 0.9288
Adjusting learning rate of group 0 to 1.0000e-03.
Epoch: 177, Train loss: 0.007069532288694755, Validation loss: 0.5761718000411987, Validation accuracy: 0.9286
Adjusting learning rate of group 0 to 1.0000e-03.
Epoch: 178, Train loss: 0.006904793859086931, Validation loss: 0.5617188285350799, Validation accuracy: 0.9288
Adjusting learning rate of group 0 to 1.0000e-03.
Epoch: 179, Train loss: 0.0068662074990989645, Validation loss: 0.5744487159729004, Validation accuracy: 0.93
Adjusting learning rate of group 0 to 1.0000e-03.
Epoch: 180, Train loss: 0.006365109702809714, Validation loss: 0.5850849685668945, Validation accuracy: 0.9301
Adjusting learning rate of group 0 to 1.0000e-03.
Epoch: 181, Train loss: 0.006647016303380951, Validation loss: 0.5894494464874268, Validation accuracy: 0.929
Adjusting learning rate of group 0 to 1.0000e-03.
Epoch: 182, Train loss: 0.0068968681109836324, Validation loss: 0.5817682227134705, Validation accuracy: 0.9297
Adjusting learning rate of group 0 to 1.0000e-03.
Epoch: 183, Train loss: 0.007037569824075327, Validation loss: 0.5737566984176635, Validation accuracy: 0.9303
Adjusting learning rate of group 0 to 1.0000e-03.
Epoch: 184, Train loss: 0.006741485242708586, Validation loss: 0.5708482764244079, Validation accuracy: 0.931
Adjusting learning rate of group 0 to 1.0000e-03.
Epoch: 185, Train loss: 0.007198690749993548, Validation loss: 0.5668822958946228, Validation accuracy: 0.9302
Adjusting learning rate of group 0 to 1.0000e-03.
Epoch: 186, Train loss: 0.00573124644551659, Validation loss: 0.5805542177677154, Validation accuracy: 0.9295
Adjusting learning rate of group 0 to 1.0000e-03.
Epoch: 187, Train loss: 0.005225498389559798, Validation loss: 0.5794846573114395, Validation accuracy: 0.931
Adjusting learning rate of group 0 to 1.0000e-03.
Epoch: 188, Train loss: 0.005965613408983918, Validation loss: 0.5866278420925141, Validation accuracy: 0.9293
Adjusting learning rate of group 0 to 1.0000e-03.
Epoch: 189, Train loss: 0.005811468521952629, Validation loss: 0.5847905431270599, Validation accuracy: 0.9287
Adjusting learning rate of group 0 to 1.0000e-03.
Epoch: 190, Train loss: 0.0053636324537545445, Validation loss: 0.597824316740036, Validation accuracy: 0.929
Adjusting learning rate of group 0 to 1.0000e-03.
Epoch: 191, Train loss: 0.0061869683129480105, Validation loss: 0.6069743931293488, Validation accuracy: 0.9301
Adjusting learning rate of group 0 to 1.0000e-03.
Epoch: 192, Train loss: 0.005882713372998405, Validation loss: 0.5985236998558044, Validation accuracy: 0.9277
Adjusting learning rate of group 0 to 1.0000e-03.
Epoch: 193, Train loss: 0.005359841754888185, Validation loss: 0.6012455418586731, Validation accuracy: 0.9283
Adjusting learning rate of group 0 to 1.0000e-03.
Epoch: 194, Train loss: 0.005466066626738757, Validation loss: 0.6030325280189515, Validation accuracy: 0.9294
Adjusting learning rate of group 0 to 1.0000e-03.
Epoch: 195, Train loss: 0.0056698535900120625, Validation loss: 0.5949876927375793, Validation accuracy: 0.9299
Adjusting learning rate of group 0 to 1.0000e-03.
Epoch: 196, Train loss: 0.0058097500815638345, Validation loss: 0.5876339817047119, Validation accuracy: 0.9301
Adjusting learning rate of group 0 to 1.0000e-03.
Epoch: 197, Train loss: 0.005084309079120867, Validation loss: 0.5970659415245057, Validation accuracy: 0.9306
Adjusting learning rate of group 0 to 1.0000e-03.
Epoch: 198, Train loss: 0.0058482482459535825, Validation loss: 0.6055324030876159, Validation accuracy: 0.9303
Adjusting learning rate of group 0 to 1.0000e-03.
Epoch: 199, Train loss: 0.0052676185120921586, Validation loss: 0.6051746032714844, Validation accuracy: 0.9297
Accuracy: 0.9297, Parameters: 458
