['ResNet-TRL-Tensorized-Full.py', '--ranks', '[[8, 3, 3, 3, 1], [3, 8, 1, 2, 2], [3, 1, 8, 5, 4], [3, 2, 5, 8, 2], [1, 2, 4, 2, 10]]', '--seed', '2', '--device', 'cuda:3']
Initializing dataloader
Files already downloaded and verified
Files already downloaded and verified
Dataloader has initialized
Initializing model
Adjusting learning rate of group 0 to 1.0000e-02.
Model initialized
Testing model
Tests passed
Adjusting learning rate of group 0 to 2.0000e-02.
Epoch: 0, Train loss: 1.857679118423462, Validation loss: 1.4713707830429077, Validation accuracy: 0.4706
Adjusting learning rate of group 0 to 3.0000e-02.
Epoch: 1, Train loss: 1.476749160194397, Validation loss: 1.2657682149887084, Validation accuracy: 0.5445
Adjusting learning rate of group 0 to 4.0000e-02.
Epoch: 2, Train loss: 1.267403927192688, Validation loss: 1.1210677954673767, Validation accuracy: 0.6025
Adjusting learning rate of group 0 to 5.0000e-02.
Epoch: 3, Train loss: 1.073163913898468, Validation loss: 1.1839359249114991, Validation accuracy: 0.6045
Adjusting learning rate of group 0 to 6.0000e-02.
Epoch: 4, Train loss: 0.9094272779464722, Validation loss: 0.9273454029083252, Validation accuracy: 0.6929
Adjusting learning rate of group 0 to 7.0000e-02.
Epoch: 5, Train loss: 0.812989215927124, Validation loss: 0.8426766599655151, Validation accuracy: 0.7048
Adjusting learning rate of group 0 to 8.0000e-02.
Epoch: 6, Train loss: 0.7380966831588746, Validation loss: 0.7352328954696655, Validation accuracy: 0.7629
Adjusting learning rate of group 0 to 9.0000e-02.
Epoch: 7, Train loss: 0.6956677103042602, Validation loss: 0.7776095238685607, Validation accuracy: 0.7422
Adjusting learning rate of group 0 to 1.0000e-01.
Epoch: 8, Train loss: 0.6590173029518127, Validation loss: 0.9192171365737914, Validation accuracy: 0.6973
Adjusting learning rate of group 0 to 1.0000e-01.
Epoch: 9, Train loss: 0.6434683274459839, Validation loss: 0.7341084157943726, Validation accuracy: 0.7617
Adjusting learning rate of group 0 to 1.0000e-01.
Epoch: 10, Train loss: 0.592413903207779, Validation loss: 0.6248280045509338, Validation accuracy: 0.8016
Adjusting learning rate of group 0 to 1.0000e-01.
Epoch: 11, Train loss: 0.568739040107727, Validation loss: 0.6526713744163514, Validation accuracy: 0.7971
Adjusting learning rate of group 0 to 1.0000e-01.
Epoch: 12, Train loss: 0.5439283614349365, Validation loss: 0.7042813138961792, Validation accuracy: 0.7736
Adjusting learning rate of group 0 to 1.0000e-01.
Epoch: 13, Train loss: 0.5309236021232605, Validation loss: 0.6108900120735169, Validation accuracy: 0.7957
Adjusting learning rate of group 0 to 1.0000e-01.
Epoch: 14, Train loss: 0.500612553806305, Validation loss: 0.6293318661689759, Validation accuracy: 0.7883
Adjusting learning rate of group 0 to 1.0000e-01.
Epoch: 15, Train loss: 0.49079556926727297, Validation loss: 0.6948144556999206, Validation accuracy: 0.784
Adjusting learning rate of group 0 to 1.0000e-01.
Epoch: 16, Train loss: 0.4905366109466553, Validation loss: 0.5784714197158813, Validation accuracy: 0.8138
Adjusting learning rate of group 0 to 1.0000e-01.
Epoch: 17, Train loss: 0.46631069324493407, Validation loss: 0.553346138381958, Validation accuracy: 0.8233
Adjusting learning rate of group 0 to 1.0000e-01.
Epoch: 18, Train loss: 0.4580892519378662, Validation loss: 0.5622176031589508, Validation accuracy: 0.82
Adjusting learning rate of group 0 to 1.0000e-01.
Epoch: 19, Train loss: 0.4486187777900696, Validation loss: 0.6289597510814666, Validation accuracy: 0.7951
Adjusting learning rate of group 0 to 1.0000e-01.
Epoch: 20, Train loss: 0.4390100402069092, Validation loss: 0.6565626110076904, Validation accuracy: 0.8026
Adjusting learning rate of group 0 to 1.0000e-01.
Epoch: 21, Train loss: 0.4272911702537537, Validation loss: 0.5872360095977783, Validation accuracy: 0.8117
Adjusting learning rate of group 0 to 1.0000e-01.
Epoch: 22, Train loss: 0.43246987002372744, Validation loss: 0.6361496088504791, Validation accuracy: 0.8223
Adjusting learning rate of group 0 to 1.0000e-01.
Epoch: 23, Train loss: 0.4260718539619446, Validation loss: 0.5525839114189148, Validation accuracy: 0.8237
Adjusting learning rate of group 0 to 1.0000e-01.
Epoch: 24, Train loss: 0.4156452357673645, Validation loss: 0.5126197979927063, Validation accuracy: 0.8351
Adjusting learning rate of group 0 to 1.0000e-01.
Epoch: 25, Train loss: 0.40933009368896484, Validation loss: 0.6086971382141113, Validation accuracy: 0.8088
Adjusting learning rate of group 0 to 1.0000e-01.
Epoch: 26, Train loss: 0.4133282597351074, Validation loss: 0.5048339461326599, Validation accuracy: 0.8375
Adjusting learning rate of group 0 to 1.0000e-01.
Epoch: 27, Train loss: 0.4025226117515564, Validation loss: 0.556401537322998, Validation accuracy: 0.8109
Adjusting learning rate of group 0 to 1.0000e-01.
Epoch: 28, Train loss: 0.40472458526611327, Validation loss: 0.4934816734313965, Validation accuracy: 0.8429
Adjusting learning rate of group 0 to 1.0000e-01.
Epoch: 29, Train loss: 0.39384359794616697, Validation loss: 0.5177812717437744, Validation accuracy: 0.8425
Adjusting learning rate of group 0 to 1.0000e-01.
Epoch: 30, Train loss: 0.3912644566917419, Validation loss: 0.601637715625763, Validation accuracy: 0.8138
Adjusting learning rate of group 0 to 1.0000e-01.
Epoch: 31, Train loss: 0.3865093271446228, Validation loss: 0.5543444478034973, Validation accuracy: 0.8312
Adjusting learning rate of group 0 to 1.0000e-01.
Epoch: 32, Train loss: 0.38259312566757203, Validation loss: 0.5167686427593231, Validation accuracy: 0.8491
Adjusting learning rate of group 0 to 1.0000e-01.
Epoch: 33, Train loss: 0.3796109424686432, Validation loss: 0.6271989206314087, Validation accuracy: 0.819
Adjusting learning rate of group 0 to 1.0000e-01.
Epoch: 34, Train loss: 0.37160389300346375, Validation loss: 0.5315631252288818, Validation accuracy: 0.8291
Adjusting learning rate of group 0 to 1.0000e-01.
Epoch: 35, Train loss: 0.3747150353717804, Validation loss: 0.5539028308391571, Validation accuracy: 0.822
Adjusting learning rate of group 0 to 1.0000e-01.
Epoch: 36, Train loss: 0.37501513368606565, Validation loss: 0.5365253357887269, Validation accuracy: 0.8395
Adjusting learning rate of group 0 to 1.0000e-01.
Epoch: 37, Train loss: 0.3677298569202423, Validation loss: 0.4905324280500412, Validation accuracy: 0.8426
Adjusting learning rate of group 0 to 1.0000e-01.
Epoch: 38, Train loss: 0.365393760471344, Validation loss: 0.5238778497695923, Validation accuracy: 0.8399
Adjusting learning rate of group 0 to 1.0000e-01.
Epoch: 39, Train loss: 0.3713155918884277, Validation loss: 0.45039827861785886, Validation accuracy: 0.8586
Adjusting learning rate of group 0 to 1.0000e-01.
Epoch: 40, Train loss: 0.35884260993003847, Validation loss: 0.5106009594917298, Validation accuracy: 0.8381
Adjusting learning rate of group 0 to 1.0000e-01.
Epoch: 41, Train loss: 0.3621110574531555, Validation loss: 0.601976377415657, Validation accuracy: 0.8205
Adjusting learning rate of group 0 to 1.0000e-01.
Epoch: 42, Train loss: 0.35773421414375306, Validation loss: 0.49094154396057127, Validation accuracy: 0.8498
Adjusting learning rate of group 0 to 1.0000e-01.
Epoch: 43, Train loss: 0.3606607845401764, Validation loss: 0.4549787788391113, Validation accuracy: 0.8581
Adjusting learning rate of group 0 to 1.0000e-01.
Epoch: 44, Train loss: 0.35007228088378906, Validation loss: 0.579044268989563, Validation accuracy: 0.8271
Adjusting learning rate of group 0 to 1.0000e-01.
Epoch: 45, Train loss: 0.3503110407924652, Validation loss: 0.529389819908142, Validation accuracy: 0.8291
Adjusting learning rate of group 0 to 1.0000e-01.
Epoch: 46, Train loss: 0.3430646562385559, Validation loss: 0.4900883277416229, Validation accuracy: 0.8467
Adjusting learning rate of group 0 to 1.0000e-01.
Epoch: 47, Train loss: 0.34752874059677125, Validation loss: 0.4243010468482971, Validation accuracy: 0.8609
Adjusting learning rate of group 0 to 1.0000e-01.
Epoch: 48, Train loss: 0.34237994174957276, Validation loss: 0.6810345821380616, Validation accuracy: 0.8267
Adjusting learning rate of group 0 to 1.0000e-01.
Epoch: 49, Train loss: 0.35641683306694033, Validation loss: 0.6612742456436157, Validation accuracy: 0.8094
Adjusting learning rate of group 0 to 1.0000e-01.
Epoch: 50, Train loss: 0.3392541760921478, Validation loss: 0.5933614721298218, Validation accuracy: 0.8204
Adjusting learning rate of group 0 to 1.0000e-01.
Epoch: 51, Train loss: 0.33474173692703246, Validation loss: 0.47917043046951296, Validation accuracy: 0.8513
Adjusting learning rate of group 0 to 1.0000e-01.
Epoch: 52, Train loss: 0.3377562864303589, Validation loss: 0.7350959219932556, Validation accuracy: 0.7976
Adjusting learning rate of group 0 to 1.0000e-01.
Epoch: 53, Train loss: 0.3435244354057312, Validation loss: 0.6481779523849487, Validation accuracy: 0.8184
Adjusting learning rate of group 0 to 1.0000e-01.
Epoch: 54, Train loss: 0.3398222616004944, Validation loss: 0.42071099548339846, Validation accuracy: 0.8617
Adjusting learning rate of group 0 to 1.0000e-01.
Epoch: 55, Train loss: 0.3407442572975159, Validation loss: 0.7325215763092041, Validation accuracy: 0.7986
Adjusting learning rate of group 0 to 1.0000e-01.
Epoch: 56, Train loss: 0.3313765207672119, Validation loss: 0.4629038740634918, Validation accuracy: 0.8527
Adjusting learning rate of group 0 to 1.0000e-01.
Epoch: 57, Train loss: 0.34137843338012697, Validation loss: 0.4647777637481689, Validation accuracy: 0.86
Adjusting learning rate of group 0 to 1.0000e-01.
Epoch: 58, Train loss: 0.3334082800769806, Validation loss: 0.4623917541980743, Validation accuracy: 0.853
Adjusting learning rate of group 0 to 1.0000e-01.
Epoch: 59, Train loss: 0.3321839372253418, Validation loss: 0.5252176867485047, Validation accuracy: 0.8342
Adjusting learning rate of group 0 to 1.0000e-01.
Epoch: 60, Train loss: 0.3239777520370483, Validation loss: 0.5277948304176331, Validation accuracy: 0.8457
Adjusting learning rate of group 0 to 1.0000e-01.
Epoch: 61, Train loss: 0.33072796813964844, Validation loss: 0.4656595409870148, Validation accuracy: 0.8494
Adjusting learning rate of group 0 to 1.0000e-01.
Epoch: 62, Train loss: 0.32638404792785647, Validation loss: 0.6491246761322021, Validation accuracy: 0.8231
Adjusting learning rate of group 0 to 1.0000e-01.
Epoch: 63, Train loss: 0.32908689725875856, Validation loss: 0.5404204070568085, Validation accuracy: 0.83
Adjusting learning rate of group 0 to 1.0000e-01.
Epoch: 64, Train loss: 0.32892669509887695, Validation loss: 0.47092908296585084, Validation accuracy: 0.8597
Adjusting learning rate of group 0 to 1.0000e-01.
Epoch: 65, Train loss: 0.3268622632312775, Validation loss: 0.5812998039245606, Validation accuracy: 0.8094
Adjusting learning rate of group 0 to 1.0000e-01.
Epoch: 66, Train loss: 0.31939742948532107, Validation loss: 0.43993312458992007, Validation accuracy: 0.8541
Adjusting learning rate of group 0 to 1.0000e-01.
Epoch: 67, Train loss: 0.32565206734657287, Validation loss: 0.5576106135368347, Validation accuracy: 0.8417
Adjusting learning rate of group 0 to 1.0000e-01.
Epoch: 68, Train loss: 0.3285837378025055, Validation loss: 0.5097049695014954, Validation accuracy: 0.8549
Adjusting learning rate of group 0 to 1.0000e-01.
Epoch: 69, Train loss: 0.3309183943271637, Validation loss: 0.6524834407806397, Validation accuracy: 0.8246
Adjusting learning rate of group 0 to 1.0000e-01.
Epoch: 70, Train loss: 0.3198588556718826, Validation loss: 0.5469620285511017, Validation accuracy: 0.8443
Adjusting learning rate of group 0 to 1.0000e-01.
Epoch: 71, Train loss: 0.3163513472175598, Validation loss: 0.6999679508686065, Validation accuracy: 0.7856
Adjusting learning rate of group 0 to 1.0000e-01.
Epoch: 72, Train loss: 0.3188088339805603, Validation loss: 0.5243283202171326, Validation accuracy: 0.8441
Adjusting learning rate of group 0 to 1.0000e-01.
Epoch: 73, Train loss: 0.32533539279460905, Validation loss: 0.5468902607917786, Validation accuracy: 0.8428
Adjusting learning rate of group 0 to 1.0000e-01.
Epoch: 74, Train loss: 0.31813321577072146, Validation loss: 0.6818252216815949, Validation accuracy: 0.8109
Adjusting learning rate of group 0 to 1.0000e-01.
Epoch: 75, Train loss: 0.3217679547595978, Validation loss: 0.4763827929496765, Validation accuracy: 0.8461
Adjusting learning rate of group 0 to 1.0000e-01.
Epoch: 76, Train loss: 0.31237573632240295, Validation loss: 0.5471923422813415, Validation accuracy: 0.8391
Adjusting learning rate of group 0 to 1.0000e-01.
Epoch: 77, Train loss: 0.31090548667907714, Validation loss: 0.5963790731430054, Validation accuracy: 0.8214
Adjusting learning rate of group 0 to 1.0000e-01.
Epoch: 78, Train loss: 0.3181489325809479, Validation loss: 0.4425678400993347, Validation accuracy: 0.8602
Adjusting learning rate of group 0 to 1.0000e-01.
Epoch: 79, Train loss: 0.3075663665676117, Validation loss: 0.49957973613739015, Validation accuracy: 0.8493
Adjusting learning rate of group 0 to 1.0000e-01.
Epoch: 80, Train loss: 0.31714416375160215, Validation loss: 0.5919665632247925, Validation accuracy: 0.8256
Adjusting learning rate of group 0 to 1.0000e-01.
Epoch: 81, Train loss: 0.3099091500282288, Validation loss: 0.5116635705947876, Validation accuracy: 0.8347
Adjusting learning rate of group 0 to 1.0000e-01.
Epoch: 82, Train loss: 0.30550547586917876, Validation loss: 0.636775522184372, Validation accuracy: 0.8355
Adjusting learning rate of group 0 to 1.0000e-01.
Epoch: 83, Train loss: 0.30790086506843567, Validation loss: 0.5181446103096008, Validation accuracy: 0.8477
Adjusting learning rate of group 0 to 1.0000e-01.
Epoch: 84, Train loss: 0.3117904608249664, Validation loss: 0.5111982676506043, Validation accuracy: 0.8481
Adjusting learning rate of group 0 to 1.0000e-01.
Epoch: 85, Train loss: 0.30802968885421755, Validation loss: 0.4893873785972595, Validation accuracy: 0.8548
Adjusting learning rate of group 0 to 1.0000e-01.
Epoch: 86, Train loss: 0.31589743620872496, Validation loss: 0.5009615343093872, Validation accuracy: 0.8516
Adjusting learning rate of group 0 to 1.0000e-01.
Epoch: 87, Train loss: 0.3068740302991867, Validation loss: 0.5113659002780915, Validation accuracy: 0.8443
Adjusting learning rate of group 0 to 1.0000e-01.
Epoch: 88, Train loss: 0.3159815685081482, Validation loss: 0.4414046793937683, Validation accuracy: 0.8622
Adjusting learning rate of group 0 to 1.0000e-01.
Epoch: 89, Train loss: 0.3126825222969055, Validation loss: 0.5806928967475891, Validation accuracy: 0.8236
Adjusting learning rate of group 0 to 1.0000e-01.
Epoch: 90, Train loss: 0.312389447555542, Validation loss: 0.5429501802444457, Validation accuracy: 0.844
Adjusting learning rate of group 0 to 1.0000e-01.
Epoch: 91, Train loss: 0.3034755324745178, Validation loss: 0.5461461304426193, Validation accuracy: 0.834
Adjusting learning rate of group 0 to 1.0000e-01.
Epoch: 92, Train loss: 0.30065614946365354, Validation loss: 0.4456974321365356, Validation accuracy: 0.8658
Adjusting learning rate of group 0 to 1.0000e-01.
Epoch: 93, Train loss: 0.3019965452861786, Validation loss: 0.5040990121603012, Validation accuracy: 0.8372
Adjusting learning rate of group 0 to 1.0000e-01.
Epoch: 94, Train loss: 0.30610871606826784, Validation loss: 0.4847801870107651, Validation accuracy: 0.8532
Adjusting learning rate of group 0 to 1.0000e-01.
Epoch: 95, Train loss: 0.3078351869392395, Validation loss: 0.4340741406917572, Validation accuracy: 0.8609
Adjusting learning rate of group 0 to 1.0000e-01.
Epoch: 96, Train loss: 0.3044861156845093, Validation loss: 0.4893117368221283, Validation accuracy: 0.8511
Adjusting learning rate of group 0 to 1.0000e-01.
Epoch: 97, Train loss: 0.3043663737297058, Validation loss: 0.6096799998283386, Validation accuracy: 0.8266
Adjusting learning rate of group 0 to 1.0000e-01.
Epoch: 98, Train loss: 0.306526995382309, Validation loss: 0.5826258002758026, Validation accuracy: 0.8343
Adjusting learning rate of group 0 to 1.0000e-01.
Epoch: 99, Train loss: 0.3021725358390808, Validation loss: 0.4777666862010956, Validation accuracy: 0.8478
Adjusting learning rate of group 0 to 1.0000e-02.
Epoch: 100, Train loss: 0.30680027103424073, Validation loss: 0.45605540685653684, Validation accuracy: 0.8559
Adjusting learning rate of group 0 to 1.0000e-02.
Epoch: 101, Train loss: 0.17515072086572647, Validation loss: 0.27751340146064757, Validation accuracy: 0.9162
Adjusting learning rate of group 0 to 1.0000e-02.
Epoch: 102, Train loss: 0.132495525765419, Validation loss: 0.28319256358146666, Validation accuracy: 0.9159
Adjusting learning rate of group 0 to 1.0000e-02.
Epoch: 103, Train loss: 0.1178769647359848, Validation loss: 0.2867050896883011, Validation accuracy: 0.9181
Adjusting learning rate of group 0 to 1.0000e-02.
Epoch: 104, Train loss: 0.10574177082657814, Validation loss: 0.28665738394260404, Validation accuracy: 0.9218
Adjusting learning rate of group 0 to 1.0000e-02.
Epoch: 105, Train loss: 0.09853836115598678, Validation loss: 0.2846042309522629, Validation accuracy: 0.9242
Adjusting learning rate of group 0 to 1.0000e-02.
Epoch: 106, Train loss: 0.09214476633310317, Validation loss: 0.2946370046138763, Validation accuracy: 0.9246
Adjusting learning rate of group 0 to 1.0000e-02.
Epoch: 107, Train loss: 0.08696315173506737, Validation loss: 0.2945307457923889, Validation accuracy: 0.9247
Adjusting learning rate of group 0 to 1.0000e-02.
Epoch: 108, Train loss: 0.08173618721425534, Validation loss: 0.2874483686923981, Validation accuracy: 0.924
Adjusting learning rate of group 0 to 1.0000e-02.
Epoch: 109, Train loss: 0.07831421167850494, Validation loss: 0.31512840876579284, Validation accuracy: 0.9239
Adjusting learning rate of group 0 to 1.0000e-02.
Epoch: 110, Train loss: 0.0732040285229683, Validation loss: 0.3078452772140503, Validation accuracy: 0.9241
Adjusting learning rate of group 0 to 1.0000e-02.
Epoch: 111, Train loss: 0.07047345950841903, Validation loss: 0.30711075949668887, Validation accuracy: 0.9254
Adjusting learning rate of group 0 to 1.0000e-02.
Epoch: 112, Train loss: 0.06683339525938034, Validation loss: 0.33243024110794067, Validation accuracy: 0.9222
Adjusting learning rate of group 0 to 1.0000e-02.
Epoch: 113, Train loss: 0.06428460064888, Validation loss: 0.32497912373542787, Validation accuracy: 0.9234
Adjusting learning rate of group 0 to 1.0000e-02.
Epoch: 114, Train loss: 0.061566287858486175, Validation loss: 0.3326295748233795, Validation accuracy: 0.9226
Adjusting learning rate of group 0 to 1.0000e-02.
Epoch: 115, Train loss: 0.05961511667251587, Validation loss: 0.35849676842689515, Validation accuracy: 0.922
Adjusting learning rate of group 0 to 1.0000e-02.
Epoch: 116, Train loss: 0.05736334352016449, Validation loss: 0.3439011808395386, Validation accuracy: 0.9229
Adjusting learning rate of group 0 to 1.0000e-02.
Epoch: 117, Train loss: 0.053641103543639185, Validation loss: 0.3640884711265564, Validation accuracy: 0.9238
Adjusting learning rate of group 0 to 1.0000e-02.
Epoch: 118, Train loss: 0.0526563290309906, Validation loss: 0.355242812538147, Validation accuracy: 0.923
Adjusting learning rate of group 0 to 1.0000e-02.
Epoch: 119, Train loss: 0.0509284547162056, Validation loss: 0.3667929716110229, Validation accuracy: 0.9235
Adjusting learning rate of group 0 to 1.0000e-02.
Epoch: 120, Train loss: 0.04906582030951977, Validation loss: 0.37097351140975954, Validation accuracy: 0.9221
Adjusting learning rate of group 0 to 1.0000e-02.
Epoch: 121, Train loss: 0.04749060637176037, Validation loss: 0.3810285674095154, Validation accuracy: 0.9252
Adjusting learning rate of group 0 to 1.0000e-02.
Epoch: 122, Train loss: 0.04832039975881577, Validation loss: 0.3652720360279083, Validation accuracy: 0.9229
Adjusting learning rate of group 0 to 1.0000e-02.
Epoch: 123, Train loss: 0.049093748474121096, Validation loss: 0.3816220621109009, Validation accuracy: 0.9213
Adjusting learning rate of group 0 to 1.0000e-02.
Epoch: 124, Train loss: 0.044600365131795404, Validation loss: 0.38636212553977967, Validation accuracy: 0.9243
Adjusting learning rate of group 0 to 1.0000e-02.
Epoch: 125, Train loss: 0.04198383798092604, Validation loss: 0.38984429659843445, Validation accuracy: 0.924
Adjusting learning rate of group 0 to 1.0000e-02.
Epoch: 126, Train loss: 0.04326718407481909, Validation loss: 0.38607788395881654, Validation accuracy: 0.9215
Adjusting learning rate of group 0 to 1.0000e-02.
Epoch: 127, Train loss: 0.0418456205316633, Validation loss: 0.40243720474243166, Validation accuracy: 0.9246
Adjusting learning rate of group 0 to 1.0000e-02.
Epoch: 128, Train loss: 0.04191137937188148, Validation loss: 0.4094294595718384, Validation accuracy: 0.9213
Adjusting learning rate of group 0 to 1.0000e-02.
Epoch: 129, Train loss: 0.04000314798235893, Validation loss: 0.42875909309387206, Validation accuracy: 0.9157
Adjusting learning rate of group 0 to 1.0000e-02.
Epoch: 130, Train loss: 0.039520342903137204, Validation loss: 0.43276963272094726, Validation accuracy: 0.9207
Adjusting learning rate of group 0 to 1.0000e-02.
Epoch: 131, Train loss: 0.03953185811340809, Validation loss: 0.41334775104522703, Validation accuracy: 0.9213
Adjusting learning rate of group 0 to 1.0000e-02.
Epoch: 132, Train loss: 0.039802543496489526, Validation loss: 0.42397268857955933, Validation accuracy: 0.9176
Adjusting learning rate of group 0 to 1.0000e-02.
Epoch: 133, Train loss: 0.03801259257555008, Validation loss: 0.425770356464386, Validation accuracy: 0.9187
Adjusting learning rate of group 0 to 1.0000e-02.
Epoch: 134, Train loss: 0.040808021841049195, Validation loss: 0.4244773892402649, Validation accuracy: 0.9182
Adjusting learning rate of group 0 to 1.0000e-02.
Epoch: 135, Train loss: 0.03766967607319355, Validation loss: 0.4278150152206421, Validation accuracy: 0.9206
Adjusting learning rate of group 0 to 1.0000e-02.
Epoch: 136, Train loss: 0.035743839073181155, Validation loss: 0.4549038535118103, Validation accuracy: 0.9151
Adjusting learning rate of group 0 to 1.0000e-02.
Epoch: 137, Train loss: 0.03661673249781132, Validation loss: 0.4282734511375427, Validation accuracy: 0.921
Adjusting learning rate of group 0 to 1.0000e-02.
Epoch: 138, Train loss: 0.0379305723914504, Validation loss: 0.4445777059555054, Validation accuracy: 0.9161
Adjusting learning rate of group 0 to 1.0000e-02.
Epoch: 139, Train loss: 0.035985726326406, Validation loss: 0.4626173536300659, Validation accuracy: 0.9155
Adjusting learning rate of group 0 to 1.0000e-02.
Epoch: 140, Train loss: 0.03641316953837872, Validation loss: 0.4390271227836609, Validation accuracy: 0.9203
Adjusting learning rate of group 0 to 1.0000e-02.
Epoch: 141, Train loss: 0.036293415800333025, Validation loss: 0.4654824230194092, Validation accuracy: 0.9184
Adjusting learning rate of group 0 to 1.0000e-02.
Epoch: 142, Train loss: 0.03718522223114967, Validation loss: 0.42959653854370117, Validation accuracy: 0.9194
Adjusting learning rate of group 0 to 1.0000e-02.
Epoch: 143, Train loss: 0.0368967511755228, Validation loss: 0.4494264270782471, Validation accuracy: 0.9179
Adjusting learning rate of group 0 to 1.0000e-02.
Epoch: 144, Train loss: 0.038175485876202585, Validation loss: 0.44336571788787843, Validation accuracy: 0.9189
Adjusting learning rate of group 0 to 1.0000e-02.
Epoch: 145, Train loss: 0.03966431858956814, Validation loss: 0.4276230189323425, Validation accuracy: 0.9184
Adjusting learning rate of group 0 to 1.0000e-02.
Epoch: 146, Train loss: 0.03748748412668705, Validation loss: 0.4399035213470459, Validation accuracy: 0.9191
Adjusting learning rate of group 0 to 1.0000e-02.
Epoch: 147, Train loss: 0.034925439864099024, Validation loss: 0.44823083305358885, Validation accuracy: 0.92
Adjusting learning rate of group 0 to 1.0000e-02.
Epoch: 148, Train loss: 0.03917517306447029, Validation loss: 0.4439418710708618, Validation accuracy: 0.9156
Adjusting learning rate of group 0 to 1.0000e-02.
Epoch: 149, Train loss: 0.03696726470470429, Validation loss: 0.47175969982147214, Validation accuracy: 0.9135
Adjusting learning rate of group 0 to 1.0000e-03.
Epoch: 150, Train loss: 0.037439022705554964, Validation loss: 0.4586067349433899, Validation accuracy: 0.9138
Adjusting learning rate of group 0 to 1.0000e-03.
Epoch: 151, Train loss: 0.024936335552632808, Validation loss: 0.39710813245773313, Validation accuracy: 0.9264
Adjusting learning rate of group 0 to 1.0000e-03.
Epoch: 152, Train loss: 0.01902060002580285, Validation loss: 0.39154247932434083, Validation accuracy: 0.9289
Adjusting learning rate of group 0 to 1.0000e-03.
Epoch: 153, Train loss: 0.014923856772407889, Validation loss: 0.40557094841003416, Validation accuracy: 0.9297
Adjusting learning rate of group 0 to 1.0000e-03.
Epoch: 154, Train loss: 0.013826138141304255, Validation loss: 0.4052867988586426, Validation accuracy: 0.9301
Adjusting learning rate of group 0 to 1.0000e-03.
Epoch: 155, Train loss: 0.013190660253465176, Validation loss: 0.4149579650878906, Validation accuracy: 0.93
Adjusting learning rate of group 0 to 1.0000e-03.
Epoch: 156, Train loss: 0.012660961566865444, Validation loss: 0.4125937786102295, Validation accuracy: 0.9309
Adjusting learning rate of group 0 to 1.0000e-03.
Epoch: 157, Train loss: 0.011286073651984333, Validation loss: 0.42568147983551025, Validation accuracy: 0.9291
Adjusting learning rate of group 0 to 1.0000e-03.
Epoch: 158, Train loss: 0.01154096546445042, Validation loss: 0.4291242697715759, Validation accuracy: 0.9298
Adjusting learning rate of group 0 to 1.0000e-03.
Epoch: 159, Train loss: 0.01013411827068776, Validation loss: 0.4379058651447296, Validation accuracy: 0.9299
Adjusting learning rate of group 0 to 1.0000e-03.
Epoch: 160, Train loss: 0.00919646007835865, Validation loss: 0.4360609963417053, Validation accuracy: 0.9308
Adjusting learning rate of group 0 to 1.0000e-03.
Epoch: 161, Train loss: 0.009836364377960562, Validation loss: 0.44429185647964475, Validation accuracy: 0.9301
Adjusting learning rate of group 0 to 1.0000e-03.
Epoch: 162, Train loss: 0.009140994372181594, Validation loss: 0.4446741550922394, Validation accuracy: 0.9294
Adjusting learning rate of group 0 to 1.0000e-03.
Epoch: 163, Train loss: 0.008500607121884822, Validation loss: 0.44345668730735777, Validation accuracy: 0.931
Adjusting learning rate of group 0 to 1.0000e-03.
Epoch: 164, Train loss: 0.008257709331437945, Validation loss: 0.4549494121551514, Validation accuracy: 0.9301
Adjusting learning rate of group 0 to 1.0000e-03.
Epoch: 165, Train loss: 0.008479465533271432, Validation loss: 0.4550256709098816, Validation accuracy: 0.9299
Adjusting learning rate of group 0 to 1.0000e-03.
Epoch: 166, Train loss: 0.008252164041176438, Validation loss: 0.46347821588516236, Validation accuracy: 0.9308
Adjusting learning rate of group 0 to 1.0000e-03.
Epoch: 167, Train loss: 0.008298327617309987, Validation loss: 0.4672150639533997, Validation accuracy: 0.9315
Adjusting learning rate of group 0 to 1.0000e-03.
Epoch: 168, Train loss: 0.006583127140626311, Validation loss: 0.4643236283302307, Validation accuracy: 0.9305
Adjusting learning rate of group 0 to 1.0000e-03.
Epoch: 169, Train loss: 0.007157892301492393, Validation loss: 0.4671799648284912, Validation accuracy: 0.93
Adjusting learning rate of group 0 to 1.0000e-03.
Epoch: 170, Train loss: 0.007054953539520502, Validation loss: 0.47226286630630493, Validation accuracy: 0.9314
Adjusting learning rate of group 0 to 1.0000e-03.
Epoch: 171, Train loss: 0.0074595855360105635, Validation loss: 0.4793489365577698, Validation accuracy: 0.9304
Adjusting learning rate of group 0 to 1.0000e-03.
Epoch: 172, Train loss: 0.006675738621503115, Validation loss: 0.48305874061584475, Validation accuracy: 0.9307
Adjusting learning rate of group 0 to 1.0000e-03.
Epoch: 173, Train loss: 0.00644440028375946, Validation loss: 0.48287935848236085, Validation accuracy: 0.9303
Adjusting learning rate of group 0 to 1.0000e-03.
Epoch: 174, Train loss: 0.007031170994341374, Validation loss: 0.4889510884284973, Validation accuracy: 0.9306
Adjusting learning rate of group 0 to 1.0000e-03.
Epoch: 175, Train loss: 0.006826133343949914, Validation loss: 0.49226793446540834, Validation accuracy: 0.9307
Adjusting learning rate of group 0 to 1.0000e-03.
Epoch: 176, Train loss: 0.005998300267383456, Validation loss: 0.49476848258972167, Validation accuracy: 0.9306
Adjusting learning rate of group 0 to 1.0000e-03.
Epoch: 177, Train loss: 0.006029476525690407, Validation loss: 0.5038754816055298, Validation accuracy: 0.9302
Adjusting learning rate of group 0 to 1.0000e-03.
Epoch: 178, Train loss: 0.006728725496046245, Validation loss: 0.5002830273628235, Validation accuracy: 0.9296
Adjusting learning rate of group 0 to 1.0000e-03.
Epoch: 179, Train loss: 0.006131085420539603, Validation loss: 0.49377982320785524, Validation accuracy: 0.9303
Adjusting learning rate of group 0 to 1.0000e-03.
Epoch: 180, Train loss: 0.005881000094944611, Validation loss: 0.49503444709777833, Validation accuracy: 0.9302
Adjusting learning rate of group 0 to 1.0000e-03.
Epoch: 181, Train loss: 0.005291410403251648, Validation loss: 0.5001592553138733, Validation accuracy: 0.9304
Adjusting learning rate of group 0 to 1.0000e-03.
Epoch: 182, Train loss: 0.006634829006958753, Validation loss: 0.5042271441459656, Validation accuracy: 0.9296
Adjusting learning rate of group 0 to 1.0000e-03.
Epoch: 183, Train loss: 0.006110880212746561, Validation loss: 0.4996839450836182, Validation accuracy: 0.9305
Adjusting learning rate of group 0 to 1.0000e-03.
Epoch: 184, Train loss: 0.0056562739771790806, Validation loss: 0.5116671287536622, Validation accuracy: 0.9301
Adjusting learning rate of group 0 to 1.0000e-03.
Epoch: 185, Train loss: 0.005629737310614437, Validation loss: 0.5117957936286927, Validation accuracy: 0.9294
Adjusting learning rate of group 0 to 1.0000e-03.
Epoch: 186, Train loss: 0.004894249753523618, Validation loss: 0.515792582988739, Validation accuracy: 0.9299
Adjusting learning rate of group 0 to 1.0000e-03.
Epoch: 187, Train loss: 0.005699640085678547, Validation loss: 0.5144995662689209, Validation accuracy: 0.93
Adjusting learning rate of group 0 to 1.0000e-03.
Epoch: 188, Train loss: 0.004797670055571943, Validation loss: 0.5124888242721558, Validation accuracy: 0.9288
Adjusting learning rate of group 0 to 1.0000e-03.
Epoch: 189, Train loss: 0.00532852530118078, Validation loss: 0.5191938348770142, Validation accuracy: 0.9292
Adjusting learning rate of group 0 to 1.0000e-03.
Epoch: 190, Train loss: 0.005425869862777181, Validation loss: 0.5207139587402344, Validation accuracy: 0.9302
Adjusting learning rate of group 0 to 1.0000e-03.
Epoch: 191, Train loss: 0.005031962464787066, Validation loss: 0.5200590994834899, Validation accuracy: 0.9302
Adjusting learning rate of group 0 to 1.0000e-03.
Epoch: 192, Train loss: 0.004626280069174245, Validation loss: 0.5238975248813629, Validation accuracy: 0.9305
Adjusting learning rate of group 0 to 1.0000e-03.
Epoch: 193, Train loss: 0.004843055028114468, Validation loss: 0.5239721047878265, Validation accuracy: 0.9299
Adjusting learning rate of group 0 to 1.0000e-03.
Epoch: 194, Train loss: 0.0041639738342911, Validation loss: 0.527298027420044, Validation accuracy: 0.9291
Adjusting learning rate of group 0 to 1.0000e-03.
Epoch: 195, Train loss: 0.004367315347585827, Validation loss: 0.5294940009117126, Validation accuracy: 0.93
Adjusting learning rate of group 0 to 1.0000e-03.
Epoch: 196, Train loss: 0.003969735899399966, Validation loss: 0.5362467015266419, Validation accuracy: 0.929
Adjusting learning rate of group 0 to 1.0000e-03.
Epoch: 197, Train loss: 0.004683278289064765, Validation loss: 0.5366317088127136, Validation accuracy: 0.9298
Adjusting learning rate of group 0 to 1.0000e-03.
Epoch: 198, Train loss: 0.004167630179766566, Validation loss: 0.5365250599861145, Validation accuracy: 0.9287
Adjusting learning rate of group 0 to 1.0000e-03.
Epoch: 199, Train loss: 0.004011497777523473, Validation loss: 0.5391896890640259, Validation accuracy: 0.9302
Accuracy: 0.9302, Parameters: 1442
