['ResNet-TRL-Ringed.py', '--core_ranks', '4', '2', '2', '--ring_ranks', '5', '4', '9', '--seed', '6', '--device', 'cuda:3']
Initializing dataloader
Files already downloaded and verified
Files already downloaded and verified
Dataloader has initialized
Initializing model
Adjusting learning rate of group 0 to 1.0000e-02.
Model initialized
Testing model
Tests passed
Adjusting learning rate of group 0 to 2.0000e-02.
Epoch: 0, Train loss: 1.817594827194214, Validation loss: 1.4701907524108886, Validation accuracy: 0.4568
Adjusting learning rate of group 0 to 3.0000e-02.
Epoch: 1, Train loss: 1.4668840755462647, Validation loss: 1.3770208015441894, Validation accuracy: 0.5033
Adjusting learning rate of group 0 to 4.0000e-02.
Epoch: 2, Train loss: 1.24290998878479, Validation loss: 1.1416737964630126, Validation accuracy: 0.595
Adjusting learning rate of group 0 to 5.0000e-02.
Epoch: 3, Train loss: 1.060390011177063, Validation loss: 1.066387832260132, Validation accuracy: 0.6396
Adjusting learning rate of group 0 to 6.0000e-02.
Epoch: 4, Train loss: 0.9164595728874206, Validation loss: 0.8350730892181396, Validation accuracy: 0.7143
Adjusting learning rate of group 0 to 7.0000e-02.
Epoch: 5, Train loss: 0.82775705493927, Validation loss: 0.8772005837440491, Validation accuracy: 0.7177
Adjusting learning rate of group 0 to 8.0000e-02.
Epoch: 6, Train loss: 0.7510541835212707, Validation loss: 0.6887715514183045, Validation accuracy: 0.7666
Adjusting learning rate of group 0 to 9.0000e-02.
Epoch: 7, Train loss: 0.6966569714736939, Validation loss: 0.6678624673843384, Validation accuracy: 0.7682
Adjusting learning rate of group 0 to 1.0000e-01.
Epoch: 8, Train loss: 0.6650921140861511, Validation loss: 0.7195050345420837, Validation accuracy: 0.7653
Adjusting learning rate of group 0 to 1.0000e-01.
Epoch: 9, Train loss: 0.6425064436531067, Validation loss: 0.6290680697441101, Validation accuracy: 0.7952
Adjusting learning rate of group 0 to 1.0000e-01.
Epoch: 10, Train loss: 0.5944960854148865, Validation loss: 0.8553866340637207, Validation accuracy: 0.7279
Adjusting learning rate of group 0 to 1.0000e-01.
Epoch: 11, Train loss: 0.5638966907310485, Validation loss: 0.641701787185669, Validation accuracy: 0.7849
Adjusting learning rate of group 0 to 1.0000e-01.
Epoch: 12, Train loss: 0.5400474736022949, Validation loss: 0.6167009471893311, Validation accuracy: 0.7948
Adjusting learning rate of group 0 to 1.0000e-01.
Epoch: 13, Train loss: 0.5302463599014282, Validation loss: 0.6193250717163086, Validation accuracy: 0.7951
Adjusting learning rate of group 0 to 1.0000e-01.
Epoch: 14, Train loss: 0.5030025548934937, Validation loss: 1.0570721582412719, Validation accuracy: 0.7343
Adjusting learning rate of group 0 to 1.0000e-01.
Epoch: 15, Train loss: 0.4933098811912537, Validation loss: 0.7849994250297546, Validation accuracy: 0.7696
Adjusting learning rate of group 0 to 1.0000e-01.
Epoch: 16, Train loss: 0.47839433977127077, Validation loss: 0.5744057465553284, Validation accuracy: 0.8131
Adjusting learning rate of group 0 to 1.0000e-01.
Epoch: 17, Train loss: 0.47059011262893674, Validation loss: 0.822153943824768, Validation accuracy: 0.7832
Adjusting learning rate of group 0 to 1.0000e-01.
Epoch: 18, Train loss: 0.4666525807189941, Validation loss: 0.6859901533126831, Validation accuracy: 0.7758
Adjusting learning rate of group 0 to 1.0000e-01.
Epoch: 19, Train loss: 0.44337567115783694, Validation loss: 0.5373959407091141, Validation accuracy: 0.8319
Adjusting learning rate of group 0 to 1.0000e-01.
Epoch: 20, Train loss: 0.44217836665153504, Validation loss: 0.729147304534912, Validation accuracy: 0.7917
Adjusting learning rate of group 0 to 1.0000e-01.
Epoch: 21, Train loss: 0.423091628112793, Validation loss: 0.7236831068992615, Validation accuracy: 0.7841
Adjusting learning rate of group 0 to 1.0000e-01.
Epoch: 22, Train loss: 0.4247219139480591, Validation loss: 0.49941890885829926, Validation accuracy: 0.8308
Adjusting learning rate of group 0 to 1.0000e-01.
Epoch: 23, Train loss: 0.4219971613502502, Validation loss: 0.8403381737709046, Validation accuracy: 0.7818
Adjusting learning rate of group 0 to 1.0000e-01.
Epoch: 24, Train loss: 0.413445627155304, Validation loss: 0.6239383923530578, Validation accuracy: 0.7971
Adjusting learning rate of group 0 to 1.0000e-01.
Epoch: 25, Train loss: 0.4088924684333801, Validation loss: 0.6920576728820801, Validation accuracy: 0.7963
Adjusting learning rate of group 0 to 1.0000e-01.
Epoch: 26, Train loss: 0.40439027188301085, Validation loss: 0.5368187873363495, Validation accuracy: 0.8351
Adjusting learning rate of group 0 to 1.0000e-01.
Epoch: 27, Train loss: 0.39026176179885863, Validation loss: 0.5123506407737732, Validation accuracy: 0.8307
Adjusting learning rate of group 0 to 1.0000e-01.
Epoch: 28, Train loss: 0.3918059566879272, Validation loss: 0.5176557500839234, Validation accuracy: 0.8353
Adjusting learning rate of group 0 to 1.0000e-01.
Epoch: 29, Train loss: 0.38458172002792357, Validation loss: 0.6131214305877686, Validation accuracy: 0.8174
Adjusting learning rate of group 0 to 1.0000e-01.
Epoch: 30, Train loss: 0.3846139001941681, Validation loss: 0.6762823320388794, Validation accuracy: 0.7966
Adjusting learning rate of group 0 to 1.0000e-01.
Epoch: 31, Train loss: 0.3796498644065857, Validation loss: 0.6177799442768097, Validation accuracy: 0.8065
Adjusting learning rate of group 0 to 1.0000e-01.
Epoch: 32, Train loss: 0.37741439237594604, Validation loss: 0.8246829325199128, Validation accuracy: 0.7732
Adjusting learning rate of group 0 to 1.0000e-01.
Epoch: 33, Train loss: 0.37383831484794616, Validation loss: 0.4583148888587952, Validation accuracy: 0.8601
Adjusting learning rate of group 0 to 1.0000e-01.
Epoch: 34, Train loss: 0.3722443445491791, Validation loss: 0.5078647886276245, Validation accuracy: 0.8432
Adjusting learning rate of group 0 to 1.0000e-01.
Epoch: 35, Train loss: 0.3670120146751404, Validation loss: 0.5887208676338196, Validation accuracy: 0.8231
Adjusting learning rate of group 0 to 1.0000e-01.
Epoch: 36, Train loss: 0.35843767132759097, Validation loss: 0.47518023653030395, Validation accuracy: 0.8425
Adjusting learning rate of group 0 to 1.0000e-01.
Epoch: 37, Train loss: 0.35763056389808656, Validation loss: 0.4300407926559448, Validation accuracy: 0.8679
Adjusting learning rate of group 0 to 1.0000e-01.
Epoch: 38, Train loss: 0.3551346073484421, Validation loss: 0.6179456500053406, Validation accuracy: 0.8227
Adjusting learning rate of group 0 to 1.0000e-01.
Epoch: 39, Train loss: 0.3553874329853058, Validation loss: 0.46481804323196413, Validation accuracy: 0.8559
Adjusting learning rate of group 0 to 1.0000e-01.
Epoch: 40, Train loss: 0.3566413197231293, Validation loss: 0.4510195199966431, Validation accuracy: 0.8566
Adjusting learning rate of group 0 to 1.0000e-01.
Epoch: 41, Train loss: 0.3526122965431213, Validation loss: 0.5062592680931092, Validation accuracy: 0.8482
Adjusting learning rate of group 0 to 1.0000e-01.
Epoch: 42, Train loss: 0.3541653418254852, Validation loss: 0.57325141954422, Validation accuracy: 0.8202
Adjusting learning rate of group 0 to 1.0000e-01.
Epoch: 43, Train loss: 0.34132279405593874, Validation loss: 0.5477686157226562, Validation accuracy: 0.818
Adjusting learning rate of group 0 to 1.0000e-01.
Epoch: 44, Train loss: 0.34183204253196714, Validation loss: 0.5070636478424072, Validation accuracy: 0.8449
Adjusting learning rate of group 0 to 1.0000e-01.
Epoch: 45, Train loss: 0.3469962024021149, Validation loss: 0.6092425834655761, Validation accuracy: 0.816
Adjusting learning rate of group 0 to 1.0000e-01.
Epoch: 46, Train loss: 0.34494139083385467, Validation loss: 0.48238325324058534, Validation accuracy: 0.8599
Adjusting learning rate of group 0 to 1.0000e-01.
Epoch: 47, Train loss: 0.3404363922119141, Validation loss: 0.6013938381671905, Validation accuracy: 0.8235
Adjusting learning rate of group 0 to 1.0000e-01.
Epoch: 48, Train loss: 0.3398214253139496, Validation loss: 0.5760435185432434, Validation accuracy: 0.8236
Adjusting learning rate of group 0 to 1.0000e-01.
Epoch: 49, Train loss: 0.34059137362957, Validation loss: 0.4705769675731659, Validation accuracy: 0.8558
Adjusting learning rate of group 0 to 1.0000e-01.
Epoch: 50, Train loss: 0.3401319620513916, Validation loss: 0.4606006181716919, Validation accuracy: 0.8553
Adjusting learning rate of group 0 to 1.0000e-01.
Epoch: 51, Train loss: 0.3320403042793274, Validation loss: 0.5991599334716797, Validation accuracy: 0.8267
Adjusting learning rate of group 0 to 1.0000e-01.
Epoch: 52, Train loss: 0.33725183162212374, Validation loss: 0.6356953995704651, Validation accuracy: 0.8072
Adjusting learning rate of group 0 to 1.0000e-01.
Epoch: 53, Train loss: 0.32416363180160523, Validation loss: 0.5079747910499572, Validation accuracy: 0.8434
Adjusting learning rate of group 0 to 1.0000e-01.
Epoch: 54, Train loss: 0.33258754322052003, Validation loss: 0.5609020792007446, Validation accuracy: 0.8377
Adjusting learning rate of group 0 to 1.0000e-01.
Epoch: 55, Train loss: 0.3310131126689911, Validation loss: 0.49695287141799926, Validation accuracy: 0.8464
Adjusting learning rate of group 0 to 1.0000e-01.
Epoch: 56, Train loss: 0.32564848395347595, Validation loss: 0.6051757575035095, Validation accuracy: 0.8228
Adjusting learning rate of group 0 to 1.0000e-01.
Epoch: 57, Train loss: 0.3318378897953033, Validation loss: 0.5354148960590362, Validation accuracy: 0.8267
Adjusting learning rate of group 0 to 1.0000e-01.
Epoch: 58, Train loss: 0.3211443257331848, Validation loss: 0.5396439319849015, Validation accuracy: 0.844
Adjusting learning rate of group 0 to 1.0000e-01.
Epoch: 59, Train loss: 0.3299523829936981, Validation loss: 0.4399586749076843, Validation accuracy: 0.8654
Adjusting learning rate of group 0 to 1.0000e-01.
Epoch: 60, Train loss: 0.3259806477737427, Validation loss: 0.8051652126312255, Validation accuracy: 0.7816
Adjusting learning rate of group 0 to 1.0000e-01.
Epoch: 61, Train loss: 0.32595139932632444, Validation loss: 0.6195072183609008, Validation accuracy: 0.8143
Adjusting learning rate of group 0 to 1.0000e-01.
Epoch: 62, Train loss: 0.3183991230201721, Validation loss: 0.5368543069839478, Validation accuracy: 0.8238
Adjusting learning rate of group 0 to 1.0000e-01.
Epoch: 63, Train loss: 0.31803258610725404, Validation loss: 0.4949376646518707, Validation accuracy: 0.8579
Adjusting learning rate of group 0 to 1.0000e-01.
Epoch: 64, Train loss: 0.32426590737342836, Validation loss: 0.41545880422592163, Validation accuracy: 0.8699
Adjusting learning rate of group 0 to 1.0000e-01.
Epoch: 65, Train loss: 0.32338516077041624, Validation loss: 0.4771076560020447, Validation accuracy: 0.8515
Adjusting learning rate of group 0 to 1.0000e-01.
Epoch: 66, Train loss: 0.3128748717021942, Validation loss: 0.4824790925979614, Validation accuracy: 0.8564
Adjusting learning rate of group 0 to 1.0000e-01.
Epoch: 67, Train loss: 0.31971496295928953, Validation loss: 0.48557728853225707, Validation accuracy: 0.8628
Adjusting learning rate of group 0 to 1.0000e-01.
Epoch: 68, Train loss: 0.32004221597671506, Validation loss: 0.5296891344070435, Validation accuracy: 0.8382
Adjusting learning rate of group 0 to 1.0000e-01.
Epoch: 69, Train loss: 0.3147249803733826, Validation loss: 0.41849281005859373, Validation accuracy: 0.86
Adjusting learning rate of group 0 to 1.0000e-01.
Epoch: 70, Train loss: 0.3139178667640686, Validation loss: 0.5390256107330322, Validation accuracy: 0.8436
Adjusting learning rate of group 0 to 1.0000e-01.
Epoch: 71, Train loss: 0.3177858584117889, Validation loss: 0.5052935263633728, Validation accuracy: 0.8444
Adjusting learning rate of group 0 to 1.0000e-01.
Epoch: 72, Train loss: 0.3125771869468689, Validation loss: 0.5139324026107788, Validation accuracy: 0.8323
Adjusting learning rate of group 0 to 1.0000e-01.
Epoch: 73, Train loss: 0.3098741620063782, Validation loss: 0.7066762526035308, Validation accuracy: 0.7965
Adjusting learning rate of group 0 to 1.0000e-01.
Epoch: 74, Train loss: 0.31403066637039184, Validation loss: 0.6008380601882934, Validation accuracy: 0.8226
Adjusting learning rate of group 0 to 1.0000e-01.
Epoch: 75, Train loss: 0.31269508856773376, Validation loss: 0.4491576327800751, Validation accuracy: 0.8673
Adjusting learning rate of group 0 to 1.0000e-01.
Epoch: 76, Train loss: 0.3104098016834259, Validation loss: 0.6027530948162079, Validation accuracy: 0.8342
Adjusting learning rate of group 0 to 1.0000e-01.
Epoch: 77, Train loss: 0.30838717960357664, Validation loss: 0.5525714797019958, Validation accuracy: 0.845
Adjusting learning rate of group 0 to 1.0000e-01.
Epoch: 78, Train loss: 0.31909046107292177, Validation loss: 0.43241323585510255, Validation accuracy: 0.87
Adjusting learning rate of group 0 to 1.0000e-01.
Epoch: 79, Train loss: 0.305829165763855, Validation loss: 0.49235256586074827, Validation accuracy: 0.8414
Adjusting learning rate of group 0 to 1.0000e-01.
Epoch: 80, Train loss: 0.30644740255355835, Validation loss: 0.4481010603904724, Validation accuracy: 0.8515
Adjusting learning rate of group 0 to 1.0000e-01.
Epoch: 81, Train loss: 0.3087608006906509, Validation loss: 0.40532383441925046, Validation accuracy: 0.8727
Adjusting learning rate of group 0 to 1.0000e-01.
Epoch: 82, Train loss: 0.3038224267578125, Validation loss: 0.5227545084953308, Validation accuracy: 0.8514
Adjusting learning rate of group 0 to 1.0000e-01.
Epoch: 83, Train loss: 0.31326726469993593, Validation loss: 0.7562102222442627, Validation accuracy: 0.8156
Adjusting learning rate of group 0 to 1.0000e-01.
Epoch: 84, Train loss: 0.3111114629840851, Validation loss: 0.4601528003692627, Validation accuracy: 0.864
Adjusting learning rate of group 0 to 1.0000e-01.
Epoch: 85, Train loss: 0.30193775952339175, Validation loss: 0.42808417854309083, Validation accuracy: 0.8689
Adjusting learning rate of group 0 to 1.0000e-01.
Epoch: 86, Train loss: 0.30182642726898196, Validation loss: 0.6828220440387726, Validation accuracy: 0.8015
Adjusting learning rate of group 0 to 1.0000e-01.
Epoch: 87, Train loss: 0.3086930254793167, Validation loss: 0.5484140906333923, Validation accuracy: 0.8209
Adjusting learning rate of group 0 to 1.0000e-01.
Epoch: 88, Train loss: 0.3078931217670441, Validation loss: 0.6898776755332947, Validation accuracy: 0.8146
Adjusting learning rate of group 0 to 1.0000e-01.
Epoch: 89, Train loss: 0.30842589404582976, Validation loss: 0.5410431105613709, Validation accuracy: 0.8575
Adjusting learning rate of group 0 to 1.0000e-01.
Epoch: 90, Train loss: 0.3029748998641968, Validation loss: 0.4619875174045563, Validation accuracy: 0.8516
Adjusting learning rate of group 0 to 1.0000e-01.
Epoch: 91, Train loss: 0.30179402026176455, Validation loss: 0.4515737202167511, Validation accuracy: 0.8626
Adjusting learning rate of group 0 to 1.0000e-01.
Epoch: 92, Train loss: 0.3030635503768921, Validation loss: 0.601038614654541, Validation accuracy: 0.8203
Adjusting learning rate of group 0 to 1.0000e-01.
Epoch: 93, Train loss: 0.30359375379562376, Validation loss: 0.5922213231086731, Validation accuracy: 0.8164
Adjusting learning rate of group 0 to 1.0000e-01.
Epoch: 94, Train loss: 0.3008693250656128, Validation loss: 0.5183329560279846, Validation accuracy: 0.8564
Adjusting learning rate of group 0 to 1.0000e-01.
Epoch: 95, Train loss: 0.30458710003852846, Validation loss: 0.4423347967147827, Validation accuracy: 0.863
Adjusting learning rate of group 0 to 1.0000e-01.
Epoch: 96, Train loss: 0.29906222069740296, Validation loss: 0.5300329734802246, Validation accuracy: 0.8544
Adjusting learning rate of group 0 to 1.0000e-01.
Epoch: 97, Train loss: 0.2991312970638275, Validation loss: 0.5180766243934631, Validation accuracy: 0.844
Adjusting learning rate of group 0 to 1.0000e-01.
Epoch: 98, Train loss: 0.29883043241500856, Validation loss: 0.5149134094238281, Validation accuracy: 0.8451
Adjusting learning rate of group 0 to 1.0000e-01.
Epoch: 99, Train loss: 0.30146716614246366, Validation loss: 0.4584433901309967, Validation accuracy: 0.8556
Adjusting learning rate of group 0 to 1.0000e-02.
Epoch: 100, Train loss: 0.2965387584686279, Validation loss: 0.5449923446655274, Validation accuracy: 0.8363
Adjusting learning rate of group 0 to 1.0000e-02.
Epoch: 101, Train loss: 0.17089709178924561, Validation loss: 0.27418375482559204, Validation accuracy: 0.9178
Adjusting learning rate of group 0 to 1.0000e-02.
Epoch: 102, Train loss: 0.129766506357193, Validation loss: 0.28759878554344176, Validation accuracy: 0.9173
Adjusting learning rate of group 0 to 1.0000e-02.
Epoch: 103, Train loss: 0.11346507999181747, Validation loss: 0.27108016061782836, Validation accuracy: 0.9207
Adjusting learning rate of group 0 to 1.0000e-02.
Epoch: 104, Train loss: 0.10458002129077912, Validation loss: 0.27229880084991454, Validation accuracy: 0.9225
Adjusting learning rate of group 0 to 1.0000e-02.
Epoch: 105, Train loss: 0.09717515655755997, Validation loss: 0.27870192947387695, Validation accuracy: 0.9221
Adjusting learning rate of group 0 to 1.0000e-02.
Epoch: 106, Train loss: 0.0900426051580906, Validation loss: 0.27964946103096006, Validation accuracy: 0.9233
Adjusting learning rate of group 0 to 1.0000e-02.
Epoch: 107, Train loss: 0.0841997074341774, Validation loss: 0.29970913553237916, Validation accuracy: 0.9227
Adjusting learning rate of group 0 to 1.0000e-02.
Epoch: 108, Train loss: 0.08135766700267792, Validation loss: 0.2953562686920166, Validation accuracy: 0.9243
Adjusting learning rate of group 0 to 1.0000e-02.
Epoch: 109, Train loss: 0.07461652824878692, Validation loss: 0.3118624272108078, Validation accuracy: 0.9196
Adjusting learning rate of group 0 to 1.0000e-02.
Epoch: 110, Train loss: 0.07466759700536728, Validation loss: 0.3002344822883606, Validation accuracy: 0.925
Adjusting learning rate of group 0 to 1.0000e-02.
Epoch: 111, Train loss: 0.0708125873708725, Validation loss: 0.3143575089454651, Validation accuracy: 0.9232
Adjusting learning rate of group 0 to 1.0000e-02.
Epoch: 112, Train loss: 0.06310353767156601, Validation loss: 0.316229577922821, Validation accuracy: 0.9249
Adjusting learning rate of group 0 to 1.0000e-02.
Epoch: 113, Train loss: 0.06428659645199776, Validation loss: 0.3105241952419281, Validation accuracy: 0.9252
Adjusting learning rate of group 0 to 1.0000e-02.
Epoch: 114, Train loss: 0.058299359245300296, Validation loss: 0.3254531235694885, Validation accuracy: 0.928
Adjusting learning rate of group 0 to 1.0000e-02.
Epoch: 115, Train loss: 0.05878153630495071, Validation loss: 0.33939767389297487, Validation accuracy: 0.9232
Adjusting learning rate of group 0 to 1.0000e-02.
Epoch: 116, Train loss: 0.056593504647016526, Validation loss: 0.34227603502273557, Validation accuracy: 0.9241
Adjusting learning rate of group 0 to 1.0000e-02.
Epoch: 117, Train loss: 0.053856825489997866, Validation loss: 0.3625135587692261, Validation accuracy: 0.9236
Adjusting learning rate of group 0 to 1.0000e-02.
Epoch: 118, Train loss: 0.052087396592199804, Validation loss: 0.34560630159378053, Validation accuracy: 0.923
Adjusting learning rate of group 0 to 1.0000e-02.
Epoch: 119, Train loss: 0.050483262434601786, Validation loss: 0.367138405418396, Validation accuracy: 0.9227
Adjusting learning rate of group 0 to 1.0000e-02.
Epoch: 120, Train loss: 0.04887258829832077, Validation loss: 0.3762772217273712, Validation accuracy: 0.9255
Adjusting learning rate of group 0 to 1.0000e-02.
Epoch: 121, Train loss: 0.04717608345866203, Validation loss: 0.36042783193588257, Validation accuracy: 0.9238
Adjusting learning rate of group 0 to 1.0000e-02.
Epoch: 122, Train loss: 0.04407403004676103, Validation loss: 0.36869989075660703, Validation accuracy: 0.925
Adjusting learning rate of group 0 to 1.0000e-02.
Epoch: 123, Train loss: 0.04478455781757831, Validation loss: 0.3681964111328125, Validation accuracy: 0.9248
Adjusting learning rate of group 0 to 1.0000e-02.
Epoch: 124, Train loss: 0.04432107332706452, Validation loss: 0.3727251417160034, Validation accuracy: 0.9231
Adjusting learning rate of group 0 to 1.0000e-02.
Epoch: 125, Train loss: 0.042899842796623705, Validation loss: 0.3991799090385437, Validation accuracy: 0.9215
Adjusting learning rate of group 0 to 1.0000e-02.
Epoch: 126, Train loss: 0.04308656052470207, Validation loss: 0.35368716945648193, Validation accuracy: 0.9234
Adjusting learning rate of group 0 to 1.0000e-02.
Epoch: 127, Train loss: 0.042065488577485086, Validation loss: 0.39404378232955933, Validation accuracy: 0.9216
Adjusting learning rate of group 0 to 1.0000e-02.
Epoch: 128, Train loss: 0.04184489306032658, Validation loss: 0.3934471303462982, Validation accuracy: 0.9241
Adjusting learning rate of group 0 to 1.0000e-02.
Epoch: 129, Train loss: 0.0412279204916954, Validation loss: 0.38649288139343263, Validation accuracy: 0.9228
Adjusting learning rate of group 0 to 1.0000e-02.
Epoch: 130, Train loss: 0.0408322560095787, Validation loss: 0.3714645166397095, Validation accuracy: 0.9232
Adjusting learning rate of group 0 to 1.0000e-02.
Epoch: 131, Train loss: 0.03791476873189211, Validation loss: 0.40547375440597533, Validation accuracy: 0.9251
Adjusting learning rate of group 0 to 1.0000e-02.
Epoch: 132, Train loss: 0.03780338896512985, Validation loss: 0.37740480737686155, Validation accuracy: 0.9271
Adjusting learning rate of group 0 to 1.0000e-02.
Epoch: 133, Train loss: 0.037485551685988903, Validation loss: 0.39498116664886473, Validation accuracy: 0.9236
Adjusting learning rate of group 0 to 1.0000e-02.
Epoch: 134, Train loss: 0.03557280329346657, Validation loss: 0.42304402904510496, Validation accuracy: 0.9217
Adjusting learning rate of group 0 to 1.0000e-02.
Epoch: 135, Train loss: 0.039660869691073894, Validation loss: 0.4152338300228119, Validation accuracy: 0.9176
Adjusting learning rate of group 0 to 1.0000e-02.
Epoch: 136, Train loss: 0.037177516763210294, Validation loss: 0.3935170375823975, Validation accuracy: 0.9207
Adjusting learning rate of group 0 to 1.0000e-02.
Epoch: 137, Train loss: 0.03669369853675365, Validation loss: 0.43047414255142213, Validation accuracy: 0.9188
Adjusting learning rate of group 0 to 1.0000e-02.
Epoch: 138, Train loss: 0.035181552055180074, Validation loss: 0.41056482276916506, Validation accuracy: 0.9217
Adjusting learning rate of group 0 to 1.0000e-02.
Epoch: 139, Train loss: 0.03424847692191601, Validation loss: 0.4155717581510544, Validation accuracy: 0.9207
Adjusting learning rate of group 0 to 1.0000e-02.
Epoch: 140, Train loss: 0.0368638289552927, Validation loss: 0.41886905889511106, Validation accuracy: 0.9193
Adjusting learning rate of group 0 to 1.0000e-02.
Epoch: 141, Train loss: 0.03424873098909855, Validation loss: 0.4656007588863373, Validation accuracy: 0.9168
Adjusting learning rate of group 0 to 1.0000e-02.
Epoch: 142, Train loss: 0.03936573060870171, Validation loss: 0.40744777561426165, Validation accuracy: 0.9217
Adjusting learning rate of group 0 to 1.0000e-02.
Epoch: 143, Train loss: 0.03710279191374779, Validation loss: 0.4057377697467804, Validation accuracy: 0.9214
Adjusting learning rate of group 0 to 1.0000e-02.
Epoch: 144, Train loss: 0.03575385793358087, Validation loss: 0.4506767905712128, Validation accuracy: 0.917
Adjusting learning rate of group 0 to 1.0000e-02.
Epoch: 145, Train loss: 0.03749536493390799, Validation loss: 0.4141753786087036, Validation accuracy: 0.9212
Adjusting learning rate of group 0 to 1.0000e-02.
Epoch: 146, Train loss: 0.037595282963514325, Validation loss: 0.44391377658843995, Validation accuracy: 0.9182
Adjusting learning rate of group 0 to 1.0000e-02.
Epoch: 147, Train loss: 0.03673538397431374, Validation loss: 0.4097713931083679, Validation accuracy: 0.9201
Adjusting learning rate of group 0 to 1.0000e-02.
Epoch: 148, Train loss: 0.036973735272735356, Validation loss: 0.40752843198776245, Validation accuracy: 0.9216
Adjusting learning rate of group 0 to 1.0000e-02.
Epoch: 149, Train loss: 0.03240669432163239, Validation loss: 0.4198870530128479, Validation accuracy: 0.9215
Adjusting learning rate of group 0 to 1.0000e-03.
Epoch: 150, Train loss: 0.03440727100670338, Validation loss: 0.42169980258941653, Validation accuracy: 0.9187
Adjusting learning rate of group 0 to 1.0000e-03.
Epoch: 151, Train loss: 0.023734340283572675, Validation loss: 0.3793203157424927, Validation accuracy: 0.9273
Adjusting learning rate of group 0 to 1.0000e-03.
Epoch: 152, Train loss: 0.016557514034509658, Validation loss: 0.38669574756622316, Validation accuracy: 0.9286
Adjusting learning rate of group 0 to 1.0000e-03.
Epoch: 153, Train loss: 0.013382472325339914, Validation loss: 0.38679240665435793, Validation accuracy: 0.9284
Adjusting learning rate of group 0 to 1.0000e-03.
Epoch: 154, Train loss: 0.012899394721984864, Validation loss: 0.39538764295578005, Validation accuracy: 0.9289
Adjusting learning rate of group 0 to 1.0000e-03.
Epoch: 155, Train loss: 0.011387324547320605, Validation loss: 0.39743633079528806, Validation accuracy: 0.9302
Adjusting learning rate of group 0 to 1.0000e-03.
Epoch: 156, Train loss: 0.011563849807679653, Validation loss: 0.3985785093307495, Validation accuracy: 0.9328
Adjusting learning rate of group 0 to 1.0000e-03.
Epoch: 157, Train loss: 0.011115820128917694, Validation loss: 0.4013419495582581, Validation accuracy: 0.9316
Adjusting learning rate of group 0 to 1.0000e-03.
Epoch: 158, Train loss: 0.010357838550955057, Validation loss: 0.411361319065094, Validation accuracy: 0.9316
Adjusting learning rate of group 0 to 1.0000e-03.
Epoch: 159, Train loss: 0.01013075665384531, Validation loss: 0.40589504356384276, Validation accuracy: 0.9316
Adjusting learning rate of group 0 to 1.0000e-03.
Epoch: 160, Train loss: 0.009648048288300633, Validation loss: 0.4115627589225769, Validation accuracy: 0.9322
Adjusting learning rate of group 0 to 1.0000e-03.
Epoch: 161, Train loss: 0.00892357154602185, Validation loss: 0.41989749908447266, Validation accuracy: 0.9316
Adjusting learning rate of group 0 to 1.0000e-03.
Epoch: 162, Train loss: 0.008551489315032959, Validation loss: 0.421524905872345, Validation accuracy: 0.9308
Adjusting learning rate of group 0 to 1.0000e-03.
Epoch: 163, Train loss: 0.007868242871239781, Validation loss: 0.42064064626693726, Validation accuracy: 0.9324
Adjusting learning rate of group 0 to 1.0000e-03.
Epoch: 164, Train loss: 0.008241527464911342, Validation loss: 0.42726102561950685, Validation accuracy: 0.9321
Adjusting learning rate of group 0 to 1.0000e-03.
Epoch: 165, Train loss: 0.007536829262785614, Validation loss: 0.4329641392707825, Validation accuracy: 0.9326
Adjusting learning rate of group 0 to 1.0000e-03.
Epoch: 166, Train loss: 0.008232701384928078, Validation loss: 0.4334619853973389, Validation accuracy: 0.9319
Adjusting learning rate of group 0 to 1.0000e-03.
Epoch: 167, Train loss: 0.007086513112438843, Validation loss: 0.43446013259887695, Validation accuracy: 0.932
Adjusting learning rate of group 0 to 1.0000e-03.
Epoch: 168, Train loss: 0.007457981640808284, Validation loss: 0.4367716079711914, Validation accuracy: 0.9321
Adjusting learning rate of group 0 to 1.0000e-03.
Epoch: 169, Train loss: 0.00700628935707733, Validation loss: 0.4429513733863831, Validation accuracy: 0.9321
Adjusting learning rate of group 0 to 1.0000e-03.
Epoch: 170, Train loss: 0.006638645382262766, Validation loss: 0.44717395496368406, Validation accuracy: 0.9328
Adjusting learning rate of group 0 to 1.0000e-03.
Epoch: 171, Train loss: 0.0064139725372195245, Validation loss: 0.451435653591156, Validation accuracy: 0.9319
Adjusting learning rate of group 0 to 1.0000e-03.
Epoch: 172, Train loss: 0.006945030371509492, Validation loss: 0.4485599697113037, Validation accuracy: 0.9322
Adjusting learning rate of group 0 to 1.0000e-03.
Epoch: 173, Train loss: 0.0061778601814992725, Validation loss: 0.4467848671913147, Validation accuracy: 0.9329
Adjusting learning rate of group 0 to 1.0000e-03.
Epoch: 174, Train loss: 0.00579861049387604, Validation loss: 0.4482162615776062, Validation accuracy: 0.9329
Adjusting learning rate of group 0 to 1.0000e-03.
Epoch: 175, Train loss: 0.006409792418107391, Validation loss: 0.45141809606552125, Validation accuracy: 0.9324
Adjusting learning rate of group 0 to 1.0000e-03.
Epoch: 176, Train loss: 0.005722615801803768, Validation loss: 0.45618132858276367, Validation accuracy: 0.9329
Adjusting learning rate of group 0 to 1.0000e-03.
Epoch: 177, Train loss: 0.006298553477972746, Validation loss: 0.4565010039329529, Validation accuracy: 0.9323
Adjusting learning rate of group 0 to 1.0000e-03.
Epoch: 178, Train loss: 0.0060765416715666655, Validation loss: 0.4649631341934204, Validation accuracy: 0.9327
Adjusting learning rate of group 0 to 1.0000e-03.
Epoch: 179, Train loss: 0.00524377894917503, Validation loss: 0.4694646006584168, Validation accuracy: 0.932
Adjusting learning rate of group 0 to 1.0000e-03.
Epoch: 180, Train loss: 0.00587109448434785, Validation loss: 0.46407493267059324, Validation accuracy: 0.9325
Adjusting learning rate of group 0 to 1.0000e-03.
Epoch: 181, Train loss: 0.00550285103882663, Validation loss: 0.46984592933654784, Validation accuracy: 0.9336
Adjusting learning rate of group 0 to 1.0000e-03.
Epoch: 182, Train loss: 0.00506911380181089, Validation loss: 0.4694567392349243, Validation accuracy: 0.9327
Adjusting learning rate of group 0 to 1.0000e-03.
Epoch: 183, Train loss: 0.005175807194388472, Validation loss: 0.47432354106903074, Validation accuracy: 0.9343
Adjusting learning rate of group 0 to 1.0000e-03.
Epoch: 184, Train loss: 0.005180276518408209, Validation loss: 0.4712215653419495, Validation accuracy: 0.9341
Adjusting learning rate of group 0 to 1.0000e-03.
Epoch: 185, Train loss: 0.004800885186879896, Validation loss: 0.47601131143569947, Validation accuracy: 0.9321
Adjusting learning rate of group 0 to 1.0000e-03.
Epoch: 186, Train loss: 0.005052369518387131, Validation loss: 0.47601650075912477, Validation accuracy: 0.9322
Adjusting learning rate of group 0 to 1.0000e-03.
Epoch: 187, Train loss: 0.00492461826402694, Validation loss: 0.47363866081237793, Validation accuracy: 0.933
Adjusting learning rate of group 0 to 1.0000e-03.
Epoch: 188, Train loss: 0.005090250179413706, Validation loss: 0.47969355850219725, Validation accuracy: 0.9323
Adjusting learning rate of group 0 to 1.0000e-03.
Epoch: 189, Train loss: 0.004559142346540466, Validation loss: 0.4889094338417053, Validation accuracy: 0.9319
Adjusting learning rate of group 0 to 1.0000e-03.
Epoch: 190, Train loss: 0.005016332668988034, Validation loss: 0.48371855812072756, Validation accuracy: 0.9323
Adjusting learning rate of group 0 to 1.0000e-03.
Epoch: 191, Train loss: 0.004789615817153826, Validation loss: 0.49305973682403564, Validation accuracy: 0.9303
Adjusting learning rate of group 0 to 1.0000e-03.
Epoch: 192, Train loss: 0.005235384624669095, Validation loss: 0.49125171213150026, Validation accuracy: 0.9314
Adjusting learning rate of group 0 to 1.0000e-03.
Epoch: 193, Train loss: 0.004731323711164296, Validation loss: 0.4868449130058289, Validation accuracy: 0.9332
Adjusting learning rate of group 0 to 1.0000e-03.
Epoch: 194, Train loss: 0.004407593760560266, Validation loss: 0.4919092670440674, Validation accuracy: 0.9326
Adjusting learning rate of group 0 to 1.0000e-03.
Epoch: 195, Train loss: 0.004604440800212324, Validation loss: 0.4907793960571289, Validation accuracy: 0.9337
Adjusting learning rate of group 0 to 1.0000e-03.
Epoch: 196, Train loss: 0.004256244126339443, Validation loss: 0.4938013070106506, Validation accuracy: 0.9325
Adjusting learning rate of group 0 to 1.0000e-03.
Epoch: 197, Train loss: 0.004733013130566105, Validation loss: 0.49838059577941896, Validation accuracy: 0.9313
Adjusting learning rate of group 0 to 1.0000e-03.
Epoch: 198, Train loss: 0.004670445629414171, Validation loss: 0.49468704223632814, Validation accuracy: 0.9322
Adjusting learning rate of group 0 to 1.0000e-03.
Epoch: 199, Train loss: 0.004426844279542565, Validation loss: 0.4985431928634644, Validation accuracy: 0.9314
Accuracy: 0.9314, Parameters: 12586
