['ResNet-TRL-Ringed.py', '--core_ranks', '4', '3', '1', '--ring_ranks', '2', '4', '4', '--seed', '15', '--device', 'cuda:3']
Initializing dataloader
Files already downloaded and verified
Files already downloaded and verified
Dataloader has initialized
Initializing model
Adjusting learning rate of group 0 to 1.0000e-02.
Model initialized
Testing model
Tests passed
Adjusting learning rate of group 0 to 2.0000e-02.
Epoch: 0, Train loss: 1.756837005996704, Validation loss: 1.4418895488739014, Validation accuracy: 0.4662
Adjusting learning rate of group 0 to 3.0000e-02.
Epoch: 1, Train loss: 1.3997403586959838, Validation loss: 1.1509190224647523, Validation accuracy: 0.5842
Adjusting learning rate of group 0 to 4.0000e-02.
Epoch: 2, Train loss: 1.1789367811584472, Validation loss: 1.0058609525680542, Validation accuracy: 0.6413
Adjusting learning rate of group 0 to 5.0000e-02.
Epoch: 3, Train loss: 1.0160371940803528, Validation loss: 1.011923661994934, Validation accuracy: 0.6549
Adjusting learning rate of group 0 to 6.0000e-02.
Epoch: 4, Train loss: 0.9026815717315674, Validation loss: 0.9731334142684936, Validation accuracy: 0.689
Adjusting learning rate of group 0 to 7.0000e-02.
Epoch: 5, Train loss: 0.824955079612732, Validation loss: 0.7272571197509765, Validation accuracy: 0.7569
Adjusting learning rate of group 0 to 8.0000e-02.
Epoch: 6, Train loss: 0.756628825416565, Validation loss: 0.8488250755310058, Validation accuracy: 0.7313
Adjusting learning rate of group 0 to 9.0000e-02.
Epoch: 7, Train loss: 0.7078972734451294, Validation loss: 0.761943596458435, Validation accuracy: 0.756
Adjusting learning rate of group 0 to 1.0000e-01.
Epoch: 8, Train loss: 0.6748254769325256, Validation loss: 0.9122352378845214, Validation accuracy: 0.7429
Adjusting learning rate of group 0 to 1.0000e-01.
Epoch: 9, Train loss: 0.6529113207149506, Validation loss: 0.7097141303062439, Validation accuracy: 0.759
Adjusting learning rate of group 0 to 1.0000e-01.
Epoch: 10, Train loss: 0.6117654195785522, Validation loss: 0.749952410697937, Validation accuracy: 0.7779
Adjusting learning rate of group 0 to 1.0000e-01.
Epoch: 11, Train loss: 0.5765361019706726, Validation loss: 0.8704548163414001, Validation accuracy: 0.7412
Adjusting learning rate of group 0 to 1.0000e-01.
Epoch: 12, Train loss: 0.5551602006340027, Validation loss: 0.5827224943161011, Validation accuracy: 0.81
Adjusting learning rate of group 0 to 1.0000e-01.
Epoch: 13, Train loss: 0.5306256494235992, Validation loss: 0.8173896711349488, Validation accuracy: 0.7563
Adjusting learning rate of group 0 to 1.0000e-01.
Epoch: 14, Train loss: 0.516604619846344, Validation loss: 0.6434607023239136, Validation accuracy: 0.8017
Adjusting learning rate of group 0 to 1.0000e-01.
Epoch: 15, Train loss: 0.5118728266525269, Validation loss: 0.7256234239578248, Validation accuracy: 0.7869
Adjusting learning rate of group 0 to 1.0000e-01.
Epoch: 16, Train loss: 0.48554731064796447, Validation loss: 0.8977246004104614, Validation accuracy: 0.7353
Adjusting learning rate of group 0 to 1.0000e-01.
Epoch: 17, Train loss: 0.4864824152946472, Validation loss: 0.6083079286575317, Validation accuracy: 0.7917
Adjusting learning rate of group 0 to 1.0000e-01.
Epoch: 18, Train loss: 0.4622417182922363, Validation loss: 0.5612252297401428, Validation accuracy: 0.8194
Adjusting learning rate of group 0 to 1.0000e-01.
Epoch: 19, Train loss: 0.45691544523239136, Validation loss: 0.668619416809082, Validation accuracy: 0.7816
Adjusting learning rate of group 0 to 1.0000e-01.
Epoch: 20, Train loss: 0.4536240172958374, Validation loss: 0.5576035873413085, Validation accuracy: 0.8194
Adjusting learning rate of group 0 to 1.0000e-01.
Epoch: 21, Train loss: 0.438524732837677, Validation loss: 0.6690244022369385, Validation accuracy: 0.7996
Adjusting learning rate of group 0 to 1.0000e-01.
Epoch: 22, Train loss: 0.4364934499454498, Validation loss: 0.5462608642578125, Validation accuracy: 0.8166
Adjusting learning rate of group 0 to 1.0000e-01.
Epoch: 23, Train loss: 0.4383789506149292, Validation loss: 0.636675965309143, Validation accuracy: 0.8118
Adjusting learning rate of group 0 to 1.0000e-01.
Epoch: 24, Train loss: 0.42110796701431275, Validation loss: 0.5726373665332795, Validation accuracy: 0.8211
Adjusting learning rate of group 0 to 1.0000e-01.
Epoch: 25, Train loss: 0.40915854075431823, Validation loss: 0.49886053438186645, Validation accuracy: 0.8293
Adjusting learning rate of group 0 to 1.0000e-01.
Epoch: 26, Train loss: 0.4074779316139221, Validation loss: 0.5490406260490418, Validation accuracy: 0.828
Adjusting learning rate of group 0 to 1.0000e-01.
Epoch: 27, Train loss: 0.4078142843055725, Validation loss: 0.6018572139263153, Validation accuracy: 0.8027
Adjusting learning rate of group 0 to 1.0000e-01.
Epoch: 28, Train loss: 0.3999572825527191, Validation loss: 0.8380909889221192, Validation accuracy: 0.7689
Adjusting learning rate of group 0 to 1.0000e-01.
Epoch: 29, Train loss: 0.402434745388031, Validation loss: 0.8276657618522644, Validation accuracy: 0.7777
Adjusting learning rate of group 0 to 1.0000e-01.
Epoch: 30, Train loss: 0.392554398059845, Validation loss: 0.48982478098869325, Validation accuracy: 0.8471
Adjusting learning rate of group 0 to 1.0000e-01.
Epoch: 31, Train loss: 0.3944080228614807, Validation loss: 0.5856192396879196, Validation accuracy: 0.8079
Adjusting learning rate of group 0 to 1.0000e-01.
Epoch: 32, Train loss: 0.38389438386917113, Validation loss: 0.5556994614124298, Validation accuracy: 0.8155
Adjusting learning rate of group 0 to 1.0000e-01.
Epoch: 33, Train loss: 0.38477039790153506, Validation loss: 0.5078841743469238, Validation accuracy: 0.8294
Adjusting learning rate of group 0 to 1.0000e-01.
Epoch: 34, Train loss: 0.3785037819480896, Validation loss: 0.6572059277534484, Validation accuracy: 0.8049
Adjusting learning rate of group 0 to 1.0000e-01.
Epoch: 35, Train loss: 0.3809432738494873, Validation loss: 0.8478864126205444, Validation accuracy: 0.7545
Adjusting learning rate of group 0 to 1.0000e-01.
Epoch: 36, Train loss: 0.37564734364509583, Validation loss: 0.5961292623996735, Validation accuracy: 0.8337
Adjusting learning rate of group 0 to 1.0000e-01.
Epoch: 37, Train loss: 0.3692072794055939, Validation loss: 0.7558596480369568, Validation accuracy: 0.7947
Adjusting learning rate of group 0 to 1.0000e-01.
Epoch: 38, Train loss: 0.3673059537029266, Validation loss: 0.5240362043380737, Validation accuracy: 0.8318
Adjusting learning rate of group 0 to 1.0000e-01.
Epoch: 39, Train loss: 0.3694035058403015, Validation loss: 0.6652936560630799, Validation accuracy: 0.7883
Adjusting learning rate of group 0 to 1.0000e-01.
Epoch: 40, Train loss: 0.3589018435382843, Validation loss: 0.5290345356941223, Validation accuracy: 0.8254
Adjusting learning rate of group 0 to 1.0000e-01.
Epoch: 41, Train loss: 0.36730120527267457, Validation loss: 0.48142036361694335, Validation accuracy: 0.8436
Adjusting learning rate of group 0 to 1.0000e-01.
Epoch: 42, Train loss: 0.35642421083450315, Validation loss: 0.5954237508296967, Validation accuracy: 0.8181
Adjusting learning rate of group 0 to 1.0000e-01.
Epoch: 43, Train loss: 0.35611187205314637, Validation loss: 0.7674979320526123, Validation accuracy: 0.8081
Adjusting learning rate of group 0 to 1.0000e-01.
Epoch: 44, Train loss: 0.3567509460258484, Validation loss: 0.5251365918159485, Validation accuracy: 0.8319
Adjusting learning rate of group 0 to 1.0000e-01.
Epoch: 45, Train loss: 0.3639094769477844, Validation loss: 0.5825204001426697, Validation accuracy: 0.831
Adjusting learning rate of group 0 to 1.0000e-01.
Epoch: 46, Train loss: 0.35677489164352416, Validation loss: 0.581669233751297, Validation accuracy: 0.8184
Adjusting learning rate of group 0 to 1.0000e-01.
Epoch: 47, Train loss: 0.3535601528263092, Validation loss: 0.513855516242981, Validation accuracy: 0.8312
Adjusting learning rate of group 0 to 1.0000e-01.
Epoch: 48, Train loss: 0.35809757662773134, Validation loss: 0.4525118221282959, Validation accuracy: 0.8559
Adjusting learning rate of group 0 to 1.0000e-01.
Epoch: 49, Train loss: 0.34816577325820924, Validation loss: 0.569602866077423, Validation accuracy: 0.8272
Adjusting learning rate of group 0 to 1.0000e-01.
Epoch: 50, Train loss: 0.34104224592208865, Validation loss: 0.534782242012024, Validation accuracy: 0.846
Adjusting learning rate of group 0 to 1.0000e-01.
Epoch: 51, Train loss: 0.3427012593173981, Validation loss: 0.4890899333000183, Validation accuracy: 0.8526
Adjusting learning rate of group 0 to 1.0000e-01.
Epoch: 52, Train loss: 0.3494456944847107, Validation loss: 0.5106623752593994, Validation accuracy: 0.8465
Adjusting learning rate of group 0 to 1.0000e-01.
Epoch: 53, Train loss: 0.3458898862171173, Validation loss: 0.554903189086914, Validation accuracy: 0.8427
Adjusting learning rate of group 0 to 1.0000e-01.
Epoch: 54, Train loss: 0.34620658596992493, Validation loss: 0.43007629046440127, Validation accuracy: 0.8686
Adjusting learning rate of group 0 to 1.0000e-01.
Epoch: 55, Train loss: 0.342653956451416, Validation loss: 0.39661427621841433, Validation accuracy: 0.8764
Adjusting learning rate of group 0 to 1.0000e-01.
Epoch: 56, Train loss: 0.3343231989955902, Validation loss: 0.5788089487075806, Validation accuracy: 0.8135
Adjusting learning rate of group 0 to 1.0000e-01.
Epoch: 57, Train loss: 0.33922180893898013, Validation loss: 0.5338523197174072, Validation accuracy: 0.8401
Adjusting learning rate of group 0 to 1.0000e-01.
Epoch: 58, Train loss: 0.3371721840286255, Validation loss: 0.7717344126701355, Validation accuracy: 0.7969
Adjusting learning rate of group 0 to 1.0000e-01.
Epoch: 59, Train loss: 0.33468296475410464, Validation loss: 0.4922737290620804, Validation accuracy: 0.8455
Adjusting learning rate of group 0 to 1.0000e-01.
Epoch: 60, Train loss: 0.34318803582191465, Validation loss: 0.5454290424823761, Validation accuracy: 0.8323
Adjusting learning rate of group 0 to 1.0000e-01.
Epoch: 61, Train loss: 0.3387190853309631, Validation loss: 0.42677459063529966, Validation accuracy: 0.8623
Adjusting learning rate of group 0 to 1.0000e-01.
Epoch: 62, Train loss: 0.33345692276000977, Validation loss: 0.4783883419036865, Validation accuracy: 0.8415
Adjusting learning rate of group 0 to 1.0000e-01.
Epoch: 63, Train loss: 0.33689057990074156, Validation loss: 0.46541386489868164, Validation accuracy: 0.8565
Adjusting learning rate of group 0 to 1.0000e-01.
Epoch: 64, Train loss: 0.33180349789619445, Validation loss: 0.5592001064300537, Validation accuracy: 0.822
Adjusting learning rate of group 0 to 1.0000e-01.
Epoch: 65, Train loss: 0.33111020520210266, Validation loss: 0.627254163646698, Validation accuracy: 0.8012
Adjusting learning rate of group 0 to 1.0000e-01.
Epoch: 66, Train loss: 0.3248370573997498, Validation loss: 0.6265138065338135, Validation accuracy: 0.8181
Adjusting learning rate of group 0 to 1.0000e-01.
Epoch: 67, Train loss: 0.3221647420835495, Validation loss: 0.6256763781547546, Validation accuracy: 0.8263
Adjusting learning rate of group 0 to 1.0000e-01.
Epoch: 68, Train loss: 0.32533346877098085, Validation loss: 0.4242046276092529, Validation accuracy: 0.864
Adjusting learning rate of group 0 to 1.0000e-01.
Epoch: 69, Train loss: 0.3277894085216522, Validation loss: 0.522726990699768, Validation accuracy: 0.8499
Adjusting learning rate of group 0 to 1.0000e-01.
Epoch: 70, Train loss: 0.33349703567504885, Validation loss: 0.5426544717788696, Validation accuracy: 0.8391
Adjusting learning rate of group 0 to 1.0000e-01.
Epoch: 71, Train loss: 0.3315246595191956, Validation loss: 0.4649984272956848, Validation accuracy: 0.8509
Adjusting learning rate of group 0 to 1.0000e-01.
Epoch: 72, Train loss: 0.3217679789161682, Validation loss: 0.47414350385665893, Validation accuracy: 0.8452
Adjusting learning rate of group 0 to 1.0000e-01.
Epoch: 73, Train loss: 0.3242912365245819, Validation loss: 0.5078825229167938, Validation accuracy: 0.8302
Adjusting learning rate of group 0 to 1.0000e-01.
Epoch: 74, Train loss: 0.32383234617233275, Validation loss: 0.47278622183799746, Validation accuracy: 0.8517
Adjusting learning rate of group 0 to 1.0000e-01.
Epoch: 75, Train loss: 0.3172866758918762, Validation loss: 0.4584599956512451, Validation accuracy: 0.856
Adjusting learning rate of group 0 to 1.0000e-01.
Epoch: 76, Train loss: 0.32187798276901247, Validation loss: 0.40200168981552126, Validation accuracy: 0.8689
Adjusting learning rate of group 0 to 1.0000e-01.
Epoch: 77, Train loss: 0.32209105657577514, Validation loss: 0.5283399753570557, Validation accuracy: 0.8457
Adjusting learning rate of group 0 to 1.0000e-01.
Epoch: 78, Train loss: 0.3187033207511902, Validation loss: 0.4684963569164276, Validation accuracy: 0.8511
Adjusting learning rate of group 0 to 1.0000e-01.
Epoch: 79, Train loss: 0.3223723372077942, Validation loss: 0.6220323197364808, Validation accuracy: 0.8087
Adjusting learning rate of group 0 to 1.0000e-01.
Epoch: 80, Train loss: 0.3237696439361572, Validation loss: 0.46784731101989746, Validation accuracy: 0.8561
Adjusting learning rate of group 0 to 1.0000e-01.
Epoch: 81, Train loss: 0.32105707820415497, Validation loss: 0.46024424166679384, Validation accuracy: 0.8596
Adjusting learning rate of group 0 to 1.0000e-01.
Epoch: 82, Train loss: 0.31754399625778196, Validation loss: 0.39695221314430235, Validation accuracy: 0.8761
Adjusting learning rate of group 0 to 1.0000e-01.
Epoch: 83, Train loss: 0.318542827129364, Validation loss: 0.495499654006958, Validation accuracy: 0.8452
Adjusting learning rate of group 0 to 1.0000e-01.
Epoch: 84, Train loss: 0.31367853989601135, Validation loss: 0.5760854353904724, Validation accuracy: 0.8406
Adjusting learning rate of group 0 to 1.0000e-01.
Epoch: 85, Train loss: 0.31313335186958313, Validation loss: 0.6274453802108765, Validation accuracy: 0.8167
Adjusting learning rate of group 0 to 1.0000e-01.
Epoch: 86, Train loss: 0.3160065399837494, Validation loss: 0.5540570364952088, Validation accuracy: 0.8388
Adjusting learning rate of group 0 to 1.0000e-01.
Epoch: 87, Train loss: 0.3236345347070694, Validation loss: 0.6367456987380982, Validation accuracy: 0.8369
Adjusting learning rate of group 0 to 1.0000e-01.
Epoch: 88, Train loss: 0.3187506859588623, Validation loss: 0.5136127329826355, Validation accuracy: 0.848
Adjusting learning rate of group 0 to 1.0000e-01.
Epoch: 89, Train loss: 0.31531444226264954, Validation loss: 0.6191223274230957, Validation accuracy: 0.8182
Adjusting learning rate of group 0 to 1.0000e-01.
Epoch: 90, Train loss: 0.3145048152732849, Validation loss: 0.40069598746299745, Validation accuracy: 0.8739
Adjusting learning rate of group 0 to 1.0000e-01.
Epoch: 91, Train loss: 0.31021040299415586, Validation loss: 0.5523259200572967, Validation accuracy: 0.843
Adjusting learning rate of group 0 to 1.0000e-01.
Epoch: 92, Train loss: 0.3156174769306183, Validation loss: 0.6886805392742157, Validation accuracy: 0.8102
Adjusting learning rate of group 0 to 1.0000e-01.
Epoch: 93, Train loss: 0.3130783660697937, Validation loss: 0.43508771238327026, Validation accuracy: 0.8633
Adjusting learning rate of group 0 to 1.0000e-01.
Epoch: 94, Train loss: 0.31628898008346557, Validation loss: 0.471681227016449, Validation accuracy: 0.8461
Adjusting learning rate of group 0 to 1.0000e-01.
Epoch: 95, Train loss: 0.3076961721372604, Validation loss: 0.4276458579063416, Validation accuracy: 0.8626
Adjusting learning rate of group 0 to 1.0000e-01.
Epoch: 96, Train loss: 0.31500524174213407, Validation loss: 0.5384334591865539, Validation accuracy: 0.8311
Adjusting learning rate of group 0 to 1.0000e-01.
Epoch: 97, Train loss: 0.3136404090309143, Validation loss: 0.4223515590190887, Validation accuracy: 0.8608
Adjusting learning rate of group 0 to 1.0000e-01.
Epoch: 98, Train loss: 0.3066092505073547, Validation loss: 0.5439850608825684, Validation accuracy: 0.8371
Adjusting learning rate of group 0 to 1.0000e-01.
Epoch: 99, Train loss: 0.3123037768650055, Validation loss: 0.44205933933258057, Validation accuracy: 0.8559
Adjusting learning rate of group 0 to 1.0000e-02.
Epoch: 100, Train loss: 0.30725914026260376, Validation loss: 0.4440951467037201, Validation accuracy: 0.854
Adjusting learning rate of group 0 to 1.0000e-02.
Epoch: 101, Train loss: 0.1772489376449585, Validation loss: 0.2712715719223022, Validation accuracy: 0.9169
Adjusting learning rate of group 0 to 1.0000e-02.
Epoch: 102, Train loss: 0.13781747089385987, Validation loss: 0.26132929310798647, Validation accuracy: 0.9197
Adjusting learning rate of group 0 to 1.0000e-02.
Epoch: 103, Train loss: 0.12223727073192596, Validation loss: 0.26934538066387176, Validation accuracy: 0.9204
Adjusting learning rate of group 0 to 1.0000e-02.
Epoch: 104, Train loss: 0.1111353631734848, Validation loss: 0.25770172472000125, Validation accuracy: 0.9248
Adjusting learning rate of group 0 to 1.0000e-02.
Epoch: 105, Train loss: 0.10168441145896912, Validation loss: 0.2691489175319672, Validation accuracy: 0.9212
Adjusting learning rate of group 0 to 1.0000e-02.
Epoch: 106, Train loss: 0.09662663776218891, Validation loss: 0.26318326635360717, Validation accuracy: 0.9228
Adjusting learning rate of group 0 to 1.0000e-02.
Epoch: 107, Train loss: 0.09084212779641151, Validation loss: 0.27176238527297975, Validation accuracy: 0.9239
Adjusting learning rate of group 0 to 1.0000e-02.
Epoch: 108, Train loss: 0.0873155349445343, Validation loss: 0.2754726814746857, Validation accuracy: 0.9233
Adjusting learning rate of group 0 to 1.0000e-02.
Epoch: 109, Train loss: 0.08105878220558166, Validation loss: 0.28445349855422974, Validation accuracy: 0.9237
Adjusting learning rate of group 0 to 1.0000e-02.
Epoch: 110, Train loss: 0.07747364727854729, Validation loss: 0.2732033922672272, Validation accuracy: 0.9244
Adjusting learning rate of group 0 to 1.0000e-02.
Epoch: 111, Train loss: 0.07193380655050277, Validation loss: 0.3008859301567078, Validation accuracy: 0.9238
Adjusting learning rate of group 0 to 1.0000e-02.
Epoch: 112, Train loss: 0.07338762620449066, Validation loss: 0.29674988098144534, Validation accuracy: 0.9239
Adjusting learning rate of group 0 to 1.0000e-02.
Epoch: 113, Train loss: 0.06704601406931877, Validation loss: 0.3158715089797974, Validation accuracy: 0.9214
Adjusting learning rate of group 0 to 1.0000e-02.
Epoch: 114, Train loss: 0.06346880602836609, Validation loss: 0.3080597011566162, Validation accuracy: 0.9241
Adjusting learning rate of group 0 to 1.0000e-02.
Epoch: 115, Train loss: 0.06413599930286408, Validation loss: 0.31213903155326844, Validation accuracy: 0.9237
Adjusting learning rate of group 0 to 1.0000e-02.
Epoch: 116, Train loss: 0.058889852056503295, Validation loss: 0.3121934488773346, Validation accuracy: 0.9255
Adjusting learning rate of group 0 to 1.0000e-02.
Epoch: 117, Train loss: 0.05721187624037266, Validation loss: 0.3183103421330452, Validation accuracy: 0.9243
Adjusting learning rate of group 0 to 1.0000e-02.
Epoch: 118, Train loss: 0.05732568114757538, Validation loss: 0.33488037438392637, Validation accuracy: 0.9235
Adjusting learning rate of group 0 to 1.0000e-02.
Epoch: 119, Train loss: 0.05610003222942352, Validation loss: 0.3277958168506622, Validation accuracy: 0.9254
Adjusting learning rate of group 0 to 1.0000e-02.
Epoch: 120, Train loss: 0.05294872637927532, Validation loss: 0.34398561539649963, Validation accuracy: 0.9207
Adjusting learning rate of group 0 to 1.0000e-02.
Epoch: 121, Train loss: 0.05147169172167778, Validation loss: 0.3524822205543518, Validation accuracy: 0.9206
Adjusting learning rate of group 0 to 1.0000e-02.
Epoch: 122, Train loss: 0.0499924283182621, Validation loss: 0.3455779716491699, Validation accuracy: 0.9248
Adjusting learning rate of group 0 to 1.0000e-02.
Epoch: 123, Train loss: 0.04737687917947769, Validation loss: 0.3709399189949036, Validation accuracy: 0.9222
Adjusting learning rate of group 0 to 1.0000e-02.
Epoch: 124, Train loss: 0.04692686497449875, Validation loss: 0.3561345345020294, Validation accuracy: 0.9234
Adjusting learning rate of group 0 to 1.0000e-02.
Epoch: 125, Train loss: 0.0476751350826025, Validation loss: 0.363431841468811, Validation accuracy: 0.9193
Adjusting learning rate of group 0 to 1.0000e-02.
Epoch: 126, Train loss: 0.04585893847107887, Validation loss: 0.3911756649971008, Validation accuracy: 0.917
Adjusting learning rate of group 0 to 1.0000e-02.
Epoch: 127, Train loss: 0.04522951664984226, Validation loss: 0.3466688405036926, Validation accuracy: 0.9224
Adjusting learning rate of group 0 to 1.0000e-02.
Epoch: 128, Train loss: 0.04564309799969196, Validation loss: 0.35807385606765746, Validation accuracy: 0.9249
Adjusting learning rate of group 0 to 1.0000e-02.
Epoch: 129, Train loss: 0.04246460457384586, Validation loss: 0.36890997400283815, Validation accuracy: 0.9238
Adjusting learning rate of group 0 to 1.0000e-02.
Epoch: 130, Train loss: 0.040393652230501176, Validation loss: 0.36388027765750885, Validation accuracy: 0.9248
Adjusting learning rate of group 0 to 1.0000e-02.
Epoch: 131, Train loss: 0.04097696572035551, Validation loss: 0.38289041495323184, Validation accuracy: 0.9203
Adjusting learning rate of group 0 to 1.0000e-02.
Epoch: 132, Train loss: 0.04290479198396206, Validation loss: 0.37618026728630066, Validation accuracy: 0.9204
Adjusting learning rate of group 0 to 1.0000e-02.
Epoch: 133, Train loss: 0.04327910095214844, Validation loss: 0.38974120683670044, Validation accuracy: 0.9181
Adjusting learning rate of group 0 to 1.0000e-02.
Epoch: 134, Train loss: 0.042047451633810996, Validation loss: 0.377209018945694, Validation accuracy: 0.9206
Adjusting learning rate of group 0 to 1.0000e-02.
Epoch: 135, Train loss: 0.037042653627097605, Validation loss: 0.3860009378194809, Validation accuracy: 0.921
Adjusting learning rate of group 0 to 1.0000e-02.
Epoch: 136, Train loss: 0.04142931990206242, Validation loss: 0.3864425148844719, Validation accuracy: 0.9195
Adjusting learning rate of group 0 to 1.0000e-02.
Epoch: 137, Train loss: 0.039904488042593, Validation loss: 0.3893091808080673, Validation accuracy: 0.9204
Adjusting learning rate of group 0 to 1.0000e-02.
Epoch: 138, Train loss: 0.03937087287724018, Validation loss: 0.3849560079097748, Validation accuracy: 0.9237
Adjusting learning rate of group 0 to 1.0000e-02.
Epoch: 139, Train loss: 0.039779233328700064, Validation loss: 0.40084073514938356, Validation accuracy: 0.9204
Adjusting learning rate of group 0 to 1.0000e-02.
Epoch: 140, Train loss: 0.04090816615998745, Validation loss: 0.41286871240139006, Validation accuracy: 0.9175
Adjusting learning rate of group 0 to 1.0000e-02.
Epoch: 141, Train loss: 0.03926798349440098, Validation loss: 0.3897563259124756, Validation accuracy: 0.9209
Adjusting learning rate of group 0 to 1.0000e-02.
Epoch: 142, Train loss: 0.03810232328638435, Validation loss: 0.3987087376117706, Validation accuracy: 0.9215
Adjusting learning rate of group 0 to 1.0000e-02.
Epoch: 143, Train loss: 0.03895449843704701, Validation loss: 0.3771635579109192, Validation accuracy: 0.9213
Adjusting learning rate of group 0 to 1.0000e-02.
Epoch: 144, Train loss: 0.03929259469285607, Validation loss: 0.4269921386241913, Validation accuracy: 0.9158
Adjusting learning rate of group 0 to 1.0000e-02.
Epoch: 145, Train loss: 0.03882250764787197, Validation loss: 0.3980285720586777, Validation accuracy: 0.9227
Adjusting learning rate of group 0 to 1.0000e-02.
Epoch: 146, Train loss: 0.04169159550666809, Validation loss: 0.38392204704284666, Validation accuracy: 0.9207
Adjusting learning rate of group 0 to 1.0000e-02.
Epoch: 147, Train loss: 0.03800399433046579, Validation loss: 0.40451417455673216, Validation accuracy: 0.9165
Adjusting learning rate of group 0 to 1.0000e-02.
Epoch: 148, Train loss: 0.03628527290225029, Validation loss: 0.4076880708694458, Validation accuracy: 0.9173
Adjusting learning rate of group 0 to 1.0000e-02.
Epoch: 149, Train loss: 0.03978099605292082, Validation loss: 0.38955882353782656, Validation accuracy: 0.9213
Adjusting learning rate of group 0 to 1.0000e-03.
Epoch: 150, Train loss: 0.03803092275619507, Validation loss: 0.40690989042520526, Validation accuracy: 0.9205
Adjusting learning rate of group 0 to 1.0000e-03.
Epoch: 151, Train loss: 0.025695835478305815, Validation loss: 0.3634567584991455, Validation accuracy: 0.9252
Adjusting learning rate of group 0 to 1.0000e-03.
Epoch: 152, Train loss: 0.017665947875976563, Validation loss: 0.3705832350730896, Validation accuracy: 0.9267
Adjusting learning rate of group 0 to 1.0000e-03.
Epoch: 153, Train loss: 0.016045959566831587, Validation loss: 0.3726020606517792, Validation accuracy: 0.9286
Adjusting learning rate of group 0 to 1.0000e-03.
Epoch: 154, Train loss: 0.014914080745130778, Validation loss: 0.3807273323535919, Validation accuracy: 0.9278
Adjusting learning rate of group 0 to 1.0000e-03.
Epoch: 155, Train loss: 0.013423428210541606, Validation loss: 0.3844986094713211, Validation accuracy: 0.9299
Adjusting learning rate of group 0 to 1.0000e-03.
Epoch: 156, Train loss: 0.012790295215398073, Validation loss: 0.39128391098976134, Validation accuracy: 0.9289
Adjusting learning rate of group 0 to 1.0000e-03.
Epoch: 157, Train loss: 0.01099146752372384, Validation loss: 0.39360507032871245, Validation accuracy: 0.9293
Adjusting learning rate of group 0 to 1.0000e-03.
Epoch: 158, Train loss: 0.011470800891332329, Validation loss: 0.40027757229804994, Validation accuracy: 0.9282
Adjusting learning rate of group 0 to 1.0000e-03.
Epoch: 159, Train loss: 0.011128275350481272, Validation loss: 0.399341929769516, Validation accuracy: 0.9291
Adjusting learning rate of group 0 to 1.0000e-03.
Epoch: 160, Train loss: 0.010099397347345948, Validation loss: 0.4113955400943756, Validation accuracy: 0.9282
Adjusting learning rate of group 0 to 1.0000e-03.
Epoch: 161, Train loss: 0.010483825104944408, Validation loss: 0.40942258555889127, Validation accuracy: 0.9301
Adjusting learning rate of group 0 to 1.0000e-03.
Epoch: 162, Train loss: 0.00906472357392311, Validation loss: 0.41267987957000735, Validation accuracy: 0.9305
Adjusting learning rate of group 0 to 1.0000e-03.
Epoch: 163, Train loss: 0.009734991194494069, Validation loss: 0.419876526927948, Validation accuracy: 0.9293
Adjusting learning rate of group 0 to 1.0000e-03.
Epoch: 164, Train loss: 0.008641534318476916, Validation loss: 0.4189376103401184, Validation accuracy: 0.9301
Adjusting learning rate of group 0 to 1.0000e-03.
Epoch: 165, Train loss: 0.008446181091815233, Validation loss: 0.42289907760620116, Validation accuracy: 0.9304
Adjusting learning rate of group 0 to 1.0000e-03.
Epoch: 166, Train loss: 0.008408370728939771, Validation loss: 0.42140261034965515, Validation accuracy: 0.9308
Adjusting learning rate of group 0 to 1.0000e-03.
Epoch: 167, Train loss: 0.008208193007223308, Validation loss: 0.4281356096029282, Validation accuracy: 0.9295
Adjusting learning rate of group 0 to 1.0000e-03.
Epoch: 168, Train loss: 0.008731257243831642, Validation loss: 0.43392014293670655, Validation accuracy: 0.9296
Adjusting learning rate of group 0 to 1.0000e-03.
Epoch: 169, Train loss: 0.008471681082621217, Validation loss: 0.43362096176147463, Validation accuracy: 0.9289
Adjusting learning rate of group 0 to 1.0000e-03.
Epoch: 170, Train loss: 0.007468959377966821, Validation loss: 0.43349263186454773, Validation accuracy: 0.9301
Adjusting learning rate of group 0 to 1.0000e-03.
Epoch: 171, Train loss: 0.007761647268384695, Validation loss: 0.43678201496601105, Validation accuracy: 0.9298
Adjusting learning rate of group 0 to 1.0000e-03.
Epoch: 172, Train loss: 0.007464923869725317, Validation loss: 0.4396489891052246, Validation accuracy: 0.9294
Adjusting learning rate of group 0 to 1.0000e-03.
Epoch: 173, Train loss: 0.007620276227202266, Validation loss: 0.4455445426464081, Validation accuracy: 0.9296
Adjusting learning rate of group 0 to 1.0000e-03.
Epoch: 174, Train loss: 0.007085740818753838, Validation loss: 0.44334971780776977, Validation accuracy: 0.9304
Adjusting learning rate of group 0 to 1.0000e-03.
Epoch: 175, Train loss: 0.006979878367427737, Validation loss: 0.4463384723186493, Validation accuracy: 0.9301
Adjusting learning rate of group 0 to 1.0000e-03.
Epoch: 176, Train loss: 0.006958018519580364, Validation loss: 0.4498589322090149, Validation accuracy: 0.929
Adjusting learning rate of group 0 to 1.0000e-03.
Epoch: 177, Train loss: 0.006813079417962581, Validation loss: 0.45896748847961427, Validation accuracy: 0.9295
Adjusting learning rate of group 0 to 1.0000e-03.
Epoch: 178, Train loss: 0.006997794520091265, Validation loss: 0.45357196650505066, Validation accuracy: 0.9287
Adjusting learning rate of group 0 to 1.0000e-03.
Epoch: 179, Train loss: 0.006669594533890486, Validation loss: 0.4567623275756836, Validation accuracy: 0.9298
Adjusting learning rate of group 0 to 1.0000e-03.
Epoch: 180, Train loss: 0.005929627251103521, Validation loss: 0.4585737523078918, Validation accuracy: 0.9303
Adjusting learning rate of group 0 to 1.0000e-03.
Epoch: 181, Train loss: 0.005720086241662503, Validation loss: 0.4588322719812393, Validation accuracy: 0.9292
Adjusting learning rate of group 0 to 1.0000e-03.
Epoch: 182, Train loss: 0.006367614425625652, Validation loss: 0.4603577883720398, Validation accuracy: 0.9304
Adjusting learning rate of group 0 to 1.0000e-03.
Epoch: 183, Train loss: 0.005655964167509228, Validation loss: 0.4651667100906372, Validation accuracy: 0.9302
Adjusting learning rate of group 0 to 1.0000e-03.
Epoch: 184, Train loss: 0.0058983577206730845, Validation loss: 0.4647318371772766, Validation accuracy: 0.9289
Adjusting learning rate of group 0 to 1.0000e-03.
Epoch: 185, Train loss: 0.006309874692093581, Validation loss: 0.46844230682849886, Validation accuracy: 0.9294
Adjusting learning rate of group 0 to 1.0000e-03.
Epoch: 186, Train loss: 0.0057731289260555055, Validation loss: 0.46703502521514895, Validation accuracy: 0.9294
Adjusting learning rate of group 0 to 1.0000e-03.
Epoch: 187, Train loss: 0.00479236677179113, Validation loss: 0.4693458983898163, Validation accuracy: 0.9304
Adjusting learning rate of group 0 to 1.0000e-03.
Epoch: 188, Train loss: 0.005398406483717263, Validation loss: 0.47070611176490784, Validation accuracy: 0.9293
Adjusting learning rate of group 0 to 1.0000e-03.
Epoch: 189, Train loss: 0.005057856196425855, Validation loss: 0.4713589714050293, Validation accuracy: 0.93
Adjusting learning rate of group 0 to 1.0000e-03.
Epoch: 190, Train loss: 0.00590607697095722, Validation loss: 0.4735755257129669, Validation accuracy: 0.9303
Adjusting learning rate of group 0 to 1.0000e-03.
Epoch: 191, Train loss: 0.005822676824696828, Validation loss: 0.4766431900978088, Validation accuracy: 0.9295
Adjusting learning rate of group 0 to 1.0000e-03.
Epoch: 192, Train loss: 0.005061079166457057, Validation loss: 0.47685958757400515, Validation accuracy: 0.93
Adjusting learning rate of group 0 to 1.0000e-03.
Epoch: 193, Train loss: 0.005405801689568907, Validation loss: 0.4845428032875061, Validation accuracy: 0.9295
Adjusting learning rate of group 0 to 1.0000e-03.
Epoch: 194, Train loss: 0.005608063040077686, Validation loss: 0.4748139540672302, Validation accuracy: 0.9289
Adjusting learning rate of group 0 to 1.0000e-03.
Epoch: 195, Train loss: 0.005001453813221306, Validation loss: 0.48502368898391723, Validation accuracy: 0.929
Adjusting learning rate of group 0 to 1.0000e-03.
Epoch: 196, Train loss: 0.005100514293238521, Validation loss: 0.4776303168296814, Validation accuracy: 0.9294
Adjusting learning rate of group 0 to 1.0000e-03.
Epoch: 197, Train loss: 0.005172971087070182, Validation loss: 0.47426424770355224, Validation accuracy: 0.9295
Adjusting learning rate of group 0 to 1.0000e-03.
Epoch: 198, Train loss: 0.005516319008227437, Validation loss: 0.47556504678726197, Validation accuracy: 0.9289
Adjusting learning rate of group 0 to 1.0000e-03.
Epoch: 199, Train loss: 0.004897114885505289, Validation loss: 0.4761361339092255, Validation accuracy: 0.9297
Accuracy: 0.9297, Parameters: 2498
