['ResNet-Tensorized.py', '--ranks', '7', '4', '--space_rank', '12', '--seed', '2', '--device', 'cuda:3']
Initializing dataloader
Files already downloaded and verified
Files already downloaded and verified
Dataloader has initialized
Initializing model
Adjusting learning rate of group 0 to 1.0000e-02.
Model initialized
Testing model
Tests passed
Adjusting learning rate of group 0 to 2.0000e-02.
Epoch: 0, Train loss: 1.7722620323944092, Validation loss: 1.805914364051819, Validation accuracy: 0.3916
Adjusting learning rate of group 0 to 3.0000e-02.
Epoch: 1, Train loss: 1.392845060081482, Validation loss: 1.2124537855148316, Validation accuracy: 0.5682
Adjusting learning rate of group 0 to 4.0000e-02.
Epoch: 2, Train loss: 1.10247008146286, Validation loss: 1.0557405324935913, Validation accuracy: 0.651
Adjusting learning rate of group 0 to 5.0000e-02.
Epoch: 3, Train loss: 0.9521356093215942, Validation loss: 1.202038066291809, Validation accuracy: 0.6168
Adjusting learning rate of group 0 to 6.0000e-02.
Epoch: 4, Train loss: 0.854633261051178, Validation loss: 1.5989154134750365, Validation accuracy: 0.5495
Adjusting learning rate of group 0 to 7.0000e-02.
Epoch: 5, Train loss: 0.7940850144386291, Validation loss: 0.7987909317016602, Validation accuracy: 0.7239
Adjusting learning rate of group 0 to 8.0000e-02.
Epoch: 6, Train loss: 0.7513877093124389, Validation loss: 1.0069345733642578, Validation accuracy: 0.6679
Adjusting learning rate of group 0 to 9.0000e-02.
Epoch: 7, Train loss: 0.7274897645950318, Validation loss: 0.8457675193786621, Validation accuracy: 0.7184
Adjusting learning rate of group 0 to 1.0000e-01.
Epoch: 8, Train loss: 0.7041279099655151, Validation loss: 0.7709299576759339, Validation accuracy: 0.7347
Adjusting learning rate of group 0 to 1.0000e-01.
Epoch: 9, Train loss: 0.6920381062507629, Validation loss: 1.2197646005630494, Validation accuracy: 0.6516
Adjusting learning rate of group 0 to 1.0000e-01.
Epoch: 10, Train loss: 0.6627341056060791, Validation loss: 1.1377574029922486, Validation accuracy: 0.6689
Adjusting learning rate of group 0 to 1.0000e-01.
Epoch: 11, Train loss: 0.6483494856452942, Validation loss: 0.8713508687973023, Validation accuracy: 0.7153
Adjusting learning rate of group 0 to 1.0000e-01.
Epoch: 12, Train loss: 0.6275536393356324, Validation loss: 0.7960868467330933, Validation accuracy: 0.7297
Adjusting learning rate of group 0 to 1.0000e-01.
Epoch: 13, Train loss: 0.6224543539047241, Validation loss: 0.9774575595855712, Validation accuracy: 0.6907
Adjusting learning rate of group 0 to 1.0000e-01.
Epoch: 14, Train loss: 0.6152459980201721, Validation loss: 0.6496836693763733, Validation accuracy: 0.7813
Adjusting learning rate of group 0 to 1.0000e-01.
Epoch: 15, Train loss: 0.6086900740718841, Validation loss: 0.861537052154541, Validation accuracy: 0.7265
Adjusting learning rate of group 0 to 1.0000e-01.
Epoch: 16, Train loss: 0.5881032731628418, Validation loss: 0.8703246090888977, Validation accuracy: 0.7202
Adjusting learning rate of group 0 to 1.0000e-01.
Epoch: 17, Train loss: 0.5793713530349731, Validation loss: 1.0419539931297301, Validation accuracy: 0.6934
Adjusting learning rate of group 0 to 1.0000e-01.
Epoch: 18, Train loss: 0.5748656066703797, Validation loss: 0.9999504914283752, Validation accuracy: 0.7041
Adjusting learning rate of group 0 to 1.0000e-01.
Epoch: 19, Train loss: 0.577877437286377, Validation loss: 0.7743442158699035, Validation accuracy: 0.7527
Adjusting learning rate of group 0 to 1.0000e-01.
Epoch: 20, Train loss: 0.565909013786316, Validation loss: 0.7116414469718934, Validation accuracy: 0.7646
Adjusting learning rate of group 0 to 1.0000e-01.
Epoch: 21, Train loss: 0.5552298606777191, Validation loss: 0.7238075455665588, Validation accuracy: 0.7519
Adjusting learning rate of group 0 to 1.0000e-01.
Epoch: 22, Train loss: 0.5585095948410034, Validation loss: 0.6269881649971009, Validation accuracy: 0.7842
Adjusting learning rate of group 0 to 1.0000e-01.
Epoch: 23, Train loss: 0.550365243358612, Validation loss: 0.6617374707221985, Validation accuracy: 0.7823
Adjusting learning rate of group 0 to 1.0000e-01.
Epoch: 24, Train loss: 0.5488074048995971, Validation loss: 0.7501158277511597, Validation accuracy: 0.7499
Adjusting learning rate of group 0 to 1.0000e-01.
Epoch: 25, Train loss: 0.5431600771713256, Validation loss: 0.7291575664520263, Validation accuracy: 0.7514
Adjusting learning rate of group 0 to 1.0000e-01.
Epoch: 26, Train loss: 0.5415007732009888, Validation loss: 0.6435254654407502, Validation accuracy: 0.777
Adjusting learning rate of group 0 to 1.0000e-01.
Epoch: 27, Train loss: 0.5352604964828491, Validation loss: 0.7876313771247864, Validation accuracy: 0.7447
Adjusting learning rate of group 0 to 1.0000e-01.
Epoch: 28, Train loss: 0.5314326836585999, Validation loss: 0.8081275789260864, Validation accuracy: 0.7488
Adjusting learning rate of group 0 to 1.0000e-01.
Epoch: 29, Train loss: 0.528047763671875, Validation loss: 0.7797552834510804, Validation accuracy: 0.7481
Adjusting learning rate of group 0 to 1.0000e-01.
Epoch: 30, Train loss: 0.5291501751613616, Validation loss: 0.6514254926681519, Validation accuracy: 0.7801
Adjusting learning rate of group 0 to 1.0000e-01.
Epoch: 31, Train loss: 0.5294353604698181, Validation loss: 0.7667100845813751, Validation accuracy: 0.7448
Adjusting learning rate of group 0 to 1.0000e-01.
Epoch: 32, Train loss: 0.5257440786361695, Validation loss: 0.6895727352142333, Validation accuracy: 0.7773
Adjusting learning rate of group 0 to 1.0000e-01.
Epoch: 33, Train loss: 0.519118874092102, Validation loss: 0.6241622111797333, Validation accuracy: 0.7842
Adjusting learning rate of group 0 to 1.0000e-01.
Epoch: 34, Train loss: 0.5214628536605835, Validation loss: 0.7495359568595886, Validation accuracy: 0.7505
Adjusting learning rate of group 0 to 1.0000e-01.
Epoch: 35, Train loss: 0.5136292907333374, Validation loss: 0.6123629222869873, Validation accuracy: 0.7934
Adjusting learning rate of group 0 to 1.0000e-01.
Epoch: 36, Train loss: 0.5092779608535767, Validation loss: 0.6454360576629639, Validation accuracy: 0.7856
Adjusting learning rate of group 0 to 1.0000e-01.
Epoch: 37, Train loss: 0.5148428246116639, Validation loss: 0.6845226563453675, Validation accuracy: 0.7631
Adjusting learning rate of group 0 to 1.0000e-01.
Epoch: 38, Train loss: 0.5160013985729217, Validation loss: 0.6589130163192749, Validation accuracy: 0.7772
Adjusting learning rate of group 0 to 1.0000e-01.
Epoch: 39, Train loss: 0.5109298856735229, Validation loss: 1.1712946655273437, Validation accuracy: 0.6511
Adjusting learning rate of group 0 to 1.0000e-01.
Epoch: 40, Train loss: 0.5059158079338074, Validation loss: 0.634090194272995, Validation accuracy: 0.7875
Adjusting learning rate of group 0 to 1.0000e-01.
Epoch: 41, Train loss: 0.5086725792121887, Validation loss: 0.6347387489318848, Validation accuracy: 0.7863
Adjusting learning rate of group 0 to 1.0000e-01.
Epoch: 42, Train loss: 0.5044473398494721, Validation loss: 0.7197974997520447, Validation accuracy: 0.7765
Adjusting learning rate of group 0 to 1.0000e-01.
Epoch: 43, Train loss: 0.5067694485569, Validation loss: 0.8078425873756409, Validation accuracy: 0.7374
Adjusting learning rate of group 0 to 1.0000e-01.
Epoch: 44, Train loss: 0.5015374571609497, Validation loss: 0.6198788780689239, Validation accuracy: 0.7914
Adjusting learning rate of group 0 to 1.0000e-01.
Epoch: 45, Train loss: 0.4987861175251007, Validation loss: 0.6985642490386963, Validation accuracy: 0.778
Adjusting learning rate of group 0 to 1.0000e-01.
Epoch: 46, Train loss: 0.5030456266784668, Validation loss: 0.7677306881904602, Validation accuracy: 0.7414
Adjusting learning rate of group 0 to 1.0000e-01.
Epoch: 47, Train loss: 0.5017266149234771, Validation loss: 0.6234529712200165, Validation accuracy: 0.7896
Adjusting learning rate of group 0 to 1.0000e-01.
Epoch: 48, Train loss: 0.4924085553741455, Validation loss: 0.6817522037506103, Validation accuracy: 0.7848
Adjusting learning rate of group 0 to 1.0000e-01.
Epoch: 49, Train loss: 0.49708308650016786, Validation loss: 0.738915279006958, Validation accuracy: 0.7761
Adjusting learning rate of group 0 to 1.0000e-01.
Epoch: 50, Train loss: 0.49460047145843505, Validation loss: 0.5950477595329284, Validation accuracy: 0.811
Adjusting learning rate of group 0 to 1.0000e-01.
Epoch: 51, Train loss: 0.4952444624710083, Validation loss: 0.6266966638565064, Validation accuracy: 0.7898
Adjusting learning rate of group 0 to 1.0000e-01.
Epoch: 52, Train loss: 0.49163380727767947, Validation loss: 0.6633633348464966, Validation accuracy: 0.7915
Adjusting learning rate of group 0 to 1.0000e-01.
Epoch: 53, Train loss: 0.49391792357444764, Validation loss: 0.6226502305030823, Validation accuracy: 0.7852
Adjusting learning rate of group 0 to 1.0000e-01.
Epoch: 54, Train loss: 0.4956153294754028, Validation loss: 0.9948849193572998, Validation accuracy: 0.7238
Adjusting learning rate of group 0 to 1.0000e-01.
Epoch: 55, Train loss: 0.4922407830810547, Validation loss: 0.6852701617240906, Validation accuracy: 0.771
Adjusting learning rate of group 0 to 1.0000e-01.
Epoch: 56, Train loss: 0.4871103322696686, Validation loss: 0.8134846653938294, Validation accuracy: 0.7305
Adjusting learning rate of group 0 to 1.0000e-01.
Epoch: 57, Train loss: 0.48726603927612305, Validation loss: 0.7117732607841492, Validation accuracy: 0.76
Adjusting learning rate of group 0 to 1.0000e-01.
Epoch: 58, Train loss: 0.49363444197654727, Validation loss: 0.5911466922283173, Validation accuracy: 0.798
Adjusting learning rate of group 0 to 1.0000e-01.
Epoch: 59, Train loss: 0.4835255263328552, Validation loss: 0.9045789685249329, Validation accuracy: 0.7239
Adjusting learning rate of group 0 to 1.0000e-01.
Epoch: 60, Train loss: 0.48993753697395326, Validation loss: 0.625894111919403, Validation accuracy: 0.7828
Adjusting learning rate of group 0 to 1.0000e-01.
Epoch: 61, Train loss: 0.48464488738059996, Validation loss: 0.6318269688129425, Validation accuracy: 0.7991
Adjusting learning rate of group 0 to 1.0000e-01.
Epoch: 62, Train loss: 0.4817410894680023, Validation loss: 0.9101129507064819, Validation accuracy: 0.7383
Adjusting learning rate of group 0 to 1.0000e-01.
Epoch: 63, Train loss: 0.4794800024986267, Validation loss: 0.655330262184143, Validation accuracy: 0.7848
Adjusting learning rate of group 0 to 1.0000e-01.
Epoch: 64, Train loss: 0.4823342436218262, Validation loss: 0.811761973285675, Validation accuracy: 0.7296
Adjusting learning rate of group 0 to 1.0000e-01.
Epoch: 65, Train loss: 0.4839104153060913, Validation loss: 0.6890618346214294, Validation accuracy: 0.785
Adjusting learning rate of group 0 to 1.0000e-01.
Epoch: 66, Train loss: 0.4815857828617096, Validation loss: 0.704703629398346, Validation accuracy: 0.7774
Adjusting learning rate of group 0 to 1.0000e-01.
Epoch: 67, Train loss: 0.4741990399551392, Validation loss: 0.8712913740158081, Validation accuracy: 0.7329
Adjusting learning rate of group 0 to 1.0000e-01.
Epoch: 68, Train loss: 0.4749677449607849, Validation loss: 0.8290820337295532, Validation accuracy: 0.7441
Adjusting learning rate of group 0 to 1.0000e-01.
Epoch: 69, Train loss: 0.4806015849685669, Validation loss: 0.8300978387832642, Validation accuracy: 0.7228
Adjusting learning rate of group 0 to 1.0000e-01.
Epoch: 70, Train loss: 0.47402768166542053, Validation loss: 0.5775823832035065, Validation accuracy: 0.806
Adjusting learning rate of group 0 to 1.0000e-01.
Epoch: 71, Train loss: 0.4793626090621948, Validation loss: 0.8518559491157531, Validation accuracy: 0.7278
Adjusting learning rate of group 0 to 1.0000e-01.
Epoch: 72, Train loss: 0.479112596654892, Validation loss: 0.5997039856433869, Validation accuracy: 0.8055
Adjusting learning rate of group 0 to 1.0000e-01.
Epoch: 73, Train loss: 0.47726864652633666, Validation loss: 0.7921155667304993, Validation accuracy: 0.7389
Adjusting learning rate of group 0 to 1.0000e-01.
Epoch: 74, Train loss: 0.4778343307495117, Validation loss: 1.0148015913009643, Validation accuracy: 0.7103
Adjusting learning rate of group 0 to 1.0000e-01.
Epoch: 75, Train loss: 0.4764091199207306, Validation loss: 0.6231826510429382, Validation accuracy: 0.7881
Adjusting learning rate of group 0 to 1.0000e-01.
Epoch: 76, Train loss: 0.4752057202339172, Validation loss: 0.7991006567001343, Validation accuracy: 0.7321
Adjusting learning rate of group 0 to 1.0000e-01.
Epoch: 77, Train loss: 0.4782968471908569, Validation loss: 0.5996323063373565, Validation accuracy: 0.7992
Adjusting learning rate of group 0 to 1.0000e-01.
Epoch: 78, Train loss: 0.47651469179153444, Validation loss: 0.6819137555122375, Validation accuracy: 0.7724
Adjusting learning rate of group 0 to 1.0000e-01.
Epoch: 79, Train loss: 0.47441918825149537, Validation loss: 0.66856899766922, Validation accuracy: 0.7831
Adjusting learning rate of group 0 to 1.0000e-01.
Epoch: 80, Train loss: 0.47254507826805114, Validation loss: 0.564041698551178, Validation accuracy: 0.8114
Adjusting learning rate of group 0 to 1.0000e-01.
Epoch: 81, Train loss: 0.4742922990036011, Validation loss: 0.5678210539340973, Validation accuracy: 0.8076
Adjusting learning rate of group 0 to 1.0000e-01.
Epoch: 82, Train loss: 0.47269806940078735, Validation loss: 0.6497156118392944, Validation accuracy: 0.7864
Adjusting learning rate of group 0 to 1.0000e-01.
Epoch: 83, Train loss: 0.4714430042457581, Validation loss: 0.6494112477302552, Validation accuracy: 0.7804
Adjusting learning rate of group 0 to 1.0000e-01.
Epoch: 84, Train loss: 0.47206875135421755, Validation loss: 0.6492178455352783, Validation accuracy: 0.7891
Adjusting learning rate of group 0 to 1.0000e-01.
Epoch: 85, Train loss: 0.4706646517944336, Validation loss: 0.6645436392784119, Validation accuracy: 0.777
Adjusting learning rate of group 0 to 1.0000e-01.
Epoch: 86, Train loss: 0.4742663970565796, Validation loss: 0.6169735233306884, Validation accuracy: 0.8031
Adjusting learning rate of group 0 to 1.0000e-01.
Epoch: 87, Train loss: 0.46671728048324584, Validation loss: 0.7804157197952271, Validation accuracy: 0.7527
Adjusting learning rate of group 0 to 1.0000e-01.
Epoch: 88, Train loss: 0.46765251601219177, Validation loss: 0.5182796751022339, Validation accuracy: 0.8231
Adjusting learning rate of group 0 to 1.0000e-01.
Epoch: 89, Train loss: 0.47049629793167114, Validation loss: 0.6276866136550904, Validation accuracy: 0.7997
Adjusting learning rate of group 0 to 1.0000e-01.
Epoch: 90, Train loss: 0.46923198276519773, Validation loss: 0.63885484457016, Validation accuracy: 0.7837
Adjusting learning rate of group 0 to 1.0000e-01.
Epoch: 91, Train loss: 0.46669600343704226, Validation loss: 0.5948741320610046, Validation accuracy: 0.8001
Adjusting learning rate of group 0 to 1.0000e-01.
Epoch: 92, Train loss: 0.4677179760742188, Validation loss: 0.5284630187034607, Validation accuracy: 0.8228
Adjusting learning rate of group 0 to 1.0000e-01.
Epoch: 93, Train loss: 0.4653922507953644, Validation loss: 0.7654531759262085, Validation accuracy: 0.7526
Adjusting learning rate of group 0 to 1.0000e-01.
Epoch: 94, Train loss: 0.4612997999191284, Validation loss: 0.725482338809967, Validation accuracy: 0.7683
Adjusting learning rate of group 0 to 1.0000e-01.
Epoch: 95, Train loss: 0.46510329522132876, Validation loss: 0.6217226934432983, Validation accuracy: 0.7926
Adjusting learning rate of group 0 to 1.0000e-01.
Epoch: 96, Train loss: 0.45875174543380737, Validation loss: 0.7180490976810455, Validation accuracy: 0.7687
Adjusting learning rate of group 0 to 1.0000e-01.
Epoch: 97, Train loss: 0.46488997636795043, Validation loss: 0.6059728820800782, Validation accuracy: 0.8091
Adjusting learning rate of group 0 to 1.0000e-01.
Epoch: 98, Train loss: 0.46651958307266234, Validation loss: 0.58432740316391, Validation accuracy: 0.8065
Adjusting learning rate of group 0 to 1.0000e-01.
Epoch: 99, Train loss: 0.46410676317214966, Validation loss: 0.6545439365386962, Validation accuracy: 0.7874
Adjusting learning rate of group 0 to 1.0000e-02.
Epoch: 100, Train loss: 0.46238659502029417, Validation loss: 0.5660852246284485, Validation accuracy: 0.8137
Adjusting learning rate of group 0 to 1.0000e-02.
Epoch: 101, Train loss: 0.3414519477176666, Validation loss: 0.35955027027130126, Validation accuracy: 0.8781
Adjusting learning rate of group 0 to 1.0000e-02.
Epoch: 102, Train loss: 0.3042653696632385, Validation loss: 0.3512527892112732, Validation accuracy: 0.8837
Adjusting learning rate of group 0 to 1.0000e-02.
Epoch: 103, Train loss: 0.28950442514419555, Validation loss: 0.34936880841255186, Validation accuracy: 0.8844
Adjusting learning rate of group 0 to 1.0000e-02.
Epoch: 104, Train loss: 0.28337027638435364, Validation loss: 0.34724958319664, Validation accuracy: 0.8867
Adjusting learning rate of group 0 to 1.0000e-02.
Epoch: 105, Train loss: 0.2769332503509522, Validation loss: 0.3421036798477173, Validation accuracy: 0.8863
Adjusting learning rate of group 0 to 1.0000e-02.
Epoch: 106, Train loss: 0.26844345149517057, Validation loss: 0.3415869463443756, Validation accuracy: 0.8867
Adjusting learning rate of group 0 to 1.0000e-02.
Epoch: 107, Train loss: 0.2664084377717972, Validation loss: 0.3442148698806763, Validation accuracy: 0.8846
Adjusting learning rate of group 0 to 1.0000e-02.
Epoch: 108, Train loss: 0.2630518334197998, Validation loss: 0.33813274154663087, Validation accuracy: 0.8875
Adjusting learning rate of group 0 to 1.0000e-02.
Epoch: 109, Train loss: 0.2589410155248642, Validation loss: 0.34405671076774597, Validation accuracy: 0.8859
Adjusting learning rate of group 0 to 1.0000e-02.
Epoch: 110, Train loss: 0.2578416194629669, Validation loss: 0.33623954939842227, Validation accuracy: 0.8911
Adjusting learning rate of group 0 to 1.0000e-02.
Epoch: 111, Train loss: 0.25109976979255677, Validation loss: 0.3515492014884949, Validation accuracy: 0.8834
Adjusting learning rate of group 0 to 1.0000e-02.
Epoch: 112, Train loss: 0.2511043358230591, Validation loss: 0.34250821008682253, Validation accuracy: 0.888
Adjusting learning rate of group 0 to 1.0000e-02.
Epoch: 113, Train loss: 0.24836716893196106, Validation loss: 0.3391936742782593, Validation accuracy: 0.8867
Adjusting learning rate of group 0 to 1.0000e-02.
Epoch: 114, Train loss: 0.24738062774181366, Validation loss: 0.3505583137512207, Validation accuracy: 0.8881
Adjusting learning rate of group 0 to 1.0000e-02.
Epoch: 115, Train loss: 0.24505743245124817, Validation loss: 0.34674209747314455, Validation accuracy: 0.8871
Adjusting learning rate of group 0 to 1.0000e-02.
Epoch: 116, Train loss: 0.2450883111858368, Validation loss: 0.33580340003967285, Validation accuracy: 0.8907
Adjusting learning rate of group 0 to 1.0000e-02.
Epoch: 117, Train loss: 0.241232081489563, Validation loss: 0.34747047147750854, Validation accuracy: 0.8846
Adjusting learning rate of group 0 to 1.0000e-02.
Epoch: 118, Train loss: 0.2378990250301361, Validation loss: 0.34620708446502685, Validation accuracy: 0.8876
Adjusting learning rate of group 0 to 1.0000e-02.
Epoch: 119, Train loss: 0.243095237429142, Validation loss: 0.33958426780700685, Validation accuracy: 0.8915
Adjusting learning rate of group 0 to 1.0000e-02.
Epoch: 120, Train loss: 0.24041802031993867, Validation loss: 0.35436540384292603, Validation accuracy: 0.8846
Adjusting learning rate of group 0 to 1.0000e-02.
Epoch: 121, Train loss: 0.2352801962995529, Validation loss: 0.3425683331489563, Validation accuracy: 0.8901
Adjusting learning rate of group 0 to 1.0000e-02.
Epoch: 122, Train loss: 0.23725047695159912, Validation loss: 0.3484556134223938, Validation accuracy: 0.8863
Adjusting learning rate of group 0 to 1.0000e-02.
Epoch: 123, Train loss: 0.23659677693367004, Validation loss: 0.3465198215007782, Validation accuracy: 0.887
Adjusting learning rate of group 0 to 1.0000e-02.
Epoch: 124, Train loss: 0.23323391515731812, Validation loss: 0.355565371799469, Validation accuracy: 0.886
Adjusting learning rate of group 0 to 1.0000e-02.
Epoch: 125, Train loss: 0.2312563751077652, Validation loss: 0.34179472007751466, Validation accuracy: 0.8922
Adjusting learning rate of group 0 to 1.0000e-02.
Epoch: 126, Train loss: 0.23245636823654175, Validation loss: 0.3595402118682861, Validation accuracy: 0.8834
Adjusting learning rate of group 0 to 1.0000e-02.
Epoch: 127, Train loss: 0.23238105862617492, Validation loss: 0.3559920166015625, Validation accuracy: 0.8822
Adjusting learning rate of group 0 to 1.0000e-02.
Epoch: 128, Train loss: 0.22988221089363098, Validation loss: 0.3525207390785217, Validation accuracy: 0.8887
Adjusting learning rate of group 0 to 1.0000e-02.
Epoch: 129, Train loss: 0.23152431941986085, Validation loss: 0.3725057392120361, Validation accuracy: 0.8797
Adjusting learning rate of group 0 to 1.0000e-02.
Epoch: 130, Train loss: 0.22937503755569458, Validation loss: 0.361613311624527, Validation accuracy: 0.8853
Adjusting learning rate of group 0 to 1.0000e-02.
Epoch: 131, Train loss: 0.22716354155540466, Validation loss: 0.3644460403442383, Validation accuracy: 0.884
Adjusting learning rate of group 0 to 1.0000e-02.
Epoch: 132, Train loss: 0.2322996653175354, Validation loss: 0.3656736671447754, Validation accuracy: 0.8835
Adjusting learning rate of group 0 to 1.0000e-02.
Epoch: 133, Train loss: 0.2302700315952301, Validation loss: 0.3534607445716858, Validation accuracy: 0.8834
Adjusting learning rate of group 0 to 1.0000e-02.
Epoch: 134, Train loss: 0.2286510056400299, Validation loss: 0.3559080479621887, Validation accuracy: 0.8867
Adjusting learning rate of group 0 to 1.0000e-02.
Epoch: 135, Train loss: 0.2318008602142334, Validation loss: 0.3747362627029419, Validation accuracy: 0.8818
Adjusting learning rate of group 0 to 1.0000e-02.
Epoch: 136, Train loss: 0.22876219244003296, Validation loss: 0.3484148994445801, Validation accuracy: 0.8879
Adjusting learning rate of group 0 to 1.0000e-02.
Epoch: 137, Train loss: 0.22922972146987916, Validation loss: 0.37616129689216615, Validation accuracy: 0.8783
Adjusting learning rate of group 0 to 1.0000e-02.
Epoch: 138, Train loss: 0.22985041651725768, Validation loss: 0.3555520551204681, Validation accuracy: 0.8842
Adjusting learning rate of group 0 to 1.0000e-02.
Epoch: 139, Train loss: 0.2287897024011612, Validation loss: 0.3594817663192749, Validation accuracy: 0.8859
Adjusting learning rate of group 0 to 1.0000e-02.
Epoch: 140, Train loss: 0.23254468276977538, Validation loss: 0.36743170619010923, Validation accuracy: 0.8776
Adjusting learning rate of group 0 to 1.0000e-02.
Epoch: 141, Train loss: 0.22803658484458925, Validation loss: 0.3468695583820343, Validation accuracy: 0.8881
Adjusting learning rate of group 0 to 1.0000e-02.
Epoch: 142, Train loss: 0.22558741506576538, Validation loss: 0.3610187735557556, Validation accuracy: 0.8832
Adjusting learning rate of group 0 to 1.0000e-02.
Epoch: 143, Train loss: 0.22770353035926819, Validation loss: 0.35140349588394165, Validation accuracy: 0.8884
Adjusting learning rate of group 0 to 1.0000e-02.
Epoch: 144, Train loss: 0.23371690987586974, Validation loss: 0.34646144819259644, Validation accuracy: 0.8881
Adjusting learning rate of group 0 to 1.0000e-02.
Epoch: 145, Train loss: 0.2259359525203705, Validation loss: 0.3709274558067322, Validation accuracy: 0.8812
Adjusting learning rate of group 0 to 1.0000e-02.
Epoch: 146, Train loss: 0.22752883541107177, Validation loss: 0.35901085619926454, Validation accuracy: 0.8851
Adjusting learning rate of group 0 to 1.0000e-02.
Epoch: 147, Train loss: 0.2290026247406006, Validation loss: 0.391662082195282, Validation accuracy: 0.8759
Adjusting learning rate of group 0 to 1.0000e-02.
Epoch: 148, Train loss: 0.22646842039108275, Validation loss: 0.3520361114501953, Validation accuracy: 0.8831
Adjusting learning rate of group 0 to 1.0000e-02.
Epoch: 149, Train loss: 0.23034464373588562, Validation loss: 0.36403720054626465, Validation accuracy: 0.8832
Adjusting learning rate of group 0 to 1.0000e-03.
Epoch: 150, Train loss: 0.22976628818511963, Validation loss: 0.3646020318031311, Validation accuracy: 0.8793
Adjusting learning rate of group 0 to 1.0000e-03.
Epoch: 151, Train loss: 0.1963317631149292, Validation loss: 0.31392443976402284, Validation accuracy: 0.899
Adjusting learning rate of group 0 to 1.0000e-03.
Epoch: 152, Train loss: 0.18519422898769378, Validation loss: 0.31594424176216124, Validation accuracy: 0.8976
Adjusting learning rate of group 0 to 1.0000e-03.
Epoch: 153, Train loss: 0.18126679439783097, Validation loss: 0.316129652929306, Validation accuracy: 0.8987
Adjusting learning rate of group 0 to 1.0000e-03.
Epoch: 154, Train loss: 0.17413919511795045, Validation loss: 0.3174072774887085, Validation accuracy: 0.8965
Adjusting learning rate of group 0 to 1.0000e-03.
Epoch: 155, Train loss: 0.17561654971122742, Validation loss: 0.31483540239334107, Validation accuracy: 0.8986
Adjusting learning rate of group 0 to 1.0000e-03.
Epoch: 156, Train loss: 0.16997037371635437, Validation loss: 0.31833651361465454, Validation accuracy: 0.8959
Adjusting learning rate of group 0 to 1.0000e-03.
Epoch: 157, Train loss: 0.17017450074911117, Validation loss: 0.31673422842025756, Validation accuracy: 0.8992
Adjusting learning rate of group 0 to 1.0000e-03.
Epoch: 158, Train loss: 0.16892117688179017, Validation loss: 0.31797898988723755, Validation accuracy: 0.899
Adjusting learning rate of group 0 to 1.0000e-03.
Epoch: 159, Train loss: 0.16611341997146606, Validation loss: 0.315652327299118, Validation accuracy: 0.898
Adjusting learning rate of group 0 to 1.0000e-03.
Epoch: 160, Train loss: 0.1663636256456375, Validation loss: 0.3180076687812805, Validation accuracy: 0.8985
Adjusting learning rate of group 0 to 1.0000e-03.
Epoch: 161, Train loss: 0.1654278652906418, Validation loss: 0.3194278726577759, Validation accuracy: 0.8989
Adjusting learning rate of group 0 to 1.0000e-03.
Epoch: 162, Train loss: 0.16318861124038697, Validation loss: 0.3250658462524414, Validation accuracy: 0.8974
Adjusting learning rate of group 0 to 1.0000e-03.
Epoch: 163, Train loss: 0.16439106670856476, Validation loss: 0.32218678760528563, Validation accuracy: 0.898
Adjusting learning rate of group 0 to 1.0000e-03.
Epoch: 164, Train loss: 0.16311686239242554, Validation loss: 0.32543365459442136, Validation accuracy: 0.8979
Adjusting learning rate of group 0 to 1.0000e-03.
Epoch: 165, Train loss: 0.16358053917884827, Validation loss: 0.3214770233154297, Validation accuracy: 0.8986
Adjusting learning rate of group 0 to 1.0000e-03.
Epoch: 166, Train loss: 0.16313446042537688, Validation loss: 0.3258913477420807, Validation accuracy: 0.8999
Adjusting learning rate of group 0 to 1.0000e-03.
Epoch: 167, Train loss: 0.1624276169347763, Validation loss: 0.32348812294006346, Validation accuracy: 0.8993
Adjusting learning rate of group 0 to 1.0000e-03.
Epoch: 168, Train loss: 0.16186670089244842, Validation loss: 0.3245341340065002, Validation accuracy: 0.8983
Adjusting learning rate of group 0 to 1.0000e-03.
Epoch: 169, Train loss: 0.16020789922237397, Validation loss: 0.32571347661018374, Validation accuracy: 0.8975
Adjusting learning rate of group 0 to 1.0000e-03.
Epoch: 170, Train loss: 0.15934109830379486, Validation loss: 0.3278986183166504, Validation accuracy: 0.8985
Adjusting learning rate of group 0 to 1.0000e-03.
Epoch: 171, Train loss: 0.1596688534450531, Validation loss: 0.32754464950561524, Validation accuracy: 0.8984
Adjusting learning rate of group 0 to 1.0000e-03.
Epoch: 172, Train loss: 0.15735481048107147, Validation loss: 0.32253815474510195, Validation accuracy: 0.8998
Adjusting learning rate of group 0 to 1.0000e-03.
Epoch: 173, Train loss: 0.15956236951351166, Validation loss: 0.3304898096084595, Validation accuracy: 0.8981
Adjusting learning rate of group 0 to 1.0000e-03.
Epoch: 174, Train loss: 0.15860852467536926, Validation loss: 0.3289626926422119, Validation accuracy: 0.8988
Adjusting learning rate of group 0 to 1.0000e-03.
Epoch: 175, Train loss: 0.15844467809200286, Validation loss: 0.33105674419403075, Validation accuracy: 0.8981
Adjusting learning rate of group 0 to 1.0000e-03.
Epoch: 176, Train loss: 0.15765665505886078, Validation loss: 0.3292896731376648, Validation accuracy: 0.8996
Adjusting learning rate of group 0 to 1.0000e-03.
Epoch: 177, Train loss: 0.15631017508983613, Validation loss: 0.32984350957870484, Validation accuracy: 0.8974
Adjusting learning rate of group 0 to 1.0000e-03.
Epoch: 178, Train loss: 0.15745817422389985, Validation loss: 0.32687897210121153, Validation accuracy: 0.8993
Adjusting learning rate of group 0 to 1.0000e-03.
Epoch: 179, Train loss: 0.15737751042366027, Validation loss: 0.329973983001709, Validation accuracy: 0.8976
Adjusting learning rate of group 0 to 1.0000e-03.
Epoch: 180, Train loss: 0.15609077613830566, Validation loss: 0.3310815370082855, Validation accuracy: 0.8977
Adjusting learning rate of group 0 to 1.0000e-03.
Epoch: 181, Train loss: 0.15527182254314423, Validation loss: 0.32908246641159056, Validation accuracy: 0.8978
Adjusting learning rate of group 0 to 1.0000e-03.
Epoch: 182, Train loss: 0.15431083352088928, Validation loss: 0.3319061559677124, Validation accuracy: 0.8983
Adjusting learning rate of group 0 to 1.0000e-03.
Epoch: 183, Train loss: 0.15309473155260087, Validation loss: 0.33091911602020263, Validation accuracy: 0.8985
Adjusting learning rate of group 0 to 1.0000e-03.
Epoch: 184, Train loss: 0.15456322744846343, Validation loss: 0.3321265568256378, Validation accuracy: 0.9003
Adjusting learning rate of group 0 to 1.0000e-03.
Epoch: 185, Train loss: 0.153485794672966, Validation loss: 0.33307512350082397, Validation accuracy: 0.8988
Adjusting learning rate of group 0 to 1.0000e-03.
Epoch: 186, Train loss: 0.1534445008277893, Validation loss: 0.33584864568710326, Validation accuracy: 0.8983
Adjusting learning rate of group 0 to 1.0000e-03.
Epoch: 187, Train loss: 0.15356900657653808, Validation loss: 0.33416641235351563, Validation accuracy: 0.8969
Adjusting learning rate of group 0 to 1.0000e-03.
Epoch: 188, Train loss: 0.15362922934055329, Validation loss: 0.3371625202178955, Validation accuracy: 0.8979
Adjusting learning rate of group 0 to 1.0000e-03.
Epoch: 189, Train loss: 0.15142907072544098, Validation loss: 0.3382435036659241, Validation accuracy: 0.8984
Adjusting learning rate of group 0 to 1.0000e-03.
Epoch: 190, Train loss: 0.15175058069705963, Validation loss: 0.33466006951332095, Validation accuracy: 0.8966
Adjusting learning rate of group 0 to 1.0000e-03.
Epoch: 191, Train loss: 0.15174290224075318, Validation loss: 0.33312868299484255, Validation accuracy: 0.8989
Adjusting learning rate of group 0 to 1.0000e-03.
Epoch: 192, Train loss: 0.1546147215270996, Validation loss: 0.3386260055541992, Validation accuracy: 0.897
Adjusting learning rate of group 0 to 1.0000e-03.
Epoch: 193, Train loss: 0.15000849586486817, Validation loss: 0.332422177028656, Validation accuracy: 0.9009
Adjusting learning rate of group 0 to 1.0000e-03.
Epoch: 194, Train loss: 0.1512061719560623, Validation loss: 0.33663036890029907, Validation accuracy: 0.8964
Adjusting learning rate of group 0 to 1.0000e-03.
Epoch: 195, Train loss: 0.1506323578310013, Validation loss: 0.33651427087783814, Validation accuracy: 0.8986
Adjusting learning rate of group 0 to 1.0000e-03.
Epoch: 196, Train loss: 0.15222175922870637, Validation loss: 0.3345145523071289, Validation accuracy: 0.8994
Adjusting learning rate of group 0 to 1.0000e-03.
Epoch: 197, Train loss: 0.15111094357013702, Validation loss: 0.3414206913948059, Validation accuracy: 0.8969
Adjusting learning rate of group 0 to 1.0000e-03.
Epoch: 198, Train loss: 0.15162750781297685, Validation loss: 0.3364917806625366, Validation accuracy: 0.8991
Adjusting learning rate of group 0 to 1.0000e-03.
Epoch: 199, Train loss: 0.1467583921098709, Validation loss: 0.3382103286743164, Validation accuracy: 0.8971
Accuracy: 0.8971
