['ResNet-train.py', '--network', 'resnet', '--classifier', 'full', '--tensorization', '64', '8', '8', '--ranks', '[[64,1,1,8],[1,8,1,2],[1,1,8,2],[8,2,2,10]]', '--seed', '10', '--device', 'cuda:3', '--random_permutation']
Initializing dataloader
Files already downloaded and verified
Files already downloaded and verified
Dataloader has initialized
Initializing model
Permutation of layer
Adjusting learning rate of group 0 to 1.0000e-02.
Model initialized
Testing model
Tests passed
Adjusting learning rate of group 0 to 2.0000e-02.
Epoch: 0, Train loss: 1.8327783002853393, Validation loss: 1.4968424198150634, Validation accuracy: 0.4462
Adjusting learning rate of group 0 to 3.0000e-02.
Epoch: 1, Train loss: 1.4410742941665649, Validation loss: 1.244371196937561, Validation accuracy: 0.5496
Adjusting learning rate of group 0 to 4.0000e-02.
Epoch: 2, Train loss: 1.169328553390503, Validation loss: 1.1227624097824096, Validation accuracy: 0.6173
Adjusting learning rate of group 0 to 5.0000e-02.
Epoch: 3, Train loss: 0.9806811243438721, Validation loss: 0.9319179128646851, Validation accuracy: 0.6724
Adjusting learning rate of group 0 to 6.0000e-02.
Epoch: 4, Train loss: 0.8616962097358704, Validation loss: 1.0964667261123657, Validation accuracy: 0.6458
Adjusting learning rate of group 0 to 7.0000e-02.
Epoch: 5, Train loss: 0.7760974604415893, Validation loss: 0.8847942749023437, Validation accuracy: 0.686
Adjusting learning rate of group 0 to 8.0000e-02.
Epoch: 6, Train loss: 0.711609139919281, Validation loss: 0.8290180618286133, Validation accuracy: 0.7134
Adjusting learning rate of group 0 to 9.0000e-02.
Epoch: 7, Train loss: 0.66982931016922, Validation loss: 0.7943248489379883, Validation accuracy: 0.7498
Adjusting learning rate of group 0 to 1.0000e-01.
Epoch: 8, Train loss: 0.6400804437255859, Validation loss: 0.7037683526039124, Validation accuracy: 0.7651
Adjusting learning rate of group 0 to 1.0000e-01.
Epoch: 9, Train loss: 0.6245173246383667, Validation loss: 0.954600632095337, Validation accuracy: 0.7094
Adjusting learning rate of group 0 to 1.0000e-01.
Epoch: 10, Train loss: 0.5796867350196838, Validation loss: 0.6923367849349975, Validation accuracy: 0.7785
Adjusting learning rate of group 0 to 1.0000e-01.
Epoch: 11, Train loss: 0.5469848605728149, Validation loss: 0.7293806487083435, Validation accuracy: 0.7533
Adjusting learning rate of group 0 to 1.0000e-01.
Epoch: 12, Train loss: 0.530572273015976, Validation loss: 1.0635962015151978, Validation accuracy: 0.7158
Adjusting learning rate of group 0 to 1.0000e-01.
Epoch: 13, Train loss: 0.5075062668037414, Validation loss: 0.7711881220817566, Validation accuracy: 0.7613
Adjusting learning rate of group 0 to 1.0000e-01.
Epoch: 14, Train loss: 0.48739438791275025, Validation loss: 0.5756765529155731, Validation accuracy: 0.8075
Adjusting learning rate of group 0 to 1.0000e-01.
Epoch: 15, Train loss: 0.47380825885772704, Validation loss: 0.69949508934021, Validation accuracy: 0.7547
Adjusting learning rate of group 0 to 1.0000e-01.
Epoch: 16, Train loss: 0.46460775409698485, Validation loss: 0.641600525856018, Validation accuracy: 0.7938
Adjusting learning rate of group 0 to 1.0000e-01.
Epoch: 17, Train loss: 0.4501340841722488, Validation loss: 0.5772654166698455, Validation accuracy: 0.8313
Adjusting learning rate of group 0 to 1.0000e-01.
Epoch: 18, Train loss: 0.4413315240192413, Validation loss: 0.5283326992273331, Validation accuracy: 0.8212
Adjusting learning rate of group 0 to 1.0000e-01.
Epoch: 19, Train loss: 0.42569056636810304, Validation loss: 0.5711960258483887, Validation accuracy: 0.8202
Adjusting learning rate of group 0 to 1.0000e-01.
Epoch: 20, Train loss: 0.4278100271701813, Validation loss: 0.6437257110118866, Validation accuracy: 0.8009
Adjusting learning rate of group 0 to 1.0000e-01.
Epoch: 21, Train loss: 0.4206239539909363, Validation loss: 0.5873948936462402, Validation accuracy: 0.8078
Adjusting learning rate of group 0 to 1.0000e-01.
Epoch: 22, Train loss: 0.41640964626312255, Validation loss: 0.6422090170383453, Validation accuracy: 0.8029
Adjusting learning rate of group 0 to 1.0000e-01.
Epoch: 23, Train loss: 0.4084850193023682, Validation loss: 0.8212625345230102, Validation accuracy: 0.7668
Adjusting learning rate of group 0 to 1.0000e-01.
Epoch: 24, Train loss: 0.39797024267196657, Validation loss: 0.6204859002113342, Validation accuracy: 0.801
Adjusting learning rate of group 0 to 1.0000e-01.
Epoch: 25, Train loss: 0.402280749130249, Validation loss: 0.45399827966690065, Validation accuracy: 0.8479
Adjusting learning rate of group 0 to 1.0000e-01.
Epoch: 26, Train loss: 0.3891517772293091, Validation loss: 0.8890587769031525, Validation accuracy: 0.7525
Adjusting learning rate of group 0 to 1.0000e-01.
Epoch: 27, Train loss: 0.38744588777542116, Validation loss: 0.596554157924652, Validation accuracy: 0.8087
Adjusting learning rate of group 0 to 1.0000e-01.
Epoch: 28, Train loss: 0.38207515531539915, Validation loss: 0.4949590280532837, Validation accuracy: 0.8472
Adjusting learning rate of group 0 to 1.0000e-01.
Epoch: 29, Train loss: 0.379772437582016, Validation loss: 0.5277319790840149, Validation accuracy: 0.8214
Adjusting learning rate of group 0 to 1.0000e-01.
Epoch: 30, Train loss: 0.3807896082496643, Validation loss: 0.4629937356948853, Validation accuracy: 0.8468
Adjusting learning rate of group 0 to 1.0000e-01.
Epoch: 31, Train loss: 0.36361730041503904, Validation loss: 0.7379174275398255, Validation accuracy: 0.7677
Adjusting learning rate of group 0 to 1.0000e-01.
Epoch: 32, Train loss: 0.3761552715587616, Validation loss: 0.48825650339126586, Validation accuracy: 0.8376
Adjusting learning rate of group 0 to 1.0000e-01.
Epoch: 33, Train loss: 0.3612011028575897, Validation loss: 0.5832761348724366, Validation accuracy: 0.8264
Adjusting learning rate of group 0 to 1.0000e-01.
Epoch: 34, Train loss: 0.3603268757343292, Validation loss: 0.6571367720603943, Validation accuracy: 0.8083
Adjusting learning rate of group 0 to 1.0000e-01.
Epoch: 35, Train loss: 0.3594720517539978, Validation loss: 0.4383306014060974, Validation accuracy: 0.8539
Adjusting learning rate of group 0 to 1.0000e-01.
Epoch: 36, Train loss: 0.3518467080593109, Validation loss: 0.6927274747848511, Validation accuracy: 0.804
Adjusting learning rate of group 0 to 1.0000e-01.
Epoch: 37, Train loss: 0.3544230033302307, Validation loss: 0.535220114517212, Validation accuracy: 0.8373
Adjusting learning rate of group 0 to 1.0000e-01.
Epoch: 38, Train loss: 0.3543235683822632, Validation loss: 0.5363172227859497, Validation accuracy: 0.8329
Adjusting learning rate of group 0 to 1.0000e-01.
Epoch: 39, Train loss: 0.34798469792366027, Validation loss: 0.7426136057376862, Validation accuracy: 0.8167
Adjusting learning rate of group 0 to 1.0000e-01.
Epoch: 40, Train loss: 0.3469816930580139, Validation loss: 0.5569609405517578, Validation accuracy: 0.8378
Adjusting learning rate of group 0 to 1.0000e-01.
Epoch: 41, Train loss: 0.34039335124015807, Validation loss: 0.4466006842136383, Validation accuracy: 0.8545
Adjusting learning rate of group 0 to 1.0000e-01.
Epoch: 42, Train loss: 0.3395932228088379, Validation loss: 0.7367826359272003, Validation accuracy: 0.7635
Adjusting learning rate of group 0 to 1.0000e-01.
Epoch: 43, Train loss: 0.34016937519073487, Validation loss: 0.5134934556961059, Validation accuracy: 0.8353
Adjusting learning rate of group 0 to 1.0000e-01.
Epoch: 44, Train loss: 0.34316813274383545, Validation loss: 0.4403626286506653, Validation accuracy: 0.8637
Adjusting learning rate of group 0 to 1.0000e-01.
Epoch: 45, Train loss: 0.3301551279449463, Validation loss: 0.6383864095211029, Validation accuracy: 0.8213
Adjusting learning rate of group 0 to 1.0000e-01.
Epoch: 46, Train loss: 0.33823797422885893, Validation loss: 0.5870857570648194, Validation accuracy: 0.8343
Adjusting learning rate of group 0 to 1.0000e-01.
Epoch: 47, Train loss: 0.3326818960380554, Validation loss: 0.42128261260986327, Validation accuracy: 0.862
Adjusting learning rate of group 0 to 1.0000e-01.
Epoch: 48, Train loss: 0.33002201356887817, Validation loss: 0.5822038724660873, Validation accuracy: 0.8193
Adjusting learning rate of group 0 to 1.0000e-01.
Epoch: 49, Train loss: 0.32662730672836304, Validation loss: 0.6887769025802613, Validation accuracy: 0.8018
Adjusting learning rate of group 0 to 1.0000e-01.
Epoch: 50, Train loss: 0.3312455700111389, Validation loss: 0.5044752524614334, Validation accuracy: 0.8398
Adjusting learning rate of group 0 to 1.0000e-01.
Epoch: 51, Train loss: 0.3228285553741455, Validation loss: 0.4342514274597168, Validation accuracy: 0.8627
Adjusting learning rate of group 0 to 1.0000e-01.
Epoch: 52, Train loss: 0.3320448439884186, Validation loss: 0.6674494220733642, Validation accuracy: 0.7986
Adjusting learning rate of group 0 to 1.0000e-01.
Epoch: 53, Train loss: 0.3282971289730072, Validation loss: 0.6652730250358582, Validation accuracy: 0.8163
Adjusting learning rate of group 0 to 1.0000e-01.
Epoch: 54, Train loss: 0.3181785418701172, Validation loss: 0.5623483582496643, Validation accuracy: 0.8365
Adjusting learning rate of group 0 to 1.0000e-01.
Epoch: 55, Train loss: 0.3193657008552551, Validation loss: 0.7404122214794159, Validation accuracy: 0.8031
Adjusting learning rate of group 0 to 1.0000e-01.
Epoch: 56, Train loss: 0.32321218006134034, Validation loss: 0.47831404509544373, Validation accuracy: 0.8537
Adjusting learning rate of group 0 to 1.0000e-01.
Epoch: 57, Train loss: 0.31497011031627653, Validation loss: 0.5586295263290405, Validation accuracy: 0.8242
Adjusting learning rate of group 0 to 1.0000e-01.
Epoch: 58, Train loss: 0.321473840637207, Validation loss: 0.4964883382320404, Validation accuracy: 0.8511
Adjusting learning rate of group 0 to 1.0000e-01.
Epoch: 59, Train loss: 0.31331803672790526, Validation loss: 0.4312497428417206, Validation accuracy: 0.8588
Adjusting learning rate of group 0 to 1.0000e-01.
Epoch: 60, Train loss: 0.31896328994274137, Validation loss: 0.5263944269657135, Validation accuracy: 0.8487
Adjusting learning rate of group 0 to 1.0000e-01.
Epoch: 61, Train loss: 0.315916385679245, Validation loss: 0.6063492121219635, Validation accuracy: 0.8288
Adjusting learning rate of group 0 to 1.0000e-01.
Epoch: 62, Train loss: 0.31376727944374083, Validation loss: 0.44299811158180236, Validation accuracy: 0.858
Adjusting learning rate of group 0 to 1.0000e-01.
Epoch: 63, Train loss: 0.3102425388240814, Validation loss: 0.5903945818901062, Validation accuracy: 0.8202
Adjusting learning rate of group 0 to 1.0000e-01.
Epoch: 64, Train loss: 0.3092319705104828, Validation loss: 0.5838111487388611, Validation accuracy: 0.8249
Adjusting learning rate of group 0 to 1.0000e-01.
Epoch: 65, Train loss: 0.3068037306880951, Validation loss: 0.5283054263114929, Validation accuracy: 0.8468
Adjusting learning rate of group 0 to 1.0000e-01.
Epoch: 66, Train loss: 0.3090032703590393, Validation loss: 0.6218343448638916, Validation accuracy: 0.8193
Adjusting learning rate of group 0 to 1.0000e-01.
Epoch: 67, Train loss: 0.3099578688383102, Validation loss: 0.5991317235946655, Validation accuracy: 0.8017
Adjusting learning rate of group 0 to 1.0000e-01.
Epoch: 68, Train loss: 0.31374394470214845, Validation loss: 0.6664778038978577, Validation accuracy: 0.8173
Adjusting learning rate of group 0 to 1.0000e-01.
Epoch: 69, Train loss: 0.30952605392456056, Validation loss: 0.5081817598342896, Validation accuracy: 0.8359
Adjusting learning rate of group 0 to 1.0000e-01.
Epoch: 70, Train loss: 0.30872987827301024, Validation loss: 0.49050424346923827, Validation accuracy: 0.8503
Adjusting learning rate of group 0 to 1.0000e-01.
Epoch: 71, Train loss: 0.3057825088024139, Validation loss: 0.5402343482971191, Validation accuracy: 0.8386
Adjusting learning rate of group 0 to 1.0000e-01.
Epoch: 72, Train loss: 0.30420428564071655, Validation loss: 0.478421767616272, Validation accuracy: 0.8453
Adjusting learning rate of group 0 to 1.0000e-01.
Epoch: 73, Train loss: 0.2969875490188599, Validation loss: 0.4889064028263092, Validation accuracy: 0.8536
Adjusting learning rate of group 0 to 1.0000e-01.
Epoch: 74, Train loss: 0.312340848608017, Validation loss: 0.9073506844520569, Validation accuracy: 0.7817
Adjusting learning rate of group 0 to 1.0000e-01.
Epoch: 75, Train loss: 0.3003957017326355, Validation loss: 0.5488642478942871, Validation accuracy: 0.8175
Adjusting learning rate of group 0 to 1.0000e-01.
Epoch: 76, Train loss: 0.2994230311870575, Validation loss: 0.49031218214035033, Validation accuracy: 0.8474
Adjusting learning rate of group 0 to 1.0000e-01.
Epoch: 77, Train loss: 0.3027217570018768, Validation loss: 0.6332884946346283, Validation accuracy: 0.8145
Adjusting learning rate of group 0 to 1.0000e-01.
Epoch: 78, Train loss: 0.30007650763988497, Validation loss: 0.49810968022346497, Validation accuracy: 0.8434
Adjusting learning rate of group 0 to 1.0000e-01.
Epoch: 79, Train loss: 0.29789429358959196, Validation loss: 0.6840154750823975, Validation accuracy: 0.8188
Adjusting learning rate of group 0 to 1.0000e-01.
Epoch: 80, Train loss: 0.30135919130325317, Validation loss: 0.4519514587879181, Validation accuracy: 0.8497
Adjusting learning rate of group 0 to 1.0000e-01.
Epoch: 81, Train loss: 0.2951428634929657, Validation loss: 0.4078923847198486, Validation accuracy: 0.8577
Adjusting learning rate of group 0 to 1.0000e-01.
Epoch: 82, Train loss: 0.3018841439723968, Validation loss: 0.5439818946361542, Validation accuracy: 0.8437
Adjusting learning rate of group 0 to 1.0000e-01.
Epoch: 83, Train loss: 0.295958177022934, Validation loss: 0.5101901541233063, Validation accuracy: 0.8546
Adjusting learning rate of group 0 to 1.0000e-01.
Epoch: 84, Train loss: 0.3062558589267731, Validation loss: 0.6506707511901856, Validation accuracy: 0.8261
Adjusting learning rate of group 0 to 1.0000e-01.
Epoch: 85, Train loss: 0.30064989117622376, Validation loss: 0.5279879538059234, Validation accuracy: 0.8324
Adjusting learning rate of group 0 to 1.0000e-01.
Epoch: 86, Train loss: 0.29683484114646913, Validation loss: 0.5151522049427032, Validation accuracy: 0.8389
Adjusting learning rate of group 0 to 1.0000e-01.
Epoch: 87, Train loss: 0.3067689221000671, Validation loss: 0.4780423976898193, Validation accuracy: 0.8556
Adjusting learning rate of group 0 to 1.0000e-01.
Epoch: 88, Train loss: 0.2977234511375427, Validation loss: 0.626409038066864, Validation accuracy: 0.8119
Adjusting learning rate of group 0 to 1.0000e-01.
Epoch: 89, Train loss: 0.29677367404937743, Validation loss: 0.4786441358089447, Validation accuracy: 0.8584
Adjusting learning rate of group 0 to 1.0000e-01.
Epoch: 90, Train loss: 0.2889532950782776, Validation loss: 0.5033154799342155, Validation accuracy: 0.8532
Adjusting learning rate of group 0 to 1.0000e-01.
Epoch: 91, Train loss: 0.29244380913734436, Validation loss: 0.4207750051021576, Validation accuracy: 0.8588
Adjusting learning rate of group 0 to 1.0000e-01.
Epoch: 92, Train loss: 0.28981503264427183, Validation loss: 0.5455578464508056, Validation accuracy: 0.8451
Adjusting learning rate of group 0 to 1.0000e-01.
Epoch: 93, Train loss: 0.28736414496421814, Validation loss: 0.508918839597702, Validation accuracy: 0.8398
Adjusting learning rate of group 0 to 1.0000e-01.
Epoch: 94, Train loss: 0.296085016002655, Validation loss: 0.7031676746845246, Validation accuracy: 0.8141
Adjusting learning rate of group 0 to 1.0000e-01.
Epoch: 95, Train loss: 0.2861742676353455, Validation loss: 0.37429466724395755, Validation accuracy: 0.8722
Adjusting learning rate of group 0 to 1.0000e-01.
Epoch: 96, Train loss: 0.28715068985939024, Validation loss: 0.5182010089039802, Validation accuracy: 0.854
Adjusting learning rate of group 0 to 1.0000e-01.
Epoch: 97, Train loss: 0.29661277549743653, Validation loss: 0.561501367855072, Validation accuracy: 0.8527
Adjusting learning rate of group 0 to 1.0000e-01.
Epoch: 98, Train loss: 0.28709283512592315, Validation loss: 0.5803494491577148, Validation accuracy: 0.831
Adjusting learning rate of group 0 to 1.0000e-01.
Epoch: 99, Train loss: 0.28811667934894564, Validation loss: 0.6315059329986572, Validation accuracy: 0.7954
Adjusting learning rate of group 0 to 1.0000e-02.
Epoch: 100, Train loss: 0.29241768471717833, Validation loss: 0.47523172340393066, Validation accuracy: 0.8626
Adjusting learning rate of group 0 to 1.0000e-02.
Epoch: 101, Train loss: 0.15937730938196182, Validation loss: 0.2922361673355103, Validation accuracy: 0.9135
Adjusting learning rate of group 0 to 1.0000e-02.
Epoch: 102, Train loss: 0.12303919182777405, Validation loss: 0.28265581474304197, Validation accuracy: 0.9165
Adjusting learning rate of group 0 to 1.0000e-02.
Epoch: 103, Train loss: 0.10793089643955231, Validation loss: 0.2808401096820831, Validation accuracy: 0.9164
Adjusting learning rate of group 0 to 1.0000e-02.
Epoch: 104, Train loss: 0.10119811701178551, Validation loss: 0.2802044090270996, Validation accuracy: 0.918
Adjusting learning rate of group 0 to 1.0000e-02.
Epoch: 105, Train loss: 0.09152557152986526, Validation loss: 0.2896718566894531, Validation accuracy: 0.9189
Adjusting learning rate of group 0 to 1.0000e-02.
Epoch: 106, Train loss: 0.08693390837907791, Validation loss: 0.2943294445037842, Validation accuracy: 0.9191
Adjusting learning rate of group 0 to 1.0000e-02.
Epoch: 107, Train loss: 0.07978949023246765, Validation loss: 0.3212935874462128, Validation accuracy: 0.919
Adjusting learning rate of group 0 to 1.0000e-02.
Epoch: 108, Train loss: 0.07715239265203476, Validation loss: 0.31398429012298584, Validation accuracy: 0.9171
Adjusting learning rate of group 0 to 1.0000e-02.
Epoch: 109, Train loss: 0.07233405105113982, Validation loss: 0.3181610273361206, Validation accuracy: 0.9184
Adjusting learning rate of group 0 to 1.0000e-02.
Epoch: 110, Train loss: 0.06834031393289566, Validation loss: 0.31506104459762574, Validation accuracy: 0.9221
Adjusting learning rate of group 0 to 1.0000e-02.
Epoch: 111, Train loss: 0.06441501935362816, Validation loss: 0.32249925327301027, Validation accuracy: 0.9184
Adjusting learning rate of group 0 to 1.0000e-02.
Epoch: 112, Train loss: 0.06055117541432381, Validation loss: 0.3321851418495178, Validation accuracy: 0.9236
Adjusting learning rate of group 0 to 1.0000e-02.
Epoch: 113, Train loss: 0.05963510896325112, Validation loss: 0.3475759746551514, Validation accuracy: 0.918
Adjusting learning rate of group 0 to 1.0000e-02.
Epoch: 114, Train loss: 0.059005341321229934, Validation loss: 0.34052107815742494, Validation accuracy: 0.9202
Adjusting learning rate of group 0 to 1.0000e-02.
Epoch: 115, Train loss: 0.05564725929319859, Validation loss: 0.32034504194259644, Validation accuracy: 0.9217
Adjusting learning rate of group 0 to 1.0000e-02.
Epoch: 116, Train loss: 0.05452729945898056, Validation loss: 0.34092880573272705, Validation accuracy: 0.9205
Adjusting learning rate of group 0 to 1.0000e-02.
Epoch: 117, Train loss: 0.05306693429112434, Validation loss: 0.3499778461456299, Validation accuracy: 0.9219
Adjusting learning rate of group 0 to 1.0000e-02.
Epoch: 118, Train loss: 0.0525821395868063, Validation loss: 0.3429648087978363, Validation accuracy: 0.9217
Adjusting learning rate of group 0 to 1.0000e-02.
Epoch: 119, Train loss: 0.04670541924238205, Validation loss: 0.36537133111953735, Validation accuracy: 0.9231
Adjusting learning rate of group 0 to 1.0000e-02.
Epoch: 120, Train loss: 0.046137874276638034, Validation loss: 0.396133163690567, Validation accuracy: 0.9153
Adjusting learning rate of group 0 to 1.0000e-02.
Epoch: 121, Train loss: 0.04840619613647461, Validation loss: 0.36254344067573546, Validation accuracy: 0.9192
Adjusting learning rate of group 0 to 1.0000e-02.
Epoch: 122, Train loss: 0.04589826790213585, Validation loss: 0.37069695677757264, Validation accuracy: 0.9219
Adjusting learning rate of group 0 to 1.0000e-02.
Epoch: 123, Train loss: 0.04145586090505123, Validation loss: 0.3810479538440704, Validation accuracy: 0.9186
Adjusting learning rate of group 0 to 1.0000e-02.
Epoch: 124, Train loss: 0.04291885499536991, Validation loss: 0.39185855939388275, Validation accuracy: 0.9195
Adjusting learning rate of group 0 to 1.0000e-02.
Epoch: 125, Train loss: 0.04372216372847557, Validation loss: 0.37503758170604706, Validation accuracy: 0.9186
Adjusting learning rate of group 0 to 1.0000e-02.
Epoch: 126, Train loss: 0.04137814208209514, Validation loss: 0.3802330704689026, Validation accuracy: 0.9203
Adjusting learning rate of group 0 to 1.0000e-02.
Epoch: 127, Train loss: 0.04071246526896954, Validation loss: 0.39773816423416136, Validation accuracy: 0.9223
Adjusting learning rate of group 0 to 1.0000e-02.
Epoch: 128, Train loss: 0.0379250159072876, Validation loss: 0.42721203560829163, Validation accuracy: 0.9192
Adjusting learning rate of group 0 to 1.0000e-02.
Epoch: 129, Train loss: 0.039200780951678754, Validation loss: 0.4199677737236023, Validation accuracy: 0.9191
Adjusting learning rate of group 0 to 1.0000e-02.
Epoch: 130, Train loss: 0.03924815715789795, Validation loss: 0.4257662815570831, Validation accuracy: 0.9169
Adjusting learning rate of group 0 to 1.0000e-02.
Epoch: 131, Train loss: 0.03879442081451416, Validation loss: 0.39516156406402586, Validation accuracy: 0.9215
Adjusting learning rate of group 0 to 1.0000e-02.
Epoch: 132, Train loss: 0.039626752613186836, Validation loss: 0.39603773226737976, Validation accuracy: 0.9199
Adjusting learning rate of group 0 to 1.0000e-02.
Epoch: 133, Train loss: 0.036423575395345686, Validation loss: 0.41318135795593264, Validation accuracy: 0.9184
Adjusting learning rate of group 0 to 1.0000e-02.
Epoch: 134, Train loss: 0.03724318357169628, Validation loss: 0.4188615663528442, Validation accuracy: 0.9199
Adjusting learning rate of group 0 to 1.0000e-02.
Epoch: 135, Train loss: 0.03723699516773224, Validation loss: 0.4724601666927338, Validation accuracy: 0.9117
Adjusting learning rate of group 0 to 1.0000e-02.
Epoch: 136, Train loss: 0.03588051545709372, Validation loss: 0.4324441947460175, Validation accuracy: 0.9175
Adjusting learning rate of group 0 to 1.0000e-02.
Epoch: 137, Train loss: 0.03837523499071598, Validation loss: 0.4135599369049072, Validation accuracy: 0.9184
Adjusting learning rate of group 0 to 1.0000e-02.
Epoch: 138, Train loss: 0.037277191766798494, Validation loss: 0.4447274872779846, Validation accuracy: 0.9157
Adjusting learning rate of group 0 to 1.0000e-02.
Epoch: 139, Train loss: 0.0333363544434309, Validation loss: 0.445104163646698, Validation accuracy: 0.9193
Adjusting learning rate of group 0 to 1.0000e-02.
Epoch: 140, Train loss: 0.03447121497005224, Validation loss: 0.43465345106124875, Validation accuracy: 0.921
Adjusting learning rate of group 0 to 1.0000e-02.
Epoch: 141, Train loss: 0.03933026124179363, Validation loss: 0.45175576763153075, Validation accuracy: 0.9126
Adjusting learning rate of group 0 to 1.0000e-02.
Epoch: 142, Train loss: 0.03665175912797451, Validation loss: 0.43245733280181886, Validation accuracy: 0.9165
Adjusting learning rate of group 0 to 1.0000e-02.
Epoch: 143, Train loss: 0.03322591323256493, Validation loss: 0.4392175085067749, Validation accuracy: 0.9166
Adjusting learning rate of group 0 to 1.0000e-02.
Epoch: 144, Train loss: 0.034939955923855306, Validation loss: 0.41799610357284545, Validation accuracy: 0.9208
Adjusting learning rate of group 0 to 1.0000e-02.
Epoch: 145, Train loss: 0.033901170442700385, Validation loss: 0.4269606508255005, Validation accuracy: 0.9181
Adjusting learning rate of group 0 to 1.0000e-02.
Epoch: 146, Train loss: 0.03504540785253048, Validation loss: 0.4184998703956604, Validation accuracy: 0.9198
Adjusting learning rate of group 0 to 1.0000e-02.
Epoch: 147, Train loss: 0.03760960832893848, Validation loss: 0.410723828792572, Validation accuracy: 0.9191
Adjusting learning rate of group 0 to 1.0000e-02.
Epoch: 148, Train loss: 0.03646552036166191, Validation loss: 0.45558494868278504, Validation accuracy: 0.9127
Adjusting learning rate of group 0 to 1.0000e-02.
Epoch: 149, Train loss: 0.03487435622885823, Validation loss: 0.42602121729850767, Validation accuracy: 0.9196
Adjusting learning rate of group 0 to 1.0000e-03.
Epoch: 150, Train loss: 0.0359566109880805, Validation loss: 0.44354220762252805, Validation accuracy: 0.9179
Adjusting learning rate of group 0 to 1.0000e-03.
Epoch: 151, Train loss: 0.024761135076209903, Validation loss: 0.3969168863296509, Validation accuracy: 0.9227
Adjusting learning rate of group 0 to 1.0000e-03.
Epoch: 152, Train loss: 0.01780007516786456, Validation loss: 0.39768580331802367, Validation accuracy: 0.9246
Adjusting learning rate of group 0 to 1.0000e-03.
Epoch: 153, Train loss: 0.015151434203386306, Validation loss: 0.4065865497589111, Validation accuracy: 0.9245
Adjusting learning rate of group 0 to 1.0000e-03.
Epoch: 154, Train loss: 0.013745638063848018, Validation loss: 0.40888506202697755, Validation accuracy: 0.9257
Adjusting learning rate of group 0 to 1.0000e-03.
Epoch: 155, Train loss: 0.012059032550156116, Validation loss: 0.4206321939468384, Validation accuracy: 0.9251
Adjusting learning rate of group 0 to 1.0000e-03.
Epoch: 156, Train loss: 0.012037983003780246, Validation loss: 0.4261362557411194, Validation accuracy: 0.9259
Adjusting learning rate of group 0 to 1.0000e-03.
Epoch: 157, Train loss: 0.011749692273065448, Validation loss: 0.43045677661895754, Validation accuracy: 0.9258
Adjusting learning rate of group 0 to 1.0000e-03.
Epoch: 158, Train loss: 0.010231271965503693, Validation loss: 0.4351020139694214, Validation accuracy: 0.9251
Adjusting learning rate of group 0 to 1.0000e-03.
Epoch: 159, Train loss: 0.009799280917141587, Validation loss: 0.44016575536727903, Validation accuracy: 0.9254
Adjusting learning rate of group 0 to 1.0000e-03.
Epoch: 160, Train loss: 0.00906278344631195, Validation loss: 0.44243270120620726, Validation accuracy: 0.9263
Adjusting learning rate of group 0 to 1.0000e-03.
Epoch: 161, Train loss: 0.008640345538277179, Validation loss: 0.44439220752716063, Validation accuracy: 0.9254
Adjusting learning rate of group 0 to 1.0000e-03.
Epoch: 162, Train loss: 0.00802819907553494, Validation loss: 0.4593174412727356, Validation accuracy: 0.9267
Adjusting learning rate of group 0 to 1.0000e-03.
Epoch: 163, Train loss: 0.008344015052914619, Validation loss: 0.46535115079879763, Validation accuracy: 0.9244
Adjusting learning rate of group 0 to 1.0000e-03.
Epoch: 164, Train loss: 0.007994267005324364, Validation loss: 0.4661129252910614, Validation accuracy: 0.925
Adjusting learning rate of group 0 to 1.0000e-03.
Epoch: 165, Train loss: 0.008908588110823184, Validation loss: 0.46137183213233945, Validation accuracy: 0.9237
Adjusting learning rate of group 0 to 1.0000e-03.
Epoch: 166, Train loss: 0.008147536594718695, Validation loss: 0.46666576170921326, Validation accuracy: 0.9234
Adjusting learning rate of group 0 to 1.0000e-03.
Epoch: 167, Train loss: 0.006514798174425959, Validation loss: 0.4693253210544586, Validation accuracy: 0.924
Adjusting learning rate of group 0 to 1.0000e-03.
Epoch: 168, Train loss: 0.008083202976100146, Validation loss: 0.47422950286865234, Validation accuracy: 0.9242
Adjusting learning rate of group 0 to 1.0000e-03.
Epoch: 169, Train loss: 0.00718393678618595, Validation loss: 0.4820054733276367, Validation accuracy: 0.926
Adjusting learning rate of group 0 to 1.0000e-03.
Epoch: 170, Train loss: 0.00638325803110376, Validation loss: 0.48690013108253477, Validation accuracy: 0.9242
Adjusting learning rate of group 0 to 1.0000e-03.
Epoch: 171, Train loss: 0.006561335372366011, Validation loss: 0.48953446073532103, Validation accuracy: 0.9244
Adjusting learning rate of group 0 to 1.0000e-03.
Epoch: 172, Train loss: 0.0067539510253071785, Validation loss: 0.49797034854888916, Validation accuracy: 0.9247
Adjusting learning rate of group 0 to 1.0000e-03.
Epoch: 173, Train loss: 0.006868642865456641, Validation loss: 0.49061305236816405, Validation accuracy: 0.9262
Adjusting learning rate of group 0 to 1.0000e-03.
Epoch: 174, Train loss: 0.0067542091202177105, Validation loss: 0.48887216534614564, Validation accuracy: 0.9256
Adjusting learning rate of group 0 to 1.0000e-03.
Epoch: 175, Train loss: 0.006535284536369145, Validation loss: 0.49365972967147825, Validation accuracy: 0.925
Adjusting learning rate of group 0 to 1.0000e-03.
Epoch: 176, Train loss: 0.005736062175733968, Validation loss: 0.5011777825832366, Validation accuracy: 0.9248
Adjusting learning rate of group 0 to 1.0000e-03.
Epoch: 177, Train loss: 0.0062881416519917546, Validation loss: 0.5092566490650177, Validation accuracy: 0.9253
Adjusting learning rate of group 0 to 1.0000e-03.
Epoch: 178, Train loss: 0.005613662645611912, Validation loss: 0.5165498339176178, Validation accuracy: 0.9249
Adjusting learning rate of group 0 to 1.0000e-03.
Epoch: 179, Train loss: 0.005498608839213848, Validation loss: 0.5101700969696045, Validation accuracy: 0.9248
Adjusting learning rate of group 0 to 1.0000e-03.
Epoch: 180, Train loss: 0.005325023304168135, Validation loss: 0.5165255375862121, Validation accuracy: 0.9235
Adjusting learning rate of group 0 to 1.0000e-03.
Epoch: 181, Train loss: 0.00549885809758678, Validation loss: 0.5252169290542602, Validation accuracy: 0.9235
Adjusting learning rate of group 0 to 1.0000e-03.
Epoch: 182, Train loss: 0.005517947175642476, Validation loss: 0.5234227375030518, Validation accuracy: 0.9244
Adjusting learning rate of group 0 to 1.0000e-03.
Epoch: 183, Train loss: 0.0042976706887595355, Validation loss: 0.5252651534557342, Validation accuracy: 0.9251
Adjusting learning rate of group 0 to 1.0000e-03.
Epoch: 184, Train loss: 0.005392088948788587, Validation loss: 0.5278561685562134, Validation accuracy: 0.9247
Adjusting learning rate of group 0 to 1.0000e-03.
Epoch: 185, Train loss: 0.005113217665199191, Validation loss: 0.5333737726211548, Validation accuracy: 0.923
Adjusting learning rate of group 0 to 1.0000e-03.
Epoch: 186, Train loss: 0.005122522467430681, Validation loss: 0.5326442543029786, Validation accuracy: 0.9241
Adjusting learning rate of group 0 to 1.0000e-03.
Epoch: 187, Train loss: 0.004499431790914387, Validation loss: 0.537850095462799, Validation accuracy: 0.9226
Adjusting learning rate of group 0 to 1.0000e-03.
Epoch: 188, Train loss: 0.004484230554010719, Validation loss: 0.5294816438674926, Validation accuracy: 0.9233
Adjusting learning rate of group 0 to 1.0000e-03.
Epoch: 189, Train loss: 0.00438150748975575, Validation loss: 0.5342197840690612, Validation accuracy: 0.9238
Adjusting learning rate of group 0 to 1.0000e-03.
Epoch: 190, Train loss: 0.005002797106783837, Validation loss: 0.5407504205703735, Validation accuracy: 0.9232
Adjusting learning rate of group 0 to 1.0000e-03.
Epoch: 191, Train loss: 0.005096228590961546, Validation loss: 0.5425838159561157, Validation accuracy: 0.9239
Adjusting learning rate of group 0 to 1.0000e-03.
Epoch: 192, Train loss: 0.00459540187460836, Validation loss: 0.5389386267662049, Validation accuracy: 0.9243
Adjusting learning rate of group 0 to 1.0000e-03.
Epoch: 193, Train loss: 0.005029754072045907, Validation loss: 0.5398709124565124, Validation accuracy: 0.9246
Adjusting learning rate of group 0 to 1.0000e-03.
Epoch: 194, Train loss: 0.004223190631628968, Validation loss: 0.5394446343421936, Validation accuracy: 0.925
Adjusting learning rate of group 0 to 1.0000e-03.
Epoch: 195, Train loss: 0.00461596673741471, Validation loss: 0.5387043409347534, Validation accuracy: 0.9257
Adjusting learning rate of group 0 to 1.0000e-03.
Epoch: 196, Train loss: 0.004006548328670906, Validation loss: 0.5499959891319275, Validation accuracy: 0.925
Adjusting learning rate of group 0 to 1.0000e-03.
Epoch: 197, Train loss: 0.00469773074046243, Validation loss: 0.5567331636428833, Validation accuracy: 0.9246
Adjusting learning rate of group 0 to 1.0000e-03.
Epoch: 198, Train loss: 0.004430046075722203, Validation loss: 0.5497482078075409, Validation accuracy: 0.9244
Adjusting learning rate of group 0 to 1.0000e-03.
Epoch: 199, Train loss: 0.004367501261937432, Validation loss: 0.5527702754974365, Validation accuracy: 0.9249
Accuracy: 0.9249, Parameters: 874
