['ResNet-Tensorized.py', '--ranks', '3', '2', '--space_rank', '6', '--seed', '2', '--device', 'cuda:1']
Initializing dataloader
Files already downloaded and verified
Files already downloaded and verified
Dataloader has initialized
Initializing model
Adjusting learning rate of group 0 to 1.0000e-02.
Model initialized
Testing model
Tests passed
Adjusting learning rate of group 0 to 2.0000e-02.
Epoch: 0, Train loss: 1.8712819930648803, Validation loss: 1.6325424291610717, Validation accuracy: 0.3933
Adjusting learning rate of group 0 to 3.0000e-02.
Epoch: 1, Train loss: 1.4853242132949829, Validation loss: 1.5005783603668212, Validation accuracy: 0.4816
Adjusting learning rate of group 0 to 4.0000e-02.
Epoch: 2, Train loss: 1.2511756830596923, Validation loss: 1.437527805519104, Validation accuracy: 0.5245
Adjusting learning rate of group 0 to 5.0000e-02.
Epoch: 3, Train loss: 1.1322644646072388, Validation loss: 1.1992939441680908, Validation accuracy: 0.5828
Adjusting learning rate of group 0 to 6.0000e-02.
Epoch: 4, Train loss: 1.0447103100204467, Validation loss: 1.105145302772522, Validation accuracy: 0.6161
Adjusting learning rate of group 0 to 7.0000e-02.
Epoch: 5, Train loss: 0.9757035120773315, Validation loss: 1.3302363361358642, Validation accuracy: 0.5739
Adjusting learning rate of group 0 to 8.0000e-02.
Epoch: 6, Train loss: 0.929823007850647, Validation loss: 1.1363691549301147, Validation accuracy: 0.6304
Adjusting learning rate of group 0 to 9.0000e-02.
Epoch: 7, Train loss: 0.883882460861206, Validation loss: 1.3748295427322388, Validation accuracy: 0.5486
Adjusting learning rate of group 0 to 1.0000e-01.
Epoch: 8, Train loss: 0.8655337753295899, Validation loss: 0.9006772764205933, Validation accuracy: 0.6809
Adjusting learning rate of group 0 to 1.0000e-01.
Epoch: 9, Train loss: 0.8411677067756653, Validation loss: 0.9062550426483155, Validation accuracy: 0.6951
Adjusting learning rate of group 0 to 1.0000e-01.
Epoch: 10, Train loss: 0.8043573340797424, Validation loss: 0.9423869740486145, Validation accuracy: 0.6912
Adjusting learning rate of group 0 to 1.0000e-01.
Epoch: 11, Train loss: 0.7862507915306092, Validation loss: 0.904822847366333, Validation accuracy: 0.6826
Adjusting learning rate of group 0 to 1.0000e-01.
Epoch: 12, Train loss: 0.7626916610717773, Validation loss: 1.0606075286865235, Validation accuracy: 0.6688
Adjusting learning rate of group 0 to 1.0000e-01.
Epoch: 13, Train loss: 0.7548073064422608, Validation loss: 1.2242878165245057, Validation accuracy: 0.6191
Adjusting learning rate of group 0 to 1.0000e-01.
Epoch: 14, Train loss: 0.737475318145752, Validation loss: 1.0840917616844177, Validation accuracy: 0.6682
Adjusting learning rate of group 0 to 1.0000e-01.
Epoch: 15, Train loss: 0.7267463137817383, Validation loss: 1.2530390436172485, Validation accuracy: 0.6396
Adjusting learning rate of group 0 to 1.0000e-01.
Epoch: 16, Train loss: 0.7263384007644653, Validation loss: 1.0251975328445435, Validation accuracy: 0.6752
Adjusting learning rate of group 0 to 1.0000e-01.
Epoch: 17, Train loss: 0.7139690836906433, Validation loss: 0.961972764492035, Validation accuracy: 0.6886
Adjusting learning rate of group 0 to 1.0000e-01.
Epoch: 18, Train loss: 0.7038107430648803, Validation loss: 1.1009948406219483, Validation accuracy: 0.6758
Adjusting learning rate of group 0 to 1.0000e-01.
Epoch: 19, Train loss: 0.7007098407363892, Validation loss: 0.945484266090393, Validation accuracy: 0.703
Adjusting learning rate of group 0 to 1.0000e-01.
Epoch: 20, Train loss: 0.6961767920303344, Validation loss: 0.820614130973816, Validation accuracy: 0.7111
Adjusting learning rate of group 0 to 1.0000e-01.
Epoch: 21, Train loss: 0.6908503382301331, Validation loss: 0.875043441104889, Validation accuracy: 0.7137
Adjusting learning rate of group 0 to 1.0000e-01.
Epoch: 22, Train loss: 0.6846004808807373, Validation loss: 0.9066626828193665, Validation accuracy: 0.6946
Adjusting learning rate of group 0 to 1.0000e-01.
Epoch: 23, Train loss: 0.6799103973960876, Validation loss: 0.85690954246521, Validation accuracy: 0.7243
Adjusting learning rate of group 0 to 1.0000e-01.
Epoch: 24, Train loss: 0.6787137874794006, Validation loss: 0.8709035055160522, Validation accuracy: 0.7131
Adjusting learning rate of group 0 to 1.0000e-01.
Epoch: 25, Train loss: 0.6768689999008178, Validation loss: 1.5422393815994262, Validation accuracy: 0.5912
Adjusting learning rate of group 0 to 1.0000e-01.
Epoch: 26, Train loss: 0.6731450310516357, Validation loss: 1.101113192176819, Validation accuracy: 0.6699
Adjusting learning rate of group 0 to 1.0000e-01.
Epoch: 27, Train loss: 0.6656302969932556, Validation loss: 0.9596124976158142, Validation accuracy: 0.6843
Adjusting learning rate of group 0 to 1.0000e-01.
Epoch: 28, Train loss: 0.6624201765823364, Validation loss: 0.8560549100875855, Validation accuracy: 0.7139
Adjusting learning rate of group 0 to 1.0000e-01.
Epoch: 29, Train loss: 0.6684256405830383, Validation loss: 0.8945676393508911, Validation accuracy: 0.7227
Adjusting learning rate of group 0 to 1.0000e-01.
Epoch: 30, Train loss: 0.662948318862915, Validation loss: 0.8462200242042541, Validation accuracy: 0.7027
Adjusting learning rate of group 0 to 1.0000e-01.
Epoch: 31, Train loss: 0.6621888592910766, Validation loss: 0.7965461402893066, Validation accuracy: 0.7248
Adjusting learning rate of group 0 to 1.0000e-01.
Epoch: 32, Train loss: 0.6575615697860718, Validation loss: 0.7942848762512207, Validation accuracy: 0.7226
Adjusting learning rate of group 0 to 1.0000e-01.
Epoch: 33, Train loss: 0.652847765827179, Validation loss: 0.9549969396591187, Validation accuracy: 0.6972
Adjusting learning rate of group 0 to 1.0000e-01.
Epoch: 34, Train loss: 0.648323145160675, Validation loss: 1.2049911539077758, Validation accuracy: 0.6756
Adjusting learning rate of group 0 to 1.0000e-01.
Epoch: 35, Train loss: 0.6432854615402221, Validation loss: 0.8857562998771668, Validation accuracy: 0.7097
Adjusting learning rate of group 0 to 1.0000e-01.
Epoch: 36, Train loss: 0.6439153433799744, Validation loss: 1.0479468126296998, Validation accuracy: 0.6504
Adjusting learning rate of group 0 to 1.0000e-01.
Epoch: 37, Train loss: 0.6438141037750245, Validation loss: 0.7964747493743897, Validation accuracy: 0.7333
Adjusting learning rate of group 0 to 1.0000e-01.
Epoch: 38, Train loss: 0.6379920397567749, Validation loss: 0.7471293830871581, Validation accuracy: 0.738
Adjusting learning rate of group 0 to 1.0000e-01.
Epoch: 39, Train loss: 0.6337368926620484, Validation loss: 0.8226644454002381, Validation accuracy: 0.7206
Adjusting learning rate of group 0 to 1.0000e-01.
Epoch: 40, Train loss: 0.6310363194847107, Validation loss: 1.0924643226623536, Validation accuracy: 0.6775
Adjusting learning rate of group 0 to 1.0000e-01.
Epoch: 41, Train loss: 0.6327225449752808, Validation loss: 0.7628884851455688, Validation accuracy: 0.7461
Adjusting learning rate of group 0 to 1.0000e-01.
Epoch: 42, Train loss: 0.631688185005188, Validation loss: 1.086742081642151, Validation accuracy: 0.6587
Adjusting learning rate of group 0 to 1.0000e-01.
Epoch: 43, Train loss: 0.6294745808410644, Validation loss: 0.9232046850204467, Validation accuracy: 0.7081
Adjusting learning rate of group 0 to 1.0000e-01.
Epoch: 44, Train loss: 0.6318958619499206, Validation loss: 0.8556504476547241, Validation accuracy: 0.7078
Adjusting learning rate of group 0 to 1.0000e-01.
Epoch: 45, Train loss: 0.6238731627082825, Validation loss: 0.7948840338706971, Validation accuracy: 0.7341
Adjusting learning rate of group 0 to 1.0000e-01.
Epoch: 46, Train loss: 0.6284853829574585, Validation loss: 0.8293240314483643, Validation accuracy: 0.723
Adjusting learning rate of group 0 to 1.0000e-01.
Epoch: 47, Train loss: 0.6267783757019043, Validation loss: 0.7014850351333618, Validation accuracy: 0.7605
Adjusting learning rate of group 0 to 1.0000e-01.
Epoch: 48, Train loss: 0.6233103839874268, Validation loss: 0.7809072004795075, Validation accuracy: 0.7459
Adjusting learning rate of group 0 to 1.0000e-01.
Epoch: 49, Train loss: 0.6260646442031861, Validation loss: 1.0392735231399537, Validation accuracy: 0.6977
Adjusting learning rate of group 0 to 1.0000e-01.
Epoch: 50, Train loss: 0.6187650925636291, Validation loss: 0.7483425616264343, Validation accuracy: 0.7466
Adjusting learning rate of group 0 to 1.0000e-01.
Epoch: 51, Train loss: 0.6210636386489868, Validation loss: 0.9119132367134094, Validation accuracy: 0.7068
Adjusting learning rate of group 0 to 1.0000e-01.
Epoch: 52, Train loss: 0.6148189525413513, Validation loss: 1.227663649749756, Validation accuracy: 0.6423
Adjusting learning rate of group 0 to 1.0000e-01.
Epoch: 53, Train loss: 0.6185495032882691, Validation loss: 0.8028383277893066, Validation accuracy: 0.749
Adjusting learning rate of group 0 to 1.0000e-01.
Epoch: 54, Train loss: 0.6085400774383545, Validation loss: 1.088641489505768, Validation accuracy: 0.6716
Adjusting learning rate of group 0 to 1.0000e-01.
Epoch: 55, Train loss: 0.6148502445220947, Validation loss: 0.8062272322654724, Validation accuracy: 0.7242
Adjusting learning rate of group 0 to 1.0000e-01.
Epoch: 56, Train loss: 0.6164150808620453, Validation loss: 0.9980126392364502, Validation accuracy: 0.6897
Adjusting learning rate of group 0 to 1.0000e-01.
Epoch: 57, Train loss: 0.6225636754226684, Validation loss: 0.7621477347373963, Validation accuracy: 0.7496
Adjusting learning rate of group 0 to 1.0000e-01.
Epoch: 58, Train loss: 0.6157967273330689, Validation loss: 0.6923993165016175, Validation accuracy: 0.7662
Adjusting learning rate of group 0 to 1.0000e-01.
Epoch: 59, Train loss: 0.6100902635574341, Validation loss: 0.7441522117614746, Validation accuracy: 0.7528
Adjusting learning rate of group 0 to 1.0000e-01.
Epoch: 60, Train loss: 0.6076501228904724, Validation loss: 0.7848686904907226, Validation accuracy: 0.7269
Adjusting learning rate of group 0 to 1.0000e-01.
Epoch: 61, Train loss: 0.6089686078262329, Validation loss: 0.6994025942802429, Validation accuracy: 0.7585
Adjusting learning rate of group 0 to 1.0000e-01.
Epoch: 62, Train loss: 0.6065167003440857, Validation loss: 0.6800632581710816, Validation accuracy: 0.7685
Adjusting learning rate of group 0 to 1.0000e-01.
Epoch: 63, Train loss: 0.6048536100387574, Validation loss: 0.8000176839828491, Validation accuracy: 0.7433
Adjusting learning rate of group 0 to 1.0000e-01.
Epoch: 64, Train loss: 0.6085712650108337, Validation loss: 0.8065846014022827, Validation accuracy: 0.7256
Adjusting learning rate of group 0 to 1.0000e-01.
Epoch: 65, Train loss: 0.6101975887107849, Validation loss: 0.7569103349685669, Validation accuracy: 0.7428
Adjusting learning rate of group 0 to 1.0000e-01.
Epoch: 66, Train loss: 0.611186862449646, Validation loss: 0.9837018144607544, Validation accuracy: 0.682
Adjusting learning rate of group 0 to 1.0000e-01.
Epoch: 67, Train loss: 0.6116027847480774, Validation loss: 0.7267846378326416, Validation accuracy: 0.7533
Adjusting learning rate of group 0 to 1.0000e-01.
Epoch: 68, Train loss: 0.5966040582847595, Validation loss: 0.8254995858192444, Validation accuracy: 0.7414
Adjusting learning rate of group 0 to 1.0000e-01.
Epoch: 69, Train loss: 0.6053519806480407, Validation loss: 0.9180420060157776, Validation accuracy: 0.6998
Adjusting learning rate of group 0 to 1.0000e-01.
Epoch: 70, Train loss: 0.6080554085159302, Validation loss: 0.8099549396514892, Validation accuracy: 0.745
Adjusting learning rate of group 0 to 1.0000e-01.
Epoch: 71, Train loss: 0.6000848064994811, Validation loss: 0.9506249525070191, Validation accuracy: 0.7068
Adjusting learning rate of group 0 to 1.0000e-01.
Epoch: 72, Train loss: 0.604247233543396, Validation loss: 0.735541205406189, Validation accuracy: 0.7524
Adjusting learning rate of group 0 to 1.0000e-01.
Epoch: 73, Train loss: 0.5991961703681946, Validation loss: 0.8628587568283081, Validation accuracy: 0.7196
Adjusting learning rate of group 0 to 1.0000e-01.
Epoch: 74, Train loss: 0.5968501596832275, Validation loss: 0.882476473236084, Validation accuracy: 0.7278
Adjusting learning rate of group 0 to 1.0000e-01.
Epoch: 75, Train loss: 0.6003652579307556, Validation loss: 0.7250154238700867, Validation accuracy: 0.7577
Adjusting learning rate of group 0 to 1.0000e-01.
Epoch: 76, Train loss: 0.5947792288398742, Validation loss: 1.0646280193328856, Validation accuracy: 0.6711
Adjusting learning rate of group 0 to 1.0000e-01.
Epoch: 77, Train loss: 0.595255872077942, Validation loss: 0.9560725446701049, Validation accuracy: 0.699
Adjusting learning rate of group 0 to 1.0000e-01.
Epoch: 78, Train loss: 0.599353454580307, Validation loss: 0.8340623587608338, Validation accuracy: 0.7208
Adjusting learning rate of group 0 to 1.0000e-01.
Epoch: 79, Train loss: 0.5988796593093872, Validation loss: 0.760225553894043, Validation accuracy: 0.7501
Adjusting learning rate of group 0 to 1.0000e-01.
Epoch: 80, Train loss: 0.5988411020278931, Validation loss: 0.8030656566619873, Validation accuracy: 0.735
Adjusting learning rate of group 0 to 1.0000e-01.
Epoch: 81, Train loss: 0.5976479075241089, Validation loss: 0.6967846494674682, Validation accuracy: 0.7602
Adjusting learning rate of group 0 to 1.0000e-01.
Epoch: 82, Train loss: 0.592024299993515, Validation loss: 0.8161138147354126, Validation accuracy: 0.7348
Adjusting learning rate of group 0 to 1.0000e-01.
Epoch: 83, Train loss: 0.5967611056137085, Validation loss: 0.8457803077697754, Validation accuracy: 0.7256
Adjusting learning rate of group 0 to 1.0000e-01.
Epoch: 84, Train loss: 0.5958915402412415, Validation loss: 0.9444173875808716, Validation accuracy: 0.7253
Adjusting learning rate of group 0 to 1.0000e-01.
Epoch: 85, Train loss: 0.5946989190292359, Validation loss: 0.7921928318977356, Validation accuracy: 0.7377
Adjusting learning rate of group 0 to 1.0000e-01.
Epoch: 86, Train loss: 0.5933918586349487, Validation loss: 0.8873551539421082, Validation accuracy: 0.7202
Adjusting learning rate of group 0 to 1.0000e-01.
Epoch: 87, Train loss: 0.6004245316123963, Validation loss: 0.8344986307144165, Validation accuracy: 0.7257
Adjusting learning rate of group 0 to 1.0000e-01.
Epoch: 88, Train loss: 0.5906302093887329, Validation loss: 0.8762211532592773, Validation accuracy: 0.7192
Adjusting learning rate of group 0 to 1.0000e-01.
Epoch: 89, Train loss: 0.5945599841499328, Validation loss: 0.808012940120697, Validation accuracy: 0.7453
Adjusting learning rate of group 0 to 1.0000e-01.
Epoch: 90, Train loss: 0.5920208372497558, Validation loss: 0.8726348363876343, Validation accuracy: 0.7276
Adjusting learning rate of group 0 to 1.0000e-01.
Epoch: 91, Train loss: 0.5928031885910034, Validation loss: 0.8524020561218262, Validation accuracy: 0.7249
Adjusting learning rate of group 0 to 1.0000e-01.
Epoch: 92, Train loss: 0.5976247520828247, Validation loss: 0.6632594766616822, Validation accuracy: 0.7729
Adjusting learning rate of group 0 to 1.0000e-01.
Epoch: 93, Train loss: 0.5919997483825684, Validation loss: 0.7791472945213318, Validation accuracy: 0.7312
Adjusting learning rate of group 0 to 1.0000e-01.
Epoch: 94, Train loss: 0.5912878929901123, Validation loss: 0.7107625094413758, Validation accuracy: 0.753
Adjusting learning rate of group 0 to 1.0000e-01.
Epoch: 95, Train loss: 0.5928270128250122, Validation loss: 0.8022954880714417, Validation accuracy: 0.7418
Adjusting learning rate of group 0 to 1.0000e-01.
Epoch: 96, Train loss: 0.5868201719760895, Validation loss: 0.6977519004821777, Validation accuracy: 0.7613
Adjusting learning rate of group 0 to 1.0000e-01.
Epoch: 97, Train loss: 0.5884725749397278, Validation loss: 1.1074607670783996, Validation accuracy: 0.6671
Adjusting learning rate of group 0 to 1.0000e-01.
Epoch: 98, Train loss: 0.5922617979335785, Validation loss: 1.0013577229499817, Validation accuracy: 0.689
Adjusting learning rate of group 0 to 1.0000e-01.
Epoch: 99, Train loss: 0.5878458115577698, Validation loss: 0.7589344628334045, Validation accuracy: 0.7425
Adjusting learning rate of group 0 to 1.0000e-02.
Epoch: 100, Train loss: 0.5893670274925232, Validation loss: 0.9681398122787476, Validation accuracy: 0.6959
Adjusting learning rate of group 0 to 1.0000e-02.
Epoch: 101, Train loss: 0.467050015668869, Validation loss: 0.4789696011543274, Validation accuracy: 0.8342
Adjusting learning rate of group 0 to 1.0000e-02.
Epoch: 102, Train loss: 0.43635781292915343, Validation loss: 0.46307676362991335, Validation accuracy: 0.8393
Adjusting learning rate of group 0 to 1.0000e-02.
Epoch: 103, Train loss: 0.42266162030220034, Validation loss: 0.4530795056343079, Validation accuracy: 0.8449
Adjusting learning rate of group 0 to 1.0000e-02.
Epoch: 104, Train loss: 0.41565282873153686, Validation loss: 0.44815460729599, Validation accuracy: 0.8461
Adjusting learning rate of group 0 to 1.0000e-02.
Epoch: 105, Train loss: 0.40925885220527647, Validation loss: 0.45359666709899904, Validation accuracy: 0.8462
Adjusting learning rate of group 0 to 1.0000e-02.
Epoch: 106, Train loss: 0.40273700112342836, Validation loss: 0.45758672046661375, Validation accuracy: 0.8464
Adjusting learning rate of group 0 to 1.0000e-02.
Epoch: 107, Train loss: 0.4028713742160797, Validation loss: 0.4557391586780548, Validation accuracy: 0.8464
Adjusting learning rate of group 0 to 1.0000e-02.
Epoch: 108, Train loss: 0.40079489714622496, Validation loss: 0.45859967374801636, Validation accuracy: 0.8419
Adjusting learning rate of group 0 to 1.0000e-02.
Epoch: 109, Train loss: 0.4000735730838776, Validation loss: 0.45866421127319335, Validation accuracy: 0.8434
Adjusting learning rate of group 0 to 1.0000e-02.
Epoch: 110, Train loss: 0.394523239402771, Validation loss: 0.4474054811000824, Validation accuracy: 0.8468
Adjusting learning rate of group 0 to 1.0000e-02.
Epoch: 111, Train loss: 0.394320746421814, Validation loss: 0.4642539070606232, Validation accuracy: 0.8417
Adjusting learning rate of group 0 to 1.0000e-02.
Epoch: 112, Train loss: 0.391168714389801, Validation loss: 0.4521445719242096, Validation accuracy: 0.8472
Adjusting learning rate of group 0 to 1.0000e-02.
Epoch: 113, Train loss: 0.39631987550735476, Validation loss: 0.45662622241973877, Validation accuracy: 0.843
Adjusting learning rate of group 0 to 1.0000e-02.
Epoch: 114, Train loss: 0.38780526970863344, Validation loss: 0.45315020141601564, Validation accuracy: 0.8463
Adjusting learning rate of group 0 to 1.0000e-02.
Epoch: 115, Train loss: 0.3889900956630707, Validation loss: 0.44754683485031127, Validation accuracy: 0.849
Adjusting learning rate of group 0 to 1.0000e-02.
Epoch: 116, Train loss: 0.3884488233757019, Validation loss: 0.4771155245304108, Validation accuracy: 0.8441
Adjusting learning rate of group 0 to 1.0000e-02.
Epoch: 117, Train loss: 0.3873077914237976, Validation loss: 0.45427363419532774, Validation accuracy: 0.847
Adjusting learning rate of group 0 to 1.0000e-02.
Epoch: 118, Train loss: 0.38438997033119204, Validation loss: 0.44912265515327454, Validation accuracy: 0.8473
Adjusting learning rate of group 0 to 1.0000e-02.
Epoch: 119, Train loss: 0.38604500193595886, Validation loss: 0.46772694215774535, Validation accuracy: 0.8432
Adjusting learning rate of group 0 to 1.0000e-02.
Epoch: 120, Train loss: 0.3857799878787994, Validation loss: 0.45181824278831484, Validation accuracy: 0.8475
Adjusting learning rate of group 0 to 1.0000e-02.
Epoch: 121, Train loss: 0.378560594997406, Validation loss: 0.4568382873058319, Validation accuracy: 0.8442
Adjusting learning rate of group 0 to 1.0000e-02.
Epoch: 122, Train loss: 0.38385127581596373, Validation loss: 0.4507144099235535, Validation accuracy: 0.8498
Adjusting learning rate of group 0 to 1.0000e-02.
Epoch: 123, Train loss: 0.3820094064617157, Validation loss: 0.46359865703582764, Validation accuracy: 0.8428
Adjusting learning rate of group 0 to 1.0000e-02.
Epoch: 124, Train loss: 0.38186298048019407, Validation loss: 0.46867958393096926, Validation accuracy: 0.8405
Adjusting learning rate of group 0 to 1.0000e-02.
Epoch: 125, Train loss: 0.38187885407447814, Validation loss: 0.4770429693698883, Validation accuracy: 0.8424
Adjusting learning rate of group 0 to 1.0000e-02.
Epoch: 126, Train loss: 0.3774248395824432, Validation loss: 0.4713409433364868, Validation accuracy: 0.8435
Adjusting learning rate of group 0 to 1.0000e-02.
Epoch: 127, Train loss: 0.37954702414512637, Validation loss: 0.47088367443084717, Validation accuracy: 0.8426
Adjusting learning rate of group 0 to 1.0000e-02.
Epoch: 128, Train loss: 0.37689808404922487, Validation loss: 0.46373442401885984, Validation accuracy: 0.8469
Adjusting learning rate of group 0 to 1.0000e-02.
Epoch: 129, Train loss: 0.3795574807929993, Validation loss: 0.48334507904052737, Validation accuracy: 0.842
Adjusting learning rate of group 0 to 1.0000e-02.
Epoch: 130, Train loss: 0.37856601383209226, Validation loss: 0.46312801084518435, Validation accuracy: 0.8471
Adjusting learning rate of group 0 to 1.0000e-02.
Epoch: 131, Train loss: 0.3803922506713867, Validation loss: 0.4799779861450195, Validation accuracy: 0.8401
Adjusting learning rate of group 0 to 1.0000e-02.
Epoch: 132, Train loss: 0.38071338691711426, Validation loss: 0.44966456208229066, Validation accuracy: 0.85
Adjusting learning rate of group 0 to 1.0000e-02.
Epoch: 133, Train loss: 0.3798999957180023, Validation loss: 0.45053530144691467, Validation accuracy: 0.8457
Adjusting learning rate of group 0 to 1.0000e-02.
Epoch: 134, Train loss: 0.3787156528186798, Validation loss: 0.4831896926879883, Validation accuracy: 0.8384
Adjusting learning rate of group 0 to 1.0000e-02.
Epoch: 135, Train loss: 0.37908523147583006, Validation loss: 0.4775858591079712, Validation accuracy: 0.8435
Adjusting learning rate of group 0 to 1.0000e-02.
Epoch: 136, Train loss: 0.3836481714057922, Validation loss: 0.4538951230049133, Validation accuracy: 0.8511
Adjusting learning rate of group 0 to 1.0000e-02.
Epoch: 137, Train loss: 0.3786841685295105, Validation loss: 0.46348077325820924, Validation accuracy: 0.8409
Adjusting learning rate of group 0 to 1.0000e-02.
Epoch: 138, Train loss: 0.3762914246940613, Validation loss: 0.4524006008148193, Validation accuracy: 0.8467
Adjusting learning rate of group 0 to 1.0000e-02.
Epoch: 139, Train loss: 0.3801238151168823, Validation loss: 0.48211199049949643, Validation accuracy: 0.8375
Adjusting learning rate of group 0 to 1.0000e-02.
Epoch: 140, Train loss: 0.3768349963092804, Validation loss: 0.4869700021266937, Validation accuracy: 0.8387
Adjusting learning rate of group 0 to 1.0000e-02.
Epoch: 141, Train loss: 0.3758522263431549, Validation loss: 0.48657666482925416, Validation accuracy: 0.8389
Adjusting learning rate of group 0 to 1.0000e-02.
Epoch: 142, Train loss: 0.3789763353443146, Validation loss: 0.5192151733398438, Validation accuracy: 0.8314
Adjusting learning rate of group 0 to 1.0000e-02.
Epoch: 143, Train loss: 0.3795529014492035, Validation loss: 0.5315848278999329, Validation accuracy: 0.8212
Adjusting learning rate of group 0 to 1.0000e-02.
Epoch: 144, Train loss: 0.37512052666664125, Validation loss: 0.45739655437469484, Validation accuracy: 0.8455
Adjusting learning rate of group 0 to 1.0000e-02.
Epoch: 145, Train loss: 0.3791053805351257, Validation loss: 0.491922012424469, Validation accuracy: 0.8353
Adjusting learning rate of group 0 to 1.0000e-02.
Epoch: 146, Train loss: 0.3813608185863495, Validation loss: 0.45706517953872683, Validation accuracy: 0.8446
Adjusting learning rate of group 0 to 1.0000e-02.
Epoch: 147, Train loss: 0.37705417207717895, Validation loss: 0.4647958134651184, Validation accuracy: 0.8426
Adjusting learning rate of group 0 to 1.0000e-02.
Epoch: 148, Train loss: 0.3776301240348816, Validation loss: 0.5003649618625641, Validation accuracy: 0.8346
Adjusting learning rate of group 0 to 1.0000e-02.
Epoch: 149, Train loss: 0.3798765205192566, Validation loss: 0.4621854489326477, Validation accuracy: 0.8486
Adjusting learning rate of group 0 to 1.0000e-03.
Epoch: 150, Train loss: 0.37837580720901487, Validation loss: 0.4896404429912567, Validation accuracy: 0.8393
Adjusting learning rate of group 0 to 1.0000e-03.
Epoch: 151, Train loss: 0.3456481970024109, Validation loss: 0.4163809494495392, Validation accuracy: 0.8583
Adjusting learning rate of group 0 to 1.0000e-03.
Epoch: 152, Train loss: 0.33629622720718383, Validation loss: 0.41333475856781005, Validation accuracy: 0.8587
Adjusting learning rate of group 0 to 1.0000e-03.
Epoch: 153, Train loss: 0.3341571138763428, Validation loss: 0.4139870854854584, Validation accuracy: 0.8593
Adjusting learning rate of group 0 to 1.0000e-03.
Epoch: 154, Train loss: 0.3294165407752991, Validation loss: 0.4100090615272522, Validation accuracy: 0.8603
Adjusting learning rate of group 0 to 1.0000e-03.
Epoch: 155, Train loss: 0.33352063901901247, Validation loss: 0.4127616776943207, Validation accuracy: 0.8584
Adjusting learning rate of group 0 to 1.0000e-03.
Epoch: 156, Train loss: 0.3259938932991028, Validation loss: 0.41523489499092103, Validation accuracy: 0.8603
Adjusting learning rate of group 0 to 1.0000e-03.
Epoch: 157, Train loss: 0.32992671602249146, Validation loss: 0.41052868371009826, Validation accuracy: 0.8596
Adjusting learning rate of group 0 to 1.0000e-03.
Epoch: 158, Train loss: 0.3250273869419098, Validation loss: 0.41018976340293883, Validation accuracy: 0.8613
Adjusting learning rate of group 0 to 1.0000e-03.
Epoch: 159, Train loss: 0.3253016515541077, Validation loss: 0.4169939564228058, Validation accuracy: 0.8583
Adjusting learning rate of group 0 to 1.0000e-03.
Epoch: 160, Train loss: 0.3236956002998352, Validation loss: 0.41465322489738465, Validation accuracy: 0.8595
Adjusting learning rate of group 0 to 1.0000e-03.
Epoch: 161, Train loss: 0.32567518378257754, Validation loss: 0.411601461315155, Validation accuracy: 0.8607
Adjusting learning rate of group 0 to 1.0000e-03.
Epoch: 162, Train loss: 0.3277380700874329, Validation loss: 0.41018956532478335, Validation accuracy: 0.8627
Adjusting learning rate of group 0 to 1.0000e-03.
Epoch: 163, Train loss: 0.32539374982833863, Validation loss: 0.41367856278419496, Validation accuracy: 0.8594
Adjusting learning rate of group 0 to 1.0000e-03.
Epoch: 164, Train loss: 0.32484985746383666, Validation loss: 0.413325945186615, Validation accuracy: 0.8619
Adjusting learning rate of group 0 to 1.0000e-03.
Epoch: 165, Train loss: 0.32372524846076967, Validation loss: 0.4162530143737793, Validation accuracy: 0.8578
Adjusting learning rate of group 0 to 1.0000e-03.
Epoch: 166, Train loss: 0.3261593343639374, Validation loss: 0.4125918343067169, Validation accuracy: 0.8609
Adjusting learning rate of group 0 to 1.0000e-03.
Epoch: 167, Train loss: 0.3225913042116165, Validation loss: 0.4153166365623474, Validation accuracy: 0.8599
Adjusting learning rate of group 0 to 1.0000e-03.
Epoch: 168, Train loss: 0.32188218344688413, Validation loss: 0.4161415110111237, Validation accuracy: 0.861
Adjusting learning rate of group 0 to 1.0000e-03.
Epoch: 169, Train loss: 0.32034105283737185, Validation loss: 0.41337978305816653, Validation accuracy: 0.8613
Adjusting learning rate of group 0 to 1.0000e-03.
Epoch: 170, Train loss: 0.3190597628593445, Validation loss: 0.41301713557243347, Validation accuracy: 0.8612
Adjusting learning rate of group 0 to 1.0000e-03.
Epoch: 171, Train loss: 0.3212005338859558, Validation loss: 0.4176120984077454, Validation accuracy: 0.8592
Adjusting learning rate of group 0 to 1.0000e-03.
Epoch: 172, Train loss: 0.32393280338287356, Validation loss: 0.4134729054450989, Validation accuracy: 0.8612
Adjusting learning rate of group 0 to 1.0000e-03.
Epoch: 173, Train loss: 0.3187917873764038, Validation loss: 0.40822891812324524, Validation accuracy: 0.8605
Adjusting learning rate of group 0 to 1.0000e-03.
Epoch: 174, Train loss: 0.32180309897422793, Validation loss: 0.41436150221824647, Validation accuracy: 0.8582
Adjusting learning rate of group 0 to 1.0000e-03.
Epoch: 175, Train loss: 0.32070747888565065, Validation loss: 0.4121519050121307, Validation accuracy: 0.8607
Adjusting learning rate of group 0 to 1.0000e-03.
Epoch: 176, Train loss: 0.32289684576034544, Validation loss: 0.4150584228515625, Validation accuracy: 0.8583
Adjusting learning rate of group 0 to 1.0000e-03.
Epoch: 177, Train loss: 0.3206283911514282, Validation loss: 0.41708476305007935, Validation accuracy: 0.8601
Adjusting learning rate of group 0 to 1.0000e-03.
Epoch: 178, Train loss: 0.3197634585571289, Validation loss: 0.41988878870010377, Validation accuracy: 0.8597
Adjusting learning rate of group 0 to 1.0000e-03.
Epoch: 179, Train loss: 0.3237501658964157, Validation loss: 0.4158711947917938, Validation accuracy: 0.859
Adjusting learning rate of group 0 to 1.0000e-03.
Epoch: 180, Train loss: 0.320641930437088, Validation loss: 0.4144206295013428, Validation accuracy: 0.8605
Adjusting learning rate of group 0 to 1.0000e-03.
Epoch: 181, Train loss: 0.32008354674339295, Validation loss: 0.4130956344127655, Validation accuracy: 0.8599
Adjusting learning rate of group 0 to 1.0000e-03.
Epoch: 182, Train loss: 0.318026902551651, Validation loss: 0.41498912215232847, Validation accuracy: 0.8598
Adjusting learning rate of group 0 to 1.0000e-03.
Epoch: 183, Train loss: 0.32092058591842654, Validation loss: 0.41669120559692385, Validation accuracy: 0.8597
Adjusting learning rate of group 0 to 1.0000e-03.
Epoch: 184, Train loss: 0.3178424408340454, Validation loss: 0.41178792929649355, Validation accuracy: 0.8604
Adjusting learning rate of group 0 to 1.0000e-03.
Epoch: 185, Train loss: 0.316568166475296, Validation loss: 0.41541067514419555, Validation accuracy: 0.8585
Adjusting learning rate of group 0 to 1.0000e-03.
Epoch: 186, Train loss: 0.3194496472740173, Validation loss: 0.41573696932792664, Validation accuracy: 0.8595
Adjusting learning rate of group 0 to 1.0000e-03.
Epoch: 187, Train loss: 0.3170430225944519, Validation loss: 0.4193312279224396, Validation accuracy: 0.8586
Adjusting learning rate of group 0 to 1.0000e-03.
Epoch: 188, Train loss: 0.31711799814224245, Validation loss: 0.4154068717479706, Validation accuracy: 0.8593
Adjusting learning rate of group 0 to 1.0000e-03.
Epoch: 189, Train loss: 0.31598649857521055, Validation loss: 0.4158109030723572, Validation accuracy: 0.8576
Adjusting learning rate of group 0 to 1.0000e-03.
Epoch: 190, Train loss: 0.3180232003307343, Validation loss: 0.41612854743003846, Validation accuracy: 0.8596
Adjusting learning rate of group 0 to 1.0000e-03.
Epoch: 191, Train loss: 0.3184751727771759, Validation loss: 0.41401698722839353, Validation accuracy: 0.8592
Adjusting learning rate of group 0 to 1.0000e-03.
Epoch: 192, Train loss: 0.3173952981233597, Validation loss: 0.41520189309120176, Validation accuracy: 0.86
Adjusting learning rate of group 0 to 1.0000e-03.
Epoch: 193, Train loss: 0.31532097513198853, Validation loss: 0.4121824412822723, Validation accuracy: 0.8601
Adjusting learning rate of group 0 to 1.0000e-03.
Epoch: 194, Train loss: 0.3173913182258606, Validation loss: 0.4129438943386078, Validation accuracy: 0.8609
Adjusting learning rate of group 0 to 1.0000e-03.
Epoch: 195, Train loss: 0.3152392754840851, Validation loss: 0.4149348895072937, Validation accuracy: 0.8595
Adjusting learning rate of group 0 to 1.0000e-03.
Epoch: 196, Train loss: 0.31671514278411866, Validation loss: 0.41577727875709536, Validation accuracy: 0.8575
Adjusting learning rate of group 0 to 1.0000e-03.
Epoch: 197, Train loss: 0.3162183833026886, Validation loss: 0.41662184376716616, Validation accuracy: 0.8602
Adjusting learning rate of group 0 to 1.0000e-03.
Epoch: 198, Train loss: 0.3169838162994385, Validation loss: 0.41832553825378416, Validation accuracy: 0.8594
Adjusting learning rate of group 0 to 1.0000e-03.
Epoch: 199, Train loss: 0.3176900842189789, Validation loss: 0.41545024147033693, Validation accuracy: 0.8604
Accuracy: 0.8604
