['ResNet-TRL-Ringed.py', '--core_ranks', '3', '2', '2', '--ring_ranks', '4', '1', '2', '--seed', '18', '--device', 'cuda:3']
Initializing dataloader
Files already downloaded and verified
Files already downloaded and verified
Dataloader has initialized
Initializing model
Adjusting learning rate of group 0 to 1.0000e-02.
Model initialized
Testing model
Tests passed
Adjusting learning rate of group 0 to 2.0000e-02.
Epoch: 0, Train loss: 1.7868808130645752, Validation loss: 1.4672093175888061, Validation accuracy: 0.451
Adjusting learning rate of group 0 to 3.0000e-02.
Epoch: 1, Train loss: 1.4380302843856811, Validation loss: 1.2496237815856934, Validation accuracy: 0.5419
Adjusting learning rate of group 0 to 4.0000e-02.
Epoch: 2, Train loss: 1.2218377362442017, Validation loss: 1.1628529863357544, Validation accuracy: 0.596
Adjusting learning rate of group 0 to 5.0000e-02.
Epoch: 3, Train loss: 1.0345029788589477, Validation loss: 1.0293436952590942, Validation accuracy: 0.657
Adjusting learning rate of group 0 to 6.0000e-02.
Epoch: 4, Train loss: 0.9045672113227844, Validation loss: 1.038102520942688, Validation accuracy: 0.6832
Adjusting learning rate of group 0 to 7.0000e-02.
Epoch: 5, Train loss: 0.8110660826301574, Validation loss: 0.9029688499450683, Validation accuracy: 0.7162
Adjusting learning rate of group 0 to 8.0000e-02.
Epoch: 6, Train loss: 0.741192425403595, Validation loss: 0.7253065335273743, Validation accuracy: 0.7631
Adjusting learning rate of group 0 to 9.0000e-02.
Epoch: 7, Train loss: 0.6856510834693909, Validation loss: 0.7684473567008973, Validation accuracy: 0.736
Adjusting learning rate of group 0 to 1.0000e-01.
Epoch: 8, Train loss: 0.6515325392913819, Validation loss: 0.7378616579055786, Validation accuracy: 0.768
Adjusting learning rate of group 0 to 1.0000e-01.
Epoch: 9, Train loss: 0.6244872556495666, Validation loss: 0.6910832775115967, Validation accuracy: 0.7808
Adjusting learning rate of group 0 to 1.0000e-01.
Epoch: 10, Train loss: 0.5924701188659668, Validation loss: 0.75771458568573, Validation accuracy: 0.764
Adjusting learning rate of group 0 to 1.0000e-01.
Epoch: 11, Train loss: 0.5641240253829956, Validation loss: 0.6840443488597869, Validation accuracy: 0.7808
Adjusting learning rate of group 0 to 1.0000e-01.
Epoch: 12, Train loss: 0.5336792026615143, Validation loss: 0.9289344680786132, Validation accuracy: 0.7446
Adjusting learning rate of group 0 to 1.0000e-01.
Epoch: 13, Train loss: 0.5169448978042602, Validation loss: 0.5959621109008789, Validation accuracy: 0.82
Adjusting learning rate of group 0 to 1.0000e-01.
Epoch: 14, Train loss: 0.5028352805900573, Validation loss: 0.6223833459854126, Validation accuracy: 0.8077
Adjusting learning rate of group 0 to 1.0000e-01.
Epoch: 15, Train loss: 0.48498313463211057, Validation loss: 0.5641045361518859, Validation accuracy: 0.8174
Adjusting learning rate of group 0 to 1.0000e-01.
Epoch: 16, Train loss: 0.4755333841896057, Validation loss: 0.7747478133678436, Validation accuracy: 0.7538
Adjusting learning rate of group 0 to 1.0000e-01.
Epoch: 17, Train loss: 0.4652018074131012, Validation loss: 0.7564077574729919, Validation accuracy: 0.7913
Adjusting learning rate of group 0 to 1.0000e-01.
Epoch: 18, Train loss: 0.4537460326194763, Validation loss: 0.6002011336326599, Validation accuracy: 0.8175
Adjusting learning rate of group 0 to 1.0000e-01.
Epoch: 19, Train loss: 0.447185873670578, Validation loss: 0.5427729994773864, Validation accuracy: 0.8224
Adjusting learning rate of group 0 to 1.0000e-01.
Epoch: 20, Train loss: 0.43667357725143435, Validation loss: 0.55812446641922, Validation accuracy: 0.8349
Adjusting learning rate of group 0 to 1.0000e-01.
Epoch: 21, Train loss: 0.4381433932304382, Validation loss: 0.6400737880706787, Validation accuracy: 0.806
Adjusting learning rate of group 0 to 1.0000e-01.
Epoch: 22, Train loss: 0.42778440214157104, Validation loss: 0.5563272943496704, Validation accuracy: 0.8109
Adjusting learning rate of group 0 to 1.0000e-01.
Epoch: 23, Train loss: 0.42051694047927857, Validation loss: 0.5628584368944168, Validation accuracy: 0.8259
Adjusting learning rate of group 0 to 1.0000e-01.
Epoch: 24, Train loss: 0.4166105844402313, Validation loss: 0.6689191969871521, Validation accuracy: 0.8102
Adjusting learning rate of group 0 to 1.0000e-01.
Epoch: 25, Train loss: 0.417635239982605, Validation loss: 0.4857088725566864, Validation accuracy: 0.8413
Adjusting learning rate of group 0 to 1.0000e-01.
Epoch: 26, Train loss: 0.4098760118770599, Validation loss: 0.46620509915351865, Validation accuracy: 0.8462
Adjusting learning rate of group 0 to 1.0000e-01.
Epoch: 27, Train loss: 0.398439907207489, Validation loss: 0.4649669069290161, Validation accuracy: 0.8535
Adjusting learning rate of group 0 to 1.0000e-01.
Epoch: 28, Train loss: 0.3874136009502411, Validation loss: 0.5780440542221069, Validation accuracy: 0.8128
Adjusting learning rate of group 0 to 1.0000e-01.
Epoch: 29, Train loss: 0.39857682787895204, Validation loss: 0.5386147894859314, Validation accuracy: 0.8298
Adjusting learning rate of group 0 to 1.0000e-01.
Epoch: 30, Train loss: 0.3828672863769531, Validation loss: 0.5391090297698975, Validation accuracy: 0.8259
Adjusting learning rate of group 0 to 1.0000e-01.
Epoch: 31, Train loss: 0.388311031999588, Validation loss: 0.8303685042381287, Validation accuracy: 0.771
Adjusting learning rate of group 0 to 1.0000e-01.
Epoch: 32, Train loss: 0.3802520666885376, Validation loss: 0.6322103583335876, Validation accuracy: 0.8093
Adjusting learning rate of group 0 to 1.0000e-01.
Epoch: 33, Train loss: 0.38800996572494506, Validation loss: 0.5970935461044311, Validation accuracy: 0.8323
Adjusting learning rate of group 0 to 1.0000e-01.
Epoch: 34, Train loss: 0.3823116880607605, Validation loss: 0.6045489526748657, Validation accuracy: 0.8124
Adjusting learning rate of group 0 to 1.0000e-01.
Epoch: 35, Train loss: 0.3702561653995514, Validation loss: 0.49201610469818113, Validation accuracy: 0.8398
Adjusting learning rate of group 0 to 1.0000e-01.
Epoch: 36, Train loss: 0.3673218735790253, Validation loss: 0.7572760848045349, Validation accuracy: 0.7988
Adjusting learning rate of group 0 to 1.0000e-01.
Epoch: 37, Train loss: 0.36620074219703674, Validation loss: 0.5626741258621216, Validation accuracy: 0.8335
Adjusting learning rate of group 0 to 1.0000e-01.
Epoch: 38, Train loss: 0.3678997122955322, Validation loss: 0.49347874879837034, Validation accuracy: 0.8484
Adjusting learning rate of group 0 to 1.0000e-01.
Epoch: 39, Train loss: 0.36113097103118896, Validation loss: 0.5101945548295975, Validation accuracy: 0.8428
Adjusting learning rate of group 0 to 1.0000e-01.
Epoch: 40, Train loss: 0.35929734405517577, Validation loss: 0.5010029143333435, Validation accuracy: 0.8511
Adjusting learning rate of group 0 to 1.0000e-01.
Epoch: 41, Train loss: 0.3583855118083954, Validation loss: 0.5347078300952911, Validation accuracy: 0.828
Adjusting learning rate of group 0 to 1.0000e-01.
Epoch: 42, Train loss: 0.35816858713150024, Validation loss: 0.595249662399292, Validation accuracy: 0.8191
Adjusting learning rate of group 0 to 1.0000e-01.
Epoch: 43, Train loss: 0.35381477152824403, Validation loss: 0.825455700302124, Validation accuracy: 0.7749
Adjusting learning rate of group 0 to 1.0000e-01.
Epoch: 44, Train loss: 0.3569937258052826, Validation loss: 0.5177364379882813, Validation accuracy: 0.8327
Adjusting learning rate of group 0 to 1.0000e-01.
Epoch: 45, Train loss: 0.3499105982017517, Validation loss: 0.46082868995666504, Validation accuracy: 0.8508
Adjusting learning rate of group 0 to 1.0000e-01.
Epoch: 46, Train loss: 0.34769460335731506, Validation loss: 0.6754305221557617, Validation accuracy: 0.8318
Adjusting learning rate of group 0 to 1.0000e-01.
Epoch: 47, Train loss: 0.34941046396255493, Validation loss: 0.5960868789672852, Validation accuracy: 0.844
Adjusting learning rate of group 0 to 1.0000e-01.
Epoch: 48, Train loss: 0.34700635595321655, Validation loss: 0.5207773590803146, Validation accuracy: 0.8425
Adjusting learning rate of group 0 to 1.0000e-01.
Epoch: 49, Train loss: 0.3491945785188675, Validation loss: 0.5352397179603576, Validation accuracy: 0.8442
Adjusting learning rate of group 0 to 1.0000e-01.
Epoch: 50, Train loss: 0.35427071250915526, Validation loss: 0.4738165391921997, Validation accuracy: 0.8539
Adjusting learning rate of group 0 to 1.0000e-01.
Epoch: 51, Train loss: 0.34712487956523896, Validation loss: 0.4698128704309463, Validation accuracy: 0.8516
Adjusting learning rate of group 0 to 1.0000e-01.
Epoch: 52, Train loss: 0.34153989288806913, Validation loss: 0.47170962023735047, Validation accuracy: 0.8545
Adjusting learning rate of group 0 to 1.0000e-01.
Epoch: 53, Train loss: 0.3447964081287384, Validation loss: 0.4533140657901764, Validation accuracy: 0.8554
Adjusting learning rate of group 0 to 1.0000e-01.
Epoch: 54, Train loss: 0.33616790373802186, Validation loss: 0.5708050043106079, Validation accuracy: 0.8236
Adjusting learning rate of group 0 to 1.0000e-01.
Epoch: 55, Train loss: 0.3347168063640594, Validation loss: 0.48158560037612913, Validation accuracy: 0.8593
Adjusting learning rate of group 0 to 1.0000e-01.
Epoch: 56, Train loss: 0.3410161046504974, Validation loss: 0.48292968006134035, Validation accuracy: 0.8545
Adjusting learning rate of group 0 to 1.0000e-01.
Epoch: 57, Train loss: 0.3493346043205261, Validation loss: 0.47909830741882325, Validation accuracy: 0.8542
Adjusting learning rate of group 0 to 1.0000e-01.
Epoch: 58, Train loss: 0.33820773646831515, Validation loss: 0.4764230417251587, Validation accuracy: 0.8546
Adjusting learning rate of group 0 to 1.0000e-01.
Epoch: 59, Train loss: 0.3331377431678772, Validation loss: 0.4992121901512146, Validation accuracy: 0.8484
Adjusting learning rate of group 0 to 1.0000e-01.
Epoch: 60, Train loss: 0.3314760088443756, Validation loss: 0.4877617270469666, Validation accuracy: 0.8444
Adjusting learning rate of group 0 to 1.0000e-01.
Epoch: 61, Train loss: 0.32747681080818175, Validation loss: 0.4760585484981537, Validation accuracy: 0.855
Adjusting learning rate of group 0 to 1.0000e-01.
Epoch: 62, Train loss: 0.33004321084976196, Validation loss: 0.4994963797569275, Validation accuracy: 0.8535
Adjusting learning rate of group 0 to 1.0000e-01.
Epoch: 63, Train loss: 0.32810627254486086, Validation loss: 0.6037808143615723, Validation accuracy: 0.8151
Adjusting learning rate of group 0 to 1.0000e-01.
Epoch: 64, Train loss: 0.32849098249435427, Validation loss: 0.4309324593544006, Validation accuracy: 0.8666
Adjusting learning rate of group 0 to 1.0000e-01.
Epoch: 65, Train loss: 0.33011031604766844, Validation loss: 0.5318206163406372, Validation accuracy: 0.8403
Adjusting learning rate of group 0 to 1.0000e-01.
Epoch: 66, Train loss: 0.3367028299331665, Validation loss: 0.5708213157653809, Validation accuracy: 0.8234
Adjusting learning rate of group 0 to 1.0000e-01.
Epoch: 67, Train loss: 0.3218950869274139, Validation loss: 0.5276522047996521, Validation accuracy: 0.8439
Adjusting learning rate of group 0 to 1.0000e-01.
Epoch: 68, Train loss: 0.3330202814912796, Validation loss: 0.8148616704940795, Validation accuracy: 0.8211
Adjusting learning rate of group 0 to 1.0000e-01.
Epoch: 69, Train loss: 0.328601249127388, Validation loss: 0.5216370141983032, Validation accuracy: 0.8479
Adjusting learning rate of group 0 to 1.0000e-01.
Epoch: 70, Train loss: 0.3252283515739441, Validation loss: 0.4873363863945007, Validation accuracy: 0.8452
Adjusting learning rate of group 0 to 1.0000e-01.
Epoch: 71, Train loss: 0.3228208293247223, Validation loss: 0.7179153865814208, Validation accuracy: 0.7978
Adjusting learning rate of group 0 to 1.0000e-01.
Epoch: 72, Train loss: 0.32666871193885805, Validation loss: 0.5731899888515473, Validation accuracy: 0.8485
Adjusting learning rate of group 0 to 1.0000e-01.
Epoch: 73, Train loss: 0.32109663398742677, Validation loss: 0.5273252695083618, Validation accuracy: 0.8462
Adjusting learning rate of group 0 to 1.0000e-01.
Epoch: 74, Train loss: 0.32675136563777923, Validation loss: 0.6746704874992371, Validation accuracy: 0.8058
Adjusting learning rate of group 0 to 1.0000e-01.
Epoch: 75, Train loss: 0.3167125906562805, Validation loss: 0.7058659161090851, Validation accuracy: 0.8096
Adjusting learning rate of group 0 to 1.0000e-01.
Epoch: 76, Train loss: 0.3158825980758667, Validation loss: 0.5753344884872437, Validation accuracy: 0.8195
Adjusting learning rate of group 0 to 1.0000e-01.
Epoch: 77, Train loss: 0.3273039532661438, Validation loss: 0.5920021393775939, Validation accuracy: 0.8278
Adjusting learning rate of group 0 to 1.0000e-01.
Epoch: 78, Train loss: 0.31565228967666625, Validation loss: 0.5272885304450988, Validation accuracy: 0.8416
Adjusting learning rate of group 0 to 1.0000e-01.
Epoch: 79, Train loss: 0.3189822734451294, Validation loss: 0.46532311487197875, Validation accuracy: 0.8552
Adjusting learning rate of group 0 to 1.0000e-01.
Epoch: 80, Train loss: 0.32480650948524475, Validation loss: 0.5293558207511901, Validation accuracy: 0.837
Adjusting learning rate of group 0 to 1.0000e-01.
Epoch: 81, Train loss: 0.3137376880645752, Validation loss: 0.5572089917182922, Validation accuracy: 0.8437
Adjusting learning rate of group 0 to 1.0000e-01.
Epoch: 82, Train loss: 0.3257776940345764, Validation loss: 0.5285866233825683, Validation accuracy: 0.8586
Adjusting learning rate of group 0 to 1.0000e-01.
Epoch: 83, Train loss: 0.3166615552330017, Validation loss: 0.501218883895874, Validation accuracy: 0.8345
Adjusting learning rate of group 0 to 1.0000e-01.
Epoch: 84, Train loss: 0.3141036195421219, Validation loss: 0.5217614557743072, Validation accuracy: 0.8397
Adjusting learning rate of group 0 to 1.0000e-01.
Epoch: 85, Train loss: 0.31593235898971556, Validation loss: 0.6042567721366883, Validation accuracy: 0.8311
Adjusting learning rate of group 0 to 1.0000e-01.
Epoch: 86, Train loss: 0.3183049928188324, Validation loss: 0.5684535057544708, Validation accuracy: 0.8142
Adjusting learning rate of group 0 to 1.0000e-01.
Epoch: 87, Train loss: 0.3162801214313507, Validation loss: 0.4525338900089264, Validation accuracy: 0.8619
Adjusting learning rate of group 0 to 1.0000e-01.
Epoch: 88, Train loss: 0.324489639043808, Validation loss: 0.5348583136081696, Validation accuracy: 0.8209
Adjusting learning rate of group 0 to 1.0000e-01.
Epoch: 89, Train loss: 0.31457853099822997, Validation loss: 0.4607425444602966, Validation accuracy: 0.8479
Adjusting learning rate of group 0 to 1.0000e-01.
Epoch: 90, Train loss: 0.31567735781669615, Validation loss: 0.5476803629875183, Validation accuracy: 0.8358
Adjusting learning rate of group 0 to 1.0000e-01.
Epoch: 91, Train loss: 0.31747082111358643, Validation loss: 0.6125154213428498, Validation accuracy: 0.8213
Adjusting learning rate of group 0 to 1.0000e-01.
Epoch: 92, Train loss: 0.3135896458530426, Validation loss: 0.47248465390205385, Validation accuracy: 0.8689
Adjusting learning rate of group 0 to 1.0000e-01.
Epoch: 93, Train loss: 0.3162517918586731, Validation loss: 0.6327202431678772, Validation accuracy: 0.8406
Adjusting learning rate of group 0 to 1.0000e-01.
Epoch: 94, Train loss: 0.3121465118598938, Validation loss: 0.4670544579982758, Validation accuracy: 0.8503
Adjusting learning rate of group 0 to 1.0000e-01.
Epoch: 95, Train loss: 0.31230876260757445, Validation loss: 0.6126121813774109, Validation accuracy: 0.835
Adjusting learning rate of group 0 to 1.0000e-01.
Epoch: 96, Train loss: 0.30641410425186155, Validation loss: 0.5635426984786988, Validation accuracy: 0.8364
Adjusting learning rate of group 0 to 1.0000e-01.
Epoch: 97, Train loss: 0.3127797917842865, Validation loss: 0.4590147922039032, Validation accuracy: 0.8563
Adjusting learning rate of group 0 to 1.0000e-01.
Epoch: 98, Train loss: 0.30640802810668943, Validation loss: 0.44519090156555174, Validation accuracy: 0.8543
Adjusting learning rate of group 0 to 1.0000e-01.
Epoch: 99, Train loss: 0.3108865268135071, Validation loss: 0.6525315651416779, Validation accuracy: 0.7993
Adjusting learning rate of group 0 to 1.0000e-02.
Epoch: 100, Train loss: 0.31358365278244016, Validation loss: 0.42710970873832704, Validation accuracy: 0.8721
Adjusting learning rate of group 0 to 1.0000e-02.
Epoch: 101, Train loss: 0.17305565241336823, Validation loss: 0.2892079849720001, Validation accuracy: 0.9144
Adjusting learning rate of group 0 to 1.0000e-02.
Epoch: 102, Train loss: 0.1339364392232895, Validation loss: 0.28365744061470033, Validation accuracy: 0.9162
Adjusting learning rate of group 0 to 1.0000e-02.
Epoch: 103, Train loss: 0.11681372067928314, Validation loss: 0.29880868129730226, Validation accuracy: 0.9166
Adjusting learning rate of group 0 to 1.0000e-02.
Epoch: 104, Train loss: 0.10967680782198906, Validation loss: 0.27873842606544497, Validation accuracy: 0.921
Adjusting learning rate of group 0 to 1.0000e-02.
Epoch: 105, Train loss: 0.1009353664135933, Validation loss: 0.28391101241111755, Validation accuracy: 0.92
Adjusting learning rate of group 0 to 1.0000e-02.
Epoch: 106, Train loss: 0.09275372650504113, Validation loss: 0.2973547826766968, Validation accuracy: 0.9181
Adjusting learning rate of group 0 to 1.0000e-02.
Epoch: 107, Train loss: 0.09076243476390838, Validation loss: 0.30127612285614014, Validation accuracy: 0.9222
Adjusting learning rate of group 0 to 1.0000e-02.
Epoch: 108, Train loss: 0.08592528316259385, Validation loss: 0.30213222551345825, Validation accuracy: 0.9204
Adjusting learning rate of group 0 to 1.0000e-02.
Epoch: 109, Train loss: 0.08052408979654312, Validation loss: 0.3053071618080139, Validation accuracy: 0.9217
Adjusting learning rate of group 0 to 1.0000e-02.
Epoch: 110, Train loss: 0.07475524077773094, Validation loss: 0.32739201879501345, Validation accuracy: 0.9183
Adjusting learning rate of group 0 to 1.0000e-02.
Epoch: 111, Train loss: 0.0724996065235138, Validation loss: 0.3121419419288635, Validation accuracy: 0.9219
Adjusting learning rate of group 0 to 1.0000e-02.
Epoch: 112, Train loss: 0.06961063537597656, Validation loss: 0.3277043409347534, Validation accuracy: 0.9194
Adjusting learning rate of group 0 to 1.0000e-02.
Epoch: 113, Train loss: 0.06402676830530167, Validation loss: 0.3345125018119812, Validation accuracy: 0.9218
Adjusting learning rate of group 0 to 1.0000e-02.
Epoch: 114, Train loss: 0.06253127873182297, Validation loss: 0.33196153626441954, Validation accuracy: 0.921
Adjusting learning rate of group 0 to 1.0000e-02.
Epoch: 115, Train loss: 0.06233825225830078, Validation loss: 0.36134496264457705, Validation accuracy: 0.9186
Adjusting learning rate of group 0 to 1.0000e-02.
Epoch: 116, Train loss: 0.06022806686639786, Validation loss: 0.3373757454395294, Validation accuracy: 0.9231
Adjusting learning rate of group 0 to 1.0000e-02.
Epoch: 117, Train loss: 0.055557023562192914, Validation loss: 0.36318290734291075, Validation accuracy: 0.9221
Adjusting learning rate of group 0 to 1.0000e-02.
Epoch: 118, Train loss: 0.055965503256917, Validation loss: 0.35027582607269286, Validation accuracy: 0.92
Adjusting learning rate of group 0 to 1.0000e-02.
Epoch: 119, Train loss: 0.053021984468698505, Validation loss: 0.3679805248260498, Validation accuracy: 0.9168
Adjusting learning rate of group 0 to 1.0000e-02.
Epoch: 120, Train loss: 0.05171734408020973, Validation loss: 0.3717927993774414, Validation accuracy: 0.9197
Adjusting learning rate of group 0 to 1.0000e-02.
Epoch: 121, Train loss: 0.04891996935009956, Validation loss: 0.37367726402282714, Validation accuracy: 0.9225
Adjusting learning rate of group 0 to 1.0000e-02.
Epoch: 122, Train loss: 0.048858350548744205, Validation loss: 0.37026453018188477, Validation accuracy: 0.9202
Adjusting learning rate of group 0 to 1.0000e-02.
Epoch: 123, Train loss: 0.04616442291617393, Validation loss: 0.3535275812149048, Validation accuracy: 0.9234
Adjusting learning rate of group 0 to 1.0000e-02.
Epoch: 124, Train loss: 0.048308806163072586, Validation loss: 0.3998913109779358, Validation accuracy: 0.9174
Adjusting learning rate of group 0 to 1.0000e-02.
Epoch: 125, Train loss: 0.04675025119423866, Validation loss: 0.38443055205345156, Validation accuracy: 0.9172
Adjusting learning rate of group 0 to 1.0000e-02.
Epoch: 126, Train loss: 0.045526669729351994, Validation loss: 0.369515762424469, Validation accuracy: 0.9204
Adjusting learning rate of group 0 to 1.0000e-02.
Epoch: 127, Train loss: 0.045500988979935646, Validation loss: 0.3837282359600067, Validation accuracy: 0.9176
Adjusting learning rate of group 0 to 1.0000e-02.
Epoch: 128, Train loss: 0.04324314374506474, Validation loss: 0.3925924998283386, Validation accuracy: 0.9189
Adjusting learning rate of group 0 to 1.0000e-02.
Epoch: 129, Train loss: 0.04280004093408585, Validation loss: 0.40157178835868834, Validation accuracy: 0.9192
Adjusting learning rate of group 0 to 1.0000e-02.
Epoch: 130, Train loss: 0.04200795367240906, Validation loss: 0.4143308605194092, Validation accuracy: 0.9167
Adjusting learning rate of group 0 to 1.0000e-02.
Epoch: 131, Train loss: 0.04154542460262776, Validation loss: 0.4051879400253296, Validation accuracy: 0.919
Adjusting learning rate of group 0 to 1.0000e-02.
Epoch: 132, Train loss: 0.041566693608164784, Validation loss: 0.40252580347061157, Validation accuracy: 0.918
Adjusting learning rate of group 0 to 1.0000e-02.
Epoch: 133, Train loss: 0.040183626373410226, Validation loss: 0.413415781211853, Validation accuracy: 0.9169
Adjusting learning rate of group 0 to 1.0000e-02.
Epoch: 134, Train loss: 0.03997959801673889, Validation loss: 0.4237147873878479, Validation accuracy: 0.9179
Adjusting learning rate of group 0 to 1.0000e-02.
Epoch: 135, Train loss: 0.039635444902479645, Validation loss: 0.4507259532928467, Validation accuracy: 0.9152
Adjusting learning rate of group 0 to 1.0000e-02.
Epoch: 136, Train loss: 0.04214635917186737, Validation loss: 0.40245656251907347, Validation accuracy: 0.9194
Adjusting learning rate of group 0 to 1.0000e-02.
Epoch: 137, Train loss: 0.03718168361783027, Validation loss: 0.4219646003723145, Validation accuracy: 0.9183
Adjusting learning rate of group 0 to 1.0000e-02.
Epoch: 138, Train loss: 0.03750785054460168, Validation loss: 0.4274223529815674, Validation accuracy: 0.9177
Adjusting learning rate of group 0 to 1.0000e-02.
Epoch: 139, Train loss: 0.03913973330795765, Validation loss: 0.42491671361923217, Validation accuracy: 0.9164
Adjusting learning rate of group 0 to 1.0000e-02.
Epoch: 140, Train loss: 0.038106911523342134, Validation loss: 0.41207561750411986, Validation accuracy: 0.9204
Adjusting learning rate of group 0 to 1.0000e-02.
Epoch: 141, Train loss: 0.03892203682214022, Validation loss: 0.42041194381713864, Validation accuracy: 0.9193
Adjusting learning rate of group 0 to 1.0000e-02.
Epoch: 142, Train loss: 0.03875228290438652, Validation loss: 0.4515739931106567, Validation accuracy: 0.9142
Adjusting learning rate of group 0 to 1.0000e-02.
Epoch: 143, Train loss: 0.03812676291823387, Validation loss: 0.4255828879356384, Validation accuracy: 0.9185
Adjusting learning rate of group 0 to 1.0000e-02.
Epoch: 144, Train loss: 0.04065087695479393, Validation loss: 0.4013016016960144, Validation accuracy: 0.9204
Adjusting learning rate of group 0 to 1.0000e-02.
Epoch: 145, Train loss: 0.04095731446892023, Validation loss: 0.4147027934074402, Validation accuracy: 0.9137
Adjusting learning rate of group 0 to 1.0000e-02.
Epoch: 146, Train loss: 0.03919603584527969, Validation loss: 0.4189383333206177, Validation accuracy: 0.9149
Adjusting learning rate of group 0 to 1.0000e-02.
Epoch: 147, Train loss: 0.038560748860836026, Validation loss: 0.4332635931015015, Validation accuracy: 0.9177
Adjusting learning rate of group 0 to 1.0000e-02.
Epoch: 148, Train loss: 0.03535679600119591, Validation loss: 0.4992005370140076, Validation accuracy: 0.907
Adjusting learning rate of group 0 to 1.0000e-02.
Epoch: 149, Train loss: 0.03724169596731663, Validation loss: 0.49240882167816163, Validation accuracy: 0.9127
Adjusting learning rate of group 0 to 1.0000e-03.
Epoch: 150, Train loss: 0.037278326717019084, Validation loss: 0.42907463335990903, Validation accuracy: 0.9193
Adjusting learning rate of group 0 to 1.0000e-03.
Epoch: 151, Train loss: 0.024106239821612835, Validation loss: 0.4019811929702759, Validation accuracy: 0.9245
Adjusting learning rate of group 0 to 1.0000e-03.
Epoch: 152, Train loss: 0.019231692481040955, Validation loss: 0.4063121488571167, Validation accuracy: 0.9239
Adjusting learning rate of group 0 to 1.0000e-03.
Epoch: 153, Train loss: 0.017402162983119487, Validation loss: 0.414095845413208, Validation accuracy: 0.9244
Adjusting learning rate of group 0 to 1.0000e-03.
Epoch: 154, Train loss: 0.014016734022647142, Validation loss: 0.41073003635406496, Validation accuracy: 0.9265
Adjusting learning rate of group 0 to 1.0000e-03.
Epoch: 155, Train loss: 0.01305850380897522, Validation loss: 0.4211614028930664, Validation accuracy: 0.9253
Adjusting learning rate of group 0 to 1.0000e-03.
Epoch: 156, Train loss: 0.012194112523309887, Validation loss: 0.42677685585021974, Validation accuracy: 0.9238
Adjusting learning rate of group 0 to 1.0000e-03.
Epoch: 157, Train loss: 0.011316640753746032, Validation loss: 0.43645325145721436, Validation accuracy: 0.9255
Adjusting learning rate of group 0 to 1.0000e-03.
Epoch: 158, Train loss: 0.012342033262476324, Validation loss: 0.4392319736480713, Validation accuracy: 0.924
Adjusting learning rate of group 0 to 1.0000e-03.
Epoch: 159, Train loss: 0.010653112160488963, Validation loss: 0.4435181942939758, Validation accuracy: 0.9242
Adjusting learning rate of group 0 to 1.0000e-03.
Epoch: 160, Train loss: 0.009486170806288718, Validation loss: 0.44477985763549804, Validation accuracy: 0.9254
Adjusting learning rate of group 0 to 1.0000e-03.
Epoch: 161, Train loss: 0.009338468039035798, Validation loss: 0.44787710580825807, Validation accuracy: 0.9266
Adjusting learning rate of group 0 to 1.0000e-03.
Epoch: 162, Train loss: 0.008568872866034508, Validation loss: 0.4555984945297241, Validation accuracy: 0.9268
Adjusting learning rate of group 0 to 1.0000e-03.
Epoch: 163, Train loss: 0.010107726823017001, Validation loss: 0.4555735960960388, Validation accuracy: 0.9257
Adjusting learning rate of group 0 to 1.0000e-03.
Epoch: 164, Train loss: 0.008815326449144631, Validation loss: 0.4576647699356079, Validation accuracy: 0.9267
Adjusting learning rate of group 0 to 1.0000e-03.
Epoch: 165, Train loss: 0.008384319335073233, Validation loss: 0.46697382469177245, Validation accuracy: 0.924
Adjusting learning rate of group 0 to 1.0000e-03.
Epoch: 166, Train loss: 0.008341698606871069, Validation loss: 0.4748733242034912, Validation accuracy: 0.9251
Adjusting learning rate of group 0 to 1.0000e-03.
Epoch: 167, Train loss: 0.0074052818512544034, Validation loss: 0.47100808095932006, Validation accuracy: 0.9247
Adjusting learning rate of group 0 to 1.0000e-03.
Epoch: 168, Train loss: 0.007441334904395044, Validation loss: 0.47489890174865723, Validation accuracy: 0.9247
Adjusting learning rate of group 0 to 1.0000e-03.
Epoch: 169, Train loss: 0.007012466336339712, Validation loss: 0.48179443321228027, Validation accuracy: 0.9252
Adjusting learning rate of group 0 to 1.0000e-03.
Epoch: 170, Train loss: 0.007314276141524315, Validation loss: 0.48047298164367674, Validation accuracy: 0.9266
Adjusting learning rate of group 0 to 1.0000e-03.
Epoch: 171, Train loss: 0.007062880527153611, Validation loss: 0.48168936557769776, Validation accuracy: 0.9252
Adjusting learning rate of group 0 to 1.0000e-03.
Epoch: 172, Train loss: 0.007556256772764027, Validation loss: 0.492803272151947, Validation accuracy: 0.9254
Adjusting learning rate of group 0 to 1.0000e-03.
Epoch: 173, Train loss: 0.007127452142965049, Validation loss: 0.48883084478378297, Validation accuracy: 0.9262
Adjusting learning rate of group 0 to 1.0000e-03.
Epoch: 174, Train loss: 0.00635095498630777, Validation loss: 0.49216230096817015, Validation accuracy: 0.9261
Adjusting learning rate of group 0 to 1.0000e-03.
Epoch: 175, Train loss: 0.006693766338918358, Validation loss: 0.49081029291152956, Validation accuracy: 0.9276
Adjusting learning rate of group 0 to 1.0000e-03.
Epoch: 176, Train loss: 0.006789961124956608, Validation loss: 0.48555989694595336, Validation accuracy: 0.9273
Adjusting learning rate of group 0 to 1.0000e-03.
Epoch: 177, Train loss: 0.006159241119287908, Validation loss: 0.49525028133392335, Validation accuracy: 0.9267
Adjusting learning rate of group 0 to 1.0000e-03.
Epoch: 178, Train loss: 0.006219989072438329, Validation loss: 0.49074532737731935, Validation accuracy: 0.9259
Adjusting learning rate of group 0 to 1.0000e-03.
Epoch: 179, Train loss: 0.006663359925076365, Validation loss: 0.4915871026992798, Validation accuracy: 0.9256
Adjusting learning rate of group 0 to 1.0000e-03.
Epoch: 180, Train loss: 0.006017908618487417, Validation loss: 0.49190919017791745, Validation accuracy: 0.927
Adjusting learning rate of group 0 to 1.0000e-03.
Epoch: 181, Train loss: 0.005946490190662444, Validation loss: 0.4883520773887634, Validation accuracy: 0.9268
Adjusting learning rate of group 0 to 1.0000e-03.
Epoch: 182, Train loss: 0.006078410238223151, Validation loss: 0.4931227244377136, Validation accuracy: 0.9271
Adjusting learning rate of group 0 to 1.0000e-03.
Epoch: 183, Train loss: 0.005895163310449571, Validation loss: 0.49496025047302245, Validation accuracy: 0.9264
Adjusting learning rate of group 0 to 1.0000e-03.
Epoch: 184, Train loss: 0.005746324750594794, Validation loss: 0.49334752922058106, Validation accuracy: 0.9266
Adjusting learning rate of group 0 to 1.0000e-03.
Epoch: 185, Train loss: 0.004991850378746167, Validation loss: 0.4969243232727051, Validation accuracy: 0.9254
Adjusting learning rate of group 0 to 1.0000e-03.
Epoch: 186, Train loss: 0.005820615624096245, Validation loss: 0.5011592105865479, Validation accuracy: 0.9248
Adjusting learning rate of group 0 to 1.0000e-03.
Epoch: 187, Train loss: 0.005234493893831968, Validation loss: 0.5035773736953736, Validation accuracy: 0.925
Adjusting learning rate of group 0 to 1.0000e-03.
Epoch: 188, Train loss: 0.0051169807680696245, Validation loss: 0.504372261428833, Validation accuracy: 0.9266
Adjusting learning rate of group 0 to 1.0000e-03.
Epoch: 189, Train loss: 0.004553267602762207, Validation loss: 0.5115935527801514, Validation accuracy: 0.9274
Adjusting learning rate of group 0 to 1.0000e-03.
Epoch: 190, Train loss: 0.0047108041030261665, Validation loss: 0.508661536026001, Validation accuracy: 0.9268
Adjusting learning rate of group 0 to 1.0000e-03.
Epoch: 191, Train loss: 0.0057915301592508335, Validation loss: 0.5149832166671753, Validation accuracy: 0.9265
Adjusting learning rate of group 0 to 1.0000e-03.
Epoch: 192, Train loss: 0.005695343603044748, Validation loss: 0.5175566766738892, Validation accuracy: 0.9256
Adjusting learning rate of group 0 to 1.0000e-03.
Epoch: 193, Train loss: 0.00477354736642912, Validation loss: 0.5185520477294921, Validation accuracy: 0.9263
Adjusting learning rate of group 0 to 1.0000e-03.
Epoch: 194, Train loss: 0.004798619003389031, Validation loss: 0.5195021059036254, Validation accuracy: 0.9258
Adjusting learning rate of group 0 to 1.0000e-03.
Epoch: 195, Train loss: 0.005077818055311218, Validation loss: 0.5188485759735108, Validation accuracy: 0.9271
Adjusting learning rate of group 0 to 1.0000e-03.
Epoch: 196, Train loss: 0.004749613667698577, Validation loss: 0.5183442875862122, Validation accuracy: 0.9269
Adjusting learning rate of group 0 to 1.0000e-03.
Epoch: 197, Train loss: 0.0046764379538362846, Validation loss: 0.522774938583374, Validation accuracy: 0.927
Adjusting learning rate of group 0 to 1.0000e-03.
Epoch: 198, Train loss: 0.005029861649880185, Validation loss: 0.5216974884033203, Validation accuracy: 0.9259
Adjusting learning rate of group 0 to 1.0000e-03.
Epoch: 199, Train loss: 0.004913961207919056, Validation loss: 0.5188656229972839, Validation accuracy: 0.9276
Accuracy: 0.9276, Parameters: 1762
