['ResNet-train.py', '--network', 'resnet', '--classifier', 'full', '--tensorization', '64', '8', '8', '--ranks', '[[64,1,1,8],[1,8,1,2],[1,1,8,2],[8,2,2,10]]', '--seed', '12', '--device', 'cuda:2', '--random_permutation']
Initializing dataloader
Files already downloaded and verified
Files already downloaded and verified
Dataloader has initialized
Initializing model
Permutation of layer
Permutation of layer (11, 6, 10, 9, 1, 5, 8, 4, 3, 2, 7, 12)
Adjusting learning rate of group 0 to 1.0000e-02.
Model initialized
Testing model
Tests passed
Adjusting learning rate of group 0 to 2.0000e-02.
Epoch: 0, Train loss: 1.7736486511611937, Validation loss: 1.4839720046997071, Validation accuracy: 0.4505
Adjusting learning rate of group 0 to 3.0000e-02.
Epoch: 1, Train loss: 1.3719974926757812, Validation loss: 1.1976113710403442, Validation accuracy: 0.5654
Adjusting learning rate of group 0 to 4.0000e-02.
Epoch: 2, Train loss: 1.115238973236084, Validation loss: 1.0035024808883668, Validation accuracy: 0.6557
Adjusting learning rate of group 0 to 5.0000e-02.
Epoch: 3, Train loss: 0.9343806162261963, Validation loss: 1.081103401184082, Validation accuracy: 0.6766
Adjusting learning rate of group 0 to 6.0000e-02.
Epoch: 4, Train loss: 0.8139542924308777, Validation loss: 0.8375075234413147, Validation accuracy: 0.7118
Adjusting learning rate of group 0 to 7.0000e-02.
Epoch: 5, Train loss: 0.741359638633728, Validation loss: 0.8236828472137451, Validation accuracy: 0.7452
Adjusting learning rate of group 0 to 8.0000e-02.
Epoch: 6, Train loss: 0.6886428613090515, Validation loss: 0.8953427348136902, Validation accuracy: 0.7234
Adjusting learning rate of group 0 to 9.0000e-02.
Epoch: 7, Train loss: 0.646218822479248, Validation loss: 0.6923604359149933, Validation accuracy: 0.7669
Adjusting learning rate of group 0 to 1.0000e-01.
Epoch: 8, Train loss: 0.6131752849769593, Validation loss: 0.7164184803009033, Validation accuracy: 0.7757
Adjusting learning rate of group 0 to 1.0000e-01.
Epoch: 9, Train loss: 0.5992707962417603, Validation loss: 0.7573061106681823, Validation accuracy: 0.7481
Adjusting learning rate of group 0 to 1.0000e-01.
Epoch: 10, Train loss: 0.5608635614585876, Validation loss: 0.7142441970825195, Validation accuracy: 0.7802
Adjusting learning rate of group 0 to 1.0000e-01.
Epoch: 11, Train loss: 0.5466055109596253, Validation loss: 0.5219811810016632, Validation accuracy: 0.8331
Adjusting learning rate of group 0 to 1.0000e-01.
Epoch: 12, Train loss: 0.5119444875907898, Validation loss: 0.6689900171279908, Validation accuracy: 0.783
Adjusting learning rate of group 0 to 1.0000e-01.
Epoch: 13, Train loss: 0.49158513298988343, Validation loss: 0.7431895382881164, Validation accuracy: 0.7639
Adjusting learning rate of group 0 to 1.0000e-01.
Epoch: 14, Train loss: 0.476447702627182, Validation loss: 0.543981179189682, Validation accuracy: 0.8145
Adjusting learning rate of group 0 to 1.0000e-01.
Epoch: 15, Train loss: 0.47177638877868655, Validation loss: 0.7177153252601624, Validation accuracy: 0.773
Adjusting learning rate of group 0 to 1.0000e-01.
Epoch: 16, Train loss: 0.44927771094322205, Validation loss: 0.7618236791610717, Validation accuracy: 0.7857
Adjusting learning rate of group 0 to 1.0000e-01.
Epoch: 17, Train loss: 0.44013983334541323, Validation loss: 0.6067552412033081, Validation accuracy: 0.811
Adjusting learning rate of group 0 to 1.0000e-01.
Epoch: 18, Train loss: 0.432818796415329, Validation loss: 0.6183228662490845, Validation accuracy: 0.8022
Adjusting learning rate of group 0 to 1.0000e-01.
Epoch: 19, Train loss: 0.4271217580604553, Validation loss: 0.7302340438842774, Validation accuracy: 0.789
Adjusting learning rate of group 0 to 1.0000e-01.
Epoch: 20, Train loss: 0.4250055438041687, Validation loss: 0.8144546577453613, Validation accuracy: 0.7498
Adjusting learning rate of group 0 to 1.0000e-01.
Epoch: 21, Train loss: 0.40794392242431643, Validation loss: 0.6227562382698059, Validation accuracy: 0.8033
Adjusting learning rate of group 0 to 1.0000e-01.
Epoch: 22, Train loss: 0.4165558299446106, Validation loss: 0.6817133909225463, Validation accuracy: 0.7902
Adjusting learning rate of group 0 to 1.0000e-01.
Epoch: 23, Train loss: 0.3993434925889969, Validation loss: 0.5974111545085907, Validation accuracy: 0.8236
Adjusting learning rate of group 0 to 1.0000e-01.
Epoch: 24, Train loss: 0.39118893432617186, Validation loss: 0.7022208250045776, Validation accuracy: 0.8116
Adjusting learning rate of group 0 to 1.0000e-01.
Epoch: 25, Train loss: 0.39757509568214416, Validation loss: 0.5033188909530639, Validation accuracy: 0.8361
Adjusting learning rate of group 0 to 1.0000e-01.
Epoch: 26, Train loss: 0.3886810736656189, Validation loss: 0.4841597428321838, Validation accuracy: 0.8403
Adjusting learning rate of group 0 to 1.0000e-01.
Epoch: 27, Train loss: 0.38719333797454836, Validation loss: 0.5457234415054322, Validation accuracy: 0.8284
Adjusting learning rate of group 0 to 1.0000e-01.
Epoch: 28, Train loss: 0.3769538351631165, Validation loss: 0.5343852808952332, Validation accuracy: 0.8346
Adjusting learning rate of group 0 to 1.0000e-01.
Epoch: 29, Train loss: 0.3741372924232483, Validation loss: 0.6225154252529145, Validation accuracy: 0.7992
Adjusting learning rate of group 0 to 1.0000e-01.
Epoch: 30, Train loss: 0.37606189412117, Validation loss: 0.6561956109046936, Validation accuracy: 0.8088
Adjusting learning rate of group 0 to 1.0000e-01.
Epoch: 31, Train loss: 0.3741146880722046, Validation loss: 0.4987954113960266, Validation accuracy: 0.8353
Adjusting learning rate of group 0 to 1.0000e-01.
Epoch: 32, Train loss: 0.36628946095466614, Validation loss: 0.47078712067604067, Validation accuracy: 0.8438
Adjusting learning rate of group 0 to 1.0000e-01.
Epoch: 33, Train loss: 0.35904111295700075, Validation loss: 0.5988392864227295, Validation accuracy: 0.8096
Adjusting learning rate of group 0 to 1.0000e-01.
Epoch: 34, Train loss: 0.36036186671733855, Validation loss: 0.4911361978530884, Validation accuracy: 0.8443
Adjusting learning rate of group 0 to 1.0000e-01.
Epoch: 35, Train loss: 0.3484396410942078, Validation loss: 0.5676160419464111, Validation accuracy: 0.8052
Adjusting learning rate of group 0 to 1.0000e-01.
Epoch: 36, Train loss: 0.35478419872283934, Validation loss: 0.921800717163086, Validation accuracy: 0.7666
Adjusting learning rate of group 0 to 1.0000e-01.
Epoch: 37, Train loss: 0.35254334533691406, Validation loss: 0.4885229199409485, Validation accuracy: 0.8456
Adjusting learning rate of group 0 to 1.0000e-01.
Epoch: 38, Train loss: 0.34369914012908936, Validation loss: 0.55217449259758, Validation accuracy: 0.8322
Adjusting learning rate of group 0 to 1.0000e-01.
Epoch: 39, Train loss: 0.354337759513855, Validation loss: 0.5968363120079041, Validation accuracy: 0.8306
Adjusting learning rate of group 0 to 1.0000e-01.
Epoch: 40, Train loss: 0.3528452208709717, Validation loss: 0.511855801820755, Validation accuracy: 0.8442
Adjusting learning rate of group 0 to 1.0000e-01.
Epoch: 41, Train loss: 0.34126049036026, Validation loss: 1.1351379974365234, Validation accuracy: 0.7189
Adjusting learning rate of group 0 to 1.0000e-01.
Epoch: 42, Train loss: 0.35050826132774354, Validation loss: 0.635927393245697, Validation accuracy: 0.8169
Adjusting learning rate of group 0 to 1.0000e-01.
Epoch: 43, Train loss: 0.3422029203224182, Validation loss: 0.6157234944343567, Validation accuracy: 0.8076
Adjusting learning rate of group 0 to 1.0000e-01.
Epoch: 44, Train loss: 0.3376430690956116, Validation loss: 0.5385493037700653, Validation accuracy: 0.8397
Adjusting learning rate of group 0 to 1.0000e-01.
Epoch: 45, Train loss: 0.34006996702194214, Validation loss: 0.5497480794906616, Validation accuracy: 0.8274
Adjusting learning rate of group 0 to 1.0000e-01.
Epoch: 46, Train loss: 0.33443836037635805, Validation loss: 0.6081683459281921, Validation accuracy: 0.8258
Adjusting learning rate of group 0 to 1.0000e-01.
Epoch: 47, Train loss: 0.34291789734840394, Validation loss: 0.6851816925048828, Validation accuracy: 0.7931
Adjusting learning rate of group 0 to 1.0000e-01.
Epoch: 48, Train loss: 0.3374560017967224, Validation loss: 0.5256064324378967, Validation accuracy: 0.8421
Adjusting learning rate of group 0 to 1.0000e-01.
Epoch: 49, Train loss: 0.32548976912498473, Validation loss: 0.4602424277305603, Validation accuracy: 0.8557
Adjusting learning rate of group 0 to 1.0000e-01.
Epoch: 50, Train loss: 0.3320576697731018, Validation loss: 0.45238710513114927, Validation accuracy: 0.8471
Adjusting learning rate of group 0 to 1.0000e-01.
Epoch: 51, Train loss: 0.3315353341770172, Validation loss: 0.5472357508659362, Validation accuracy: 0.8326
Adjusting learning rate of group 0 to 1.0000e-01.
Epoch: 52, Train loss: 0.3287381106376648, Validation loss: 0.5407986882209778, Validation accuracy: 0.8363
Adjusting learning rate of group 0 to 1.0000e-01.
Epoch: 53, Train loss: 0.3289497417640686, Validation loss: 0.4707444369792938, Validation accuracy: 0.8525
Adjusting learning rate of group 0 to 1.0000e-01.
Epoch: 54, Train loss: 0.32623521618843077, Validation loss: 0.47884059852361677, Validation accuracy: 0.8572
Adjusting learning rate of group 0 to 1.0000e-01.
Epoch: 55, Train loss: 0.32892494072914125, Validation loss: 0.5631080380916595, Validation accuracy: 0.8289
Adjusting learning rate of group 0 to 1.0000e-01.
Epoch: 56, Train loss: 0.3233631582260132, Validation loss: 0.7321800993919373, Validation accuracy: 0.789
Adjusting learning rate of group 0 to 1.0000e-01.
Epoch: 57, Train loss: 0.31941752714157107, Validation loss: 0.44636039533615113, Validation accuracy: 0.8626
Adjusting learning rate of group 0 to 1.0000e-01.
Epoch: 58, Train loss: 0.31896067454338073, Validation loss: 0.413062375831604, Validation accuracy: 0.8632
Adjusting learning rate of group 0 to 1.0000e-01.
Epoch: 59, Train loss: 0.30957877589702604, Validation loss: 0.47043143734931947, Validation accuracy: 0.8502
Adjusting learning rate of group 0 to 1.0000e-01.
Epoch: 60, Train loss: 0.3184683100795746, Validation loss: 0.40812139544486997, Validation accuracy: 0.8665
Adjusting learning rate of group 0 to 1.0000e-01.
Epoch: 61, Train loss: 0.31607167196273805, Validation loss: 0.4294075440883636, Validation accuracy: 0.8639
Adjusting learning rate of group 0 to 1.0000e-01.
Epoch: 62, Train loss: 0.3065870198488235, Validation loss: 0.5135971769332885, Validation accuracy: 0.8538
Adjusting learning rate of group 0 to 1.0000e-01.
Epoch: 63, Train loss: 0.31702193239212034, Validation loss: 0.5402203705787658, Validation accuracy: 0.8353
Adjusting learning rate of group 0 to 1.0000e-01.
Epoch: 64, Train loss: 0.3133124660873413, Validation loss: 0.4828416023731232, Validation accuracy: 0.86
Adjusting learning rate of group 0 to 1.0000e-01.
Epoch: 65, Train loss: 0.31918207062721254, Validation loss: 0.45178762040138243, Validation accuracy: 0.8622
Adjusting learning rate of group 0 to 1.0000e-01.
Epoch: 66, Train loss: 0.31494284037590026, Validation loss: 0.5025725775718689, Validation accuracy: 0.8396
Adjusting learning rate of group 0 to 1.0000e-01.
Epoch: 67, Train loss: 0.3110567064094543, Validation loss: 0.5755420771598816, Validation accuracy: 0.8175
Adjusting learning rate of group 0 to 1.0000e-01.
Epoch: 68, Train loss: 0.30820839884757995, Validation loss: 0.4960539335250854, Validation accuracy: 0.8282
Adjusting learning rate of group 0 to 1.0000e-01.
Epoch: 69, Train loss: 0.3057160701942444, Validation loss: 0.5133175127506256, Validation accuracy: 0.8337
Adjusting learning rate of group 0 to 1.0000e-01.
Epoch: 70, Train loss: 0.30908701736450195, Validation loss: 0.5228146946907043, Validation accuracy: 0.8322
Adjusting learning rate of group 0 to 1.0000e-01.
Epoch: 71, Train loss: 0.3033284936285019, Validation loss: 0.5831747692584991, Validation accuracy: 0.8215
Adjusting learning rate of group 0 to 1.0000e-01.
Epoch: 72, Train loss: 0.30852159543037416, Validation loss: 0.43046869423389433, Validation accuracy: 0.8621
Adjusting learning rate of group 0 to 1.0000e-01.
Epoch: 73, Train loss: 0.30251301173210143, Validation loss: 0.4590392723083496, Validation accuracy: 0.8618
Adjusting learning rate of group 0 to 1.0000e-01.
Epoch: 74, Train loss: 0.3163755641746521, Validation loss: 0.5354028917312622, Validation accuracy: 0.8269
Adjusting learning rate of group 0 to 1.0000e-01.
Epoch: 75, Train loss: 0.30678537483215335, Validation loss: 0.5821126649856567, Validation accuracy: 0.844
Adjusting learning rate of group 0 to 1.0000e-01.
Epoch: 76, Train loss: 0.3063009246826172, Validation loss: 0.6495663687705994, Validation accuracy: 0.8237
Adjusting learning rate of group 0 to 1.0000e-01.
Epoch: 77, Train loss: 0.2983186046409607, Validation loss: 0.7130429615974426, Validation accuracy: 0.7957
Adjusting learning rate of group 0 to 1.0000e-01.
Epoch: 78, Train loss: 0.29807916202545165, Validation loss: 0.6386090203285217, Validation accuracy: 0.8306
Adjusting learning rate of group 0 to 1.0000e-01.
Epoch: 79, Train loss: 0.2987236860084534, Validation loss: 0.5174441992759704, Validation accuracy: 0.8299
Adjusting learning rate of group 0 to 1.0000e-01.
Epoch: 80, Train loss: 0.2964958376502991, Validation loss: 0.5160667671203614, Validation accuracy: 0.8367
Adjusting learning rate of group 0 to 1.0000e-01.
Epoch: 81, Train loss: 0.30743213676452635, Validation loss: 0.48733540334701536, Validation accuracy: 0.8485
Adjusting learning rate of group 0 to 1.0000e-01.
Epoch: 82, Train loss: 0.3011032166862488, Validation loss: 0.48533533520698546, Validation accuracy: 0.852
Adjusting learning rate of group 0 to 1.0000e-01.
Epoch: 83, Train loss: 0.29294571439743045, Validation loss: 0.6248440918922424, Validation accuracy: 0.8205
Adjusting learning rate of group 0 to 1.0000e-01.
Epoch: 84, Train loss: 0.30816888345718385, Validation loss: 0.43475308952331543, Validation accuracy: 0.8539
Adjusting learning rate of group 0 to 1.0000e-01.
Epoch: 85, Train loss: 0.30433581429958345, Validation loss: 0.4279559875011444, Validation accuracy: 0.8632
Adjusting learning rate of group 0 to 1.0000e-01.
Epoch: 86, Train loss: 0.2936017704772949, Validation loss: 0.48074990062713624, Validation accuracy: 0.8563
Adjusting learning rate of group 0 to 1.0000e-01.
Epoch: 87, Train loss: 0.2951129999256134, Validation loss: 0.4233671325683594, Validation accuracy: 0.8609
Adjusting learning rate of group 0 to 1.0000e-01.
Epoch: 88, Train loss: 0.2958057980442047, Validation loss: 0.4298263877868652, Validation accuracy: 0.8687
Adjusting learning rate of group 0 to 1.0000e-01.
Epoch: 89, Train loss: 0.2940799479866028, Validation loss: 0.4983636640548706, Validation accuracy: 0.8502
Adjusting learning rate of group 0 to 1.0000e-01.
Epoch: 90, Train loss: 0.2917893683433533, Validation loss: 0.4436386932373047, Validation accuracy: 0.858
Adjusting learning rate of group 0 to 1.0000e-01.
Epoch: 91, Train loss: 0.2987910426044464, Validation loss: 0.9877155169487, Validation accuracy: 0.759
Adjusting learning rate of group 0 to 1.0000e-01.
Epoch: 92, Train loss: 0.2963013370227814, Validation loss: 0.5872764562129974, Validation accuracy: 0.8345
Adjusting learning rate of group 0 to 1.0000e-01.
Epoch: 93, Train loss: 0.2883193526649475, Validation loss: 0.491534081029892, Validation accuracy: 0.8404
Adjusting learning rate of group 0 to 1.0000e-01.
Epoch: 94, Train loss: 0.28981882875442505, Validation loss: 0.6114682037353516, Validation accuracy: 0.8603
Adjusting learning rate of group 0 to 1.0000e-01.
Epoch: 95, Train loss: 0.2991351553630829, Validation loss: 0.5801450505256652, Validation accuracy: 0.8324
Adjusting learning rate of group 0 to 1.0000e-01.
Epoch: 96, Train loss: 0.29738749384880064, Validation loss: 0.4955446837902069, Validation accuracy: 0.85
Adjusting learning rate of group 0 to 1.0000e-01.
Epoch: 97, Train loss: 0.29575767621040344, Validation loss: 0.5502565956115723, Validation accuracy: 0.8406
Adjusting learning rate of group 0 to 1.0000e-01.
Epoch: 98, Train loss: 0.3019296049499512, Validation loss: 0.5466490928411484, Validation accuracy: 0.8367
Adjusting learning rate of group 0 to 1.0000e-01.
Epoch: 99, Train loss: 0.2897137014579773, Validation loss: 0.4959117458343506, Validation accuracy: 0.8507
Adjusting learning rate of group 0 to 1.0000e-02.
Epoch: 100, Train loss: 0.2919133415317535, Validation loss: 0.6787951350212097, Validation accuracy: 0.8256
Adjusting learning rate of group 0 to 1.0000e-02.
Epoch: 101, Train loss: 0.1650238128900528, Validation loss: 0.28687577657699587, Validation accuracy: 0.9146
Adjusting learning rate of group 0 to 1.0000e-02.
Epoch: 102, Train loss: 0.1291382891225815, Validation loss: 0.27244166955947874, Validation accuracy: 0.9201
Adjusting learning rate of group 0 to 1.0000e-02.
Epoch: 103, Train loss: 0.11360320910453796, Validation loss: 0.26964427528381346, Validation accuracy: 0.9199
Adjusting learning rate of group 0 to 1.0000e-02.
Epoch: 104, Train loss: 0.10355521864414215, Validation loss: 0.26748805354833605, Validation accuracy: 0.9227
Adjusting learning rate of group 0 to 1.0000e-02.
Epoch: 105, Train loss: 0.09422314722537994, Validation loss: 0.292925220477581, Validation accuracy: 0.9217
Adjusting learning rate of group 0 to 1.0000e-02.
Epoch: 106, Train loss: 0.08952194306612014, Validation loss: 0.27580783915519713, Validation accuracy: 0.9259
Adjusting learning rate of group 0 to 1.0000e-02.
Epoch: 107, Train loss: 0.08328310767889023, Validation loss: 0.2950658931970596, Validation accuracy: 0.923
Adjusting learning rate of group 0 to 1.0000e-02.
Epoch: 108, Train loss: 0.07794077736139297, Validation loss: 0.29029247691631316, Validation accuracy: 0.9253
Adjusting learning rate of group 0 to 1.0000e-02.
Epoch: 109, Train loss: 0.07496982182890177, Validation loss: 0.29669242914915084, Validation accuracy: 0.9266
Adjusting learning rate of group 0 to 1.0000e-02.
Epoch: 110, Train loss: 0.07155795990109444, Validation loss: 0.29666330180168154, Validation accuracy: 0.9257
Adjusting learning rate of group 0 to 1.0000e-02.
Epoch: 111, Train loss: 0.06798970628738403, Validation loss: 0.3136031870603561, Validation accuracy: 0.9213
Adjusting learning rate of group 0 to 1.0000e-02.
Epoch: 112, Train loss: 0.06484498350262642, Validation loss: 0.3137193089008331, Validation accuracy: 0.9258
Adjusting learning rate of group 0 to 1.0000e-02.
Epoch: 113, Train loss: 0.0631009639942646, Validation loss: 0.3237821483373642, Validation accuracy: 0.9207
Adjusting learning rate of group 0 to 1.0000e-02.
Epoch: 114, Train loss: 0.06119983181118965, Validation loss: 0.3228107390403748, Validation accuracy: 0.9249
Adjusting learning rate of group 0 to 1.0000e-02.
Epoch: 115, Train loss: 0.05985109033614397, Validation loss: 0.3256321533203125, Validation accuracy: 0.9256
Adjusting learning rate of group 0 to 1.0000e-02.
Epoch: 116, Train loss: 0.0545105814909935, Validation loss: 0.3544502472639084, Validation accuracy: 0.9215
Adjusting learning rate of group 0 to 1.0000e-02.
Epoch: 117, Train loss: 0.05362196098804474, Validation loss: 0.34190965299606324, Validation accuracy: 0.9225
Adjusting learning rate of group 0 to 1.0000e-02.
Epoch: 118, Train loss: 0.05238585178256035, Validation loss: 0.34957615501880646, Validation accuracy: 0.9222
Adjusting learning rate of group 0 to 1.0000e-02.
Epoch: 119, Train loss: 0.05166452897191048, Validation loss: 0.3592564418315887, Validation accuracy: 0.9221
Adjusting learning rate of group 0 to 1.0000e-02.
Epoch: 120, Train loss: 0.04950876248240471, Validation loss: 0.3399488149881363, Validation accuracy: 0.9246
Adjusting learning rate of group 0 to 1.0000e-02.
Epoch: 121, Train loss: 0.0469545595729351, Validation loss: 0.35633358788490294, Validation accuracy: 0.9238
Adjusting learning rate of group 0 to 1.0000e-02.
Epoch: 122, Train loss: 0.047095281320214274, Validation loss: 0.35281223311424253, Validation accuracy: 0.923
Adjusting learning rate of group 0 to 1.0000e-02.
Epoch: 123, Train loss: 0.04494675184547901, Validation loss: 0.3798185913801193, Validation accuracy: 0.9226
Adjusting learning rate of group 0 to 1.0000e-02.
Epoch: 124, Train loss: 0.04227536831498146, Validation loss: 0.3899575360298157, Validation accuracy: 0.9237
Adjusting learning rate of group 0 to 1.0000e-02.
Epoch: 125, Train loss: 0.044673700795173646, Validation loss: 0.37691053644418715, Validation accuracy: 0.9234
Adjusting learning rate of group 0 to 1.0000e-02.
Epoch: 126, Train loss: 0.04179612748593092, Validation loss: 0.3887637996301055, Validation accuracy: 0.9183
Adjusting learning rate of group 0 to 1.0000e-02.
Epoch: 127, Train loss: 0.04255970314204693, Validation loss: 0.39206639014482497, Validation accuracy: 0.9191
Adjusting learning rate of group 0 to 1.0000e-02.
Epoch: 128, Train loss: 0.042667976224422456, Validation loss: 0.3702373868942261, Validation accuracy: 0.9206
Adjusting learning rate of group 0 to 1.0000e-02.
Epoch: 129, Train loss: 0.04050037338644266, Validation loss: 0.4105531424999237, Validation accuracy: 0.9209
Adjusting learning rate of group 0 to 1.0000e-02.
Epoch: 130, Train loss: 0.04091096700042486, Validation loss: 0.3834229176521301, Validation accuracy: 0.9224
Adjusting learning rate of group 0 to 1.0000e-02.
Epoch: 131, Train loss: 0.038233286418318746, Validation loss: 0.41162156562805174, Validation accuracy: 0.9207
Adjusting learning rate of group 0 to 1.0000e-02.
Epoch: 132, Train loss: 0.04223747740805149, Validation loss: 0.39703506462275984, Validation accuracy: 0.9171
Adjusting learning rate of group 0 to 1.0000e-02.
Epoch: 133, Train loss: 0.041547516921758655, Validation loss: 0.3758489699840546, Validation accuracy: 0.9232
Adjusting learning rate of group 0 to 1.0000e-02.
Epoch: 134, Train loss: 0.039509401922822, Validation loss: 0.4040257432758808, Validation accuracy: 0.9169
Adjusting learning rate of group 0 to 1.0000e-02.
Epoch: 135, Train loss: 0.038194512582421306, Validation loss: 0.3883417837977409, Validation accuracy: 0.9241
Adjusting learning rate of group 0 to 1.0000e-02.
Epoch: 136, Train loss: 0.03964368964463472, Validation loss: 0.40180339585244657, Validation accuracy: 0.9144
Adjusting learning rate of group 0 to 1.0000e-02.
Epoch: 137, Train loss: 0.039228878906071185, Validation loss: 0.4079945764541626, Validation accuracy: 0.9228
Adjusting learning rate of group 0 to 1.0000e-02.
Epoch: 138, Train loss: 0.03847325773447752, Validation loss: 0.4065480815410614, Validation accuracy: 0.9209
Adjusting learning rate of group 0 to 1.0000e-02.
Epoch: 139, Train loss: 0.03823946356892586, Validation loss: 0.3964924698829651, Validation accuracy: 0.9225
Adjusting learning rate of group 0 to 1.0000e-02.
Epoch: 140, Train loss: 0.03835523844987154, Validation loss: 0.4012602742671967, Validation accuracy: 0.9231
Adjusting learning rate of group 0 to 1.0000e-02.
Epoch: 141, Train loss: 0.037506546469926835, Validation loss: 0.4009259160757065, Validation accuracy: 0.9197
Adjusting learning rate of group 0 to 1.0000e-02.
Epoch: 142, Train loss: 0.038069210155308245, Validation loss: 0.3859773092061281, Validation accuracy: 0.9184
Adjusting learning rate of group 0 to 1.0000e-02.
Epoch: 143, Train loss: 0.03943243545621634, Validation loss: 0.3990358212813735, Validation accuracy: 0.9192
Adjusting learning rate of group 0 to 1.0000e-02.
Epoch: 144, Train loss: 0.03783571096032858, Validation loss: 0.4271831399142742, Validation accuracy: 0.9192
Adjusting learning rate of group 0 to 1.0000e-02.
Epoch: 145, Train loss: 0.03892621312186122, Validation loss: 0.4037722533226013, Validation accuracy: 0.9153
Adjusting learning rate of group 0 to 1.0000e-02.
Epoch: 146, Train loss: 0.037573503957390786, Validation loss: 0.39808970065116883, Validation accuracy: 0.9213
Adjusting learning rate of group 0 to 1.0000e-02.
Epoch: 147, Train loss: 0.03718161330640316, Validation loss: 0.40526877896785735, Validation accuracy: 0.919
Adjusting learning rate of group 0 to 1.0000e-02.
Epoch: 148, Train loss: 0.038303124664723874, Validation loss: 0.40173204560279846, Validation accuracy: 0.9177
Adjusting learning rate of group 0 to 1.0000e-02.
Epoch: 149, Train loss: 0.03582959790706634, Validation loss: 0.38821271869838236, Validation accuracy: 0.9192
Adjusting learning rate of group 0 to 1.0000e-03.
Epoch: 150, Train loss: 0.03696136218249798, Validation loss: 0.4043970491170883, Validation accuracy: 0.9216
Adjusting learning rate of group 0 to 1.0000e-03.
Epoch: 151, Train loss: 0.02634363731712103, Validation loss: 0.36594618391990663, Validation accuracy: 0.9264
Adjusting learning rate of group 0 to 1.0000e-03.
Epoch: 152, Train loss: 0.017715607625246047, Validation loss: 0.364785888504982, Validation accuracy: 0.9289
Adjusting learning rate of group 0 to 1.0000e-03.
Epoch: 153, Train loss: 0.01625962152272463, Validation loss: 0.3728267074584961, Validation accuracy: 0.928
Adjusting learning rate of group 0 to 1.0000e-03.
Epoch: 154, Train loss: 0.01386837253049016, Validation loss: 0.37176651215553286, Validation accuracy: 0.9303
Adjusting learning rate of group 0 to 1.0000e-03.
Epoch: 155, Train loss: 0.01337138344753068, Validation loss: 0.378139825129509, Validation accuracy: 0.9308
Adjusting learning rate of group 0 to 1.0000e-03.
Epoch: 156, Train loss: 0.01387429004728794, Validation loss: 0.38258810515403746, Validation accuracy: 0.9306
Adjusting learning rate of group 0 to 1.0000e-03.
Epoch: 157, Train loss: 0.012163882686197757, Validation loss: 0.39617201635837557, Validation accuracy: 0.9297
Adjusting learning rate of group 0 to 1.0000e-03.
Epoch: 158, Train loss: 0.011818873996138573, Validation loss: 0.39499941511154174, Validation accuracy: 0.9301
Adjusting learning rate of group 0 to 1.0000e-03.
Epoch: 159, Train loss: 0.011211449315994979, Validation loss: 0.406058862054348, Validation accuracy: 0.9299
Adjusting learning rate of group 0 to 1.0000e-03.
Epoch: 160, Train loss: 0.009685047853887081, Validation loss: 0.40827089586257936, Validation accuracy: 0.9291
Adjusting learning rate of group 0 to 1.0000e-03.
Epoch: 161, Train loss: 0.009911313190758228, Validation loss: 0.40982032734155655, Validation accuracy: 0.9304
Adjusting learning rate of group 0 to 1.0000e-03.
Epoch: 162, Train loss: 0.00978043299548328, Validation loss: 0.4138363384962082, Validation accuracy: 0.9292
Adjusting learning rate of group 0 to 1.0000e-03.
Epoch: 163, Train loss: 0.008702007156535983, Validation loss: 0.42094594531059265, Validation accuracy: 0.9292
Adjusting learning rate of group 0 to 1.0000e-03.
Epoch: 164, Train loss: 0.009084561127722263, Validation loss: 0.42305792070627213, Validation accuracy: 0.9302
Adjusting learning rate of group 0 to 1.0000e-03.
Epoch: 165, Train loss: 0.00814664323233068, Validation loss: 0.430736699283123, Validation accuracy: 0.9297
Adjusting learning rate of group 0 to 1.0000e-03.
Epoch: 166, Train loss: 0.008823989964053034, Validation loss: 0.43600659759044647, Validation accuracy: 0.9282
Adjusting learning rate of group 0 to 1.0000e-03.
Epoch: 167, Train loss: 0.008172098323106766, Validation loss: 0.4364210996806622, Validation accuracy: 0.929
Adjusting learning rate of group 0 to 1.0000e-03.
Epoch: 168, Train loss: 0.007494819072857499, Validation loss: 0.44232933327555657, Validation accuracy: 0.9291
Adjusting learning rate of group 0 to 1.0000e-03.
Epoch: 169, Train loss: 0.007683819134160877, Validation loss: 0.44058621709346774, Validation accuracy: 0.9291
Adjusting learning rate of group 0 to 1.0000e-03.
Epoch: 170, Train loss: 0.006885840395316482, Validation loss: 0.44770481321215627, Validation accuracy: 0.9299
Adjusting learning rate of group 0 to 1.0000e-03.
Epoch: 171, Train loss: 0.007800077336728573, Validation loss: 0.45243878776431085, Validation accuracy: 0.93
Adjusting learning rate of group 0 to 1.0000e-03.
Epoch: 172, Train loss: 0.006805235981009901, Validation loss: 0.4506854605913162, Validation accuracy: 0.9294
Adjusting learning rate of group 0 to 1.0000e-03.
Epoch: 173, Train loss: 0.0070857371279224755, Validation loss: 0.45111759179234506, Validation accuracy: 0.9291
Adjusting learning rate of group 0 to 1.0000e-03.
Epoch: 174, Train loss: 0.006098519641300664, Validation loss: 0.4612021387934685, Validation accuracy: 0.9293
Adjusting learning rate of group 0 to 1.0000e-03.
Epoch: 175, Train loss: 0.00633637197913602, Validation loss: 0.4594453666448593, Validation accuracy: 0.93
Adjusting learning rate of group 0 to 1.0000e-03.
Epoch: 176, Train loss: 0.007094513017907739, Validation loss: 0.4654380556166172, Validation accuracy: 0.9285
Adjusting learning rate of group 0 to 1.0000e-03.
Epoch: 177, Train loss: 0.006654506604764611, Validation loss: 0.4670041345000267, Validation accuracy: 0.9295
Adjusting learning rate of group 0 to 1.0000e-03.
Epoch: 178, Train loss: 0.006425127037335187, Validation loss: 0.47053850702643396, Validation accuracy: 0.9286
Adjusting learning rate of group 0 to 1.0000e-03.
Epoch: 179, Train loss: 0.005336562247946859, Validation loss: 0.4752698300004005, Validation accuracy: 0.9281
Adjusting learning rate of group 0 to 1.0000e-03.
Epoch: 180, Train loss: 0.0059021674706414345, Validation loss: 0.4775485671520233, Validation accuracy: 0.9299
Adjusting learning rate of group 0 to 1.0000e-03.
Epoch: 181, Train loss: 0.006577439453275874, Validation loss: 0.46804346077740194, Validation accuracy: 0.9294
Adjusting learning rate of group 0 to 1.0000e-03.
Epoch: 182, Train loss: 0.006219944518590346, Validation loss: 0.4715033601284027, Validation accuracy: 0.9296
Adjusting learning rate of group 0 to 1.0000e-03.
Epoch: 183, Train loss: 0.005833748265095055, Validation loss: 0.4741475470781326, Validation accuracy: 0.9291
Adjusting learning rate of group 0 to 1.0000e-03.
Epoch: 184, Train loss: 0.005880295230317861, Validation loss: 0.47526135102510453, Validation accuracy: 0.9304
Adjusting learning rate of group 0 to 1.0000e-03.
Epoch: 185, Train loss: 0.006179020623294637, Validation loss: 0.4759855671405792, Validation accuracy: 0.9306
Adjusting learning rate of group 0 to 1.0000e-03.
Epoch: 186, Train loss: 0.005697043276084587, Validation loss: 0.4788540629327297, Validation accuracy: 0.9303
Adjusting learning rate of group 0 to 1.0000e-03.
Epoch: 187, Train loss: 0.0053672821293678135, Validation loss: 0.4744005011796951, Validation accuracy: 0.9302
Adjusting learning rate of group 0 to 1.0000e-03.
Epoch: 188, Train loss: 0.005686469457782805, Validation loss: 0.47726349076032637, Validation accuracy: 0.9303
Adjusting learning rate of group 0 to 1.0000e-03.
Epoch: 189, Train loss: 0.004488891235049814, Validation loss: 0.49049403676986697, Validation accuracy: 0.9302
Adjusting learning rate of group 0 to 1.0000e-03.
Epoch: 190, Train loss: 0.005508719821898267, Validation loss: 0.49760072243213654, Validation accuracy: 0.9289
Adjusting learning rate of group 0 to 1.0000e-03.
Epoch: 191, Train loss: 0.006083749899426475, Validation loss: 0.48744359555244443, Validation accuracy: 0.9295
Adjusting learning rate of group 0 to 1.0000e-03.
Epoch: 192, Train loss: 0.004725896755184512, Validation loss: 0.49298246520161626, Validation accuracy: 0.9285
Adjusting learning rate of group 0 to 1.0000e-03.
Epoch: 193, Train loss: 0.004882740631904453, Validation loss: 0.4938621817409992, Validation accuracy: 0.9296
Adjusting learning rate of group 0 to 1.0000e-03.
Epoch: 194, Train loss: 0.0045529459403455255, Validation loss: 0.49201851422786713, Validation accuracy: 0.9303
Adjusting learning rate of group 0 to 1.0000e-03.
Epoch: 195, Train loss: 0.0045463325813203115, Validation loss: 0.49589131411612036, Validation accuracy: 0.9294
Adjusting learning rate of group 0 to 1.0000e-03.
Epoch: 196, Train loss: 0.005567602845355868, Validation loss: 0.4931592783927917, Validation accuracy: 0.9292
Adjusting learning rate of group 0 to 1.0000e-03.
Epoch: 197, Train loss: 0.004844959090442863, Validation loss: 0.49786939591169355, Validation accuracy: 0.9285
Adjusting learning rate of group 0 to 1.0000e-03.
Epoch: 198, Train loss: 0.004418641376430168, Validation loss: 0.502871405160427, Validation accuracy: 0.9302
Adjusting learning rate of group 0 to 1.0000e-03.
Epoch: 199, Train loss: 0.005115123652825132, Validation loss: 0.5057058056101204, Validation accuracy: 0.9283
Accuracy: 0.9283, Parameters: 874
