['ResNet-train.py', '--network', 'resnet', '--classifier', 'full', '--tensorization', '4', '4', '4', '4', '4', '4', '--ranks', '[[4, 2, 1, 1, 1, 1, 3], [2, 4, 1, 1, 2, 2, 1], [1, 1, 4, 2, 2, 2, 1], [1, 1, 2, 4, 2, 3, 1], [1, 2, 2, 2, 4, 2, 2], [1, 2, 2, 3, 2, 4, 3], [3, 1, 1, 1, 2, 3, 10]]', '--seed', '13', '--device', 'cuda:2']
Initializing dataloader
Files already downloaded and verified
Files already downloaded and verified
Dataloader has initialized
Initializing model
Adjusting learning rate of group 0 to 1.0000e-02.
Model initialized
Testing model
Tests passed
Adjusting learning rate of group 0 to 2.0000e-02.
Epoch: 0, Train loss: 1.9236933658599853, Validation loss: 1.5704687477111816, Validation accuracy: 0.4213
Adjusting learning rate of group 0 to 3.0000e-02.
Epoch: 1, Train loss: 1.4629109400177003, Validation loss: 1.3420439098358155, Validation accuracy: 0.5235
Adjusting learning rate of group 0 to 4.0000e-02.
Epoch: 2, Train loss: 1.2288933819961547, Validation loss: 1.1138884148597716, Validation accuracy: 0.6024
Adjusting learning rate of group 0 to 5.0000e-02.
Epoch: 3, Train loss: 1.027000055847168, Validation loss: 1.0471072032928468, Validation accuracy: 0.6513
Adjusting learning rate of group 0 to 6.0000e-02.
Epoch: 4, Train loss: 0.8943231144332886, Validation loss: 0.9340268046379089, Validation accuracy: 0.6944
Adjusting learning rate of group 0 to 7.0000e-02.
Epoch: 5, Train loss: 0.8057497406768799, Validation loss: 0.7932883582115173, Validation accuracy: 0.7259
Adjusting learning rate of group 0 to 8.0000e-02.
Epoch: 6, Train loss: 0.7354244862937928, Validation loss: 0.886255352973938, Validation accuracy: 0.6884
Adjusting learning rate of group 0 to 9.0000e-02.
Epoch: 7, Train loss: 0.687415250492096, Validation loss: 0.720386357307434, Validation accuracy: 0.7575
Adjusting learning rate of group 0 to 1.0000e-01.
Epoch: 8, Train loss: 0.6600628399467469, Validation loss: 0.8282903046607971, Validation accuracy: 0.7254
Adjusting learning rate of group 0 to 1.0000e-01.
Epoch: 9, Train loss: 0.6285861948776245, Validation loss: 0.8041988801002502, Validation accuracy: 0.7333
Adjusting learning rate of group 0 to 1.0000e-01.
Epoch: 10, Train loss: 0.5851151390838623, Validation loss: 0.7145489463806153, Validation accuracy: 0.7654
Adjusting learning rate of group 0 to 1.0000e-01.
Epoch: 11, Train loss: 0.5574381044387817, Validation loss: 0.6712449223518372, Validation accuracy: 0.7718
Adjusting learning rate of group 0 to 1.0000e-01.
Epoch: 12, Train loss: 0.5305585960006713, Validation loss: 0.619016837310791, Validation accuracy: 0.8004
Adjusting learning rate of group 0 to 1.0000e-01.
Epoch: 13, Train loss: 0.5100989695930481, Validation loss: 0.7213732788085937, Validation accuracy: 0.77
Adjusting learning rate of group 0 to 1.0000e-01.
Epoch: 14, Train loss: 0.4973344535446167, Validation loss: 0.5609705947875977, Validation accuracy: 0.8109
Adjusting learning rate of group 0 to 1.0000e-01.
Epoch: 15, Train loss: 0.48457961818695067, Validation loss: 0.6814919421195984, Validation accuracy: 0.7889
Adjusting learning rate of group 0 to 1.0000e-01.
Epoch: 16, Train loss: 0.46808840242385863, Validation loss: 0.5851343149662018, Validation accuracy: 0.8101
Adjusting learning rate of group 0 to 1.0000e-01.
Epoch: 17, Train loss: 0.4600732449054718, Validation loss: 0.6289663228988648, Validation accuracy: 0.8026
Adjusting learning rate of group 0 to 1.0000e-01.
Epoch: 18, Train loss: 0.4509541554260254, Validation loss: 0.6636658690452576, Validation accuracy: 0.7834
Adjusting learning rate of group 0 to 1.0000e-01.
Epoch: 19, Train loss: 0.43975391048431395, Validation loss: 0.6855309544563294, Validation accuracy: 0.773
Adjusting learning rate of group 0 to 1.0000e-01.
Epoch: 20, Train loss: 0.42847757758140564, Validation loss: 0.5662950604438782, Validation accuracy: 0.8187
Adjusting learning rate of group 0 to 1.0000e-01.
Epoch: 21, Train loss: 0.4206522178077698, Validation loss: 0.507776886177063, Validation accuracy: 0.8312
Adjusting learning rate of group 0 to 1.0000e-01.
Epoch: 22, Train loss: 0.411631389875412, Validation loss: 0.6027347290992737, Validation accuracy: 0.827
Adjusting learning rate of group 0 to 1.0000e-01.
Epoch: 23, Train loss: 0.4146353475189209, Validation loss: 0.7670579359054566, Validation accuracy: 0.7918
Adjusting learning rate of group 0 to 1.0000e-01.
Epoch: 24, Train loss: 0.40276952076911926, Validation loss: 0.6276571862220764, Validation accuracy: 0.8082
Adjusting learning rate of group 0 to 1.0000e-01.
Epoch: 25, Train loss: 0.39513690789222716, Validation loss: 0.5276065142631531, Validation accuracy: 0.822
Adjusting learning rate of group 0 to 1.0000e-01.
Epoch: 26, Train loss: 0.39219070276260376, Validation loss: 0.5760632201194763, Validation accuracy: 0.8042
Adjusting learning rate of group 0 to 1.0000e-01.
Epoch: 27, Train loss: 0.39622311978340147, Validation loss: 0.6240167282104492, Validation accuracy: 0.7882
Adjusting learning rate of group 0 to 1.0000e-01.
Epoch: 28, Train loss: 0.38861146842956545, Validation loss: 0.7697732599258423, Validation accuracy: 0.7986
Adjusting learning rate of group 0 to 1.0000e-01.
Epoch: 29, Train loss: 0.3786347391986847, Validation loss: 0.5165961706161499, Validation accuracy: 0.8293
Adjusting learning rate of group 0 to 1.0000e-01.
Epoch: 30, Train loss: 0.37947782260894775, Validation loss: 0.6266957159996033, Validation accuracy: 0.8053
Adjusting learning rate of group 0 to 1.0000e-01.
Epoch: 31, Train loss: 0.37281843989372254, Validation loss: 0.6643741092681885, Validation accuracy: 0.8068
Adjusting learning rate of group 0 to 1.0000e-01.
Epoch: 32, Train loss: 0.3667266183280945, Validation loss: 0.6056574227809906, Validation accuracy: 0.8131
Adjusting learning rate of group 0 to 1.0000e-01.
Epoch: 33, Train loss: 0.36314641030311584, Validation loss: 0.6641620856285095, Validation accuracy: 0.7815
Adjusting learning rate of group 0 to 1.0000e-01.
Epoch: 34, Train loss: 0.3650263254642487, Validation loss: 0.5400034201622009, Validation accuracy: 0.8205
Adjusting learning rate of group 0 to 1.0000e-01.
Epoch: 35, Train loss: 0.36275034551620483, Validation loss: 0.5268775049924851, Validation accuracy: 0.8282
Adjusting learning rate of group 0 to 1.0000e-01.
Epoch: 36, Train loss: 0.3570965118598938, Validation loss: 0.578467094373703, Validation accuracy: 0.8136
Adjusting learning rate of group 0 to 1.0000e-01.
Epoch: 37, Train loss: 0.35561884357452395, Validation loss: 0.5219265418529511, Validation accuracy: 0.8338
Adjusting learning rate of group 0 to 1.0000e-01.
Epoch: 38, Train loss: 0.3545970820903778, Validation loss: 0.6800153862953187, Validation accuracy: 0.8064
Adjusting learning rate of group 0 to 1.0000e-01.
Epoch: 39, Train loss: 0.3501565521335602, Validation loss: 0.5762426102638245, Validation accuracy: 0.836
Adjusting learning rate of group 0 to 1.0000e-01.
Epoch: 40, Train loss: 0.34485633133888244, Validation loss: 0.5161484147071839, Validation accuracy: 0.8361
Adjusting learning rate of group 0 to 1.0000e-01.
Epoch: 41, Train loss: 0.33607744041919707, Validation loss: 0.5630661909103394, Validation accuracy: 0.8313
Adjusting learning rate of group 0 to 1.0000e-01.
Epoch: 42, Train loss: 0.33814811964035035, Validation loss: 0.48948901290893554, Validation accuracy: 0.843
Adjusting learning rate of group 0 to 1.0000e-01.
Epoch: 43, Train loss: 0.33798998626708987, Validation loss: 0.6369042394161224, Validation accuracy: 0.7983
Adjusting learning rate of group 0 to 1.0000e-01.
Epoch: 44, Train loss: 0.337609351606369, Validation loss: 0.5117332904815673, Validation accuracy: 0.8299
Adjusting learning rate of group 0 to 1.0000e-01.
Epoch: 45, Train loss: 0.3319489584159851, Validation loss: 0.49531032829284666, Validation accuracy: 0.8494
Adjusting learning rate of group 0 to 1.0000e-01.
Epoch: 46, Train loss: 0.3342469409370422, Validation loss: 0.6290944129467011, Validation accuracy: 0.8046
Adjusting learning rate of group 0 to 1.0000e-01.
Epoch: 47, Train loss: 0.3361392311859131, Validation loss: 0.7694762649536133, Validation accuracy: 0.8059
Adjusting learning rate of group 0 to 1.0000e-01.
Epoch: 48, Train loss: 0.33742733380317685, Validation loss: 0.6111333312988281, Validation accuracy: 0.812
Adjusting learning rate of group 0 to 1.0000e-01.
Epoch: 49, Train loss: 0.32144335401535035, Validation loss: 0.46068443660736086, Validation accuracy: 0.8578
Adjusting learning rate of group 0 to 1.0000e-01.
Epoch: 50, Train loss: 0.3225305228233337, Validation loss: 0.5018860019207001, Validation accuracy: 0.8404
Adjusting learning rate of group 0 to 1.0000e-01.
Epoch: 51, Train loss: 0.32609841814041135, Validation loss: 0.5145741329431534, Validation accuracy: 0.8346
Adjusting learning rate of group 0 to 1.0000e-01.
Epoch: 52, Train loss: 0.31921603878021243, Validation loss: 0.43793393859863283, Validation accuracy: 0.862
Adjusting learning rate of group 0 to 1.0000e-01.
Epoch: 53, Train loss: 0.32593926416397095, Validation loss: 0.7635720803260804, Validation accuracy: 0.788
Adjusting learning rate of group 0 to 1.0000e-01.
Epoch: 54, Train loss: 0.3242133383178711, Validation loss: 0.6324218519210816, Validation accuracy: 0.8068
Adjusting learning rate of group 0 to 1.0000e-01.
Epoch: 55, Train loss: 0.31874620824813843, Validation loss: 0.5628766389846802, Validation accuracy: 0.8099
Adjusting learning rate of group 0 to 1.0000e-01.
Epoch: 56, Train loss: 0.32298678411483767, Validation loss: 0.4744411923408508, Validation accuracy: 0.846
Adjusting learning rate of group 0 to 1.0000e-01.
Epoch: 57, Train loss: 0.3188542962312698, Validation loss: 0.42572974152565, Validation accuracy: 0.8651
Adjusting learning rate of group 0 to 1.0000e-01.
Epoch: 58, Train loss: 0.3169020741176605, Validation loss: 0.502143559885025, Validation accuracy: 0.8378
Adjusting learning rate of group 0 to 1.0000e-01.
Epoch: 59, Train loss: 0.32446145295143125, Validation loss: 0.36851426663398745, Validation accuracy: 0.8798
Adjusting learning rate of group 0 to 1.0000e-01.
Epoch: 60, Train loss: 0.3129612496471405, Validation loss: 0.52479837474823, Validation accuracy: 0.8578
Adjusting learning rate of group 0 to 1.0000e-01.
Epoch: 61, Train loss: 0.31380520845413207, Validation loss: 0.5536141644477844, Validation accuracy: 0.819
Adjusting learning rate of group 0 to 1.0000e-01.
Epoch: 62, Train loss: 0.31677168082237245, Validation loss: 0.5020477009773254, Validation accuracy: 0.8457
Adjusting learning rate of group 0 to 1.0000e-01.
Epoch: 63, Train loss: 0.31324869813919065, Validation loss: 0.4823223629951477, Validation accuracy: 0.8354
Adjusting learning rate of group 0 to 1.0000e-01.
Epoch: 64, Train loss: 0.30747972601890566, Validation loss: 0.5452260889053345, Validation accuracy: 0.8334
Adjusting learning rate of group 0 to 1.0000e-01.
Epoch: 65, Train loss: 0.30825885955810545, Validation loss: 0.5029709456443786, Validation accuracy: 0.8386
Adjusting learning rate of group 0 to 1.0000e-01.
Epoch: 66, Train loss: 0.3122060748195648, Validation loss: 0.5394509276390076, Validation accuracy: 0.8475
Adjusting learning rate of group 0 to 1.0000e-01.
Epoch: 67, Train loss: 0.3098603886127472, Validation loss: 0.4982231658935547, Validation accuracy: 0.8415
Adjusting learning rate of group 0 to 1.0000e-01.
Epoch: 68, Train loss: 0.3031409330177307, Validation loss: 0.52168469581604, Validation accuracy: 0.8521
Adjusting learning rate of group 0 to 1.0000e-01.
Epoch: 69, Train loss: 0.30513706269264224, Validation loss: 0.45702966623306274, Validation accuracy: 0.8545
Adjusting learning rate of group 0 to 1.0000e-01.
Epoch: 70, Train loss: 0.3053583634519577, Validation loss: 0.4658777261734009, Validation accuracy: 0.8557
Adjusting learning rate of group 0 to 1.0000e-01.
Epoch: 71, Train loss: 0.29874069229125977, Validation loss: 0.5141662160396576, Validation accuracy: 0.8344
Adjusting learning rate of group 0 to 1.0000e-01.
Epoch: 72, Train loss: 0.2974770002937317, Validation loss: 0.4927945436477661, Validation accuracy: 0.8426
Adjusting learning rate of group 0 to 1.0000e-01.
Epoch: 73, Train loss: 0.29995009197235106, Validation loss: 0.5063435032844543, Validation accuracy: 0.845
Adjusting learning rate of group 0 to 1.0000e-01.
Epoch: 74, Train loss: 0.3008672214889526, Validation loss: 0.48647398500442507, Validation accuracy: 0.8685
Adjusting learning rate of group 0 to 1.0000e-01.
Epoch: 75, Train loss: 0.30349946969985964, Validation loss: 0.43880234842300414, Validation accuracy: 0.8612
Adjusting learning rate of group 0 to 1.0000e-01.
Epoch: 76, Train loss: 0.300046319360733, Validation loss: 0.423154299736023, Validation accuracy: 0.8601
Adjusting learning rate of group 0 to 1.0000e-01.
Epoch: 77, Train loss: 0.29402198259592055, Validation loss: 0.46223549308776857, Validation accuracy: 0.8577
Adjusting learning rate of group 0 to 1.0000e-01.
Epoch: 78, Train loss: 0.2968217460346222, Validation loss: 0.4390246877670288, Validation accuracy: 0.8643
Adjusting learning rate of group 0 to 1.0000e-01.
Epoch: 79, Train loss: 0.2963269572544098, Validation loss: 0.5460759853363037, Validation accuracy: 0.8319
Adjusting learning rate of group 0 to 1.0000e-01.
Epoch: 80, Train loss: 0.29183963841438293, Validation loss: 0.6049494722366333, Validation accuracy: 0.8251
Adjusting learning rate of group 0 to 1.0000e-01.
Epoch: 81, Train loss: 0.3040948472690582, Validation loss: 0.5712782245635987, Validation accuracy: 0.8406
Adjusting learning rate of group 0 to 1.0000e-01.
Epoch: 82, Train loss: 0.29546593653678893, Validation loss: 0.7003343673706055, Validation accuracy: 0.8002
Adjusting learning rate of group 0 to 1.0000e-01.
Epoch: 83, Train loss: 0.29877813395500186, Validation loss: 0.40672304649353025, Validation accuracy: 0.8676
Adjusting learning rate of group 0 to 1.0000e-01.
Epoch: 84, Train loss: 0.29857625544548033, Validation loss: 0.7958008922576905, Validation accuracy: 0.8072
Adjusting learning rate of group 0 to 1.0000e-01.
Epoch: 85, Train loss: 0.29608751804351807, Validation loss: 0.4571128549575806, Validation accuracy: 0.8404
Adjusting learning rate of group 0 to 1.0000e-01.
Epoch: 86, Train loss: 0.29600426609039304, Validation loss: 0.554787368106842, Validation accuracy: 0.8249
Adjusting learning rate of group 0 to 1.0000e-01.
Epoch: 87, Train loss: 0.2952578714990616, Validation loss: 0.4087068705558777, Validation accuracy: 0.8676
Adjusting learning rate of group 0 to 1.0000e-01.
Epoch: 88, Train loss: 0.29254588404655457, Validation loss: 0.5998501857757569, Validation accuracy: 0.8431
Adjusting learning rate of group 0 to 1.0000e-01.
Epoch: 89, Train loss: 0.29293856595516204, Validation loss: 0.5215035383462906, Validation accuracy: 0.843
Adjusting learning rate of group 0 to 1.0000e-01.
Epoch: 90, Train loss: 0.2898886245918274, Validation loss: 0.46340860728025435, Validation accuracy: 0.8542
Adjusting learning rate of group 0 to 1.0000e-01.
Epoch: 91, Train loss: 0.2917251335716248, Validation loss: 0.46267527618408205, Validation accuracy: 0.8409
Adjusting learning rate of group 0 to 1.0000e-01.
Epoch: 92, Train loss: 0.29172900623321535, Validation loss: 0.6228486926078797, Validation accuracy: 0.8145
Adjusting learning rate of group 0 to 1.0000e-01.
Epoch: 93, Train loss: 0.2836559251976013, Validation loss: 0.5726374975204468, Validation accuracy: 0.8235
Adjusting learning rate of group 0 to 1.0000e-01.
Epoch: 94, Train loss: 0.28943612129211427, Validation loss: 0.47625329837799074, Validation accuracy: 0.8535
Adjusting learning rate of group 0 to 1.0000e-01.
Epoch: 95, Train loss: 0.28722390266418457, Validation loss: 0.40032317142486573, Validation accuracy: 0.8744
Adjusting learning rate of group 0 to 1.0000e-01.
Epoch: 96, Train loss: 0.2861116007137299, Validation loss: 0.5294814455032348, Validation accuracy: 0.8389
Adjusting learning rate of group 0 to 1.0000e-01.
Epoch: 97, Train loss: 0.2972281276893616, Validation loss: 0.5147084329605103, Validation accuracy: 0.8626
Adjusting learning rate of group 0 to 1.0000e-01.
Epoch: 98, Train loss: 0.29837065628051757, Validation loss: 0.46320331010818483, Validation accuracy: 0.8598
Adjusting learning rate of group 0 to 1.0000e-01.
Epoch: 99, Train loss: 0.2876834424304962, Validation loss: 0.48965169315338136, Validation accuracy: 0.8428
Adjusting learning rate of group 0 to 1.0000e-02.
Epoch: 100, Train loss: 0.28492126125335693, Validation loss: 0.41730448966026307, Validation accuracy: 0.865
Adjusting learning rate of group 0 to 1.0000e-02.
Epoch: 101, Train loss: 0.1588925774526596, Validation loss: 0.27411209955215454, Validation accuracy: 0.9193
Adjusting learning rate of group 0 to 1.0000e-02.
Epoch: 102, Train loss: 0.12461597069740295, Validation loss: 0.25952179923057556, Validation accuracy: 0.9201
Adjusting learning rate of group 0 to 1.0000e-02.
Epoch: 103, Train loss: 0.10954249977588654, Validation loss: 0.28570681071281434, Validation accuracy: 0.9193
Adjusting learning rate of group 0 to 1.0000e-02.
Epoch: 104, Train loss: 0.09938203095436096, Validation loss: 0.2851432870388031, Validation accuracy: 0.9249
Adjusting learning rate of group 0 to 1.0000e-02.
Epoch: 105, Train loss: 0.0929902822971344, Validation loss: 0.2851892818450928, Validation accuracy: 0.925
Adjusting learning rate of group 0 to 1.0000e-02.
Epoch: 106, Train loss: 0.08663721525907517, Validation loss: 0.29456173920631407, Validation accuracy: 0.9219
Adjusting learning rate of group 0 to 1.0000e-02.
Epoch: 107, Train loss: 0.08250564094305038, Validation loss: 0.3056344723701477, Validation accuracy: 0.9249
Adjusting learning rate of group 0 to 1.0000e-02.
Epoch: 108, Train loss: 0.07869368261098862, Validation loss: 0.3016828040122986, Validation accuracy: 0.9262
Adjusting learning rate of group 0 to 1.0000e-02.
Epoch: 109, Train loss: 0.07265081463098526, Validation loss: 0.3182487210273743, Validation accuracy: 0.9247
Adjusting learning rate of group 0 to 1.0000e-02.
Epoch: 110, Train loss: 0.06968292875885963, Validation loss: 0.3137171763420105, Validation accuracy: 0.9248
Adjusting learning rate of group 0 to 1.0000e-02.
Epoch: 111, Train loss: 0.06811615550160408, Validation loss: 0.32283867297172547, Validation accuracy: 0.9244
Adjusting learning rate of group 0 to 1.0000e-02.
Epoch: 112, Train loss: 0.06250343544483185, Validation loss: 0.32784291915893554, Validation accuracy: 0.9252
Adjusting learning rate of group 0 to 1.0000e-02.
Epoch: 113, Train loss: 0.0600813727760315, Validation loss: 0.3287303211212158, Validation accuracy: 0.924
Adjusting learning rate of group 0 to 1.0000e-02.
Epoch: 114, Train loss: 0.05617017268240452, Validation loss: 0.34427306575775146, Validation accuracy: 0.925
Adjusting learning rate of group 0 to 1.0000e-02.
Epoch: 115, Train loss: 0.05674233315229416, Validation loss: 0.3478515431404114, Validation accuracy: 0.9253
Adjusting learning rate of group 0 to 1.0000e-02.
Epoch: 116, Train loss: 0.05507643993735314, Validation loss: 0.33620840978622435, Validation accuracy: 0.926
Adjusting learning rate of group 0 to 1.0000e-02.
Epoch: 117, Train loss: 0.05426621896028519, Validation loss: 0.34883545351028444, Validation accuracy: 0.924
Adjusting learning rate of group 0 to 1.0000e-02.
Epoch: 118, Train loss: 0.050216268719434735, Validation loss: 0.36349260387420657, Validation accuracy: 0.9222
Adjusting learning rate of group 0 to 1.0000e-02.
Epoch: 119, Train loss: 0.04987202644467354, Validation loss: 0.38109529104232787, Validation accuracy: 0.9215
Adjusting learning rate of group 0 to 1.0000e-02.
Epoch: 120, Train loss: 0.04717519630789757, Validation loss: 0.362970593214035, Validation accuracy: 0.927
Adjusting learning rate of group 0 to 1.0000e-02.
Epoch: 121, Train loss: 0.04891824774742126, Validation loss: 0.3815882755756378, Validation accuracy: 0.9234
Adjusting learning rate of group 0 to 1.0000e-02.
Epoch: 122, Train loss: 0.046174653956890105, Validation loss: 0.40733413105010985, Validation accuracy: 0.9188
Adjusting learning rate of group 0 to 1.0000e-02.
Epoch: 123, Train loss: 0.04546364638864994, Validation loss: 0.36597620606422426, Validation accuracy: 0.9214
Adjusting learning rate of group 0 to 1.0000e-02.
Epoch: 124, Train loss: 0.044188138893842696, Validation loss: 0.37423104038238525, Validation accuracy: 0.9254
Adjusting learning rate of group 0 to 1.0000e-02.
Epoch: 125, Train loss: 0.043759797564148904, Validation loss: 0.38726840772628784, Validation accuracy: 0.9207
Adjusting learning rate of group 0 to 1.0000e-02.
Epoch: 126, Train loss: 0.04218185317337513, Validation loss: 0.3966311559677124, Validation accuracy: 0.9206
Adjusting learning rate of group 0 to 1.0000e-02.
Epoch: 127, Train loss: 0.042576378126740456, Validation loss: 0.3895235294342041, Validation accuracy: 0.9205
Adjusting learning rate of group 0 to 1.0000e-02.
Epoch: 128, Train loss: 0.04177265702754259, Validation loss: 0.3677305150985718, Validation accuracy: 0.9242
Adjusting learning rate of group 0 to 1.0000e-02.
Epoch: 129, Train loss: 0.03892059444725513, Validation loss: 0.4175041551589966, Validation accuracy: 0.9191
Adjusting learning rate of group 0 to 1.0000e-02.
Epoch: 130, Train loss: 0.04111050005793571, Validation loss: 0.3982527594566345, Validation accuracy: 0.923
Adjusting learning rate of group 0 to 1.0000e-02.
Epoch: 131, Train loss: 0.041362452574372294, Validation loss: 0.4461674768447876, Validation accuracy: 0.9163
Adjusting learning rate of group 0 to 1.0000e-02.
Epoch: 132, Train loss: 0.04035062712788582, Validation loss: 0.43416121463775637, Validation accuracy: 0.9196
Adjusting learning rate of group 0 to 1.0000e-02.
Epoch: 133, Train loss: 0.03834966514468193, Validation loss: 0.40581961174011233, Validation accuracy: 0.9223
Adjusting learning rate of group 0 to 1.0000e-02.
Epoch: 134, Train loss: 0.037649770918339494, Validation loss: 0.4016037561416626, Validation accuracy: 0.9168
Adjusting learning rate of group 0 to 1.0000e-02.
Epoch: 135, Train loss: 0.038287477658391, Validation loss: 0.4137802412033081, Validation accuracy: 0.9201
Adjusting learning rate of group 0 to 1.0000e-02.
Epoch: 136, Train loss: 0.04045796894669533, Validation loss: 0.3974115240097046, Validation accuracy: 0.9198
Adjusting learning rate of group 0 to 1.0000e-02.
Epoch: 137, Train loss: 0.03986323422253132, Validation loss: 0.427050093460083, Validation accuracy: 0.9181
Adjusting learning rate of group 0 to 1.0000e-02.
Epoch: 138, Train loss: 0.04019824236869812, Validation loss: 0.4292046301841736, Validation accuracy: 0.9181
Adjusting learning rate of group 0 to 1.0000e-02.
Epoch: 139, Train loss: 0.03845466959118843, Validation loss: 0.409483283662796, Validation accuracy: 0.9195
Adjusting learning rate of group 0 to 1.0000e-02.
Epoch: 140, Train loss: 0.03857173580884934, Validation loss: 0.4550604835510254, Validation accuracy: 0.9128
Adjusting learning rate of group 0 to 1.0000e-02.
Epoch: 141, Train loss: 0.038549888585805894, Validation loss: 0.45400350465774536, Validation accuracy: 0.9153
Adjusting learning rate of group 0 to 1.0000e-02.
Epoch: 142, Train loss: 0.038302386666536334, Validation loss: 0.42596873626708986, Validation accuracy: 0.9229
Adjusting learning rate of group 0 to 1.0000e-02.
Epoch: 143, Train loss: 0.038602835391610864, Validation loss: 0.4250709108352661, Validation accuracy: 0.9196
Adjusting learning rate of group 0 to 1.0000e-02.
Epoch: 144, Train loss: 0.03749912517786026, Validation loss: 0.3951953538894653, Validation accuracy: 0.9181
Adjusting learning rate of group 0 to 1.0000e-02.
Epoch: 145, Train loss: 0.03839144900470972, Validation loss: 0.4623806001663208, Validation accuracy: 0.9164
Adjusting learning rate of group 0 to 1.0000e-02.
Epoch: 146, Train loss: 0.03786206862986088, Validation loss: 0.4469536082267761, Validation accuracy: 0.9174
Adjusting learning rate of group 0 to 1.0000e-02.
Epoch: 147, Train loss: 0.03830641456246376, Validation loss: 0.4433894305229187, Validation accuracy: 0.9136
Adjusting learning rate of group 0 to 1.0000e-02.
Epoch: 148, Train loss: 0.0351592221224308, Validation loss: 0.4519493879318237, Validation accuracy: 0.9185
Adjusting learning rate of group 0 to 1.0000e-02.
Epoch: 149, Train loss: 0.03902028430521488, Validation loss: 0.4088678708076477, Validation accuracy: 0.9203
Adjusting learning rate of group 0 to 1.0000e-03.
Epoch: 150, Train loss: 0.03586674891233444, Validation loss: 0.43194832220077517, Validation accuracy: 0.9166
Adjusting learning rate of group 0 to 1.0000e-03.
Epoch: 151, Train loss: 0.024404879949241877, Validation loss: 0.38720947542190554, Validation accuracy: 0.9281
Adjusting learning rate of group 0 to 1.0000e-03.
Epoch: 152, Train loss: 0.017377057475745677, Validation loss: 0.3997536586761475, Validation accuracy: 0.9282
Adjusting learning rate of group 0 to 1.0000e-03.
Epoch: 153, Train loss: 0.014786376860290766, Validation loss: 0.41044028892517087, Validation accuracy: 0.9301
Adjusting learning rate of group 0 to 1.0000e-03.
Epoch: 154, Train loss: 0.012137449628263712, Validation loss: 0.4199126621246338, Validation accuracy: 0.9286
Adjusting learning rate of group 0 to 1.0000e-03.
Epoch: 155, Train loss: 0.011936785250715912, Validation loss: 0.42754128017425536, Validation accuracy: 0.9289
Adjusting learning rate of group 0 to 1.0000e-03.
Epoch: 156, Train loss: 0.011339377049058675, Validation loss: 0.4374800196647644, Validation accuracy: 0.9293
Adjusting learning rate of group 0 to 1.0000e-03.
Epoch: 157, Train loss: 0.011166739204749466, Validation loss: 0.4488244059562683, Validation accuracy: 0.9288
Adjusting learning rate of group 0 to 1.0000e-03.
Epoch: 158, Train loss: 0.009877591124922038, Validation loss: 0.446899338054657, Validation accuracy: 0.9281
Adjusting learning rate of group 0 to 1.0000e-03.
Epoch: 159, Train loss: 0.01026792666517198, Validation loss: 0.45886817693710324, Validation accuracy: 0.9283
Adjusting learning rate of group 0 to 1.0000e-03.
Epoch: 160, Train loss: 0.009600553104877473, Validation loss: 0.4679170537948608, Validation accuracy: 0.9291
Adjusting learning rate of group 0 to 1.0000e-03.
Epoch: 161, Train loss: 0.009501801981111058, Validation loss: 0.47379293775558473, Validation accuracy: 0.9297
Adjusting learning rate of group 0 to 1.0000e-03.
Epoch: 162, Train loss: 0.009304457589834928, Validation loss: 0.4773309591293335, Validation accuracy: 0.9292
Adjusting learning rate of group 0 to 1.0000e-03.
Epoch: 163, Train loss: 0.008651371018532663, Validation loss: 0.47937264013290404, Validation accuracy: 0.9288
Adjusting learning rate of group 0 to 1.0000e-03.
Epoch: 164, Train loss: 0.008094852123763412, Validation loss: 0.48814543561935425, Validation accuracy: 0.9297
Adjusting learning rate of group 0 to 1.0000e-03.
Epoch: 165, Train loss: 0.007601364723909646, Validation loss: 0.4863474862098694, Validation accuracy: 0.9291
Adjusting learning rate of group 0 to 1.0000e-03.
Epoch: 166, Train loss: 0.007518528765402734, Validation loss: 0.4929195415019989, Validation accuracy: 0.9294
Adjusting learning rate of group 0 to 1.0000e-03.
Epoch: 167, Train loss: 0.0076182247781381015, Validation loss: 0.49543502559661867, Validation accuracy: 0.9298
Adjusting learning rate of group 0 to 1.0000e-03.
Epoch: 168, Train loss: 0.007414192503318191, Validation loss: 0.5039204261779785, Validation accuracy: 0.9289
Adjusting learning rate of group 0 to 1.0000e-03.
Epoch: 169, Train loss: 0.006616614918671548, Validation loss: 0.5035265267372131, Validation accuracy: 0.9287
Adjusting learning rate of group 0 to 1.0000e-03.
Epoch: 170, Train loss: 0.007396460751248524, Validation loss: 0.5157846596717834, Validation accuracy: 0.9283
Adjusting learning rate of group 0 to 1.0000e-03.
Epoch: 171, Train loss: 0.006799856016011909, Validation loss: 0.5184952489852905, Validation accuracy: 0.929
Adjusting learning rate of group 0 to 1.0000e-03.
Epoch: 172, Train loss: 0.006643453811220825, Validation loss: 0.5195972846031189, Validation accuracy: 0.9288
Adjusting learning rate of group 0 to 1.0000e-03.
Epoch: 173, Train loss: 0.006250456735501066, Validation loss: 0.5242768967628479, Validation accuracy: 0.9291
Adjusting learning rate of group 0 to 1.0000e-03.
Epoch: 174, Train loss: 0.006484092683903873, Validation loss: 0.5235291255950928, Validation accuracy: 0.929
Adjusting learning rate of group 0 to 1.0000e-03.
Epoch: 175, Train loss: 0.005815453391857445, Validation loss: 0.5282787880897521, Validation accuracy: 0.9289
Adjusting learning rate of group 0 to 1.0000e-03.
Epoch: 176, Train loss: 0.0058959552869712935, Validation loss: 0.5292849432945251, Validation accuracy: 0.9286
Adjusting learning rate of group 0 to 1.0000e-03.
Epoch: 177, Train loss: 0.006199054782898165, Validation loss: 0.5333403322219848, Validation accuracy: 0.9292
Adjusting learning rate of group 0 to 1.0000e-03.
Epoch: 178, Train loss: 0.0055918180286698045, Validation loss: 0.5392390185356141, Validation accuracy: 0.9299
Adjusting learning rate of group 0 to 1.0000e-03.
Epoch: 179, Train loss: 0.005535223148092627, Validation loss: 0.5441603435516358, Validation accuracy: 0.9297
Adjusting learning rate of group 0 to 1.0000e-03.
Epoch: 180, Train loss: 0.0049866989763174205, Validation loss: 0.5451216180801391, Validation accuracy: 0.9286
Adjusting learning rate of group 0 to 1.0000e-03.
Epoch: 181, Train loss: 0.006052400413593277, Validation loss: 0.5402555319786072, Validation accuracy: 0.9286
Adjusting learning rate of group 0 to 1.0000e-03.
Epoch: 182, Train loss: 0.006202550518093631, Validation loss: 0.5522304655075073, Validation accuracy: 0.9297
Adjusting learning rate of group 0 to 1.0000e-03.
Epoch: 183, Train loss: 0.006149424263993278, Validation loss: 0.5525540027618409, Validation accuracy: 0.9302
Adjusting learning rate of group 0 to 1.0000e-03.
Epoch: 184, Train loss: 0.005150828146757558, Validation loss: 0.5514598558425904, Validation accuracy: 0.9304
Adjusting learning rate of group 0 to 1.0000e-03.
Epoch: 185, Train loss: 0.004787953005009331, Validation loss: 0.5513957392692566, Validation accuracy: 0.9293
Adjusting learning rate of group 0 to 1.0000e-03.
Epoch: 186, Train loss: 0.005548131142193452, Validation loss: 0.5540653442382812, Validation accuracy: 0.9302
Adjusting learning rate of group 0 to 1.0000e-03.
Epoch: 187, Train loss: 0.004950210107173771, Validation loss: 0.5500361587524414, Validation accuracy: 0.9311
Adjusting learning rate of group 0 to 1.0000e-03.
Epoch: 188, Train loss: 0.004729881738768891, Validation loss: 0.554143700504303, Validation accuracy: 0.9307
Adjusting learning rate of group 0 to 1.0000e-03.
Epoch: 189, Train loss: 0.004629991024204064, Validation loss: 0.5656196367263794, Validation accuracy: 0.93
Adjusting learning rate of group 0 to 1.0000e-03.
Epoch: 190, Train loss: 0.004529505341229961, Validation loss: 0.5667415187835694, Validation accuracy: 0.9301
Adjusting learning rate of group 0 to 1.0000e-03.
Epoch: 191, Train loss: 0.0048101161924493496, Validation loss: 0.5621191885948181, Validation accuracy: 0.9296
Adjusting learning rate of group 0 to 1.0000e-03.
Epoch: 192, Train loss: 0.004225006436575204, Validation loss: 0.5715131366729737, Validation accuracy: 0.9294
Adjusting learning rate of group 0 to 1.0000e-03.
Epoch: 193, Train loss: 0.00526280857836362, Validation loss: 0.5797766262054443, Validation accuracy: 0.9292
Adjusting learning rate of group 0 to 1.0000e-03.
Epoch: 194, Train loss: 0.005154568058964797, Validation loss: 0.579300104045868, Validation accuracy: 0.9292
Adjusting learning rate of group 0 to 1.0000e-03.
Epoch: 195, Train loss: 0.003903124925810844, Validation loss: 0.5765770551681518, Validation accuracy: 0.9302
Adjusting learning rate of group 0 to 1.0000e-03.
Epoch: 196, Train loss: 0.0049356162867229434, Validation loss: 0.5689548717498779, Validation accuracy: 0.93
Adjusting learning rate of group 0 to 1.0000e-03.
Epoch: 197, Train loss: 0.003776479057337856, Validation loss: 0.5812045970916748, Validation accuracy: 0.9293
Adjusting learning rate of group 0 to 1.0000e-03.
Epoch: 198, Train loss: 0.004499773183613434, Validation loss: 0.5831063689231872, Validation accuracy: 0.9303
Adjusting learning rate of group 0 to 1.0000e-03.
Epoch: 199, Train loss: 0.003980922830980271, Validation loss: 0.5869863380432129, Validation accuracy: 0.9289
Accuracy: 0.9289, Parameters: 742
