['ResNet-TRL-Ringed.py', '--core_ranks', '2', '1', '2', '--ring_ranks', '3', '1', '5', '--seed', '3', '--device', 'cuda:3']
Initializing dataloader
Files already downloaded and verified
Files already downloaded and verified
Dataloader has initialized
Initializing model
Adjusting learning rate of group 0 to 1.0000e-02.
Model initialized
Testing model
Tests passed
Adjusting learning rate of group 0 to 2.0000e-02.
Epoch: 0, Train loss: 1.8133919089508057, Validation loss: 1.5163955673217773, Validation accuracy: 0.4229
Adjusting learning rate of group 0 to 3.0000e-02.
Epoch: 1, Train loss: 1.460333257522583, Validation loss: 1.3375844467163085, Validation accuracy: 0.5171
Adjusting learning rate of group 0 to 4.0000e-02.
Epoch: 2, Train loss: 1.241188473968506, Validation loss: 1.2813497743606568, Validation accuracy: 0.549
Adjusting learning rate of group 0 to 5.0000e-02.
Epoch: 3, Train loss: 1.0740584601020813, Validation loss: 1.1585945127487183, Validation accuracy: 0.6298
Adjusting learning rate of group 0 to 6.0000e-02.
Epoch: 4, Train loss: 0.9729354419708252, Validation loss: 0.984128118133545, Validation accuracy: 0.6668
Adjusting learning rate of group 0 to 7.0000e-02.
Epoch: 5, Train loss: 0.8946801454353333, Validation loss: 1.0349042133331299, Validation accuracy: 0.6658
Adjusting learning rate of group 0 to 8.0000e-02.
Epoch: 6, Train loss: 0.8196884565353394, Validation loss: 0.9610529524803162, Validation accuracy: 0.7293
Adjusting learning rate of group 0 to 9.0000e-02.
Epoch: 7, Train loss: 0.7749070970726013, Validation loss: 0.9088596729278564, Validation accuracy: 0.7108
Adjusting learning rate of group 0 to 1.0000e-01.
Epoch: 8, Train loss: 0.7345567699813843, Validation loss: 0.9209091609954834, Validation accuracy: 0.7154
Adjusting learning rate of group 0 to 1.0000e-01.
Epoch: 9, Train loss: 0.7138270211029053, Validation loss: 0.7778591482162476, Validation accuracy: 0.7513
Adjusting learning rate of group 0 to 1.0000e-01.
Epoch: 10, Train loss: 0.6689257601737976, Validation loss: 0.9557318402290345, Validation accuracy: 0.7337
Adjusting learning rate of group 0 to 1.0000e-01.
Epoch: 11, Train loss: 0.6397232315254211, Validation loss: 0.7640530663490296, Validation accuracy: 0.7469
Adjusting learning rate of group 0 to 1.0000e-01.
Epoch: 12, Train loss: 0.6127472783279418, Validation loss: 0.6901583526611328, Validation accuracy: 0.7728
Adjusting learning rate of group 0 to 1.0000e-01.
Epoch: 13, Train loss: 0.5733441654968262, Validation loss: 0.7060161243438721, Validation accuracy: 0.7795
Adjusting learning rate of group 0 to 1.0000e-01.
Epoch: 14, Train loss: 0.5799476792526245, Validation loss: 0.616568604850769, Validation accuracy: 0.8007
Adjusting learning rate of group 0 to 1.0000e-01.
Epoch: 15, Train loss: 0.5507218532752991, Validation loss: 0.6727537870407104, Validation accuracy: 0.7889
Adjusting learning rate of group 0 to 1.0000e-01.
Epoch: 16, Train loss: 0.5359120306777954, Validation loss: 0.7406743440628052, Validation accuracy: 0.8092
Adjusting learning rate of group 0 to 1.0000e-01.
Epoch: 17, Train loss: 0.5379128135108948, Validation loss: 0.616544540977478, Validation accuracy: 0.7996
Adjusting learning rate of group 0 to 1.0000e-01.
Epoch: 18, Train loss: 0.5152339645385742, Validation loss: 0.5993553961753845, Validation accuracy: 0.8051
Adjusting learning rate of group 0 to 1.0000e-01.
Epoch: 19, Train loss: 0.5089986193656921, Validation loss: 0.7618537372589111, Validation accuracy: 0.7624
Adjusting learning rate of group 0 to 1.0000e-01.
Epoch: 20, Train loss: 0.5029840287017823, Validation loss: 0.7642803282737732, Validation accuracy: 0.7861
Adjusting learning rate of group 0 to 1.0000e-01.
Epoch: 21, Train loss: 0.5054247964000702, Validation loss: 0.6158357737541199, Validation accuracy: 0.8316
Adjusting learning rate of group 0 to 1.0000e-01.
Epoch: 22, Train loss: 0.48811560771942136, Validation loss: 0.6578892008781433, Validation accuracy: 0.7816
Adjusting learning rate of group 0 to 1.0000e-01.
Epoch: 23, Train loss: 0.4921328380966187, Validation loss: 0.6379577927589416, Validation accuracy: 0.8003
Adjusting learning rate of group 0 to 1.0000e-01.
Epoch: 24, Train loss: 0.47208101787567136, Validation loss: 0.8125948019981384, Validation accuracy: 0.7614
Adjusting learning rate of group 0 to 1.0000e-01.
Epoch: 25, Train loss: 0.4792114660358429, Validation loss: 0.9265360161781311, Validation accuracy: 0.7706
Adjusting learning rate of group 0 to 1.0000e-01.
Epoch: 26, Train loss: 0.4611766171455383, Validation loss: 0.6729337487220765, Validation accuracy: 0.8018
Adjusting learning rate of group 0 to 1.0000e-01.
Epoch: 27, Train loss: 0.44620258009910585, Validation loss: 0.6972958180904388, Validation accuracy: 0.8137
Adjusting learning rate of group 0 to 1.0000e-01.
Epoch: 28, Train loss: 0.4427058630180359, Validation loss: 0.6347357484817505, Validation accuracy: 0.8115
Adjusting learning rate of group 0 to 1.0000e-01.
Epoch: 29, Train loss: 0.4470505939388275, Validation loss: 0.7497427889347077, Validation accuracy: 0.7762
Adjusting learning rate of group 0 to 1.0000e-01.
Epoch: 30, Train loss: 0.4425149127960205, Validation loss: 0.637912638759613, Validation accuracy: 0.8062
Adjusting learning rate of group 0 to 1.0000e-01.
Epoch: 31, Train loss: 0.44655578599929807, Validation loss: 0.7318324377059936, Validation accuracy: 0.7722
Adjusting learning rate of group 0 to 1.0000e-01.
Epoch: 32, Train loss: 0.4350448103809357, Validation loss: 0.5845736884593964, Validation accuracy: 0.8335
Adjusting learning rate of group 0 to 1.0000e-01.
Epoch: 33, Train loss: 0.43461769876480105, Validation loss: 0.5491002718448639, Validation accuracy: 0.8333
Adjusting learning rate of group 0 to 1.0000e-01.
Epoch: 34, Train loss: 0.42490026905059813, Validation loss: 0.8611877155303955, Validation accuracy: 0.7392
Adjusting learning rate of group 0 to 1.0000e-01.
Epoch: 35, Train loss: 0.4289477707290649, Validation loss: 0.6727116217136383, Validation accuracy: 0.8126
Adjusting learning rate of group 0 to 1.0000e-01.
Epoch: 36, Train loss: 0.41649948831558226, Validation loss: 0.7435937524795532, Validation accuracy: 0.7957
Adjusting learning rate of group 0 to 1.0000e-01.
Epoch: 37, Train loss: 0.41901564462661745, Validation loss: 0.48619567909240724, Validation accuracy: 0.8434
Adjusting learning rate of group 0 to 1.0000e-01.
Epoch: 38, Train loss: 0.4127084317588806, Validation loss: 0.7484340826988221, Validation accuracy: 0.7636
Adjusting learning rate of group 0 to 1.0000e-01.
Epoch: 39, Train loss: 0.40936603766441343, Validation loss: 0.6995747444152832, Validation accuracy: 0.8139
Adjusting learning rate of group 0 to 1.0000e-01.
Epoch: 40, Train loss: 0.41346332997322083, Validation loss: 0.5305488412857056, Validation accuracy: 0.8241
Adjusting learning rate of group 0 to 1.0000e-01.
Epoch: 41, Train loss: 0.4130814007472992, Validation loss: 0.7654847341537475, Validation accuracy: 0.7851
Adjusting learning rate of group 0 to 1.0000e-01.
Epoch: 42, Train loss: 0.40710001238822935, Validation loss: 0.5226174486160279, Validation accuracy: 0.8421
Adjusting learning rate of group 0 to 1.0000e-01.
Epoch: 43, Train loss: 0.40487423669815065, Validation loss: 0.7652858757972717, Validation accuracy: 0.7883
Adjusting learning rate of group 0 to 1.0000e-01.
Epoch: 44, Train loss: 0.4077053268814087, Validation loss: 0.6655433008193969, Validation accuracy: 0.7954
Adjusting learning rate of group 0 to 1.0000e-01.
Epoch: 45, Train loss: 0.4028581510734558, Validation loss: 0.4817550119400024, Validation accuracy: 0.8426
Adjusting learning rate of group 0 to 1.0000e-01.
Epoch: 46, Train loss: 0.39712031099319456, Validation loss: 0.5288605037212372, Validation accuracy: 0.8391
Adjusting learning rate of group 0 to 1.0000e-01.
Epoch: 47, Train loss: 0.4006066808128357, Validation loss: 0.5425756984233856, Validation accuracy: 0.8347
Adjusting learning rate of group 0 to 1.0000e-01.
Epoch: 48, Train loss: 0.40146100807189944, Validation loss: 0.6181254149913787, Validation accuracy: 0.8135
Adjusting learning rate of group 0 to 1.0000e-01.
Epoch: 49, Train loss: 0.3964609609222412, Validation loss: 0.5723946767807007, Validation accuracy: 0.8332
Adjusting learning rate of group 0 to 1.0000e-01.
Epoch: 50, Train loss: 0.3953309087562561, Validation loss: 0.7390347623348236, Validation accuracy: 0.7987
Adjusting learning rate of group 0 to 1.0000e-01.
Epoch: 51, Train loss: 0.391779995136261, Validation loss: 0.6016634212493897, Validation accuracy: 0.8339
Adjusting learning rate of group 0 to 1.0000e-01.
Epoch: 52, Train loss: 0.3883901388454437, Validation loss: 0.5274716945648193, Validation accuracy: 0.8492
Adjusting learning rate of group 0 to 1.0000e-01.
Epoch: 53, Train loss: 0.3887859281349182, Validation loss: 0.5651063247680664, Validation accuracy: 0.8321
Adjusting learning rate of group 0 to 1.0000e-01.
Epoch: 54, Train loss: 0.3900064403438568, Validation loss: 0.5215279977798462, Validation accuracy: 0.8334
Adjusting learning rate of group 0 to 1.0000e-01.
Epoch: 55, Train loss: 0.4123773133468628, Validation loss: 0.7541884951591492, Validation accuracy: 0.7983
Adjusting learning rate of group 0 to 1.0000e-01.
Epoch: 56, Train loss: 0.38622623289108277, Validation loss: 0.616788910150528, Validation accuracy: 0.8193
Adjusting learning rate of group 0 to 1.0000e-01.
Epoch: 57, Train loss: 0.38288087170600893, Validation loss: 0.60867096118927, Validation accuracy: 0.846
Adjusting learning rate of group 0 to 1.0000e-01.
Epoch: 58, Train loss: 0.37775786774635317, Validation loss: 0.599786933517456, Validation accuracy: 0.8161
Adjusting learning rate of group 0 to 1.0000e-01.
Epoch: 59, Train loss: 0.37924310124397276, Validation loss: 0.47471986751556394, Validation accuracy: 0.8473
Adjusting learning rate of group 0 to 1.0000e-01.
Epoch: 60, Train loss: 0.385994131193161, Validation loss: 0.7288244625091552, Validation accuracy: 0.8103
Adjusting learning rate of group 0 to 1.0000e-01.
Epoch: 61, Train loss: 0.3837932576942444, Validation loss: 0.690189485168457, Validation accuracy: 0.8318
Adjusting learning rate of group 0 to 1.0000e-01.
Epoch: 62, Train loss: 0.3802649866294861, Validation loss: 0.6742233702659607, Validation accuracy: 0.7945
Adjusting learning rate of group 0 to 1.0000e-01.
Epoch: 63, Train loss: 0.38227484628677366, Validation loss: 0.6897087891578675, Validation accuracy: 0.807
Adjusting learning rate of group 0 to 1.0000e-01.
Epoch: 64, Train loss: 0.37899068990707396, Validation loss: 0.7401340142726898, Validation accuracy: 0.7793
Adjusting learning rate of group 0 to 1.0000e-01.
Epoch: 65, Train loss: 0.37749215799331665, Validation loss: 0.5062607380867005, Validation accuracy: 0.8356
Adjusting learning rate of group 0 to 1.0000e-01.
Epoch: 66, Train loss: 0.3779354704761505, Validation loss: 0.6785435854911804, Validation accuracy: 0.7788
Adjusting learning rate of group 0 to 1.0000e-01.
Epoch: 67, Train loss: 0.3668673305606842, Validation loss: 0.4726645154953003, Validation accuracy: 0.8477
Adjusting learning rate of group 0 to 1.0000e-01.
Epoch: 68, Train loss: 0.3718557936191559, Validation loss: 0.6477892928123474, Validation accuracy: 0.8175
Adjusting learning rate of group 0 to 1.0000e-01.
Epoch: 69, Train loss: 0.37961614555358886, Validation loss: 0.6059442207336426, Validation accuracy: 0.8306
Adjusting learning rate of group 0 to 1.0000e-01.
Epoch: 70, Train loss: 0.3662786207580566, Validation loss: 0.4897644082546234, Validation accuracy: 0.8531
Adjusting learning rate of group 0 to 1.0000e-01.
Epoch: 71, Train loss: 0.36489549702644347, Validation loss: 0.6825276120662689, Validation accuracy: 0.8063
Adjusting learning rate of group 0 to 1.0000e-01.
Epoch: 72, Train loss: 0.37336908704757693, Validation loss: 0.5687658823490143, Validation accuracy: 0.8337
Adjusting learning rate of group 0 to 1.0000e-01.
Epoch: 73, Train loss: 0.3709275975513458, Validation loss: 0.5197121444702149, Validation accuracy: 0.849
Adjusting learning rate of group 0 to 1.0000e-01.
Epoch: 74, Train loss: 0.3691690320968628, Validation loss: 0.508567701625824, Validation accuracy: 0.8414
Adjusting learning rate of group 0 to 1.0000e-01.
Epoch: 75, Train loss: 0.36843111206054685, Validation loss: 0.5261759035110474, Validation accuracy: 0.8417
Adjusting learning rate of group 0 to 1.0000e-01.
Epoch: 76, Train loss: 0.36377143931388856, Validation loss: 0.5280936685562134, Validation accuracy: 0.8339
Adjusting learning rate of group 0 to 1.0000e-01.
Epoch: 77, Train loss: 0.36514290882110595, Validation loss: 0.5210960220336914, Validation accuracy: 0.8413
Adjusting learning rate of group 0 to 1.0000e-01.
Epoch: 78, Train loss: 0.3652416291618347, Validation loss: 0.4858751256227493, Validation accuracy: 0.8505
Adjusting learning rate of group 0 to 1.0000e-01.
Epoch: 79, Train loss: 0.36965733615875246, Validation loss: 0.6853006767272949, Validation accuracy: 0.7991
Adjusting learning rate of group 0 to 1.0000e-01.
Epoch: 80, Train loss: 0.3807077646064758, Validation loss: 0.4917122943401337, Validation accuracy: 0.8495
Adjusting learning rate of group 0 to 1.0000e-01.
Epoch: 81, Train loss: 0.3625744576072693, Validation loss: 0.521618140745163, Validation accuracy: 0.8482
Adjusting learning rate of group 0 to 1.0000e-01.
Epoch: 82, Train loss: 0.36569790855407713, Validation loss: 0.7599600997924805, Validation accuracy: 0.7943
Adjusting learning rate of group 0 to 1.0000e-01.
Epoch: 83, Train loss: 0.3568356462860107, Validation loss: 0.7419399067401886, Validation accuracy: 0.7991
Adjusting learning rate of group 0 to 1.0000e-01.
Epoch: 84, Train loss: 0.36687968101501467, Validation loss: 0.4972687189102173, Validation accuracy: 0.8435
Adjusting learning rate of group 0 to 1.0000e-01.
Epoch: 85, Train loss: 0.3583516781187058, Validation loss: 0.5811407821655273, Validation accuracy: 0.8501
Adjusting learning rate of group 0 to 1.0000e-01.
Epoch: 86, Train loss: 0.3628756114292145, Validation loss: 0.44526399064064026, Validation accuracy: 0.8618
Adjusting learning rate of group 0 to 1.0000e-01.
Epoch: 87, Train loss: 0.3602577749252319, Validation loss: 0.6393806011199951, Validation accuracy: 0.8219
Adjusting learning rate of group 0 to 1.0000e-01.
Epoch: 88, Train loss: 0.3604376435661316, Validation loss: 0.5734027626991272, Validation accuracy: 0.8482
Adjusting learning rate of group 0 to 1.0000e-01.
Epoch: 89, Train loss: 0.3588697586917877, Validation loss: 0.6570636346817017, Validation accuracy: 0.8243
Adjusting learning rate of group 0 to 1.0000e-01.
Epoch: 90, Train loss: 0.3594394295120239, Validation loss: 0.5664121912240982, Validation accuracy: 0.8139
Adjusting learning rate of group 0 to 1.0000e-01.
Epoch: 91, Train loss: 0.3505309204673767, Validation loss: 0.5151231527328491, Validation accuracy: 0.8421
Adjusting learning rate of group 0 to 1.0000e-01.
Epoch: 92, Train loss: 0.3691465367412567, Validation loss: 0.5811362308979034, Validation accuracy: 0.8387
Adjusting learning rate of group 0 to 1.0000e-01.
Epoch: 93, Train loss: 0.3619290099143982, Validation loss: 0.4811775472640991, Validation accuracy: 0.8639
Adjusting learning rate of group 0 to 1.0000e-01.
Epoch: 94, Train loss: 0.3533202841377258, Validation loss: 0.5646050201416015, Validation accuracy: 0.8317
Adjusting learning rate of group 0 to 1.0000e-01.
Epoch: 95, Train loss: 0.36726842442512514, Validation loss: 0.6809336992740631, Validation accuracy: 0.8076
Adjusting learning rate of group 0 to 1.0000e-01.
Epoch: 96, Train loss: 0.3463931412410736, Validation loss: 0.4982777123451233, Validation accuracy: 0.8413
Adjusting learning rate of group 0 to 1.0000e-01.
Epoch: 97, Train loss: 0.35519662188529966, Validation loss: 0.5099921538352966, Validation accuracy: 0.8565
Adjusting learning rate of group 0 to 1.0000e-01.
Epoch: 98, Train loss: 0.3541471274757385, Validation loss: 0.5172684642314911, Validation accuracy: 0.8411
Adjusting learning rate of group 0 to 1.0000e-01.
Epoch: 99, Train loss: 0.3498708448600769, Validation loss: 0.48460032396316527, Validation accuracy: 0.8528
Adjusting learning rate of group 0 to 1.0000e-02.
Epoch: 100, Train loss: 0.3526112979316711, Validation loss: 0.5696830215454102, Validation accuracy: 0.8501
Adjusting learning rate of group 0 to 1.0000e-02.
Epoch: 101, Train loss: 0.21295898154258727, Validation loss: 0.31972179043293, Validation accuracy: 0.9053
Adjusting learning rate of group 0 to 1.0000e-02.
Epoch: 102, Train loss: 0.16738143721580506, Validation loss: 0.2988119834899902, Validation accuracy: 0.9116
Adjusting learning rate of group 0 to 1.0000e-02.
Epoch: 103, Train loss: 0.15142879821777344, Validation loss: 0.2936224735379219, Validation accuracy: 0.9175
Adjusting learning rate of group 0 to 1.0000e-02.
Epoch: 104, Train loss: 0.1367005067396164, Validation loss: 0.2944351659655571, Validation accuracy: 0.9145
Adjusting learning rate of group 0 to 1.0000e-02.
Epoch: 105, Train loss: 0.1322569085931778, Validation loss: 0.29947079684734346, Validation accuracy: 0.9155
Adjusting learning rate of group 0 to 1.0000e-02.
Epoch: 106, Train loss: 0.1216433273613453, Validation loss: 0.3057762909770012, Validation accuracy: 0.9141
Adjusting learning rate of group 0 to 1.0000e-02.
Epoch: 107, Train loss: 0.11656165163516999, Validation loss: 0.29086548870801926, Validation accuracy: 0.9175
Adjusting learning rate of group 0 to 1.0000e-02.
Epoch: 108, Train loss: 0.1126709363245964, Validation loss: 0.3147069790273905, Validation accuracy: 0.9188
Adjusting learning rate of group 0 to 1.0000e-02.
Epoch: 109, Train loss: 0.10907411438465119, Validation loss: 0.29638850110173226, Validation accuracy: 0.9195
Adjusting learning rate of group 0 to 1.0000e-02.
Epoch: 110, Train loss: 0.10276772823810577, Validation loss: 0.30629583489298823, Validation accuracy: 0.9181
Adjusting learning rate of group 0 to 1.0000e-02.
Epoch: 111, Train loss: 0.09752994995117187, Validation loss: 0.31540225343704226, Validation accuracy: 0.9201
Adjusting learning rate of group 0 to 1.0000e-02.
Epoch: 112, Train loss: 0.09339973124027252, Validation loss: 0.3060342076063156, Validation accuracy: 0.9214
Adjusting learning rate of group 0 to 1.0000e-02.
Epoch: 113, Train loss: 0.09021617225885391, Validation loss: 0.3312604097366333, Validation accuracy: 0.9202
Adjusting learning rate of group 0 to 1.0000e-02.
Epoch: 114, Train loss: 0.08814521606445312, Validation loss: 0.34191980125308036, Validation accuracy: 0.9161
Adjusting learning rate of group 0 to 1.0000e-02.
Epoch: 115, Train loss: 0.08783128245830536, Validation loss: 0.3386028378665447, Validation accuracy: 0.9169
Adjusting learning rate of group 0 to 1.0000e-02.
Epoch: 116, Train loss: 0.08188074778079986, Validation loss: 0.35892017908096313, Validation accuracy: 0.9185
Adjusting learning rate of group 0 to 1.0000e-02.
Epoch: 117, Train loss: 0.07800614976644515, Validation loss: 0.346662602186203, Validation accuracy: 0.9209
Adjusting learning rate of group 0 to 1.0000e-02.
Epoch: 118, Train loss: 0.07588421210289001, Validation loss: 0.3761849354326725, Validation accuracy: 0.9139
Adjusting learning rate of group 0 to 1.0000e-02.
Epoch: 119, Train loss: 0.07380211710095405, Validation loss: 0.33807589535713195, Validation accuracy: 0.9203
Adjusting learning rate of group 0 to 1.0000e-02.
Epoch: 120, Train loss: 0.07267813001394272, Validation loss: 0.3663864939928055, Validation accuracy: 0.9148
Adjusting learning rate of group 0 to 1.0000e-02.
Epoch: 121, Train loss: 0.06978975049376487, Validation loss: 0.37210162034034727, Validation accuracy: 0.9199
Adjusting learning rate of group 0 to 1.0000e-02.
Epoch: 122, Train loss: 0.06616170682311058, Validation loss: 0.3870687376081943, Validation accuracy: 0.9181
Adjusting learning rate of group 0 to 1.0000e-02.
Epoch: 123, Train loss: 0.06587296075582505, Validation loss: 0.36036339030265807, Validation accuracy: 0.9198
Adjusting learning rate of group 0 to 1.0000e-02.
Epoch: 124, Train loss: 0.06579811965227127, Validation loss: 0.3590479940533638, Validation accuracy: 0.9177
Adjusting learning rate of group 0 to 1.0000e-02.
Epoch: 125, Train loss: 0.06513965317249298, Validation loss: 0.3754144383907318, Validation accuracy: 0.918
Adjusting learning rate of group 0 to 1.0000e-02.
Epoch: 126, Train loss: 0.0618879325401783, Validation loss: 0.3999245899796486, Validation accuracy: 0.9145
Adjusting learning rate of group 0 to 1.0000e-02.
Epoch: 127, Train loss: 0.062071321014165876, Validation loss: 0.37822957918941974, Validation accuracy: 0.9216
Adjusting learning rate of group 0 to 1.0000e-02.
Epoch: 128, Train loss: 0.06016719696700573, Validation loss: 0.4010671634063125, Validation accuracy: 0.9145
Adjusting learning rate of group 0 to 1.0000e-02.
Epoch: 129, Train loss: 0.05773103843092919, Validation loss: 0.39876387922614814, Validation accuracy: 0.919
Adjusting learning rate of group 0 to 1.0000e-02.
Epoch: 130, Train loss: 0.061240823576450346, Validation loss: 0.40717205762863157, Validation accuracy: 0.9158
Adjusting learning rate of group 0 to 1.0000e-02.
Epoch: 131, Train loss: 0.058888821656107905, Validation loss: 0.39996151471138003, Validation accuracy: 0.9184
Adjusting learning rate of group 0 to 1.0000e-02.
Epoch: 132, Train loss: 0.057204719743728635, Validation loss: 0.4042613230228424, Validation accuracy: 0.9162
Adjusting learning rate of group 0 to 1.0000e-02.
Epoch: 133, Train loss: 0.05748880462646484, Validation loss: 0.40830891160964966, Validation accuracy: 0.9164
Adjusting learning rate of group 0 to 1.0000e-02.
Epoch: 134, Train loss: 0.0581169598531723, Validation loss: 0.39383674015998843, Validation accuracy: 0.9204
Adjusting learning rate of group 0 to 1.0000e-02.
Epoch: 135, Train loss: 0.05386392275333404, Validation loss: 0.4045456249833107, Validation accuracy: 0.9172
Adjusting learning rate of group 0 to 1.0000e-02.
Epoch: 136, Train loss: 0.05330863359868526, Validation loss: 0.42309554905891417, Validation accuracy: 0.9171
Adjusting learning rate of group 0 to 1.0000e-02.
Epoch: 137, Train loss: 0.05374425015926361, Validation loss: 0.43146577184200285, Validation accuracy: 0.9161
Adjusting learning rate of group 0 to 1.0000e-02.
Epoch: 138, Train loss: 0.056849298719763755, Validation loss: 0.446391197013855, Validation accuracy: 0.9127
Adjusting learning rate of group 0 to 1.0000e-02.
Epoch: 139, Train loss: 0.05179169504642486, Validation loss: 0.4142327501773834, Validation accuracy: 0.9182
Adjusting learning rate of group 0 to 1.0000e-02.
Epoch: 140, Train loss: 0.052936233701705936, Validation loss: 0.4090247548341751, Validation accuracy: 0.9143
Adjusting learning rate of group 0 to 1.0000e-02.
Epoch: 141, Train loss: 0.05433627906858921, Validation loss: 0.4298317076683044, Validation accuracy: 0.9143
Adjusting learning rate of group 0 to 1.0000e-02.
Epoch: 142, Train loss: 0.05345765792727471, Validation loss: 0.42046926875114443, Validation accuracy: 0.918
Adjusting learning rate of group 0 to 1.0000e-02.
Epoch: 143, Train loss: 0.05476691867351532, Validation loss: 0.42688752250671386, Validation accuracy: 0.9127
Adjusting learning rate of group 0 to 1.0000e-02.
Epoch: 144, Train loss: 0.05578701165437698, Validation loss: 0.4383302354812622, Validation accuracy: 0.9133
Adjusting learning rate of group 0 to 1.0000e-02.
Epoch: 145, Train loss: 0.05420500267207622, Validation loss: 0.43007174377441404, Validation accuracy: 0.9158
Adjusting learning rate of group 0 to 1.0000e-02.
Epoch: 146, Train loss: 0.05384764005571604, Validation loss: 0.4247523982524872, Validation accuracy: 0.9162
Adjusting learning rate of group 0 to 1.0000e-02.
Epoch: 147, Train loss: 0.05029210802137852, Validation loss: 0.4317046691894531, Validation accuracy: 0.9162
Adjusting learning rate of group 0 to 1.0000e-02.
Epoch: 148, Train loss: 0.05317342411637306, Validation loss: 0.43737541093826293, Validation accuracy: 0.9142
Adjusting learning rate of group 0 to 1.0000e-02.
Epoch: 149, Train loss: 0.05262813655257225, Validation loss: 0.503700573527813, Validation accuracy: 0.909
Adjusting learning rate of group 0 to 1.0000e-03.
Epoch: 150, Train loss: 0.05202402483642101, Validation loss: 0.45697264032363893, Validation accuracy: 0.9148
Adjusting learning rate of group 0 to 1.0000e-03.
Epoch: 151, Train loss: 0.03686248246312141, Validation loss: 0.4185414515018463, Validation accuracy: 0.9217
Adjusting learning rate of group 0 to 1.0000e-03.
Epoch: 152, Train loss: 0.025786531110405922, Validation loss: 0.4240996398448944, Validation accuracy: 0.9241
Adjusting learning rate of group 0 to 1.0000e-03.
Epoch: 153, Train loss: 0.02257557866603136, Validation loss: 0.4367324917554855, Validation accuracy: 0.9254
Adjusting learning rate of group 0 to 1.0000e-03.
Epoch: 154, Train loss: 0.021802893529236318, Validation loss: 0.44928783082962037, Validation accuracy: 0.9244
Adjusting learning rate of group 0 to 1.0000e-03.
Epoch: 155, Train loss: 0.019974882906377316, Validation loss: 0.45047277493476867, Validation accuracy: 0.9242
Adjusting learning rate of group 0 to 1.0000e-03.
Epoch: 156, Train loss: 0.01992941770017147, Validation loss: 0.4588863654136658, Validation accuracy: 0.9245
Adjusting learning rate of group 0 to 1.0000e-03.
Epoch: 157, Train loss: 0.018238386119157075, Validation loss: 0.46901173219680786, Validation accuracy: 0.9234
Adjusting learning rate of group 0 to 1.0000e-03.
Epoch: 158, Train loss: 0.017322098641991614, Validation loss: 0.47701743466854096, Validation accuracy: 0.9245
Adjusting learning rate of group 0 to 1.0000e-03.
Epoch: 159, Train loss: 0.016494950294494628, Validation loss: 0.4703571603775024, Validation accuracy: 0.9246
Adjusting learning rate of group 0 to 1.0000e-03.
Epoch: 160, Train loss: 0.01683281128950417, Validation loss: 0.48385408034324645, Validation accuracy: 0.9245
Adjusting learning rate of group 0 to 1.0000e-03.
Epoch: 161, Train loss: 0.01630274220049381, Validation loss: 0.49032187757492063, Validation accuracy: 0.9255
Adjusting learning rate of group 0 to 1.0000e-03.
Epoch: 162, Train loss: 0.01680169994622469, Validation loss: 0.48043892779350283, Validation accuracy: 0.9261
Adjusting learning rate of group 0 to 1.0000e-03.
Epoch: 163, Train loss: 0.014221113691926003, Validation loss: 0.48937056484222413, Validation accuracy: 0.9242
Adjusting learning rate of group 0 to 1.0000e-03.
Epoch: 164, Train loss: 0.014831284734755755, Validation loss: 0.49187049083709716, Validation accuracy: 0.9245
Adjusting learning rate of group 0 to 1.0000e-03.
Epoch: 165, Train loss: 0.01359819306485355, Validation loss: 0.496826966047287, Validation accuracy: 0.924
Adjusting learning rate of group 0 to 1.0000e-03.
Epoch: 166, Train loss: 0.01319940962255001, Validation loss: 0.5021446137428284, Validation accuracy: 0.9248
Adjusting learning rate of group 0 to 1.0000e-03.
Epoch: 167, Train loss: 0.01321788143504411, Validation loss: 0.503082914352417, Validation accuracy: 0.9248
Adjusting learning rate of group 0 to 1.0000e-03.
Epoch: 168, Train loss: 0.012566909256242216, Validation loss: 0.5038664427757263, Validation accuracy: 0.9248
Adjusting learning rate of group 0 to 1.0000e-03.
Epoch: 169, Train loss: 0.01215391862422228, Validation loss: 0.5164667877674103, Validation accuracy: 0.9245
Adjusting learning rate of group 0 to 1.0000e-03.
Epoch: 170, Train loss: 0.012813879995271563, Validation loss: 0.5166387073040009, Validation accuracy: 0.9241
Adjusting learning rate of group 0 to 1.0000e-03.
Epoch: 171, Train loss: 0.011324292886257172, Validation loss: 0.5272525828838348, Validation accuracy: 0.9247
Adjusting learning rate of group 0 to 1.0000e-03.
Epoch: 172, Train loss: 0.010937744390070439, Validation loss: 0.5246890717506408, Validation accuracy: 0.9265
Adjusting learning rate of group 0 to 1.0000e-03.
Epoch: 173, Train loss: 0.011395805758051575, Validation loss: 0.5328567499160767, Validation accuracy: 0.9261
Adjusting learning rate of group 0 to 1.0000e-03.
Epoch: 174, Train loss: 0.0109681700412184, Validation loss: 0.532303135061264, Validation accuracy: 0.9253
Adjusting learning rate of group 0 to 1.0000e-03.
Epoch: 175, Train loss: 0.011642906023897231, Validation loss: 0.5297185913085938, Validation accuracy: 0.9259
Adjusting learning rate of group 0 to 1.0000e-03.
Epoch: 176, Train loss: 0.01122620369259268, Validation loss: 0.5353673784732819, Validation accuracy: 0.9248
Adjusting learning rate of group 0 to 1.0000e-03.
Epoch: 177, Train loss: 0.011531853422671556, Validation loss: 0.5384366382598877, Validation accuracy: 0.9258
Adjusting learning rate of group 0 to 1.0000e-03.
Epoch: 178, Train loss: 0.010472769504152239, Validation loss: 0.5486390371322631, Validation accuracy: 0.9264
Adjusting learning rate of group 0 to 1.0000e-03.
Epoch: 179, Train loss: 0.009763170646354557, Validation loss: 0.5457616745948791, Validation accuracy: 0.9248
Adjusting learning rate of group 0 to 1.0000e-03.
Epoch: 180, Train loss: 0.009745005767270923, Validation loss: 0.5409094034671783, Validation accuracy: 0.9246
Adjusting learning rate of group 0 to 1.0000e-03.
Epoch: 181, Train loss: 0.009595703969821333, Validation loss: 0.5600541707515716, Validation accuracy: 0.924
Adjusting learning rate of group 0 to 1.0000e-03.
Epoch: 182, Train loss: 0.010057715557273477, Validation loss: 0.5660713658332824, Validation accuracy: 0.925
Adjusting learning rate of group 0 to 1.0000e-03.
Epoch: 183, Train loss: 0.009027758820988238, Validation loss: 0.5716746954441071, Validation accuracy: 0.9247
Adjusting learning rate of group 0 to 1.0000e-03.
Epoch: 184, Train loss: 0.010395227527748793, Validation loss: 0.5610726311206817, Validation accuracy: 0.9248
Adjusting learning rate of group 0 to 1.0000e-03.
Epoch: 185, Train loss: 0.009665465943850577, Validation loss: 0.554725710439682, Validation accuracy: 0.925
Adjusting learning rate of group 0 to 1.0000e-03.
Epoch: 186, Train loss: 0.009390698720812798, Validation loss: 0.5628859054088593, Validation accuracy: 0.9242
Adjusting learning rate of group 0 to 1.0000e-03.
Epoch: 187, Train loss: 0.008679123161025344, Validation loss: 0.5584606914520264, Validation accuracy: 0.9251
Adjusting learning rate of group 0 to 1.0000e-03.
Epoch: 188, Train loss: 0.009328621195331215, Validation loss: 0.5706115672111511, Validation accuracy: 0.9257
Adjusting learning rate of group 0 to 1.0000e-03.
Epoch: 189, Train loss: 0.007854602250494063, Validation loss: 0.5664722067832947, Validation accuracy: 0.926
Adjusting learning rate of group 0 to 1.0000e-03.
Epoch: 190, Train loss: 0.008889414149131625, Validation loss: 0.5764601999759674, Validation accuracy: 0.9264
Adjusting learning rate of group 0 to 1.0000e-03.
Epoch: 191, Train loss: 0.007994499686099589, Validation loss: 0.5810337877273559, Validation accuracy: 0.9256
Adjusting learning rate of group 0 to 1.0000e-03.
Epoch: 192, Train loss: 0.008968532749526203, Validation loss: 0.5807028347969055, Validation accuracy: 0.9262
Adjusting learning rate of group 0 to 1.0000e-03.
Epoch: 193, Train loss: 0.008605584859643132, Validation loss: 0.5771198976993561, Validation accuracy: 0.9262
Adjusting learning rate of group 0 to 1.0000e-03.
Epoch: 194, Train loss: 0.008840146047286689, Validation loss: 0.5766953433036804, Validation accuracy: 0.9257
Adjusting learning rate of group 0 to 1.0000e-03.
Epoch: 195, Train loss: 0.008896735295969993, Validation loss: 0.5895023600578309, Validation accuracy: 0.9255
Adjusting learning rate of group 0 to 1.0000e-03.
Epoch: 196, Train loss: 0.00868112022797577, Validation loss: 0.5855927252292633, Validation accuracy: 0.9263
Adjusting learning rate of group 0 to 1.0000e-03.
Epoch: 197, Train loss: 0.008046685379920527, Validation loss: 0.5775552396297455, Validation accuracy: 0.9271
Adjusting learning rate of group 0 to 1.0000e-03.
Epoch: 198, Train loss: 0.007786651382222772, Validation loss: 0.594025289440155, Validation accuracy: 0.9269
Adjusting learning rate of group 0 to 1.0000e-03.
Epoch: 199, Train loss: 0.007465263321902603, Validation loss: 0.5866910982608795, Validation accuracy: 0.9267
Accuracy: 0.9267, Parameters: 2074
