['ResNet-TRL-Ringed.py', '--ring_ranks', '8', '2', '8', '--core_ranks', '3', '3', '2', '--seed', '12345', '--device=cuda:3']
Initializing dataloader
Files already downloaded and verified
Files already downloaded and verified
Dataloader has initialized
Initializing model
Adjusting learning rate of group 0 to 1.0000e-02.
Model initialized
Testing model
Tests passed
Adjusting learning rate of group 0 to 2.0000e-02.
Epoch: 0, Train loss: 1.8021056174468995, Validation loss: 1.4484216106414796, Validation accuracy: 0.4687
Adjusting learning rate of group 0 to 3.0000e-02.
Epoch: 1, Train loss: 1.4661490899276732, Validation loss: 1.292268190574646, Validation accuracy: 0.527
Adjusting learning rate of group 0 to 4.0000e-02.
Epoch: 2, Train loss: 1.2736668985748292, Validation loss: 1.0628510051727296, Validation accuracy: 0.615
Adjusting learning rate of group 0 to 5.0000e-02.
Epoch: 3, Train loss: 1.0991336617851257, Validation loss: 0.9857093280792236, Validation accuracy: 0.6615
Adjusting learning rate of group 0 to 6.0000e-02.
Epoch: 4, Train loss: 0.9604081580924988, Validation loss: 0.9267866887092591, Validation accuracy: 0.679
Adjusting learning rate of group 0 to 7.0000e-02.
Epoch: 5, Train loss: 0.8422138261413574, Validation loss: 0.8794272585868835, Validation accuracy: 0.7154
Adjusting learning rate of group 0 to 8.0000e-02.
Epoch: 6, Train loss: 0.7599371077346802, Validation loss: 0.7423103775978088, Validation accuracy: 0.7553
Adjusting learning rate of group 0 to 9.0000e-02.
Epoch: 7, Train loss: 0.7084092384529114, Validation loss: 0.7045934921264648, Validation accuracy: 0.7662
Adjusting learning rate of group 0 to 1.0000e-01.
Epoch: 8, Train loss: 0.6651390351867675, Validation loss: 0.7111506906509399, Validation accuracy: 0.7686
Adjusting learning rate of group 0 to 1.0000e-01.
Epoch: 9, Train loss: 0.6386199600410462, Validation loss: 0.6810548666000367, Validation accuracy: 0.772
Adjusting learning rate of group 0 to 1.0000e-01.
Epoch: 10, Train loss: 0.5980204014968872, Validation loss: 0.8599405326843261, Validation accuracy: 0.7431
Adjusting learning rate of group 0 to 1.0000e-01.
Epoch: 11, Train loss: 0.563929483165741, Validation loss: 0.79353924741745, Validation accuracy: 0.7418
Adjusting learning rate of group 0 to 1.0000e-01.
Epoch: 12, Train loss: 0.5403336995983123, Validation loss: 0.7931805275917053, Validation accuracy: 0.7508
Adjusting learning rate of group 0 to 1.0000e-01.
Epoch: 13, Train loss: 0.5093070070838929, Validation loss: 0.5703703619480133, Validation accuracy: 0.8235
Adjusting learning rate of group 0 to 1.0000e-01.
Epoch: 14, Train loss: 0.5033400668716431, Validation loss: 0.6838372575759888, Validation accuracy: 0.7937
Adjusting learning rate of group 0 to 1.0000e-01.
Epoch: 15, Train loss: 0.4831344577598572, Validation loss: 0.651992824935913, Validation accuracy: 0.7878
Adjusting learning rate of group 0 to 1.0000e-01.
Epoch: 16, Train loss: 0.4833460373878479, Validation loss: 0.5471435430049896, Validation accuracy: 0.8245
Adjusting learning rate of group 0 to 1.0000e-01.
Epoch: 17, Train loss: 0.4575390832710266, Validation loss: 0.6183949928283692, Validation accuracy: 0.8038
Adjusting learning rate of group 0 to 1.0000e-01.
Epoch: 18, Train loss: 0.45527687646865844, Validation loss: 0.5577162614822387, Validation accuracy: 0.8306
Adjusting learning rate of group 0 to 1.0000e-01.
Epoch: 19, Train loss: 0.4442064232254028, Validation loss: 0.6198135890960693, Validation accuracy: 0.7929
Adjusting learning rate of group 0 to 1.0000e-01.
Epoch: 20, Train loss: 0.44465439376831056, Validation loss: 0.5739734704971313, Validation accuracy: 0.8141
Adjusting learning rate of group 0 to 1.0000e-01.
Epoch: 21, Train loss: 0.4338580522823334, Validation loss: 0.49012853798866274, Validation accuracy: 0.8416
Adjusting learning rate of group 0 to 1.0000e-01.
Epoch: 22, Train loss: 0.4208350924873352, Validation loss: 0.7098645538330078, Validation accuracy: 0.7796
Adjusting learning rate of group 0 to 1.0000e-01.
Epoch: 23, Train loss: 0.41689320064544677, Validation loss: 0.6177419394493103, Validation accuracy: 0.8124
Adjusting learning rate of group 0 to 1.0000e-01.
Epoch: 24, Train loss: 0.4063635425376892, Validation loss: 0.5669456182479858, Validation accuracy: 0.8248
Adjusting learning rate of group 0 to 1.0000e-01.
Epoch: 25, Train loss: 0.40478486209869385, Validation loss: 0.5254901980876923, Validation accuracy: 0.8324
Adjusting learning rate of group 0 to 1.0000e-01.
Epoch: 26, Train loss: 0.39761649716377256, Validation loss: 0.7204313676834107, Validation accuracy: 0.8141
Adjusting learning rate of group 0 to 1.0000e-01.
Epoch: 27, Train loss: 0.40563168704986574, Validation loss: 0.6024504853248596, Validation accuracy: 0.805
Adjusting learning rate of group 0 to 1.0000e-01.
Epoch: 28, Train loss: 0.3941783925437927, Validation loss: 0.5570562101364136, Validation accuracy: 0.8297
Adjusting learning rate of group 0 to 1.0000e-01.
Epoch: 29, Train loss: 0.3804059634208679, Validation loss: 0.7079401403427124, Validation accuracy: 0.8028
Adjusting learning rate of group 0 to 1.0000e-01.
Epoch: 30, Train loss: 0.389248031129837, Validation loss: 0.6018231969833374, Validation accuracy: 0.8184
Adjusting learning rate of group 0 to 1.0000e-01.
Epoch: 31, Train loss: 0.3761224519348145, Validation loss: 0.5612783827781678, Validation accuracy: 0.8202
Adjusting learning rate of group 0 to 1.0000e-01.
Epoch: 32, Train loss: 0.37347756443023683, Validation loss: 0.5974230343341828, Validation accuracy: 0.832
Adjusting learning rate of group 0 to 1.0000e-01.
Epoch: 33, Train loss: 0.3682894350910187, Validation loss: 0.5114507480621338, Validation accuracy: 0.8312
Adjusting learning rate of group 0 to 1.0000e-01.
Epoch: 34, Train loss: 0.364842242679596, Validation loss: 0.42809844818115234, Validation accuracy: 0.8611
Adjusting learning rate of group 0 to 1.0000e-01.
Epoch: 35, Train loss: 0.367660450630188, Validation loss: 0.48692484798431396, Validation accuracy: 0.8488
Adjusting learning rate of group 0 to 1.0000e-01.
Epoch: 36, Train loss: 0.365408036441803, Validation loss: 0.5984232471466064, Validation accuracy: 0.8294
Adjusting learning rate of group 0 to 1.0000e-01.
Epoch: 37, Train loss: 0.3601053014564514, Validation loss: 0.48381443700790405, Validation accuracy: 0.8535
Adjusting learning rate of group 0 to 1.0000e-01.
Epoch: 38, Train loss: 0.3563905311012268, Validation loss: 0.5065234405517578, Validation accuracy: 0.8465
Adjusting learning rate of group 0 to 1.0000e-01.
Epoch: 39, Train loss: 0.3608205057144165, Validation loss: 0.6406870733261109, Validation accuracy: 0.8079
Adjusting learning rate of group 0 to 1.0000e-01.
Epoch: 40, Train loss: 0.3445518322944641, Validation loss: 0.43963319854736327, Validation accuracy: 0.8499
Adjusting learning rate of group 0 to 1.0000e-01.
Epoch: 41, Train loss: 0.3490387645149231, Validation loss: 0.5668661904335022, Validation accuracy: 0.8185
Adjusting learning rate of group 0 to 1.0000e-01.
Epoch: 42, Train loss: 0.346909295129776, Validation loss: 0.547328572845459, Validation accuracy: 0.8432
Adjusting learning rate of group 0 to 1.0000e-01.
Epoch: 43, Train loss: 0.35170921184539794, Validation loss: 0.5626759231567383, Validation accuracy: 0.835
Adjusting learning rate of group 0 to 1.0000e-01.
Epoch: 44, Train loss: 0.3425210580062866, Validation loss: 0.5738408199310303, Validation accuracy: 0.8367
Adjusting learning rate of group 0 to 1.0000e-01.
Epoch: 45, Train loss: 0.3499385009765625, Validation loss: 0.4617081912517548, Validation accuracy: 0.8528
Adjusting learning rate of group 0 to 1.0000e-01.
Epoch: 46, Train loss: 0.34309926711082456, Validation loss: 0.4823191362857819, Validation accuracy: 0.848
Adjusting learning rate of group 0 to 1.0000e-01.
Epoch: 47, Train loss: 0.3395771896457672, Validation loss: 0.4755862434387207, Validation accuracy: 0.8419
Adjusting learning rate of group 0 to 1.0000e-01.
Epoch: 48, Train loss: 0.33710447688102724, Validation loss: 0.5126823823928833, Validation accuracy: 0.8457
Adjusting learning rate of group 0 to 1.0000e-01.
Epoch: 49, Train loss: 0.33465168108940124, Validation loss: 0.4423561026573181, Validation accuracy: 0.8616
Adjusting learning rate of group 0 to 1.0000e-01.
Epoch: 50, Train loss: 0.33923840635299685, Validation loss: 0.44944151089191436, Validation accuracy: 0.8636
Adjusting learning rate of group 0 to 1.0000e-01.
Epoch: 51, Train loss: 0.33359063052654264, Validation loss: 0.7846647420883178, Validation accuracy: 0.7799
Adjusting learning rate of group 0 to 1.0000e-01.
Epoch: 52, Train loss: 0.3363802141189575, Validation loss: 0.48426095571517946, Validation accuracy: 0.8475
Adjusting learning rate of group 0 to 1.0000e-01.
Epoch: 53, Train loss: 0.3338295176410675, Validation loss: 0.43099909548759463, Validation accuracy: 0.8585
Adjusting learning rate of group 0 to 1.0000e-01.
Epoch: 54, Train loss: 0.333853747587204, Validation loss: 0.4310722865581512, Validation accuracy: 0.8688
Adjusting learning rate of group 0 to 1.0000e-01.
Epoch: 55, Train loss: 0.3344254022026062, Validation loss: 0.4705167876243591, Validation accuracy: 0.8495
Adjusting learning rate of group 0 to 1.0000e-01.
Epoch: 56, Train loss: 0.33150287954330443, Validation loss: 0.5859047918319702, Validation accuracy: 0.8284
Adjusting learning rate of group 0 to 1.0000e-01.
Epoch: 57, Train loss: 0.3162215486717224, Validation loss: 0.4337901086807251, Validation accuracy: 0.861
Adjusting learning rate of group 0 to 1.0000e-01.
Epoch: 58, Train loss: 0.32898779495239255, Validation loss: 0.8235989240169526, Validation accuracy: 0.7546
Adjusting learning rate of group 0 to 1.0000e-01.
Epoch: 59, Train loss: 0.3269369734144211, Validation loss: 0.5321797904968262, Validation accuracy: 0.8531
Adjusting learning rate of group 0 to 1.0000e-01.
Epoch: 60, Train loss: 0.3217749538421631, Validation loss: 0.47358788862228396, Validation accuracy: 0.8512
Adjusting learning rate of group 0 to 1.0000e-01.
Epoch: 61, Train loss: 0.3247762239360809, Validation loss: 0.47683644933700564, Validation accuracy: 0.8557
Adjusting learning rate of group 0 to 1.0000e-01.
Epoch: 62, Train loss: 0.317255984416008, Validation loss: 0.6057187242507934, Validation accuracy: 0.8301
Adjusting learning rate of group 0 to 1.0000e-01.
Epoch: 63, Train loss: 0.32212506437301636, Validation loss: 0.5709596869468689, Validation accuracy: 0.8381
Adjusting learning rate of group 0 to 1.0000e-01.
Epoch: 64, Train loss: 0.3240522404575348, Validation loss: 0.4304616558074951, Validation accuracy: 0.8732
Adjusting learning rate of group 0 to 1.0000e-01.
Epoch: 65, Train loss: 0.3191305641078949, Validation loss: 0.45488438980579377, Validation accuracy: 0.8525
Adjusting learning rate of group 0 to 1.0000e-01.
Epoch: 66, Train loss: 0.31892861476898193, Validation loss: 0.5279989223480225, Validation accuracy: 0.8452
Adjusting learning rate of group 0 to 1.0000e-01.
Epoch: 67, Train loss: 0.3206997981834412, Validation loss: 0.5283960577964782, Validation accuracy: 0.8298
Adjusting learning rate of group 0 to 1.0000e-01.
Epoch: 68, Train loss: 0.31553127334594727, Validation loss: 0.470918301153183, Validation accuracy: 0.857
Adjusting learning rate of group 0 to 1.0000e-01.
Epoch: 69, Train loss: 0.31433304426193237, Validation loss: 0.4814908880233765, Validation accuracy: 0.8448
Adjusting learning rate of group 0 to 1.0000e-01.
Epoch: 70, Train loss: 0.31426005670547486, Validation loss: 0.5377772734642029, Validation accuracy: 0.8418
Adjusting learning rate of group 0 to 1.0000e-01.
Epoch: 71, Train loss: 0.3159881183433533, Validation loss: 0.4713435251712799, Validation accuracy: 0.857
Adjusting learning rate of group 0 to 1.0000e-01.
Epoch: 72, Train loss: 0.3138707995033264, Validation loss: 0.5758246586322785, Validation accuracy: 0.8332
Adjusting learning rate of group 0 to 1.0000e-01.
Epoch: 73, Train loss: 0.3149576919746399, Validation loss: 0.5130965633392334, Validation accuracy: 0.8527
Adjusting learning rate of group 0 to 1.0000e-01.
Epoch: 74, Train loss: 0.31517411973953247, Validation loss: 0.6848356676101685, Validation accuracy: 0.7873
Adjusting learning rate of group 0 to 1.0000e-01.
Epoch: 75, Train loss: 0.3148326137733459, Validation loss: 0.5232509006977081, Validation accuracy: 0.8457
Adjusting learning rate of group 0 to 1.0000e-01.
Epoch: 76, Train loss: 0.3139309399223328, Validation loss: 0.5584666109085084, Validation accuracy: 0.8235
Adjusting learning rate of group 0 to 1.0000e-01.
Epoch: 77, Train loss: 0.3093998036575317, Validation loss: 0.5246012173652649, Validation accuracy: 0.8409
Adjusting learning rate of group 0 to 1.0000e-01.
Epoch: 78, Train loss: 0.3089559261035919, Validation loss: 0.5688447942733764, Validation accuracy: 0.8497
Adjusting learning rate of group 0 to 1.0000e-01.
Epoch: 79, Train loss: 0.3087890484142303, Validation loss: 0.4968129397392273, Validation accuracy: 0.8365
Adjusting learning rate of group 0 to 1.0000e-01.
Epoch: 80, Train loss: 0.30724098876953126, Validation loss: 0.5046520211219787, Validation accuracy: 0.8537
Adjusting learning rate of group 0 to 1.0000e-01.
Epoch: 81, Train loss: 0.3061477814102173, Validation loss: 0.43184837408065796, Validation accuracy: 0.8623
Adjusting learning rate of group 0 to 1.0000e-01.
Epoch: 82, Train loss: 0.31083855042934416, Validation loss: 0.4364622805595398, Validation accuracy: 0.8643
Adjusting learning rate of group 0 to 1.0000e-01.
Epoch: 83, Train loss: 0.30572882841110227, Validation loss: 0.4326252602100372, Validation accuracy: 0.8571
Adjusting learning rate of group 0 to 1.0000e-01.
Epoch: 84, Train loss: 0.30877168276786804, Validation loss: 0.39731935806274415, Validation accuracy: 0.8795
Adjusting learning rate of group 0 to 1.0000e-01.
Epoch: 85, Train loss: 0.3075226269721985, Validation loss: 0.4430067578315735, Validation accuracy: 0.8626
Adjusting learning rate of group 0 to 1.0000e-01.
Epoch: 86, Train loss: 0.30601243379592896, Validation loss: 0.48772290916442873, Validation accuracy: 0.8485
Adjusting learning rate of group 0 to 1.0000e-01.
Epoch: 87, Train loss: 0.3073964291858673, Validation loss: 0.4833128310203552, Validation accuracy: 0.8559
Adjusting learning rate of group 0 to 1.0000e-01.
Epoch: 88, Train loss: 0.2989837726020813, Validation loss: 0.4263235936164856, Validation accuracy: 0.8718
Adjusting learning rate of group 0 to 1.0000e-01.
Epoch: 89, Train loss: 0.3059868668937683, Validation loss: 0.46224887437820433, Validation accuracy: 0.8589
Adjusting learning rate of group 0 to 1.0000e-01.
Epoch: 90, Train loss: 0.30854224210739134, Validation loss: 0.41607706167697905, Validation accuracy: 0.867
Adjusting learning rate of group 0 to 1.0000e-01.
Epoch: 91, Train loss: 0.29980344814777377, Validation loss: 0.47462918672561644, Validation accuracy: 0.8472
Adjusting learning rate of group 0 to 1.0000e-01.
Epoch: 92, Train loss: 0.301602766456604, Validation loss: 0.44510305223464963, Validation accuracy: 0.8603
Adjusting learning rate of group 0 to 1.0000e-01.
Epoch: 93, Train loss: 0.3057844951725006, Validation loss: 0.584779965019226, Validation accuracy: 0.8369
Adjusting learning rate of group 0 to 1.0000e-01.
Epoch: 94, Train loss: 0.3063454283809662, Validation loss: 0.39879736557006834, Validation accuracy: 0.8709
Adjusting learning rate of group 0 to 1.0000e-01.
Epoch: 95, Train loss: 0.3040935394382477, Validation loss: 0.4843623276233673, Validation accuracy: 0.8556
Adjusting learning rate of group 0 to 1.0000e-01.
Epoch: 96, Train loss: 0.3033768668460846, Validation loss: 0.6040282875537872, Validation accuracy: 0.8296
Adjusting learning rate of group 0 to 1.0000e-01.
Epoch: 97, Train loss: 0.30473897176742554, Validation loss: 0.4395901195526123, Validation accuracy: 0.8559
Adjusting learning rate of group 0 to 1.0000e-01.
Epoch: 98, Train loss: 0.30217133142471314, Validation loss: 0.5246518792390823, Validation accuracy: 0.8331
Adjusting learning rate of group 0 to 1.0000e-01.
Epoch: 99, Train loss: 0.30430050380706786, Validation loss: 0.4479978359222412, Validation accuracy: 0.8743
Adjusting learning rate of group 0 to 1.0000e-02.
Epoch: 100, Train loss: 0.3039407733154297, Validation loss: 0.47626412572860716, Validation accuracy: 0.8636
Adjusting learning rate of group 0 to 1.0000e-02.
Epoch: 101, Train loss: 0.17011174322605133, Validation loss: 0.2649093639373779, Validation accuracy: 0.9188
Adjusting learning rate of group 0 to 1.0000e-02.
Epoch: 102, Train loss: 0.12624974019527435, Validation loss: 0.2688281855583191, Validation accuracy: 0.9227
Adjusting learning rate of group 0 to 1.0000e-02.
Epoch: 103, Train loss: 0.111730637024045, Validation loss: 0.26528391842842103, Validation accuracy: 0.9246
Adjusting learning rate of group 0 to 1.0000e-02.
Epoch: 104, Train loss: 0.10378827975034714, Validation loss: 0.26089664053916933, Validation accuracy: 0.926
Adjusting learning rate of group 0 to 1.0000e-02.
Epoch: 105, Train loss: 0.0952398170208931, Validation loss: 0.2687282513141632, Validation accuracy: 0.9256
Adjusting learning rate of group 0 to 1.0000e-02.
Epoch: 106, Train loss: 0.08810964676499367, Validation loss: 0.2762254029750824, Validation accuracy: 0.9257
Adjusting learning rate of group 0 to 1.0000e-02.
Epoch: 107, Train loss: 0.08621685192346573, Validation loss: 0.2651806444168091, Validation accuracy: 0.9277
Adjusting learning rate of group 0 to 1.0000e-02.
Epoch: 108, Train loss: 0.08131825904011726, Validation loss: 0.2832842876434326, Validation accuracy: 0.9265
Adjusting learning rate of group 0 to 1.0000e-02.
Epoch: 109, Train loss: 0.07436029189586639, Validation loss: 0.28004426803588867, Validation accuracy: 0.9304
Adjusting learning rate of group 0 to 1.0000e-02.
Epoch: 110, Train loss: 0.07026659748911858, Validation loss: 0.29595090045928957, Validation accuracy: 0.929
Adjusting learning rate of group 0 to 1.0000e-02.
Epoch: 111, Train loss: 0.06758714727640151, Validation loss: 0.30134715061187745, Validation accuracy: 0.9253
Adjusting learning rate of group 0 to 1.0000e-02.
Epoch: 112, Train loss: 0.0664093706190586, Validation loss: 0.3014870187759399, Validation accuracy: 0.9268
Adjusting learning rate of group 0 to 1.0000e-02.
Epoch: 113, Train loss: 0.06465506776809693, Validation loss: 0.29662924337387087, Validation accuracy: 0.9276
Adjusting learning rate of group 0 to 1.0000e-02.
Epoch: 114, Train loss: 0.05905063988476992, Validation loss: 0.3136341113090515, Validation accuracy: 0.9288
Adjusting learning rate of group 0 to 1.0000e-02.
Epoch: 115, Train loss: 0.05766521428585052, Validation loss: 0.3070689929008484, Validation accuracy: 0.9272
Adjusting learning rate of group 0 to 1.0000e-02.
Epoch: 116, Train loss: 0.05334163772076368, Validation loss: 0.3440972958564758, Validation accuracy: 0.9263
Adjusting learning rate of group 0 to 1.0000e-02.
Epoch: 117, Train loss: 0.05277399526953697, Validation loss: 0.32420168008804323, Validation accuracy: 0.9272
Adjusting learning rate of group 0 to 1.0000e-02.
Epoch: 118, Train loss: 0.050877660119235515, Validation loss: 0.3305487173080444, Validation accuracy: 0.926
Adjusting learning rate of group 0 to 1.0000e-02.
Epoch: 119, Train loss: 0.05365757279157639, Validation loss: 0.3137720341682434, Validation accuracy: 0.9276
Adjusting learning rate of group 0 to 1.0000e-02.
Epoch: 120, Train loss: 0.0489803067612648, Validation loss: 0.3386335378646851, Validation accuracy: 0.9241
Adjusting learning rate of group 0 to 1.0000e-02.
Epoch: 121, Train loss: 0.0461509132194519, Validation loss: 0.34152414073944093, Validation accuracy: 0.9267
Adjusting learning rate of group 0 to 1.0000e-02.
Epoch: 122, Train loss: 0.043975037653446195, Validation loss: 0.3468666847229004, Validation accuracy: 0.9261
Adjusting learning rate of group 0 to 1.0000e-02.
Epoch: 123, Train loss: 0.04522925050497055, Validation loss: 0.3554979007720947, Validation accuracy: 0.9265
Adjusting learning rate of group 0 to 1.0000e-02.
Epoch: 124, Train loss: 0.04577051748752594, Validation loss: 0.3458665012359619, Validation accuracy: 0.9273
Adjusting learning rate of group 0 to 1.0000e-02.
Epoch: 125, Train loss: 0.043077668746709825, Validation loss: 0.3294758744239807, Validation accuracy: 0.9297
Adjusting learning rate of group 0 to 1.0000e-02.
Epoch: 126, Train loss: 0.04067036159515381, Validation loss: 0.3649721764564514, Validation accuracy: 0.9266
Adjusting learning rate of group 0 to 1.0000e-02.
Epoch: 127, Train loss: 0.0419482145768404, Validation loss: 0.3413284094810486, Validation accuracy: 0.9273
Adjusting learning rate of group 0 to 1.0000e-02.
Epoch: 128, Train loss: 0.04010608140259981, Validation loss: 0.3632078666687012, Validation accuracy: 0.9287
Adjusting learning rate of group 0 to 1.0000e-02.
Epoch: 129, Train loss: 0.040054669382572176, Validation loss: 0.3943387022972107, Validation accuracy: 0.9229
Adjusting learning rate of group 0 to 1.0000e-02.
Epoch: 130, Train loss: 0.04030886126190424, Validation loss: 0.38131912393569944, Validation accuracy: 0.9286
Adjusting learning rate of group 0 to 1.0000e-02.
Epoch: 131, Train loss: 0.036308126954436304, Validation loss: 0.37951245555877683, Validation accuracy: 0.9271
Adjusting learning rate of group 0 to 1.0000e-02.
Epoch: 132, Train loss: 0.039480150634050366, Validation loss: 0.3876394549369812, Validation accuracy: 0.9213
Adjusting learning rate of group 0 to 1.0000e-02.
Epoch: 133, Train loss: 0.037011518533527854, Validation loss: 0.38897396535873413, Validation accuracy: 0.9248
Adjusting learning rate of group 0 to 1.0000e-02.
Epoch: 134, Train loss: 0.03724246478915214, Validation loss: 0.3750893979072571, Validation accuracy: 0.9237
Adjusting learning rate of group 0 to 1.0000e-02.
Epoch: 135, Train loss: 0.03799761204242706, Validation loss: 0.37117226886749266, Validation accuracy: 0.9266
Adjusting learning rate of group 0 to 1.0000e-02.
Epoch: 136, Train loss: 0.03574947930634022, Validation loss: 0.39092242317199705, Validation accuracy: 0.9252
Adjusting learning rate of group 0 to 1.0000e-02.
Epoch: 137, Train loss: 0.039499380683898924, Validation loss: 0.37835349974632265, Validation accuracy: 0.9266
Adjusting learning rate of group 0 to 1.0000e-02.
Epoch: 138, Train loss: 0.03761818149745464, Validation loss: 0.359772616481781, Validation accuracy: 0.9284
Adjusting learning rate of group 0 to 1.0000e-02.
Epoch: 139, Train loss: 0.03430072535395622, Validation loss: 0.41156240787506104, Validation accuracy: 0.92
Adjusting learning rate of group 0 to 1.0000e-02.
Epoch: 140, Train loss: 0.037327541642785074, Validation loss: 0.3780664750099182, Validation accuracy: 0.9244
Adjusting learning rate of group 0 to 1.0000e-02.
Epoch: 141, Train loss: 0.03564338152468204, Validation loss: 0.3969355049133301, Validation accuracy: 0.9251
Adjusting learning rate of group 0 to 1.0000e-02.
Epoch: 142, Train loss: 0.03297208379521966, Validation loss: 0.41734579229354857, Validation accuracy: 0.9218
Adjusting learning rate of group 0 to 1.0000e-02.
Epoch: 143, Train loss: 0.034849307038187984, Validation loss: 0.3812964169502258, Validation accuracy: 0.9258
Adjusting learning rate of group 0 to 1.0000e-02.
Epoch: 144, Train loss: 0.037655681324005125, Validation loss: 0.38249891805648806, Validation accuracy: 0.9232
Adjusting learning rate of group 0 to 1.0000e-02.
Epoch: 145, Train loss: 0.03529162163734436, Validation loss: 0.40141149044036867, Validation accuracy: 0.9187
Adjusting learning rate of group 0 to 1.0000e-02.
Epoch: 146, Train loss: 0.03704033005863428, Validation loss: 0.3991947262763977, Validation accuracy: 0.9247
Adjusting learning rate of group 0 to 1.0000e-02.
Epoch: 147, Train loss: 0.037026840024590495, Validation loss: 0.3962431339263916, Validation accuracy: 0.9233
Adjusting learning rate of group 0 to 1.0000e-02.
Epoch: 148, Train loss: 0.03613407059848309, Validation loss: 0.3735030077934265, Validation accuracy: 0.9235
Adjusting learning rate of group 0 to 1.0000e-02.
Epoch: 149, Train loss: 0.03485286575168371, Validation loss: 0.39582486238479614, Validation accuracy: 0.9228
Adjusting learning rate of group 0 to 1.0000e-03.
Epoch: 150, Train loss: 0.03586198400676251, Validation loss: 0.3822462225914001, Validation accuracy: 0.9248
Adjusting learning rate of group 0 to 1.0000e-03.
Epoch: 151, Train loss: 0.023643142962604762, Validation loss: 0.35522666444778445, Validation accuracy: 0.9304
Adjusting learning rate of group 0 to 1.0000e-03.
Epoch: 152, Train loss: 0.017278064206838608, Validation loss: 0.3563073440551758, Validation accuracy: 0.932
Adjusting learning rate of group 0 to 1.0000e-03.
Epoch: 153, Train loss: 0.014142017910331487, Validation loss: 0.3622701810836792, Validation accuracy: 0.9322
Adjusting learning rate of group 0 to 1.0000e-03.
Epoch: 154, Train loss: 0.013666485766023398, Validation loss: 0.3651289189338684, Validation accuracy: 0.9324
Adjusting learning rate of group 0 to 1.0000e-03.
Epoch: 155, Train loss: 0.013002295911759137, Validation loss: 0.372988663482666, Validation accuracy: 0.9334
Adjusting learning rate of group 0 to 1.0000e-03.
Epoch: 156, Train loss: 0.011668015257194637, Validation loss: 0.3738817737579346, Validation accuracy: 0.9336
Adjusting learning rate of group 0 to 1.0000e-03.
Epoch: 157, Train loss: 0.010831630087345839, Validation loss: 0.38063637456893923, Validation accuracy: 0.9349
Adjusting learning rate of group 0 to 1.0000e-03.
Epoch: 158, Train loss: 0.01030321837209165, Validation loss: 0.38730935926437376, Validation accuracy: 0.9339
Adjusting learning rate of group 0 to 1.0000e-03.
Epoch: 159, Train loss: 0.010562579393237828, Validation loss: 0.3891408772468567, Validation accuracy: 0.9346
Adjusting learning rate of group 0 to 1.0000e-03.
Epoch: 160, Train loss: 0.009229252938963473, Validation loss: 0.3922426774978638, Validation accuracy: 0.9338
Adjusting learning rate of group 0 to 1.0000e-03.
Epoch: 161, Train loss: 0.010120237895920873, Validation loss: 0.39471277551651, Validation accuracy: 0.9334
Adjusting learning rate of group 0 to 1.0000e-03.
Epoch: 162, Train loss: 0.009402732319012284, Validation loss: 0.39730065212249754, Validation accuracy: 0.9349
Adjusting learning rate of group 0 to 1.0000e-03.
Epoch: 163, Train loss: 0.008705732794031501, Validation loss: 0.39819021911621094, Validation accuracy: 0.9342
Adjusting learning rate of group 0 to 1.0000e-03.
Epoch: 164, Train loss: 0.008703447884917259, Validation loss: 0.40459024658203124, Validation accuracy: 0.9343
Adjusting learning rate of group 0 to 1.0000e-03.
Epoch: 165, Train loss: 0.007518949105162174, Validation loss: 0.40686527547836304, Validation accuracy: 0.9337
Adjusting learning rate of group 0 to 1.0000e-03.
Epoch: 166, Train loss: 0.008427480002753436, Validation loss: 0.409876349067688, Validation accuracy: 0.935
Adjusting learning rate of group 0 to 1.0000e-03.
Epoch: 167, Train loss: 0.007515546302553266, Validation loss: 0.41087079973220825, Validation accuracy: 0.934
Adjusting learning rate of group 0 to 1.0000e-03.
Epoch: 168, Train loss: 0.00745033627493307, Validation loss: 0.4080660824775696, Validation accuracy: 0.9343
Adjusting learning rate of group 0 to 1.0000e-03.
Epoch: 169, Train loss: 0.007201318983957172, Validation loss: 0.41499073944091797, Validation accuracy: 0.9347
Adjusting learning rate of group 0 to 1.0000e-03.
Epoch: 170, Train loss: 0.007057049962151796, Validation loss: 0.4201212836265564, Validation accuracy: 0.934
Adjusting learning rate of group 0 to 1.0000e-03.
Epoch: 171, Train loss: 0.00735827567989938, Validation loss: 0.4229668390274048, Validation accuracy: 0.9346
Adjusting learning rate of group 0 to 1.0000e-03.
Epoch: 172, Train loss: 0.006345806646868586, Validation loss: 0.42328482389450073, Validation accuracy: 0.9334
Adjusting learning rate of group 0 to 1.0000e-03.
Epoch: 173, Train loss: 0.006606196346357465, Validation loss: 0.4317002387046814, Validation accuracy: 0.9326
Adjusting learning rate of group 0 to 1.0000e-03.
Epoch: 174, Train loss: 0.007434265507087112, Validation loss: 0.4216497309207916, Validation accuracy: 0.9343
Adjusting learning rate of group 0 to 1.0000e-03.
Epoch: 175, Train loss: 0.006138404074497521, Validation loss: 0.42502006578445434, Validation accuracy: 0.934
Adjusting learning rate of group 0 to 1.0000e-03.
Epoch: 176, Train loss: 0.006668707004152239, Validation loss: 0.42529811868667605, Validation accuracy: 0.9346
Adjusting learning rate of group 0 to 1.0000e-03.
Epoch: 177, Train loss: 0.005939843418374658, Validation loss: 0.4274857304573059, Validation accuracy: 0.9336
Adjusting learning rate of group 0 to 1.0000e-03.
Epoch: 178, Train loss: 0.006417479379149154, Validation loss: 0.43316585245132444, Validation accuracy: 0.935
Adjusting learning rate of group 0 to 1.0000e-03.
Epoch: 179, Train loss: 0.005527108534313738, Validation loss: 0.4407086236000061, Validation accuracy: 0.9343
Adjusting learning rate of group 0 to 1.0000e-03.
Epoch: 180, Train loss: 0.006223172391671687, Validation loss: 0.4407916202545166, Validation accuracy: 0.9338
Adjusting learning rate of group 0 to 1.0000e-03.
Epoch: 181, Train loss: 0.005178850259501487, Validation loss: 0.438590353012085, Validation accuracy: 0.935
Adjusting learning rate of group 0 to 1.0000e-03.
Epoch: 182, Train loss: 0.005762565921675414, Validation loss: 0.44134989051818846, Validation accuracy: 0.9353
Adjusting learning rate of group 0 to 1.0000e-03.
Epoch: 183, Train loss: 0.006014978621155024, Validation loss: 0.43882638025283816, Validation accuracy: 0.9347
Adjusting learning rate of group 0 to 1.0000e-03.
Epoch: 184, Train loss: 0.0056691971981339155, Validation loss: 0.4390542694091797, Validation accuracy: 0.9339
Adjusting learning rate of group 0 to 1.0000e-03.
Epoch: 185, Train loss: 0.005603066406557337, Validation loss: 0.439259210395813, Validation accuracy: 0.9347
Adjusting learning rate of group 0 to 1.0000e-03.
Epoch: 186, Train loss: 0.005494853963265195, Validation loss: 0.44053015003204343, Validation accuracy: 0.9342
Adjusting learning rate of group 0 to 1.0000e-03.
Epoch: 187, Train loss: 0.00599030129712075, Validation loss: 0.4421566640853882, Validation accuracy: 0.9346
Adjusting learning rate of group 0 to 1.0000e-03.
Epoch: 188, Train loss: 0.00533977796735242, Validation loss: 0.4461103907585144, Validation accuracy: 0.9344
Adjusting learning rate of group 0 to 1.0000e-03.
Epoch: 189, Train loss: 0.005342301032654941, Validation loss: 0.4477698349952698, Validation accuracy: 0.9341
Adjusting learning rate of group 0 to 1.0000e-03.
Epoch: 190, Train loss: 0.005070497382059693, Validation loss: 0.44948885765075686, Validation accuracy: 0.933
Adjusting learning rate of group 0 to 1.0000e-03.
Epoch: 191, Train loss: 0.004519943856019526, Validation loss: 0.4496743098735809, Validation accuracy: 0.934
Adjusting learning rate of group 0 to 1.0000e-03.
Epoch: 192, Train loss: 0.004022996818479151, Validation loss: 0.45497194871902463, Validation accuracy: 0.9343
Adjusting learning rate of group 0 to 1.0000e-03.
Epoch: 193, Train loss: 0.004278104969002307, Validation loss: 0.45910447969436646, Validation accuracy: 0.9349
Adjusting learning rate of group 0 to 1.0000e-03.
Epoch: 194, Train loss: 0.005032458640541881, Validation loss: 0.4589060108184814, Validation accuracy: 0.9346
Adjusting learning rate of group 0 to 1.0000e-03.
Epoch: 195, Train loss: 0.005075282912207767, Validation loss: 0.46258572578430174, Validation accuracy: 0.9339
Adjusting learning rate of group 0 to 1.0000e-03.
Epoch: 196, Train loss: 0.0048239487088099125, Validation loss: 0.458948498916626, Validation accuracy: 0.934
Adjusting learning rate of group 0 to 1.0000e-03.
Epoch: 197, Train loss: 0.004795418327860534, Validation loss: 0.46213086967468264, Validation accuracy: 0.934
Adjusting learning rate of group 0 to 1.0000e-03.
Epoch: 198, Train loss: 0.00423747074550949, Validation loss: 0.46437093706130983, Validation accuracy: 0.9345
Adjusting learning rate of group 0 to 1.0000e-03.
Epoch: 199, Train loss: 0.004560095600727946, Validation loss: 0.46936173858642577, Validation accuracy: 0.9332
Accuracy: 0.9332
