Initializing dataloader
Files already downloaded and verified
Files already downloaded and verified
Dataloader has initialized
Initializing model
Model initialized
factor_0 (64, 1, 1, 1)
factor_1 (8, 1, 1, 1)
factor_2 (8, 1, 1, 1)
core (1, 1, 1, 10)
Testing model
Tests passed
Warm up model
Adjusting learning rate of group 0 to 1.0000e-02.
Adjusting learning rate of group 0 to 2.0000e-02.
Epoch: 0, Train loss: 1.9612935262680053, Validation loss: 1.8352038921356202, Validation accuracy: 0.2285
Adjusting learning rate of group 0 to 3.0000e-02.
Epoch: 1, Train loss: 1.8550539398956298, Validation loss: 1.9385049110412598, Validation accuracy: 0.2332
Adjusting learning rate of group 0 to 4.0000e-02.
Epoch: 2, Train loss: 1.80265085105896, Validation loss: 1.7850933917999268, Validation accuracy: 0.2868
Adjusting learning rate of group 0 to 5.0000e-02.
Epoch: 3, Train loss: 1.723961251411438, Validation loss: 1.6587793390274048, Validation accuracy: 0.3298
Adjusting learning rate of group 0 to 6.0000e-02.
Epoch: 4, Train loss: 1.673227733078003, Validation loss: 2.05516579208374, Validation accuracy: 0.3567
Adjusting learning rate of group 0 to 7.0000e-02.
Epoch: 5, Train loss: 1.6130965074920653, Validation loss: 1.5672969148635865, Validation accuracy: 0.3777
Adjusting learning rate of group 0 to 8.0000e-02.
Epoch: 6, Train loss: 1.5818539720916749, Validation loss: 2.0585571363449096, Validation accuracy: 0.3376
Adjusting learning rate of group 0 to 9.0000e-02.
Epoch: 7, Train loss: 1.5617070984268189, Validation loss: 1.5729537357330323, Validation accuracy: 0.4031
Adjusting learning rate of group 0 to 1.0000e-01.
Epoch: 8, Train loss: 1.5478936766815186, Validation loss: 1.5422791976928711, Validation accuracy: 0.3947
Adjusting learning rate of group 0 to 1.0000e-01.
Epoch: 9, Train loss: 1.518102575302124, Validation loss: 1.535459879875183, Validation accuracy: 0.4169
Stop warm up model
Choosign ranks
Train full model
Epoch: 0, Train loss: 1.458344020614624, Validation loss: 1.4681771696090697, Validation accuracy: 0.4648
Epoch: 1, Train loss: 1.4416828897857665, Validation loss: 1.7801231084823608, Validation accuracy: 0.4302
Train edge link_right
Epoch: 0, Train loss: 1.3923359842681884, Validation loss: 1.3769619808197022, Validation accuracy: 0.5068
Epoch: 1, Train loss: 1.395639984512329, Validation loss: 1.3812206052780152, Validation accuracy: 0.5071
Epoch: 2, Train loss: 1.3860601525115968, Validation loss: 1.3873397821426392, Validation accuracy: 0.5058
Epoch: 3, Train loss: 1.3890277354812621, Validation loss: 1.3821370687484742, Validation accuracy: 0.507
Train edge rank_1
Epoch: 0, Train loss: 1.4348738300704955, Validation loss: 1.3891283693313599, Validation accuracy: 0.4957
Epoch: 1, Train loss: 1.3893107001113891, Validation loss: 1.387514993095398, Validation accuracy: 0.5064
Epoch: 2, Train loss: 1.3879258894729614, Validation loss: 1.380868816757202, Validation accuracy: 0.5147
Epoch: 3, Train loss: 1.3940112483596803, Validation loss: 1.3966907732009888, Validation accuracy: 0.5118
Train edge link_right
Epoch: 0, Train loss: 1.407803763961792, Validation loss: 1.393202092552185, Validation accuracy: 0.5
Epoch: 1, Train loss: 1.4035528923797607, Validation loss: 1.4191052032470703, Validation accuracy: 0.4987
Epoch: 2, Train loss: 1.4115678664398192, Validation loss: 1.3839708978652954, Validation accuracy: 0.5016
Epoch: 3, Train loss: 1.407088374710083, Validation loss: 1.4167906412124633, Validation accuracy: 0.4997
Train edge rank_2
Epoch: 0, Train loss: 1.4250185697174071, Validation loss: 1.4129104204177856, Validation accuracy: 0.5106
Epoch: 1, Train loss: 1.3960362337112426, Validation loss: 1.3967073572158812, Validation accuracy: 0.4989
Epoch: 2, Train loss: 1.3983327904510499, Validation loss: 1.382960557937622, Validation accuracy: 0.5019
Epoch: 3, Train loss: 1.3937162142562867, Validation loss: 1.3908674097061158, Validation accuracy: 0.4929
Train edge link_right
Epoch: 0, Train loss: 1.39819213596344, Validation loss: 1.3782979557037354, Validation accuracy: 0.5081
Epoch: 1, Train loss: 1.394872632484436, Validation loss: 1.367555145072937, Validation accuracy: 0.5107
Epoch: 2, Train loss: 1.388668392829895, Validation loss: 1.3762384447097777, Validation accuracy: 0.5066
Epoch: 3, Train loss: 1.3884748776626588, Validation loss: 1.3881069202423095, Validation accuracy: 0.5081
Train edge rank_0
Epoch: 0, Train loss: 1.3580199166107179, Validation loss: 1.3334742841720582, Validation accuracy: 0.5333
Epoch: 1, Train loss: 1.3291719706726075, Validation loss: 1.3191704290390014, Validation accuracy: 0.5315
Epoch: 2, Train loss: 1.3256082718276978, Validation loss: 1.315737614250183, Validation accuracy: 0.535
Epoch: 3, Train loss: 1.3210725310516358, Validation loss: 1.3265525062561034, Validation accuracy: 0.5341
Choosen edge rank_0
Train full model
Epoch: 0, Train loss: 1.1624271762275695, Validation loss: 1.1420491889953612, Validation accuracy: 0.6372
Epoch: 1, Train loss: 1.034097758178711, Validation loss: 1.2303192229270936, Validation accuracy: 0.5797
Train edge link_right
Epoch: 0, Train loss: 0.9712772686576844, Validation loss: 0.9877214876174927, Validation accuracy: 0.6738
Epoch: 1, Train loss: 0.9673773370170593, Validation loss: 0.9703179831504822, Validation accuracy: 0.6694
Epoch: 2, Train loss: 0.970975129699707, Validation loss: 1.0029603192329406, Validation accuracy: 0.6766
Epoch: 3, Train loss: 0.9721503281021118, Validation loss: 1.0076147329330445, Validation accuracy: 0.6728
Train edge link_right
Epoch: 0, Train loss: 0.9667980441093444, Validation loss: 0.9675970865249633, Validation accuracy: 0.6815
Epoch: 1, Train loss: 0.9353801735115052, Validation loss: 0.9555864299774169, Validation accuracy: 0.6808
Epoch: 2, Train loss: 0.9357945637130737, Validation loss: 0.9707259903907776, Validation accuracy: 0.6825
Epoch: 3, Train loss: 0.9336038425445556, Validation loss: 0.9550146027565003, Validation accuracy: 0.6814
Train edge rank_0
Epoch: 0, Train loss: 0.9928645771980286, Validation loss: 0.9565507192611694, Validation accuracy: 0.6739
Epoch: 1, Train loss: 0.9701101622390748, Validation loss: 0.9471419515609741, Validation accuracy: 0.6755
Epoch: 2, Train loss: 0.9664834893417359, Validation loss: 0.9475427758216858, Validation accuracy: 0.6754
Epoch: 3, Train loss: 0.9697621281051636, Validation loss: 0.9478265767097473, Validation accuracy: 0.6758
Train edge link_right
Epoch: 0, Train loss: 0.9889384526062012, Validation loss: 0.9918994378089905, Validation accuracy: 0.6734
Epoch: 1, Train loss: 0.9460630430984497, Validation loss: 0.9757715431213378, Validation accuracy: 0.6748
Epoch: 2, Train loss: 0.9478605865097046, Validation loss: 0.9685348087310791, Validation accuracy: 0.6798
Epoch: 3, Train loss: 0.9495112815475464, Validation loss: 0.9971442722320557, Validation accuracy: 0.6769
Train edge rank_2
Epoch: 0, Train loss: 1.0308503308296204, Validation loss: 0.9826177968978882, Validation accuracy: 0.6779
Epoch: 1, Train loss: 0.9645405613708496, Validation loss: 0.9772269329071045, Validation accuracy: 0.6787
Epoch: 2, Train loss: 0.9668825496292114, Validation loss: 0.9879519262313843, Validation accuracy: 0.6759
Epoch: 3, Train loss: 0.9611412433242797, Validation loss: 0.9826091680526733, Validation accuracy: 0.6733
Train edge rank_1
Epoch: 0, Train loss: 1.0191990963935853, Validation loss: 0.9538120240211487, Validation accuracy: 0.6824
Epoch: 1, Train loss: 0.9454496632766723, Validation loss: 0.9621063677787781, Validation accuracy: 0.6876
Epoch: 2, Train loss: 0.948800422668457, Validation loss: 0.9755356117248535, Validation accuracy: 0.687
Epoch: 3, Train loss: 0.9511585023498536, Validation loss: 1.0056292177200317, Validation accuracy: 0.6736
Choosen edge link_right
Train full model
Epoch: 0, Train loss: 1.0034212265396119, Validation loss: 1.1381044101715088, Validation accuracy: 0.638
Epoch: 1, Train loss: 0.9733315313911438, Validation loss: 1.1072025815963744, Validation accuracy: 0.6254
Train edge link_right
Epoch: 0, Train loss: 0.899447672996521, Validation loss: 0.9168968044281006, Validation accuracy: 0.6974
Epoch: 1, Train loss: 0.8839836673355103, Validation loss: 0.9081626725196839, Validation accuracy: 0.6936
Epoch: 2, Train loss: 0.8888064791107178, Validation loss: 0.9066183241844177, Validation accuracy: 0.6963
Epoch: 3, Train loss: 0.8885358048248291, Validation loss: 0.9219032037734985, Validation accuracy: 0.6995
Train edge link_right
Epoch: 0, Train loss: 0.9047950857925415, Validation loss: 0.9064678623199462, Validation accuracy: 0.6917
Epoch: 1, Train loss: 0.8833177874374389, Validation loss: 0.9119607635498047, Validation accuracy: 0.6953
Epoch: 2, Train loss: 0.88853411403656, Validation loss: 0.9161500237464905, Validation accuracy: 0.6926
Epoch: 3, Train loss: 0.8842231123161316, Validation loss: 0.9078063821792602, Validation accuracy: 0.6946
Train edge rank_1
Epoch: 0, Train loss: 0.9122093511581421, Validation loss: 0.9085434220314026, Validation accuracy: 0.7122
Epoch: 1, Train loss: 0.88166646484375, Validation loss: 0.8843547311782837, Validation accuracy: 0.7151
Epoch: 2, Train loss: 0.8783825466537476, Validation loss: 0.8824870085716248, Validation accuracy: 0.7164
Epoch: 3, Train loss: 0.8709128602981567, Validation loss: 0.8846093883514404, Validation accuracy: 0.7105
Train edge link_right
Epoch: 0, Train loss: 0.9304545149993897, Validation loss: 0.939754299068451, Validation accuracy: 0.6819
Epoch: 1, Train loss: 0.9277885244750976, Validation loss: 0.9398114849090576, Validation accuracy: 0.6795
Epoch: 2, Train loss: 0.9247063102340698, Validation loss: 0.9594534759521485, Validation accuracy: 0.6876
Epoch: 3, Train loss: 0.930400772819519, Validation loss: 0.9350388652801513, Validation accuracy: 0.6826
Train edge rank_0
Epoch: 0, Train loss: 0.8881883477401733, Validation loss: 0.8626942625045776, Validation accuracy: 0.7203
Epoch: 1, Train loss: 0.8593608610153198, Validation loss: 0.8543189597129822, Validation accuracy: 0.7222
Epoch: 2, Train loss: 0.8557872937393188, Validation loss: 0.8676187783241271, Validation accuracy: 0.7147
Epoch: 3, Train loss: 0.8593279112625122, Validation loss: 0.8615173771858216, Validation accuracy: 0.7188
Train edge rank_2
Epoch: 0, Train loss: 0.9415221523666382, Validation loss: 0.9063458332061768, Validation accuracy: 0.7074
Epoch: 1, Train loss: 0.8884972157478332, Validation loss: 0.9288869707107544, Validation accuracy: 0.7072
Epoch: 2, Train loss: 0.8846277000045777, Validation loss: 0.9037956824302673, Validation accuracy: 0.7101
Epoch: 3, Train loss: 0.8911242292404175, Validation loss: 0.91047903881073, Validation accuracy: 0.7098
Choosen edge rank_0
Train full model
Epoch: 0, Train loss: 0.8275404752540588, Validation loss: 0.864822028541565, Validation accuracy: 0.7371
Epoch: 1, Train loss: 0.7285588396072388, Validation loss: 1.1085959184646605, Validation accuracy: 0.7016
Train edge rank_1
Epoch: 0, Train loss: 0.6992574040985108, Validation loss: 0.7094700573921203, Validation accuracy: 0.7795
Epoch: 1, Train loss: 0.6591425338745117, Validation loss: 0.7155906160354615, Validation accuracy: 0.7804
Epoch: 2, Train loss: 0.6595924988365174, Validation loss: 0.6984155150413514, Validation accuracy: 0.7808
Epoch: 3, Train loss: 0.6646250342559814, Validation loss: 0.7024387418746948, Validation accuracy: 0.7779
Train edge rank_0
Epoch: 0, Train loss: 0.7027797284793854, Validation loss: 0.7756245706558228, Validation accuracy: 0.7819
Epoch: 1, Train loss: 0.6940902070999145, Validation loss: 0.7692403729438781, Validation accuracy: 0.7827
Epoch: 2, Train loss: 0.6890868273353576, Validation loss: 0.767417465019226, Validation accuracy: 0.7827
Epoch: 3, Train loss: 0.6854240903663635, Validation loss: 0.7676707141876221, Validation accuracy: 0.7854
Train edge rank_2
Epoch: 0, Train loss: 0.7106864500045776, Validation loss: 0.7140027550697327, Validation accuracy: 0.7797
Epoch: 1, Train loss: 0.6641245540809632, Validation loss: 0.7058610210418701, Validation accuracy: 0.7796
Epoch: 2, Train loss: 0.667320996723175, Validation loss: 0.7029840101242065, Validation accuracy: 0.7774
Epoch: 3, Train loss: 0.665600173034668, Validation loss: 0.7153439043045043, Validation accuracy: 0.775
Train edge link_right
Epoch: 0, Train loss: 0.6756276712417603, Validation loss: 0.6959701868057251, Validation accuracy: 0.7793
Epoch: 1, Train loss: 0.6549477844429016, Validation loss: 0.707076707458496, Validation accuracy: 0.7834
Epoch: 2, Train loss: 0.6536316349601745, Validation loss: 0.6936490487098694, Validation accuracy: 0.7795
Epoch: 3, Train loss: 0.6530798529624939, Validation loss: 0.6837412006378174, Validation accuracy: 0.7834
Train edge link_right
Epoch: 0, Train loss: 0.695915751247406, Validation loss: 0.7137256459236145, Validation accuracy: 0.7657
Epoch: 1, Train loss: 0.6976672010231018, Validation loss: 0.7261600380897522, Validation accuracy: 0.7696
Epoch: 2, Train loss: 0.6974990517044067, Validation loss: 0.7409153474807739, Validation accuracy: 0.7699
Epoch: 3, Train loss: 0.6853895503044128, Validation loss: 0.7443223618507385, Validation accuracy: 0.7721
Train edge link_right
Epoch: 0, Train loss: 0.693586046924591, Validation loss: 0.7481272881507873, Validation accuracy: 0.7708
Epoch: 1, Train loss: 0.6658569246292114, Validation loss: 0.705501285457611, Validation accuracy: 0.7781
Epoch: 2, Train loss: 0.6581167975616455, Validation loss: 0.69240001745224, Validation accuracy: 0.7848
Epoch: 3, Train loss: 0.6561427566528321, Validation loss: 0.7038209832191468, Validation accuracy: 0.7829
Choosen edge link_right
Train full model
Epoch: 0, Train loss: 0.6919681039047241, Validation loss: 0.7639646018981934, Validation accuracy: 0.7633
Epoch: 1, Train loss: 0.6482593709182739, Validation loss: 0.7367471710205078, Validation accuracy: 0.7857
Train edge link_right
Epoch: 0, Train loss: 0.5877292716026307, Validation loss: 0.6303416595458985, Validation accuracy: 0.802
Epoch: 1, Train loss: 0.574621578464508, Validation loss: 0.6421674037933349, Validation accuracy: 0.8
Epoch: 2, Train loss: 0.5692132130813599, Validation loss: 0.6217375137329102, Validation accuracy: 0.8013
Epoch: 3, Train loss: 0.5720062721633911, Validation loss: 0.6329872690200805, Validation accuracy: 0.8013
Train edge link_right
Epoch: 0, Train loss: 0.5862907613563537, Validation loss: 0.663727579498291, Validation accuracy: 0.7959
Epoch: 1, Train loss: 0.5882494609642028, Validation loss: 0.6462887735366821, Validation accuracy: 0.7992
Epoch: 2, Train loss: 0.5861297319221497, Validation loss: 0.645630694770813, Validation accuracy: 0.7986
Epoch: 3, Train loss: 0.587888930644989, Validation loss: 0.660272986984253, Validation accuracy: 0.7973
Train edge rank_1
Epoch: 0, Train loss: 0.6492934016609192, Validation loss: 0.6631463147163391, Validation accuracy: 0.7994
Epoch: 1, Train loss: 0.5773174218177796, Validation loss: 0.6374972244262695, Validation accuracy: 0.7992
Epoch: 2, Train loss: 0.5752948052787781, Validation loss: 0.6383467428207398, Validation accuracy: 0.7996
Epoch: 3, Train loss: 0.5784561859989166, Validation loss: 0.628722673034668, Validation accuracy: 0.8001
Train edge rank_2
Epoch: 0, Train loss: 1.2634599303817748, Validation loss: 0.7016744962692261, Validation accuracy: 0.7938
Epoch: 1, Train loss: 0.5985330394935607, Validation loss: 0.6790016059875488, Validation accuracy: 0.796
Epoch: 2, Train loss: 0.5840981017684936, Validation loss: 0.656406583404541, Validation accuracy: 0.799
Epoch: 3, Train loss: 0.5796871277236938, Validation loss: 0.6290642467498779, Validation accuracy: 0.8019
Train edge rank_0
Epoch: 0, Train loss: 0.59368985871315, Validation loss: 0.6705665637969971, Validation accuracy: 0.8034
Epoch: 1, Train loss: 0.5832100040054321, Validation loss: 0.669167851638794, Validation accuracy: 0.8003
Epoch: 2, Train loss: 0.585378518447876, Validation loss: 0.6650041919708252, Validation accuracy: 0.8005
Epoch: 3, Train loss: 0.5832424489402771, Validation loss: 0.659377971458435, Validation accuracy: 0.8008
Train edge link_right
Epoch: 0, Train loss: 0.5898811110877991, Validation loss: 0.635099178981781, Validation accuracy: 0.8008
Epoch: 1, Train loss: 0.5734262393951416, Validation loss: 0.6581494510650635, Validation accuracy: 0.7975
Epoch: 2, Train loss: 0.5699575754165649, Validation loss: 0.6313010974884034, Validation accuracy: 0.8031
Epoch: 3, Train loss: 0.5742379674911499, Validation loss: 0.640686146736145, Validation accuracy: 0.802
Choosen edge link_right
Train full model
Epoch: 0, Train loss: 0.6226794703292847, Validation loss: 0.7329269527435303, Validation accuracy: 0.7912
Epoch: 1, Train loss: 0.5802837286472321, Validation loss: 0.6879789273262024, Validation accuracy: 0.7923
Train edge link_right
Epoch: 0, Train loss: 0.5242431979751587, Validation loss: 0.6125586856842041, Validation accuracy: 0.8169
Epoch: 1, Train loss: 0.5161619439506531, Validation loss: 0.6014629746437072, Validation accuracy: 0.8162
Epoch: 2, Train loss: 0.5108414446640015, Validation loss: 0.5995156852722168, Validation accuracy: 0.8171
Epoch: 3, Train loss: 0.5103372159576416, Validation loss: 0.6080941565513611, Validation accuracy: 0.8169
Train edge rank_1
Epoch: 0, Train loss: 0.5624597277736664, Validation loss: 0.6492140299797058, Validation accuracy: 0.8114
Epoch: 1, Train loss: 0.5401151198959351, Validation loss: 0.62292703332901, Validation accuracy: 0.8137
Epoch: 2, Train loss: 0.5274060851383209, Validation loss: 0.611757569694519, Validation accuracy: 0.8138
Epoch: 3, Train loss: 0.5219967010307311, Validation loss: 0.612454363822937, Validation accuracy: 0.8145
Train edge rank_0
Epoch: 0, Train loss: 0.530535139541626, Validation loss: 0.6238090339660645, Validation accuracy: 0.8145
Epoch: 1, Train loss: 0.5229274934959411, Validation loss: 0.6292121724128723, Validation accuracy: 0.8145
Epoch: 2, Train loss: 0.5197850652313233, Validation loss: 0.6288411736488342, Validation accuracy: 0.8152
Epoch: 3, Train loss: 0.5214303490829468, Validation loss: 0.6191912493705749, Validation accuracy: 0.8167
Train edge link_right
Epoch: 0, Train loss: 0.5437466907310485, Validation loss: 0.6055775553703308, Validation accuracy: 0.8112
Epoch: 1, Train loss: 0.5414076440048218, Validation loss: 0.6222268241882324, Validation accuracy: 0.8119
Epoch: 2, Train loss: 0.5381485859298706, Validation loss: 0.6192444067001343, Validation accuracy: 0.8131
Epoch: 3, Train loss: 0.5381787114524841, Validation loss: 0.6212690443992614, Validation accuracy: 0.8133
Train edge rank_2
Epoch: 0, Train loss: 0.5558832433700561, Validation loss: 0.636720424079895, Validation accuracy: 0.8091
Epoch: 1, Train loss: 0.5363505966949463, Validation loss: 0.612117011642456, Validation accuracy: 0.8162
Epoch: 2, Train loss: 0.5282079237747193, Validation loss: 0.6159140767097473, Validation accuracy: 0.8141
Epoch: 3, Train loss: 0.5216919958591462, Validation loss: 0.6156722007751465, Validation accuracy: 0.8156
Train edge link_right
Epoch: 0, Train loss: 0.5299756381607056, Validation loss: 0.6121019680976868, Validation accuracy: 0.8157
Epoch: 1, Train loss: 0.51770035364151, Validation loss: 0.6205108241081237, Validation accuracy: 0.8162
Epoch: 2, Train loss: 0.514778385848999, Validation loss: 0.5994167163848877, Validation accuracy: 0.8175
Epoch: 3, Train loss: 0.5153286030769348, Validation loss: 0.6094230600357056, Validation accuracy: 0.8154
Choosen edge link_right
Train full model
Epoch: 0, Train loss: 0.5812594550704956, Validation loss: 0.619850482559204, Validation accuracy: 0.8129
Epoch: 1, Train loss: 0.5371583631896972, Validation loss: 0.6189659350395202, Validation accuracy: 0.8113
Train edge rank_2
Epoch: 0, Train loss: 0.5924153045654297, Validation loss: 0.5999302164077759, Validation accuracy: 0.8222
Epoch: 1, Train loss: 0.48518092430114745, Validation loss: 0.5889724998474121, Validation accuracy: 0.8213
Epoch: 2, Train loss: 0.4836561735153198, Validation loss: 0.6007000394821167, Validation accuracy: 0.8186
Epoch: 3, Train loss: 0.4815603976249695, Validation loss: 0.5920323634147644, Validation accuracy: 0.8199
Train edge link_right
Epoch: 0, Train loss: 0.49375758670806885, Validation loss: 0.5770071091651916, Validation accuracy: 0.8194
Epoch: 1, Train loss: 0.4854472828578949, Validation loss: 0.5815062100410462, Validation accuracy: 0.8225
Epoch: 2, Train loss: 0.4763944929695129, Validation loss: 0.5755778106689453, Validation accuracy: 0.8233
Epoch: 3, Train loss: 0.4833202915382385, Validation loss: 0.5731761470794677, Validation accuracy: 0.8228
Train edge rank_1
Epoch: 0, Train loss: 0.5200927262020111, Validation loss: 0.5769025816917419, Validation accuracy: 0.8205
Epoch: 1, Train loss: 0.482684840221405, Validation loss: 0.5753578355789185, Validation accuracy: 0.822
Epoch: 2, Train loss: 0.4852275372314453, Validation loss: 0.5773922073364258, Validation accuracy: 0.8231
Epoch: 3, Train loss: 0.48303886299133303, Validation loss: 0.5795295174598694, Validation accuracy: 0.822
Train edge rank_0
Epoch: 0, Train loss: 0.4945309829521179, Validation loss: 0.584870339012146, Validation accuracy: 0.8224
Epoch: 1, Train loss: 0.479144891910553, Validation loss: 0.5754841475486755, Validation accuracy: 0.8255
Epoch: 2, Train loss: 0.47730652845382693, Validation loss: 0.5786865859985352, Validation accuracy: 0.8263
Epoch: 3, Train loss: 0.4722495412635803, Validation loss: 0.5740923651695251, Validation accuracy: 0.8285
Train edge link_right
Epoch: 0, Train loss: 0.4900043062400818, Validation loss: 0.5756815237998962, Validation accuracy: 0.8213
Epoch: 1, Train loss: 0.4795541354942322, Validation loss: 0.5769549784660339, Validation accuracy: 0.8227
Epoch: 2, Train loss: 0.4737301104545593, Validation loss: 0.5825952541351318, Validation accuracy: 0.8212
Epoch: 3, Train loss: 0.4730826414871216, Validation loss: 0.579879020690918, Validation accuracy: 0.8225
Train edge link_right
Epoch: 0, Train loss: 0.48596002517700193, Validation loss: 0.5818505827903747, Validation accuracy: 0.8181
Epoch: 1, Train loss: 0.48806971053123477, Validation loss: 0.5818051817893982, Validation accuracy: 0.82
Epoch: 2, Train loss: 0.48402617916107177, Validation loss: 0.6065664501190186, Validation accuracy: 0.8188
Epoch: 3, Train loss: 0.48722155660629274, Validation loss: 0.5805141201019287, Validation accuracy: 0.8172
Choosen edge link_right
Train full model
Epoch: 0, Train loss: 0.5225395664405823, Validation loss: 0.681272203540802, Validation accuracy: 0.7907
Epoch: 1, Train loss: 0.5078925997066498, Validation loss: 0.7009393494606018, Validation accuracy: 0.7923
Train edge rank_1
Epoch: 0, Train loss: 0.4758327241516113, Validation loss: 0.5625821885108948, Validation accuracy: 0.8281
Epoch: 1, Train loss: 0.4663367375946045, Validation loss: 0.5540815846443177, Validation accuracy: 0.831
Epoch: 2, Train loss: 0.4656047883605957, Validation loss: 0.5491820320129395, Validation accuracy: 0.833
Epoch: 3, Train loss: 0.4575216944026947, Validation loss: 0.5535641268730164, Validation accuracy: 0.8305
Train edge link_right
Epoch: 0, Train loss: 0.4708213861846924, Validation loss: 0.5709014544487, Validation accuracy: 0.8266
Epoch: 1, Train loss: 0.4729670606803894, Validation loss: 0.5891205751419067, Validation accuracy: 0.8251
Epoch: 2, Train loss: 0.47175736598014834, Validation loss: 0.5769401305198669, Validation accuracy: 0.827
Epoch: 3, Train loss: 0.4717731783103943, Validation loss: 0.5765191339492798, Validation accuracy: 0.826
Train edge rank_0
Epoch: 0, Train loss: 0.46362201148986815, Validation loss: 0.5543291449546814, Validation accuracy: 0.8335
Epoch: 1, Train loss: 0.4591497332191467, Validation loss: 0.5520564051628113, Validation accuracy: 0.8327
Epoch: 2, Train loss: 0.4527855914020538, Validation loss: 0.5513134647369384, Validation accuracy: 0.8329
Epoch: 3, Train loss: 0.4523507754135132, Validation loss: 0.5522238986968994, Validation accuracy: 0.833
Train edge link_right
Epoch: 0, Train loss: 0.46534963730812073, Validation loss: 0.554261483001709, Validation accuracy: 0.8338
Epoch: 1, Train loss: 0.4520334025192261, Validation loss: 0.5517444019317627, Validation accuracy: 0.8321
Epoch: 2, Train loss: 0.45040143249511716, Validation loss: 0.5495730193138123, Validation accuracy: 0.8331
Epoch: 3, Train loss: 0.4532549701118469, Validation loss: 0.5543167605400086, Validation accuracy: 0.8346
Train edge link_right
Epoch: 0, Train loss: 0.47083329080581665, Validation loss: 0.5599867199897766, Validation accuracy: 0.8311
Epoch: 1, Train loss: 0.45317174741745, Validation loss: 0.5548713562011719, Validation accuracy: 0.8338
Epoch: 2, Train loss: 0.44822348711013793, Validation loss: 0.5560634071350098, Validation accuracy: 0.8332
Epoch: 3, Train loss: 0.44660053075790407, Validation loss: 0.5494506129264831, Validation accuracy: 0.8331
Train edge rank_2
Epoch: 0, Train loss: 0.5428553653907776, Validation loss: 0.5631802362442017, Validation accuracy: 0.8298
Epoch: 1, Train loss: 0.46272247527122495, Validation loss: 0.5606074007034302, Validation accuracy: 0.8302
Epoch: 2, Train loss: 0.4592498218727112, Validation loss: 0.5688027038574218, Validation accuracy: 0.8327
Epoch: 3, Train loss: 0.4644572515296936, Validation loss: 0.5658167247772217, Validation accuracy: 0.8303
Choosen edge link_right
Train full model
Epoch: 0, Train loss: 0.49953511488914487, Validation loss: 0.6294297115802765, Validation accuracy: 0.8194
Epoch: 1, Train loss: 0.4777375423240662, Validation loss: 0.6075205687522888, Validation accuracy: 0.8263
Train edge rank_2
Epoch: 0, Train loss: 0.9197849260139466, Validation loss: 0.6133291260719299, Validation accuracy: 0.8252
Epoch: 1, Train loss: 0.4464783339881897, Validation loss: 0.6025421131134033, Validation accuracy: 0.8343
Epoch: 2, Train loss: 0.43632759694099427, Validation loss: 0.5870393279075623, Validation accuracy: 0.8381
Epoch: 3, Train loss: 0.4306606427574158, Validation loss: 0.5447525032043457, Validation accuracy: 0.8355
Train edge link_right
Epoch: 0, Train loss: 0.42950834639549257, Validation loss: 0.5558203919887543, Validation accuracy: 0.8354
Epoch: 1, Train loss: 0.4156243293571472, Validation loss: 0.5374413521289826, Validation accuracy: 0.8367
Epoch: 2, Train loss: 0.41296042158126833, Validation loss: 0.5243967138767243, Validation accuracy: 0.8386
Epoch: 3, Train loss: 0.40747376108169553, Validation loss: 0.5288627189159393, Validation accuracy: 0.8387
Train edge rank_1
Epoch: 0, Train loss: 0.449742306098938, Validation loss: 0.5868378694534302, Validation accuracy: 0.8365
Epoch: 1, Train loss: 0.42626221281051635, Validation loss: 0.5631993430137634, Validation accuracy: 0.8379
Epoch: 2, Train loss: 0.4166849834251404, Validation loss: 0.5485936147689819, Validation accuracy: 0.8379
Epoch: 3, Train loss: 0.4187703674030304, Validation loss: 0.5401544199943542, Validation accuracy: 0.8387
Train edge link_right
Epoch: 0, Train loss: 0.4253422237968445, Validation loss: 0.5573231349945068, Validation accuracy: 0.8342
Epoch: 1, Train loss: 0.42356820834159853, Validation loss: 0.6043054175376892, Validation accuracy: 0.8338
Epoch: 2, Train loss: 0.4254883527469635, Validation loss: 0.5379548797607422, Validation accuracy: 0.8335
Epoch: 3, Train loss: 0.4258797820663452, Validation loss: 0.5410545290946961, Validation accuracy: 0.8324
Train edge rank_0
Epoch: 0, Train loss: 0.4310287849473953, Validation loss: 0.5704221228122711, Validation accuracy: 0.8357
Epoch: 1, Train loss: 0.41755610229492185, Validation loss: 0.5646168374061584, Validation accuracy: 0.8378
Epoch: 2, Train loss: 0.42079738954544066, Validation loss: 0.5603883522033691, Validation accuracy: 0.8372
Epoch: 3, Train loss: 0.41742290048599245, Validation loss: 0.5594323267936706, Validation accuracy: 0.8355
Train edge link_right
Epoch: 0, Train loss: 0.4338658256959915, Validation loss: 0.5601827624320984, Validation accuracy: 0.8366
Epoch: 1, Train loss: 0.4145427337551117, Validation loss: 0.5408287110805512, Validation accuracy: 0.8377
Epoch: 2, Train loss: 0.4086101476860046, Validation loss: 0.5417888873577118, Validation accuracy: 0.8395
Epoch: 3, Train loss: 0.4083816428852081, Validation loss: 0.5413747747421265, Validation accuracy: 0.8386
Choosen edge link_right
Train full model
Epoch: 0, Train loss: 0.46571955196380616, Validation loss: 0.5729116639614106, Validation accuracy: 0.8117
Epoch: 1, Train loss: 0.45786221561431883, Validation loss: 0.5415204837799072, Validation accuracy: 0.8311
Train edge rank_2
Epoch: 0, Train loss: 0.5071065945339203, Validation loss: 0.5174616777420044, Validation accuracy: 0.8437
Epoch: 1, Train loss: 0.4009048136329651, Validation loss: 0.5235439608573914, Validation accuracy: 0.8454
Epoch: 2, Train loss: 0.393679578962326, Validation loss: 0.5239183586120606, Validation accuracy: 0.8471
Epoch: 3, Train loss: 0.39243619019508363, Validation loss: 0.520832402229309, Validation accuracy: 0.846
Train edge link_right
Epoch: 0, Train loss: 0.3993511566734314, Validation loss: 0.5148871364593506, Validation accuracy: 0.8469
Epoch: 1, Train loss: 0.3912289915466309, Validation loss: 0.5254312152862549, Validation accuracy: 0.848
Epoch: 2, Train loss: 0.38599374324798585, Validation loss: 0.5188465853691101, Validation accuracy: 0.8489
Epoch: 3, Train loss: 0.3842119919776916, Validation loss: 0.5166692279815673, Validation accuracy: 0.8491
Train edge rank_1
Epoch: 0, Train loss: 0.4226867777442932, Validation loss: 0.509036125087738, Validation accuracy: 0.8438
Epoch: 1, Train loss: 0.40826351847648623, Validation loss: 0.5054055908203124, Validation accuracy: 0.8473
Epoch: 2, Train loss: 0.3972176083278656, Validation loss: 0.5024946555137634, Validation accuracy: 0.8481
Epoch: 3, Train loss: 0.3998718132972717, Validation loss: 0.5058601789474487, Validation accuracy: 0.8469
Train edge link_right
Epoch: 0, Train loss: 0.396225166721344, Validation loss: 0.5165218454360961, Validation accuracy: 0.8469
Epoch: 1, Train loss: 0.3880759247684479, Validation loss: 0.5208348719596863, Validation accuracy: 0.8467
Epoch: 2, Train loss: 0.38532342852592466, Validation loss: 0.5199356515884399, Validation accuracy: 0.8485
Epoch: 3, Train loss: 0.38642282163619995, Validation loss: 0.5171230193138122, Validation accuracy: 0.8487
Train edge rank_0
Epoch: 0, Train loss: 0.4054640760612488, Validation loss: 0.5201030624389649, Validation accuracy: 0.8473
Epoch: 1, Train loss: 0.39352705160140994, Validation loss: 0.5157116662025452, Validation accuracy: 0.8488
Epoch: 2, Train loss: 0.3881622998046875, Validation loss: 0.5099911797523499, Validation accuracy: 0.8498
Epoch: 3, Train loss: 0.3863339193725586, Validation loss: 0.5075002875328064, Validation accuracy: 0.8504
Train edge link_right
Epoch: 0, Train loss: 0.39889621193885805, Validation loss: 0.5242750405311585, Validation accuracy: 0.8437
Epoch: 1, Train loss: 0.3990799550151825, Validation loss: 0.5337612722396851, Validation accuracy: 0.8416
Epoch: 2, Train loss: 0.39918306077957155, Validation loss: 0.5350910134315491, Validation accuracy: 0.8438
Epoch: 3, Train loss: 0.398480453453064, Validation loss: 0.5140328203201294, Validation accuracy: 0.84
Choosen edge link_right
Train full model
Epoch: 0, Train loss: 0.4382318028259277, Validation loss: 0.629117112159729, Validation accuracy: 0.8394
Epoch: 1, Train loss: 0.42937650007247924, Validation loss: 0.6308623499870301, Validation accuracy: 0.8233
Train edge rank_0
Epoch: 0, Train loss: 0.4015968993091583, Validation loss: 0.5510537591934204, Validation accuracy: 0.848
Epoch: 1, Train loss: 0.38781155405044554, Validation loss: 0.5410459981918335, Validation accuracy: 0.8489
Epoch: 2, Train loss: 0.38783254558563235, Validation loss: 0.5385599591255188, Validation accuracy: 0.8494
Epoch: 3, Train loss: 0.38630180055618285, Validation loss: 0.5394818402290344, Validation accuracy: 0.8496
Train edge link_right
Epoch: 0, Train loss: 0.4027281991386414, Validation loss: 0.5309839343070983, Validation accuracy: 0.8448
Epoch: 1, Train loss: 0.38630529399871827, Validation loss: 0.5237776950836182, Validation accuracy: 0.8473
Epoch: 2, Train loss: 0.3798472896575928, Validation loss: 0.5150566349029541, Validation accuracy: 0.8481
Epoch: 3, Train loss: 0.3790524272251129, Validation loss: 0.5154717401504516, Validation accuracy: 0.8493
Train edge rank_2
Epoch: 0, Train loss: 0.48552885256767275, Validation loss: 0.5436873363494873, Validation accuracy: 0.8462
Epoch: 1, Train loss: 0.39190190752983095, Validation loss: 0.5282059885978698, Validation accuracy: 0.8482
Epoch: 2, Train loss: 0.3875722504997253, Validation loss: 0.5212306885719299, Validation accuracy: 0.848
Epoch: 3, Train loss: 0.3875049666595459, Validation loss: 0.5234280843734741, Validation accuracy: 0.8477
Train edge link_right
Epoch: 0, Train loss: 0.3931816100025177, Validation loss: 0.5226728213310242, Validation accuracy: 0.8465
Epoch: 1, Train loss: 0.38587823671340943, Validation loss: 0.5142972950935364, Validation accuracy: 0.8502
Epoch: 2, Train loss: 0.37964397267341615, Validation loss: 0.517921181678772, Validation accuracy: 0.8475
Epoch: 3, Train loss: 0.3808249299812317, Validation loss: 0.5208477767944336, Validation accuracy: 0.8484
Train edge link_right
Epoch: 0, Train loss: 0.4035626569080353, Validation loss: 0.5411554545402527, Validation accuracy: 0.8449
Epoch: 1, Train loss: 0.40192179759025576, Validation loss: 0.5509705868721009, Validation accuracy: 0.8432
Epoch: 2, Train loss: 0.400969501581192, Validation loss: 0.5479728863716126, Validation accuracy: 0.8426
Epoch: 3, Train loss: 0.39700582386016847, Validation loss: 0.536554594707489, Validation accuracy: 0.8424
Train edge rank_1
Epoch: 0, Train loss: 0.4064031293106079, Validation loss: 0.5542288949966431, Validation accuracy: 0.8454
Epoch: 1, Train loss: 0.3944567973899841, Validation loss: 0.5444067107200623, Validation accuracy: 0.8485
Epoch: 2, Train loss: 0.3867060575962067, Validation loss: 0.5431963618278504, Validation accuracy: 0.8491
Epoch: 3, Train loss: 0.39107634363174437, Validation loss: 0.5442520688056945, Validation accuracy: 0.848
Choosen edge link_right
Train full model
Epoch: 0, Train loss: 0.41712255323410036, Validation loss: 0.5876805438995362, Validation accuracy: 0.837
Epoch: 1, Train loss: 0.40358279140472414, Validation loss: 0.5598508064270019, Validation accuracy: 0.8349
Train edge rank_0
Epoch: 0, Train loss: 0.37761195155620575, Validation loss: 0.5217321773529052, Validation accuracy: 0.8514
Epoch: 1, Train loss: 0.36303308881759644, Validation loss: 0.523781885433197, Validation accuracy: 0.8528
Epoch: 2, Train loss: 0.3670885569381714, Validation loss: 0.5281039434432984, Validation accuracy: 0.8496
Epoch: 3, Train loss: 0.36890894332885743, Validation loss: 0.5202470856666565, Validation accuracy: 0.8518
Train edge link_right
Epoch: 0, Train loss: 0.37368743093490603, Validation loss: 0.508394985294342, Validation accuracy: 0.8515
Epoch: 1, Train loss: 0.36342284669876096, Validation loss: 0.5041671422958374, Validation accuracy: 0.8527
Epoch: 2, Train loss: 0.36216281506061554, Validation loss: 0.5075913959503174, Validation accuracy: 0.8522
Epoch: 3, Train loss: 0.36015065273284913, Validation loss: 0.5098951484680175, Validation accuracy: 0.8542
Train edge link_right
Epoch: 0, Train loss: 0.38098696266174314, Validation loss: 0.5273527996063232, Validation accuracy: 0.8495
Epoch: 1, Train loss: 0.3792708970832825, Validation loss: 0.5470529642105103, Validation accuracy: 0.8504
Epoch: 2, Train loss: 0.3811586483287811, Validation loss: 0.5429535273551941, Validation accuracy: 0.8489
Epoch: 3, Train loss: 0.38096771023750303, Validation loss: 0.5176562951087952, Validation accuracy: 0.851
Train edge rank_2
Epoch: 0, Train loss: 0.4063668008518219, Validation loss: 0.5116188649177551, Validation accuracy: 0.8505
Epoch: 1, Train loss: 0.3717670009803772, Validation loss: 0.5202635259628295, Validation accuracy: 0.8511
Epoch: 2, Train loss: 0.3707400112533569, Validation loss: 0.5101829968452454, Validation accuracy: 0.8523
Epoch: 3, Train loss: 0.3734848536491394, Validation loss: 0.5214534384727478, Validation accuracy: 0.8494
Train edge link_right
Epoch: 0, Train loss: 0.3721888911819458, Validation loss: 0.5012297686576843, Validation accuracy: 0.8544
Epoch: 1, Train loss: 0.3630665831947327, Validation loss: 0.5067314033508301, Validation accuracy: 0.853
Epoch: 2, Train loss: 0.3604439765930176, Validation loss: 0.5059659553527832, Validation accuracy: 0.8543
Epoch: 3, Train loss: 0.357627859954834, Validation loss: 0.5099068088531494, Validation accuracy: 0.8542
Train edge rank_1
Epoch: 0, Train loss: 0.634562612247467, Validation loss: 0.5173490854263305, Validation accuracy: 0.8461
Epoch: 1, Train loss: 0.3780758376121521, Validation loss: 0.5196426946640015, Validation accuracy: 0.8511
Epoch: 2, Train loss: 0.3731707642173767, Validation loss: 0.5266530195236206, Validation accuracy: 0.8498
Epoch: 3, Train loss: 0.3678594404888153, Validation loss: 0.5181841045379638, Validation accuracy: 0.852
Choosen edge link_right
Train full model
Epoch: 0, Train loss: 0.38610202900886537, Validation loss: 0.5835827755928039, Validation accuracy: 0.8307
Epoch: 1, Train loss: 0.38822634413719176, Validation loss: 0.5178022938728333, Validation accuracy: 0.8322
Train edge link_right
Epoch: 0, Train loss: 0.36558696029663085, Validation loss: 0.5018482038497925, Validation accuracy: 0.8547
Epoch: 1, Train loss: 0.3356363895893097, Validation loss: 0.507100990486145, Validation accuracy: 0.8562
Epoch: 2, Train loss: 0.3350832476902008, Validation loss: 0.5019510354995728, Validation accuracy: 0.8544
Epoch: 3, Train loss: 0.33517864147186277, Validation loss: 0.5023445075035096, Validation accuracy: 0.8544
Train edge rank_1
Epoch: 0, Train loss: 0.38344531375408175, Validation loss: 0.48192758798599244, Validation accuracy: 0.8481
Epoch: 1, Train loss: 0.367312269744873, Validation loss: 0.48446458444595336, Validation accuracy: 0.8494
Epoch: 2, Train loss: 0.3572060032653809, Validation loss: 0.48044940567016603, Validation accuracy: 0.8518
Epoch: 3, Train loss: 0.35108706715583804, Validation loss: 0.48296215858459474, Validation accuracy: 0.8496
Train edge rank_2
Epoch: 0, Train loss: 0.4254846213150024, Validation loss: 0.47703053340911866, Validation accuracy: 0.8514
Epoch: 1, Train loss: 0.35854619596481324, Validation loss: 0.47942388553619386, Validation accuracy: 0.8503
Epoch: 2, Train loss: 0.34930831612586977, Validation loss: 0.4895955348968506, Validation accuracy: 0.8531
Epoch: 3, Train loss: 0.3440426862812042, Validation loss: 0.5029894529342651, Validation accuracy: 0.8504
Train edge link_right
Epoch: 0, Train loss: 0.35058678201675414, Validation loss: 0.5219585618019104, Validation accuracy: 0.8489
Epoch: 1, Train loss: 0.34703164670944214, Validation loss: 0.48717086362838746, Validation accuracy: 0.8523
Epoch: 2, Train loss: 0.3509221163225174, Validation loss: 0.5084912008285523, Validation accuracy: 0.8497
Epoch: 3, Train loss: 0.34838552670478823, Validation loss: 0.520832718372345, Validation accuracy: 0.8498
Train edge rank_0
Epoch: 0, Train loss: 0.3645887692546845, Validation loss: 0.48003080768585205, Validation accuracy: 0.8501
Epoch: 1, Train loss: 0.35219798585891726, Validation loss: 0.4773324989318848, Validation accuracy: 0.8513
Epoch: 2, Train loss: 0.35106379850387576, Validation loss: 0.47287887115478516, Validation accuracy: 0.8528
Epoch: 3, Train loss: 0.34871099838256836, Validation loss: 0.47637899951934815, Validation accuracy: 0.8522
Train edge link_right
Epoch: 0, Train loss: 0.36385711020469663, Validation loss: 0.49249484128952026, Validation accuracy: 0.851
Epoch: 1, Train loss: 0.3396659465312958, Validation loss: 0.48913118104934694, Validation accuracy: 0.8539
Epoch: 2, Train loss: 0.336739918718338, Validation loss: 0.4939777286529541, Validation accuracy: 0.8548
Epoch: 3, Train loss: 0.3351250768184662, Validation loss: 0.5000553126335144, Validation accuracy: 0.8552
Choosen edge link_right
Train full model
Epoch: 0, Train loss: 0.3807360947036743, Validation loss: 0.5640930197238923, Validation accuracy: 0.8272
Epoch: 1, Train loss: 0.37586581285476683, Validation loss: 0.5530024576187134, Validation accuracy: 0.8642
Train edge rank_2
Epoch: 0, Train loss: 0.36365167179107666, Validation loss: 0.5435751987457276, Validation accuracy: 0.8663
Epoch: 1, Train loss: 0.31243165603637696, Validation loss: 0.4870819836616516, Validation accuracy: 0.8644
Epoch: 2, Train loss: 0.30548471617221834, Validation loss: 0.4863823920249939, Validation accuracy: 0.8663
Epoch: 3, Train loss: 0.30073678318977354, Validation loss: 0.500959718132019, Validation accuracy: 0.8648
Train edge link_right
Epoch: 0, Train loss: 0.31153429697036744, Validation loss: 0.501003936958313, Validation accuracy: 0.865
Epoch: 1, Train loss: 0.3071379163360596, Validation loss: 0.4864714163780212, Validation accuracy: 0.8663
Epoch: 2, Train loss: 0.3075903735256195, Validation loss: 0.4730001877784729, Validation accuracy: 0.8646
Epoch: 3, Train loss: 0.30542767624855044, Validation loss: 0.47546220808029177, Validation accuracy: 0.8657
Train edge rank_0
Epoch: 0, Train loss: 0.30789010238647463, Validation loss: 0.5211363988876343, Validation accuracy: 0.8674
Epoch: 1, Train loss: 0.3039468239879608, Validation loss: 0.5156358470916748, Validation accuracy: 0.8666
Epoch: 2, Train loss: 0.30182330949783326, Validation loss: 0.524563938331604, Validation accuracy: 0.8675
Epoch: 3, Train loss: 0.3011825205039978, Validation loss: 0.525646148109436, Validation accuracy: 0.8667
Train edge link_right
Epoch: 0, Train loss: 0.3081066897583008, Validation loss: 0.4968788559913635, Validation accuracy: 0.8674
Epoch: 1, Train loss: 0.2992239500808716, Validation loss: 0.4757467606544495, Validation accuracy: 0.864
Epoch: 2, Train loss: 0.29588586431503294, Validation loss: 0.48149454870224, Validation accuracy: 0.8647
Epoch: 3, Train loss: 0.29567416272163394, Validation loss: 0.4851497844696045, Validation accuracy: 0.8661
Train edge rank_1
Epoch: 0, Train loss: 0.43696917185783385, Validation loss: 0.5140197243690491, Validation accuracy: 0.8671
Epoch: 1, Train loss: 0.3059430842685699, Validation loss: 0.49454250698089597, Validation accuracy: 0.8663
Epoch: 2, Train loss: 0.30263723806381226, Validation loss: 0.49509254083633425, Validation accuracy: 0.8675
Epoch: 3, Train loss: 0.29610214486122133, Validation loss: 0.48744112157821656, Validation accuracy: 0.8659
Train edge link_right
Epoch: 0, Train loss: 0.3107278870010376, Validation loss: 0.4851523342132568, Validation accuracy: 0.8678
Epoch: 1, Train loss: 0.30065770946502685, Validation loss: 0.4926881248474121, Validation accuracy: 0.8665
Epoch: 2, Train loss: 0.29665293689727784, Validation loss: 0.4804349981307983, Validation accuracy: 0.867
Epoch: 3, Train loss: 0.2970996038913727, Validation loss: 0.48705875034332274, Validation accuracy: 0.8669
Choosen edge link_right
Train full model
Epoch: 0, Train loss: 0.3599160460615158, Validation loss: 0.6100478851318359, Validation accuracy: 0.8392
Epoch: 1, Train loss: 0.3470421049880981, Validation loss: 0.5407771940231323, Validation accuracy: 0.8584
Train edge link_right
Epoch: 0, Train loss: 0.29806943073272707, Validation loss: 0.5086127588272095, Validation accuracy: 0.8644
Epoch: 1, Train loss: 0.2923121887683868, Validation loss: 0.5112131929397583, Validation accuracy: 0.8641
Epoch: 2, Train loss: 0.2950261408519745, Validation loss: 0.49222202835083007, Validation accuracy: 0.8641
Epoch: 3, Train loss: 0.2982864455986023, Validation loss: 0.49782428169250487, Validation accuracy: 0.8639
Train edge rank_2
Epoch: 0, Train loss: 0.40624565065860746, Validation loss: 0.4936466703414917, Validation accuracy: 0.866
Epoch: 1, Train loss: 0.2866043182373047, Validation loss: 0.49456705799102785, Validation accuracy: 0.8676
Epoch: 2, Train loss: 0.2887782418727875, Validation loss: 0.4915439931869507, Validation accuracy: 0.866
Epoch: 3, Train loss: 0.2881405240535736, Validation loss: 0.48807275772094727, Validation accuracy: 0.8669
Train edge rank_1
Epoch: 0, Train loss: 0.30850783628463746, Validation loss: 0.5077731546401978, Validation accuracy: 0.8657
Epoch: 1, Train loss: 0.29656845086097716, Validation loss: 0.5137109512329101, Validation accuracy: 0.8624
Epoch: 2, Train loss: 0.2926474276638031, Validation loss: 0.5009862455368042, Validation accuracy: 0.8667
Epoch: 3, Train loss: 0.2849618182563782, Validation loss: 0.4997042028427124, Validation accuracy: 0.8672
Train edge rank_0
Epoch: 0, Train loss: 0.2951721172904968, Validation loss: 0.5184451204299927, Validation accuracy: 0.8673
Epoch: 1, Train loss: 0.28584112000465395, Validation loss: 0.512405198097229, Validation accuracy: 0.8678
Epoch: 2, Train loss: 0.2895267096328735, Validation loss: 0.5084605255126953, Validation accuracy: 0.8681
Epoch: 3, Train loss: 0.2869283679103851, Validation loss: 0.504160432434082, Validation accuracy: 0.8689
Train edge link_right
Epoch: 0, Train loss: 0.2969439598274231, Validation loss: 0.4918977979660034, Validation accuracy: 0.8661
Epoch: 1, Train loss: 0.29175088205337524, Validation loss: 0.48740636043548585, Validation accuracy: 0.8686
Epoch: 2, Train loss: 0.28822652304649354, Validation loss: 0.489668207359314, Validation accuracy: 0.8668
Epoch: 3, Train loss: 0.28561179395675657, Validation loss: 0.4879938465118408, Validation accuracy: 0.8682
Train edge link_right
Epoch: 0, Train loss: 0.2912989657497406, Validation loss: 0.4903710777282715, Validation accuracy: 0.8686
Epoch: 1, Train loss: 0.2897306317901611, Validation loss: 0.48628319339752196, Validation accuracy: 0.8665
Epoch: 2, Train loss: 0.2861503472900391, Validation loss: 0.4884141757965088, Validation accuracy: 0.8676
Epoch: 3, Train loss: 0.28470298079490663, Validation loss: 0.4917921648025513, Validation accuracy: 0.8681
Choosen edge link_right
Train full model
Epoch: 0, Train loss: 0.3369856593894959, Validation loss: 0.528175198173523, Validation accuracy: 0.8474
Epoch: 1, Train loss: 0.33759847131729126, Validation loss: 0.6513746213912964, Validation accuracy: 0.843
Train edge link_right
Epoch: 0, Train loss: 0.31642381074905396, Validation loss: 0.509146732711792, Validation accuracy: 0.8646
Epoch: 1, Train loss: 0.3125270080947876, Validation loss: 0.5122074953079223, Validation accuracy: 0.8665
Epoch: 2, Train loss: 0.3088088265514374, Validation loss: 0.49397406349182127, Validation accuracy: 0.8647
Epoch: 3, Train loss: 0.30976666642189027, Validation loss: 0.5327548974990844, Validation accuracy: 0.8647
Train edge link_right
Epoch: 0, Train loss: 0.30128414684295657, Validation loss: 0.48932209720611575, Validation accuracy: 0.8687
Epoch: 1, Train loss: 0.2898122574615479, Validation loss: 0.49669871377944946, Validation accuracy: 0.8684
Epoch: 2, Train loss: 0.2887502451324463, Validation loss: 0.4864895186424255, Validation accuracy: 0.8692
Epoch: 3, Train loss: 0.289079629778862, Validation loss: 0.47960206832885743, Validation accuracy: 0.8709
Train edge rank_2
Epoch: 0, Train loss: 0.5173735249423981, Validation loss: 0.5727409692764283, Validation accuracy: 0.8633
Epoch: 1, Train loss: 0.3104109103298187, Validation loss: 0.5238658084869384, Validation accuracy: 0.8637
Epoch: 2, Train loss: 0.30439469839096067, Validation loss: 0.5346008184432983, Validation accuracy: 0.864
Epoch: 3, Train loss: 0.31393230852127074, Validation loss: 0.511720844078064, Validation accuracy: 0.8645
Train edge link_right
Epoch: 0, Train loss: 0.30260868724823, Validation loss: 0.4923502853393555, Validation accuracy: 0.867
Epoch: 1, Train loss: 0.28832927657127383, Validation loss: 0.4922007656097412, Validation accuracy: 0.8665
Epoch: 2, Train loss: 0.283069509601593, Validation loss: 0.4883244297027588, Validation accuracy: 0.87
Epoch: 3, Train loss: 0.2855885169315338, Validation loss: 0.49918428783416746, Validation accuracy: 0.868
Train edge rank_1
Epoch: 0, Train loss: 0.3352251994419098, Validation loss: 0.5027845812797547, Validation accuracy: 0.8681
Epoch: 1, Train loss: 0.29765406801223754, Validation loss: 0.4916291771888733, Validation accuracy: 0.8661
Epoch: 2, Train loss: 0.30180402359962466, Validation loss: 0.4982067989349365, Validation accuracy: 0.8669
Epoch: 3, Train loss: 0.299918495426178, Validation loss: 0.48979741230010987, Validation accuracy: 0.8657
Train edge rank_0
Epoch: 0, Train loss: 0.31009210589408875, Validation loss: 0.524049945640564, Validation accuracy: 0.8644
Epoch: 1, Train loss: 0.29879159744262695, Validation loss: 0.5129698219299317, Validation accuracy: 0.8651
Epoch: 2, Train loss: 0.29604372025489806, Validation loss: 0.5089114421844483, Validation accuracy: 0.8664
Epoch: 3, Train loss: 0.2964764187669754, Validation loss: 0.5016780874252319, Validation accuracy: 0.8646
Choosen edge link_right
Train full model
Epoch: 0, Train loss: 0.3311884533691406, Validation loss: 0.5577655571937561, Validation accuracy: 0.8499
Epoch: 1, Train loss: 0.3198082290458679, Validation loss: 0.7252628220558166, Validation accuracy: 0.8506
Train edge rank_0
Epoch: 0, Train loss: 0.3150709521865845, Validation loss: 0.5989287578582764, Validation accuracy: 0.8676
Epoch: 1, Train loss: 0.2984567099285126, Validation loss: 0.5893787858009338, Validation accuracy: 0.8696
Epoch: 2, Train loss: 0.2901781244564056, Validation loss: 0.5724551179885864, Validation accuracy: 0.8712
Epoch: 3, Train loss: 0.2875947690105438, Validation loss: 0.5511584331512451, Validation accuracy: 0.8722
Train edge link_right
Epoch: 0, Train loss: 0.2881786098766327, Validation loss: 0.4735101021766663, Validation accuracy: 0.8685
Epoch: 1, Train loss: 0.2808826376056671, Validation loss: 0.493909206199646, Validation accuracy: 0.8679
Epoch: 2, Train loss: 0.2817006409072876, Validation loss: 0.5027525369644165, Validation accuracy: 0.8671
Epoch: 3, Train loss: 0.2854487104511261, Validation loss: 0.4924347770690918, Validation accuracy: 0.8696
Train edge rank_2
Epoch: 0, Train loss: 0.31666828260421753, Validation loss: 0.5699176404953002, Validation accuracy: 0.8718
Epoch: 1, Train loss: 0.2847497108268738, Validation loss: 0.509816080570221, Validation accuracy: 0.8714
Epoch: 2, Train loss: 0.28154312282562255, Validation loss: 0.48939274015426637, Validation accuracy: 0.8724
Epoch: 3, Train loss: 0.27426864171028137, Validation loss: 0.49739038896560667, Validation accuracy: 0.8716
Train edge rank_1
Epoch: 0, Train loss: 0.3194895052051544, Validation loss: 0.5102283946037293, Validation accuracy: 0.8723
Epoch: 1, Train loss: 0.27316790873527524, Validation loss: 0.500753296470642, Validation accuracy: 0.8726
Epoch: 2, Train loss: 0.27821542583703995, Validation loss: 0.5030502466201783, Validation accuracy: 0.8719
Epoch: 3, Train loss: 0.27148744455337526, Validation loss: 0.4797253785133362, Validation accuracy: 0.8714
Train edge link_right
Epoch: 0, Train loss: 0.280719243850708, Validation loss: 0.5142057134628296, Validation accuracy: 0.8726
Epoch: 1, Train loss: 0.2741090541267395, Validation loss: 0.4792772322177887, Validation accuracy: 0.8717
Epoch: 2, Train loss: 0.2721035828590393, Validation loss: 0.47400359010696413, Validation accuracy: 0.8731
Epoch: 3, Train loss: 0.2677955250883102, Validation loss: 0.4664903203487396, Validation accuracy: 0.8728
Train edge link_right
Epoch: 0, Train loss: 0.282998417301178, Validation loss: 0.5108683346748352, Validation accuracy: 0.8714
Epoch: 1, Train loss: 0.2706565117073059, Validation loss: 0.46866646871566775, Validation accuracy: 0.8725
Epoch: 2, Train loss: 0.272857833738327, Validation loss: 0.4816641237258911, Validation accuracy: 0.873
Epoch: 3, Train loss: 0.2638753645133972, Validation loss: 0.4930080285072327, Validation accuracy: 0.8732
Choosen edge link_right
Train full model
Epoch: 0, Train loss: 0.3133234461593628, Validation loss: 0.5416064550399781, Validation accuracy: 0.8359
Epoch: 1, Train loss: 0.3144450143623352, Validation loss: 0.5504633068084717, Validation accuracy: 0.8535
Train edge link_right
Epoch: 0, Train loss: 0.2619764192771912, Validation loss: 0.48220210647583006, Validation accuracy: 0.8688
Epoch: 1, Train loss: 0.25253107011795045, Validation loss: 0.48861804542541504, Validation accuracy: 0.8687
Epoch: 2, Train loss: 0.24993218992710114, Validation loss: 0.4941109700202942, Validation accuracy: 0.871
Epoch: 3, Train loss: 0.2521120291137695, Validation loss: 0.49477633638381957, Validation accuracy: 0.8706
Train edge rank_1
Epoch: 0, Train loss: 0.2783307720756531, Validation loss: 0.5105508092880249, Validation accuracy: 0.8655
Epoch: 1, Train loss: 0.26830494463443755, Validation loss: 0.5057264640808106, Validation accuracy: 0.8692
Epoch: 2, Train loss: 0.2630309111213684, Validation loss: 0.4952066679954529, Validation accuracy: 0.8702
Epoch: 3, Train loss: 0.2601206589269638, Validation loss: 0.4916166591644287, Validation accuracy: 0.8701
Train edge link_right
Epoch: 0, Train loss: 0.26284453892707826, Validation loss: 0.4966057831764221, Validation accuracy: 0.8694
Epoch: 1, Train loss: 0.25346959177970885, Validation loss: 0.48475962171554565, Validation accuracy: 0.8704
Epoch: 2, Train loss: 0.25401944679737093, Validation loss: 0.48352727222442626, Validation accuracy: 0.8698
Epoch: 3, Train loss: 0.253003277759552, Validation loss: 0.4887116870880127, Validation accuracy: 0.8716
Train edge rank_2
Epoch: 0, Train loss: 0.2744957548427582, Validation loss: 0.49308170261383055, Validation accuracy: 0.8684
Epoch: 1, Train loss: 0.25774553914546966, Validation loss: 0.48353724679946897, Validation accuracy: 0.8706
Epoch: 2, Train loss: 0.2579704564332962, Validation loss: 0.4872244312286377, Validation accuracy: 0.8701
Epoch: 3, Train loss: 0.25533072622299197, Validation loss: 0.4977239269256592, Validation accuracy: 0.8698
Train edge rank_0
Epoch: 0, Train loss: 0.2586094440126419, Validation loss: 0.4970158405303955, Validation accuracy: 0.8699
Epoch: 1, Train loss: 0.2597210929965973, Validation loss: 0.4934279077529907, Validation accuracy: 0.8708
Epoch: 2, Train loss: 0.25624337876319886, Validation loss: 0.49191285123825074, Validation accuracy: 0.8698
Epoch: 3, Train loss: 0.25735109939575196, Validation loss: 0.4881616081237793, Validation accuracy: 0.8697
Train edge link_right
Epoch: 0, Train loss: 0.26482912380218504, Validation loss: 0.5212310069084167, Validation accuracy: 0.8699
Epoch: 1, Train loss: 0.2583145605945587, Validation loss: 0.4942447378158569, Validation accuracy: 0.868
Epoch: 2, Train loss: 0.2621017957115173, Validation loss: 0.47220547761917114, Validation accuracy: 0.8665
Epoch: 3, Train loss: 0.26066135672569274, Validation loss: 0.4940778435707092, Validation accuracy: 0.8698
Choosen edge link_right
Train full model
Epoch: 0, Train loss: 0.30429608424663546, Validation loss: 0.574239095211029, Validation accuracy: 0.8656
Epoch: 1, Train loss: 0.29944914694786073, Validation loss: 0.5448592414855957, Validation accuracy: 0.8642
Train edge link_right
Epoch: 0, Train loss: 0.2611736988067627, Validation loss: 0.5000183079719543, Validation accuracy: 0.8708
Epoch: 1, Train loss: 0.2523825079774857, Validation loss: 0.49546931581497194, Validation accuracy: 0.8712
Epoch: 2, Train loss: 0.24891534818172456, Validation loss: 0.49151808729171753, Validation accuracy: 0.8719
Epoch: 3, Train loss: 0.25242002958297727, Validation loss: 0.4948814549446106, Validation accuracy: 0.872
Train edge rank_1
Epoch: 0, Train loss: 0.2775397982120514, Validation loss: 0.524532318687439, Validation accuracy: 0.872
Epoch: 1, Train loss: 0.2653290722179413, Validation loss: 0.5192729641914368, Validation accuracy: 0.8701
Epoch: 2, Train loss: 0.2606004362297058, Validation loss: 0.5259852855682373, Validation accuracy: 0.8689
Epoch: 3, Train loss: 0.2600320976734161, Validation loss: 0.5180841886520385, Validation accuracy: 0.8697
Train edge rank_2
Epoch: 0, Train loss: 0.3045637039089203, Validation loss: 0.5151249326705932, Validation accuracy: 0.8685
Epoch: 1, Train loss: 0.26121823101997377, Validation loss: 0.5015076736450196, Validation accuracy: 0.8696
Epoch: 2, Train loss: 0.2590283310890198, Validation loss: 0.49208099460601806, Validation accuracy: 0.8707
Epoch: 3, Train loss: 0.25807389484882354, Validation loss: 0.4972028498649597, Validation accuracy: 0.8698
Train edge link_right
Epoch: 0, Train loss: 0.2646761643028259, Validation loss: 0.4956644902229309, Validation accuracy: 0.8726
Epoch: 1, Train loss: 0.25050942131519316, Validation loss: 0.49712311706542966, Validation accuracy: 0.8706
Epoch: 2, Train loss: 0.25350748287677766, Validation loss: 0.49409639205932615, Validation accuracy: 0.8722
Epoch: 3, Train loss: 0.24819411284446716, Validation loss: 0.4993200117111206, Validation accuracy: 0.874
Train edge link_right
Epoch: 0, Train loss: 0.2676544784498215, Validation loss: 0.5014978792190552, Validation accuracy: 0.8683
Epoch: 1, Train loss: 0.2653719438838959, Validation loss: 0.47465715866088865, Validation accuracy: 0.8688
Epoch: 2, Train loss: 0.2612805812263489, Validation loss: 0.4947407379150391, Validation accuracy: 0.8685
Epoch: 3, Train loss: 0.263162263174057, Validation loss: 0.48445851001739504, Validation accuracy: 0.8692
Train edge rank_0
Epoch: 0, Train loss: 0.2735124983549118, Validation loss: 0.5181740659713745, Validation accuracy: 0.8734
Epoch: 1, Train loss: 0.25958354184150695, Validation loss: 0.5220883376121521, Validation accuracy: 0.873
Epoch: 2, Train loss: 0.25803378960609435, Validation loss: 0.5203691576957703, Validation accuracy: 0.8724
Epoch: 3, Train loss: 0.2551636059856415, Validation loss: 0.5248340547561645, Validation accuracy: 0.8728
Choosen edge link_right
Train full model
Epoch: 0, Train loss: 0.2897834718799591, Validation loss: 0.47623516092300416, Validation accuracy: 0.8629
Epoch: 1, Train loss: 0.28601282622337343, Validation loss: 0.5758523897171021, Validation accuracy: 0.8411
Train edge link_right
Epoch: 0, Train loss: 0.2781800829410553, Validation loss: 0.5037985706329345, Validation accuracy: 0.8656
Epoch: 1, Train loss: 0.2595117254257202, Validation loss: 0.503760337638855, Validation accuracy: 0.8676
Epoch: 2, Train loss: 0.2555120485782623, Validation loss: 0.5082238178253173, Validation accuracy: 0.8671
Epoch: 3, Train loss: 0.25494234318256376, Validation loss: 0.5053838798522949, Validation accuracy: 0.8687
Train edge rank_1
Epoch: 0, Train loss: 0.29098007593154906, Validation loss: 0.48479076900482176, Validation accuracy: 0.8617
Epoch: 1, Train loss: 0.27577854866027834, Validation loss: 0.4760698494911194, Validation accuracy: 0.8647
Epoch: 2, Train loss: 0.27320820470809937, Validation loss: 0.4860704900741577, Validation accuracy: 0.8651
Epoch: 3, Train loss: 0.267838994884491, Validation loss: 0.4788079874992371, Validation accuracy: 0.8656
Train edge rank_2
Epoch: 0, Train loss: 0.284451577835083, Validation loss: 0.4975951409339905, Validation accuracy: 0.8654
Epoch: 1, Train loss: 0.2670305071926117, Validation loss: 0.5131923027038574, Validation accuracy: 0.8665
Epoch: 2, Train loss: 0.2650973391103745, Validation loss: 0.5118298700332642, Validation accuracy: 0.8667
Epoch: 3, Train loss: 0.2632867189598084, Validation loss: 0.5254406492233277, Validation accuracy: 0.8675
Train edge link_right
Epoch: 0, Train loss: 0.2860838839817047, Validation loss: 0.5117909782409668, Validation accuracy: 0.8651
Epoch: 1, Train loss: 0.2664811462879181, Validation loss: 0.5086548875808716, Validation accuracy: 0.8645
Epoch: 2, Train loss: 0.2598413922739029, Validation loss: 0.5107413858413696, Validation accuracy: 0.8657
Epoch: 3, Train loss: 0.25817615149497986, Validation loss: 0.5005284158706665, Validation accuracy: 0.8666
Train edge link_right
Epoch: 0, Train loss: 0.28671558809280395, Validation loss: 0.5128710821151733, Validation accuracy: 0.8597
Epoch: 1, Train loss: 0.2850823495864868, Validation loss: 0.5172135734558105, Validation accuracy: 0.8615
Epoch: 2, Train loss: 0.28057260087013247, Validation loss: 0.49508461589813235, Validation accuracy: 0.8613
Epoch: 3, Train loss: 0.2792273953437805, Validation loss: 0.5290409358978272, Validation accuracy: 0.8608
Train edge rank_0
Epoch: 0, Train loss: 0.27268196331977845, Validation loss: 0.49555922412872316, Validation accuracy: 0.8676
Epoch: 1, Train loss: 0.2594083828830719, Validation loss: 0.50046184425354, Validation accuracy: 0.8677
Epoch: 2, Train loss: 0.26121723396778107, Validation loss: 0.49778529777526853, Validation accuracy: 0.8667
Epoch: 3, Train loss: 0.25690033847808835, Validation loss: 0.4987056209564209, Validation accuracy: 0.8677
Choosen edge link_right
Tensor shapes
factor_0 (64, 9, 11, 3)
factor_1 (8, 11, 1, 1)
factor_2 (8, 1, 9, 1)
core (3, 1, 1, 10)
Accuracy: 0.8658
