['ResNet-train.py', '--network', 'resnet', '--classifier', 'gap', '--tensorization', '64', '8', '8', '--ranks', '', '--seed', '6', '--device', 'cuda:2']
Initializing dataloader
Files already downloaded and verified
Files already downloaded and verified
Dataloader has initialized
Initializing model
Adjusting learning rate of group 0 to 1.0000e-02.
Model initialized
Testing model
Tests passed
Adjusting learning rate of group 0 to 2.0000e-02.
Epoch: 0, Train loss: 1.664899764137268, Validation loss: 1.5706638113021851, Validation accuracy: 0.4612
Adjusting learning rate of group 0 to 3.0000e-02.
Epoch: 1, Train loss: 1.2218166861724853, Validation loss: 1.3236186080932617, Validation accuracy: 0.5349
Adjusting learning rate of group 0 to 4.0000e-02.
Epoch: 2, Train loss: 0.9495770083618164, Validation loss: 1.2410161542892455, Validation accuracy: 0.6131
Adjusting learning rate of group 0 to 5.0000e-02.
Epoch: 3, Train loss: 0.8055125072860718, Validation loss: 0.8485769987106323, Validation accuracy: 0.7116
Adjusting learning rate of group 0 to 6.0000e-02.
Epoch: 4, Train loss: 0.7167207009696961, Validation loss: 0.8269685364723206, Validation accuracy: 0.7322
Adjusting learning rate of group 0 to 7.0000e-02.
Epoch: 5, Train loss: 0.6561588084030151, Validation loss: 1.101164356994629, Validation accuracy: 0.6881
Adjusting learning rate of group 0 to 8.0000e-02.
Epoch: 6, Train loss: 0.609052629032135, Validation loss: 0.6850707049369812, Validation accuracy: 0.7711
Adjusting learning rate of group 0 to 9.0000e-02.
Epoch: 7, Train loss: 0.5736028933620453, Validation loss: 0.8470997800827026, Validation accuracy: 0.7395
Adjusting learning rate of group 0 to 1.0000e-01.
Epoch: 8, Train loss: 0.5505818569374085, Validation loss: 0.5686440072536468, Validation accuracy: 0.8117
Adjusting learning rate of group 0 to 1.0000e-01.
Epoch: 9, Train loss: 0.527989257106781, Validation loss: 0.769536909866333, Validation accuracy: 0.7639
Adjusting learning rate of group 0 to 1.0000e-01.
Epoch: 10, Train loss: 0.5018534175586701, Validation loss: 0.706370763206482, Validation accuracy: 0.772
Adjusting learning rate of group 0 to 1.0000e-01.
Epoch: 11, Train loss: 0.48084274629592894, Validation loss: 0.8044787613868714, Validation accuracy: 0.7528
Adjusting learning rate of group 0 to 1.0000e-01.
Epoch: 12, Train loss: 0.46240866405487063, Validation loss: 0.5351481237888336, Validation accuracy: 0.8136
Adjusting learning rate of group 0 to 1.0000e-01.
Epoch: 13, Train loss: 0.44927428485870363, Validation loss: 0.5830916418552399, Validation accuracy: 0.8103
Adjusting learning rate of group 0 to 1.0000e-01.
Epoch: 14, Train loss: 0.4304822270488739, Validation loss: 0.5517264541625977, Validation accuracy: 0.8192
Adjusting learning rate of group 0 to 1.0000e-01.
Epoch: 15, Train loss: 0.41564830459594726, Validation loss: 0.541226372718811, Validation accuracy: 0.8282
Adjusting learning rate of group 0 to 1.0000e-01.
Epoch: 16, Train loss: 0.4097041027259827, Validation loss: 0.8341920281410218, Validation accuracy: 0.7475
Adjusting learning rate of group 0 to 1.0000e-01.
Epoch: 17, Train loss: 0.396719091129303, Validation loss: 0.6218808062553406, Validation accuracy: 0.7956
Adjusting learning rate of group 0 to 1.0000e-01.
Epoch: 18, Train loss: 0.39475008603096007, Validation loss: 0.6603765271186829, Validation accuracy: 0.7953
Adjusting learning rate of group 0 to 1.0000e-01.
Epoch: 19, Train loss: 0.38615051906585696, Validation loss: 0.5657583015441895, Validation accuracy: 0.816
Adjusting learning rate of group 0 to 1.0000e-01.
Epoch: 20, Train loss: 0.37841170642852784, Validation loss: 0.6645572218894958, Validation accuracy: 0.7934
Adjusting learning rate of group 0 to 1.0000e-01.
Epoch: 21, Train loss: 0.37223906691551206, Validation loss: 0.493210471534729, Validation accuracy: 0.8388
Adjusting learning rate of group 0 to 1.0000e-01.
Epoch: 22, Train loss: 0.3719198578929901, Validation loss: 0.5484530631542206, Validation accuracy: 0.8159
Adjusting learning rate of group 0 to 1.0000e-01.
Epoch: 23, Train loss: 0.3620047891807556, Validation loss: 0.5235815304756165, Validation accuracy: 0.8243
Adjusting learning rate of group 0 to 1.0000e-01.
Epoch: 24, Train loss: 0.36367654549598694, Validation loss: 0.6349406197547912, Validation accuracy: 0.8067
Adjusting learning rate of group 0 to 1.0000e-01.
Epoch: 25, Train loss: 0.3560003757762909, Validation loss: 0.6234448574066163, Validation accuracy: 0.8003
Adjusting learning rate of group 0 to 1.0000e-01.
Epoch: 26, Train loss: 0.34552599615097046, Validation loss: 0.5263081278324128, Validation accuracy: 0.8307
Adjusting learning rate of group 0 to 1.0000e-01.
Epoch: 27, Train loss: 0.34736519050598147, Validation loss: 0.502008002614975, Validation accuracy: 0.8371
Adjusting learning rate of group 0 to 1.0000e-01.
Epoch: 28, Train loss: 0.3444574705123901, Validation loss: 0.5825946921348572, Validation accuracy: 0.8147
Adjusting learning rate of group 0 to 1.0000e-01.
Epoch: 29, Train loss: 0.33779058834075926, Validation loss: 0.5684849943161011, Validation accuracy: 0.8136
Adjusting learning rate of group 0 to 1.0000e-01.
Epoch: 30, Train loss: 0.33943502654075625, Validation loss: 0.6391628552436829, Validation accuracy: 0.7998
Adjusting learning rate of group 0 to 1.0000e-01.
Epoch: 31, Train loss: 0.3314650384902954, Validation loss: 0.7432747025489808, Validation accuracy: 0.7791
Adjusting learning rate of group 0 to 1.0000e-01.
Epoch: 32, Train loss: 0.33107626758575437, Validation loss: 0.6471397631168365, Validation accuracy: 0.8025
Adjusting learning rate of group 0 to 1.0000e-01.
Epoch: 33, Train loss: 0.32504942430496214, Validation loss: 0.8596382947444916, Validation accuracy: 0.7518
Adjusting learning rate of group 0 to 1.0000e-01.
Epoch: 34, Train loss: 0.3213208485126495, Validation loss: 0.4602515275001526, Validation accuracy: 0.8482
Adjusting learning rate of group 0 to 1.0000e-01.
Epoch: 35, Train loss: 0.3225995642375946, Validation loss: 0.5313139504432678, Validation accuracy: 0.8269
Adjusting learning rate of group 0 to 1.0000e-01.
Epoch: 36, Train loss: 0.3172493869972229, Validation loss: 0.68459626121521, Validation accuracy: 0.796
Adjusting learning rate of group 0 to 1.0000e-01.
Epoch: 37, Train loss: 0.3191502890300751, Validation loss: 0.4397597592353821, Validation accuracy: 0.8529
Adjusting learning rate of group 0 to 1.0000e-01.
Epoch: 38, Train loss: 0.3120681324291229, Validation loss: 0.4866814004898071, Validation accuracy: 0.8336
Adjusting learning rate of group 0 to 1.0000e-01.
Epoch: 39, Train loss: 0.3194728772687912, Validation loss: 0.4677726585865021, Validation accuracy: 0.8462
Adjusting learning rate of group 0 to 1.0000e-01.
Epoch: 40, Train loss: 0.3096065661239624, Validation loss: 0.44727000379562376, Validation accuracy: 0.8534
Adjusting learning rate of group 0 to 1.0000e-01.
Epoch: 41, Train loss: 0.3152637105846405, Validation loss: 0.4491385419368744, Validation accuracy: 0.855
Adjusting learning rate of group 0 to 1.0000e-01.
Epoch: 42, Train loss: 0.31134232798576356, Validation loss: 0.38002344846725467, Validation accuracy: 0.8727
Adjusting learning rate of group 0 to 1.0000e-01.
Epoch: 43, Train loss: 0.3079872347640991, Validation loss: 0.45207939462661745, Validation accuracy: 0.8624
Adjusting learning rate of group 0 to 1.0000e-01.
Epoch: 44, Train loss: 0.2999711259841919, Validation loss: 0.48582066316604616, Validation accuracy: 0.844
Adjusting learning rate of group 0 to 1.0000e-01.
Epoch: 45, Train loss: 0.30174548570632936, Validation loss: 0.5213748396873474, Validation accuracy: 0.8365
Adjusting learning rate of group 0 to 1.0000e-01.
Epoch: 46, Train loss: 0.30295923466682434, Validation loss: 0.5433702121257782, Validation accuracy: 0.8387
Adjusting learning rate of group 0 to 1.0000e-01.
Epoch: 47, Train loss: 0.29815595930099487, Validation loss: 0.42390989828109743, Validation accuracy: 0.8657
Adjusting learning rate of group 0 to 1.0000e-01.
Epoch: 48, Train loss: 0.2965574484062195, Validation loss: 0.4677608218193054, Validation accuracy: 0.8468
Adjusting learning rate of group 0 to 1.0000e-01.
Epoch: 49, Train loss: 0.2973687049293518, Validation loss: 0.4809899379730225, Validation accuracy: 0.8445
Adjusting learning rate of group 0 to 1.0000e-01.
Epoch: 50, Train loss: 0.29347730993270876, Validation loss: 0.6778090327262879, Validation accuracy: 0.8037
Adjusting learning rate of group 0 to 1.0000e-01.
Epoch: 51, Train loss: 0.29544774461746215, Validation loss: 0.3733433811187744, Validation accuracy: 0.8743
Adjusting learning rate of group 0 to 1.0000e-01.
Epoch: 52, Train loss: 0.2902932588100433, Validation loss: 0.5780666318893433, Validation accuracy: 0.8218
Adjusting learning rate of group 0 to 1.0000e-01.
Epoch: 53, Train loss: 0.2922250791454315, Validation loss: 0.4456014496803284, Validation accuracy: 0.8517
Adjusting learning rate of group 0 to 1.0000e-01.
Epoch: 54, Train loss: 0.2908334738922119, Validation loss: 0.48786213188171385, Validation accuracy: 0.8484
Adjusting learning rate of group 0 to 1.0000e-01.
Epoch: 55, Train loss: 0.2847144514465332, Validation loss: 0.5194032376289368, Validation accuracy: 0.8384
Adjusting learning rate of group 0 to 1.0000e-01.
Epoch: 56, Train loss: 0.2930775714302063, Validation loss: 0.44733799877166747, Validation accuracy: 0.8615
Adjusting learning rate of group 0 to 1.0000e-01.
Epoch: 57, Train loss: 0.28759700570106506, Validation loss: 0.5763681227684021, Validation accuracy: 0.8329
Adjusting learning rate of group 0 to 1.0000e-01.
Epoch: 58, Train loss: 0.28777040427207945, Validation loss: 0.4709135994911194, Validation accuracy: 0.8574
Adjusting learning rate of group 0 to 1.0000e-01.
Epoch: 59, Train loss: 0.2884470893669128, Validation loss: 0.3483073042392731, Validation accuracy: 0.8853
Adjusting learning rate of group 0 to 1.0000e-01.
Epoch: 60, Train loss: 0.27967841255187986, Validation loss: 0.768020016002655, Validation accuracy: 0.7848
Adjusting learning rate of group 0 to 1.0000e-01.
Epoch: 61, Train loss: 0.28869788939476015, Validation loss: 0.4561326025485992, Validation accuracy: 0.8567
Adjusting learning rate of group 0 to 1.0000e-01.
Epoch: 62, Train loss: 0.27752737606048583, Validation loss: 0.5086539375424385, Validation accuracy: 0.8367
Adjusting learning rate of group 0 to 1.0000e-01.
Epoch: 63, Train loss: 0.2801966053390503, Validation loss: 0.7053425395965576, Validation accuracy: 0.7995
Adjusting learning rate of group 0 to 1.0000e-01.
Epoch: 64, Train loss: 0.280773958568573, Validation loss: 0.5015679336547851, Validation accuracy: 0.8405
Adjusting learning rate of group 0 to 1.0000e-01.
Epoch: 65, Train loss: 0.28393757986068724, Validation loss: 0.454141420507431, Validation accuracy: 0.8582
Adjusting learning rate of group 0 to 1.0000e-01.
Epoch: 66, Train loss: 0.2795859958744049, Validation loss: 0.5803296264648438, Validation accuracy: 0.8191
Adjusting learning rate of group 0 to 1.0000e-01.
Epoch: 67, Train loss: 0.27954062500953675, Validation loss: 0.3938297950267792, Validation accuracy: 0.8725
Adjusting learning rate of group 0 to 1.0000e-01.
Epoch: 68, Train loss: 0.2786287584495544, Validation loss: 0.4234648091316223, Validation accuracy: 0.8639
Adjusting learning rate of group 0 to 1.0000e-01.
Epoch: 69, Train loss: 0.27328650728225706, Validation loss: 0.45195562834739683, Validation accuracy: 0.8538
Adjusting learning rate of group 0 to 1.0000e-01.
Epoch: 70, Train loss: 0.2733259427547455, Validation loss: 0.5076576695203782, Validation accuracy: 0.8455
Adjusting learning rate of group 0 to 1.0000e-01.
Epoch: 71, Train loss: 0.279437822971344, Validation loss: 0.5061805503129959, Validation accuracy: 0.8486
Adjusting learning rate of group 0 to 1.0000e-01.
Epoch: 72, Train loss: 0.2747153451824188, Validation loss: 0.4437118365764618, Validation accuracy: 0.8558
Adjusting learning rate of group 0 to 1.0000e-01.
Epoch: 73, Train loss: 0.2724599552965164, Validation loss: 0.46981742587089537, Validation accuracy: 0.8549
Adjusting learning rate of group 0 to 1.0000e-01.
Epoch: 74, Train loss: 0.27532973331451416, Validation loss: 0.5727184490680695, Validation accuracy: 0.8263
Adjusting learning rate of group 0 to 1.0000e-01.
Epoch: 75, Train loss: 0.2764802503442764, Validation loss: 0.5056955929756165, Validation accuracy: 0.8396
Adjusting learning rate of group 0 to 1.0000e-01.
Epoch: 76, Train loss: 0.270673222284317, Validation loss: 0.413504486989975, Validation accuracy: 0.8719
Adjusting learning rate of group 0 to 1.0000e-01.
Epoch: 77, Train loss: 0.27609247941970827, Validation loss: 0.544637122631073, Validation accuracy: 0.8265
Adjusting learning rate of group 0 to 1.0000e-01.
Epoch: 78, Train loss: 0.27365943655490876, Validation loss: 0.4442191608905792, Validation accuracy: 0.8604
Adjusting learning rate of group 0 to 1.0000e-01.
Epoch: 79, Train loss: 0.26962195254325866, Validation loss: 0.5252435336112976, Validation accuracy: 0.8396
Adjusting learning rate of group 0 to 1.0000e-01.
Epoch: 80, Train loss: 0.27658954935073854, Validation loss: 0.42867305846214293, Validation accuracy: 0.8629
Adjusting learning rate of group 0 to 1.0000e-01.
Epoch: 81, Train loss: 0.2611178295326233, Validation loss: 0.4914889057159424, Validation accuracy: 0.8497
Adjusting learning rate of group 0 to 1.0000e-01.
Epoch: 82, Train loss: 0.26640598958969114, Validation loss: 0.42287640194892884, Validation accuracy: 0.8562
Adjusting learning rate of group 0 to 1.0000e-01.
Epoch: 83, Train loss: 0.26415881126403806, Validation loss: 0.37841187000274656, Validation accuracy: 0.8715
Adjusting learning rate of group 0 to 1.0000e-01.
Epoch: 84, Train loss: 0.26652310285568237, Validation loss: 0.46688245973587034, Validation accuracy: 0.8522
Adjusting learning rate of group 0 to 1.0000e-01.
Epoch: 85, Train loss: 0.27108218257904054, Validation loss: 0.5869020455360413, Validation accuracy: 0.8249
Adjusting learning rate of group 0 to 1.0000e-01.
Epoch: 86, Train loss: 0.2657956404590607, Validation loss: 0.482095529460907, Validation accuracy: 0.851
Adjusting learning rate of group 0 to 1.0000e-01.
Epoch: 87, Train loss: 0.26716524300575256, Validation loss: 0.5435264292240143, Validation accuracy: 0.838
Adjusting learning rate of group 0 to 1.0000e-01.
Epoch: 88, Train loss: 0.26595455408096313, Validation loss: 0.49591829767227175, Validation accuracy: 0.84
Adjusting learning rate of group 0 to 1.0000e-01.
Epoch: 89, Train loss: 0.2625580802822113, Validation loss: 0.43439375014305115, Validation accuracy: 0.8579
Adjusting learning rate of group 0 to 1.0000e-01.
Epoch: 90, Train loss: 0.26832846739292143, Validation loss: 0.5292925895690918, Validation accuracy: 0.8391
Adjusting learning rate of group 0 to 1.0000e-01.
Epoch: 91, Train loss: 0.2656160926246643, Validation loss: 0.5473783858299255, Validation accuracy: 0.8359
Adjusting learning rate of group 0 to 1.0000e-01.
Epoch: 92, Train loss: 0.2690981188869476, Validation loss: 0.38388601408004763, Validation accuracy: 0.8716
Adjusting learning rate of group 0 to 1.0000e-01.
Epoch: 93, Train loss: 0.2659283238792419, Validation loss: 0.4173783725738525, Validation accuracy: 0.8681
Adjusting learning rate of group 0 to 1.0000e-01.
Epoch: 94, Train loss: 0.259673425784111, Validation loss: 0.3802932966709137, Validation accuracy: 0.8716
Adjusting learning rate of group 0 to 1.0000e-01.
Epoch: 95, Train loss: 0.26687312710762023, Validation loss: 0.4585487236022949, Validation accuracy: 0.8561
Adjusting learning rate of group 0 to 1.0000e-01.
Epoch: 96, Train loss: 0.2602725950050354, Validation loss: 0.46619754962921145, Validation accuracy: 0.8542
Adjusting learning rate of group 0 to 1.0000e-01.
Epoch: 97, Train loss: 0.25867430016040804, Validation loss: 0.38672661323547364, Validation accuracy: 0.8761
Adjusting learning rate of group 0 to 1.0000e-01.
Epoch: 98, Train loss: 0.26070923642873767, Validation loss: 0.42995810260772704, Validation accuracy: 0.8673
Adjusting learning rate of group 0 to 1.0000e-01.
Epoch: 99, Train loss: 0.2634164571380615, Validation loss: 0.44007326774597166, Validation accuracy: 0.8555
Adjusting learning rate of group 0 to 1.0000e-02.
Epoch: 100, Train loss: 0.25964972516059875, Validation loss: 0.37137359166145323, Validation accuracy: 0.8804
Adjusting learning rate of group 0 to 1.0000e-02.
Epoch: 101, Train loss: 0.15218270956516267, Validation loss: 0.23612573549747468, Validation accuracy: 0.9213
Adjusting learning rate of group 0 to 1.0000e-02.
Epoch: 102, Train loss: 0.11700968804359436, Validation loss: 0.22892559056282044, Validation accuracy: 0.9256
Adjusting learning rate of group 0 to 1.0000e-02.
Epoch: 103, Train loss: 0.1036728670501709, Validation loss: 0.2334581725358963, Validation accuracy: 0.9261
Adjusting learning rate of group 0 to 1.0000e-02.
Epoch: 104, Train loss: 0.09361483157157897, Validation loss: 0.22833595271110535, Validation accuracy: 0.9288
Adjusting learning rate of group 0 to 1.0000e-02.
Epoch: 105, Train loss: 0.08733874895334244, Validation loss: 0.2243971137046814, Validation accuracy: 0.9294
Adjusting learning rate of group 0 to 1.0000e-02.
Epoch: 106, Train loss: 0.08186100926399231, Validation loss: 0.2290888615369797, Validation accuracy: 0.9277
Adjusting learning rate of group 0 to 1.0000e-02.
Epoch: 107, Train loss: 0.07934873511314391, Validation loss: 0.23386959142684938, Validation accuracy: 0.9283
Adjusting learning rate of group 0 to 1.0000e-02.
Epoch: 108, Train loss: 0.07269815747022629, Validation loss: 0.23311962716579437, Validation accuracy: 0.9298
Adjusting learning rate of group 0 to 1.0000e-02.
Epoch: 109, Train loss: 0.06885388293743133, Validation loss: 0.23567878074645995, Validation accuracy: 0.9309
Adjusting learning rate of group 0 to 1.0000e-02.
Epoch: 110, Train loss: 0.06491142760872841, Validation loss: 0.23918702697753907, Validation accuracy: 0.9301
Adjusting learning rate of group 0 to 1.0000e-02.
Epoch: 111, Train loss: 0.062446823375821116, Validation loss: 0.24106894316673277, Validation accuracy: 0.9296
Adjusting learning rate of group 0 to 1.0000e-02.
Epoch: 112, Train loss: 0.058443292533159254, Validation loss: 0.23909564485549928, Validation accuracy: 0.9295
Adjusting learning rate of group 0 to 1.0000e-02.
Epoch: 113, Train loss: 0.05554927992463112, Validation loss: 0.24930601143836975, Validation accuracy: 0.9274
Adjusting learning rate of group 0 to 1.0000e-02.
Epoch: 114, Train loss: 0.05483793789863586, Validation loss: 0.2539738813877106, Validation accuracy: 0.9264
Adjusting learning rate of group 0 to 1.0000e-02.
Epoch: 115, Train loss: 0.051246078882217404, Validation loss: 0.24545317435264588, Validation accuracy: 0.9291
Adjusting learning rate of group 0 to 1.0000e-02.
Epoch: 116, Train loss: 0.049417945338487625, Validation loss: 0.24932495098114013, Validation accuracy: 0.9288
Adjusting learning rate of group 0 to 1.0000e-02.
Epoch: 117, Train loss: 0.047818269524574276, Validation loss: 0.25058137326240537, Validation accuracy: 0.9297
Adjusting learning rate of group 0 to 1.0000e-02.
Epoch: 118, Train loss: 0.04432927591919899, Validation loss: 0.2615861042022705, Validation accuracy: 0.9262
Adjusting learning rate of group 0 to 1.0000e-02.
Epoch: 119, Train loss: 0.04118131185889244, Validation loss: 0.27422821836471556, Validation accuracy: 0.9284
Adjusting learning rate of group 0 to 1.0000e-02.
Epoch: 120, Train loss: 0.042485225664377214, Validation loss: 0.2626232132911682, Validation accuracy: 0.9304
Adjusting learning rate of group 0 to 1.0000e-02.
Epoch: 121, Train loss: 0.041368770941495894, Validation loss: 0.2729731793403625, Validation accuracy: 0.9262
Adjusting learning rate of group 0 to 1.0000e-02.
Epoch: 122, Train loss: 0.04043464744925499, Validation loss: 0.2664622304916382, Validation accuracy: 0.928
Adjusting learning rate of group 0 to 1.0000e-02.
Epoch: 123, Train loss: 0.03920833554595709, Validation loss: 0.26527370038032533, Validation accuracy: 0.9281
Adjusting learning rate of group 0 to 1.0000e-02.
Epoch: 124, Train loss: 0.038207073011398314, Validation loss: 0.26915286536216737, Validation accuracy: 0.9271
Adjusting learning rate of group 0 to 1.0000e-02.
Epoch: 125, Train loss: 0.036543858771324156, Validation loss: 0.277989754486084, Validation accuracy: 0.9276
Adjusting learning rate of group 0 to 1.0000e-02.
Epoch: 126, Train loss: 0.036192478266954424, Validation loss: 0.28095628957748414, Validation accuracy: 0.9269
Adjusting learning rate of group 0 to 1.0000e-02.
Epoch: 127, Train loss: 0.03534862668633461, Validation loss: 0.28590333003997803, Validation accuracy: 0.9262
Adjusting learning rate of group 0 to 1.0000e-02.
Epoch: 128, Train loss: 0.03351429934501648, Validation loss: 0.2930233151912689, Validation accuracy: 0.9268
Adjusting learning rate of group 0 to 1.0000e-02.
Epoch: 129, Train loss: 0.03467408310651779, Validation loss: 0.29475976569652557, Validation accuracy: 0.9274
Adjusting learning rate of group 0 to 1.0000e-02.
Epoch: 130, Train loss: 0.03373699202716351, Validation loss: 0.2849613160610199, Validation accuracy: 0.9285
Adjusting learning rate of group 0 to 1.0000e-02.
Epoch: 131, Train loss: 0.03280517935693264, Validation loss: 0.28201068115234373, Validation accuracy: 0.9286
Adjusting learning rate of group 0 to 1.0000e-02.
Epoch: 132, Train loss: 0.03351109074294567, Validation loss: 0.30541211636066434, Validation accuracy: 0.9251
Adjusting learning rate of group 0 to 1.0000e-02.
Epoch: 133, Train loss: 0.03279502648890018, Validation loss: 0.29111986241340637, Validation accuracy: 0.9291
Adjusting learning rate of group 0 to 1.0000e-02.
Epoch: 134, Train loss: 0.029394243322610855, Validation loss: 0.3021220356941223, Validation accuracy: 0.9257
Adjusting learning rate of group 0 to 1.0000e-02.
Epoch: 135, Train loss: 0.03251374418258667, Validation loss: 0.30916145610809326, Validation accuracy: 0.9233
Adjusting learning rate of group 0 to 1.0000e-02.
Epoch: 136, Train loss: 0.03093249090731144, Validation loss: 0.30426009287834166, Validation accuracy: 0.9244
Adjusting learning rate of group 0 to 1.0000e-02.
Epoch: 137, Train loss: 0.029338291912078856, Validation loss: 0.29318731260299685, Validation accuracy: 0.928
Adjusting learning rate of group 0 to 1.0000e-02.
Epoch: 138, Train loss: 0.029478590145111085, Validation loss: 0.3059840501785278, Validation accuracy: 0.9247
Adjusting learning rate of group 0 to 1.0000e-02.
Epoch: 139, Train loss: 0.030089195846766233, Validation loss: 0.33801223058700564, Validation accuracy: 0.9184
Adjusting learning rate of group 0 to 1.0000e-02.
Epoch: 140, Train loss: 0.028919020557403564, Validation loss: 0.32194686737060546, Validation accuracy: 0.9202
Adjusting learning rate of group 0 to 1.0000e-02.
Epoch: 141, Train loss: 0.029023771631717682, Validation loss: 0.3214104566574097, Validation accuracy: 0.9222
Adjusting learning rate of group 0 to 1.0000e-02.
Epoch: 142, Train loss: 0.029158395303487777, Validation loss: 0.3034408010005951, Validation accuracy: 0.9238
Adjusting learning rate of group 0 to 1.0000e-02.
Epoch: 143, Train loss: 0.030562903116941452, Validation loss: 0.31080022592544554, Validation accuracy: 0.9243
Adjusting learning rate of group 0 to 1.0000e-02.
Epoch: 144, Train loss: 0.028767471934556962, Validation loss: 0.3118138454914093, Validation accuracy: 0.9263
Adjusting learning rate of group 0 to 1.0000e-02.
Epoch: 145, Train loss: 0.030358323721885683, Validation loss: 0.3166953123092651, Validation accuracy: 0.9247
Adjusting learning rate of group 0 to 1.0000e-02.
Epoch: 146, Train loss: 0.031144430304765703, Validation loss: 0.31762573986053466, Validation accuracy: 0.923
Adjusting learning rate of group 0 to 1.0000e-02.
Epoch: 147, Train loss: 0.029695732721686362, Validation loss: 0.30047536916732787, Validation accuracy: 0.9246
Adjusting learning rate of group 0 to 1.0000e-02.
Epoch: 148, Train loss: 0.02974122511744499, Validation loss: 0.32058811560869216, Validation accuracy: 0.9211
Adjusting learning rate of group 0 to 1.0000e-02.
Epoch: 149, Train loss: 0.031317214851379394, Validation loss: 0.3045365428566933, Validation accuracy: 0.9217
Adjusting learning rate of group 0 to 1.0000e-03.
Epoch: 150, Train loss: 0.03030695783495903, Validation loss: 0.31071443119049075, Validation accuracy: 0.9257
Adjusting learning rate of group 0 to 1.0000e-03.
Epoch: 151, Train loss: 0.020310152316093445, Validation loss: 0.27421853897571563, Validation accuracy: 0.9317
Adjusting learning rate of group 0 to 1.0000e-03.
Epoch: 152, Train loss: 0.01656772614017129, Validation loss: 0.2741817084312439, Validation accuracy: 0.933
Adjusting learning rate of group 0 to 1.0000e-03.
Epoch: 153, Train loss: 0.015005563751161098, Validation loss: 0.27178358273506165, Validation accuracy: 0.9353
Adjusting learning rate of group 0 to 1.0000e-03.
Epoch: 154, Train loss: 0.013962345501482487, Validation loss: 0.2727283047914505, Validation accuracy: 0.9349
Adjusting learning rate of group 0 to 1.0000e-03.
Epoch: 155, Train loss: 0.012361778150498867, Validation loss: 0.2723677105665207, Validation accuracy: 0.9353
Adjusting learning rate of group 0 to 1.0000e-03.
Epoch: 156, Train loss: 0.012673587054610252, Validation loss: 0.2722158723592758, Validation accuracy: 0.9351
Adjusting learning rate of group 0 to 1.0000e-03.
Epoch: 157, Train loss: 0.012157241677641869, Validation loss: 0.2746422681808472, Validation accuracy: 0.9355
Adjusting learning rate of group 0 to 1.0000e-03.
Epoch: 158, Train loss: 0.011454749473631383, Validation loss: 0.277513458275795, Validation accuracy: 0.9349
Adjusting learning rate of group 0 to 1.0000e-03.
Epoch: 159, Train loss: 0.011031991282105446, Validation loss: 0.273805726313591, Validation accuracy: 0.9351
Adjusting learning rate of group 0 to 1.0000e-03.
Epoch: 160, Train loss: 0.011509327113628388, Validation loss: 0.2756099546194076, Validation accuracy: 0.9353
Adjusting learning rate of group 0 to 1.0000e-03.
Epoch: 161, Train loss: 0.011376188807785511, Validation loss: 0.2737054454803467, Validation accuracy: 0.9353
Adjusting learning rate of group 0 to 1.0000e-03.
Epoch: 162, Train loss: 0.011335720910429954, Validation loss: 0.27356466059684753, Validation accuracy: 0.9345
Adjusting learning rate of group 0 to 1.0000e-03.
Epoch: 163, Train loss: 0.010908864461779594, Validation loss: 0.27518891153335573, Validation accuracy: 0.934
Adjusting learning rate of group 0 to 1.0000e-03.
Epoch: 164, Train loss: 0.010527034472078084, Validation loss: 0.2783520209312439, Validation accuracy: 0.9329
Adjusting learning rate of group 0 to 1.0000e-03.
Epoch: 165, Train loss: 0.009040690942704677, Validation loss: 0.279673947763443, Validation accuracy: 0.9349
Adjusting learning rate of group 0 to 1.0000e-03.
Epoch: 166, Train loss: 0.010035013477951289, Validation loss: 0.2763272685050964, Validation accuracy: 0.9358
Adjusting learning rate of group 0 to 1.0000e-03.
Epoch: 167, Train loss: 0.00897129356443882, Validation loss: 0.2773016126871109, Validation accuracy: 0.9348
Adjusting learning rate of group 0 to 1.0000e-03.
Epoch: 168, Train loss: 0.009844093246459962, Validation loss: 0.27929069435596465, Validation accuracy: 0.9339
Adjusting learning rate of group 0 to 1.0000e-03.
Epoch: 169, Train loss: 0.009017215614616872, Validation loss: 0.27693122634887696, Validation accuracy: 0.9355
Adjusting learning rate of group 0 to 1.0000e-03.
Epoch: 170, Train loss: 0.009862763627171516, Validation loss: 0.27636417856216433, Validation accuracy: 0.9351
Adjusting learning rate of group 0 to 1.0000e-03.
Epoch: 171, Train loss: 0.00971372948423028, Validation loss: 0.281809937953949, Validation accuracy: 0.935
Adjusting learning rate of group 0 to 1.0000e-03.
Epoch: 172, Train loss: 0.009308656937330961, Validation loss: 0.2793011220216751, Validation accuracy: 0.9337
Adjusting learning rate of group 0 to 1.0000e-03.
Epoch: 173, Train loss: 0.008522219710052013, Validation loss: 0.2821594502210617, Validation accuracy: 0.9347
Adjusting learning rate of group 0 to 1.0000e-03.
Epoch: 174, Train loss: 0.00882081601947546, Validation loss: 0.2831046038627624, Validation accuracy: 0.935
Adjusting learning rate of group 0 to 1.0000e-03.
Epoch: 175, Train loss: 0.008537039718329906, Validation loss: 0.2798803594350815, Validation accuracy: 0.9354
Adjusting learning rate of group 0 to 1.0000e-03.
Epoch: 176, Train loss: 0.008095951410382987, Validation loss: 0.2822724540233612, Validation accuracy: 0.9355
Adjusting learning rate of group 0 to 1.0000e-03.
Epoch: 177, Train loss: 0.008470327219069004, Validation loss: 0.2802904379367828, Validation accuracy: 0.9349
Adjusting learning rate of group 0 to 1.0000e-03.
Epoch: 178, Train loss: 0.008078419298827648, Validation loss: 0.28486870760917665, Validation accuracy: 0.9353
Adjusting learning rate of group 0 to 1.0000e-03.
Epoch: 179, Train loss: 0.00854197895348072, Validation loss: 0.2790659858465195, Validation accuracy: 0.9354
Adjusting learning rate of group 0 to 1.0000e-03.
Epoch: 180, Train loss: 0.008449230179674923, Validation loss: 0.2840227203130722, Validation accuracy: 0.9343
Adjusting learning rate of group 0 to 1.0000e-03.
Epoch: 181, Train loss: 0.007674659530222416, Validation loss: 0.28096742041110995, Validation accuracy: 0.9351
Adjusting learning rate of group 0 to 1.0000e-03.
Epoch: 182, Train loss: 0.007602806711792946, Validation loss: 0.2828038187265396, Validation accuracy: 0.9338
Adjusting learning rate of group 0 to 1.0000e-03.
Epoch: 183, Train loss: 0.00830607931509614, Validation loss: 0.285799578499794, Validation accuracy: 0.935
Adjusting learning rate of group 0 to 1.0000e-03.
Epoch: 184, Train loss: 0.007781724226772785, Validation loss: 0.2848191693305969, Validation accuracy: 0.9344
Adjusting learning rate of group 0 to 1.0000e-03.
Epoch: 185, Train loss: 0.007505762261599302, Validation loss: 0.28644313728809356, Validation accuracy: 0.9341
Adjusting learning rate of group 0 to 1.0000e-03.
Epoch: 186, Train loss: 0.007669377799555659, Validation loss: 0.2862878958463669, Validation accuracy: 0.934
Adjusting learning rate of group 0 to 1.0000e-03.
Epoch: 187, Train loss: 0.008733149619549513, Validation loss: 0.2857623463153839, Validation accuracy: 0.9347
Adjusting learning rate of group 0 to 1.0000e-03.
Epoch: 188, Train loss: 0.00732592815130949, Validation loss: 0.28435778748989105, Validation accuracy: 0.9342
Adjusting learning rate of group 0 to 1.0000e-03.
Epoch: 189, Train loss: 0.007596306767910719, Validation loss: 0.28432009320259094, Validation accuracy: 0.9348
Adjusting learning rate of group 0 to 1.0000e-03.
Epoch: 190, Train loss: 0.007133322060108185, Validation loss: 0.2828164400100708, Validation accuracy: 0.9331
Adjusting learning rate of group 0 to 1.0000e-03.
Epoch: 191, Train loss: 0.007017070054113865, Validation loss: 0.28451810164451596, Validation accuracy: 0.9345
Adjusting learning rate of group 0 to 1.0000e-03.
Epoch: 192, Train loss: 0.0076066989829391245, Validation loss: 0.28407212104797364, Validation accuracy: 0.9343
Adjusting learning rate of group 0 to 1.0000e-03.
Epoch: 193, Train loss: 0.00733050585642457, Validation loss: 0.2828822466850281, Validation accuracy: 0.9338
Adjusting learning rate of group 0 to 1.0000e-03.
Epoch: 194, Train loss: 0.0072368808966875075, Validation loss: 0.2834149153470993, Validation accuracy: 0.9359
Adjusting learning rate of group 0 to 1.0000e-03.
Epoch: 195, Train loss: 0.006833128838092089, Validation loss: 0.2845815140724182, Validation accuracy: 0.9359
Adjusting learning rate of group 0 to 1.0000e-03.
Epoch: 196, Train loss: 0.007695683527141809, Validation loss: 0.2837471281528473, Validation accuracy: 0.9353
Adjusting learning rate of group 0 to 1.0000e-03.
Epoch: 197, Train loss: 0.007192021166086197, Validation loss: 0.2857587577342987, Validation accuracy: 0.9354
Adjusting learning rate of group 0 to 1.0000e-03.
Epoch: 198, Train loss: 0.007012577795237303, Validation loss: 0.28706125955581663, Validation accuracy: 0.9343
Adjusting learning rate of group 0 to 1.0000e-03.
Epoch: 199, Train loss: 0.007136104879751802, Validation loss: 0.2860989589214325, Validation accuracy: 0.9342
Accuracy: 0.9342, Parameters: 650
