['ResNet-TRL-Ringed.py', '--core_ranks', '2', '1', '2', '--ring_ranks', '8', '1', '4', '--seed', '1', '--device=cuda:2']
Initializing dataloader
Files already downloaded and verified
Files already downloaded and verified
Dataloader has initialized
Initializing model
Adjusting learning rate of group 0 to 1.0000e-02.
Model initialized
Testing model
Tests passed
Adjusting learning rate of group 0 to 2.0000e-02.
Epoch: 0, Train loss: nan, Validation loss: nan, Validation accuracy: 0.1
Adjusting learning rate of group 0 to 3.0000e-02.
Epoch: 1, Train loss: nan, Validation loss: nan, Validation accuracy: 0.1
Adjusting learning rate of group 0 to 4.0000e-02.
Epoch: 2, Train loss: nan, Validation loss: nan, Validation accuracy: 0.1
Adjusting learning rate of group 0 to 5.0000e-02.
Epoch: 3, Train loss: nan, Validation loss: nan, Validation accuracy: 0.1
Adjusting learning rate of group 0 to 6.0000e-02.
Epoch: 4, Train loss: nan, Validation loss: nan, Validation accuracy: 0.1
Adjusting learning rate of group 0 to 7.0000e-02.
Epoch: 5, Train loss: nan, Validation loss: nan, Validation accuracy: 0.1
Adjusting learning rate of group 0 to 8.0000e-02.
Epoch: 6, Train loss: nan, Validation loss: nan, Validation accuracy: 0.1
Adjusting learning rate of group 0 to 9.0000e-02.
Epoch: 7, Train loss: nan, Validation loss: nan, Validation accuracy: 0.1
Adjusting learning rate of group 0 to 1.0000e-01.
Epoch: 8, Train loss: nan, Validation loss: nan, Validation accuracy: 0.1
Adjusting learning rate of group 0 to 1.0000e-01.
Epoch: 9, Train loss: nan, Validation loss: nan, Validation accuracy: 0.1
Adjusting learning rate of group 0 to 1.0000e-01.
Epoch: 10, Train loss: nan, Validation loss: nan, Validation accuracy: 0.1
Adjusting learning rate of group 0 to 1.0000e-01.
Epoch: 11, Train loss: nan, Validation loss: nan, Validation accuracy: 0.1
Adjusting learning rate of group 0 to 1.0000e-01.
Epoch: 12, Train loss: nan, Validation loss: nan, Validation accuracy: 0.1
Adjusting learning rate of group 0 to 1.0000e-01.
Epoch: 13, Train loss: nan, Validation loss: nan, Validation accuracy: 0.1
Adjusting learning rate of group 0 to 1.0000e-01.
Epoch: 14, Train loss: nan, Validation loss: nan, Validation accuracy: 0.1
Adjusting learning rate of group 0 to 1.0000e-01.
Epoch: 15, Train loss: nan, Validation loss: nan, Validation accuracy: 0.1
Adjusting learning rate of group 0 to 1.0000e-01.
Epoch: 16, Train loss: nan, Validation loss: nan, Validation accuracy: 0.1
Adjusting learning rate of group 0 to 1.0000e-01.
Epoch: 17, Train loss: nan, Validation loss: nan, Validation accuracy: 0.1
Adjusting learning rate of group 0 to 1.0000e-01.
Epoch: 18, Train loss: nan, Validation loss: nan, Validation accuracy: 0.1
Adjusting learning rate of group 0 to 1.0000e-01.
Epoch: 19, Train loss: nan, Validation loss: nan, Validation accuracy: 0.1
Adjusting learning rate of group 0 to 1.0000e-01.
Epoch: 20, Train loss: nan, Validation loss: nan, Validation accuracy: 0.1
Adjusting learning rate of group 0 to 1.0000e-01.
Epoch: 21, Train loss: nan, Validation loss: nan, Validation accuracy: 0.1
Adjusting learning rate of group 0 to 1.0000e-01.
Epoch: 22, Train loss: nan, Validation loss: nan, Validation accuracy: 0.1
Adjusting learning rate of group 0 to 1.0000e-01.
Epoch: 23, Train loss: nan, Validation loss: nan, Validation accuracy: 0.1
Adjusting learning rate of group 0 to 1.0000e-01.
Epoch: 24, Train loss: nan, Validation loss: nan, Validation accuracy: 0.1
Adjusting learning rate of group 0 to 1.0000e-01.
Epoch: 25, Train loss: nan, Validation loss: nan, Validation accuracy: 0.1
Adjusting learning rate of group 0 to 1.0000e-01.
Epoch: 26, Train loss: nan, Validation loss: nan, Validation accuracy: 0.1
Adjusting learning rate of group 0 to 1.0000e-01.
Epoch: 27, Train loss: nan, Validation loss: nan, Validation accuracy: 0.1
Adjusting learning rate of group 0 to 1.0000e-01.
Epoch: 28, Train loss: nan, Validation loss: nan, Validation accuracy: 0.1
Adjusting learning rate of group 0 to 1.0000e-01.
Epoch: 29, Train loss: nan, Validation loss: nan, Validation accuracy: 0.1
Adjusting learning rate of group 0 to 1.0000e-01.
Epoch: 30, Train loss: nan, Validation loss: nan, Validation accuracy: 0.1
Adjusting learning rate of group 0 to 1.0000e-01.
Epoch: 31, Train loss: nan, Validation loss: nan, Validation accuracy: 0.1
Adjusting learning rate of group 0 to 1.0000e-01.
Epoch: 32, Train loss: nan, Validation loss: nan, Validation accuracy: 0.1
Adjusting learning rate of group 0 to 1.0000e-01.
Epoch: 33, Train loss: nan, Validation loss: nan, Validation accuracy: 0.1
Adjusting learning rate of group 0 to 1.0000e-01.
Epoch: 34, Train loss: nan, Validation loss: nan, Validation accuracy: 0.1
Adjusting learning rate of group 0 to 1.0000e-01.
Epoch: 35, Train loss: nan, Validation loss: nan, Validation accuracy: 0.1
Adjusting learning rate of group 0 to 1.0000e-01.
Epoch: 36, Train loss: nan, Validation loss: nan, Validation accuracy: 0.1
Adjusting learning rate of group 0 to 1.0000e-01.
Epoch: 37, Train loss: nan, Validation loss: nan, Validation accuracy: 0.1
Adjusting learning rate of group 0 to 1.0000e-01.
Epoch: 38, Train loss: nan, Validation loss: nan, Validation accuracy: 0.1
Adjusting learning rate of group 0 to 1.0000e-01.
Epoch: 39, Train loss: nan, Validation loss: nan, Validation accuracy: 0.1
Adjusting learning rate of group 0 to 1.0000e-01.
Epoch: 40, Train loss: nan, Validation loss: nan, Validation accuracy: 0.1
Adjusting learning rate of group 0 to 1.0000e-01.
Epoch: 41, Train loss: nan, Validation loss: nan, Validation accuracy: 0.1
Adjusting learning rate of group 0 to 1.0000e-01.
Epoch: 42, Train loss: nan, Validation loss: nan, Validation accuracy: 0.1
Adjusting learning rate of group 0 to 1.0000e-01.
Epoch: 43, Train loss: nan, Validation loss: nan, Validation accuracy: 0.1
Adjusting learning rate of group 0 to 1.0000e-01.
Epoch: 44, Train loss: nan, Validation loss: nan, Validation accuracy: 0.1
Adjusting learning rate of group 0 to 1.0000e-01.
Epoch: 45, Train loss: nan, Validation loss: nan, Validation accuracy: 0.1
Adjusting learning rate of group 0 to 1.0000e-01.
Epoch: 46, Train loss: nan, Validation loss: nan, Validation accuracy: 0.1
Adjusting learning rate of group 0 to 1.0000e-01.
Epoch: 47, Train loss: nan, Validation loss: nan, Validation accuracy: 0.1
Adjusting learning rate of group 0 to 1.0000e-01.
Epoch: 48, Train loss: nan, Validation loss: nan, Validation accuracy: 0.1
Adjusting learning rate of group 0 to 1.0000e-01.
Epoch: 49, Train loss: nan, Validation loss: nan, Validation accuracy: 0.1
Adjusting learning rate of group 0 to 1.0000e-01.
Epoch: 50, Train loss: nan, Validation loss: nan, Validation accuracy: 0.1
Adjusting learning rate of group 0 to 1.0000e-01.
Epoch: 51, Train loss: nan, Validation loss: nan, Validation accuracy: 0.1
Adjusting learning rate of group 0 to 1.0000e-01.
Epoch: 52, Train loss: nan, Validation loss: nan, Validation accuracy: 0.1
Adjusting learning rate of group 0 to 1.0000e-01.
Epoch: 53, Train loss: nan, Validation loss: nan, Validation accuracy: 0.1
Adjusting learning rate of group 0 to 1.0000e-01.
Epoch: 54, Train loss: nan, Validation loss: nan, Validation accuracy: 0.1
Adjusting learning rate of group 0 to 1.0000e-01.
Epoch: 55, Train loss: nan, Validation loss: nan, Validation accuracy: 0.1
Adjusting learning rate of group 0 to 1.0000e-01.
Epoch: 56, Train loss: nan, Validation loss: nan, Validation accuracy: 0.1
Adjusting learning rate of group 0 to 1.0000e-01.
Epoch: 57, Train loss: nan, Validation loss: nan, Validation accuracy: 0.1
Adjusting learning rate of group 0 to 1.0000e-01.
Epoch: 58, Train loss: nan, Validation loss: nan, Validation accuracy: 0.1
Adjusting learning rate of group 0 to 1.0000e-01.
Epoch: 59, Train loss: nan, Validation loss: nan, Validation accuracy: 0.1
Adjusting learning rate of group 0 to 1.0000e-01.
Epoch: 60, Train loss: nan, Validation loss: nan, Validation accuracy: 0.1
Adjusting learning rate of group 0 to 1.0000e-01.
Epoch: 61, Train loss: nan, Validation loss: nan, Validation accuracy: 0.1
Adjusting learning rate of group 0 to 1.0000e-01.
Epoch: 62, Train loss: nan, Validation loss: nan, Validation accuracy: 0.1
Adjusting learning rate of group 0 to 1.0000e-01.
Epoch: 63, Train loss: nan, Validation loss: nan, Validation accuracy: 0.1
Adjusting learning rate of group 0 to 1.0000e-01.
Epoch: 64, Train loss: nan, Validation loss: nan, Validation accuracy: 0.1
Adjusting learning rate of group 0 to 1.0000e-01.
Epoch: 65, Train loss: nan, Validation loss: nan, Validation accuracy: 0.1
Adjusting learning rate of group 0 to 1.0000e-01.
Epoch: 66, Train loss: nan, Validation loss: nan, Validation accuracy: 0.1
Adjusting learning rate of group 0 to 1.0000e-01.
Epoch: 67, Train loss: nan, Validation loss: nan, Validation accuracy: 0.1
Adjusting learning rate of group 0 to 1.0000e-01.
Epoch: 68, Train loss: nan, Validation loss: nan, Validation accuracy: 0.1
Adjusting learning rate of group 0 to 1.0000e-01.
Epoch: 69, Train loss: nan, Validation loss: nan, Validation accuracy: 0.1
Adjusting learning rate of group 0 to 1.0000e-01.
Epoch: 70, Train loss: nan, Validation loss: nan, Validation accuracy: 0.1
Adjusting learning rate of group 0 to 1.0000e-01.
Epoch: 71, Train loss: nan, Validation loss: nan, Validation accuracy: 0.1
Adjusting learning rate of group 0 to 1.0000e-01.
Epoch: 72, Train loss: nan, Validation loss: nan, Validation accuracy: 0.1
Adjusting learning rate of group 0 to 1.0000e-01.
Epoch: 73, Train loss: nan, Validation loss: nan, Validation accuracy: 0.1
Adjusting learning rate of group 0 to 1.0000e-01.
Epoch: 74, Train loss: nan, Validation loss: nan, Validation accuracy: 0.1
Adjusting learning rate of group 0 to 1.0000e-01.
Epoch: 75, Train loss: nan, Validation loss: nan, Validation accuracy: 0.1
Adjusting learning rate of group 0 to 1.0000e-01.
Epoch: 76, Train loss: nan, Validation loss: nan, Validation accuracy: 0.1
Adjusting learning rate of group 0 to 1.0000e-01.
Epoch: 77, Train loss: nan, Validation loss: nan, Validation accuracy: 0.1
Adjusting learning rate of group 0 to 1.0000e-01.
Epoch: 78, Train loss: nan, Validation loss: nan, Validation accuracy: 0.1
Adjusting learning rate of group 0 to 1.0000e-01.
Epoch: 79, Train loss: nan, Validation loss: nan, Validation accuracy: 0.1
Adjusting learning rate of group 0 to 1.0000e-01.
Epoch: 80, Train loss: nan, Validation loss: nan, Validation accuracy: 0.1
Adjusting learning rate of group 0 to 1.0000e-01.
Epoch: 81, Train loss: nan, Validation loss: nan, Validation accuracy: 0.1
Adjusting learning rate of group 0 to 1.0000e-01.
Epoch: 82, Train loss: nan, Validation loss: nan, Validation accuracy: 0.1
Adjusting learning rate of group 0 to 1.0000e-01.
Epoch: 83, Train loss: nan, Validation loss: nan, Validation accuracy: 0.1
Adjusting learning rate of group 0 to 1.0000e-01.
Epoch: 84, Train loss: nan, Validation loss: nan, Validation accuracy: 0.1
Adjusting learning rate of group 0 to 1.0000e-01.
Epoch: 85, Train loss: nan, Validation loss: nan, Validation accuracy: 0.1
Adjusting learning rate of group 0 to 1.0000e-01.
Epoch: 86, Train loss: nan, Validation loss: nan, Validation accuracy: 0.1
Adjusting learning rate of group 0 to 1.0000e-01.
Epoch: 87, Train loss: nan, Validation loss: nan, Validation accuracy: 0.1
Adjusting learning rate of group 0 to 1.0000e-01.
Epoch: 88, Train loss: nan, Validation loss: nan, Validation accuracy: 0.1
Adjusting learning rate of group 0 to 1.0000e-01.
Epoch: 89, Train loss: nan, Validation loss: nan, Validation accuracy: 0.1
Adjusting learning rate of group 0 to 1.0000e-01.
Epoch: 90, Train loss: nan, Validation loss: nan, Validation accuracy: 0.1
Adjusting learning rate of group 0 to 1.0000e-01.
Epoch: 91, Train loss: nan, Validation loss: nan, Validation accuracy: 0.1
Adjusting learning rate of group 0 to 1.0000e-01.
Epoch: 92, Train loss: nan, Validation loss: nan, Validation accuracy: 0.1
Adjusting learning rate of group 0 to 1.0000e-01.
Epoch: 93, Train loss: nan, Validation loss: nan, Validation accuracy: 0.1
Adjusting learning rate of group 0 to 1.0000e-01.
Epoch: 94, Train loss: nan, Validation loss: nan, Validation accuracy: 0.1
Adjusting learning rate of group 0 to 1.0000e-01.
Epoch: 95, Train loss: nan, Validation loss: nan, Validation accuracy: 0.1
Adjusting learning rate of group 0 to 1.0000e-01.
Epoch: 96, Train loss: nan, Validation loss: nan, Validation accuracy: 0.1
Adjusting learning rate of group 0 to 1.0000e-01.
Epoch: 97, Train loss: nan, Validation loss: nan, Validation accuracy: 0.1
Adjusting learning rate of group 0 to 1.0000e-01.
Epoch: 98, Train loss: nan, Validation loss: nan, Validation accuracy: 0.1
Adjusting learning rate of group 0 to 1.0000e-01.
Epoch: 99, Train loss: nan, Validation loss: nan, Validation accuracy: 0.1
Adjusting learning rate of group 0 to 1.0000e-02.
Epoch: 100, Train loss: nan, Validation loss: nan, Validation accuracy: 0.1
Adjusting learning rate of group 0 to 1.0000e-02.
Epoch: 101, Train loss: nan, Validation loss: nan, Validation accuracy: 0.1
Adjusting learning rate of group 0 to 1.0000e-02.
Epoch: 102, Train loss: nan, Validation loss: nan, Validation accuracy: 0.1
Adjusting learning rate of group 0 to 1.0000e-02.
Epoch: 103, Train loss: nan, Validation loss: nan, Validation accuracy: 0.1
Adjusting learning rate of group 0 to 1.0000e-02.
Epoch: 104, Train loss: nan, Validation loss: nan, Validation accuracy: 0.1
Adjusting learning rate of group 0 to 1.0000e-02.
Epoch: 105, Train loss: nan, Validation loss: nan, Validation accuracy: 0.1
Adjusting learning rate of group 0 to 1.0000e-02.
Epoch: 106, Train loss: nan, Validation loss: nan, Validation accuracy: 0.1
Adjusting learning rate of group 0 to 1.0000e-02.
Epoch: 107, Train loss: nan, Validation loss: nan, Validation accuracy: 0.1
Adjusting learning rate of group 0 to 1.0000e-02.
Epoch: 108, Train loss: nan, Validation loss: nan, Validation accuracy: 0.1
Adjusting learning rate of group 0 to 1.0000e-02.
Epoch: 109, Train loss: nan, Validation loss: nan, Validation accuracy: 0.1
Adjusting learning rate of group 0 to 1.0000e-02.
Epoch: 110, Train loss: nan, Validation loss: nan, Validation accuracy: 0.1
Adjusting learning rate of group 0 to 1.0000e-02.
Epoch: 111, Train loss: nan, Validation loss: nan, Validation accuracy: 0.1
Adjusting learning rate of group 0 to 1.0000e-02.
Epoch: 112, Train loss: nan, Validation loss: nan, Validation accuracy: 0.1
Adjusting learning rate of group 0 to 1.0000e-02.
Epoch: 113, Train loss: nan, Validation loss: nan, Validation accuracy: 0.1
Adjusting learning rate of group 0 to 1.0000e-02.
Epoch: 114, Train loss: nan, Validation loss: nan, Validation accuracy: 0.1
Adjusting learning rate of group 0 to 1.0000e-02.
Epoch: 115, Train loss: nan, Validation loss: nan, Validation accuracy: 0.1
Adjusting learning rate of group 0 to 1.0000e-02.
Epoch: 116, Train loss: nan, Validation loss: nan, Validation accuracy: 0.1
Adjusting learning rate of group 0 to 1.0000e-02.
Epoch: 117, Train loss: nan, Validation loss: nan, Validation accuracy: 0.1
Adjusting learning rate of group 0 to 1.0000e-02.
Epoch: 118, Train loss: nan, Validation loss: nan, Validation accuracy: 0.1
Adjusting learning rate of group 0 to 1.0000e-02.
Epoch: 119, Train loss: nan, Validation loss: nan, Validation accuracy: 0.1
Adjusting learning rate of group 0 to 1.0000e-02.
Epoch: 120, Train loss: nan, Validation loss: nan, Validation accuracy: 0.1
Adjusting learning rate of group 0 to 1.0000e-02.
Epoch: 121, Train loss: nan, Validation loss: nan, Validation accuracy: 0.1
Adjusting learning rate of group 0 to 1.0000e-02.
Epoch: 122, Train loss: nan, Validation loss: nan, Validation accuracy: 0.1
Adjusting learning rate of group 0 to 1.0000e-02.
Epoch: 123, Train loss: nan, Validation loss: nan, Validation accuracy: 0.1
Adjusting learning rate of group 0 to 1.0000e-02.
Epoch: 124, Train loss: nan, Validation loss: nan, Validation accuracy: 0.1
Adjusting learning rate of group 0 to 1.0000e-02.
Epoch: 125, Train loss: nan, Validation loss: nan, Validation accuracy: 0.1
Adjusting learning rate of group 0 to 1.0000e-02.
Epoch: 126, Train loss: nan, Validation loss: nan, Validation accuracy: 0.1
Adjusting learning rate of group 0 to 1.0000e-02.
Epoch: 127, Train loss: nan, Validation loss: nan, Validation accuracy: 0.1
Adjusting learning rate of group 0 to 1.0000e-02.
Epoch: 128, Train loss: nan, Validation loss: nan, Validation accuracy: 0.1
Adjusting learning rate of group 0 to 1.0000e-02.
Epoch: 129, Train loss: nan, Validation loss: nan, Validation accuracy: 0.1
Adjusting learning rate of group 0 to 1.0000e-02.
Epoch: 130, Train loss: nan, Validation loss: nan, Validation accuracy: 0.1
Adjusting learning rate of group 0 to 1.0000e-02.
Epoch: 131, Train loss: nan, Validation loss: nan, Validation accuracy: 0.1
Adjusting learning rate of group 0 to 1.0000e-02.
Epoch: 132, Train loss: nan, Validation loss: nan, Validation accuracy: 0.1
Adjusting learning rate of group 0 to 1.0000e-02.
Epoch: 133, Train loss: nan, Validation loss: nan, Validation accuracy: 0.1
Adjusting learning rate of group 0 to 1.0000e-02.
Epoch: 134, Train loss: nan, Validation loss: nan, Validation accuracy: 0.1
Adjusting learning rate of group 0 to 1.0000e-02.
Epoch: 135, Train loss: nan, Validation loss: nan, Validation accuracy: 0.1
Adjusting learning rate of group 0 to 1.0000e-02.
Epoch: 136, Train loss: nan, Validation loss: nan, Validation accuracy: 0.1
Adjusting learning rate of group 0 to 1.0000e-02.
Epoch: 137, Train loss: nan, Validation loss: nan, Validation accuracy: 0.1
Adjusting learning rate of group 0 to 1.0000e-02.
Epoch: 138, Train loss: nan, Validation loss: nan, Validation accuracy: 0.1
Adjusting learning rate of group 0 to 1.0000e-02.
Epoch: 139, Train loss: nan, Validation loss: nan, Validation accuracy: 0.1
Adjusting learning rate of group 0 to 1.0000e-02.
Epoch: 140, Train loss: nan, Validation loss: nan, Validation accuracy: 0.1
Adjusting learning rate of group 0 to 1.0000e-02.
Epoch: 141, Train loss: nan, Validation loss: nan, Validation accuracy: 0.1
Adjusting learning rate of group 0 to 1.0000e-02.
Epoch: 142, Train loss: nan, Validation loss: nan, Validation accuracy: 0.1
Adjusting learning rate of group 0 to 1.0000e-02.
Epoch: 143, Train loss: nan, Validation loss: nan, Validation accuracy: 0.1
Adjusting learning rate of group 0 to 1.0000e-02.
Epoch: 144, Train loss: nan, Validation loss: nan, Validation accuracy: 0.1
Adjusting learning rate of group 0 to 1.0000e-02.
Epoch: 145, Train loss: nan, Validation loss: nan, Validation accuracy: 0.1
Adjusting learning rate of group 0 to 1.0000e-02.
Epoch: 146, Train loss: nan, Validation loss: nan, Validation accuracy: 0.1
Adjusting learning rate of group 0 to 1.0000e-02.
Epoch: 147, Train loss: nan, Validation loss: nan, Validation accuracy: 0.1
Adjusting learning rate of group 0 to 1.0000e-02.
Epoch: 148, Train loss: nan, Validation loss: nan, Validation accuracy: 0.1
Adjusting learning rate of group 0 to 1.0000e-02.
Epoch: 149, Train loss: nan, Validation loss: nan, Validation accuracy: 0.1
Adjusting learning rate of group 0 to 1.0000e-03.
Epoch: 150, Train loss: nan, Validation loss: nan, Validation accuracy: 0.1
Adjusting learning rate of group 0 to 1.0000e-03.
Epoch: 151, Train loss: nan, Validation loss: nan, Validation accuracy: 0.1
Adjusting learning rate of group 0 to 1.0000e-03.
Epoch: 152, Train loss: nan, Validation loss: nan, Validation accuracy: 0.1
Adjusting learning rate of group 0 to 1.0000e-03.
Epoch: 153, Train loss: nan, Validation loss: nan, Validation accuracy: 0.1
Adjusting learning rate of group 0 to 1.0000e-03.
Epoch: 154, Train loss: nan, Validation loss: nan, Validation accuracy: 0.1
Adjusting learning rate of group 0 to 1.0000e-03.
Epoch: 155, Train loss: nan, Validation loss: nan, Validation accuracy: 0.1
Adjusting learning rate of group 0 to 1.0000e-03.
Epoch: 156, Train loss: nan, Validation loss: nan, Validation accuracy: 0.1
Adjusting learning rate of group 0 to 1.0000e-03.
Epoch: 157, Train loss: nan, Validation loss: nan, Validation accuracy: 0.1
Adjusting learning rate of group 0 to 1.0000e-03.
Epoch: 158, Train loss: nan, Validation loss: nan, Validation accuracy: 0.1
Adjusting learning rate of group 0 to 1.0000e-03.
Epoch: 159, Train loss: nan, Validation loss: nan, Validation accuracy: 0.1
Adjusting learning rate of group 0 to 1.0000e-03.
Epoch: 160, Train loss: nan, Validation loss: nan, Validation accuracy: 0.1
Adjusting learning rate of group 0 to 1.0000e-03.
Epoch: 161, Train loss: nan, Validation loss: nan, Validation accuracy: 0.1
Adjusting learning rate of group 0 to 1.0000e-03.
Epoch: 162, Train loss: nan, Validation loss: nan, Validation accuracy: 0.1
Adjusting learning rate of group 0 to 1.0000e-03.
Epoch: 163, Train loss: nan, Validation loss: nan, Validation accuracy: 0.1
Adjusting learning rate of group 0 to 1.0000e-03.
Epoch: 164, Train loss: nan, Validation loss: nan, Validation accuracy: 0.1
Adjusting learning rate of group 0 to 1.0000e-03.
Epoch: 165, Train loss: nan, Validation loss: nan, Validation accuracy: 0.1
Adjusting learning rate of group 0 to 1.0000e-03.
Epoch: 166, Train loss: nan, Validation loss: nan, Validation accuracy: 0.1
Adjusting learning rate of group 0 to 1.0000e-03.
Epoch: 167, Train loss: nan, Validation loss: nan, Validation accuracy: 0.1
Adjusting learning rate of group 0 to 1.0000e-03.
Epoch: 168, Train loss: nan, Validation loss: nan, Validation accuracy: 0.1
Adjusting learning rate of group 0 to 1.0000e-03.
Epoch: 169, Train loss: nan, Validation loss: nan, Validation accuracy: 0.1
Adjusting learning rate of group 0 to 1.0000e-03.
Epoch: 170, Train loss: nan, Validation loss: nan, Validation accuracy: 0.1
Adjusting learning rate of group 0 to 1.0000e-03.
Epoch: 171, Train loss: nan, Validation loss: nan, Validation accuracy: 0.1
Adjusting learning rate of group 0 to 1.0000e-03.
Epoch: 172, Train loss: nan, Validation loss: nan, Validation accuracy: 0.1
Adjusting learning rate of group 0 to 1.0000e-03.
Epoch: 173, Train loss: nan, Validation loss: nan, Validation accuracy: 0.1
Adjusting learning rate of group 0 to 1.0000e-03.
Epoch: 174, Train loss: nan, Validation loss: nan, Validation accuracy: 0.1
Adjusting learning rate of group 0 to 1.0000e-03.
Epoch: 175, Train loss: nan, Validation loss: nan, Validation accuracy: 0.1
Adjusting learning rate of group 0 to 1.0000e-03.
Epoch: 176, Train loss: nan, Validation loss: nan, Validation accuracy: 0.1
Adjusting learning rate of group 0 to 1.0000e-03.
Epoch: 177, Train loss: nan, Validation loss: nan, Validation accuracy: 0.1
Adjusting learning rate of group 0 to 1.0000e-03.
Epoch: 178, Train loss: nan, Validation loss: nan, Validation accuracy: 0.1
Adjusting learning rate of group 0 to 1.0000e-03.
Epoch: 179, Train loss: nan, Validation loss: nan, Validation accuracy: 0.1
Adjusting learning rate of group 0 to 1.0000e-03.
Epoch: 180, Train loss: nan, Validation loss: nan, Validation accuracy: 0.1
Adjusting learning rate of group 0 to 1.0000e-03.
Epoch: 181, Train loss: nan, Validation loss: nan, Validation accuracy: 0.1
Adjusting learning rate of group 0 to 1.0000e-03.
Epoch: 182, Train loss: nan, Validation loss: nan, Validation accuracy: 0.1
Adjusting learning rate of group 0 to 1.0000e-03.
Epoch: 183, Train loss: nan, Validation loss: nan, Validation accuracy: 0.1
Adjusting learning rate of group 0 to 1.0000e-03.
Epoch: 184, Train loss: nan, Validation loss: nan, Validation accuracy: 0.1
Adjusting learning rate of group 0 to 1.0000e-03.
Epoch: 185, Train loss: nan, Validation loss: nan, Validation accuracy: 0.1
Adjusting learning rate of group 0 to 1.0000e-03.
Epoch: 186, Train loss: nan, Validation loss: nan, Validation accuracy: 0.1
Adjusting learning rate of group 0 to 1.0000e-03.
Epoch: 187, Train loss: nan, Validation loss: nan, Validation accuracy: 0.1
Adjusting learning rate of group 0 to 1.0000e-03.
Epoch: 188, Train loss: nan, Validation loss: nan, Validation accuracy: 0.1
Adjusting learning rate of group 0 to 1.0000e-03.
Epoch: 189, Train loss: nan, Validation loss: nan, Validation accuracy: 0.1
Adjusting learning rate of group 0 to 1.0000e-03.
Epoch: 190, Train loss: nan, Validation loss: nan, Validation accuracy: 0.1
Adjusting learning rate of group 0 to 1.0000e-03.
Epoch: 191, Train loss: nan, Validation loss: nan, Validation accuracy: 0.1
Adjusting learning rate of group 0 to 1.0000e-03.
Epoch: 192, Train loss: nan, Validation loss: nan, Validation accuracy: 0.1
Adjusting learning rate of group 0 to 1.0000e-03.
Epoch: 193, Train loss: nan, Validation loss: nan, Validation accuracy: 0.1
Adjusting learning rate of group 0 to 1.0000e-03.
Epoch: 194, Train loss: nan, Validation loss: nan, Validation accuracy: 0.1
Adjusting learning rate of group 0 to 1.0000e-03.
Epoch: 195, Train loss: nan, Validation loss: nan, Validation accuracy: 0.1
Adjusting learning rate of group 0 to 1.0000e-03.
Epoch: 196, Train loss: nan, Validation loss: nan, Validation accuracy: 0.1
Adjusting learning rate of group 0 to 1.0000e-03.
Epoch: 197, Train loss: nan, Validation loss: nan, Validation accuracy: 0.1
Adjusting learning rate of group 0 to 1.0000e-03.
Epoch: 198, Train loss: nan, Validation loss: nan, Validation accuracy: 0.1
Adjusting learning rate of group 0 to 1.0000e-03.
Epoch: 199, Train loss: nan, Validation loss: nan, Validation accuracy: 0.1
Accuracy: 0.1, Parameters: 4274
