['ResNet-TRL-Tensorized.py', '--core_ranks', '2', '1', '1', '1', '--ring_ranks', '2', '2', '2', '1', '--seed', '2', '--device', 'cuda:3']
Initializing dataloader
Files already downloaded and verified
Files already downloaded and verified
Dataloader has initialized
Initializing model
Adjusting learning rate of group 0 to 1.0000e-02.
Model initialized
Testing model
Tests passed
Adjusting learning rate of group 0 to 2.0000e-02.
Epoch: 0, Train loss: 1.9368245422363282, Validation loss: 1.7530514766693115, Validation accuracy: 0.3236
Adjusting learning rate of group 0 to 3.0000e-02.
Epoch: 1, Train loss: 1.6545665174102784, Validation loss: 1.613829383468628, Validation accuracy: 0.3665
Adjusting learning rate of group 0 to 4.0000e-02.
Epoch: 2, Train loss: 1.499012918510437, Validation loss: 1.630938221359253, Validation accuracy: 0.404
Adjusting learning rate of group 0 to 5.0000e-02.
Epoch: 3, Train loss: 1.3604262434387207, Validation loss: 1.377229006767273, Validation accuracy: 0.5401
Adjusting learning rate of group 0 to 6.0000e-02.
Epoch: 4, Train loss: 1.2586698038101196, Validation loss: 1.2363645608901979, Validation accuracy: 0.5605
Adjusting learning rate of group 0 to 7.0000e-02.
Epoch: 5, Train loss: 1.1825120593643188, Validation loss: 1.433348953819275, Validation accuracy: 0.5145
Adjusting learning rate of group 0 to 8.0000e-02.
Epoch: 6, Train loss: 1.1404759367752075, Validation loss: 1.1267521451950073, Validation accuracy: 0.6245
Adjusting learning rate of group 0 to 9.0000e-02.
Epoch: 7, Train loss: 1.100265061378479, Validation loss: 1.5444145708084107, Validation accuracy: 0.5842
Adjusting learning rate of group 0 to 1.0000e-01.
Epoch: 8, Train loss: 1.0626026667785644, Validation loss: 1.0946376181602477, Validation accuracy: 0.6246
Adjusting learning rate of group 0 to 1.0000e-01.
Epoch: 9, Train loss: 1.0171707058906556, Validation loss: 1.1374069932937623, Validation accuracy: 0.6324
Adjusting learning rate of group 0 to 1.0000e-01.
Epoch: 10, Train loss: 0.976721836051941, Validation loss: 1.1583333587646485, Validation accuracy: 0.6338
Adjusting learning rate of group 0 to 1.0000e-01.
Epoch: 11, Train loss: 0.9712172095489502, Validation loss: 1.0516573553085327, Validation accuracy: 0.6663
Adjusting learning rate of group 0 to 1.0000e-01.
Epoch: 12, Train loss: 0.9424160478591919, Validation loss: 1.264869887161255, Validation accuracy: 0.6411
Adjusting learning rate of group 0 to 1.0000e-01.
Epoch: 13, Train loss: 0.9129322920989991, Validation loss: 1.085658526802063, Validation accuracy: 0.6773
Adjusting learning rate of group 0 to 1.0000e-01.
Epoch: 14, Train loss: 0.8695919506835937, Validation loss: 1.4098348295211791, Validation accuracy: 0.6328
Adjusting learning rate of group 0 to 1.0000e-01.
Epoch: 15, Train loss: 0.8763069764900208, Validation loss: 1.2292068349838257, Validation accuracy: 0.685
Adjusting learning rate of group 0 to 1.0000e-01.
Epoch: 16, Train loss: 0.8652738359069824, Validation loss: 1.4027919275283813, Validation accuracy: 0.6354
Adjusting learning rate of group 0 to 1.0000e-01.
Epoch: 17, Train loss: 0.8302765833854675, Validation loss: 0.9944524938583374, Validation accuracy: 0.7166
Adjusting learning rate of group 0 to 1.0000e-01.
Epoch: 18, Train loss: 0.8415171197509765, Validation loss: 0.9998578199386596, Validation accuracy: 0.6969
Adjusting learning rate of group 0 to 1.0000e-01.
Epoch: 19, Train loss: 0.854750719909668, Validation loss: 1.0998678173065186, Validation accuracy: 0.6882
Adjusting learning rate of group 0 to 1.0000e-01.
Epoch: 20, Train loss: 0.8118352862930298, Validation loss: 0.807180914402008, Validation accuracy: 0.7404
Adjusting learning rate of group 0 to 1.0000e-01.
Epoch: 21, Train loss: 0.8090703987503052, Validation loss: 0.8990788625717163, Validation accuracy: 0.7437
Adjusting learning rate of group 0 to 1.0000e-01.
Epoch: 22, Train loss: 0.8116291132354736, Validation loss: 0.9862139554977417, Validation accuracy: 0.7253
Adjusting learning rate of group 0 to 1.0000e-01.
Epoch: 23, Train loss: 0.7731173455047607, Validation loss: 0.9790151922225953, Validation accuracy: 0.7233
Adjusting learning rate of group 0 to 1.0000e-01.
Epoch: 24, Train loss: 0.7808760103034973, Validation loss: 0.7354165887832642, Validation accuracy: 0.7702
Adjusting learning rate of group 0 to 1.0000e-01.
Epoch: 25, Train loss: 0.8100583863830566, Validation loss: 1.0338172973632813, Validation accuracy: 0.7055
Adjusting learning rate of group 0 to 1.0000e-01.
Epoch: 26, Train loss: 0.7505108261489868, Validation loss: 1.053361718940735, Validation accuracy: 0.6951
Adjusting learning rate of group 0 to 1.0000e-01.
Epoch: 27, Train loss: 0.7652276889038085, Validation loss: 0.9185762382507324, Validation accuracy: 0.709
Adjusting learning rate of group 0 to 1.0000e-01.
Epoch: 28, Train loss: 0.7620643121337891, Validation loss: 0.9109842056274414, Validation accuracy: 0.7006
Adjusting learning rate of group 0 to 1.0000e-01.
Epoch: 29, Train loss: 0.7438261246299743, Validation loss: 0.9350242970466613, Validation accuracy: 0.7062
Adjusting learning rate of group 0 to 1.0000e-01.
Epoch: 30, Train loss: 0.7384753358078003, Validation loss: 0.8726675433158875, Validation accuracy: 0.7477
Adjusting learning rate of group 0 to 1.0000e-01.
Epoch: 31, Train loss: 0.7459877786254883, Validation loss: 0.973587191581726, Validation accuracy: 0.72
Adjusting learning rate of group 0 to 1.0000e-01.
Epoch: 32, Train loss: 0.7372585331344604, Validation loss: 0.8351442026138306, Validation accuracy: 0.7692
Adjusting learning rate of group 0 to 1.0000e-01.
Epoch: 33, Train loss: 0.7387350966453552, Validation loss: 0.9824967037200928, Validation accuracy: 0.7429
Adjusting learning rate of group 0 to 1.0000e-01.
Epoch: 34, Train loss: 0.7341254747390747, Validation loss: 1.0996515201568604, Validation accuracy: 0.7366
Adjusting learning rate of group 0 to 1.0000e-01.
Epoch: 35, Train loss: 0.7181212073898315, Validation loss: 0.8459229780197144, Validation accuracy: 0.7659
Adjusting learning rate of group 0 to 1.0000e-01.
Epoch: 36, Train loss: 0.7026414065933227, Validation loss: 0.9897785913467407, Validation accuracy: 0.7597
Adjusting learning rate of group 0 to 1.0000e-01.
Epoch: 37, Train loss: 0.6918221542549133, Validation loss: 0.8756750913619995, Validation accuracy: 0.7655
Adjusting learning rate of group 0 to 1.0000e-01.
Epoch: 38, Train loss: 0.7083129272651673, Validation loss: 0.8812199385643006, Validation accuracy: 0.7786
Adjusting learning rate of group 0 to 1.0000e-01.
Epoch: 39, Train loss: 0.6874528774833679, Validation loss: 0.8904312468528748, Validation accuracy: 0.7677
Adjusting learning rate of group 0 to 1.0000e-01.
Epoch: 40, Train loss: 0.6848238139152527, Validation loss: 0.8675946846008301, Validation accuracy: 0.7554
Adjusting learning rate of group 0 to 1.0000e-01.
Epoch: 41, Train loss: 0.7076587253379821, Validation loss: 0.8796155053138733, Validation accuracy: 0.7389
Adjusting learning rate of group 0 to 1.0000e-01.
Epoch: 42, Train loss: 0.6824744749450684, Validation loss: 1.3552973810195923, Validation accuracy: 0.7277
Adjusting learning rate of group 0 to 1.0000e-01.
Epoch: 43, Train loss: 0.6830737893676758, Validation loss: 1.0555993793487548, Validation accuracy: 0.7362
Adjusting learning rate of group 0 to 1.0000e-01.
Epoch: 44, Train loss: 0.6889041802978516, Validation loss: 0.8047305397987365, Validation accuracy: 0.7693
Adjusting learning rate of group 0 to 1.0000e-01.
Epoch: 45, Train loss: 0.6852427318763733, Validation loss: 0.8277046903610229, Validation accuracy: 0.7691
Adjusting learning rate of group 0 to 1.0000e-01.
Epoch: 46, Train loss: 0.6750510300064086, Validation loss: 0.8224653780937194, Validation accuracy: 0.7677
Adjusting learning rate of group 0 to 1.0000e-01.
Epoch: 47, Train loss: 0.6787490628433227, Validation loss: 0.8908726802825928, Validation accuracy: 0.7425
Adjusting learning rate of group 0 to 1.0000e-01.
Epoch: 48, Train loss: 0.688528514881134, Validation loss: 1.136259500312805, Validation accuracy: 0.7052
Adjusting learning rate of group 0 to 1.0000e-01.
Epoch: 49, Train loss: 0.6656126271247864, Validation loss: 0.8096842709541321, Validation accuracy: 0.7898
Adjusting learning rate of group 0 to 1.0000e-01.
Epoch: 50, Train loss: 0.6782033772659302, Validation loss: 0.8488232303619385, Validation accuracy: 0.7792
Adjusting learning rate of group 0 to 1.0000e-01.
Epoch: 51, Train loss: 0.6600710816764832, Validation loss: 0.9709238188743591, Validation accuracy: 0.7424
Adjusting learning rate of group 0 to 1.0000e-01.
Epoch: 52, Train loss: 0.6603260747528076, Validation loss: 1.0932405153274536, Validation accuracy: 0.7793
Adjusting learning rate of group 0 to 1.0000e-01.
Epoch: 53, Train loss: 0.6408132730484009, Validation loss: 0.9937952632904052, Validation accuracy: 0.7516
Adjusting learning rate of group 0 to 1.0000e-01.
Epoch: 54, Train loss: 0.6271778225326539, Validation loss: 0.8874719497680664, Validation accuracy: 0.7628
Adjusting learning rate of group 0 to 1.0000e-01.
Epoch: 55, Train loss: 0.6629635680770875, Validation loss: 0.7799462844848633, Validation accuracy: 0.7955
Adjusting learning rate of group 0 to 1.0000e-01.
Epoch: 56, Train loss: 0.6756607912063599, Validation loss: 0.8086810012817383, Validation accuracy: 0.7877
Adjusting learning rate of group 0 to 1.0000e-01.
Epoch: 57, Train loss: 0.6466281038475037, Validation loss: 0.8304928731918335, Validation accuracy: 0.7423
Adjusting learning rate of group 0 to 1.0000e-01.
Epoch: 58, Train loss: 0.6367569415473938, Validation loss: 0.9239613723754883, Validation accuracy: 0.7803
Adjusting learning rate of group 0 to 1.0000e-01.
Epoch: 59, Train loss: 0.649700042629242, Validation loss: 0.8297720057487488, Validation accuracy: 0.7887
Adjusting learning rate of group 0 to 1.0000e-01.
Epoch: 60, Train loss: 0.6582811774635315, Validation loss: 0.7298489747047424, Validation accuracy: 0.7779
Adjusting learning rate of group 0 to 1.0000e-01.
Epoch: 61, Train loss: 0.6384090475845337, Validation loss: 1.4047556306838989, Validation accuracy: 0.6925
Adjusting learning rate of group 0 to 1.0000e-01.
Epoch: 62, Train loss: 0.6467473275184631, Validation loss: 0.9108847597122193, Validation accuracy: 0.7284
Adjusting learning rate of group 0 to 1.0000e-01.
Epoch: 63, Train loss: 0.6764385165023804, Validation loss: 0.8305266910552979, Validation accuracy: 0.7742
Adjusting learning rate of group 0 to 1.0000e-01.
Epoch: 64, Train loss: 0.626693949546814, Validation loss: 0.799635658454895, Validation accuracy: 0.7816
Adjusting learning rate of group 0 to 1.0000e-01.
Epoch: 65, Train loss: 0.6772056955337524, Validation loss: 0.9773378339767456, Validation accuracy: 0.7645
Adjusting learning rate of group 0 to 1.0000e-01.
Epoch: 66, Train loss: 0.6391899247074128, Validation loss: 0.8412192820549012, Validation accuracy: 0.7982
Adjusting learning rate of group 0 to 1.0000e-01.
Epoch: 67, Train loss: 0.633035846157074, Validation loss: 0.8893611608505249, Validation accuracy: 0.7662
Adjusting learning rate of group 0 to 1.0000e-01.
Epoch: 68, Train loss: 0.6390036808967591, Validation loss: 0.9207994113445283, Validation accuracy: 0.7582
Adjusting learning rate of group 0 to 1.0000e-01.
Epoch: 69, Train loss: 0.6530455986976623, Validation loss: 0.8282871426582337, Validation accuracy: 0.7764
Adjusting learning rate of group 0 to 1.0000e-01.
Epoch: 70, Train loss: 0.614440036354065, Validation loss: 0.7116970587730408, Validation accuracy: 0.79
Adjusting learning rate of group 0 to 1.0000e-01.
Epoch: 71, Train loss: 0.6192245328140259, Validation loss: 0.7745551167488098, Validation accuracy: 0.7921
Adjusting learning rate of group 0 to 1.0000e-01.
Epoch: 72, Train loss: 0.6338700172328949, Validation loss: 0.8738101294517517, Validation accuracy: 0.778
Adjusting learning rate of group 0 to 1.0000e-01.
Epoch: 73, Train loss: 0.6306531515312195, Validation loss: 1.246854189491272, Validation accuracy: 0.7498
Adjusting learning rate of group 0 to 1.0000e-01.
Epoch: 74, Train loss: 0.6476301961135864, Validation loss: 1.2774397617340087, Validation accuracy: 0.7277
Adjusting learning rate of group 0 to 1.0000e-01.
Epoch: 75, Train loss: 0.6503420280170441, Validation loss: 1.0037979293823243, Validation accuracy: 0.7701
Adjusting learning rate of group 0 to 1.0000e-01.
Epoch: 76, Train loss: 0.6150586915397644, Validation loss: 0.7385263397216797, Validation accuracy: 0.7961
Adjusting learning rate of group 0 to 1.0000e-01.
Epoch: 77, Train loss: 0.5967445586013794, Validation loss: 0.8991034818649292, Validation accuracy: 0.776
Adjusting learning rate of group 0 to 1.0000e-01.
Epoch: 78, Train loss: 0.6306187941169739, Validation loss: 0.8402247751235962, Validation accuracy: 0.7752
Adjusting learning rate of group 0 to 1.0000e-01.
Epoch: 79, Train loss: 0.6167626385498047, Validation loss: 0.8368608487129211, Validation accuracy: 0.7744
Adjusting learning rate of group 0 to 1.0000e-01.
Epoch: 80, Train loss: 0.6373829710769653, Validation loss: 0.7139044784545898, Validation accuracy: 0.7831
Adjusting learning rate of group 0 to 1.0000e-01.
Epoch: 81, Train loss: 0.6115109287834167, Validation loss: 0.8443334762573242, Validation accuracy: 0.7799
Adjusting learning rate of group 0 to 1.0000e-01.
Epoch: 82, Train loss: 0.615977804813385, Validation loss: 1.3068096901893616, Validation accuracy: 0.7567
Adjusting learning rate of group 0 to 1.0000e-01.
Epoch: 83, Train loss: 0.6095166417121887, Validation loss: 0.8082783571243286, Validation accuracy: 0.7475
Adjusting learning rate of group 0 to 1.0000e-01.
Epoch: 84, Train loss: 0.6287274820327758, Validation loss: 0.7347079049110412, Validation accuracy: 0.7914
Adjusting learning rate of group 0 to 1.0000e-01.
Epoch: 85, Train loss: 0.6150578532791138, Validation loss: 1.083841143989563, Validation accuracy: 0.7569
Adjusting learning rate of group 0 to 1.0000e-01.
Epoch: 86, Train loss: 0.6237596515846252, Validation loss: 0.7887284158706666, Validation accuracy: 0.7871
Adjusting learning rate of group 0 to 1.0000e-01.
Epoch: 87, Train loss: 0.6126583279037475, Validation loss: 0.7194115696907043, Validation accuracy: 0.7915
Adjusting learning rate of group 0 to 1.0000e-01.
Epoch: 88, Train loss: 0.6152960257339477, Validation loss: 1.0742786369323731, Validation accuracy: 0.7719
Adjusting learning rate of group 0 to 1.0000e-01.
Epoch: 89, Train loss: 0.6167682780075073, Validation loss: 0.7515484681129455, Validation accuracy: 0.7976
Adjusting learning rate of group 0 to 1.0000e-01.
Epoch: 90, Train loss: 0.6046321740818024, Validation loss: 0.8905960479736328, Validation accuracy: 0.7828
Adjusting learning rate of group 0 to 1.0000e-01.
Epoch: 91, Train loss: 0.6282778495788575, Validation loss: 0.812642032623291, Validation accuracy: 0.7911
Adjusting learning rate of group 0 to 1.0000e-01.
Epoch: 92, Train loss: 0.6020238300132752, Validation loss: 0.7383704833030701, Validation accuracy: 0.7973
Adjusting learning rate of group 0 to 1.0000e-01.
Epoch: 93, Train loss: 0.6048096893692017, Validation loss: 0.9690066856384277, Validation accuracy: 0.7538
Adjusting learning rate of group 0 to 1.0000e-01.
Epoch: 94, Train loss: 0.604628003988266, Validation loss: 0.7107042432785035, Validation accuracy: 0.8112
Adjusting learning rate of group 0 to 1.0000e-01.
Epoch: 95, Train loss: 0.6021728468704224, Validation loss: 0.7972370044708252, Validation accuracy: 0.7772
Adjusting learning rate of group 0 to 1.0000e-01.
Epoch: 96, Train loss: 0.6015609524917602, Validation loss: 0.7215481958389283, Validation accuracy: 0.8032
Adjusting learning rate of group 0 to 1.0000e-01.
Epoch: 97, Train loss: 0.5834777403831481, Validation loss: 1.002994310760498, Validation accuracy: 0.7788
Adjusting learning rate of group 0 to 1.0000e-01.
Epoch: 98, Train loss: 0.6184027108955383, Validation loss: 0.9520516635894776, Validation accuracy: 0.7674
Adjusting learning rate of group 0 to 1.0000e-01.
Epoch: 99, Train loss: 0.6162888741111755, Validation loss: 1.0408912607192993, Validation accuracy: 0.7563
Adjusting learning rate of group 0 to 1.0000e-02.
Epoch: 100, Train loss: 0.6115622820281983, Validation loss: 0.7365993370056152, Validation accuracy: 0.8086
Adjusting learning rate of group 0 to 1.0000e-02.
Epoch: 101, Train loss: 0.40495795858383177, Validation loss: 0.5183011764526367, Validation accuracy: 0.8736
Adjusting learning rate of group 0 to 1.0000e-02.
Epoch: 102, Train loss: 0.3429634031677246, Validation loss: 0.481638863658905, Validation accuracy: 0.8776
Adjusting learning rate of group 0 to 1.0000e-02.
Epoch: 103, Train loss: 0.315137043967247, Validation loss: 0.47593727712631223, Validation accuracy: 0.8779
Adjusting learning rate of group 0 to 1.0000e-02.
Epoch: 104, Train loss: 0.29965918442726136, Validation loss: 0.4816606039047241, Validation accuracy: 0.8834
Adjusting learning rate of group 0 to 1.0000e-02.
Epoch: 105, Train loss: 0.28196712520599365, Validation loss: 0.49727883224487307, Validation accuracy: 0.8851
Adjusting learning rate of group 0 to 1.0000e-02.
Epoch: 106, Train loss: 0.27305725833892824, Validation loss: 0.4882715742111206, Validation accuracy: 0.8869
Adjusting learning rate of group 0 to 1.0000e-02.
Epoch: 107, Train loss: 0.2631540957093239, Validation loss: 0.4894152925491333, Validation accuracy: 0.8897
Adjusting learning rate of group 0 to 1.0000e-02.
Epoch: 108, Train loss: 0.25560875763893126, Validation loss: 0.4744097661972046, Validation accuracy: 0.8904
Adjusting learning rate of group 0 to 1.0000e-02.
Epoch: 109, Train loss: 0.24671103949546813, Validation loss: 0.4650386116027832, Validation accuracy: 0.8898
Adjusting learning rate of group 0 to 1.0000e-02.
Epoch: 110, Train loss: 0.24113070870399475, Validation loss: 0.47095741233825683, Validation accuracy: 0.8887
Adjusting learning rate of group 0 to 1.0000e-02.
Epoch: 111, Train loss: 0.23998908012390135, Validation loss: 0.46245569372177125, Validation accuracy: 0.8943
Adjusting learning rate of group 0 to 1.0000e-02.
Epoch: 112, Train loss: 0.2281965314769745, Validation loss: 0.4888967655181885, Validation accuracy: 0.8953
Adjusting learning rate of group 0 to 1.0000e-02.
Epoch: 113, Train loss: 0.22483765331745148, Validation loss: 0.4793862762451172, Validation accuracy: 0.8958
Adjusting learning rate of group 0 to 1.0000e-02.
Epoch: 114, Train loss: 0.21564787657260895, Validation loss: 0.4838285850524902, Validation accuracy: 0.8929
Adjusting learning rate of group 0 to 1.0000e-02.
Epoch: 115, Train loss: 0.20849192008495332, Validation loss: 0.5318377969741821, Validation accuracy: 0.8926
Adjusting learning rate of group 0 to 1.0000e-02.
Epoch: 116, Train loss: 0.2073197714805603, Validation loss: 0.5484671768188476, Validation accuracy: 0.8933
Adjusting learning rate of group 0 to 1.0000e-02.
Epoch: 117, Train loss: 0.1963420608997345, Validation loss: 0.5105625378608704, Validation accuracy: 0.8945
Adjusting learning rate of group 0 to 1.0000e-02.
Epoch: 118, Train loss: 0.20112287326812744, Validation loss: 0.5126040323257446, Validation accuracy: 0.8935
Adjusting learning rate of group 0 to 1.0000e-02.
Epoch: 119, Train loss: 0.19295019538879393, Validation loss: 0.5327357653617859, Validation accuracy: 0.8953
Adjusting learning rate of group 0 to 1.0000e-02.
Epoch: 120, Train loss: 0.19152454000473024, Validation loss: 0.5061494342803955, Validation accuracy: 0.8948
Adjusting learning rate of group 0 to 1.0000e-02.
Epoch: 121, Train loss: 0.1866109221792221, Validation loss: 0.5190670040130615, Validation accuracy: 0.8936
Adjusting learning rate of group 0 to 1.0000e-02.
Epoch: 122, Train loss: 0.18263272479534148, Validation loss: 0.5044850315093994, Validation accuracy: 0.8981
Adjusting learning rate of group 0 to 1.0000e-02.
Epoch: 123, Train loss: 0.17747497381925584, Validation loss: 0.5586769271850586, Validation accuracy: 0.8963
Adjusting learning rate of group 0 to 1.0000e-02.
Epoch: 124, Train loss: 0.17527144598007202, Validation loss: 0.5185980278015137, Validation accuracy: 0.8941
Adjusting learning rate of group 0 to 1.0000e-02.
Epoch: 125, Train loss: 0.17468206761837005, Validation loss: 0.5528203657150269, Validation accuracy: 0.8929
Adjusting learning rate of group 0 to 1.0000e-02.
Epoch: 126, Train loss: 0.17103511286735534, Validation loss: 0.5711594918251037, Validation accuracy: 0.8958
Adjusting learning rate of group 0 to 1.0000e-02.
Epoch: 127, Train loss: 0.16713190481185913, Validation loss: 0.539081476020813, Validation accuracy: 0.8951
Adjusting learning rate of group 0 to 1.0000e-02.
Epoch: 128, Train loss: 0.16641924840927125, Validation loss: 0.6356522676467895, Validation accuracy: 0.8934
Adjusting learning rate of group 0 to 1.0000e-02.
Epoch: 129, Train loss: 0.16604099225997926, Validation loss: 0.5706665668487548, Validation accuracy: 0.8947
Adjusting learning rate of group 0 to 1.0000e-02.
Epoch: 130, Train loss: 0.16767786751747132, Validation loss: 0.6414907474517823, Validation accuracy: 0.8911
Adjusting learning rate of group 0 to 1.0000e-02.
Epoch: 131, Train loss: 0.15958794781446456, Validation loss: 0.5447012617111207, Validation accuracy: 0.8958
Adjusting learning rate of group 0 to 1.0000e-02.
Epoch: 132, Train loss: 0.16249380784034728, Validation loss: 0.5724846742630005, Validation accuracy: 0.8998
Adjusting learning rate of group 0 to 1.0000e-02.
Epoch: 133, Train loss: 0.15589568249225616, Validation loss: 0.5928608045578003, Validation accuracy: 0.8942
Adjusting learning rate of group 0 to 1.0000e-02.
Epoch: 134, Train loss: 0.15705634828567505, Validation loss: 0.6060830625534057, Validation accuracy: 0.8989
Adjusting learning rate of group 0 to 1.0000e-02.
Epoch: 135, Train loss: 0.15513784030675887, Validation loss: 0.5888343935012817, Validation accuracy: 0.8974
Adjusting learning rate of group 0 to 1.0000e-02.
Epoch: 136, Train loss: 0.15301467468976976, Validation loss: 0.5905624595642089, Validation accuracy: 0.898
Adjusting learning rate of group 0 to 1.0000e-02.
Epoch: 137, Train loss: 0.15749561477184296, Validation loss: 0.6118117414474488, Validation accuracy: 0.8948
Adjusting learning rate of group 0 to 1.0000e-02.
Epoch: 138, Train loss: 0.15385389189720153, Validation loss: 0.5620259298324585, Validation accuracy: 0.894
Adjusting learning rate of group 0 to 1.0000e-02.
Epoch: 139, Train loss: 0.1507184826207161, Validation loss: 0.5877327363014221, Validation accuracy: 0.8918
Adjusting learning rate of group 0 to 1.0000e-02.
Epoch: 140, Train loss: 0.15313324867725372, Validation loss: 0.5492328113079071, Validation accuracy: 0.8914
Adjusting learning rate of group 0 to 1.0000e-02.
Epoch: 141, Train loss: 0.14594387910842896, Validation loss: 0.5820690980911255, Validation accuracy: 0.893
Adjusting learning rate of group 0 to 1.0000e-02.
Epoch: 142, Train loss: 0.15830044095039367, Validation loss: 0.7111586604833603, Validation accuracy: 0.8836
Adjusting learning rate of group 0 to 1.0000e-02.
Epoch: 143, Train loss: 0.15309818229198455, Validation loss: 0.602464041519165, Validation accuracy: 0.8975
Adjusting learning rate of group 0 to 1.0000e-02.
Epoch: 144, Train loss: 0.1462837995147705, Validation loss: 0.5207658428192139, Validation accuracy: 0.896
Adjusting learning rate of group 0 to 1.0000e-02.
Epoch: 145, Train loss: 0.14205543408870697, Validation loss: 0.5769580461502075, Validation accuracy: 0.8987
Adjusting learning rate of group 0 to 1.0000e-02.
Epoch: 146, Train loss: 0.14348873791217803, Validation loss: 0.5801755962371826, Validation accuracy: 0.8963
Adjusting learning rate of group 0 to 1.0000e-02.
Epoch: 147, Train loss: 0.14599782978534698, Validation loss: 0.5616489714622498, Validation accuracy: 0.891
Adjusting learning rate of group 0 to 1.0000e-02.
Epoch: 148, Train loss: 0.14706014093399047, Validation loss: 0.6024974073410034, Validation accuracy: 0.8939
Adjusting learning rate of group 0 to 1.0000e-02.
Epoch: 149, Train loss: 0.13902509845733643, Validation loss: 0.6002463195800781, Validation accuracy: 0.9011
Adjusting learning rate of group 0 to 1.0000e-03.
Epoch: 150, Train loss: 0.138715308842659, Validation loss: 0.7104743146896362, Validation accuracy: 0.8871
Adjusting learning rate of group 0 to 1.0000e-03.
Epoch: 151, Train loss: 0.11555070289373398, Validation loss: 0.5630184644699097, Validation accuracy: 0.9036
Adjusting learning rate of group 0 to 1.0000e-03.
Epoch: 152, Train loss: 0.09923501277446747, Validation loss: 0.5616576969146728, Validation accuracy: 0.9072
Adjusting learning rate of group 0 to 1.0000e-03.
Epoch: 153, Train loss: 0.09362019237518311, Validation loss: 0.5661055122375488, Validation accuracy: 0.9065
Adjusting learning rate of group 0 to 1.0000e-03.
Epoch: 154, Train loss: 0.08589504867076873, Validation loss: 0.56939821434021, Validation accuracy: 0.9089
Adjusting learning rate of group 0 to 1.0000e-03.
Epoch: 155, Train loss: 0.08387527966022491, Validation loss: 0.5596704206466675, Validation accuracy: 0.9091
Adjusting learning rate of group 0 to 1.0000e-03.
Epoch: 156, Train loss: 0.08261298219323158, Validation loss: 0.5915140254974365, Validation accuracy: 0.9089
Adjusting learning rate of group 0 to 1.0000e-03.
Epoch: 157, Train loss: 0.07861676265239716, Validation loss: 0.6039153110504151, Validation accuracy: 0.9103
Adjusting learning rate of group 0 to 1.0000e-03.
Epoch: 158, Train loss: 0.07596255736470223, Validation loss: 0.6109678191184997, Validation accuracy: 0.909
Adjusting learning rate of group 0 to 1.0000e-03.
Epoch: 159, Train loss: 0.07540329677820205, Validation loss: 0.6064377155303955, Validation accuracy: 0.9093
Adjusting learning rate of group 0 to 1.0000e-03.
Epoch: 160, Train loss: 0.073927770216465, Validation loss: 0.6125116600036621, Validation accuracy: 0.9089
Adjusting learning rate of group 0 to 1.0000e-03.
Epoch: 161, Train loss: 0.07133826849460602, Validation loss: 0.6224034551620483, Validation accuracy: 0.9091
Adjusting learning rate of group 0 to 1.0000e-03.
Epoch: 162, Train loss: 0.07218366719007492, Validation loss: 0.6102553563117981, Validation accuracy: 0.9108
Adjusting learning rate of group 0 to 1.0000e-03.
Epoch: 163, Train loss: 0.06939611330389976, Validation loss: 0.630860165309906, Validation accuracy: 0.9098
Adjusting learning rate of group 0 to 1.0000e-03.
Epoch: 164, Train loss: 0.07174549867153168, Validation loss: 0.6231552629470826, Validation accuracy: 0.9096
Adjusting learning rate of group 0 to 1.0000e-03.
Epoch: 165, Train loss: 0.07004076315879822, Validation loss: 0.6407568257331848, Validation accuracy: 0.9106
Adjusting learning rate of group 0 to 1.0000e-03.
Epoch: 166, Train loss: 0.06648038858890533, Validation loss: 0.6611847555160523, Validation accuracy: 0.9098
Adjusting learning rate of group 0 to 1.0000e-03.
Epoch: 167, Train loss: 0.06643876215219498, Validation loss: 0.6619548906326294, Validation accuracy: 0.91
Adjusting learning rate of group 0 to 1.0000e-03.
Epoch: 168, Train loss: 0.06526880077600479, Validation loss: 0.6762372495651245, Validation accuracy: 0.9096
Adjusting learning rate of group 0 to 1.0000e-03.
Epoch: 169, Train loss: 0.06426454111814499, Validation loss: 0.6881836240768433, Validation accuracy: 0.9113
Adjusting learning rate of group 0 to 1.0000e-03.
Epoch: 170, Train loss: 0.06211146189570427, Validation loss: 0.6755147290229797, Validation accuracy: 0.9096
Adjusting learning rate of group 0 to 1.0000e-03.
Epoch: 171, Train loss: 0.06390790537834168, Validation loss: 0.6929193739891052, Validation accuracy: 0.9088
Adjusting learning rate of group 0 to 1.0000e-03.
Epoch: 172, Train loss: 0.063117906229496, Validation loss: 0.6843354978561401, Validation accuracy: 0.9079
Adjusting learning rate of group 0 to 1.0000e-03.
Epoch: 173, Train loss: 0.06055873744726181, Validation loss: 0.6738690500259399, Validation accuracy: 0.9082
Adjusting learning rate of group 0 to 1.0000e-03.
Epoch: 174, Train loss: 0.05921867282509804, Validation loss: 0.7079161521911621, Validation accuracy: 0.9077
Adjusting learning rate of group 0 to 1.0000e-03.
Epoch: 175, Train loss: 0.05784302680969238, Validation loss: 0.690458828163147, Validation accuracy: 0.9091
Adjusting learning rate of group 0 to 1.0000e-03.
Epoch: 176, Train loss: 0.06085837753534317, Validation loss: 0.6886548076629638, Validation accuracy: 0.9098
Adjusting learning rate of group 0 to 1.0000e-03.
Epoch: 177, Train loss: 0.05881856611490249, Validation loss: 0.6958023208618164, Validation accuracy: 0.9097
Adjusting learning rate of group 0 to 1.0000e-03.
Epoch: 178, Train loss: 0.05584253030896187, Validation loss: 0.709972739982605, Validation accuracy: 0.9097
Adjusting learning rate of group 0 to 1.0000e-03.
Epoch: 179, Train loss: 0.05831637971401214, Validation loss: 0.712405309677124, Validation accuracy: 0.9109
Adjusting learning rate of group 0 to 1.0000e-03.
Epoch: 180, Train loss: 0.056175623433589936, Validation loss: 0.6953696464538575, Validation accuracy: 0.9086
Adjusting learning rate of group 0 to 1.0000e-03.
Epoch: 181, Train loss: 0.054999638177156446, Validation loss: 0.728434813785553, Validation accuracy: 0.9089
Adjusting learning rate of group 0 to 1.0000e-03.
Epoch: 182, Train loss: 0.05654310887753963, Validation loss: 0.6931139793395996, Validation accuracy: 0.9107
Adjusting learning rate of group 0 to 1.0000e-03.
Epoch: 183, Train loss: 0.0554939671087265, Validation loss: 0.7167201268196106, Validation accuracy: 0.9095
Adjusting learning rate of group 0 to 1.0000e-03.
Epoch: 184, Train loss: 0.054873604699373246, Validation loss: 0.7298779912948609, Validation accuracy: 0.9096
Adjusting learning rate of group 0 to 1.0000e-03.
Epoch: 185, Train loss: 0.05319911814928055, Validation loss: 0.7271317986488343, Validation accuracy: 0.9087
Adjusting learning rate of group 0 to 1.0000e-03.
Epoch: 186, Train loss: 0.05353597540616989, Validation loss: 0.7364339207649231, Validation accuracy: 0.9079
Adjusting learning rate of group 0 to 1.0000e-03.
Epoch: 187, Train loss: 0.05381208201006055, Validation loss: 0.7297702714920044, Validation accuracy: 0.9091
Adjusting learning rate of group 0 to 1.0000e-03.
Epoch: 188, Train loss: 0.05495043077111244, Validation loss: 0.7317410236358642, Validation accuracy: 0.9072
Adjusting learning rate of group 0 to 1.0000e-03.
Epoch: 189, Train loss: 0.05326996041893959, Validation loss: 0.759469613456726, Validation accuracy: 0.9085
Adjusting learning rate of group 0 to 1.0000e-03.
Epoch: 190, Train loss: 0.053008100697994234, Validation loss: 0.7882661337852478, Validation accuracy: 0.907
Adjusting learning rate of group 0 to 1.0000e-03.
Epoch: 191, Train loss: 0.05323774515122175, Validation loss: 0.7372999382019043, Validation accuracy: 0.9092
Adjusting learning rate of group 0 to 1.0000e-03.
Epoch: 192, Train loss: 0.05190118367791176, Validation loss: 0.756539475440979, Validation accuracy: 0.9082
Adjusting learning rate of group 0 to 1.0000e-03.
Epoch: 193, Train loss: 0.05112286046266556, Validation loss: 0.7508403720855713, Validation accuracy: 0.9094
Adjusting learning rate of group 0 to 1.0000e-03.
Epoch: 194, Train loss: 0.04902996742606163, Validation loss: 0.7789375852584839, Validation accuracy: 0.9074
Adjusting learning rate of group 0 to 1.0000e-03.
Epoch: 195, Train loss: 0.0492905091381073, Validation loss: 0.7652304949760437, Validation accuracy: 0.9096
Adjusting learning rate of group 0 to 1.0000e-03.
Epoch: 196, Train loss: 0.04907375617980957, Validation loss: 0.788360678100586, Validation accuracy: 0.9093
Adjusting learning rate of group 0 to 1.0000e-03.
Epoch: 197, Train loss: 0.04870413496673107, Validation loss: 0.8060893745422363, Validation accuracy: 0.907
Adjusting learning rate of group 0 to 1.0000e-03.
Epoch: 198, Train loss: 0.04764287078857422, Validation loss: 0.774345945930481, Validation accuracy: 0.9085
Adjusting learning rate of group 0 to 1.0000e-03.
Epoch: 199, Train loss: 0.046967832905054095, Validation loss: 0.7663264212608337, Validation accuracy: 0.9087
Accuracy: 0.9087, Parameters: 142
