['ResNet-TRL-Ringed.py', '--core_ranks', '2', '1', '2', '--ring_ranks', '5', '1', '3', '--seed', '4', '--device', 'cuda:2']
Initializing dataloader
Files already downloaded and verified
Files already downloaded and verified
Dataloader has initialized
Initializing model
Adjusting learning rate of group 0 to 1.0000e-02.
Model initialized
Testing model
Tests passed
Adjusting learning rate of group 0 to 2.0000e-02.
Epoch: 0, Train loss: 1.8307275039291382, Validation loss: 1.6119563173294067, Validation accuracy: 0.4074
Adjusting learning rate of group 0 to 3.0000e-02.
Epoch: 1, Train loss: 1.4802010544586182, Validation loss: 1.3391302934646607, Validation accuracy: 0.5072
Adjusting learning rate of group 0 to 4.0000e-02.
Epoch: 2, Train loss: 1.2760630606079102, Validation loss: 1.1892618236541748, Validation accuracy: 0.5583
Adjusting learning rate of group 0 to 5.0000e-02.
Epoch: 3, Train loss: 1.1050264713668823, Validation loss: 1.1706860504150391, Validation accuracy: 0.6062
Adjusting learning rate of group 0 to 6.0000e-02.
Epoch: 4, Train loss: 0.9986537841796875, Validation loss: 1.0277496050834656, Validation accuracy: 0.6444
Adjusting learning rate of group 0 to 7.0000e-02.
Epoch: 5, Train loss: 0.9229382266616821, Validation loss: 0.9335620082855225, Validation accuracy: 0.696
Adjusting learning rate of group 0 to 8.0000e-02.
Epoch: 6, Train loss: 0.8469926573562622, Validation loss: 0.8743734124183655, Validation accuracy: 0.7189
Adjusting learning rate of group 0 to 9.0000e-02.
Epoch: 7, Train loss: 0.7858491900634765, Validation loss: 1.0716316144943236, Validation accuracy: 0.6719
Adjusting learning rate of group 0 to 1.0000e-01.
Epoch: 8, Train loss: 0.7476683006858825, Validation loss: 1.0125614081382752, Validation accuracy: 0.6978
Adjusting learning rate of group 0 to 1.0000e-01.
Epoch: 9, Train loss: 0.7276185802268982, Validation loss: 0.7059785756111145, Validation accuracy: 0.7664
Adjusting learning rate of group 0 to 1.0000e-01.
Epoch: 10, Train loss: 0.6723068375778198, Validation loss: 0.7293916094779969, Validation accuracy: 0.7739
Adjusting learning rate of group 0 to 1.0000e-01.
Epoch: 11, Train loss: 0.6442442982673645, Validation loss: 0.7463975501060486, Validation accuracy: 0.7546
Adjusting learning rate of group 0 to 1.0000e-01.
Epoch: 12, Train loss: 0.6231052236175537, Validation loss: 0.9594429782867432, Validation accuracy: 0.742
Adjusting learning rate of group 0 to 1.0000e-01.
Epoch: 13, Train loss: 0.6003731336402893, Validation loss: 1.0266391198158265, Validation accuracy: 0.7007
Adjusting learning rate of group 0 to 1.0000e-01.
Epoch: 14, Train loss: 0.5807964981651306, Validation loss: 0.6934929759025573, Validation accuracy: 0.7823
Adjusting learning rate of group 0 to 1.0000e-01.
Epoch: 15, Train loss: 0.5602440016078949, Validation loss: 0.9467654153823852, Validation accuracy: 0.7265
Adjusting learning rate of group 0 to 1.0000e-01.
Epoch: 16, Train loss: 0.5443890498542786, Validation loss: 0.6690761804580688, Validation accuracy: 0.7856
Adjusting learning rate of group 0 to 1.0000e-01.
Epoch: 17, Train loss: 0.5367159181213379, Validation loss: 0.6609769320487976, Validation accuracy: 0.7967
Adjusting learning rate of group 0 to 1.0000e-01.
Epoch: 18, Train loss: 0.524467423992157, Validation loss: 0.9956338302612304, Validation accuracy: 0.6857
Adjusting learning rate of group 0 to 1.0000e-01.
Epoch: 19, Train loss: 0.513450350484848, Validation loss: 0.6660844602584839, Validation accuracy: 0.7859
Adjusting learning rate of group 0 to 1.0000e-01.
Epoch: 20, Train loss: 0.5076777407836914, Validation loss: 0.6598704059600831, Validation accuracy: 0.812
Adjusting learning rate of group 0 to 1.0000e-01.
Epoch: 21, Train loss: 0.5018956619644165, Validation loss: 0.7226256544589996, Validation accuracy: 0.7728
Adjusting learning rate of group 0 to 1.0000e-01.
Epoch: 22, Train loss: 0.5038793459129334, Validation loss: 0.99197646484375, Validation accuracy: 0.7653
Adjusting learning rate of group 0 to 1.0000e-01.
Epoch: 23, Train loss: 0.49779225584983827, Validation loss: 0.6785232914924622, Validation accuracy: 0.7988
Adjusting learning rate of group 0 to 1.0000e-01.
Epoch: 24, Train loss: 0.47922267957687376, Validation loss: 0.5881777445793152, Validation accuracy: 0.8048
Adjusting learning rate of group 0 to 1.0000e-01.
Epoch: 25, Train loss: 0.47504743412971495, Validation loss: 0.8208675102233887, Validation accuracy: 0.7766
Adjusting learning rate of group 0 to 1.0000e-01.
Epoch: 26, Train loss: 0.4787385789871216, Validation loss: 0.6401414307117462, Validation accuracy: 0.8097
Adjusting learning rate of group 0 to 1.0000e-01.
Epoch: 27, Train loss: 0.4761774481201172, Validation loss: 0.6958952641487122, Validation accuracy: 0.7866
Adjusting learning rate of group 0 to 1.0000e-01.
Epoch: 28, Train loss: 0.46292079337120057, Validation loss: 0.6389245975494384, Validation accuracy: 0.801
Adjusting learning rate of group 0 to 1.0000e-01.
Epoch: 29, Train loss: 0.456015582113266, Validation loss: 0.8626556423664093, Validation accuracy: 0.7611
Adjusting learning rate of group 0 to 1.0000e-01.
Epoch: 30, Train loss: 0.4470670280265808, Validation loss: 0.5880860516548156, Validation accuracy: 0.8232
Adjusting learning rate of group 0 to 1.0000e-01.
Epoch: 31, Train loss: 0.44723879364967345, Validation loss: 0.6965829383850097, Validation accuracy: 0.7938
Adjusting learning rate of group 0 to 1.0000e-01.
Epoch: 32, Train loss: 0.4404207639503479, Validation loss: 0.7264732949256897, Validation accuracy: 0.7928
Adjusting learning rate of group 0 to 1.0000e-01.
Epoch: 33, Train loss: 0.4390620499706268, Validation loss: 0.6736863693237305, Validation accuracy: 0.8019
Adjusting learning rate of group 0 to 1.0000e-01.
Epoch: 34, Train loss: 0.4419309391975403, Validation loss: 0.5834544456481934, Validation accuracy: 0.8314
Adjusting learning rate of group 0 to 1.0000e-01.
Epoch: 35, Train loss: 0.44355409210205077, Validation loss: 0.6206686074256897, Validation accuracy: 0.8267
Adjusting learning rate of group 0 to 1.0000e-01.
Epoch: 36, Train loss: 0.4318023342704773, Validation loss: 0.5607191230773926, Validation accuracy: 0.8218
Adjusting learning rate of group 0 to 1.0000e-01.
Epoch: 37, Train loss: 0.4238244598388672, Validation loss: 0.6543752002716064, Validation accuracy: 0.8057
Adjusting learning rate of group 0 to 1.0000e-01.
Epoch: 38, Train loss: 0.4136721343898773, Validation loss: 0.5945978806495666, Validation accuracy: 0.8332
Adjusting learning rate of group 0 to 1.0000e-01.
Epoch: 39, Train loss: 0.41888475119590757, Validation loss: 0.4946024507522583, Validation accuracy: 0.8445
Adjusting learning rate of group 0 to 1.0000e-01.
Epoch: 40, Train loss: 0.42416625703811645, Validation loss: 0.5464745003223419, Validation accuracy: 0.8299
Adjusting learning rate of group 0 to 1.0000e-01.
Epoch: 41, Train loss: 0.4150843369722366, Validation loss: 0.7201296878814697, Validation accuracy: 0.8154
Adjusting learning rate of group 0 to 1.0000e-01.
Epoch: 42, Train loss: 0.4208293133544922, Validation loss: 0.5682889256477356, Validation accuracy: 0.8177
Adjusting learning rate of group 0 to 1.0000e-01.
Epoch: 43, Train loss: 0.42189191744804383, Validation loss: 0.5297009080886841, Validation accuracy: 0.8314
Adjusting learning rate of group 0 to 1.0000e-01.
Epoch: 44, Train loss: 0.40732043197631834, Validation loss: 0.6213288103103638, Validation accuracy: 0.8255
Adjusting learning rate of group 0 to 1.0000e-01.
Epoch: 45, Train loss: 0.41252636180877683, Validation loss: 0.7434612717628479, Validation accuracy: 0.7952
Adjusting learning rate of group 0 to 1.0000e-01.
Epoch: 46, Train loss: 0.4124887993431091, Validation loss: 0.6085747087478638, Validation accuracy: 0.8294
Adjusting learning rate of group 0 to 1.0000e-01.
Epoch: 47, Train loss: 0.40532534507751466, Validation loss: 0.49820793681144715, Validation accuracy: 0.8424
Adjusting learning rate of group 0 to 1.0000e-01.
Epoch: 48, Train loss: 0.4071589362812042, Validation loss: 0.6284890257835388, Validation accuracy: 0.8207
Adjusting learning rate of group 0 to 1.0000e-01.
Epoch: 49, Train loss: 0.4049372582530975, Validation loss: 0.7761237933158874, Validation accuracy: 0.7881
Adjusting learning rate of group 0 to 1.0000e-01.
Epoch: 50, Train loss: 0.3958693578338623, Validation loss: 0.8483537788867951, Validation accuracy: 0.7658
Adjusting learning rate of group 0 to 1.0000e-01.
Epoch: 51, Train loss: 0.4188713352012634, Validation loss: 0.5529874759674073, Validation accuracy: 0.8356
Adjusting learning rate of group 0 to 1.0000e-01.
Epoch: 52, Train loss: 0.3939004421043396, Validation loss: 0.6447515481948852, Validation accuracy: 0.8022
Adjusting learning rate of group 0 to 1.0000e-01.
Epoch: 53, Train loss: 0.39116120655059816, Validation loss: 0.53475828166008, Validation accuracy: 0.8332
Adjusting learning rate of group 0 to 1.0000e-01.
Epoch: 54, Train loss: 0.39917446432113646, Validation loss: 0.5185981223106384, Validation accuracy: 0.8463
Adjusting learning rate of group 0 to 1.0000e-01.
Epoch: 55, Train loss: 0.39560045434951785, Validation loss: 0.49993202204704285, Validation accuracy: 0.8325
Adjusting learning rate of group 0 to 1.0000e-01.
Epoch: 56, Train loss: 0.3911871393108368, Validation loss: 0.6006353930473327, Validation accuracy: 0.8278
Adjusting learning rate of group 0 to 1.0000e-01.
Epoch: 57, Train loss: 0.3916583899688721, Validation loss: 0.5322638998985291, Validation accuracy: 0.8395
Adjusting learning rate of group 0 to 1.0000e-01.
Epoch: 58, Train loss: 0.39359324145317076, Validation loss: 0.5055583243846893, Validation accuracy: 0.8455
Adjusting learning rate of group 0 to 1.0000e-01.
Epoch: 59, Train loss: 0.38678905423164367, Validation loss: 0.5925172789573669, Validation accuracy: 0.8093
Adjusting learning rate of group 0 to 1.0000e-01.
Epoch: 60, Train loss: 0.3947254984855652, Validation loss: 0.7232919608831405, Validation accuracy: 0.8091
Adjusting learning rate of group 0 to 1.0000e-01.
Epoch: 61, Train loss: 0.39000799761772154, Validation loss: 0.6632402286529541, Validation accuracy: 0.8176
Adjusting learning rate of group 0 to 1.0000e-01.
Epoch: 62, Train loss: 0.38172811008453367, Validation loss: 0.5984544607162475, Validation accuracy: 0.8231
Adjusting learning rate of group 0 to 1.0000e-01.
Epoch: 63, Train loss: 0.38525996923446654, Validation loss: 0.8309399968147277, Validation accuracy: 0.7771
Adjusting learning rate of group 0 to 1.0000e-01.
Epoch: 64, Train loss: 0.3871057969856262, Validation loss: 0.5231014801979065, Validation accuracy: 0.8419
Adjusting learning rate of group 0 to 1.0000e-01.
Epoch: 65, Train loss: 0.3851363548374176, Validation loss: 0.5630242716789245, Validation accuracy: 0.8296
Adjusting learning rate of group 0 to 1.0000e-01.
Epoch: 66, Train loss: 0.38022067419052125, Validation loss: 0.5222900671958923, Validation accuracy: 0.8402
Adjusting learning rate of group 0 to 1.0000e-01.
Epoch: 67, Train loss: 0.3806401818561554, Validation loss: 0.9302302491188049, Validation accuracy: 0.7726
Adjusting learning rate of group 0 to 1.0000e-01.
Epoch: 68, Train loss: 0.3820250894832611, Validation loss: 0.8579224564552307, Validation accuracy: 0.7483
Adjusting learning rate of group 0 to 1.0000e-01.
Epoch: 69, Train loss: 0.38336068886756897, Validation loss: 1.2266373083114623, Validation accuracy: 0.7356
Adjusting learning rate of group 0 to 1.0000e-01.
Epoch: 70, Train loss: 0.3780741107749939, Validation loss: 0.6531529325485229, Validation accuracy: 0.8194
Adjusting learning rate of group 0 to 1.0000e-01.
Epoch: 71, Train loss: 0.3732687802314758, Validation loss: 0.6326391489028931, Validation accuracy: 0.8341
Adjusting learning rate of group 0 to 1.0000e-01.
Epoch: 72, Train loss: 0.3698220132255554, Validation loss: 0.6348263392925263, Validation accuracy: 0.8307
Adjusting learning rate of group 0 to 1.0000e-01.
Epoch: 73, Train loss: 0.3621701792907715, Validation loss: 0.5369166212558746, Validation accuracy: 0.8591
Adjusting learning rate of group 0 to 1.0000e-01.
Epoch: 74, Train loss: 0.3664743789100647, Validation loss: 0.6080961863517761, Validation accuracy: 0.8192
Adjusting learning rate of group 0 to 1.0000e-01.
Epoch: 75, Train loss: 0.37252963232040404, Validation loss: 0.5957667694091797, Validation accuracy: 0.8366
Adjusting learning rate of group 0 to 1.0000e-01.
Epoch: 76, Train loss: 0.37638683738708495, Validation loss: 0.6131850868225097, Validation accuracy: 0.8284
Adjusting learning rate of group 0 to 1.0000e-01.
Epoch: 77, Train loss: 0.36371172842025756, Validation loss: 0.5433115431785583, Validation accuracy: 0.8477
Adjusting learning rate of group 0 to 1.0000e-01.
Epoch: 78, Train loss: 0.3689850805664063, Validation loss: 0.5618061398029327, Validation accuracy: 0.8438
Adjusting learning rate of group 0 to 1.0000e-01.
Epoch: 79, Train loss: 0.3705148302555084, Validation loss: 0.5998578497886657, Validation accuracy: 0.8328
Adjusting learning rate of group 0 to 1.0000e-01.
Epoch: 80, Train loss: 0.3708204497337341, Validation loss: 0.6029701930046082, Validation accuracy: 0.8504
Adjusting learning rate of group 0 to 1.0000e-01.
Epoch: 81, Train loss: 0.38245883169174194, Validation loss: 0.5707710859298706, Validation accuracy: 0.8362
Adjusting learning rate of group 0 to 1.0000e-01.
Epoch: 82, Train loss: 0.36362202894210816, Validation loss: 0.5235582865715027, Validation accuracy: 0.8405
Adjusting learning rate of group 0 to 1.0000e-01.
Epoch: 83, Train loss: 0.3650618646430969, Validation loss: 0.5822746451854706, Validation accuracy: 0.8334
Adjusting learning rate of group 0 to 1.0000e-01.
Epoch: 84, Train loss: 0.37030676802635193, Validation loss: 0.6340018143653869, Validation accuracy: 0.8006
Adjusting learning rate of group 0 to 1.0000e-01.
Epoch: 85, Train loss: 0.35723425890922544, Validation loss: 0.536584636592865, Validation accuracy: 0.8389
Adjusting learning rate of group 0 to 1.0000e-01.
Epoch: 86, Train loss: 0.38397808708190917, Validation loss: 0.45875566816329955, Validation accuracy: 0.8602
Adjusting learning rate of group 0 to 1.0000e-01.
Epoch: 87, Train loss: 0.35852452625274656, Validation loss: 0.5030798063278198, Validation accuracy: 0.8466
Adjusting learning rate of group 0 to 1.0000e-01.
Epoch: 88, Train loss: 0.3615344621181488, Validation loss: 0.5864889923095703, Validation accuracy: 0.8284
Adjusting learning rate of group 0 to 1.0000e-01.
Epoch: 89, Train loss: 0.35982239735603333, Validation loss: 0.4969695411682129, Validation accuracy: 0.837
Adjusting learning rate of group 0 to 1.0000e-01.
Epoch: 90, Train loss: 0.3716087839698792, Validation loss: 0.5701007336616516, Validation accuracy: 0.8345
Adjusting learning rate of group 0 to 1.0000e-01.
Epoch: 91, Train loss: 0.36424678336143496, Validation loss: 0.5360013693809509, Validation accuracy: 0.8428
Adjusting learning rate of group 0 to 1.0000e-01.
Epoch: 92, Train loss: 0.3631307688999176, Validation loss: 0.5903096285104752, Validation accuracy: 0.8162
Adjusting learning rate of group 0 to 1.0000e-01.
Epoch: 93, Train loss: 0.3533653004789352, Validation loss: 0.6286500856399536, Validation accuracy: 0.8303
Adjusting learning rate of group 0 to 1.0000e-01.
Epoch: 94, Train loss: 0.35839167386054993, Validation loss: 0.5436425889968872, Validation accuracy: 0.8488
Adjusting learning rate of group 0 to 1.0000e-01.
Epoch: 95, Train loss: 0.3609506696128845, Validation loss: 0.4349109577655792, Validation accuracy: 0.867
Adjusting learning rate of group 0 to 1.0000e-01.
Epoch: 96, Train loss: 0.3639275604057312, Validation loss: 0.6352415128707886, Validation accuracy: 0.8061
Adjusting learning rate of group 0 to 1.0000e-01.
Epoch: 97, Train loss: 0.35470930438995363, Validation loss: 0.5593005125999451, Validation accuracy: 0.8431
Adjusting learning rate of group 0 to 1.0000e-01.
Epoch: 98, Train loss: 0.36114212915420535, Validation loss: 0.5875596509933472, Validation accuracy: 0.8403
Adjusting learning rate of group 0 to 1.0000e-01.
Epoch: 99, Train loss: 0.35646521198272707, Validation loss: 0.5477978853225708, Validation accuracy: 0.8465
Adjusting learning rate of group 0 to 1.0000e-02.
Epoch: 100, Train loss: 0.3586147611427307, Validation loss: 0.5610357419967651, Validation accuracy: 0.8549
Adjusting learning rate of group 0 to 1.0000e-02.
Epoch: 101, Train loss: 0.20995823238372802, Validation loss: 0.31751375312805175, Validation accuracy: 0.907
Adjusting learning rate of group 0 to 1.0000e-02.
Epoch: 102, Train loss: 0.16857047867774963, Validation loss: 0.31012458639144896, Validation accuracy: 0.9109
Adjusting learning rate of group 0 to 1.0000e-02.
Epoch: 103, Train loss: 0.1502549869155884, Validation loss: 0.33086772918701174, Validation accuracy: 0.911
Adjusting learning rate of group 0 to 1.0000e-02.
Epoch: 104, Train loss: 0.14113420404434204, Validation loss: 0.30787490253448485, Validation accuracy: 0.9129
Adjusting learning rate of group 0 to 1.0000e-02.
Epoch: 105, Train loss: 0.13042367468833924, Validation loss: 0.29657870807647707, Validation accuracy: 0.9172
Adjusting learning rate of group 0 to 1.0000e-02.
Epoch: 106, Train loss: 0.12359434705495834, Validation loss: 0.3122693681716919, Validation accuracy: 0.9171
Adjusting learning rate of group 0 to 1.0000e-02.
Epoch: 107, Train loss: 0.1147819695186615, Validation loss: 0.32521206855773926, Validation accuracy: 0.916
Adjusting learning rate of group 0 to 1.0000e-02.
Epoch: 108, Train loss: 0.1119371818971634, Validation loss: 0.3111259365081787, Validation accuracy: 0.9155
Adjusting learning rate of group 0 to 1.0000e-02.
Epoch: 109, Train loss: 0.10317796979188919, Validation loss: 0.3525155382156372, Validation accuracy: 0.9127
Adjusting learning rate of group 0 to 1.0000e-02.
Epoch: 110, Train loss: 0.10167712658405303, Validation loss: 0.3340775779724121, Validation accuracy: 0.9159
Adjusting learning rate of group 0 to 1.0000e-02.
Epoch: 111, Train loss: 0.10011449817180633, Validation loss: 0.31687768602371214, Validation accuracy: 0.9189
Adjusting learning rate of group 0 to 1.0000e-02.
Epoch: 112, Train loss: 0.09453426925420762, Validation loss: 0.3442457537651062, Validation accuracy: 0.9154
Adjusting learning rate of group 0 to 1.0000e-02.
Epoch: 113, Train loss: 0.0908335540986061, Validation loss: 0.3387623450279236, Validation accuracy: 0.9157
Adjusting learning rate of group 0 to 1.0000e-02.
Epoch: 114, Train loss: 0.08755956585407257, Validation loss: 0.3501198494911194, Validation accuracy: 0.9177
Adjusting learning rate of group 0 to 1.0000e-02.
Epoch: 115, Train loss: 0.08751565391302109, Validation loss: 0.3725241156578064, Validation accuracy: 0.9186
Adjusting learning rate of group 0 to 1.0000e-02.
Epoch: 116, Train loss: 0.0840788095164299, Validation loss: 0.3519234115600586, Validation accuracy: 0.9171
Adjusting learning rate of group 0 to 1.0000e-02.
Epoch: 117, Train loss: 0.07636327523469925, Validation loss: 0.41156646022796634, Validation accuracy: 0.9162
Adjusting learning rate of group 0 to 1.0000e-02.
Epoch: 118, Train loss: 0.07692142075836658, Validation loss: 0.36383456897735594, Validation accuracy: 0.9165
Adjusting learning rate of group 0 to 1.0000e-02.
Epoch: 119, Train loss: 0.07561818677663804, Validation loss: 0.3600336639404297, Validation accuracy: 0.918
Adjusting learning rate of group 0 to 1.0000e-02.
Epoch: 120, Train loss: 0.07363396541357041, Validation loss: 0.3726727644920349, Validation accuracy: 0.9162
Adjusting learning rate of group 0 to 1.0000e-02.
Epoch: 121, Train loss: 0.07075450639128684, Validation loss: 0.3819614002227783, Validation accuracy: 0.9172
Adjusting learning rate of group 0 to 1.0000e-02.
Epoch: 122, Train loss: 0.070216109457016, Validation loss: 0.4098613257408142, Validation accuracy: 0.9128
Adjusting learning rate of group 0 to 1.0000e-02.
Epoch: 123, Train loss: 0.06696626288890839, Validation loss: 0.37347361345291136, Validation accuracy: 0.9186
Adjusting learning rate of group 0 to 1.0000e-02.
Epoch: 124, Train loss: 0.06592800394773483, Validation loss: 0.40180136766433716, Validation accuracy: 0.917
Adjusting learning rate of group 0 to 1.0000e-02.
Epoch: 125, Train loss: 0.06426067158460617, Validation loss: 0.4127212812423706, Validation accuracy: 0.9123
Adjusting learning rate of group 0 to 1.0000e-02.
Epoch: 126, Train loss: 0.06476503751397134, Validation loss: 0.403492436504364, Validation accuracy: 0.918
Adjusting learning rate of group 0 to 1.0000e-02.
Epoch: 127, Train loss: 0.060278555214703086, Validation loss: 0.40475522394180297, Validation accuracy: 0.9166
Adjusting learning rate of group 0 to 1.0000e-02.
Epoch: 128, Train loss: 0.06015593708515167, Validation loss: 0.4153836181640625, Validation accuracy: 0.9181
Adjusting learning rate of group 0 to 1.0000e-02.
Epoch: 129, Train loss: 0.05889296740531921, Validation loss: 0.39031189842224123, Validation accuracy: 0.918
Adjusting learning rate of group 0 to 1.0000e-02.
Epoch: 130, Train loss: 0.059123787763118746, Validation loss: 0.4245736436843872, Validation accuracy: 0.9121
Adjusting learning rate of group 0 to 1.0000e-02.
Epoch: 131, Train loss: 0.05861221736907959, Validation loss: 0.4054228924751282, Validation accuracy: 0.9189
Adjusting learning rate of group 0 to 1.0000e-02.
Epoch: 132, Train loss: 0.05562863648414612, Validation loss: 0.39543769807815554, Validation accuracy: 0.9199
Adjusting learning rate of group 0 to 1.0000e-02.
Epoch: 133, Train loss: 0.05703238693773746, Validation loss: 0.43813414335250855, Validation accuracy: 0.915
Adjusting learning rate of group 0 to 1.0000e-02.
Epoch: 134, Train loss: 0.056407265806794164, Validation loss: 0.42544328498840334, Validation accuracy: 0.9174
Adjusting learning rate of group 0 to 1.0000e-02.
Epoch: 135, Train loss: 0.052315745794773105, Validation loss: 0.45010206680297854, Validation accuracy: 0.9137
Adjusting learning rate of group 0 to 1.0000e-02.
Epoch: 136, Train loss: 0.055834478315114976, Validation loss: 0.4204350217819214, Validation accuracy: 0.9159
Adjusting learning rate of group 0 to 1.0000e-02.
Epoch: 137, Train loss: 0.051371326928138734, Validation loss: 0.46915533199310305, Validation accuracy: 0.9156
Adjusting learning rate of group 0 to 1.0000e-02.
Epoch: 138, Train loss: 0.05344401915729046, Validation loss: 0.45155621919631955, Validation accuracy: 0.9163
Adjusting learning rate of group 0 to 1.0000e-02.
Epoch: 139, Train loss: 0.05661777086496353, Validation loss: 0.4548371398925781, Validation accuracy: 0.9166
Adjusting learning rate of group 0 to 1.0000e-02.
Epoch: 140, Train loss: 0.05396017961978913, Validation loss: 0.4558513508796692, Validation accuracy: 0.914
Adjusting learning rate of group 0 to 1.0000e-02.
Epoch: 141, Train loss: 0.051832842825055125, Validation loss: 0.4346415267944336, Validation accuracy: 0.9176
Adjusting learning rate of group 0 to 1.0000e-02.
Epoch: 142, Train loss: 0.0527221990442276, Validation loss: 0.438436061000824, Validation accuracy: 0.9191
Adjusting learning rate of group 0 to 1.0000e-02.
Epoch: 143, Train loss: 0.052738949120640755, Validation loss: 0.4361943751335144, Validation accuracy: 0.9185
Adjusting learning rate of group 0 to 1.0000e-02.
Epoch: 144, Train loss: 0.051642114306092265, Validation loss: 0.4272412010192871, Validation accuracy: 0.9159
Adjusting learning rate of group 0 to 1.0000e-02.
Epoch: 145, Train loss: 0.05086277102231979, Validation loss: 0.4341223242759705, Validation accuracy: 0.9183
Adjusting learning rate of group 0 to 1.0000e-02.
Epoch: 146, Train loss: 0.05268734511852265, Validation loss: 0.4325184868812561, Validation accuracy: 0.9159
Adjusting learning rate of group 0 to 1.0000e-02.
Epoch: 147, Train loss: 0.05129180842757225, Validation loss: 0.44203966512680054, Validation accuracy: 0.9137
Adjusting learning rate of group 0 to 1.0000e-02.
Epoch: 148, Train loss: 0.05332984184324741, Validation loss: 0.4059552490234375, Validation accuracy: 0.9216
Adjusting learning rate of group 0 to 1.0000e-02.
Epoch: 149, Train loss: 0.04927527301311493, Validation loss: 0.448323064994812, Validation accuracy: 0.9191
Adjusting learning rate of group 0 to 1.0000e-03.
Epoch: 150, Train loss: 0.05061089155375958, Validation loss: 0.45176419343948365, Validation accuracy: 0.9158
Adjusting learning rate of group 0 to 1.0000e-03.
Epoch: 151, Train loss: 0.03568039966583252, Validation loss: 0.40793764238357544, Validation accuracy: 0.9238
Adjusting learning rate of group 0 to 1.0000e-03.
Epoch: 152, Train loss: 0.0265638964420557, Validation loss: 0.41673534002304075, Validation accuracy: 0.9242
Adjusting learning rate of group 0 to 1.0000e-03.
Epoch: 153, Train loss: 0.02415119228363037, Validation loss: 0.4309381616592407, Validation accuracy: 0.925
Adjusting learning rate of group 0 to 1.0000e-03.
Epoch: 154, Train loss: 0.021526999628245832, Validation loss: 0.43909061574935915, Validation accuracy: 0.9263
Adjusting learning rate of group 0 to 1.0000e-03.
Epoch: 155, Train loss: 0.019822182624936104, Validation loss: 0.451558181476593, Validation accuracy: 0.9244
Adjusting learning rate of group 0 to 1.0000e-03.
Epoch: 156, Train loss: 0.018216297007501124, Validation loss: 0.4598556288719177, Validation accuracy: 0.9248
Adjusting learning rate of group 0 to 1.0000e-03.
Epoch: 157, Train loss: 0.018541982976049184, Validation loss: 0.47195383281707765, Validation accuracy: 0.9266
Adjusting learning rate of group 0 to 1.0000e-03.
Epoch: 158, Train loss: 0.017145684699714184, Validation loss: 0.4747843027114868, Validation accuracy: 0.9252
Adjusting learning rate of group 0 to 1.0000e-03.
Epoch: 159, Train loss: 0.01644577227808535, Validation loss: 0.4775888463973999, Validation accuracy: 0.9256
Adjusting learning rate of group 0 to 1.0000e-03.
Epoch: 160, Train loss: 0.013838335439488291, Validation loss: 0.4859075887680054, Validation accuracy: 0.9266
Adjusting learning rate of group 0 to 1.0000e-03.
Epoch: 161, Train loss: 0.01574037873312831, Validation loss: 0.48436323947906496, Validation accuracy: 0.9264
Adjusting learning rate of group 0 to 1.0000e-03.
Epoch: 162, Train loss: 0.014375376815721392, Validation loss: 0.4912308629989624, Validation accuracy: 0.9265
Adjusting learning rate of group 0 to 1.0000e-03.
Epoch: 163, Train loss: 0.014360217158794403, Validation loss: 0.4995523365020752, Validation accuracy: 0.9267
Adjusting learning rate of group 0 to 1.0000e-03.
Epoch: 164, Train loss: 0.015169959522485734, Validation loss: 0.5030055366516113, Validation accuracy: 0.9275
Adjusting learning rate of group 0 to 1.0000e-03.
Epoch: 165, Train loss: 0.013365713024847209, Validation loss: 0.5051596103668213, Validation accuracy: 0.9265
Adjusting learning rate of group 0 to 1.0000e-03.
Epoch: 166, Train loss: 0.012308537336736917, Validation loss: 0.5118944129943848, Validation accuracy: 0.9274
Adjusting learning rate of group 0 to 1.0000e-03.
Epoch: 167, Train loss: 0.011794018656760455, Validation loss: 0.5171603672027588, Validation accuracy: 0.9273
Adjusting learning rate of group 0 to 1.0000e-03.
Epoch: 168, Train loss: 0.013122489462792873, Validation loss: 0.5055318166732788, Validation accuracy: 0.928
Adjusting learning rate of group 0 to 1.0000e-03.
Epoch: 169, Train loss: 0.011981685944721102, Validation loss: 0.5161189208984375, Validation accuracy: 0.9268
Adjusting learning rate of group 0 to 1.0000e-03.
Epoch: 170, Train loss: 0.012097476777210832, Validation loss: 0.5268697536468506, Validation accuracy: 0.9272
Adjusting learning rate of group 0 to 1.0000e-03.
Epoch: 171, Train loss: 0.012366353808492422, Validation loss: 0.5170456401824951, Validation accuracy: 0.9274
Adjusting learning rate of group 0 to 1.0000e-03.
Epoch: 172, Train loss: 0.0114671590565145, Validation loss: 0.5228678049087524, Validation accuracy: 0.927
Adjusting learning rate of group 0 to 1.0000e-03.
Epoch: 173, Train loss: 0.011190662347525358, Validation loss: 0.5318188486099243, Validation accuracy: 0.9272
Adjusting learning rate of group 0 to 1.0000e-03.
Epoch: 174, Train loss: 0.01155675398863852, Validation loss: 0.5325288986206055, Validation accuracy: 0.9277
Adjusting learning rate of group 0 to 1.0000e-03.
Epoch: 175, Train loss: 0.010904499504752457, Validation loss: 0.5381327682495117, Validation accuracy: 0.9252
Adjusting learning rate of group 0 to 1.0000e-03.
Epoch: 176, Train loss: 0.011004214097261428, Validation loss: 0.5314028367996216, Validation accuracy: 0.9277
Adjusting learning rate of group 0 to 1.0000e-03.
Epoch: 177, Train loss: 0.009717264275792985, Validation loss: 0.5431963714599609, Validation accuracy: 0.9272
Adjusting learning rate of group 0 to 1.0000e-03.
Epoch: 178, Train loss: 0.010596416376829147, Validation loss: 0.5451378988265991, Validation accuracy: 0.9269
Adjusting learning rate of group 0 to 1.0000e-03.
Epoch: 179, Train loss: 0.009668719283230603, Validation loss: 0.5563590572357178, Validation accuracy: 0.9278
Adjusting learning rate of group 0 to 1.0000e-03.
Epoch: 180, Train loss: 0.008959907652558758, Validation loss: 0.547057844734192, Validation accuracy: 0.9273
Adjusting learning rate of group 0 to 1.0000e-03.
Epoch: 181, Train loss: 0.01034040801346302, Validation loss: 0.553212370300293, Validation accuracy: 0.9278
Adjusting learning rate of group 0 to 1.0000e-03.
Epoch: 182, Train loss: 0.00949634668570012, Validation loss: 0.553152240562439, Validation accuracy: 0.9272
Adjusting learning rate of group 0 to 1.0000e-03.
Epoch: 183, Train loss: 0.009210317455548792, Validation loss: 0.5632147068023682, Validation accuracy: 0.9272
Adjusting learning rate of group 0 to 1.0000e-03.
Epoch: 184, Train loss: 0.009116114153005183, Validation loss: 0.5602717161178589, Validation accuracy: 0.9278
Adjusting learning rate of group 0 to 1.0000e-03.
Epoch: 185, Train loss: 0.009042170648239553, Validation loss: 0.5634395105361939, Validation accuracy: 0.927
Adjusting learning rate of group 0 to 1.0000e-03.
Epoch: 186, Train loss: 0.009144079637192189, Validation loss: 0.5676414922714234, Validation accuracy: 0.9273
Adjusting learning rate of group 0 to 1.0000e-03.
Epoch: 187, Train loss: 0.008388884236738085, Validation loss: 0.5693960834503173, Validation accuracy: 0.9279
Adjusting learning rate of group 0 to 1.0000e-03.
Epoch: 188, Train loss: 0.00883400116197765, Validation loss: 0.5675364925384522, Validation accuracy: 0.9277
Adjusting learning rate of group 0 to 1.0000e-03.
Epoch: 189, Train loss: 0.009012781355232001, Validation loss: 0.5720949966430664, Validation accuracy: 0.9281
Adjusting learning rate of group 0 to 1.0000e-03.
Epoch: 190, Train loss: 0.007596879656305537, Validation loss: 0.5854445867538453, Validation accuracy: 0.9275
Adjusting learning rate of group 0 to 1.0000e-03.
Epoch: 191, Train loss: 0.008848638512454926, Validation loss: 0.5749124195098877, Validation accuracy: 0.9265
Adjusting learning rate of group 0 to 1.0000e-03.
Epoch: 192, Train loss: 0.008094931601881981, Validation loss: 0.5777242101669312, Validation accuracy: 0.9282
Adjusting learning rate of group 0 to 1.0000e-03.
Epoch: 193, Train loss: 0.00774789286294952, Validation loss: 0.5831943607330322, Validation accuracy: 0.926
Adjusting learning rate of group 0 to 1.0000e-03.
Epoch: 194, Train loss: 0.00733972477324307, Validation loss: 0.5879150707244873, Validation accuracy: 0.9267
Adjusting learning rate of group 0 to 1.0000e-03.
Epoch: 195, Train loss: 0.007623668033108115, Validation loss: 0.5876276084899902, Validation accuracy: 0.9273
Adjusting learning rate of group 0 to 1.0000e-03.
Epoch: 196, Train loss: 0.006953201227989048, Validation loss: 0.6040695203781128, Validation accuracy: 0.928
Adjusting learning rate of group 0 to 1.0000e-03.
Epoch: 197, Train loss: 0.007441852309731767, Validation loss: 0.6010790538787841, Validation accuracy: 0.9271
Adjusting learning rate of group 0 to 1.0000e-03.
Epoch: 198, Train loss: 0.007645213061589748, Validation loss: 0.6107565103530884, Validation accuracy: 0.9276
Adjusting learning rate of group 0 to 1.0000e-03.
Epoch: 199, Train loss: 0.00732638768510893, Validation loss: 0.6087006107330323, Validation accuracy: 0.9269
Accuracy: 0.9269, Parameters: 2058
