['ResNet-train.py', '--network', 'resnet', '--classifier', 'gap', '--tensorization', '64', '8', '8', '--ranks', '', '--seed', '7', '--device', 'cuda:2']
Initializing dataloader
Files already downloaded and verified
Files already downloaded and verified
Dataloader has initialized
Initializing model
Adjusting learning rate of group 0 to 1.0000e-02.
Model initialized
Testing model
Tests passed
Adjusting learning rate of group 0 to 2.0000e-02.
Epoch: 0, Train loss: 1.5690372818756104, Validation loss: 1.6951387775421143, Validation accuracy: 0.4789
Adjusting learning rate of group 0 to 3.0000e-02.
Epoch: 1, Train loss: 1.1395038627243042, Validation loss: 1.2082348226547241, Validation accuracy: 0.5832
Adjusting learning rate of group 0 to 4.0000e-02.
Epoch: 2, Train loss: 0.91562363904953, Validation loss: 0.9286863451004028, Validation accuracy: 0.6883
Adjusting learning rate of group 0 to 5.0000e-02.
Epoch: 3, Train loss: 0.7929163457107544, Validation loss: 1.2982572341918945, Validation accuracy: 0.6322
Adjusting learning rate of group 0 to 6.0000e-02.
Epoch: 4, Train loss: 0.7007960459327698, Validation loss: 0.7004485541343689, Validation accuracy: 0.7592
Adjusting learning rate of group 0 to 7.0000e-02.
Epoch: 5, Train loss: 0.6463261507415772, Validation loss: 1.1927446437835694, Validation accuracy: 0.6471
Adjusting learning rate of group 0 to 8.0000e-02.
Epoch: 6, Train loss: 0.5958598496627807, Validation loss: 0.6577510510444641, Validation accuracy: 0.7792
Adjusting learning rate of group 0 to 9.0000e-02.
Epoch: 7, Train loss: 0.5662915634346009, Validation loss: 0.6769574360847473, Validation accuracy: 0.7729
Adjusting learning rate of group 0 to 1.0000e-01.
Epoch: 8, Train loss: 0.5408847574996948, Validation loss: 0.9564020219802857, Validation accuracy: 0.7207
Adjusting learning rate of group 0 to 1.0000e-01.
Epoch: 9, Train loss: 0.5191775486755371, Validation loss: 0.7368954476356506, Validation accuracy: 0.7632
Adjusting learning rate of group 0 to 1.0000e-01.
Epoch: 10, Train loss: 0.4953174147605896, Validation loss: 0.6019634973526001, Validation accuracy: 0.7982
Adjusting learning rate of group 0 to 1.0000e-01.
Epoch: 11, Train loss: 0.4653686715602875, Validation loss: 0.562366237449646, Validation accuracy: 0.8083
Adjusting learning rate of group 0 to 1.0000e-01.
Epoch: 12, Train loss: 0.4472094379806519, Validation loss: 0.6367293657302856, Validation accuracy: 0.7979
Adjusting learning rate of group 0 to 1.0000e-01.
Epoch: 13, Train loss: 0.4398242894744873, Validation loss: 0.665804838848114, Validation accuracy: 0.7892
Adjusting learning rate of group 0 to 1.0000e-01.
Epoch: 14, Train loss: 0.4198632579803467, Validation loss: 0.8191354097366333, Validation accuracy: 0.7448
Adjusting learning rate of group 0 to 1.0000e-01.
Epoch: 15, Train loss: 0.4081465100288391, Validation loss: 0.636012083530426, Validation accuracy: 0.8011
Adjusting learning rate of group 0 to 1.0000e-01.
Epoch: 16, Train loss: 0.4027963272666931, Validation loss: 0.5574616044998169, Validation accuracy: 0.8153
Adjusting learning rate of group 0 to 1.0000e-01.
Epoch: 17, Train loss: 0.3949318075180054, Validation loss: 0.7457546659469605, Validation accuracy: 0.7707
Adjusting learning rate of group 0 to 1.0000e-01.
Epoch: 18, Train loss: 0.3868522283267975, Validation loss: 0.5920726241588593, Validation accuracy: 0.8041
Adjusting learning rate of group 0 to 1.0000e-01.
Epoch: 19, Train loss: 0.3766466685676575, Validation loss: 0.5271767879486084, Validation accuracy: 0.8232
Adjusting learning rate of group 0 to 1.0000e-01.
Epoch: 20, Train loss: 0.37482173994064333, Validation loss: 0.5156857648849488, Validation accuracy: 0.8372
Adjusting learning rate of group 0 to 1.0000e-01.
Epoch: 21, Train loss: 0.37067971787452697, Validation loss: 0.5805201662063598, Validation accuracy: 0.8132
Adjusting learning rate of group 0 to 1.0000e-01.
Epoch: 22, Train loss: 0.3625750755977631, Validation loss: 0.5539323017120361, Validation accuracy: 0.8197
Adjusting learning rate of group 0 to 1.0000e-01.
Epoch: 23, Train loss: 0.3622663108062744, Validation loss: 0.5224991492271424, Validation accuracy: 0.8286
Adjusting learning rate of group 0 to 1.0000e-01.
Epoch: 24, Train loss: 0.3511663170814514, Validation loss: 0.8108901327133179, Validation accuracy: 0.7617
Adjusting learning rate of group 0 to 1.0000e-01.
Epoch: 25, Train loss: 0.3480835532283783, Validation loss: 0.4984562911510467, Validation accuracy: 0.8422
Adjusting learning rate of group 0 to 1.0000e-01.
Epoch: 26, Train loss: 0.3443924658536911, Validation loss: 0.5262557209014893, Validation accuracy: 0.8282
Adjusting learning rate of group 0 to 1.0000e-01.
Epoch: 27, Train loss: 0.35026124757766725, Validation loss: 0.4741492231845856, Validation accuracy: 0.841
Adjusting learning rate of group 0 to 1.0000e-01.
Epoch: 28, Train loss: 0.3406451438522339, Validation loss: 0.4777878207206726, Validation accuracy: 0.8421
Adjusting learning rate of group 0 to 1.0000e-01.
Epoch: 29, Train loss: 0.33593346053123474, Validation loss: 0.5460392518997192, Validation accuracy: 0.8202
Adjusting learning rate of group 0 to 1.0000e-01.
Epoch: 30, Train loss: 0.33429989342689514, Validation loss: 0.7263024599075317, Validation accuracy: 0.79
Adjusting learning rate of group 0 to 1.0000e-01.
Epoch: 31, Train loss: 0.32896128765106203, Validation loss: 0.4522460427761078, Validation accuracy: 0.8507
Adjusting learning rate of group 0 to 1.0000e-01.
Epoch: 32, Train loss: 0.32198264080047606, Validation loss: 0.4937065729141235, Validation accuracy: 0.8498
Adjusting learning rate of group 0 to 1.0000e-01.
Epoch: 33, Train loss: 0.32267526549816133, Validation loss: 0.6416045059204102, Validation accuracy: 0.8108
Adjusting learning rate of group 0 to 1.0000e-01.
Epoch: 34, Train loss: 0.3167291115999222, Validation loss: 0.5484705803871155, Validation accuracy: 0.8247
Adjusting learning rate of group 0 to 1.0000e-01.
Epoch: 35, Train loss: 0.3195799382209778, Validation loss: 0.4929043761253357, Validation accuracy: 0.8441
Adjusting learning rate of group 0 to 1.0000e-01.
Epoch: 36, Train loss: 0.3114734749317169, Validation loss: 0.6383270877838135, Validation accuracy: 0.8101
Adjusting learning rate of group 0 to 1.0000e-01.
Epoch: 37, Train loss: 0.3137635910320282, Validation loss: 0.7178515579223633, Validation accuracy: 0.7965
Adjusting learning rate of group 0 to 1.0000e-01.
Epoch: 38, Train loss: 0.30960113297462466, Validation loss: 0.5382525001525879, Validation accuracy: 0.8274
Adjusting learning rate of group 0 to 1.0000e-01.
Epoch: 39, Train loss: 0.3109218937397003, Validation loss: 0.42832743434906007, Validation accuracy: 0.8578
Adjusting learning rate of group 0 to 1.0000e-01.
Epoch: 40, Train loss: 0.3059773532152176, Validation loss: 0.5171474880218506, Validation accuracy: 0.8337
Adjusting learning rate of group 0 to 1.0000e-01.
Epoch: 41, Train loss: 0.30693716995239256, Validation loss: 0.5609672082901, Validation accuracy: 0.8261
Adjusting learning rate of group 0 to 1.0000e-01.
Epoch: 42, Train loss: 0.30179261995315554, Validation loss: 0.4639778112411499, Validation accuracy: 0.8489
Adjusting learning rate of group 0 to 1.0000e-01.
Epoch: 43, Train loss: 0.30679224391937254, Validation loss: 0.4723295298099518, Validation accuracy: 0.8463
Adjusting learning rate of group 0 to 1.0000e-01.
Epoch: 44, Train loss: 0.2978437384033203, Validation loss: 0.4178444981098175, Validation accuracy: 0.8591
Adjusting learning rate of group 0 to 1.0000e-01.
Epoch: 45, Train loss: 0.29627263388156894, Validation loss: 0.5063676465511322, Validation accuracy: 0.8374
Adjusting learning rate of group 0 to 1.0000e-01.
Epoch: 46, Train loss: 0.2913969099998474, Validation loss: 0.4339816827774048, Validation accuracy: 0.8562
Adjusting learning rate of group 0 to 1.0000e-01.
Epoch: 47, Train loss: 0.2882746015739441, Validation loss: 0.46056238250732423, Validation accuracy: 0.8501
Adjusting learning rate of group 0 to 1.0000e-01.
Epoch: 48, Train loss: 0.29175555490493776, Validation loss: 0.5199587936401368, Validation accuracy: 0.8372
Adjusting learning rate of group 0 to 1.0000e-01.
Epoch: 49, Train loss: 0.29252145352363584, Validation loss: 0.5378053286790848, Validation accuracy: 0.8273
Adjusting learning rate of group 0 to 1.0000e-01.
Epoch: 50, Train loss: 0.2883477543449402, Validation loss: 0.5158174244880677, Validation accuracy: 0.8398
Adjusting learning rate of group 0 to 1.0000e-01.
Epoch: 51, Train loss: 0.2919459325695038, Validation loss: 0.4467994350194931, Validation accuracy: 0.8608
Adjusting learning rate of group 0 to 1.0000e-01.
Epoch: 52, Train loss: 0.288307437286377, Validation loss: 0.5168586178779602, Validation accuracy: 0.8442
Adjusting learning rate of group 0 to 1.0000e-01.
Epoch: 53, Train loss: 0.2849740442085266, Validation loss: 0.5026785702705383, Validation accuracy: 0.8373
Adjusting learning rate of group 0 to 1.0000e-01.
Epoch: 54, Train loss: 0.287833313331604, Validation loss: 0.68963292760849, Validation accuracy: 0.7928
Adjusting learning rate of group 0 to 1.0000e-01.
Epoch: 55, Train loss: 0.282198049993515, Validation loss: 0.4735331117630005, Validation accuracy: 0.8444
Adjusting learning rate of group 0 to 1.0000e-01.
Epoch: 56, Train loss: 0.28304084300994875, Validation loss: 0.5174420204162598, Validation accuracy: 0.8351
Adjusting learning rate of group 0 to 1.0000e-01.
Epoch: 57, Train loss: 0.27984444519996643, Validation loss: 0.580111718082428, Validation accuracy: 0.8256
Adjusting learning rate of group 0 to 1.0000e-01.
Epoch: 58, Train loss: 0.2803897682619095, Validation loss: 0.48696930649280545, Validation accuracy: 0.845
Adjusting learning rate of group 0 to 1.0000e-01.
Epoch: 59, Train loss: 0.2801144526767731, Validation loss: 0.40429735207557677, Validation accuracy: 0.8668
Adjusting learning rate of group 0 to 1.0000e-01.
Epoch: 60, Train loss: 0.27872784980773924, Validation loss: 0.44587125463485716, Validation accuracy: 0.8543
Adjusting learning rate of group 0 to 1.0000e-01.
Epoch: 61, Train loss: 0.2805818692016602, Validation loss: 0.3799724546909332, Validation accuracy: 0.8686
Adjusting learning rate of group 0 to 1.0000e-01.
Epoch: 62, Train loss: 0.2763104919338226, Validation loss: 0.3946918307781219, Validation accuracy: 0.8682
Adjusting learning rate of group 0 to 1.0000e-01.
Epoch: 63, Train loss: 0.2780368898582459, Validation loss: 0.4698326172828674, Validation accuracy: 0.8531
Adjusting learning rate of group 0 to 1.0000e-01.
Epoch: 64, Train loss: 0.27252978242874143, Validation loss: 0.3884912040233612, Validation accuracy: 0.8736
Adjusting learning rate of group 0 to 1.0000e-01.
Epoch: 65, Train loss: 0.2735808338546753, Validation loss: 0.4733420069694519, Validation accuracy: 0.8485
Adjusting learning rate of group 0 to 1.0000e-01.
Epoch: 66, Train loss: 0.2736111201047897, Validation loss: 0.5399651230335235, Validation accuracy: 0.8253
Adjusting learning rate of group 0 to 1.0000e-01.
Epoch: 67, Train loss: 0.27684871075630185, Validation loss: 0.5217108352184295, Validation accuracy: 0.8314
Adjusting learning rate of group 0 to 1.0000e-01.
Epoch: 68, Train loss: 0.2731781158351898, Validation loss: 0.5390016553878784, Validation accuracy: 0.8301
Adjusting learning rate of group 0 to 1.0000e-01.
Epoch: 69, Train loss: 0.26660895725250244, Validation loss: 0.4567835755109787, Validation accuracy: 0.8564
Adjusting learning rate of group 0 to 1.0000e-01.
Epoch: 70, Train loss: 0.26949634662628175, Validation loss: 0.5377693521499634, Validation accuracy: 0.835
Adjusting learning rate of group 0 to 1.0000e-01.
Epoch: 71, Train loss: 0.2709818866062164, Validation loss: 0.42176803345680236, Validation accuracy: 0.8633
Adjusting learning rate of group 0 to 1.0000e-01.
Epoch: 72, Train loss: 0.26671054594993593, Validation loss: 0.7067867463111878, Validation accuracy: 0.7882
Adjusting learning rate of group 0 to 1.0000e-01.
Epoch: 73, Train loss: 0.27007180869102476, Validation loss: 0.5761373326301574, Validation accuracy: 0.8284
Adjusting learning rate of group 0 to 1.0000e-01.
Epoch: 74, Train loss: 0.27089162721633914, Validation loss: 0.42512151002883913, Validation accuracy: 0.8614
Adjusting learning rate of group 0 to 1.0000e-01.
Epoch: 75, Train loss: 0.26657760844230655, Validation loss: 0.4504339126586914, Validation accuracy: 0.8541
Adjusting learning rate of group 0 to 1.0000e-01.
Epoch: 76, Train loss: 0.266043369140625, Validation loss: 0.5047911007881165, Validation accuracy: 0.8501
Adjusting learning rate of group 0 to 1.0000e-01.
Epoch: 77, Train loss: 0.2682032779788971, Validation loss: 0.454195038151741, Validation accuracy: 0.8598
Adjusting learning rate of group 0 to 1.0000e-01.
Epoch: 78, Train loss: 0.2679946736717224, Validation loss: 0.5377906503677368, Validation accuracy: 0.8368
Adjusting learning rate of group 0 to 1.0000e-01.
Epoch: 79, Train loss: 0.2669873976993561, Validation loss: 0.4742394361972809, Validation accuracy: 0.8568
Adjusting learning rate of group 0 to 1.0000e-01.
Epoch: 80, Train loss: 0.26107471528053283, Validation loss: 0.42908814425468444, Validation accuracy: 0.8619
Adjusting learning rate of group 0 to 1.0000e-01.
Epoch: 81, Train loss: 0.26575209208488465, Validation loss: 0.4228770328521729, Validation accuracy: 0.8686
Adjusting learning rate of group 0 to 1.0000e-01.
Epoch: 82, Train loss: 0.2620598783540726, Validation loss: 0.41062362408638, Validation accuracy: 0.8632
Adjusting learning rate of group 0 to 1.0000e-01.
Epoch: 83, Train loss: 0.26197523391246796, Validation loss: 0.39699370646476745, Validation accuracy: 0.8701
Adjusting learning rate of group 0 to 1.0000e-01.
Epoch: 84, Train loss: 0.263233596663475, Validation loss: 0.47094963784217836, Validation accuracy: 0.8532
Adjusting learning rate of group 0 to 1.0000e-01.
Epoch: 85, Train loss: 0.2608172991657257, Validation loss: 0.5282817942142487, Validation accuracy: 0.8444
Adjusting learning rate of group 0 to 1.0000e-01.
Epoch: 86, Train loss: 0.26194015446662905, Validation loss: 0.4980182960987091, Validation accuracy: 0.8495
Adjusting learning rate of group 0 to 1.0000e-01.
Epoch: 87, Train loss: 0.26430480429649356, Validation loss: 0.7032785442352295, Validation accuracy: 0.8001
Adjusting learning rate of group 0 to 1.0000e-01.
Epoch: 88, Train loss: 0.26695509282112123, Validation loss: 0.4673747802734375, Validation accuracy: 0.8478
Adjusting learning rate of group 0 to 1.0000e-01.
Epoch: 89, Train loss: 0.25976534062862394, Validation loss: 0.496709592962265, Validation accuracy: 0.8456
Adjusting learning rate of group 0 to 1.0000e-01.
Epoch: 90, Train loss: 0.25780297637939453, Validation loss: 1.0416352321624756, Validation accuracy: 0.7388
Adjusting learning rate of group 0 to 1.0000e-01.
Epoch: 91, Train loss: 0.2655110579395294, Validation loss: 0.4310653075218201, Validation accuracy: 0.8547
Adjusting learning rate of group 0 to 1.0000e-01.
Epoch: 92, Train loss: 0.26217575963020323, Validation loss: 0.40508988399505613, Validation accuracy: 0.8713
Adjusting learning rate of group 0 to 1.0000e-01.
Epoch: 93, Train loss: 0.2574432448482513, Validation loss: 0.53743616065979, Validation accuracy: 0.8355
Adjusting learning rate of group 0 to 1.0000e-01.
Epoch: 94, Train loss: 0.257759133644104, Validation loss: 0.6558038744926452, Validation accuracy: 0.805
Adjusting learning rate of group 0 to 1.0000e-01.
Epoch: 95, Train loss: 0.2581652630996704, Validation loss: 0.5286293300628662, Validation accuracy: 0.8386
Adjusting learning rate of group 0 to 1.0000e-01.
Epoch: 96, Train loss: 0.25179584775924685, Validation loss: 0.43110451974868774, Validation accuracy: 0.8647
Adjusting learning rate of group 0 to 1.0000e-01.
Epoch: 97, Train loss: 0.2594493050956726, Validation loss: 0.675212389755249, Validation accuracy: 0.8015
Adjusting learning rate of group 0 to 1.0000e-01.
Epoch: 98, Train loss: 0.25708374881744384, Validation loss: 0.49983884582519533, Validation accuracy: 0.8432
Adjusting learning rate of group 0 to 1.0000e-01.
Epoch: 99, Train loss: 0.2591978697013855, Validation loss: 0.399123596572876, Validation accuracy: 0.8661
Adjusting learning rate of group 0 to 1.0000e-02.
Epoch: 100, Train loss: 0.2515775164318085, Validation loss: 0.4400721385717392, Validation accuracy: 0.8635
Adjusting learning rate of group 0 to 1.0000e-02.
Epoch: 101, Train loss: 0.14796252868175508, Validation loss: 0.24550203082561492, Validation accuracy: 0.9174
Adjusting learning rate of group 0 to 1.0000e-02.
Epoch: 102, Train loss: 0.11335454895973206, Validation loss: 0.2370522904396057, Validation accuracy: 0.9227
Adjusting learning rate of group 0 to 1.0000e-02.
Epoch: 103, Train loss: 0.0983251598739624, Validation loss: 0.2315314041018486, Validation accuracy: 0.9252
Adjusting learning rate of group 0 to 1.0000e-02.
Epoch: 104, Train loss: 0.09212187816739083, Validation loss: 0.24059676166772842, Validation accuracy: 0.9262
Adjusting learning rate of group 0 to 1.0000e-02.
Epoch: 105, Train loss: 0.08436254969596862, Validation loss: 0.2357067858815193, Validation accuracy: 0.9254
Adjusting learning rate of group 0 to 1.0000e-02.
Epoch: 106, Train loss: 0.07626619046449662, Validation loss: 0.23612786552906037, Validation accuracy: 0.9259
Adjusting learning rate of group 0 to 1.0000e-02.
Epoch: 107, Train loss: 0.07367204659461975, Validation loss: 0.24009001064300536, Validation accuracy: 0.9273
Adjusting learning rate of group 0 to 1.0000e-02.
Epoch: 108, Train loss: 0.06889414464116096, Validation loss: 0.24200254838466645, Validation accuracy: 0.9289
Adjusting learning rate of group 0 to 1.0000e-02.
Epoch: 109, Train loss: 0.06625781196832657, Validation loss: 0.24829118175506593, Validation accuracy: 0.9256
Adjusting learning rate of group 0 to 1.0000e-02.
Epoch: 110, Train loss: 0.06169452102184295, Validation loss: 0.24879289182424547, Validation accuracy: 0.9262
Adjusting learning rate of group 0 to 1.0000e-02.
Epoch: 111, Train loss: 0.057241239490509035, Validation loss: 0.24996392404437065, Validation accuracy: 0.9263
Adjusting learning rate of group 0 to 1.0000e-02.
Epoch: 112, Train loss: 0.055797484221458436, Validation loss: 0.2512210906147957, Validation accuracy: 0.9265
Adjusting learning rate of group 0 to 1.0000e-02.
Epoch: 113, Train loss: 0.05479646027803421, Validation loss: 0.2592045901298523, Validation accuracy: 0.9255
Adjusting learning rate of group 0 to 1.0000e-02.
Epoch: 114, Train loss: 0.052924704296588895, Validation loss: 0.257433415555954, Validation accuracy: 0.926
Adjusting learning rate of group 0 to 1.0000e-02.
Epoch: 115, Train loss: 0.04857779926776886, Validation loss: 0.25975853959321976, Validation accuracy: 0.925
Adjusting learning rate of group 0 to 1.0000e-02.
Epoch: 116, Train loss: 0.04695767830371857, Validation loss: 0.2606777744293213, Validation accuracy: 0.9259
Adjusting learning rate of group 0 to 1.0000e-02.
Epoch: 117, Train loss: 0.04410353900015354, Validation loss: 0.26636518025398254, Validation accuracy: 0.9269
Adjusting learning rate of group 0 to 1.0000e-02.
Epoch: 118, Train loss: 0.043135153744220736, Validation loss: 0.269499969291687, Validation accuracy: 0.9267
Adjusting learning rate of group 0 to 1.0000e-02.
Epoch: 119, Train loss: 0.04273275025963783, Validation loss: 0.26675025408267977, Validation accuracy: 0.9257
Adjusting learning rate of group 0 to 1.0000e-02.
Epoch: 120, Train loss: 0.040794135003089906, Validation loss: 0.2662169293165207, Validation accuracy: 0.9281
Adjusting learning rate of group 0 to 1.0000e-02.
Epoch: 121, Train loss: 0.040205950413942336, Validation loss: 0.2671635146856308, Validation accuracy: 0.9281
Adjusting learning rate of group 0 to 1.0000e-02.
Epoch: 122, Train loss: 0.03810684343963861, Validation loss: 0.27204082255363465, Validation accuracy: 0.9271
Adjusting learning rate of group 0 to 1.0000e-02.
Epoch: 123, Train loss: 0.036745484560132026, Validation loss: 0.26841836619377135, Validation accuracy: 0.9255
Adjusting learning rate of group 0 to 1.0000e-02.
Epoch: 124, Train loss: 0.036357074780464176, Validation loss: 0.2708724321126938, Validation accuracy: 0.9285
Adjusting learning rate of group 0 to 1.0000e-02.
Epoch: 125, Train loss: 0.03524705712795258, Validation loss: 0.28042833647727966, Validation accuracy: 0.9275
Adjusting learning rate of group 0 to 1.0000e-02.
Epoch: 126, Train loss: 0.03504348678946495, Validation loss: 0.28580193657875064, Validation accuracy: 0.9245
Adjusting learning rate of group 0 to 1.0000e-02.
Epoch: 127, Train loss: 0.034844178111553194, Validation loss: 0.299952406167984, Validation accuracy: 0.925
Adjusting learning rate of group 0 to 1.0000e-02.
Epoch: 128, Train loss: 0.032184808968007565, Validation loss: 0.2949673443317413, Validation accuracy: 0.9254
Adjusting learning rate of group 0 to 1.0000e-02.
Epoch: 129, Train loss: 0.03203641113519669, Validation loss: 0.2953083933830261, Validation accuracy: 0.9249
Adjusting learning rate of group 0 to 1.0000e-02.
Epoch: 130, Train loss: 0.032311882915496824, Validation loss: 0.28411444957256315, Validation accuracy: 0.9277
Adjusting learning rate of group 0 to 1.0000e-02.
Epoch: 131, Train loss: 0.03096181432247162, Validation loss: 0.2861436946392059, Validation accuracy: 0.9242
Adjusting learning rate of group 0 to 1.0000e-02.
Epoch: 132, Train loss: 0.03192851611852646, Validation loss: 0.29434126579761505, Validation accuracy: 0.9253
Adjusting learning rate of group 0 to 1.0000e-02.
Epoch: 133, Train loss: 0.030382465230226516, Validation loss: 0.29407683794498446, Validation accuracy: 0.9272
Adjusting learning rate of group 0 to 1.0000e-02.
Epoch: 134, Train loss: 0.029683040167093278, Validation loss: 0.29259207429885864, Validation accuracy: 0.9251
Adjusting learning rate of group 0 to 1.0000e-02.
Epoch: 135, Train loss: 0.027968726793527604, Validation loss: 0.31546974627971647, Validation accuracy: 0.925
Adjusting learning rate of group 0 to 1.0000e-02.
Epoch: 136, Train loss: 0.02845474494755268, Validation loss: 0.28810716891288757, Validation accuracy: 0.9268
Adjusting learning rate of group 0 to 1.0000e-02.
Epoch: 137, Train loss: 0.028088003627061844, Validation loss: 0.30739611282348633, Validation accuracy: 0.9238
Adjusting learning rate of group 0 to 1.0000e-02.
Epoch: 138, Train loss: 0.028964093032181264, Validation loss: 0.30113938657045364, Validation accuracy: 0.9254
Adjusting learning rate of group 0 to 1.0000e-02.
Epoch: 139, Train loss: 0.026782723118662834, Validation loss: 0.28862868876457215, Validation accuracy: 0.9298
Adjusting learning rate of group 0 to 1.0000e-02.
Epoch: 140, Train loss: 0.028575832841396333, Validation loss: 0.29882060322761533, Validation accuracy: 0.926
Adjusting learning rate of group 0 to 1.0000e-02.
Epoch: 141, Train loss: 0.028395091782212258, Validation loss: 0.3267244977712631, Validation accuracy: 0.9206
Adjusting learning rate of group 0 to 1.0000e-02.
Epoch: 142, Train loss: 0.026929316823929548, Validation loss: 0.29041506807804107, Validation accuracy: 0.9283
Adjusting learning rate of group 0 to 1.0000e-02.
Epoch: 143, Train loss: 0.02788631593823433, Validation loss: 0.3064420563697815, Validation accuracy: 0.9244
Adjusting learning rate of group 0 to 1.0000e-02.
Epoch: 144, Train loss: 0.02502620997160673, Validation loss: 0.30732795879244806, Validation accuracy: 0.9247
Adjusting learning rate of group 0 to 1.0000e-02.
Epoch: 145, Train loss: 0.02803276211321354, Validation loss: 0.3089512772321701, Validation accuracy: 0.9229
Adjusting learning rate of group 0 to 1.0000e-02.
Epoch: 146, Train loss: 0.02562638444185257, Validation loss: 0.29969467043876646, Validation accuracy: 0.9263
Adjusting learning rate of group 0 to 1.0000e-02.
Epoch: 147, Train loss: 0.026988405584692954, Validation loss: 0.3083853509902954, Validation accuracy: 0.925
Adjusting learning rate of group 0 to 1.0000e-02.
Epoch: 148, Train loss: 0.02590150962173939, Validation loss: 0.327058540558815, Validation accuracy: 0.9202
Adjusting learning rate of group 0 to 1.0000e-02.
Epoch: 149, Train loss: 0.027604264752864836, Validation loss: 0.3105521373748779, Validation accuracy: 0.9246
Adjusting learning rate of group 0 to 1.0000e-03.
Epoch: 150, Train loss: 0.029743008633852003, Validation loss: 0.31088838777542116, Validation accuracy: 0.9248
Adjusting learning rate of group 0 to 1.0000e-03.
Epoch: 151, Train loss: 0.0188609785091877, Validation loss: 0.27532882523536684, Validation accuracy: 0.9318
Adjusting learning rate of group 0 to 1.0000e-03.
Epoch: 152, Train loss: 0.016263515195250513, Validation loss: 0.27342526216506957, Validation accuracy: 0.9309
Adjusting learning rate of group 0 to 1.0000e-03.
Epoch: 153, Train loss: 0.014067023066580295, Validation loss: 0.27500900847911836, Validation accuracy: 0.9322
Adjusting learning rate of group 0 to 1.0000e-03.
Epoch: 154, Train loss: 0.013393818952441216, Validation loss: 0.2740082311630249, Validation accuracy: 0.9316
Adjusting learning rate of group 0 to 1.0000e-03.
Epoch: 155, Train loss: 0.012252609186172485, Validation loss: 0.27259060225486753, Validation accuracy: 0.932
Adjusting learning rate of group 0 to 1.0000e-03.
Epoch: 156, Train loss: 0.012507167901992798, Validation loss: 0.27316207892894745, Validation accuracy: 0.9328
Adjusting learning rate of group 0 to 1.0000e-03.
Epoch: 157, Train loss: 0.011818721235096455, Validation loss: 0.27283219068050385, Validation accuracy: 0.9325
Adjusting learning rate of group 0 to 1.0000e-03.
Epoch: 158, Train loss: 0.011237675284147262, Validation loss: 0.2762988206863403, Validation accuracy: 0.9331
Adjusting learning rate of group 0 to 1.0000e-03.
Epoch: 159, Train loss: 0.010635323238372803, Validation loss: 0.27263234906196593, Validation accuracy: 0.9332
Adjusting learning rate of group 0 to 1.0000e-03.
Epoch: 160, Train loss: 0.010426842742860317, Validation loss: 0.2732584930419922, Validation accuracy: 0.9325
Adjusting learning rate of group 0 to 1.0000e-03.
Epoch: 161, Train loss: 0.010518320721387864, Validation loss: 0.27655146598815916, Validation accuracy: 0.9324
Adjusting learning rate of group 0 to 1.0000e-03.
Epoch: 162, Train loss: 0.010209808394163846, Validation loss: 0.27452883913516996, Validation accuracy: 0.9327
Adjusting learning rate of group 0 to 1.0000e-03.
Epoch: 163, Train loss: 0.010927048710882663, Validation loss: 0.27605109705924985, Validation accuracy: 0.9322
Adjusting learning rate of group 0 to 1.0000e-03.
Epoch: 164, Train loss: 0.01014751258224249, Validation loss: 0.2760050553798676, Validation accuracy: 0.9326
Adjusting learning rate of group 0 to 1.0000e-03.
Epoch: 165, Train loss: 0.00939375614836812, Validation loss: 0.27841655702590945, Validation accuracy: 0.9326
Adjusting learning rate of group 0 to 1.0000e-03.
Epoch: 166, Train loss: 0.009619441281706095, Validation loss: 0.27627664587497713, Validation accuracy: 0.9322
Adjusting learning rate of group 0 to 1.0000e-03.
Epoch: 167, Train loss: 0.009736073951721191, Validation loss: 0.27892900302410123, Validation accuracy: 0.9323
Adjusting learning rate of group 0 to 1.0000e-03.
Epoch: 168, Train loss: 0.00892580269396305, Validation loss: 0.27906528205871584, Validation accuracy: 0.9315
Adjusting learning rate of group 0 to 1.0000e-03.
Epoch: 169, Train loss: 0.008503804771006108, Validation loss: 0.2772287935018539, Validation accuracy: 0.9328
Adjusting learning rate of group 0 to 1.0000e-03.
Epoch: 170, Train loss: 0.008915170618891716, Validation loss: 0.278626003742218, Validation accuracy: 0.9322
Adjusting learning rate of group 0 to 1.0000e-03.
Epoch: 171, Train loss: 0.00850468571394682, Validation loss: 0.27701494767665863, Validation accuracy: 0.9321
Adjusting learning rate of group 0 to 1.0000e-03.
Epoch: 172, Train loss: 0.008770863214880228, Validation loss: 0.2785530963420868, Validation accuracy: 0.9325
Adjusting learning rate of group 0 to 1.0000e-03.
Epoch: 173, Train loss: 0.009205633809119464, Validation loss: 0.27874513609409335, Validation accuracy: 0.9331
Adjusting learning rate of group 0 to 1.0000e-03.
Epoch: 174, Train loss: 0.008347655962109566, Validation loss: 0.27827378532886504, Validation accuracy: 0.9327
Adjusting learning rate of group 0 to 1.0000e-03.
Epoch: 175, Train loss: 0.008304294192194939, Validation loss: 0.2777538809776306, Validation accuracy: 0.933
Adjusting learning rate of group 0 to 1.0000e-03.
Epoch: 176, Train loss: 0.008299005073457957, Validation loss: 0.27873450951576234, Validation accuracy: 0.9329
Adjusting learning rate of group 0 to 1.0000e-03.
Epoch: 177, Train loss: 0.00822473704189062, Validation loss: 0.2770466363191605, Validation accuracy: 0.934
Adjusting learning rate of group 0 to 1.0000e-03.
Epoch: 178, Train loss: 0.008067929302752018, Validation loss: 0.2811235294818878, Validation accuracy: 0.9334
Adjusting learning rate of group 0 to 1.0000e-03.
Epoch: 179, Train loss: 0.00821006670475006, Validation loss: 0.27872136957645416, Validation accuracy: 0.9341
Adjusting learning rate of group 0 to 1.0000e-03.
Epoch: 180, Train loss: 0.008496318813562394, Validation loss: 0.2794817896127701, Validation accuracy: 0.9335
Adjusting learning rate of group 0 to 1.0000e-03.
Epoch: 181, Train loss: 0.008231457345187664, Validation loss: 0.2813934085845947, Validation accuracy: 0.9327
Adjusting learning rate of group 0 to 1.0000e-03.
Epoch: 182, Train loss: 0.00805384830892086, Validation loss: 0.2820761651992798, Validation accuracy: 0.9325
Adjusting learning rate of group 0 to 1.0000e-03.
Epoch: 183, Train loss: 0.007412796982079744, Validation loss: 0.27846152215003966, Validation accuracy: 0.9327
Adjusting learning rate of group 0 to 1.0000e-03.
Epoch: 184, Train loss: 0.007657879523336887, Validation loss: 0.28219654719829557, Validation accuracy: 0.9324
Adjusting learning rate of group 0 to 1.0000e-03.
Epoch: 185, Train loss: 0.007807550195753575, Validation loss: 0.2822470752716064, Validation accuracy: 0.9323
Adjusting learning rate of group 0 to 1.0000e-03.
Epoch: 186, Train loss: 0.007173899686038494, Validation loss: 0.28516133122444154, Validation accuracy: 0.9331
Adjusting learning rate of group 0 to 1.0000e-03.
Epoch: 187, Train loss: 0.00744362749081105, Validation loss: 0.28464112420082094, Validation accuracy: 0.9327
Adjusting learning rate of group 0 to 1.0000e-03.
Epoch: 188, Train loss: 0.007532520015239716, Validation loss: 0.2861189484119415, Validation accuracy: 0.9319
Adjusting learning rate of group 0 to 1.0000e-03.
Epoch: 189, Train loss: 0.007481339119449258, Validation loss: 0.28218210091590884, Validation accuracy: 0.9328
Adjusting learning rate of group 0 to 1.0000e-03.
Epoch: 190, Train loss: 0.00729178598985076, Validation loss: 0.28330132694244387, Validation accuracy: 0.9329
Adjusting learning rate of group 0 to 1.0000e-03.
Epoch: 191, Train loss: 0.0068414405067265035, Validation loss: 0.28163521003723146, Validation accuracy: 0.9331
Adjusting learning rate of group 0 to 1.0000e-03.
Epoch: 192, Train loss: 0.007130610698759556, Validation loss: 0.28298294398784635, Validation accuracy: 0.9332
Adjusting learning rate of group 0 to 1.0000e-03.
Epoch: 193, Train loss: 0.007256289717555046, Validation loss: 0.28545467433929445, Validation accuracy: 0.9313
Adjusting learning rate of group 0 to 1.0000e-03.
Epoch: 194, Train loss: 0.006995385248661041, Validation loss: 0.2863559582233429, Validation accuracy: 0.9315
Adjusting learning rate of group 0 to 1.0000e-03.
Epoch: 195, Train loss: 0.007083991161882877, Validation loss: 0.28390303213596346, Validation accuracy: 0.9322
Adjusting learning rate of group 0 to 1.0000e-03.
Epoch: 196, Train loss: 0.007215113289356232, Validation loss: 0.2865148992061615, Validation accuracy: 0.9321
Adjusting learning rate of group 0 to 1.0000e-03.
Epoch: 197, Train loss: 0.007118269419968128, Validation loss: 0.28772401185035706, Validation accuracy: 0.9321
Adjusting learning rate of group 0 to 1.0000e-03.
Epoch: 198, Train loss: 0.006606317852437496, Validation loss: 0.28406233053207397, Validation accuracy: 0.9318
Adjusting learning rate of group 0 to 1.0000e-03.
Epoch: 199, Train loss: 0.007046628977954388, Validation loss: 0.28436328778266906, Validation accuracy: 0.932
Accuracy: 0.932, Parameters: 650
