['ResNet-TRL-Tensorized-Full.py', '--tensorization', '8', '8', '8', '8', '--ranks', '[[8, 2, 2, 3, 2], [2, 8, 3, 1, 4], [2, 3, 8, 1, 3], [3, 1, 1, 8, 1], [2, 4, 3, 1, 10]]', '--seed', '1', '--device', 'cuda:3']
Initializing dataloader
Files already downloaded and verified
Files already downloaded and verified
Dataloader has initialized
Initializing model
Adjusting learning rate of group 0 to 1.0000e-02.
Model initialized
Testing model
Tests passed
Adjusting learning rate of group 0 to 2.0000e-02.
Epoch: 0, Train loss: 1.8123341942977906, Validation loss: 1.5172194301605224, Validation accuracy: 0.4472
Adjusting learning rate of group 0 to 3.0000e-02.
Epoch: 1, Train loss: 1.4360998489379884, Validation loss: 1.2481078177452087, Validation accuracy: 0.5439
Adjusting learning rate of group 0 to 4.0000e-02.
Epoch: 2, Train loss: 1.1879649676513673, Validation loss: 1.254457073020935, Validation accuracy: 0.5878
Adjusting learning rate of group 0 to 5.0000e-02.
Epoch: 3, Train loss: 0.9798700127410889, Validation loss: 0.9378854192733764, Validation accuracy: 0.6763
Adjusting learning rate of group 0 to 6.0000e-02.
Epoch: 4, Train loss: 0.8488833786201477, Validation loss: 0.8468123688697815, Validation accuracy: 0.7219
Adjusting learning rate of group 0 to 7.0000e-02.
Epoch: 5, Train loss: 0.7541507403945923, Validation loss: 0.8168495058059693, Validation accuracy: 0.7184
Adjusting learning rate of group 0 to 8.0000e-02.
Epoch: 6, Train loss: 0.7076669409751892, Validation loss: 0.8933985133171082, Validation accuracy: 0.738
Adjusting learning rate of group 0 to 9.0000e-02.
Epoch: 7, Train loss: 0.6595986597061158, Validation loss: 0.8855802171707153, Validation accuracy: 0.7407
Adjusting learning rate of group 0 to 1.0000e-01.
Epoch: 8, Train loss: 0.627278143043518, Validation loss: 0.6657774920940399, Validation accuracy: 0.7822
Adjusting learning rate of group 0 to 1.0000e-01.
Epoch: 9, Train loss: 0.5988040755081177, Validation loss: 0.6889910073280334, Validation accuracy: 0.769
Adjusting learning rate of group 0 to 1.0000e-01.
Epoch: 10, Train loss: 0.5680438073348999, Validation loss: 0.7980688691139222, Validation accuracy: 0.7689
Adjusting learning rate of group 0 to 1.0000e-01.
Epoch: 11, Train loss: 0.5462732554244996, Validation loss: 0.7265756516456604, Validation accuracy: 0.7511
Adjusting learning rate of group 0 to 1.0000e-01.
Epoch: 12, Train loss: 0.5118078196907043, Validation loss: 0.659687575340271, Validation accuracy: 0.7969
Adjusting learning rate of group 0 to 1.0000e-01.
Epoch: 13, Train loss: 0.5003055702209472, Validation loss: 0.7846991054534912, Validation accuracy: 0.7385
Adjusting learning rate of group 0 to 1.0000e-01.
Epoch: 14, Train loss: 0.48619121107101443, Validation loss: 0.6364029762744904, Validation accuracy: 0.8085
Adjusting learning rate of group 0 to 1.0000e-01.
Epoch: 15, Train loss: 0.4745028870677948, Validation loss: 0.7850111783981323, Validation accuracy: 0.767
Adjusting learning rate of group 0 to 1.0000e-01.
Epoch: 16, Train loss: 0.45190839423179624, Validation loss: 0.5741323624134064, Validation accuracy: 0.8322
Adjusting learning rate of group 0 to 1.0000e-01.
Epoch: 17, Train loss: 0.4396137925720215, Validation loss: 0.6799472988128662, Validation accuracy: 0.7803
Adjusting learning rate of group 0 to 1.0000e-01.
Epoch: 18, Train loss: 0.43899808867454526, Validation loss: 0.6492809442520142, Validation accuracy: 0.8131
Adjusting learning rate of group 0 to 1.0000e-01.
Epoch: 19, Train loss: 0.4308119059371948, Validation loss: 0.6635810543060303, Validation accuracy: 0.8174
Adjusting learning rate of group 0 to 1.0000e-01.
Epoch: 20, Train loss: 0.4121953357124329, Validation loss: 0.7169953091144562, Validation accuracy: 0.7918
Adjusting learning rate of group 0 to 1.0000e-01.
Epoch: 21, Train loss: 0.41162986419677733, Validation loss: 0.5128330348968506, Validation accuracy: 0.8364
Adjusting learning rate of group 0 to 1.0000e-01.
Epoch: 22, Train loss: 0.4066185424900055, Validation loss: 0.5316879632949829, Validation accuracy: 0.8307
Adjusting learning rate of group 0 to 1.0000e-01.
Epoch: 23, Train loss: 0.393886233291626, Validation loss: 0.6206280030727387, Validation accuracy: 0.8342
Adjusting learning rate of group 0 to 1.0000e-01.
Epoch: 24, Train loss: 0.40033797410964966, Validation loss: 0.5646068457603455, Validation accuracy: 0.8365
Adjusting learning rate of group 0 to 1.0000e-01.
Epoch: 25, Train loss: 0.3927736260509491, Validation loss: 0.5932276012420654, Validation accuracy: 0.8241
Adjusting learning rate of group 0 to 1.0000e-01.
Epoch: 26, Train loss: 0.39128954504013064, Validation loss: 0.5428054800033569, Validation accuracy: 0.8278
Adjusting learning rate of group 0 to 1.0000e-01.
Epoch: 27, Train loss: 0.3795841760349274, Validation loss: 0.5599206050872803, Validation accuracy: 0.8348
Adjusting learning rate of group 0 to 1.0000e-01.
Epoch: 28, Train loss: 0.37665551476478576, Validation loss: 0.5655846453666687, Validation accuracy: 0.8375
Adjusting learning rate of group 0 to 1.0000e-01.
Epoch: 29, Train loss: 0.3750748858165741, Validation loss: 0.541730561542511, Validation accuracy: 0.8306
Adjusting learning rate of group 0 to 1.0000e-01.
Epoch: 30, Train loss: 0.3691858426475525, Validation loss: 0.5120134858131409, Validation accuracy: 0.8449
Adjusting learning rate of group 0 to 1.0000e-01.
Epoch: 31, Train loss: 0.3653457847595215, Validation loss: 0.48889304547309875, Validation accuracy: 0.8417
Adjusting learning rate of group 0 to 1.0000e-01.
Epoch: 32, Train loss: 0.3614056824684143, Validation loss: 0.4797173124313355, Validation accuracy: 0.8471
Adjusting learning rate of group 0 to 1.0000e-01.
Epoch: 33, Train loss: 0.3540613782787323, Validation loss: 0.6219807703971862, Validation accuracy: 0.8052
Adjusting learning rate of group 0 to 1.0000e-01.
Epoch: 34, Train loss: 0.3598168917655945, Validation loss: 0.4260414793729782, Validation accuracy: 0.86
Adjusting learning rate of group 0 to 1.0000e-01.
Epoch: 35, Train loss: 0.35862118445396424, Validation loss: 0.589683041191101, Validation accuracy: 0.822
Adjusting learning rate of group 0 to 1.0000e-01.
Epoch: 36, Train loss: 0.35986311241149904, Validation loss: 0.7431660117149353, Validation accuracy: 0.7928
Adjusting learning rate of group 0 to 1.0000e-01.
Epoch: 37, Train loss: 0.3476252110671997, Validation loss: 0.49861703615188596, Validation accuracy: 0.8369
Adjusting learning rate of group 0 to 1.0000e-01.
Epoch: 38, Train loss: 0.3467282958698273, Validation loss: 0.7756887982368469, Validation accuracy: 0.8031
Adjusting learning rate of group 0 to 1.0000e-01.
Epoch: 39, Train loss: 0.3532878737449646, Validation loss: 0.4888599153518677, Validation accuracy: 0.8404
Adjusting learning rate of group 0 to 1.0000e-01.
Epoch: 40, Train loss: 0.34432402159690856, Validation loss: 0.5803071655273437, Validation accuracy: 0.8438
Adjusting learning rate of group 0 to 1.0000e-01.
Epoch: 41, Train loss: 0.3451041083335876, Validation loss: 0.5520886198997498, Validation accuracy: 0.8321
Adjusting learning rate of group 0 to 1.0000e-01.
Epoch: 42, Train loss: 0.343819974937439, Validation loss: 0.4107591992855072, Validation accuracy: 0.867
Adjusting learning rate of group 0 to 1.0000e-01.
Epoch: 43, Train loss: 0.34031654809951783, Validation loss: 0.47506399002075195, Validation accuracy: 0.8473
Adjusting learning rate of group 0 to 1.0000e-01.
Epoch: 44, Train loss: 0.33493137746810914, Validation loss: 0.49892259879112244, Validation accuracy: 0.8449
Adjusting learning rate of group 0 to 1.0000e-01.
Epoch: 45, Train loss: 0.33421432634353637, Validation loss: 0.5122408761978149, Validation accuracy: 0.8369
Adjusting learning rate of group 0 to 1.0000e-01.
Epoch: 46, Train loss: 0.3330230932044983, Validation loss: 0.5000214179992676, Validation accuracy: 0.8479
Adjusting learning rate of group 0 to 1.0000e-01.
Epoch: 47, Train loss: 0.34119797945976255, Validation loss: 0.48306224312782287, Validation accuracy: 0.8533
Adjusting learning rate of group 0 to 1.0000e-01.
Epoch: 48, Train loss: 0.3294360283470154, Validation loss: 0.5666108290195465, Validation accuracy: 0.83
Adjusting learning rate of group 0 to 1.0000e-01.
Epoch: 49, Train loss: 0.3257298832511902, Validation loss: 0.5325306276321411, Validation accuracy: 0.8411
Adjusting learning rate of group 0 to 1.0000e-01.
Epoch: 50, Train loss: 0.32277657316207886, Validation loss: 0.5747574608802796, Validation accuracy: 0.8288
Adjusting learning rate of group 0 to 1.0000e-01.
Epoch: 51, Train loss: 0.33107241662979126, Validation loss: 0.5134415590286255, Validation accuracy: 0.8438
Adjusting learning rate of group 0 to 1.0000e-01.
Epoch: 52, Train loss: 0.32282266669273374, Validation loss: 0.6526795220851899, Validation accuracy: 0.8346
Adjusting learning rate of group 0 to 1.0000e-01.
Epoch: 53, Train loss: 0.32630199572563173, Validation loss: 0.5123312099933625, Validation accuracy: 0.8419
Adjusting learning rate of group 0 to 1.0000e-01.
Epoch: 54, Train loss: 0.3236307082748413, Validation loss: 0.6297039297103881, Validation accuracy: 0.8204
Adjusting learning rate of group 0 to 1.0000e-01.
Epoch: 55, Train loss: 0.3197367723083496, Validation loss: 0.5035417991638184, Validation accuracy: 0.8334
Adjusting learning rate of group 0 to 1.0000e-01.
Epoch: 56, Train loss: 0.317301920633316, Validation loss: 0.5059680245399475, Validation accuracy: 0.8503
Adjusting learning rate of group 0 to 1.0000e-01.
Epoch: 57, Train loss: 0.3223790863752365, Validation loss: 0.6673223012924194, Validation accuracy: 0.8345
Adjusting learning rate of group 0 to 1.0000e-01.
Epoch: 58, Train loss: 0.32177709622383116, Validation loss: 0.5962378875732421, Validation accuracy: 0.8302
Adjusting learning rate of group 0 to 1.0000e-01.
Epoch: 59, Train loss: 0.3270020724487305, Validation loss: 0.45817188415527343, Validation accuracy: 0.8612
Adjusting learning rate of group 0 to 1.0000e-01.
Epoch: 60, Train loss: 0.32447935054779053, Validation loss: 0.5521407245159149, Validation accuracy: 0.8295
Adjusting learning rate of group 0 to 1.0000e-01.
Epoch: 61, Train loss: 0.31689137936592104, Validation loss: 0.466771161031723, Validation accuracy: 0.8593
Adjusting learning rate of group 0 to 1.0000e-01.
Epoch: 62, Train loss: 0.3151323429250717, Validation loss: 0.44494724187850954, Validation accuracy: 0.865
Adjusting learning rate of group 0 to 1.0000e-01.
Epoch: 63, Train loss: 0.31636070132255556, Validation loss: 0.5216807641029358, Validation accuracy: 0.8407
Adjusting learning rate of group 0 to 1.0000e-01.
Epoch: 64, Train loss: 0.32466751886367795, Validation loss: 0.6578554667472839, Validation accuracy: 0.8192
Adjusting learning rate of group 0 to 1.0000e-01.
Epoch: 65, Train loss: 0.3139671275138855, Validation loss: 0.6484120213508606, Validation accuracy: 0.812
Adjusting learning rate of group 0 to 1.0000e-01.
Epoch: 66, Train loss: 0.3122320283794403, Validation loss: 0.6162547959327698, Validation accuracy: 0.84
Adjusting learning rate of group 0 to 1.0000e-01.
Epoch: 67, Train loss: 0.31106841919898987, Validation loss: 0.5128139853954315, Validation accuracy: 0.8401
Adjusting learning rate of group 0 to 1.0000e-01.
Epoch: 68, Train loss: 0.31348140813827513, Validation loss: 0.5000131576538086, Validation accuracy: 0.8468
Adjusting learning rate of group 0 to 1.0000e-01.
Epoch: 69, Train loss: 0.307586450920105, Validation loss: 0.5148738333702088, Validation accuracy: 0.8443
Adjusting learning rate of group 0 to 1.0000e-01.
Epoch: 70, Train loss: 0.32039056683540346, Validation loss: 0.4973401979446411, Validation accuracy: 0.8511
Adjusting learning rate of group 0 to 1.0000e-01.
Epoch: 71, Train loss: 0.31696876910686494, Validation loss: 0.47017973065376284, Validation accuracy: 0.8643
Adjusting learning rate of group 0 to 1.0000e-01.
Epoch: 72, Train loss: 0.30893284212112426, Validation loss: 0.6456423980712891, Validation accuracy: 0.8076
Adjusting learning rate of group 0 to 1.0000e-01.
Epoch: 73, Train loss: 0.309588244638443, Validation loss: 0.45455108528137206, Validation accuracy: 0.859
Adjusting learning rate of group 0 to 1.0000e-01.
Epoch: 74, Train loss: 0.3044442584133148, Validation loss: 0.5635748042106629, Validation accuracy: 0.8431
Adjusting learning rate of group 0 to 1.0000e-01.
Epoch: 75, Train loss: 0.3036384911441803, Validation loss: 0.4441487679481506, Validation accuracy: 0.8531
Adjusting learning rate of group 0 to 1.0000e-01.
Epoch: 76, Train loss: 0.3104239697742462, Validation loss: 0.4621961953163147, Validation accuracy: 0.8527
Adjusting learning rate of group 0 to 1.0000e-01.
Epoch: 77, Train loss: 0.3114598344516754, Validation loss: 0.46117764348983764, Validation accuracy: 0.8502
Adjusting learning rate of group 0 to 1.0000e-01.
Epoch: 78, Train loss: 0.31162613018989566, Validation loss: 0.7276254046916961, Validation accuracy: 0.8168
Adjusting learning rate of group 0 to 1.0000e-01.
Epoch: 79, Train loss: 0.3139247288227081, Validation loss: 0.49383786792755124, Validation accuracy: 0.8439
Adjusting learning rate of group 0 to 1.0000e-01.
Epoch: 80, Train loss: 0.30867862650871275, Validation loss: 0.4544437087059021, Validation accuracy: 0.8599
Adjusting learning rate of group 0 to 1.0000e-01.
Epoch: 81, Train loss: 0.30051577770233157, Validation loss: 0.6239477369308472, Validation accuracy: 0.8479
Adjusting learning rate of group 0 to 1.0000e-01.
Epoch: 82, Train loss: 0.3062816764497757, Validation loss: 0.5196231181144715, Validation accuracy: 0.8529
Adjusting learning rate of group 0 to 1.0000e-01.
Epoch: 83, Train loss: 0.3014007135677338, Validation loss: 0.4622309775352478, Validation accuracy: 0.8585
Adjusting learning rate of group 0 to 1.0000e-01.
Epoch: 84, Train loss: 0.29901324177265165, Validation loss: 0.636587094116211, Validation accuracy: 0.8011
Adjusting learning rate of group 0 to 1.0000e-01.
Epoch: 85, Train loss: 0.3009793465232849, Validation loss: 0.49587051610946653, Validation accuracy: 0.8482
Adjusting learning rate of group 0 to 1.0000e-01.
Epoch: 86, Train loss: 0.3000378835773468, Validation loss: 0.44264504499435425, Validation accuracy: 0.8643
Adjusting learning rate of group 0 to 1.0000e-01.
Epoch: 87, Train loss: 0.29896487428665164, Validation loss: 0.5730295086860657, Validation accuracy: 0.821
Adjusting learning rate of group 0 to 1.0000e-01.
Epoch: 88, Train loss: 0.3065665313053131, Validation loss: 0.4573080919742584, Validation accuracy: 0.8537
Adjusting learning rate of group 0 to 1.0000e-01.
Epoch: 89, Train loss: 0.2979581317234039, Validation loss: 0.624368900346756, Validation accuracy: 0.812
Adjusting learning rate of group 0 to 1.0000e-01.
Epoch: 90, Train loss: 0.2997370727062225, Validation loss: 0.4727829679965973, Validation accuracy: 0.8439
Adjusting learning rate of group 0 to 1.0000e-01.
Epoch: 91, Train loss: 0.2949979866409302, Validation loss: 0.4006995982170105, Validation accuracy: 0.8657
Adjusting learning rate of group 0 to 1.0000e-01.
Epoch: 92, Train loss: 0.300619096326828, Validation loss: 0.55190052318573, Validation accuracy: 0.8508
Adjusting learning rate of group 0 to 1.0000e-01.
Epoch: 93, Train loss: 0.3044081120109558, Validation loss: 0.5131237602233887, Validation accuracy: 0.8408
Adjusting learning rate of group 0 to 1.0000e-01.
Epoch: 94, Train loss: 0.2971636384010315, Validation loss: 0.5983468992233276, Validation accuracy: 0.8424
Adjusting learning rate of group 0 to 1.0000e-01.
Epoch: 95, Train loss: 0.2932330584049225, Validation loss: 0.4515137807846069, Validation accuracy: 0.8595
Adjusting learning rate of group 0 to 1.0000e-01.
Epoch: 96, Train loss: 0.29292515073776243, Validation loss: 0.5166503356933594, Validation accuracy: 0.8549
Adjusting learning rate of group 0 to 1.0000e-01.
Epoch: 97, Train loss: 0.2872132769870758, Validation loss: 0.5217319541931152, Validation accuracy: 0.842
Adjusting learning rate of group 0 to 1.0000e-01.
Epoch: 98, Train loss: 0.30091080479621884, Validation loss: 0.6147508790969849, Validation accuracy: 0.8293
Adjusting learning rate of group 0 to 1.0000e-01.
Epoch: 99, Train loss: 0.2965146459293366, Validation loss: 0.6733893309593201, Validation accuracy: 0.8198
Adjusting learning rate of group 0 to 1.0000e-02.
Epoch: 100, Train loss: 0.29673105777740477, Validation loss: 0.434787260389328, Validation accuracy: 0.8631
Adjusting learning rate of group 0 to 1.0000e-02.
Epoch: 101, Train loss: 0.16490386526703835, Validation loss: 0.31245034494400026, Validation accuracy: 0.9151
Adjusting learning rate of group 0 to 1.0000e-02.
Epoch: 102, Train loss: 0.12670816798686982, Validation loss: 0.27579472641944885, Validation accuracy: 0.9199
Adjusting learning rate of group 0 to 1.0000e-02.
Epoch: 103, Train loss: 0.11005051023960113, Validation loss: 0.282403342628479, Validation accuracy: 0.9223
Adjusting learning rate of group 0 to 1.0000e-02.
Epoch: 104, Train loss: 0.10074014755249024, Validation loss: 0.28079266619682314, Validation accuracy: 0.9228
Adjusting learning rate of group 0 to 1.0000e-02.
Epoch: 105, Train loss: 0.09198307230949401, Validation loss: 0.29043202610015867, Validation accuracy: 0.9213
Adjusting learning rate of group 0 to 1.0000e-02.
Epoch: 106, Train loss: 0.08995560762405395, Validation loss: 0.29667505464553834, Validation accuracy: 0.9238
Adjusting learning rate of group 0 to 1.0000e-02.
Epoch: 107, Train loss: 0.0832755459189415, Validation loss: 0.30637852697372436, Validation accuracy: 0.9217
Adjusting learning rate of group 0 to 1.0000e-02.
Epoch: 108, Train loss: 0.07792953515052796, Validation loss: 0.31970095162391665, Validation accuracy: 0.9206
Adjusting learning rate of group 0 to 1.0000e-02.
Epoch: 109, Train loss: 0.07385348612785339, Validation loss: 0.31954627294540405, Validation accuracy: 0.9203
Adjusting learning rate of group 0 to 1.0000e-02.
Epoch: 110, Train loss: 0.07107828296422958, Validation loss: 0.34001318645477296, Validation accuracy: 0.9217
Adjusting learning rate of group 0 to 1.0000e-02.
Epoch: 111, Train loss: 0.06880039961338043, Validation loss: 0.3267005547523499, Validation accuracy: 0.9239
Adjusting learning rate of group 0 to 1.0000e-02.
Epoch: 112, Train loss: 0.06366896360993385, Validation loss: 0.32408769674301147, Validation accuracy: 0.9257
Adjusting learning rate of group 0 to 1.0000e-02.
Epoch: 113, Train loss: 0.06117216617822647, Validation loss: 0.351763916683197, Validation accuracy: 0.9205
Adjusting learning rate of group 0 to 1.0000e-02.
Epoch: 114, Train loss: 0.058459595478773115, Validation loss: 0.33351235399246215, Validation accuracy: 0.9228
Adjusting learning rate of group 0 to 1.0000e-02.
Epoch: 115, Train loss: 0.057872712222337724, Validation loss: 0.3359944660186768, Validation accuracy: 0.924
Adjusting learning rate of group 0 to 1.0000e-02.
Epoch: 116, Train loss: 0.05492538027822971, Validation loss: 0.35221627407073974, Validation accuracy: 0.9245
Adjusting learning rate of group 0 to 1.0000e-02.
Epoch: 117, Train loss: 0.0530788959467411, Validation loss: 0.360746509885788, Validation accuracy: 0.9229
Adjusting learning rate of group 0 to 1.0000e-02.
Epoch: 118, Train loss: 0.05190891853570938, Validation loss: 0.36069919838905334, Validation accuracy: 0.9259
Adjusting learning rate of group 0 to 1.0000e-02.
Epoch: 119, Train loss: 0.0498118018245697, Validation loss: 0.36407882933616637, Validation accuracy: 0.925
Adjusting learning rate of group 0 to 1.0000e-02.
Epoch: 120, Train loss: 0.04917919805526733, Validation loss: 0.3500815389633179, Validation accuracy: 0.925
Adjusting learning rate of group 0 to 1.0000e-02.
Epoch: 121, Train loss: 0.045707628957629205, Validation loss: 0.3941982817173004, Validation accuracy: 0.9226
Adjusting learning rate of group 0 to 1.0000e-02.
Epoch: 122, Train loss: 0.04407388832271099, Validation loss: 0.39232126750946045, Validation accuracy: 0.9265
Adjusting learning rate of group 0 to 1.0000e-02.
Epoch: 123, Train loss: 0.046643889911174775, Validation loss: 0.3799758340835571, Validation accuracy: 0.9242
Adjusting learning rate of group 0 to 1.0000e-02.
Epoch: 124, Train loss: 0.04236922298669815, Validation loss: 0.4339966096878052, Validation accuracy: 0.9213
Adjusting learning rate of group 0 to 1.0000e-02.
Epoch: 125, Train loss: 0.04311112931698561, Validation loss: 0.3947605250358582, Validation accuracy: 0.9241
Adjusting learning rate of group 0 to 1.0000e-02.
Epoch: 126, Train loss: 0.04109575351327658, Validation loss: 0.4158330569267273, Validation accuracy: 0.9241
Adjusting learning rate of group 0 to 1.0000e-02.
Epoch: 127, Train loss: 0.04290716573357582, Validation loss: 0.38539618520736696, Validation accuracy: 0.9235
Adjusting learning rate of group 0 to 1.0000e-02.
Epoch: 128, Train loss: 0.03918631166636944, Validation loss: 0.39912026557922364, Validation accuracy: 0.9232
Adjusting learning rate of group 0 to 1.0000e-02.
Epoch: 129, Train loss: 0.04006593477219343, Validation loss: 0.40550521278381346, Validation accuracy: 0.92
Adjusting learning rate of group 0 to 1.0000e-02.
Epoch: 130, Train loss: 0.03942178707897663, Validation loss: 0.4183829092025757, Validation accuracy: 0.9186
Adjusting learning rate of group 0 to 1.0000e-02.
Epoch: 131, Train loss: 0.038704316791296, Validation loss: 0.39623823647499085, Validation accuracy: 0.9223
Adjusting learning rate of group 0 to 1.0000e-02.
Epoch: 132, Train loss: 0.03787382323801518, Validation loss: 0.44606161193847654, Validation accuracy: 0.9196
Adjusting learning rate of group 0 to 1.0000e-02.
Epoch: 133, Train loss: 0.040861941649317744, Validation loss: 0.41107028546333313, Validation accuracy: 0.9223
Adjusting learning rate of group 0 to 1.0000e-02.
Epoch: 134, Train loss: 0.03830234928905964, Validation loss: 0.4095925896644592, Validation accuracy: 0.9248
Adjusting learning rate of group 0 to 1.0000e-02.
Epoch: 135, Train loss: 0.03763877209424973, Validation loss: 0.42073209838867187, Validation accuracy: 0.9262
Adjusting learning rate of group 0 to 1.0000e-02.
Epoch: 136, Train loss: 0.033105287218280134, Validation loss: 0.47086541872024534, Validation accuracy: 0.9192
Adjusting learning rate of group 0 to 1.0000e-02.
Epoch: 137, Train loss: 0.03562306798696518, Validation loss: 0.4262982230186462, Validation accuracy: 0.9227
Adjusting learning rate of group 0 to 1.0000e-02.
Epoch: 138, Train loss: 0.03595565194308758, Validation loss: 0.43745485911369325, Validation accuracy: 0.9225
Adjusting learning rate of group 0 to 1.0000e-02.
Epoch: 139, Train loss: 0.037108646050691606, Validation loss: 0.4338256283760071, Validation accuracy: 0.9232
Adjusting learning rate of group 0 to 1.0000e-02.
Epoch: 140, Train loss: 0.03753718867987394, Validation loss: 0.42845782852172853, Validation accuracy: 0.9202
Adjusting learning rate of group 0 to 1.0000e-02.
Epoch: 141, Train loss: 0.03779830895602703, Validation loss: 0.4222616327762604, Validation accuracy: 0.9201
Adjusting learning rate of group 0 to 1.0000e-02.
Epoch: 142, Train loss: 0.03628364940226078, Validation loss: 0.4237408905982971, Validation accuracy: 0.9208
Adjusting learning rate of group 0 to 1.0000e-02.
Epoch: 143, Train loss: 0.03706285883069038, Validation loss: 0.4252628302574158, Validation accuracy: 0.9192
Adjusting learning rate of group 0 to 1.0000e-02.
Epoch: 144, Train loss: 0.038510446240305904, Validation loss: 0.4128129992485046, Validation accuracy: 0.9205
Adjusting learning rate of group 0 to 1.0000e-02.
Epoch: 145, Train loss: 0.03589008803486824, Validation loss: 0.44452773580551147, Validation accuracy: 0.9223
Adjusting learning rate of group 0 to 1.0000e-02.
Epoch: 146, Train loss: 0.03530802903532982, Validation loss: 0.4590740284919739, Validation accuracy: 0.9193
Adjusting learning rate of group 0 to 1.0000e-02.
Epoch: 147, Train loss: 0.035889195838570594, Validation loss: 0.42887638654708865, Validation accuracy: 0.9177
Adjusting learning rate of group 0 to 1.0000e-02.
Epoch: 148, Train loss: 0.03541223677515984, Validation loss: 0.4577242691993713, Validation accuracy: 0.9204
Adjusting learning rate of group 0 to 1.0000e-02.
Epoch: 149, Train loss: 0.03822145480632782, Validation loss: 0.45266716766357423, Validation accuracy: 0.9172
Adjusting learning rate of group 0 to 1.0000e-03.
Epoch: 150, Train loss: 0.03526882779061794, Validation loss: 0.4191128932952881, Validation accuracy: 0.9232
Adjusting learning rate of group 0 to 1.0000e-03.
Epoch: 151, Train loss: 0.02201659823283553, Validation loss: 0.39955566854476926, Validation accuracy: 0.9274
Adjusting learning rate of group 0 to 1.0000e-03.
Epoch: 152, Train loss: 0.016985181174874305, Validation loss: 0.39974494256973264, Validation accuracy: 0.9286
Adjusting learning rate of group 0 to 1.0000e-03.
Epoch: 153, Train loss: 0.01498674772426486, Validation loss: 0.4101129383087158, Validation accuracy: 0.9289
Adjusting learning rate of group 0 to 1.0000e-03.
Epoch: 154, Train loss: 0.012299815082401038, Validation loss: 0.4144307746887207, Validation accuracy: 0.9294
Adjusting learning rate of group 0 to 1.0000e-03.
Epoch: 155, Train loss: 0.012289252557717264, Validation loss: 0.4214636414527893, Validation accuracy: 0.9287
Adjusting learning rate of group 0 to 1.0000e-03.
Epoch: 156, Train loss: 0.010670889632254838, Validation loss: 0.4314882343292236, Validation accuracy: 0.9289
Adjusting learning rate of group 0 to 1.0000e-03.
Epoch: 157, Train loss: 0.010850974550396204, Validation loss: 0.4393064004898071, Validation accuracy: 0.9289
Adjusting learning rate of group 0 to 1.0000e-03.
Epoch: 158, Train loss: 0.010313603169936687, Validation loss: 0.4443915952682495, Validation accuracy: 0.9298
Adjusting learning rate of group 0 to 1.0000e-03.
Epoch: 159, Train loss: 0.009499520090185105, Validation loss: 0.44738413257598875, Validation accuracy: 0.9292
Adjusting learning rate of group 0 to 1.0000e-03.
Epoch: 160, Train loss: 0.008248431376628578, Validation loss: 0.45764899320602415, Validation accuracy: 0.9295
Adjusting learning rate of group 0 to 1.0000e-03.
Epoch: 161, Train loss: 0.009644077262803911, Validation loss: 0.46383758087158206, Validation accuracy: 0.9299
Adjusting learning rate of group 0 to 1.0000e-03.
Epoch: 162, Train loss: 0.009313591508120299, Validation loss: 0.465914133644104, Validation accuracy: 0.929
Adjusting learning rate of group 0 to 1.0000e-03.
Epoch: 163, Train loss: 0.008274954125136137, Validation loss: 0.4738152214050293, Validation accuracy: 0.9286
Adjusting learning rate of group 0 to 1.0000e-03.
Epoch: 164, Train loss: 0.007695124990381301, Validation loss: 0.4747479557991028, Validation accuracy: 0.9298
Adjusting learning rate of group 0 to 1.0000e-03.
Epoch: 165, Train loss: 0.00751709169938229, Validation loss: 0.48204598474502564, Validation accuracy: 0.9306
Adjusting learning rate of group 0 to 1.0000e-03.
Epoch: 166, Train loss: 0.008773964964821935, Validation loss: 0.48275179071426394, Validation accuracy: 0.9307
Adjusting learning rate of group 0 to 1.0000e-03.
Epoch: 167, Train loss: 0.007177574665285647, Validation loss: 0.481597956943512, Validation accuracy: 0.9302
Adjusting learning rate of group 0 to 1.0000e-03.
Epoch: 168, Train loss: 0.007376362977121026, Validation loss: 0.4852653655052185, Validation accuracy: 0.9313
Adjusting learning rate of group 0 to 1.0000e-03.
Epoch: 169, Train loss: 0.0072924914360046385, Validation loss: 0.4914172281265259, Validation accuracy: 0.9294
Adjusting learning rate of group 0 to 1.0000e-03.
Epoch: 170, Train loss: 0.00766896081417799, Validation loss: 0.4960227586746216, Validation accuracy: 0.9293
Adjusting learning rate of group 0 to 1.0000e-03.
Epoch: 171, Train loss: 0.007017609296264127, Validation loss: 0.49870772047042844, Validation accuracy: 0.9308
Adjusting learning rate of group 0 to 1.0000e-03.
Epoch: 172, Train loss: 0.007061365335953888, Validation loss: 0.4979690231323242, Validation accuracy: 0.9319
Adjusting learning rate of group 0 to 1.0000e-03.
Epoch: 173, Train loss: 0.007139107376597822, Validation loss: 0.49793417167663573, Validation accuracy: 0.9315
Adjusting learning rate of group 0 to 1.0000e-03.
Epoch: 174, Train loss: 0.006650515883285552, Validation loss: 0.5082554214477539, Validation accuracy: 0.9315
Adjusting learning rate of group 0 to 1.0000e-03.
Epoch: 175, Train loss: 0.006780981813594699, Validation loss: 0.5107668173789978, Validation accuracy: 0.9313
Adjusting learning rate of group 0 to 1.0000e-03.
Epoch: 176, Train loss: 0.005946646928973496, Validation loss: 0.5165396532058716, Validation accuracy: 0.9307
Adjusting learning rate of group 0 to 1.0000e-03.
Epoch: 177, Train loss: 0.006081710745524615, Validation loss: 0.5109163515090942, Validation accuracy: 0.9312
Adjusting learning rate of group 0 to 1.0000e-03.
Epoch: 178, Train loss: 0.00586247220764868, Validation loss: 0.5164728902816772, Validation accuracy: 0.9309
Adjusting learning rate of group 0 to 1.0000e-03.
Epoch: 179, Train loss: 0.005572596486918628, Validation loss: 0.5214526345252991, Validation accuracy: 0.9314
Adjusting learning rate of group 0 to 1.0000e-03.
Epoch: 180, Train loss: 0.005680991446613334, Validation loss: 0.5224758900642396, Validation accuracy: 0.9317
Adjusting learning rate of group 0 to 1.0000e-03.
Epoch: 181, Train loss: 0.005039822472399101, Validation loss: 0.5248690786361694, Validation accuracy: 0.9304
Adjusting learning rate of group 0 to 1.0000e-03.
Epoch: 182, Train loss: 0.005651198189165443, Validation loss: 0.5268004899978638, Validation accuracy: 0.9305
Adjusting learning rate of group 0 to 1.0000e-03.
Epoch: 183, Train loss: 0.005451237540375442, Validation loss: 0.5275579623222351, Validation accuracy: 0.9309
Adjusting learning rate of group 0 to 1.0000e-03.
Epoch: 184, Train loss: 0.005279254326066002, Validation loss: 0.5309323328018188, Validation accuracy: 0.9313
Adjusting learning rate of group 0 to 1.0000e-03.
Epoch: 185, Train loss: 0.005253472179034725, Validation loss: 0.5388650636672974, Validation accuracy: 0.9302
Adjusting learning rate of group 0 to 1.0000e-03.
Epoch: 186, Train loss: 0.006175217541474849, Validation loss: 0.5438034872055054, Validation accuracy: 0.9298
Adjusting learning rate of group 0 to 1.0000e-03.
Epoch: 187, Train loss: 0.005872093405342894, Validation loss: 0.5391934978485108, Validation accuracy: 0.9306
Adjusting learning rate of group 0 to 1.0000e-03.
Epoch: 188, Train loss: 0.005531129318266176, Validation loss: 0.5405482648849488, Validation accuracy: 0.9319
Adjusting learning rate of group 0 to 1.0000e-03.
Epoch: 189, Train loss: 0.004340341962967068, Validation loss: 0.5517341030120849, Validation accuracy: 0.9312
Adjusting learning rate of group 0 to 1.0000e-03.
Epoch: 190, Train loss: 0.004854316734010353, Validation loss: 0.5536826537132263, Validation accuracy: 0.9297
Adjusting learning rate of group 0 to 1.0000e-03.
Epoch: 191, Train loss: 0.005303585581057705, Validation loss: 0.5511471210479736, Validation accuracy: 0.9312
Adjusting learning rate of group 0 to 1.0000e-03.
Epoch: 192, Train loss: 0.0041283743922226135, Validation loss: 0.5547571786880493, Validation accuracy: 0.931
Adjusting learning rate of group 0 to 1.0000e-03.
Epoch: 193, Train loss: 0.004083902659574524, Validation loss: 0.5568597133636475, Validation accuracy: 0.9299
Adjusting learning rate of group 0 to 1.0000e-03.
Epoch: 194, Train loss: 0.004254586598174646, Validation loss: 0.556838161945343, Validation accuracy: 0.9316
Adjusting learning rate of group 0 to 1.0000e-03.
Epoch: 195, Train loss: 0.00402643259018194, Validation loss: 0.5603394896507263, Validation accuracy: 0.9313
Adjusting learning rate of group 0 to 1.0000e-03.
Epoch: 196, Train loss: 0.0042391696425480765, Validation loss: 0.5573487277030945, Validation accuracy: 0.9306
Adjusting learning rate of group 0 to 1.0000e-03.
Epoch: 197, Train loss: 0.004569069301923737, Validation loss: 0.5618073875427246, Validation accuracy: 0.9312
Adjusting learning rate of group 0 to 1.0000e-03.
Epoch: 198, Train loss: 0.004619230027119629, Validation loss: 0.5590489932060242, Validation accuracy: 0.9325
Adjusting learning rate of group 0 to 1.0000e-03.
Epoch: 199, Train loss: 0.0041828406003979034, Validation loss: 0.5644400675773621, Validation accuracy: 0.9318
Accuracy: 0.9318, Parameters: 802
