['ResNet-TRL-Tensorized-Full.py', '--ranks', '[[8, 2, 1, 2, 2], [2, 8, 2, 2, 4], [1, 2, 8, 2, 5], [2, 2, 2, 8, 4], [2, 4, 5, 4, 10]]', '--seed', '3', '--device', 'cuda:3']
Initializing dataloader
Files already downloaded and verified
Files already downloaded and verified
Dataloader has initialized
Initializing model
Adjusting learning rate of group 0 to 1.0000e-02.
Model initialized
Testing model
Tests passed
Adjusting learning rate of group 0 to 2.0000e-02.
Epoch: 0, Train loss: 1.7677676846313477, Validation loss: 1.4686491027832032, Validation accuracy: 0.4624
Adjusting learning rate of group 0 to 3.0000e-02.
Epoch: 1, Train loss: 1.4327819709777831, Validation loss: 1.3282543907165527, Validation accuracy: 0.5261
Adjusting learning rate of group 0 to 4.0000e-02.
Epoch: 2, Train loss: 1.176685442276001, Validation loss: 0.9721660081863404, Validation accuracy: 0.6548
Adjusting learning rate of group 0 to 5.0000e-02.
Epoch: 3, Train loss: 0.9591952744293213, Validation loss: 0.9484114779472351, Validation accuracy: 0.6834
Adjusting learning rate of group 0 to 6.0000e-02.
Epoch: 4, Train loss: 0.8438909673690795, Validation loss: 0.8700409488677978, Validation accuracy: 0.7028
Adjusting learning rate of group 0 to 7.0000e-02.
Epoch: 5, Train loss: 0.7544822442245483, Validation loss: 0.7789044286727905, Validation accuracy: 0.7343
Adjusting learning rate of group 0 to 8.0000e-02.
Epoch: 6, Train loss: 0.698892089099884, Validation loss: 0.7748963583946228, Validation accuracy: 0.7438
Adjusting learning rate of group 0 to 9.0000e-02.
Epoch: 7, Train loss: 0.6510136288452149, Validation loss: 0.7883104642868042, Validation accuracy: 0.7335
Adjusting learning rate of group 0 to 1.0000e-01.
Epoch: 8, Train loss: 0.6179134827423096, Validation loss: 0.61210320520401, Validation accuracy: 0.7975
Adjusting learning rate of group 0 to 1.0000e-01.
Epoch: 9, Train loss: 0.5959996655464173, Validation loss: 0.6677107231140137, Validation accuracy: 0.7857
Adjusting learning rate of group 0 to 1.0000e-01.
Epoch: 10, Train loss: 0.5591144312286377, Validation loss: 0.76946764087677, Validation accuracy: 0.7808
Adjusting learning rate of group 0 to 1.0000e-01.
Epoch: 11, Train loss: 0.5327236440658569, Validation loss: 0.5957468000650405, Validation accuracy: 0.815
Adjusting learning rate of group 0 to 1.0000e-01.
Epoch: 12, Train loss: 0.509760491065979, Validation loss: 0.8618512000083923, Validation accuracy: 0.7358
Adjusting learning rate of group 0 to 1.0000e-01.
Epoch: 13, Train loss: 0.4897373358345032, Validation loss: 0.5236674384117126, Validation accuracy: 0.8278
Adjusting learning rate of group 0 to 1.0000e-01.
Epoch: 14, Train loss: 0.47263150756835937, Validation loss: 0.6472707033634186, Validation accuracy: 0.7914
Adjusting learning rate of group 0 to 1.0000e-01.
Epoch: 15, Train loss: 0.4545109736061096, Validation loss: 0.5241594928741455, Validation accuracy: 0.8272
Adjusting learning rate of group 0 to 1.0000e-01.
Epoch: 16, Train loss: 0.4523821825313568, Validation loss: 0.5828736596107483, Validation accuracy: 0.8175
Adjusting learning rate of group 0 to 1.0000e-01.
Epoch: 17, Train loss: 0.4353530869960785, Validation loss: 0.7609474410057068, Validation accuracy: 0.7602
Adjusting learning rate of group 0 to 1.0000e-01.
Epoch: 18, Train loss: 0.42985350624084473, Validation loss: 0.5384883083343506, Validation accuracy: 0.8226
Adjusting learning rate of group 0 to 1.0000e-01.
Epoch: 19, Train loss: 0.4203705015182495, Validation loss: 0.6818306875228882, Validation accuracy: 0.7869
Adjusting learning rate of group 0 to 1.0000e-01.
Epoch: 20, Train loss: 0.406680574092865, Validation loss: 0.8034826445579529, Validation accuracy: 0.767
Adjusting learning rate of group 0 to 1.0000e-01.
Epoch: 21, Train loss: 0.39937883219718934, Validation loss: 0.5751718523025513, Validation accuracy: 0.808
Adjusting learning rate of group 0 to 1.0000e-01.
Epoch: 22, Train loss: 0.39165389022827146, Validation loss: 0.513484866142273, Validation accuracy: 0.8295
Adjusting learning rate of group 0 to 1.0000e-01.
Epoch: 23, Train loss: 0.38838315541267393, Validation loss: 0.6339501583099365, Validation accuracy: 0.7989
Adjusting learning rate of group 0 to 1.0000e-01.
Epoch: 24, Train loss: 0.38465644558906553, Validation loss: 0.6283392446517945, Validation accuracy: 0.8029
Adjusting learning rate of group 0 to 1.0000e-01.
Epoch: 25, Train loss: 0.3825822637748718, Validation loss: 0.5696833354949952, Validation accuracy: 0.7997
Adjusting learning rate of group 0 to 1.0000e-01.
Epoch: 26, Train loss: 0.3747979382419586, Validation loss: 0.5189615732192994, Validation accuracy: 0.8272
Adjusting learning rate of group 0 to 1.0000e-01.
Epoch: 27, Train loss: 0.3714727863788605, Validation loss: 0.6721250121116639, Validation accuracy: 0.8047
Adjusting learning rate of group 0 to 1.0000e-01.
Epoch: 28, Train loss: 0.37243414587020873, Validation loss: 0.5510781604766846, Validation accuracy: 0.8294
Adjusting learning rate of group 0 to 1.0000e-01.
Epoch: 29, Train loss: 0.36047132047653196, Validation loss: 0.5845694585800171, Validation accuracy: 0.8228
Adjusting learning rate of group 0 to 1.0000e-01.
Epoch: 30, Train loss: 0.35584202501296996, Validation loss: 0.5640065920829773, Validation accuracy: 0.8068
Adjusting learning rate of group 0 to 1.0000e-01.
Epoch: 31, Train loss: 0.3574425068569183, Validation loss: 0.5633764194488525, Validation accuracy: 0.831
Adjusting learning rate of group 0 to 1.0000e-01.
Epoch: 32, Train loss: 0.34630442449569704, Validation loss: 0.7043035092830658, Validation accuracy: 0.8078
Adjusting learning rate of group 0 to 1.0000e-01.
Epoch: 33, Train loss: 0.35343784364700315, Validation loss: 0.5787897998809814, Validation accuracy: 0.8119
Adjusting learning rate of group 0 to 1.0000e-01.
Epoch: 34, Train loss: 0.35359895733833313, Validation loss: 0.585897727394104, Validation accuracy: 0.8232
Adjusting learning rate of group 0 to 1.0000e-01.
Epoch: 35, Train loss: 0.3442774564790726, Validation loss: 0.6420076348304748, Validation accuracy: 0.8096
Adjusting learning rate of group 0 to 1.0000e-01.
Epoch: 36, Train loss: 0.3447889777994156, Validation loss: 0.6651835327148438, Validation accuracy: 0.8048
Adjusting learning rate of group 0 to 1.0000e-01.
Epoch: 37, Train loss: 0.3402306503200531, Validation loss: 0.5337593868255616, Validation accuracy: 0.8363
Adjusting learning rate of group 0 to 1.0000e-01.
Epoch: 38, Train loss: 0.3379706406402588, Validation loss: 0.4933123396396637, Validation accuracy: 0.8437
Adjusting learning rate of group 0 to 1.0000e-01.
Epoch: 39, Train loss: 0.3300000820350647, Validation loss: 0.6287068514347076, Validation accuracy: 0.8141
Adjusting learning rate of group 0 to 1.0000e-01.
Epoch: 40, Train loss: 0.3376029894256592, Validation loss: 0.5361930263519287, Validation accuracy: 0.832
Adjusting learning rate of group 0 to 1.0000e-01.
Epoch: 41, Train loss: 0.33373288467407225, Validation loss: 0.5292786654472351, Validation accuracy: 0.8398
Adjusting learning rate of group 0 to 1.0000e-01.
Epoch: 42, Train loss: 0.33304991119384764, Validation loss: 0.6156795259475708, Validation accuracy: 0.812
Adjusting learning rate of group 0 to 1.0000e-01.
Epoch: 43, Train loss: 0.3255842369556427, Validation loss: 0.7894514620780945, Validation accuracy: 0.7928
Adjusting learning rate of group 0 to 1.0000e-01.
Epoch: 44, Train loss: 0.32812362884521484, Validation loss: 0.640501596403122, Validation accuracy: 0.8002
Adjusting learning rate of group 0 to 1.0000e-01.
Epoch: 45, Train loss: 0.32744866637706754, Validation loss: 0.7119466708183289, Validation accuracy: 0.7955
Adjusting learning rate of group 0 to 1.0000e-01.
Epoch: 46, Train loss: 0.32135523869514465, Validation loss: 0.5047485805511475, Validation accuracy: 0.8431
Adjusting learning rate of group 0 to 1.0000e-01.
Epoch: 47, Train loss: 0.3150851616764069, Validation loss: 0.5430876841068267, Validation accuracy: 0.8267
Adjusting learning rate of group 0 to 1.0000e-01.
Epoch: 48, Train loss: 0.32419223403930664, Validation loss: 0.4667303373336792, Validation accuracy: 0.857
Adjusting learning rate of group 0 to 1.0000e-01.
Epoch: 49, Train loss: 0.32364899087905885, Validation loss: 0.5935710123062133, Validation accuracy: 0.8252
Adjusting learning rate of group 0 to 1.0000e-01.
Epoch: 50, Train loss: 0.32186467980384825, Validation loss: 0.4638215247154236, Validation accuracy: 0.8488
Adjusting learning rate of group 0 to 1.0000e-01.
Epoch: 51, Train loss: 0.32190266129016876, Validation loss: 0.43359763355255126, Validation accuracy: 0.8582
Adjusting learning rate of group 0 to 1.0000e-01.
Epoch: 52, Train loss: 0.313243426399231, Validation loss: 0.4983325162410736, Validation accuracy: 0.8374
Adjusting learning rate of group 0 to 1.0000e-01.
Epoch: 53, Train loss: 0.317419808177948, Validation loss: 0.6146051669120789, Validation accuracy: 0.8217
Adjusting learning rate of group 0 to 1.0000e-01.
Epoch: 54, Train loss: 0.31747215497016906, Validation loss: 0.4584709006309509, Validation accuracy: 0.8517
Adjusting learning rate of group 0 to 1.0000e-01.
Epoch: 55, Train loss: 0.31035745648384094, Validation loss: 0.43542127161026, Validation accuracy: 0.8555
Adjusting learning rate of group 0 to 1.0000e-01.
Epoch: 56, Train loss: 0.313489402384758, Validation loss: 0.41339116818904875, Validation accuracy: 0.8725
Adjusting learning rate of group 0 to 1.0000e-01.
Epoch: 57, Train loss: 0.3040211203384399, Validation loss: 0.48686353302001956, Validation accuracy: 0.8479
Adjusting learning rate of group 0 to 1.0000e-01.
Epoch: 58, Train loss: 0.30987456573486327, Validation loss: 0.5308334352850914, Validation accuracy: 0.8383
Adjusting learning rate of group 0 to 1.0000e-01.
Epoch: 59, Train loss: 0.30178867208480836, Validation loss: 0.411787247133255, Validation accuracy: 0.8644
Adjusting learning rate of group 0 to 1.0000e-01.
Epoch: 60, Train loss: 0.30430631112098694, Validation loss: 0.5126920608520508, Validation accuracy: 0.8466
Adjusting learning rate of group 0 to 1.0000e-01.
Epoch: 61, Train loss: 0.30652493735313413, Validation loss: 0.6837228767395019, Validation accuracy: 0.792
Adjusting learning rate of group 0 to 1.0000e-01.
Epoch: 62, Train loss: 0.3098712793540955, Validation loss: 0.4525905643939972, Validation accuracy: 0.8551
Adjusting learning rate of group 0 to 1.0000e-01.
Epoch: 63, Train loss: 0.30641891290664675, Validation loss: 0.4513370898246765, Validation accuracy: 0.8455
Adjusting learning rate of group 0 to 1.0000e-01.
Epoch: 64, Train loss: 0.30370214427948, Validation loss: 0.6834916004180909, Validation accuracy: 0.8036
Adjusting learning rate of group 0 to 1.0000e-01.
Epoch: 65, Train loss: 0.3039021333217621, Validation loss: 0.6735602653980255, Validation accuracy: 0.807
Adjusting learning rate of group 0 to 1.0000e-01.
Epoch: 66, Train loss: 0.298005588722229, Validation loss: 0.4623653872489929, Validation accuracy: 0.8441
Adjusting learning rate of group 0 to 1.0000e-01.
Epoch: 67, Train loss: 0.30035583658218384, Validation loss: 0.4509484618186951, Validation accuracy: 0.8618
Adjusting learning rate of group 0 to 1.0000e-01.
Epoch: 68, Train loss: 0.2976947137451172, Validation loss: 0.4967978357315063, Validation accuracy: 0.8477
Adjusting learning rate of group 0 to 1.0000e-01.
Epoch: 69, Train loss: 0.30203352071762085, Validation loss: 0.3980075232505798, Validation accuracy: 0.8658
Adjusting learning rate of group 0 to 1.0000e-01.
Epoch: 70, Train loss: 0.299502752456665, Validation loss: 0.5906622791290284, Validation accuracy: 0.8277
Adjusting learning rate of group 0 to 1.0000e-01.
Epoch: 71, Train loss: 0.30104627618789676, Validation loss: 0.6012624865055084, Validation accuracy: 0.8243
Adjusting learning rate of group 0 to 1.0000e-01.
Epoch: 72, Train loss: 0.3009889298915863, Validation loss: 0.44253262400627136, Validation accuracy: 0.8604
Adjusting learning rate of group 0 to 1.0000e-01.
Epoch: 73, Train loss: 0.29700917416095735, Validation loss: 0.5176478108406067, Validation accuracy: 0.835
Adjusting learning rate of group 0 to 1.0000e-01.
Epoch: 74, Train loss: 0.2960988392543793, Validation loss: 0.6840076747894287, Validation accuracy: 0.796
Adjusting learning rate of group 0 to 1.0000e-01.
Epoch: 75, Train loss: 0.29505739557266236, Validation loss: 0.5354235013008117, Validation accuracy: 0.8406
Adjusting learning rate of group 0 to 1.0000e-01.
Epoch: 76, Train loss: 0.29485495820999147, Validation loss: 0.4574739166259766, Validation accuracy: 0.8524
Adjusting learning rate of group 0 to 1.0000e-01.
Epoch: 77, Train loss: 0.29305408002853395, Validation loss: 0.45168949337005615, Validation accuracy: 0.8592
Adjusting learning rate of group 0 to 1.0000e-01.
Epoch: 78, Train loss: 0.2934867505645752, Validation loss: 0.4989778875350952, Validation accuracy: 0.8478
Adjusting learning rate of group 0 to 1.0000e-01.
Epoch: 79, Train loss: 0.29342212512969973, Validation loss: 0.6842912300109864, Validation accuracy: 0.8028
Adjusting learning rate of group 0 to 1.0000e-01.
Epoch: 80, Train loss: 0.2948553357362747, Validation loss: 0.46569494695663455, Validation accuracy: 0.8593
Adjusting learning rate of group 0 to 1.0000e-01.
Epoch: 81, Train loss: 0.2863444792842865, Validation loss: 0.5031890839576721, Validation accuracy: 0.849
Adjusting learning rate of group 0 to 1.0000e-01.
Epoch: 82, Train loss: 0.2911681638908386, Validation loss: 0.46255124464035036, Validation accuracy: 0.8438
Adjusting learning rate of group 0 to 1.0000e-01.
Epoch: 83, Train loss: 0.28990229792594907, Validation loss: 0.5863026344299317, Validation accuracy: 0.8231
Adjusting learning rate of group 0 to 1.0000e-01.
Epoch: 84, Train loss: 0.2979302233314514, Validation loss: 0.5060015929698944, Validation accuracy: 0.854
Adjusting learning rate of group 0 to 1.0000e-01.
Epoch: 85, Train loss: 0.29228420648574827, Validation loss: 0.5216873659133912, Validation accuracy: 0.8574
Adjusting learning rate of group 0 to 1.0000e-01.
Epoch: 86, Train loss: 0.28870687715530396, Validation loss: 0.5920634877204896, Validation accuracy: 0.8318
Adjusting learning rate of group 0 to 1.0000e-01.
Epoch: 87, Train loss: 0.28018682492256164, Validation loss: 0.4544670919418335, Validation accuracy: 0.8486
Adjusting learning rate of group 0 to 1.0000e-01.
Epoch: 88, Train loss: 0.2900715348625183, Validation loss: 0.46529083375930785, Validation accuracy: 0.8483
Adjusting learning rate of group 0 to 1.0000e-01.
Epoch: 89, Train loss: 0.2906949097156525, Validation loss: 0.46881832809448243, Validation accuracy: 0.8591
Adjusting learning rate of group 0 to 1.0000e-01.
Epoch: 90, Train loss: 0.2908656941699982, Validation loss: 0.4013414520263672, Validation accuracy: 0.868
Adjusting learning rate of group 0 to 1.0000e-01.
Epoch: 91, Train loss: 0.2933657587003708, Validation loss: 0.49295637311935425, Validation accuracy: 0.8599
Adjusting learning rate of group 0 to 1.0000e-01.
Epoch: 92, Train loss: 0.28592976314544677, Validation loss: 0.4487383852481842, Validation accuracy: 0.8598
Adjusting learning rate of group 0 to 1.0000e-01.
Epoch: 93, Train loss: 0.2870087839317322, Validation loss: 0.5110992369651794, Validation accuracy: 0.8521
Adjusting learning rate of group 0 to 1.0000e-01.
Epoch: 94, Train loss: 0.2814212707614899, Validation loss: 0.5932352302551269, Validation accuracy: 0.8332
Adjusting learning rate of group 0 to 1.0000e-01.
Epoch: 95, Train loss: 0.28884022897720335, Validation loss: 0.5525648916244507, Validation accuracy: 0.8295
Adjusting learning rate of group 0 to 1.0000e-01.
Epoch: 96, Train loss: 0.2816426445293427, Validation loss: 0.5478681589603424, Validation accuracy: 0.8284
Adjusting learning rate of group 0 to 1.0000e-01.
Epoch: 97, Train loss: 0.2888955881977081, Validation loss: 0.5174657545804977, Validation accuracy: 0.8541
Adjusting learning rate of group 0 to 1.0000e-01.
Epoch: 98, Train loss: 0.2852171542453766, Validation loss: 0.46194288749694823, Validation accuracy: 0.8579
Adjusting learning rate of group 0 to 1.0000e-01.
Epoch: 99, Train loss: 0.2871699397659302, Validation loss: 0.4793195684432983, Validation accuracy: 0.8426
Adjusting learning rate of group 0 to 1.0000e-02.
Epoch: 100, Train loss: 0.2844466580963135, Validation loss: 0.7338287818908691, Validation accuracy: 0.7803
Adjusting learning rate of group 0 to 1.0000e-02.
Epoch: 101, Train loss: 0.16024607196331025, Validation loss: 0.28800586895942687, Validation accuracy: 0.9168
Adjusting learning rate of group 0 to 1.0000e-02.
Epoch: 102, Train loss: 0.12038039958000184, Validation loss: 0.2867238881111145, Validation accuracy: 0.9193
Adjusting learning rate of group 0 to 1.0000e-02.
Epoch: 103, Train loss: 0.10784505569458008, Validation loss: 0.2784935640335083, Validation accuracy: 0.9212
Adjusting learning rate of group 0 to 1.0000e-02.
Epoch: 104, Train loss: 0.09745592640399933, Validation loss: 0.284461372756958, Validation accuracy: 0.9234
Adjusting learning rate of group 0 to 1.0000e-02.
Epoch: 105, Train loss: 0.09163073877334595, Validation loss: 0.2843263126373291, Validation accuracy: 0.9253
Adjusting learning rate of group 0 to 1.0000e-02.
Epoch: 106, Train loss: 0.08501743495464326, Validation loss: 0.291964394569397, Validation accuracy: 0.9245
Adjusting learning rate of group 0 to 1.0000e-02.
Epoch: 107, Train loss: 0.08055792676925659, Validation loss: 0.2978900532722473, Validation accuracy: 0.924
Adjusting learning rate of group 0 to 1.0000e-02.
Epoch: 108, Train loss: 0.07727632685154677, Validation loss: 0.29178412199020387, Validation accuracy: 0.9267
Adjusting learning rate of group 0 to 1.0000e-02.
Epoch: 109, Train loss: 0.07200949572920799, Validation loss: 0.3022208143234253, Validation accuracy: 0.9241
Adjusting learning rate of group 0 to 1.0000e-02.
Epoch: 110, Train loss: 0.06688321482658387, Validation loss: 0.3042592803478241, Validation accuracy: 0.9254
Adjusting learning rate of group 0 to 1.0000e-02.
Epoch: 111, Train loss: 0.06408991266608238, Validation loss: 0.3200477988243103, Validation accuracy: 0.9231
Adjusting learning rate of group 0 to 1.0000e-02.
Epoch: 112, Train loss: 0.06083296968460083, Validation loss: 0.32137550392150876, Validation accuracy: 0.925
Adjusting learning rate of group 0 to 1.0000e-02.
Epoch: 113, Train loss: 0.05909758669495582, Validation loss: 0.33183555564880374, Validation accuracy: 0.923
Adjusting learning rate of group 0 to 1.0000e-02.
Epoch: 114, Train loss: 0.05684811908215284, Validation loss: 0.33735981249809266, Validation accuracy: 0.927
Adjusting learning rate of group 0 to 1.0000e-02.
Epoch: 115, Train loss: 0.05678950895309448, Validation loss: 0.3393293065547943, Validation accuracy: 0.9216
Adjusting learning rate of group 0 to 1.0000e-02.
Epoch: 116, Train loss: 0.05210719441056252, Validation loss: 0.34225900239944457, Validation accuracy: 0.9247
Adjusting learning rate of group 0 to 1.0000e-02.
Epoch: 117, Train loss: 0.05030472656667233, Validation loss: 0.3520816110610962, Validation accuracy: 0.9235
Adjusting learning rate of group 0 to 1.0000e-02.
Epoch: 118, Train loss: 0.051798665276169775, Validation loss: 0.35058884506225585, Validation accuracy: 0.9212
Adjusting learning rate of group 0 to 1.0000e-02.
Epoch: 119, Train loss: 0.047268433243632314, Validation loss: 0.3788995753288269, Validation accuracy: 0.9225
Adjusting learning rate of group 0 to 1.0000e-02.
Epoch: 120, Train loss: 0.04567288725972175, Validation loss: 0.36774604139328004, Validation accuracy: 0.9229
Adjusting learning rate of group 0 to 1.0000e-02.
Epoch: 121, Train loss: 0.04770046407461166, Validation loss: 0.3646905563831329, Validation accuracy: 0.9217
Adjusting learning rate of group 0 to 1.0000e-02.
Epoch: 122, Train loss: 0.04415941821694374, Validation loss: 0.3821214560985565, Validation accuracy: 0.921
Adjusting learning rate of group 0 to 1.0000e-02.
Epoch: 123, Train loss: 0.04259945358544588, Validation loss: 0.40434500093460085, Validation accuracy: 0.9173
Adjusting learning rate of group 0 to 1.0000e-02.
Epoch: 124, Train loss: 0.04080952154278755, Validation loss: 0.3920902180671692, Validation accuracy: 0.9199
Adjusting learning rate of group 0 to 1.0000e-02.
Epoch: 125, Train loss: 0.04180103929460049, Validation loss: 0.3696013997077942, Validation accuracy: 0.924
Adjusting learning rate of group 0 to 1.0000e-02.
Epoch: 126, Train loss: 0.03907724342882633, Validation loss: 0.39338662543296815, Validation accuracy: 0.9208
Adjusting learning rate of group 0 to 1.0000e-02.
Epoch: 127, Train loss: 0.04012456566870212, Validation loss: 0.3947942967414856, Validation accuracy: 0.9213
Adjusting learning rate of group 0 to 1.0000e-02.
Epoch: 128, Train loss: 0.04050241417229176, Validation loss: 0.4069037910461426, Validation accuracy: 0.9172
Adjusting learning rate of group 0 to 1.0000e-02.
Epoch: 129, Train loss: 0.03943983939707279, Validation loss: 0.39747891626358034, Validation accuracy: 0.9199
Adjusting learning rate of group 0 to 1.0000e-02.
Epoch: 130, Train loss: 0.03681279211938381, Validation loss: 0.40596688294410704, Validation accuracy: 0.9198
Adjusting learning rate of group 0 to 1.0000e-02.
Epoch: 131, Train loss: 0.03697248185157776, Validation loss: 0.40746088390350343, Validation accuracy: 0.9209
Adjusting learning rate of group 0 to 1.0000e-02.
Epoch: 132, Train loss: 0.038551303338110444, Validation loss: 0.4366422688007355, Validation accuracy: 0.9176
Adjusting learning rate of group 0 to 1.0000e-02.
Epoch: 133, Train loss: 0.037431378199458125, Validation loss: 0.37823523817062377, Validation accuracy: 0.9227
Adjusting learning rate of group 0 to 1.0000e-02.
Epoch: 134, Train loss: 0.037095893524885175, Validation loss: 0.43644274492263796, Validation accuracy: 0.9201
Adjusting learning rate of group 0 to 1.0000e-02.
Epoch: 135, Train loss: 0.03660513932019472, Validation loss: 0.44411145014762876, Validation accuracy: 0.9158
Adjusting learning rate of group 0 to 1.0000e-02.
Epoch: 136, Train loss: 0.03749192033946514, Validation loss: 0.4098373510360718, Validation accuracy: 0.9207
Adjusting learning rate of group 0 to 1.0000e-02.
Epoch: 137, Train loss: 0.03310436539113522, Validation loss: 0.46652544529438017, Validation accuracy: 0.9167
Adjusting learning rate of group 0 to 1.0000e-02.
Epoch: 138, Train loss: 0.03796717417895794, Validation loss: 0.4415948296546936, Validation accuracy: 0.916
Adjusting learning rate of group 0 to 1.0000e-02.
Epoch: 139, Train loss: 0.03724606263309717, Validation loss: 0.4143657166004181, Validation accuracy: 0.9202
Adjusting learning rate of group 0 to 1.0000e-02.
Epoch: 140, Train loss: 0.03582735146164894, Validation loss: 0.43472234325408937, Validation accuracy: 0.9193
Adjusting learning rate of group 0 to 1.0000e-02.
Epoch: 141, Train loss: 0.03555874361336231, Validation loss: 0.42330650396347047, Validation accuracy: 0.9187
Adjusting learning rate of group 0 to 1.0000e-02.
Epoch: 142, Train loss: 0.03701945499688387, Validation loss: 0.46050157153606414, Validation accuracy: 0.9129
Adjusting learning rate of group 0 to 1.0000e-02.
Epoch: 143, Train loss: 0.03766630393981934, Validation loss: 0.4357625816345215, Validation accuracy: 0.9165
Adjusting learning rate of group 0 to 1.0000e-02.
Epoch: 144, Train loss: 0.03423606801867485, Validation loss: 0.411598614692688, Validation accuracy: 0.9202
Adjusting learning rate of group 0 to 1.0000e-02.
Epoch: 145, Train loss: 0.033950343731939794, Validation loss: 0.40840175800323486, Validation accuracy: 0.9221
Adjusting learning rate of group 0 to 1.0000e-02.
Epoch: 146, Train loss: 0.03479453017354012, Validation loss: 0.41705825572013855, Validation accuracy: 0.9208
Adjusting learning rate of group 0 to 1.0000e-02.
Epoch: 147, Train loss: 0.03718907661020756, Validation loss: 0.4186333062171936, Validation accuracy: 0.9199
Adjusting learning rate of group 0 to 1.0000e-02.
Epoch: 148, Train loss: 0.032650753192305565, Validation loss: 0.4604712734460831, Validation accuracy: 0.9195
Adjusting learning rate of group 0 to 1.0000e-02.
Epoch: 149, Train loss: 0.03596715084090829, Validation loss: 0.4317858346223831, Validation accuracy: 0.9174
Adjusting learning rate of group 0 to 1.0000e-03.
Epoch: 150, Train loss: 0.03336230303257704, Validation loss: 0.46850848846435544, Validation accuracy: 0.914
Adjusting learning rate of group 0 to 1.0000e-03.
Epoch: 151, Train loss: 0.024565610733032227, Validation loss: 0.38655642824172975, Validation accuracy: 0.9275
Adjusting learning rate of group 0 to 1.0000e-03.
Epoch: 152, Train loss: 0.017172066818773746, Validation loss: 0.383662122964859, Validation accuracy: 0.9279
Adjusting learning rate of group 0 to 1.0000e-03.
Epoch: 153, Train loss: 0.014815340975672006, Validation loss: 0.3863680474758148, Validation accuracy: 0.9273
Adjusting learning rate of group 0 to 1.0000e-03.
Epoch: 154, Train loss: 0.012782402494549752, Validation loss: 0.38835039291381834, Validation accuracy: 0.929
Adjusting learning rate of group 0 to 1.0000e-03.
Epoch: 155, Train loss: 0.012575018351674079, Validation loss: 0.39541341495513915, Validation accuracy: 0.9296
Adjusting learning rate of group 0 to 1.0000e-03.
Epoch: 156, Train loss: 0.011103874993398785, Validation loss: 0.4004478937387466, Validation accuracy: 0.9303
Adjusting learning rate of group 0 to 1.0000e-03.
Epoch: 157, Train loss: 0.010947948489375412, Validation loss: 0.4086407104969025, Validation accuracy: 0.9299
Adjusting learning rate of group 0 to 1.0000e-03.
Epoch: 158, Train loss: 0.009832989395447075, Validation loss: 0.4122128348827362, Validation accuracy: 0.931
Adjusting learning rate of group 0 to 1.0000e-03.
Epoch: 159, Train loss: 0.009202410709671677, Validation loss: 0.4156013338088989, Validation accuracy: 0.9295
Adjusting learning rate of group 0 to 1.0000e-03.
Epoch: 160, Train loss: 0.009712593590840698, Validation loss: 0.41737382967472075, Validation accuracy: 0.9296
Adjusting learning rate of group 0 to 1.0000e-03.
Epoch: 161, Train loss: 0.008841478313207626, Validation loss: 0.42105190660953523, Validation accuracy: 0.9301
Adjusting learning rate of group 0 to 1.0000e-03.
Epoch: 162, Train loss: 0.009126783373430371, Validation loss: 0.42220630173683166, Validation accuracy: 0.9297
Adjusting learning rate of group 0 to 1.0000e-03.
Epoch: 163, Train loss: 0.008218821433745324, Validation loss: 0.42679917883872986, Validation accuracy: 0.9318
Adjusting learning rate of group 0 to 1.0000e-03.
Epoch: 164, Train loss: 0.007912352078515105, Validation loss: 0.43826998686790464, Validation accuracy: 0.9287
Adjusting learning rate of group 0 to 1.0000e-03.
Epoch: 165, Train loss: 0.0077912964370846745, Validation loss: 0.4325666190624237, Validation accuracy: 0.931
Adjusting learning rate of group 0 to 1.0000e-03.
Epoch: 166, Train loss: 0.007276746757393703, Validation loss: 0.44012354040145873, Validation accuracy: 0.9307
Adjusting learning rate of group 0 to 1.0000e-03.
Epoch: 167, Train loss: 0.00804857545632869, Validation loss: 0.44013622436523436, Validation accuracy: 0.9303
Adjusting learning rate of group 0 to 1.0000e-03.
Epoch: 168, Train loss: 0.007347940800786018, Validation loss: 0.44412677216529844, Validation accuracy: 0.9285
Adjusting learning rate of group 0 to 1.0000e-03.
Epoch: 169, Train loss: 0.006427455403544008, Validation loss: 0.4450311217069626, Validation accuracy: 0.9293
Adjusting learning rate of group 0 to 1.0000e-03.
Epoch: 170, Train loss: 0.006809242078624666, Validation loss: 0.44770397095680237, Validation accuracy: 0.9288
Adjusting learning rate of group 0 to 1.0000e-03.
Epoch: 171, Train loss: 0.007103597905356437, Validation loss: 0.4520178505897522, Validation accuracy: 0.9304
Adjusting learning rate of group 0 to 1.0000e-03.
Epoch: 172, Train loss: 0.005966873080357909, Validation loss: 0.46012855863571167, Validation accuracy: 0.9294
Adjusting learning rate of group 0 to 1.0000e-03.
Epoch: 173, Train loss: 0.006631213239803911, Validation loss: 0.4635166377544403, Validation accuracy: 0.9292
Adjusting learning rate of group 0 to 1.0000e-03.
Epoch: 174, Train loss: 0.00630961121212691, Validation loss: 0.4646781403541565, Validation accuracy: 0.9298
Adjusting learning rate of group 0 to 1.0000e-03.
Epoch: 175, Train loss: 0.00605167026807554, Validation loss: 0.4638122027397156, Validation accuracy: 0.9301
Adjusting learning rate of group 0 to 1.0000e-03.
Epoch: 176, Train loss: 0.006097566874017939, Validation loss: 0.4627265199661255, Validation accuracy: 0.9292
Adjusting learning rate of group 0 to 1.0000e-03.
Epoch: 177, Train loss: 0.0048956990400142964, Validation loss: 0.4665817804336548, Validation accuracy: 0.9304
Adjusting learning rate of group 0 to 1.0000e-03.
Epoch: 178, Train loss: 0.0064751788419764485, Validation loss: 0.46261967945098875, Validation accuracy: 0.9299
Adjusting learning rate of group 0 to 1.0000e-03.
Epoch: 179, Train loss: 0.004973391121998429, Validation loss: 0.466212561416626, Validation accuracy: 0.9301
Adjusting learning rate of group 0 to 1.0000e-03.
Epoch: 180, Train loss: 0.004992716986052692, Validation loss: 0.47425002765655516, Validation accuracy: 0.9292
Adjusting learning rate of group 0 to 1.0000e-03.
Epoch: 181, Train loss: 0.005232841882575303, Validation loss: 0.4732546326637268, Validation accuracy: 0.9305
Adjusting learning rate of group 0 to 1.0000e-03.
Epoch: 182, Train loss: 0.0053972473715664816, Validation loss: 0.47800721015930175, Validation accuracy: 0.9304
Adjusting learning rate of group 0 to 1.0000e-03.
Epoch: 183, Train loss: 0.004683271523080766, Validation loss: 0.47928010168075563, Validation accuracy: 0.9297
Adjusting learning rate of group 0 to 1.0000e-03.
Epoch: 184, Train loss: 0.005062369768749923, Validation loss: 0.48788158240318297, Validation accuracy: 0.9302
Adjusting learning rate of group 0 to 1.0000e-03.
Epoch: 185, Train loss: 0.004923390435986221, Validation loss: 0.47921716737747194, Validation accuracy: 0.9286
Adjusting learning rate of group 0 to 1.0000e-03.
Epoch: 186, Train loss: 0.004743167313989252, Validation loss: 0.48221452670097353, Validation accuracy: 0.9308
Adjusting learning rate of group 0 to 1.0000e-03.
Epoch: 187, Train loss: 0.0051674887718446555, Validation loss: 0.4843674412250519, Validation accuracy: 0.9296
Adjusting learning rate of group 0 to 1.0000e-03.
Epoch: 188, Train loss: 0.005235196209680289, Validation loss: 0.49495836319923403, Validation accuracy: 0.9293
Adjusting learning rate of group 0 to 1.0000e-03.
Epoch: 189, Train loss: 0.004544871741589159, Validation loss: 0.49969319415092467, Validation accuracy: 0.9291
Adjusting learning rate of group 0 to 1.0000e-03.
Epoch: 190, Train loss: 0.004177412807701621, Validation loss: 0.49626947574615476, Validation accuracy: 0.9293
Adjusting learning rate of group 0 to 1.0000e-03.
Epoch: 191, Train loss: 0.0045587458702549336, Validation loss: 0.49889996223449706, Validation accuracy: 0.9298
Adjusting learning rate of group 0 to 1.0000e-03.
Epoch: 192, Train loss: 0.004755638284832239, Validation loss: 0.5051421970844269, Validation accuracy: 0.929
Adjusting learning rate of group 0 to 1.0000e-03.
Epoch: 193, Train loss: 0.004863015554426238, Validation loss: 0.5045097801208496, Validation accuracy: 0.9292
Adjusting learning rate of group 0 to 1.0000e-03.
Epoch: 194, Train loss: 0.004164990954520181, Validation loss: 0.5086899013996125, Validation accuracy: 0.9297
Adjusting learning rate of group 0 to 1.0000e-03.
Epoch: 195, Train loss: 0.004534429630611557, Validation loss: 0.5165368674278259, Validation accuracy: 0.9296
Adjusting learning rate of group 0 to 1.0000e-03.
Epoch: 196, Train loss: 0.0042428147868532684, Validation loss: 0.5122771642684937, Validation accuracy: 0.9302
Adjusting learning rate of group 0 to 1.0000e-03.
Epoch: 197, Train loss: 0.004929834096040577, Validation loss: 0.5060673176288605, Validation accuracy: 0.9301
Adjusting learning rate of group 0 to 1.0000e-03.
Epoch: 198, Train loss: 0.004577316469666548, Validation loss: 0.5109763945102692, Validation accuracy: 0.9294
Adjusting learning rate of group 0 to 1.0000e-03.
Epoch: 199, Train loss: 0.004128348049991764, Validation loss: 0.5119523325920105, Validation accuracy: 0.9287
Accuracy: 0.9287, Parameters: 2346
