['ResNet-Tensorized.py', '--ranks', '5', '4', '--space_rank', '10', '--seed', '2', '--device', 'cuda:3']
Initializing dataloader
Files already downloaded and verified
Files already downloaded and verified
Dataloader has initialized
Initializing model
Adjusting learning rate of group 0 to 1.0000e-02.
Model initialized
Testing model
Tests passed
Adjusting learning rate of group 0 to 2.0000e-02.
Epoch: 0, Train loss: 1.8038063108444213, Validation loss: 1.6409159606933594, Validation accuracy: 0.394
Adjusting learning rate of group 0 to 3.0000e-02.
Epoch: 1, Train loss: 1.4523687134552001, Validation loss: 1.4332658685684203, Validation accuracy: 0.4825
Adjusting learning rate of group 0 to 4.0000e-02.
Epoch: 2, Train loss: 1.2311734466934203, Validation loss: 1.2847156703948974, Validation accuracy: 0.561
Adjusting learning rate of group 0 to 5.0000e-02.
Epoch: 3, Train loss: 1.090195631542206, Validation loss: 1.1786330560684204, Validation accuracy: 0.5974
Adjusting learning rate of group 0 to 6.0000e-02.
Epoch: 4, Train loss: 0.9910794247436523, Validation loss: 1.1080136098861695, Validation accuracy: 0.6178
Adjusting learning rate of group 0 to 7.0000e-02.
Epoch: 5, Train loss: 0.9180524679374695, Validation loss: 0.9703707220077514, Validation accuracy: 0.6722
Adjusting learning rate of group 0 to 8.0000e-02.
Epoch: 6, Train loss: 0.8562735128974914, Validation loss: 1.0559096583366394, Validation accuracy: 0.6671
Adjusting learning rate of group 0 to 9.0000e-02.
Epoch: 7, Train loss: 0.8241176824951172, Validation loss: 1.2372280555725097, Validation accuracy: 0.6068
Adjusting learning rate of group 0 to 1.0000e-01.
Epoch: 8, Train loss: 0.7921934294891357, Validation loss: 0.8169259035110473, Validation accuracy: 0.7223
Adjusting learning rate of group 0 to 1.0000e-01.
Epoch: 9, Train loss: 0.7691615037536621, Validation loss: 1.0074109541893006, Validation accuracy: 0.6654
Adjusting learning rate of group 0 to 1.0000e-01.
Epoch: 10, Train loss: 0.7365980812454224, Validation loss: 1.200219271659851, Validation accuracy: 0.6303
Adjusting learning rate of group 0 to 1.0000e-01.
Epoch: 11, Train loss: 0.7179774749183655, Validation loss: 0.9157754607200622, Validation accuracy: 0.7023
Adjusting learning rate of group 0 to 1.0000e-01.
Epoch: 12, Train loss: 0.6881854397392273, Validation loss: 0.8678693870544434, Validation accuracy: 0.7011
Adjusting learning rate of group 0 to 1.0000e-01.
Epoch: 13, Train loss: 0.6767127173995972, Validation loss: 0.9673562949180603, Validation accuracy: 0.7026
Adjusting learning rate of group 0 to 1.0000e-01.
Epoch: 14, Train loss: 0.6694147438812256, Validation loss: 0.7582588054656982, Validation accuracy: 0.7381
Adjusting learning rate of group 0 to 1.0000e-01.
Epoch: 15, Train loss: 0.6525368574142456, Validation loss: 0.9184700963020325, Validation accuracy: 0.6959
Adjusting learning rate of group 0 to 1.0000e-01.
Epoch: 16, Train loss: 0.6460883879470826, Validation loss: 1.008240562057495, Validation accuracy: 0.6803
Adjusting learning rate of group 0 to 1.0000e-01.
Epoch: 17, Train loss: 0.6318314911079407, Validation loss: 0.9002046382904053, Validation accuracy: 0.6849
Adjusting learning rate of group 0 to 1.0000e-01.
Epoch: 18, Train loss: 0.6291405143165588, Validation loss: 0.6914024550437927, Validation accuracy: 0.7697
Adjusting learning rate of group 0 to 1.0000e-01.
Epoch: 19, Train loss: 0.6196045395088196, Validation loss: 0.8000455509185791, Validation accuracy: 0.7336
Adjusting learning rate of group 0 to 1.0000e-01.
Epoch: 20, Train loss: 0.6227343896865845, Validation loss: 1.3692034889221192, Validation accuracy: 0.6298
Adjusting learning rate of group 0 to 1.0000e-01.
Epoch: 21, Train loss: 0.6213158730125428, Validation loss: 0.9359914077758789, Validation accuracy: 0.6823
Adjusting learning rate of group 0 to 1.0000e-01.
Epoch: 22, Train loss: 0.6072660268974304, Validation loss: 0.7388321223258972, Validation accuracy: 0.7495
Adjusting learning rate of group 0 to 1.0000e-01.
Epoch: 23, Train loss: 0.5994950516319275, Validation loss: 0.7229101932525634, Validation accuracy: 0.7569
Adjusting learning rate of group 0 to 1.0000e-01.
Epoch: 24, Train loss: 0.5930663788032532, Validation loss: 1.0483249912261963, Validation accuracy: 0.6778
Adjusting learning rate of group 0 to 1.0000e-01.
Epoch: 25, Train loss: 0.5979577436828614, Validation loss: 0.9124290689468384, Validation accuracy: 0.7205
Adjusting learning rate of group 0 to 1.0000e-01.
Epoch: 26, Train loss: 0.5923295487880706, Validation loss: 0.7442826634407044, Validation accuracy: 0.765
Adjusting learning rate of group 0 to 1.0000e-01.
Epoch: 27, Train loss: 0.5871399508285522, Validation loss: 0.7644732635498047, Validation accuracy: 0.7524
Adjusting learning rate of group 0 to 1.0000e-01.
Epoch: 28, Train loss: 0.5795718644523621, Validation loss: 0.7290488510131836, Validation accuracy: 0.7509
Adjusting learning rate of group 0 to 1.0000e-01.
Epoch: 29, Train loss: 0.5824305115509033, Validation loss: 0.8717289655685425, Validation accuracy: 0.7203
Adjusting learning rate of group 0 to 1.0000e-01.
Epoch: 30, Train loss: 0.5793236176490784, Validation loss: 0.777380394077301, Validation accuracy: 0.7462
Adjusting learning rate of group 0 to 1.0000e-01.
Epoch: 31, Train loss: 0.5769388282203675, Validation loss: 0.8172290826797486, Validation accuracy: 0.7283
Adjusting learning rate of group 0 to 1.0000e-01.
Epoch: 32, Train loss: 0.5733014504051208, Validation loss: 0.8975347390174866, Validation accuracy: 0.7225
Adjusting learning rate of group 0 to 1.0000e-01.
Epoch: 33, Train loss: 0.5705109775733948, Validation loss: 0.793611090183258, Validation accuracy: 0.7464
Adjusting learning rate of group 0 to 1.0000e-01.
Epoch: 34, Train loss: 0.5715725985145569, Validation loss: 0.6375868356704711, Validation accuracy: 0.7891
Adjusting learning rate of group 0 to 1.0000e-01.
Epoch: 35, Train loss: 0.5642080475234985, Validation loss: 0.7897679449081421, Validation accuracy: 0.7364
Adjusting learning rate of group 0 to 1.0000e-01.
Epoch: 36, Train loss: 0.5665194324302674, Validation loss: 0.6587874612808228, Validation accuracy: 0.7738
Adjusting learning rate of group 0 to 1.0000e-01.
Epoch: 37, Train loss: 0.5538366926956176, Validation loss: 0.9518770144462585, Validation accuracy: 0.7163
Adjusting learning rate of group 0 to 1.0000e-01.
Epoch: 38, Train loss: 0.5614824920272827, Validation loss: 0.6619220165252686, Validation accuracy: 0.78
Adjusting learning rate of group 0 to 1.0000e-01.
Epoch: 39, Train loss: 0.5584464635086059, Validation loss: 0.8525915983200073, Validation accuracy: 0.7323
Adjusting learning rate of group 0 to 1.0000e-01.
Epoch: 40, Train loss: 0.558084097290039, Validation loss: 0.8450162008285522, Validation accuracy: 0.7213
Adjusting learning rate of group 0 to 1.0000e-01.
Epoch: 41, Train loss: 0.5548432537269592, Validation loss: 0.6698618352890015, Validation accuracy: 0.7771
Adjusting learning rate of group 0 to 1.0000e-01.
Epoch: 42, Train loss: 0.5555201287841797, Validation loss: 0.7440616563796997, Validation accuracy: 0.7501
Adjusting learning rate of group 0 to 1.0000e-01.
Epoch: 43, Train loss: 0.5462138729476929, Validation loss: 0.8724973834991455, Validation accuracy: 0.7413
Adjusting learning rate of group 0 to 1.0000e-01.
Epoch: 44, Train loss: 0.5497683857536316, Validation loss: 0.8037176874160766, Validation accuracy: 0.7373
Adjusting learning rate of group 0 to 1.0000e-01.
Epoch: 45, Train loss: 0.550849213476181, Validation loss: 0.6874931786537171, Validation accuracy: 0.77
Adjusting learning rate of group 0 to 1.0000e-01.
Epoch: 46, Train loss: 0.5532584621047973, Validation loss: 0.6459412998199463, Validation accuracy: 0.7811
Adjusting learning rate of group 0 to 1.0000e-01.
Epoch: 47, Train loss: 0.5483104124450684, Validation loss: 0.6739523726463318, Validation accuracy: 0.7745
Adjusting learning rate of group 0 to 1.0000e-01.
Epoch: 48, Train loss: 0.5397092815208435, Validation loss: 0.7883237634658814, Validation accuracy: 0.7474
Adjusting learning rate of group 0 to 1.0000e-01.
Epoch: 49, Train loss: 0.5453509015560151, Validation loss: 1.0286915172576905, Validation accuracy: 0.6872
Adjusting learning rate of group 0 to 1.0000e-01.
Epoch: 50, Train loss: 0.5397423278617859, Validation loss: 0.7811584803581237, Validation accuracy: 0.7663
Adjusting learning rate of group 0 to 1.0000e-01.
Epoch: 51, Train loss: 0.5390780548095703, Validation loss: 0.7715994760513306, Validation accuracy: 0.7438
Adjusting learning rate of group 0 to 1.0000e-01.
Epoch: 52, Train loss: 0.5384707019424438, Validation loss: 0.7596148962974548, Validation accuracy: 0.7494
Adjusting learning rate of group 0 to 1.0000e-01.
Epoch: 53, Train loss: 0.5358951229286194, Validation loss: 0.6820618872642517, Validation accuracy: 0.7739
Adjusting learning rate of group 0 to 1.0000e-01.
Epoch: 54, Train loss: 0.5346854427719117, Validation loss: 0.8208611659049988, Validation accuracy: 0.7407
Adjusting learning rate of group 0 to 1.0000e-01.
Epoch: 55, Train loss: 0.5392654065513611, Validation loss: 0.6458583212852478, Validation accuracy: 0.774
Adjusting learning rate of group 0 to 1.0000e-01.
Epoch: 56, Train loss: 0.5399345123291016, Validation loss: 0.7254635437011718, Validation accuracy: 0.7612
Adjusting learning rate of group 0 to 1.0000e-01.
Epoch: 57, Train loss: 0.5335037066745758, Validation loss: 0.600005242061615, Validation accuracy: 0.7936
Adjusting learning rate of group 0 to 1.0000e-01.
Epoch: 58, Train loss: 0.5267917238044739, Validation loss: 0.9082889316558838, Validation accuracy: 0.7271
Adjusting learning rate of group 0 to 1.0000e-01.
Epoch: 59, Train loss: 0.528405950088501, Validation loss: 0.7929611827850341, Validation accuracy: 0.7474
Adjusting learning rate of group 0 to 1.0000e-01.
Epoch: 60, Train loss: 0.5358859965324402, Validation loss: 1.0725893684387207, Validation accuracy: 0.6824
Adjusting learning rate of group 0 to 1.0000e-01.
Epoch: 61, Train loss: 0.5232645892906189, Validation loss: 0.7250492398262024, Validation accuracy: 0.7579
Adjusting learning rate of group 0 to 1.0000e-01.
Epoch: 62, Train loss: 0.5262433557128906, Validation loss: 0.9940723978042603, Validation accuracy: 0.6996
Adjusting learning rate of group 0 to 1.0000e-01.
Epoch: 63, Train loss: 0.5247932689094543, Validation loss: 0.8132539403915405, Validation accuracy: 0.7434
Adjusting learning rate of group 0 to 1.0000e-01.
Epoch: 64, Train loss: 0.5224225234031677, Validation loss: 0.6465957527160644, Validation accuracy: 0.785
Adjusting learning rate of group 0 to 1.0000e-01.
Epoch: 65, Train loss: 0.5264508639335632, Validation loss: 0.9023776055335998, Validation accuracy: 0.7136
Adjusting learning rate of group 0 to 1.0000e-01.
Epoch: 66, Train loss: 0.5186774565315246, Validation loss: 0.9068857544898987, Validation accuracy: 0.7128
Adjusting learning rate of group 0 to 1.0000e-01.
Epoch: 67, Train loss: 0.5239275570297242, Validation loss: 0.593593913936615, Validation accuracy: 0.8016
Adjusting learning rate of group 0 to 1.0000e-01.
Epoch: 68, Train loss: 0.5259885279464722, Validation loss: 0.7108701889038086, Validation accuracy: 0.7604
Adjusting learning rate of group 0 to 1.0000e-01.
Epoch: 69, Train loss: 0.5199434259414673, Validation loss: 0.7360157482147217, Validation accuracy: 0.7616
Adjusting learning rate of group 0 to 1.0000e-01.
Epoch: 70, Train loss: 0.5113987328910827, Validation loss: 0.8572572937011719, Validation accuracy: 0.7264
Adjusting learning rate of group 0 to 1.0000e-01.
Epoch: 71, Train loss: 0.5218398770904541, Validation loss: 0.7102649297714233, Validation accuracy: 0.7702
Adjusting learning rate of group 0 to 1.0000e-01.
Epoch: 72, Train loss: 0.5135076147651673, Validation loss: 0.6303963793754578, Validation accuracy: 0.7801
Adjusting learning rate of group 0 to 1.0000e-01.
Epoch: 73, Train loss: 0.5172028435802459, Validation loss: 0.8131920200347901, Validation accuracy: 0.7397
Adjusting learning rate of group 0 to 1.0000e-01.
Epoch: 74, Train loss: 0.5177358534145355, Validation loss: 0.8332594801902771, Validation accuracy: 0.7491
Adjusting learning rate of group 0 to 1.0000e-01.
Epoch: 75, Train loss: 0.5181185694026947, Validation loss: 1.2277122181892395, Validation accuracy: 0.6517
Adjusting learning rate of group 0 to 1.0000e-01.
Epoch: 76, Train loss: 0.5111736224269867, Validation loss: 0.7865077308654785, Validation accuracy: 0.7572
Adjusting learning rate of group 0 to 1.0000e-01.
Epoch: 77, Train loss: 0.5099037771987915, Validation loss: 0.6648584208488464, Validation accuracy: 0.7899
Adjusting learning rate of group 0 to 1.0000e-01.
Epoch: 78, Train loss: 0.5120474942398071, Validation loss: 0.5821977257728577, Validation accuracy: 0.7969
Adjusting learning rate of group 0 to 1.0000e-01.
Epoch: 79, Train loss: 0.5082273538589478, Validation loss: 0.7274961407661438, Validation accuracy: 0.7718
Adjusting learning rate of group 0 to 1.0000e-01.
Epoch: 80, Train loss: 0.514598651676178, Validation loss: 0.600207625579834, Validation accuracy: 0.7933
Adjusting learning rate of group 0 to 1.0000e-01.
Epoch: 81, Train loss: 0.5070174910926819, Validation loss: 0.6380958995342255, Validation accuracy: 0.793
Adjusting learning rate of group 0 to 1.0000e-01.
Epoch: 82, Train loss: 0.5103918283843994, Validation loss: 0.7726317729949951, Validation accuracy: 0.7586
Adjusting learning rate of group 0 to 1.0000e-01.
Epoch: 83, Train loss: 0.506398736667633, Validation loss: 0.6575694994926453, Validation accuracy: 0.7759
Adjusting learning rate of group 0 to 1.0000e-01.
Epoch: 84, Train loss: 0.5102366638946533, Validation loss: 0.7353407631874085, Validation accuracy: 0.758
Adjusting learning rate of group 0 to 1.0000e-01.
Epoch: 85, Train loss: 0.5058153246498108, Validation loss: 0.653390509223938, Validation accuracy: 0.7777
Adjusting learning rate of group 0 to 1.0000e-01.
Epoch: 86, Train loss: 0.5041496269226075, Validation loss: 0.6216810914039612, Validation accuracy: 0.7913
Adjusting learning rate of group 0 to 1.0000e-01.
Epoch: 87, Train loss: 0.509118890171051, Validation loss: 0.5634973089218139, Validation accuracy: 0.8085
Adjusting learning rate of group 0 to 1.0000e-01.
Epoch: 88, Train loss: 0.5092672416114807, Validation loss: 0.6920383927345276, Validation accuracy: 0.7661
Adjusting learning rate of group 0 to 1.0000e-01.
Epoch: 89, Train loss: 0.5078762696456909, Validation loss: 0.6532272498130798, Validation accuracy: 0.7841
Adjusting learning rate of group 0 to 1.0000e-01.
Epoch: 90, Train loss: 0.5007441909980774, Validation loss: 0.6405909492492676, Validation accuracy: 0.791
Adjusting learning rate of group 0 to 1.0000e-01.
Epoch: 91, Train loss: 0.49769221227645877, Validation loss: 0.7504349970817565, Validation accuracy: 0.7568
Adjusting learning rate of group 0 to 1.0000e-01.
Epoch: 92, Train loss: 0.5054627257347107, Validation loss: 0.8126997448921204, Validation accuracy: 0.7421
Adjusting learning rate of group 0 to 1.0000e-01.
Epoch: 93, Train loss: 0.5057040152359009, Validation loss: 0.693459441947937, Validation accuracy: 0.7629
Adjusting learning rate of group 0 to 1.0000e-01.
Epoch: 94, Train loss: 0.49823808378219603, Validation loss: 0.583781603717804, Validation accuracy: 0.8106
Adjusting learning rate of group 0 to 1.0000e-01.
Epoch: 95, Train loss: 0.5008778719139099, Validation loss: 0.6497848966598511, Validation accuracy: 0.7817
Adjusting learning rate of group 0 to 1.0000e-01.
Epoch: 96, Train loss: 0.5026248990249634, Validation loss: 0.8018009805679321, Validation accuracy: 0.7535
Adjusting learning rate of group 0 to 1.0000e-01.
Epoch: 97, Train loss: 0.49677656480789184, Validation loss: 0.9667158993721008, Validation accuracy: 0.7135
Adjusting learning rate of group 0 to 1.0000e-01.
Epoch: 98, Train loss: 0.49900403606414795, Validation loss: 0.5998805660247802, Validation accuracy: 0.7988
Adjusting learning rate of group 0 to 1.0000e-01.
Epoch: 99, Train loss: 0.4977316234207153, Validation loss: 0.7925730962753296, Validation accuracy: 0.7438
Adjusting learning rate of group 0 to 1.0000e-02.
Epoch: 100, Train loss: 0.497895815038681, Validation loss: 0.8780433826446533, Validation accuracy: 0.7309
Adjusting learning rate of group 0 to 1.0000e-02.
Epoch: 101, Train loss: 0.37468806309700015, Validation loss: 0.39161129364967345, Validation accuracy: 0.8682
Adjusting learning rate of group 0 to 1.0000e-02.
Epoch: 102, Train loss: 0.3391883219718933, Validation loss: 0.39649267959594725, Validation accuracy: 0.87
Adjusting learning rate of group 0 to 1.0000e-02.
Epoch: 103, Train loss: 0.32364660178184507, Validation loss: 0.3862138969898224, Validation accuracy: 0.8725
Adjusting learning rate of group 0 to 1.0000e-02.
Epoch: 104, Train loss: 0.3163000783443451, Validation loss: 0.38843240699768067, Validation accuracy: 0.8737
Adjusting learning rate of group 0 to 1.0000e-02.
Epoch: 105, Train loss: 0.30845531074523924, Validation loss: 0.36823991088867186, Validation accuracy: 0.8792
Adjusting learning rate of group 0 to 1.0000e-02.
Epoch: 106, Train loss: 0.30521898344039916, Validation loss: 0.3858741506099701, Validation accuracy: 0.8709
Adjusting learning rate of group 0 to 1.0000e-02.
Epoch: 107, Train loss: 0.29925223707199095, Validation loss: 0.3757079741001129, Validation accuracy: 0.8772
Adjusting learning rate of group 0 to 1.0000e-02.
Epoch: 108, Train loss: 0.2960253911590576, Validation loss: 0.41250247735977175, Validation accuracy: 0.8662
Adjusting learning rate of group 0 to 1.0000e-02.
Epoch: 109, Train loss: 0.29406063709259034, Validation loss: 0.3735218696117401, Validation accuracy: 0.8774
Adjusting learning rate of group 0 to 1.0000e-02.
Epoch: 110, Train loss: 0.2922558542060852, Validation loss: 0.37049938411712646, Validation accuracy: 0.8758
Adjusting learning rate of group 0 to 1.0000e-02.
Epoch: 111, Train loss: 0.29084878438949585, Validation loss: 0.38128923835754397, Validation accuracy: 0.8781
Adjusting learning rate of group 0 to 1.0000e-02.
Epoch: 112, Train loss: 0.28382698789596555, Validation loss: 0.3798763516902924, Validation accuracy: 0.8729
Adjusting learning rate of group 0 to 1.0000e-02.
Epoch: 113, Train loss: 0.28436312357902527, Validation loss: 0.37223915586471557, Validation accuracy: 0.8774
Adjusting learning rate of group 0 to 1.0000e-02.
Epoch: 114, Train loss: 0.2824072679424286, Validation loss: 0.3693651013851166, Validation accuracy: 0.8787
Adjusting learning rate of group 0 to 1.0000e-02.
Epoch: 115, Train loss: 0.28093159430503845, Validation loss: 0.3824527978897095, Validation accuracy: 0.873
Adjusting learning rate of group 0 to 1.0000e-02.
Epoch: 116, Train loss: 0.27742102210998537, Validation loss: 0.3727767483711243, Validation accuracy: 0.8787
Adjusting learning rate of group 0 to 1.0000e-02.
Epoch: 117, Train loss: 0.2796857856750488, Validation loss: 0.4053277791023254, Validation accuracy: 0.8697
Adjusting learning rate of group 0 to 1.0000e-02.
Epoch: 118, Train loss: 0.27808724359512327, Validation loss: 0.393647300195694, Validation accuracy: 0.8766
Adjusting learning rate of group 0 to 1.0000e-02.
Epoch: 119, Train loss: 0.27472368587493895, Validation loss: 0.380444025182724, Validation accuracy: 0.8729
Adjusting learning rate of group 0 to 1.0000e-02.
Epoch: 120, Train loss: 0.2742431677722931, Validation loss: 0.36408626489639284, Validation accuracy: 0.8788
Adjusting learning rate of group 0 to 1.0000e-02.
Epoch: 121, Train loss: 0.2764104042243958, Validation loss: 0.3863030884742737, Validation accuracy: 0.8764
Adjusting learning rate of group 0 to 1.0000e-02.
Epoch: 122, Train loss: 0.2705072789478302, Validation loss: 0.3763272220611572, Validation accuracy: 0.8799
Adjusting learning rate of group 0 to 1.0000e-02.
Epoch: 123, Train loss: 0.27357074765205386, Validation loss: 0.39030517139434817, Validation accuracy: 0.873
Adjusting learning rate of group 0 to 1.0000e-02.
Epoch: 124, Train loss: 0.27070100331306457, Validation loss: 0.38895592803955076, Validation accuracy: 0.8745
Adjusting learning rate of group 0 to 1.0000e-02.
Epoch: 125, Train loss: 0.27360541254997256, Validation loss: 0.3877283796310425, Validation accuracy: 0.8759
Adjusting learning rate of group 0 to 1.0000e-02.
Epoch: 126, Train loss: 0.26887020672798156, Validation loss: 0.38525473313331604, Validation accuracy: 0.8749
Adjusting learning rate of group 0 to 1.0000e-02.
Epoch: 127, Train loss: 0.271007959523201, Validation loss: 0.38848683576583865, Validation accuracy: 0.8751
Adjusting learning rate of group 0 to 1.0000e-02.
Epoch: 128, Train loss: 0.27077211324691774, Validation loss: 0.3856685685157776, Validation accuracy: 0.8757
Adjusting learning rate of group 0 to 1.0000e-02.
Epoch: 129, Train loss: 0.26822510999679566, Validation loss: 0.39027242379188537, Validation accuracy: 0.8746
Adjusting learning rate of group 0 to 1.0000e-02.
Epoch: 130, Train loss: 0.27012868395805356, Validation loss: 0.4053642695426941, Validation accuracy: 0.8677
Adjusting learning rate of group 0 to 1.0000e-02.
Epoch: 131, Train loss: 0.26798050305366516, Validation loss: 0.39628769669532776, Validation accuracy: 0.8724
Adjusting learning rate of group 0 to 1.0000e-02.
Epoch: 132, Train loss: 0.26747199202537536, Validation loss: 0.4098578122138977, Validation accuracy: 0.8691
Adjusting learning rate of group 0 to 1.0000e-02.
Epoch: 133, Train loss: 0.26697248268127444, Validation loss: 0.37904799146652224, Validation accuracy: 0.8769
Adjusting learning rate of group 0 to 1.0000e-02.
Epoch: 134, Train loss: 0.27170128975868224, Validation loss: 0.3821162390708923, Validation accuracy: 0.8731
Adjusting learning rate of group 0 to 1.0000e-02.
Epoch: 135, Train loss: 0.2662321946144104, Validation loss: 0.3945864641666412, Validation accuracy: 0.8707
Adjusting learning rate of group 0 to 1.0000e-02.
Epoch: 136, Train loss: 0.2640391653394699, Validation loss: 0.3878289701938629, Validation accuracy: 0.8726
Adjusting learning rate of group 0 to 1.0000e-02.
Epoch: 137, Train loss: 0.26848468977928164, Validation loss: 0.41787720432281494, Validation accuracy: 0.8687
Adjusting learning rate of group 0 to 1.0000e-02.
Epoch: 138, Train loss: 0.26788061869621277, Validation loss: 0.39940216083526614, Validation accuracy: 0.8699
Adjusting learning rate of group 0 to 1.0000e-02.
Epoch: 139, Train loss: 0.26556877345085145, Validation loss: 0.3928987760066986, Validation accuracy: 0.8737
Adjusting learning rate of group 0 to 1.0000e-02.
Epoch: 140, Train loss: 0.2692232940196991, Validation loss: 0.38621227169036865, Validation accuracy: 0.8733
Adjusting learning rate of group 0 to 1.0000e-02.
Epoch: 141, Train loss: 0.26632615606307986, Validation loss: 0.3957203188896179, Validation accuracy: 0.8725
Adjusting learning rate of group 0 to 1.0000e-02.
Epoch: 142, Train loss: 0.26645957967758177, Validation loss: 0.40742883009910585, Validation accuracy: 0.8666
Adjusting learning rate of group 0 to 1.0000e-02.
Epoch: 143, Train loss: 0.2702769733905792, Validation loss: 0.42446871490478516, Validation accuracy: 0.8655
Adjusting learning rate of group 0 to 1.0000e-02.
Epoch: 144, Train loss: 0.267355213394165, Validation loss: 0.3988740377187729, Validation accuracy: 0.8721
Adjusting learning rate of group 0 to 1.0000e-02.
Epoch: 145, Train loss: 0.2714012306690216, Validation loss: 0.4033336468219757, Validation accuracy: 0.8721
Adjusting learning rate of group 0 to 1.0000e-02.
Epoch: 146, Train loss: 0.26544710755348205, Validation loss: 0.37324053568840027, Validation accuracy: 0.8824
Adjusting learning rate of group 0 to 1.0000e-02.
Epoch: 147, Train loss: 0.26867000303268435, Validation loss: 0.38605183968544005, Validation accuracy: 0.8749
Adjusting learning rate of group 0 to 1.0000e-02.
Epoch: 148, Train loss: 0.2666934935283661, Validation loss: 0.41359714007377624, Validation accuracy: 0.8711
Adjusting learning rate of group 0 to 1.0000e-02.
Epoch: 149, Train loss: 0.2702013117599487, Validation loss: 0.4233360795021057, Validation accuracy: 0.8687
Adjusting learning rate of group 0 to 1.0000e-03.
Epoch: 150, Train loss: 0.2716270433330536, Validation loss: 0.37005527143478395, Validation accuracy: 0.881
Adjusting learning rate of group 0 to 1.0000e-03.
Epoch: 151, Train loss: 0.23614478317260743, Validation loss: 0.34426345782279966, Validation accuracy: 0.89
Adjusting learning rate of group 0 to 1.0000e-03.
Epoch: 152, Train loss: 0.22176876419067382, Validation loss: 0.3440084689617157, Validation accuracy: 0.89
Adjusting learning rate of group 0 to 1.0000e-03.
Epoch: 153, Train loss: 0.21751645951747894, Validation loss: 0.3448573766708374, Validation accuracy: 0.8902
Adjusting learning rate of group 0 to 1.0000e-03.
Epoch: 154, Train loss: 0.21339481723308562, Validation loss: 0.34907260451316835, Validation accuracy: 0.8879
Adjusting learning rate of group 0 to 1.0000e-03.
Epoch: 155, Train loss: 0.21209018940448762, Validation loss: 0.3448568994522095, Validation accuracy: 0.8907
Adjusting learning rate of group 0 to 1.0000e-03.
Epoch: 156, Train loss: 0.21178857444286348, Validation loss: 0.34715475854873656, Validation accuracy: 0.8894
Adjusting learning rate of group 0 to 1.0000e-03.
Epoch: 157, Train loss: 0.21313579290390014, Validation loss: 0.34772341656684874, Validation accuracy: 0.891
Adjusting learning rate of group 0 to 1.0000e-03.
Epoch: 158, Train loss: 0.20932686530590058, Validation loss: 0.35056321473121643, Validation accuracy: 0.8895
Adjusting learning rate of group 0 to 1.0000e-03.
Epoch: 159, Train loss: 0.20768359120368957, Validation loss: 0.34904023690223696, Validation accuracy: 0.8899
Adjusting learning rate of group 0 to 1.0000e-03.
Epoch: 160, Train loss: 0.2089016456270218, Validation loss: 0.3534093873977661, Validation accuracy: 0.8908
Adjusting learning rate of group 0 to 1.0000e-03.
Epoch: 161, Train loss: 0.20567249326705933, Validation loss: 0.34814520988464354, Validation accuracy: 0.889
Adjusting learning rate of group 0 to 1.0000e-03.
Epoch: 162, Train loss: 0.2076606368303299, Validation loss: 0.3473376467704773, Validation accuracy: 0.8886
Adjusting learning rate of group 0 to 1.0000e-03.
Epoch: 163, Train loss: 0.20544327857017516, Validation loss: 0.3488663298606873, Validation accuracy: 0.889
Adjusting learning rate of group 0 to 1.0000e-03.
Epoch: 164, Train loss: 0.2039885502243042, Validation loss: 0.3500178958892822, Validation accuracy: 0.8896
Adjusting learning rate of group 0 to 1.0000e-03.
Epoch: 165, Train loss: 0.20386203612804413, Validation loss: 0.3516268156528473, Validation accuracy: 0.8908
Adjusting learning rate of group 0 to 1.0000e-03.
Epoch: 166, Train loss: 0.20065210943698883, Validation loss: 0.35251831331253053, Validation accuracy: 0.8885
Adjusting learning rate of group 0 to 1.0000e-03.
Epoch: 167, Train loss: 0.1994765047454834, Validation loss: 0.35197220611572266, Validation accuracy: 0.8889
Adjusting learning rate of group 0 to 1.0000e-03.
Epoch: 168, Train loss: 0.20337049898147583, Validation loss: 0.35392628750801086, Validation accuracy: 0.8891
Adjusting learning rate of group 0 to 1.0000e-03.
Epoch: 169, Train loss: 0.20083873994350435, Validation loss: 0.352128644990921, Validation accuracy: 0.8893
Adjusting learning rate of group 0 to 1.0000e-03.
Epoch: 170, Train loss: 0.20034293882369994, Validation loss: 0.35355289750099184, Validation accuracy: 0.8888
Adjusting learning rate of group 0 to 1.0000e-03.
Epoch: 171, Train loss: 0.19900232096195222, Validation loss: 0.35353540234565733, Validation accuracy: 0.8897
Adjusting learning rate of group 0 to 1.0000e-03.
Epoch: 172, Train loss: 0.20255922719478608, Validation loss: 0.3545917041301727, Validation accuracy: 0.8894
Adjusting learning rate of group 0 to 1.0000e-03.
Epoch: 173, Train loss: 0.2042408151960373, Validation loss: 0.34839728426933286, Validation accuracy: 0.8905
Adjusting learning rate of group 0 to 1.0000e-03.
Epoch: 174, Train loss: 0.2015707814884186, Validation loss: 0.3522752054691315, Validation accuracy: 0.8907
Adjusting learning rate of group 0 to 1.0000e-03.
Epoch: 175, Train loss: 0.19966701816082, Validation loss: 0.35377772035598753, Validation accuracy: 0.8898
Adjusting learning rate of group 0 to 1.0000e-03.
Epoch: 176, Train loss: 0.19778024004936218, Validation loss: 0.35177164731025695, Validation accuracy: 0.8914
Adjusting learning rate of group 0 to 1.0000e-03.
Epoch: 177, Train loss: 0.19796368175029755, Validation loss: 0.35211799116134646, Validation accuracy: 0.8907
Adjusting learning rate of group 0 to 1.0000e-03.
Epoch: 178, Train loss: 0.19662805629730223, Validation loss: 0.35786289715766906, Validation accuracy: 0.8871
Adjusting learning rate of group 0 to 1.0000e-03.
Epoch: 179, Train loss: 0.19919620160579682, Validation loss: 0.35376462364196776, Validation accuracy: 0.8904
Adjusting learning rate of group 0 to 1.0000e-03.
Epoch: 180, Train loss: 0.1962635986328125, Validation loss: 0.3566645815849304, Validation accuracy: 0.8895
Adjusting learning rate of group 0 to 1.0000e-03.
Epoch: 181, Train loss: 0.19537293641805648, Validation loss: 0.3520784596443176, Validation accuracy: 0.8911
Adjusting learning rate of group 0 to 1.0000e-03.
Epoch: 182, Train loss: 0.19634446626186372, Validation loss: 0.3570001406669617, Validation accuracy: 0.8883
Adjusting learning rate of group 0 to 1.0000e-03.
Epoch: 183, Train loss: 0.19452385056972504, Validation loss: 0.35628931016922, Validation accuracy: 0.8888
Adjusting learning rate of group 0 to 1.0000e-03.
Epoch: 184, Train loss: 0.1943438046550751, Validation loss: 0.35642572779655457, Validation accuracy: 0.8868
Adjusting learning rate of group 0 to 1.0000e-03.
Epoch: 185, Train loss: 0.19842560541152954, Validation loss: 0.3536620828151703, Validation accuracy: 0.8904
Adjusting learning rate of group 0 to 1.0000e-03.
Epoch: 186, Train loss: 0.19742162642002106, Validation loss: 0.3574678586959839, Validation accuracy: 0.8883
Adjusting learning rate of group 0 to 1.0000e-03.
Epoch: 187, Train loss: 0.19602087549209596, Validation loss: 0.35715461707115176, Validation accuracy: 0.889
Adjusting learning rate of group 0 to 1.0000e-03.
Epoch: 188, Train loss: 0.1953365066432953, Validation loss: 0.3586710219860077, Validation accuracy: 0.8882
Adjusting learning rate of group 0 to 1.0000e-03.
Epoch: 189, Train loss: 0.19211087750434874, Validation loss: 0.35965627908706665, Validation accuracy: 0.8887
Adjusting learning rate of group 0 to 1.0000e-03.
Epoch: 190, Train loss: 0.19595569910049437, Validation loss: 0.35855179319381714, Validation accuracy: 0.8902
Adjusting learning rate of group 0 to 1.0000e-03.
Epoch: 191, Train loss: 0.19676257152557372, Validation loss: 0.35547109360694884, Validation accuracy: 0.8891
Adjusting learning rate of group 0 to 1.0000e-03.
Epoch: 192, Train loss: 0.194331132478714, Validation loss: 0.36153940858840944, Validation accuracy: 0.8879
Adjusting learning rate of group 0 to 1.0000e-03.
Epoch: 193, Train loss: 0.19621658534049988, Validation loss: 0.35981065092086795, Validation accuracy: 0.8868
Adjusting learning rate of group 0 to 1.0000e-03.
Epoch: 194, Train loss: 0.19394120812892915, Validation loss: 0.3582583660125732, Validation accuracy: 0.8901
Adjusting learning rate of group 0 to 1.0000e-03.
Epoch: 195, Train loss: 0.19470971408843993, Validation loss: 0.3628244649887085, Validation accuracy: 0.8873
Adjusting learning rate of group 0 to 1.0000e-03.
Epoch: 196, Train loss: 0.1926239695930481, Validation loss: 0.3612208505630493, Validation accuracy: 0.888
Adjusting learning rate of group 0 to 1.0000e-03.
Epoch: 197, Train loss: 0.19362799221038818, Validation loss: 0.3612087571144104, Validation accuracy: 0.8893
Adjusting learning rate of group 0 to 1.0000e-03.
Epoch: 198, Train loss: 0.19336250394821167, Validation loss: 0.3615369876861572, Validation accuracy: 0.888
Adjusting learning rate of group 0 to 1.0000e-03.
Epoch: 199, Train loss: 0.1906966386938095, Validation loss: 0.3620103765964508, Validation accuracy: 0.8897
Accuracy: 0.8897
