['ResNet-TRL-Ringed.py', '--core_ranks', '2', '5', '2', '--ring_ranks', '9', '3', '5', '--seed', '3', '--device', 'cuda:3']
Initializing dataloader
Files already downloaded and verified
Files already downloaded and verified
Dataloader has initialized
Initializing model
Adjusting learning rate of group 0 to 1.0000e-02.
Model initialized
Testing model
Tests passed
Adjusting learning rate of group 0 to 2.0000e-02.
Epoch: 0, Train loss: 1.8419783428573608, Validation loss: 1.4885651657104493, Validation accuracy: 0.4547
Adjusting learning rate of group 0 to 3.0000e-02.
Epoch: 1, Train loss: 1.5006564408111571, Validation loss: 1.3314116165161132, Validation accuracy: 0.5179
Adjusting learning rate of group 0 to 4.0000e-02.
Epoch: 2, Train loss: 1.2789998596191405, Validation loss: 1.1282054578781129, Validation accuracy: 0.5852
Adjusting learning rate of group 0 to 5.0000e-02.
Epoch: 3, Train loss: 1.086955545349121, Validation loss: 1.0935500900268555, Validation accuracy: 0.64
Adjusting learning rate of group 0 to 6.0000e-02.
Epoch: 4, Train loss: 0.9401571821403504, Validation loss: 1.0461107333183288, Validation accuracy: 0.665
Adjusting learning rate of group 0 to 7.0000e-02.
Epoch: 5, Train loss: 0.8319212385559082, Validation loss: 0.8786745147705078, Validation accuracy: 0.7034
Adjusting learning rate of group 0 to 8.0000e-02.
Epoch: 6, Train loss: 0.7715451711654663, Validation loss: 0.7332831246376038, Validation accuracy: 0.7536
Adjusting learning rate of group 0 to 9.0000e-02.
Epoch: 7, Train loss: 0.7049756858253479, Validation loss: 0.7283387537002564, Validation accuracy: 0.7593
Adjusting learning rate of group 0 to 1.0000e-01.
Epoch: 8, Train loss: 0.6674327464008332, Validation loss: 0.9109789348602295, Validation accuracy: 0.7171
Adjusting learning rate of group 0 to 1.0000e-01.
Epoch: 9, Train loss: 0.6451618607711792, Validation loss: 0.736234090423584, Validation accuracy: 0.7622
Adjusting learning rate of group 0 to 1.0000e-01.
Epoch: 10, Train loss: 0.6058312089157104, Validation loss: 0.6840884516716004, Validation accuracy: 0.7687
Adjusting learning rate of group 0 to 1.0000e-01.
Epoch: 11, Train loss: 0.5734428658676147, Validation loss: 0.6493185276031495, Validation accuracy: 0.7846
Adjusting learning rate of group 0 to 1.0000e-01.
Epoch: 12, Train loss: 0.5420534732246399, Validation loss: 0.6789961065292358, Validation accuracy: 0.7919
Adjusting learning rate of group 0 to 1.0000e-01.
Epoch: 13, Train loss: 0.5216392411613464, Validation loss: 0.576968325829506, Validation accuracy: 0.8042
Adjusting learning rate of group 0 to 1.0000e-01.
Epoch: 14, Train loss: 0.5035449319267273, Validation loss: 0.6233555241107941, Validation accuracy: 0.798
Adjusting learning rate of group 0 to 1.0000e-01.
Epoch: 15, Train loss: 0.4978648016357422, Validation loss: 0.930441116809845, Validation accuracy: 0.7256
Adjusting learning rate of group 0 to 1.0000e-01.
Epoch: 16, Train loss: 0.47439281902313235, Validation loss: 0.776701603937149, Validation accuracy: 0.7855
Adjusting learning rate of group 0 to 1.0000e-01.
Epoch: 17, Train loss: 0.4662211040878296, Validation loss: 0.5755029357910156, Validation accuracy: 0.8162
Adjusting learning rate of group 0 to 1.0000e-01.
Epoch: 18, Train loss: 0.4547673934555054, Validation loss: 0.5747187055587769, Validation accuracy: 0.8176
Adjusting learning rate of group 0 to 1.0000e-01.
Epoch: 19, Train loss: 0.44892322338104246, Validation loss: 0.6874888013839722, Validation accuracy: 0.7896
Adjusting learning rate of group 0 to 1.0000e-01.
Epoch: 20, Train loss: 0.4400556240558624, Validation loss: 0.7115618745803833, Validation accuracy: 0.8039
Adjusting learning rate of group 0 to 1.0000e-01.
Epoch: 21, Train loss: 0.4331330821990967, Validation loss: 0.6334512160301209, Validation accuracy: 0.8125
Adjusting learning rate of group 0 to 1.0000e-01.
Epoch: 22, Train loss: 0.4244119801139832, Validation loss: 0.7498839337348938, Validation accuracy: 0.7751
Adjusting learning rate of group 0 to 1.0000e-01.
Epoch: 23, Train loss: 0.41684333417892455, Validation loss: 0.6637623536109925, Validation accuracy: 0.7904
Adjusting learning rate of group 0 to 1.0000e-01.
Epoch: 24, Train loss: 0.4078376439476013, Validation loss: 0.5615550352096558, Validation accuracy: 0.8188
Adjusting learning rate of group 0 to 1.0000e-01.
Epoch: 25, Train loss: 0.4122419908428192, Validation loss: 0.4832484215736389, Validation accuracy: 0.8402
Adjusting learning rate of group 0 to 1.0000e-01.
Epoch: 26, Train loss: 0.40531472440719607, Validation loss: 0.4967108504295349, Validation accuracy: 0.852
Adjusting learning rate of group 0 to 1.0000e-01.
Epoch: 27, Train loss: 0.3981983453464508, Validation loss: 0.5547346261024475, Validation accuracy: 0.8338
Adjusting learning rate of group 0 to 1.0000e-01.
Epoch: 28, Train loss: 0.40025142817497256, Validation loss: 0.6629025447964668, Validation accuracy: 0.816
Adjusting learning rate of group 0 to 1.0000e-01.
Epoch: 29, Train loss: 0.3878766366958618, Validation loss: 0.470402339553833, Validation accuracy: 0.8432
Adjusting learning rate of group 0 to 1.0000e-01.
Epoch: 30, Train loss: 0.38993110014915466, Validation loss: 0.7981953448295593, Validation accuracy: 0.7826
Adjusting learning rate of group 0 to 1.0000e-01.
Epoch: 31, Train loss: 0.37835813163757326, Validation loss: 0.49324729080200197, Validation accuracy: 0.8421
Adjusting learning rate of group 0 to 1.0000e-01.
Epoch: 32, Train loss: 0.3768648965740204, Validation loss: 0.5499411718845367, Validation accuracy: 0.8293
Adjusting learning rate of group 0 to 1.0000e-01.
Epoch: 33, Train loss: 0.3760084809780121, Validation loss: 0.4273533162117004, Validation accuracy: 0.8616
Adjusting learning rate of group 0 to 1.0000e-01.
Epoch: 34, Train loss: 0.3676523352813721, Validation loss: 0.5917452996253967, Validation accuracy: 0.8204
Adjusting learning rate of group 0 to 1.0000e-01.
Epoch: 35, Train loss: 0.3671154718017578, Validation loss: 0.526563654756546, Validation accuracy: 0.8381
Adjusting learning rate of group 0 to 1.0000e-01.
Epoch: 36, Train loss: 0.3626682246685028, Validation loss: 0.5134788701057434, Validation accuracy: 0.8482
Adjusting learning rate of group 0 to 1.0000e-01.
Epoch: 37, Train loss: 0.3632862936592102, Validation loss: 0.6089470687866211, Validation accuracy: 0.8114
Adjusting learning rate of group 0 to 1.0000e-01.
Epoch: 38, Train loss: 0.3667632538032532, Validation loss: 0.5071875274658203, Validation accuracy: 0.8491
Adjusting learning rate of group 0 to 1.0000e-01.
Epoch: 39, Train loss: 0.35980138984680177, Validation loss: 0.575682516860962, Validation accuracy: 0.8298
Adjusting learning rate of group 0 to 1.0000e-01.
Epoch: 40, Train loss: 0.35412341955184934, Validation loss: 0.454740083694458, Validation accuracy: 0.8562
Adjusting learning rate of group 0 to 1.0000e-01.
Epoch: 41, Train loss: 0.35601981519699094, Validation loss: 0.4808331310510635, Validation accuracy: 0.8441
Adjusting learning rate of group 0 to 1.0000e-01.
Epoch: 42, Train loss: 0.3566913761615753, Validation loss: 0.5682784775733948, Validation accuracy: 0.8266
Adjusting learning rate of group 0 to 1.0000e-01.
Epoch: 43, Train loss: 0.34556274656295777, Validation loss: 0.6888679080963135, Validation accuracy: 0.7957
Adjusting learning rate of group 0 to 1.0000e-01.
Epoch: 44, Train loss: 0.34760775457382204, Validation loss: 0.4632805311203003, Validation accuracy: 0.8566
Adjusting learning rate of group 0 to 1.0000e-01.
Epoch: 45, Train loss: 0.3424853968524933, Validation loss: 0.6845727871894837, Validation accuracy: 0.799
Adjusting learning rate of group 0 to 1.0000e-01.
Epoch: 46, Train loss: 0.3450834874725342, Validation loss: 0.5279648447036743, Validation accuracy: 0.8339
Adjusting learning rate of group 0 to 1.0000e-01.
Epoch: 47, Train loss: 0.34361551064491275, Validation loss: 0.6554491179943085, Validation accuracy: 0.8099
Adjusting learning rate of group 0 to 1.0000e-01.
Epoch: 48, Train loss: 0.3388009969902039, Validation loss: 0.5029251918315888, Validation accuracy: 0.8544
Adjusting learning rate of group 0 to 1.0000e-01.
Epoch: 49, Train loss: 0.34233327365875243, Validation loss: 0.5068711354255676, Validation accuracy: 0.8322
Adjusting learning rate of group 0 to 1.0000e-01.
Epoch: 50, Train loss: 0.3395937126731873, Validation loss: 0.5883598629951478, Validation accuracy: 0.8362
Adjusting learning rate of group 0 to 1.0000e-01.
Epoch: 51, Train loss: 0.34094018350601196, Validation loss: 0.5652510005950928, Validation accuracy: 0.8324
Adjusting learning rate of group 0 to 1.0000e-01.
Epoch: 52, Train loss: 0.3366172513771057, Validation loss: 0.7482509538650512, Validation accuracy: 0.7887
Adjusting learning rate of group 0 to 1.0000e-01.
Epoch: 53, Train loss: 0.33673600801467896, Validation loss: 0.6943506361007691, Validation accuracy: 0.7982
Adjusting learning rate of group 0 to 1.0000e-01.
Epoch: 54, Train loss: 0.33338487005233763, Validation loss: 0.5062025602340698, Validation accuracy: 0.8429
Adjusting learning rate of group 0 to 1.0000e-01.
Epoch: 55, Train loss: 0.3346713267612457, Validation loss: 0.5163108106613159, Validation accuracy: 0.8554
Adjusting learning rate of group 0 to 1.0000e-01.
Epoch: 56, Train loss: 0.33209393853187563, Validation loss: 0.5121283767700195, Validation accuracy: 0.8384
Adjusting learning rate of group 0 to 1.0000e-01.
Epoch: 57, Train loss: 0.33516479108810426, Validation loss: 0.5414710536003112, Validation accuracy: 0.8391
Adjusting learning rate of group 0 to 1.0000e-01.
Epoch: 58, Train loss: 0.3285306517124176, Validation loss: 0.6681178022384644, Validation accuracy: 0.8047
Adjusting learning rate of group 0 to 1.0000e-01.
Epoch: 59, Train loss: 0.324846380443573, Validation loss: 0.5074418226957321, Validation accuracy: 0.8348
Adjusting learning rate of group 0 to 1.0000e-01.
Epoch: 60, Train loss: 0.32829379945755005, Validation loss: 0.5175448870658874, Validation accuracy: 0.851
Adjusting learning rate of group 0 to 1.0000e-01.
Epoch: 61, Train loss: 0.3208798172950745, Validation loss: 0.7494542497634887, Validation accuracy: 0.7666
Adjusting learning rate of group 0 to 1.0000e-01.
Epoch: 62, Train loss: 0.3308597366142273, Validation loss: 0.4861702935218811, Validation accuracy: 0.8578
Adjusting learning rate of group 0 to 1.0000e-01.
Epoch: 63, Train loss: 0.32552827730178835, Validation loss: 0.6236107729911804, Validation accuracy: 0.8196
Adjusting learning rate of group 0 to 1.0000e-01.
Epoch: 64, Train loss: 0.32440051766395567, Validation loss: 0.49434384365081785, Validation accuracy: 0.8465
Adjusting learning rate of group 0 to 1.0000e-01.
Epoch: 65, Train loss: 0.32098386514663696, Validation loss: 0.5199122570991516, Validation accuracy: 0.84
Adjusting learning rate of group 0 to 1.0000e-01.
Epoch: 66, Train loss: 0.3193515681266785, Validation loss: 0.4398459190368652, Validation accuracy: 0.8596
Adjusting learning rate of group 0 to 1.0000e-01.
Epoch: 67, Train loss: 0.3134372184371948, Validation loss: 0.5042358530044556, Validation accuracy: 0.8452
Adjusting learning rate of group 0 to 1.0000e-01.
Epoch: 68, Train loss: 0.328197615070343, Validation loss: 0.4807548880577087, Validation accuracy: 0.8574
Adjusting learning rate of group 0 to 1.0000e-01.
Epoch: 69, Train loss: 0.3190700311279297, Validation loss: 0.5604529813766479, Validation accuracy: 0.8277
Adjusting learning rate of group 0 to 1.0000e-01.
Epoch: 70, Train loss: 0.321660470995903, Validation loss: 0.49546415519714354, Validation accuracy: 0.8599
Adjusting learning rate of group 0 to 1.0000e-01.
Epoch: 71, Train loss: 0.31421966165542603, Validation loss: 0.4616291326522827, Validation accuracy: 0.8571
Adjusting learning rate of group 0 to 1.0000e-01.
Epoch: 72, Train loss: 0.31654676564216616, Validation loss: 0.49411326179504395, Validation accuracy: 0.8516
Adjusting learning rate of group 0 to 1.0000e-01.
Epoch: 73, Train loss: 0.31410943690299986, Validation loss: 0.5398259974479676, Validation accuracy: 0.8345
Adjusting learning rate of group 0 to 1.0000e-01.
Epoch: 74, Train loss: 0.3189621127128601, Validation loss: 0.47300377893447876, Validation accuracy: 0.8478
Adjusting learning rate of group 0 to 1.0000e-01.
Epoch: 75, Train loss: 0.31946202424049375, Validation loss: 0.4998456555366516, Validation accuracy: 0.8505
Adjusting learning rate of group 0 to 1.0000e-01.
Epoch: 76, Train loss: 0.315961654586792, Validation loss: 0.48787701172828674, Validation accuracy: 0.8504
Adjusting learning rate of group 0 to 1.0000e-01.
Epoch: 77, Train loss: 0.31357302899360656, Validation loss: 0.3978802098751068, Validation accuracy: 0.8732
Adjusting learning rate of group 0 to 1.0000e-01.
Epoch: 78, Train loss: 0.30881567338943483, Validation loss: 0.4699183621406555, Validation accuracy: 0.8573
Adjusting learning rate of group 0 to 1.0000e-01.
Epoch: 79, Train loss: 0.3155320458316803, Validation loss: 0.43354368419647216, Validation accuracy: 0.875
Adjusting learning rate of group 0 to 1.0000e-01.
Epoch: 80, Train loss: 0.3028441756248474, Validation loss: 0.49906522798538205, Validation accuracy: 0.8423
Adjusting learning rate of group 0 to 1.0000e-01.
Epoch: 81, Train loss: 0.3122773315429688, Validation loss: 0.5179542181968689, Validation accuracy: 0.8454
Adjusting learning rate of group 0 to 1.0000e-01.
Epoch: 82, Train loss: 0.3131230894470215, Validation loss: 0.47599625701904297, Validation accuracy: 0.8447
Adjusting learning rate of group 0 to 1.0000e-01.
Epoch: 83, Train loss: 0.315339251499176, Validation loss: 0.619525583267212, Validation accuracy: 0.8188
Adjusting learning rate of group 0 to 1.0000e-01.
Epoch: 84, Train loss: 0.3105944760704041, Validation loss: 0.47126210470199587, Validation accuracy: 0.8669
Adjusting learning rate of group 0 to 1.0000e-01.
Epoch: 85, Train loss: 0.30869152997970584, Validation loss: 0.560675688457489, Validation accuracy: 0.8276
Adjusting learning rate of group 0 to 1.0000e-01.
Epoch: 86, Train loss: 0.3131525226211548, Validation loss: 0.5462644618988037, Validation accuracy: 0.8435
Adjusting learning rate of group 0 to 1.0000e-01.
Epoch: 87, Train loss: 0.30310389043807984, Validation loss: 0.49810419001579287, Validation accuracy: 0.8571
Adjusting learning rate of group 0 to 1.0000e-01.
Epoch: 88, Train loss: 0.30790469877243043, Validation loss: 0.5847472600936889, Validation accuracy: 0.8262
Adjusting learning rate of group 0 to 1.0000e-01.
Epoch: 89, Train loss: 0.30414742722034455, Validation loss: 0.4542247127532959, Validation accuracy: 0.8651
Adjusting learning rate of group 0 to 1.0000e-01.
Epoch: 90, Train loss: 0.30693718755722044, Validation loss: 0.42657447109222413, Validation accuracy: 0.859
Adjusting learning rate of group 0 to 1.0000e-01.
Epoch: 91, Train loss: 0.30605362466812136, Validation loss: 0.5970689208984375, Validation accuracy: 0.8327
Adjusting learning rate of group 0 to 1.0000e-01.
Epoch: 92, Train loss: 0.3031329333972931, Validation loss: 0.5142540524482727, Validation accuracy: 0.8323
Adjusting learning rate of group 0 to 1.0000e-01.
Epoch: 93, Train loss: 0.3066229639530182, Validation loss: 0.5207606774330139, Validation accuracy: 0.8359
Adjusting learning rate of group 0 to 1.0000e-01.
Epoch: 94, Train loss: 0.3035636182880402, Validation loss: 0.5440090829849243, Validation accuracy: 0.8398
Adjusting learning rate of group 0 to 1.0000e-01.
Epoch: 95, Train loss: 0.3012695897579193, Validation loss: 0.5106267078399658, Validation accuracy: 0.8461
Adjusting learning rate of group 0 to 1.0000e-01.
Epoch: 96, Train loss: 0.30329775292873384, Validation loss: 0.4975819878578186, Validation accuracy: 0.8644
Adjusting learning rate of group 0 to 1.0000e-01.
Epoch: 97, Train loss: 0.3031090337371826, Validation loss: 0.42384740486145017, Validation accuracy: 0.8614
Adjusting learning rate of group 0 to 1.0000e-01.
Epoch: 98, Train loss: 0.3007869237804413, Validation loss: 0.4757281410217285, Validation accuracy: 0.8507
Adjusting learning rate of group 0 to 1.0000e-01.
Epoch: 99, Train loss: 0.3075279703903198, Validation loss: 0.4793248729705811, Validation accuracy: 0.8492
Adjusting learning rate of group 0 to 1.0000e-02.
Epoch: 100, Train loss: 0.30017876595497134, Validation loss: 0.5199919282913208, Validation accuracy: 0.8451
Adjusting learning rate of group 0 to 1.0000e-02.
Epoch: 101, Train loss: 0.17557096231937408, Validation loss: 0.2875996642112732, Validation accuracy: 0.9131
Adjusting learning rate of group 0 to 1.0000e-02.
Epoch: 102, Train loss: 0.13309462918281556, Validation loss: 0.2830856575012207, Validation accuracy: 0.9186
Adjusting learning rate of group 0 to 1.0000e-02.
Epoch: 103, Train loss: 0.11593898568153381, Validation loss: 0.28725457458496095, Validation accuracy: 0.9206
Adjusting learning rate of group 0 to 1.0000e-02.
Epoch: 104, Train loss: 0.10599740410804749, Validation loss: 0.2841168967247009, Validation accuracy: 0.9224
Adjusting learning rate of group 0 to 1.0000e-02.
Epoch: 105, Train loss: 0.0973883406805992, Validation loss: 0.28250402030944827, Validation accuracy: 0.9239
Adjusting learning rate of group 0 to 1.0000e-02.
Epoch: 106, Train loss: 0.09225972833156586, Validation loss: 0.29202893104553224, Validation accuracy: 0.923
Adjusting learning rate of group 0 to 1.0000e-02.
Epoch: 107, Train loss: 0.08830498516559601, Validation loss: 0.2919257526397705, Validation accuracy: 0.922
Adjusting learning rate of group 0 to 1.0000e-02.
Epoch: 108, Train loss: 0.08270603917598725, Validation loss: 0.30068310928344727, Validation accuracy: 0.9231
Adjusting learning rate of group 0 to 1.0000e-02.
Epoch: 109, Train loss: 0.07675238369464875, Validation loss: 0.3027745238304138, Validation accuracy: 0.9227
Adjusting learning rate of group 0 to 1.0000e-02.
Epoch: 110, Train loss: 0.07331965661287308, Validation loss: 0.3002250265598297, Validation accuracy: 0.9253
Adjusting learning rate of group 0 to 1.0000e-02.
Epoch: 111, Train loss: 0.06881695490837098, Validation loss: 0.3150036845207214, Validation accuracy: 0.9244
Adjusting learning rate of group 0 to 1.0000e-02.
Epoch: 112, Train loss: 0.06582964469790459, Validation loss: 0.325696803188324, Validation accuracy: 0.9244
Adjusting learning rate of group 0 to 1.0000e-02.
Epoch: 113, Train loss: 0.06560003203392029, Validation loss: 0.336403555393219, Validation accuracy: 0.9193
Adjusting learning rate of group 0 to 1.0000e-02.
Epoch: 114, Train loss: 0.062018185846805574, Validation loss: 0.33753852882385255, Validation accuracy: 0.9255
Adjusting learning rate of group 0 to 1.0000e-02.
Epoch: 115, Train loss: 0.058040115460157395, Validation loss: 0.35272603702545163, Validation accuracy: 0.9226
Adjusting learning rate of group 0 to 1.0000e-02.
Epoch: 116, Train loss: 0.055360763853788374, Validation loss: 0.3530272144317627, Validation accuracy: 0.9248
Adjusting learning rate of group 0 to 1.0000e-02.
Epoch: 117, Train loss: 0.056713465200066565, Validation loss: 0.33496091747283935, Validation accuracy: 0.9231
Adjusting learning rate of group 0 to 1.0000e-02.
Epoch: 118, Train loss: 0.05432180006742478, Validation loss: 0.35384409246444704, Validation accuracy: 0.9235
Adjusting learning rate of group 0 to 1.0000e-02.
Epoch: 119, Train loss: 0.04988683492541313, Validation loss: 0.3592475359916687, Validation accuracy: 0.9241
Adjusting learning rate of group 0 to 1.0000e-02.
Epoch: 120, Train loss: 0.05013532944083214, Validation loss: 0.36093619775772096, Validation accuracy: 0.9229
Adjusting learning rate of group 0 to 1.0000e-02.
Epoch: 121, Train loss: 0.046944919424057006, Validation loss: 0.34916910972595216, Validation accuracy: 0.9267
Adjusting learning rate of group 0 to 1.0000e-02.
Epoch: 122, Train loss: 0.04861234628260136, Validation loss: 0.35460451955795286, Validation accuracy: 0.9238
Adjusting learning rate of group 0 to 1.0000e-02.
Epoch: 123, Train loss: 0.04799961466908455, Validation loss: 0.371450919342041, Validation accuracy: 0.9258
Adjusting learning rate of group 0 to 1.0000e-02.
Epoch: 124, Train loss: 0.04581056959271431, Validation loss: 0.3775588690757751, Validation accuracy: 0.9226
Adjusting learning rate of group 0 to 1.0000e-02.
Epoch: 125, Train loss: 0.04556109548985958, Validation loss: 0.3641542949676514, Validation accuracy: 0.9225
Adjusting learning rate of group 0 to 1.0000e-02.
Epoch: 126, Train loss: 0.0431208957695961, Validation loss: 0.3974351903915405, Validation accuracy: 0.9226
Adjusting learning rate of group 0 to 1.0000e-02.
Epoch: 127, Train loss: 0.04205631779462099, Validation loss: 0.3815007008552551, Validation accuracy: 0.925
Adjusting learning rate of group 0 to 1.0000e-02.
Epoch: 128, Train loss: 0.04095717455625534, Validation loss: 0.4042093173980713, Validation accuracy: 0.9241
Adjusting learning rate of group 0 to 1.0000e-02.
Epoch: 129, Train loss: 0.04180096511721611, Validation loss: 0.4032655731201172, Validation accuracy: 0.9209
Adjusting learning rate of group 0 to 1.0000e-02.
Epoch: 130, Train loss: 0.041145664874762296, Validation loss: 0.3924741981506348, Validation accuracy: 0.9247
Adjusting learning rate of group 0 to 1.0000e-02.
Epoch: 131, Train loss: 0.04006005949676037, Validation loss: 0.3919454261779785, Validation accuracy: 0.9232
Adjusting learning rate of group 0 to 1.0000e-02.
Epoch: 132, Train loss: 0.04125731501698494, Validation loss: 0.45401603536605833, Validation accuracy: 0.9151
Adjusting learning rate of group 0 to 1.0000e-02.
Epoch: 133, Train loss: 0.03925365441709757, Validation loss: 0.3965856847763062, Validation accuracy: 0.9213
Adjusting learning rate of group 0 to 1.0000e-02.
Epoch: 134, Train loss: 0.03993722000777721, Validation loss: 0.3904357513427734, Validation accuracy: 0.9215
Adjusting learning rate of group 0 to 1.0000e-02.
Epoch: 135, Train loss: 0.03741304243266583, Validation loss: 0.39136827507019045, Validation accuracy: 0.9213
Adjusting learning rate of group 0 to 1.0000e-02.
Epoch: 136, Train loss: 0.036106112985610964, Validation loss: 0.39621754322052, Validation accuracy: 0.9226
Adjusting learning rate of group 0 to 1.0000e-02.
Epoch: 137, Train loss: 0.03801126307249069, Validation loss: 0.4091202747344971, Validation accuracy: 0.9201
Adjusting learning rate of group 0 to 1.0000e-02.
Epoch: 138, Train loss: 0.03842122873842716, Validation loss: 0.42226454401016233, Validation accuracy: 0.9195
Adjusting learning rate of group 0 to 1.0000e-02.
Epoch: 139, Train loss: 0.03721404729902744, Validation loss: 0.4088169990539551, Validation accuracy: 0.9222
Adjusting learning rate of group 0 to 1.0000e-02.
Epoch: 140, Train loss: 0.04011765343368053, Validation loss: 0.39870314865112305, Validation accuracy: 0.9197
Adjusting learning rate of group 0 to 1.0000e-02.
Epoch: 141, Train loss: 0.03553789032459259, Validation loss: 0.3908659710884094, Validation accuracy: 0.9219
Adjusting learning rate of group 0 to 1.0000e-02.
Epoch: 142, Train loss: 0.037703261197209355, Validation loss: 0.408758145904541, Validation accuracy: 0.9208
Adjusting learning rate of group 0 to 1.0000e-02.
Epoch: 143, Train loss: 0.037322312791347505, Validation loss: 0.4708809717178345, Validation accuracy: 0.9148
Adjusting learning rate of group 0 to 1.0000e-02.
Epoch: 144, Train loss: 0.03642706682443619, Validation loss: 0.444936665725708, Validation accuracy: 0.9168
Adjusting learning rate of group 0 to 1.0000e-02.
Epoch: 145, Train loss: 0.03800592983007431, Validation loss: 0.40736803312301634, Validation accuracy: 0.9223
Adjusting learning rate of group 0 to 1.0000e-02.
Epoch: 146, Train loss: 0.03778380987405777, Validation loss: 0.4213136627197266, Validation accuracy: 0.9203
Adjusting learning rate of group 0 to 1.0000e-02.
Epoch: 147, Train loss: 0.0349225631698966, Validation loss: 0.4411563090324402, Validation accuracy: 0.9184
Adjusting learning rate of group 0 to 1.0000e-02.
Epoch: 148, Train loss: 0.03526533546566963, Validation loss: 0.40358679599761965, Validation accuracy: 0.9229
Adjusting learning rate of group 0 to 1.0000e-02.
Epoch: 149, Train loss: 0.03619860223032534, Validation loss: 0.39382672424316406, Validation accuracy: 0.9223
Adjusting learning rate of group 0 to 1.0000e-03.
Epoch: 150, Train loss: 0.034096069526076314, Validation loss: 0.39857714385986326, Validation accuracy: 0.9188
Adjusting learning rate of group 0 to 1.0000e-03.
Epoch: 151, Train loss: 0.021993732457458972, Validation loss: 0.3689280701637268, Validation accuracy: 0.9277
Adjusting learning rate of group 0 to 1.0000e-03.
Epoch: 152, Train loss: 0.017593901832550763, Validation loss: 0.3746288451194763, Validation accuracy: 0.9283
Adjusting learning rate of group 0 to 1.0000e-03.
Epoch: 153, Train loss: 0.014730634431615472, Validation loss: 0.378548410987854, Validation accuracy: 0.9277
Adjusting learning rate of group 0 to 1.0000e-03.
Epoch: 154, Train loss: 0.012905116965919733, Validation loss: 0.38505869207382204, Validation accuracy: 0.9307
Adjusting learning rate of group 0 to 1.0000e-03.
Epoch: 155, Train loss: 0.013033873500972987, Validation loss: 0.38457256441116333, Validation accuracy: 0.9292
Adjusting learning rate of group 0 to 1.0000e-03.
Epoch: 156, Train loss: 0.012932151493802667, Validation loss: 0.3918557290077209, Validation accuracy: 0.9303
Adjusting learning rate of group 0 to 1.0000e-03.
Epoch: 157, Train loss: 0.012107397195100785, Validation loss: 0.3933529544830322, Validation accuracy: 0.9304
Adjusting learning rate of group 0 to 1.0000e-03.
Epoch: 158, Train loss: 0.011042716871872544, Validation loss: 0.39623928756713866, Validation accuracy: 0.9316
Adjusting learning rate of group 0 to 1.0000e-03.
Epoch: 159, Train loss: 0.011099760212004185, Validation loss: 0.40130020551681517, Validation accuracy: 0.9315
Adjusting learning rate of group 0 to 1.0000e-03.
Epoch: 160, Train loss: 0.010233273009955883, Validation loss: 0.40536131772994993, Validation accuracy: 0.9298
Adjusting learning rate of group 0 to 1.0000e-03.
Epoch: 161, Train loss: 0.00955534106746316, Validation loss: 0.403075387096405, Validation accuracy: 0.9306
Adjusting learning rate of group 0 to 1.0000e-03.
Epoch: 162, Train loss: 0.009715428981520235, Validation loss: 0.40674935417175295, Validation accuracy: 0.9308
Adjusting learning rate of group 0 to 1.0000e-03.
Epoch: 163, Train loss: 0.009873997440412641, Validation loss: 0.4148322229385376, Validation accuracy: 0.9319
Adjusting learning rate of group 0 to 1.0000e-03.
Epoch: 164, Train loss: 0.008707762604281306, Validation loss: 0.41461021814346316, Validation accuracy: 0.9306
Adjusting learning rate of group 0 to 1.0000e-03.
Epoch: 165, Train loss: 0.008361092923171819, Validation loss: 0.41569695386886596, Validation accuracy: 0.933
Adjusting learning rate of group 0 to 1.0000e-03.
Epoch: 166, Train loss: 0.00782585748469457, Validation loss: 0.41568481483459474, Validation accuracy: 0.9325
Adjusting learning rate of group 0 to 1.0000e-03.
Epoch: 167, Train loss: 0.007174626820757985, Validation loss: 0.41738955078125, Validation accuracy: 0.9318
Adjusting learning rate of group 0 to 1.0000e-03.
Epoch: 168, Train loss: 0.007795559292733669, Validation loss: 0.4198307238578796, Validation accuracy: 0.932
Adjusting learning rate of group 0 to 1.0000e-03.
Epoch: 169, Train loss: 0.007699712290614843, Validation loss: 0.4221868580818176, Validation accuracy: 0.933
Adjusting learning rate of group 0 to 1.0000e-03.
Epoch: 170, Train loss: 0.007353714458253235, Validation loss: 0.4205667127609253, Validation accuracy: 0.9316
Adjusting learning rate of group 0 to 1.0000e-03.
Epoch: 171, Train loss: 0.007225601104367524, Validation loss: 0.42437284669876096, Validation accuracy: 0.9318
Adjusting learning rate of group 0 to 1.0000e-03.
Epoch: 172, Train loss: 0.008142251160442829, Validation loss: 0.4307471528053284, Validation accuracy: 0.9311
Adjusting learning rate of group 0 to 1.0000e-03.
Epoch: 173, Train loss: 0.007112194579299539, Validation loss: 0.42942132921218873, Validation accuracy: 0.9319
Adjusting learning rate of group 0 to 1.0000e-03.
Epoch: 174, Train loss: 0.007460472460649907, Validation loss: 0.4340857424736023, Validation accuracy: 0.9313
Adjusting learning rate of group 0 to 1.0000e-03.
Epoch: 175, Train loss: 0.006624252092279494, Validation loss: 0.43683681869506835, Validation accuracy: 0.9317
Adjusting learning rate of group 0 to 1.0000e-03.
Epoch: 176, Train loss: 0.006135265307053924, Validation loss: 0.43923828802108766, Validation accuracy: 0.9306
Adjusting learning rate of group 0 to 1.0000e-03.
Epoch: 177, Train loss: 0.006358062638118863, Validation loss: 0.43782177772521974, Validation accuracy: 0.9315
Adjusting learning rate of group 0 to 1.0000e-03.
Epoch: 178, Train loss: 0.00589456586100161, Validation loss: 0.4432712588310242, Validation accuracy: 0.9308
Adjusting learning rate of group 0 to 1.0000e-03.
Epoch: 179, Train loss: 0.006420346350204199, Validation loss: 0.4453409338951111, Validation accuracy: 0.9313
Adjusting learning rate of group 0 to 1.0000e-03.
Epoch: 180, Train loss: 0.00550985214618966, Validation loss: 0.45216337003707885, Validation accuracy: 0.9318
Adjusting learning rate of group 0 to 1.0000e-03.
Epoch: 181, Train loss: 0.005974387459550053, Validation loss: 0.44995980339050295, Validation accuracy: 0.9319
Adjusting learning rate of group 0 to 1.0000e-03.
Epoch: 182, Train loss: 0.005656326969265938, Validation loss: 0.4516907148361206, Validation accuracy: 0.9313
Adjusting learning rate of group 0 to 1.0000e-03.
Epoch: 183, Train loss: 0.005999571104198694, Validation loss: 0.4569670299530029, Validation accuracy: 0.9324
Adjusting learning rate of group 0 to 1.0000e-03.
Epoch: 184, Train loss: 0.005500590470414609, Validation loss: 0.4560655487060547, Validation accuracy: 0.9308
Adjusting learning rate of group 0 to 1.0000e-03.
Epoch: 185, Train loss: 0.0052960875956714155, Validation loss: 0.4537557852745056, Validation accuracy: 0.9315
Adjusting learning rate of group 0 to 1.0000e-03.
Epoch: 186, Train loss: 0.005526863996656611, Validation loss: 0.45740820198059085, Validation accuracy: 0.9306
Adjusting learning rate of group 0 to 1.0000e-03.
Epoch: 187, Train loss: 0.0058768054702505465, Validation loss: 0.4546562006950378, Validation accuracy: 0.9318
Adjusting learning rate of group 0 to 1.0000e-03.
Epoch: 188, Train loss: 0.005323474145885557, Validation loss: 0.4594982192993164, Validation accuracy: 0.9331
Adjusting learning rate of group 0 to 1.0000e-03.
Epoch: 189, Train loss: 0.004650505868140608, Validation loss: 0.46306107358932497, Validation accuracy: 0.9322
Adjusting learning rate of group 0 to 1.0000e-03.
Epoch: 190, Train loss: 0.004554407248236239, Validation loss: 0.46650817317962645, Validation accuracy: 0.9325
Adjusting learning rate of group 0 to 1.0000e-03.
Epoch: 191, Train loss: 0.0046345104207657275, Validation loss: 0.46376145725250245, Validation accuracy: 0.9328
Adjusting learning rate of group 0 to 1.0000e-03.
Epoch: 192, Train loss: 0.004310756660941988, Validation loss: 0.4673494933128357, Validation accuracy: 0.932
Adjusting learning rate of group 0 to 1.0000e-03.
Epoch: 193, Train loss: 0.004896249696044251, Validation loss: 0.4683698106765747, Validation accuracy: 0.9334
Adjusting learning rate of group 0 to 1.0000e-03.
Epoch: 194, Train loss: 0.004778860017117113, Validation loss: 0.4687685076713562, Validation accuracy: 0.9322
Adjusting learning rate of group 0 to 1.0000e-03.
Epoch: 195, Train loss: 0.004641050576325506, Validation loss: 0.47326712255477904, Validation accuracy: 0.9323
Adjusting learning rate of group 0 to 1.0000e-03.
Epoch: 196, Train loss: 0.005249789220076054, Validation loss: 0.4727294788360596, Validation accuracy: 0.9332
Adjusting learning rate of group 0 to 1.0000e-03.
Epoch: 197, Train loss: 0.004543632417730987, Validation loss: 0.4707327430725098, Validation accuracy: 0.9327
Adjusting learning rate of group 0 to 1.0000e-03.
Epoch: 198, Train loss: 0.005468983551310375, Validation loss: 0.4653840304374695, Validation accuracy: 0.9325
Adjusting learning rate of group 0 to 1.0000e-03.
Epoch: 199, Train loss: 0.004822448797663674, Validation loss: 0.474190470790863, Validation accuracy: 0.9337
Accuracy: 0.9337, Parameters: 7290
