['ResNet-TRL-Ringed.py', '--core_ranks', '3', '3', '5', '--ring_ranks', '3', '1', '3', '--seed', '16', '--device', 'cuda:3']
Initializing dataloader
Files already downloaded and verified
Files already downloaded and verified
Dataloader has initialized
Initializing model
Adjusting learning rate of group 0 to 1.0000e-02.
Model initialized
Testing model
Tests passed
Adjusting learning rate of group 0 to 2.0000e-02.
Epoch: 0, Train loss: 1.799803074607849, Validation loss: 1.456321448135376, Validation accuracy: 0.465
Adjusting learning rate of group 0 to 3.0000e-02.
Epoch: 1, Train loss: 1.4403815790557861, Validation loss: 1.2840069583892821, Validation accuracy: 0.5427
Adjusting learning rate of group 0 to 4.0000e-02.
Epoch: 2, Train loss: 1.1897310464859008, Validation loss: 1.2101746292114257, Validation accuracy: 0.5944
Adjusting learning rate of group 0 to 5.0000e-02.
Epoch: 3, Train loss: 0.9963428944396973, Validation loss: 0.9563816373825074, Validation accuracy: 0.6839
Adjusting learning rate of group 0 to 6.0000e-02.
Epoch: 4, Train loss: 0.8746411329841614, Validation loss: 0.9217377876281738, Validation accuracy: 0.6846
Adjusting learning rate of group 0 to 7.0000e-02.
Epoch: 5, Train loss: 0.7821616966629028, Validation loss: 0.8845427976608277, Validation accuracy: 0.7091
Adjusting learning rate of group 0 to 8.0000e-02.
Epoch: 6, Train loss: 0.7286026663017273, Validation loss: 0.7660839392662049, Validation accuracy: 0.7428
Adjusting learning rate of group 0 to 9.0000e-02.
Epoch: 7, Train loss: 0.6870076586818695, Validation loss: 0.8534954197883606, Validation accuracy: 0.7238
Adjusting learning rate of group 0 to 1.0000e-01.
Epoch: 8, Train loss: 0.6418685945129394, Validation loss: 0.6458287546634675, Validation accuracy: 0.7823
Adjusting learning rate of group 0 to 1.0000e-01.
Epoch: 9, Train loss: 0.620829177455902, Validation loss: 0.7159028175830842, Validation accuracy: 0.762
Adjusting learning rate of group 0 to 1.0000e-01.
Epoch: 10, Train loss: 0.5832993474864959, Validation loss: 0.7478397683143616, Validation accuracy: 0.7699
Adjusting learning rate of group 0 to 1.0000e-01.
Epoch: 11, Train loss: 0.5546512261199951, Validation loss: 0.7546623797416687, Validation accuracy: 0.7729
Adjusting learning rate of group 0 to 1.0000e-01.
Epoch: 12, Train loss: 0.5271643997573853, Validation loss: 0.6531391641616822, Validation accuracy: 0.7965
Adjusting learning rate of group 0 to 1.0000e-01.
Epoch: 13, Train loss: 0.5207557519626618, Validation loss: 0.6183875513076782, Validation accuracy: 0.8089
Adjusting learning rate of group 0 to 1.0000e-01.
Epoch: 14, Train loss: 0.4941529116344452, Validation loss: 0.526163764667511, Validation accuracy: 0.8238
Adjusting learning rate of group 0 to 1.0000e-01.
Epoch: 15, Train loss: 0.47911596271514895, Validation loss: 0.584631112909317, Validation accuracy: 0.8201
Adjusting learning rate of group 0 to 1.0000e-01.
Epoch: 16, Train loss: 0.47669404688835143, Validation loss: 0.5016197228431701, Validation accuracy: 0.8313
Adjusting learning rate of group 0 to 1.0000e-01.
Epoch: 17, Train loss: 0.4575366302585602, Validation loss: 0.7455246904850006, Validation accuracy: 0.7789
Adjusting learning rate of group 0 to 1.0000e-01.
Epoch: 18, Train loss: 0.44667161944389344, Validation loss: 0.706161829328537, Validation accuracy: 0.8057
Adjusting learning rate of group 0 to 1.0000e-01.
Epoch: 19, Train loss: 0.4435213856697083, Validation loss: 0.6798489123344421, Validation accuracy: 0.77
Adjusting learning rate of group 0 to 1.0000e-01.
Epoch: 20, Train loss: 0.4282382359313965, Validation loss: 0.8053177341461182, Validation accuracy: 0.7729
Adjusting learning rate of group 0 to 1.0000e-01.
Epoch: 21, Train loss: 0.4264583633995056, Validation loss: 0.6788676614761353, Validation accuracy: 0.7866
Adjusting learning rate of group 0 to 1.0000e-01.
Epoch: 22, Train loss: 0.42036092611312864, Validation loss: 0.5848151010513306, Validation accuracy: 0.8187
Adjusting learning rate of group 0 to 1.0000e-01.
Epoch: 23, Train loss: 0.41484974513053896, Validation loss: 0.5728359775543213, Validation accuracy: 0.8234
Adjusting learning rate of group 0 to 1.0000e-01.
Epoch: 24, Train loss: 0.40769207016944886, Validation loss: 0.7115567121505737, Validation accuracy: 0.8006
Adjusting learning rate of group 0 to 1.0000e-01.
Epoch: 25, Train loss: 0.3954633875465393, Validation loss: 0.5928025537490845, Validation accuracy: 0.8121
Adjusting learning rate of group 0 to 1.0000e-01.
Epoch: 26, Train loss: 0.39973380620002746, Validation loss: 0.5607247146606446, Validation accuracy: 0.8309
Adjusting learning rate of group 0 to 1.0000e-01.
Epoch: 27, Train loss: 0.3877075115585327, Validation loss: 0.6912075432777405, Validation accuracy: 0.788
Adjusting learning rate of group 0 to 1.0000e-01.
Epoch: 28, Train loss: 0.38185411336898806, Validation loss: 0.5357540773868561, Validation accuracy: 0.824
Adjusting learning rate of group 0 to 1.0000e-01.
Epoch: 29, Train loss: 0.3823001851272583, Validation loss: 0.4770241348266602, Validation accuracy: 0.8436
Adjusting learning rate of group 0 to 1.0000e-01.
Epoch: 30, Train loss: 0.37732582733154296, Validation loss: 0.5815535467147828, Validation accuracy: 0.8176
Adjusting learning rate of group 0 to 1.0000e-01.
Epoch: 31, Train loss: 0.3666025912475586, Validation loss: 0.629444863986969, Validation accuracy: 0.8188
Adjusting learning rate of group 0 to 1.0000e-01.
Epoch: 32, Train loss: 0.3699674782752991, Validation loss: 0.694272024488449, Validation accuracy: 0.8008
Adjusting learning rate of group 0 to 1.0000e-01.
Epoch: 33, Train loss: 0.36636173995971677, Validation loss: 0.47487791533470153, Validation accuracy: 0.842
Adjusting learning rate of group 0 to 1.0000e-01.
Epoch: 34, Train loss: 0.36573949447631837, Validation loss: 0.7118529000282288, Validation accuracy: 0.7789
Adjusting learning rate of group 0 to 1.0000e-01.
Epoch: 35, Train loss: 0.3620450979804993, Validation loss: 0.5940161400794983, Validation accuracy: 0.8155
Adjusting learning rate of group 0 to 1.0000e-01.
Epoch: 36, Train loss: 0.36756182207107546, Validation loss: 0.547004690027237, Validation accuracy: 0.8229
Adjusting learning rate of group 0 to 1.0000e-01.
Epoch: 37, Train loss: 0.34844538895606997, Validation loss: 0.5212585505962372, Validation accuracy: 0.8392
Adjusting learning rate of group 0 to 1.0000e-01.
Epoch: 38, Train loss: 0.3573572755813599, Validation loss: 0.4617008520126343, Validation accuracy: 0.8512
Adjusting learning rate of group 0 to 1.0000e-01.
Epoch: 39, Train loss: 0.3494220087051392, Validation loss: 0.5971195949554443, Validation accuracy: 0.8297
Adjusting learning rate of group 0 to 1.0000e-01.
Epoch: 40, Train loss: 0.35622320110321043, Validation loss: 0.6242975375175476, Validation accuracy: 0.82
Adjusting learning rate of group 0 to 1.0000e-01.
Epoch: 41, Train loss: 0.34951154393196104, Validation loss: 0.5842707221031189, Validation accuracy: 0.8134
Adjusting learning rate of group 0 to 1.0000e-01.
Epoch: 42, Train loss: 0.3498304555130005, Validation loss: 0.5004119187355042, Validation accuracy: 0.8498
Adjusting learning rate of group 0 to 1.0000e-01.
Epoch: 43, Train loss: 0.34628770596027375, Validation loss: 0.5027774238586425, Validation accuracy: 0.8526
Adjusting learning rate of group 0 to 1.0000e-01.
Epoch: 44, Train loss: 0.3524167258644104, Validation loss: 0.5338692000389099, Validation accuracy: 0.8309
Adjusting learning rate of group 0 to 1.0000e-01.
Epoch: 45, Train loss: 0.3366971304512024, Validation loss: 0.5432626182079315, Validation accuracy: 0.8399
Adjusting learning rate of group 0 to 1.0000e-01.
Epoch: 46, Train loss: 0.339699418888092, Validation loss: 0.4601404531478882, Validation accuracy: 0.8508
Adjusting learning rate of group 0 to 1.0000e-01.
Epoch: 47, Train loss: 0.3385519721317291, Validation loss: 0.5020835321426391, Validation accuracy: 0.8421
Adjusting learning rate of group 0 to 1.0000e-01.
Epoch: 48, Train loss: 0.33917295866012576, Validation loss: 0.5202236421585082, Validation accuracy: 0.8427
Adjusting learning rate of group 0 to 1.0000e-01.
Epoch: 49, Train loss: 0.3369680578613281, Validation loss: 0.5344010954856873, Validation accuracy: 0.8334
Adjusting learning rate of group 0 to 1.0000e-01.
Epoch: 50, Train loss: 0.33421622095108033, Validation loss: 0.5171226169586182, Validation accuracy: 0.8391
Adjusting learning rate of group 0 to 1.0000e-01.
Epoch: 51, Train loss: 0.335453543176651, Validation loss: 0.47358732805252074, Validation accuracy: 0.8383
Adjusting learning rate of group 0 to 1.0000e-01.
Epoch: 52, Train loss: 0.3293588527870178, Validation loss: 0.6642682757377625, Validation accuracy: 0.8047
Adjusting learning rate of group 0 to 1.0000e-01.
Epoch: 53, Train loss: 0.3325905316114426, Validation loss: 0.7641329383850097, Validation accuracy: 0.794
Adjusting learning rate of group 0 to 1.0000e-01.
Epoch: 54, Train loss: 0.3325141033744812, Validation loss: 0.5634404668807983, Validation accuracy: 0.8361
Adjusting learning rate of group 0 to 1.0000e-01.
Epoch: 55, Train loss: 0.3353318065071106, Validation loss: 0.5753816909790039, Validation accuracy: 0.8277
Adjusting learning rate of group 0 to 1.0000e-01.
Epoch: 56, Train loss: 0.3342317556381226, Validation loss: 0.7005003070831299, Validation accuracy: 0.799
Adjusting learning rate of group 0 to 1.0000e-01.
Epoch: 57, Train loss: 0.3317651807117462, Validation loss: 0.5626994054079055, Validation accuracy: 0.8372
Adjusting learning rate of group 0 to 1.0000e-01.
Epoch: 58, Train loss: 0.32784849306106567, Validation loss: 0.5688380158424378, Validation accuracy: 0.82
Adjusting learning rate of group 0 to 1.0000e-01.
Epoch: 59, Train loss: 0.3265849588108063, Validation loss: 0.5937243527412415, Validation accuracy: 0.8266
Adjusting learning rate of group 0 to 1.0000e-01.
Epoch: 60, Train loss: 0.3255680963611603, Validation loss: 0.6306498029708862, Validation accuracy: 0.8348
Adjusting learning rate of group 0 to 1.0000e-01.
Epoch: 61, Train loss: 0.32264022119522096, Validation loss: 0.5073965852737427, Validation accuracy: 0.846
Adjusting learning rate of group 0 to 1.0000e-01.
Epoch: 62, Train loss: 0.31933408180236816, Validation loss: 0.5412914615631104, Validation accuracy: 0.8364
Adjusting learning rate of group 0 to 1.0000e-01.
Epoch: 63, Train loss: 0.3242351650047302, Validation loss: 0.46107065229415894, Validation accuracy: 0.8604
Adjusting learning rate of group 0 to 1.0000e-01.
Epoch: 64, Train loss: 0.3247053839111328, Validation loss: 0.4495679966211319, Validation accuracy: 0.8614
Adjusting learning rate of group 0 to 1.0000e-01.
Epoch: 65, Train loss: 0.3205210972213745, Validation loss: 0.5459650449752808, Validation accuracy: 0.8225
Adjusting learning rate of group 0 to 1.0000e-01.
Epoch: 66, Train loss: 0.3124111557102203, Validation loss: 0.5083294700622558, Validation accuracy: 0.841
Adjusting learning rate of group 0 to 1.0000e-01.
Epoch: 67, Train loss: 0.31136633436203004, Validation loss: 0.5974757564544678, Validation accuracy: 0.8239
Adjusting learning rate of group 0 to 1.0000e-01.
Epoch: 68, Train loss: 0.3158855707645416, Validation loss: 0.5738267358779907, Validation accuracy: 0.8409
Adjusting learning rate of group 0 to 1.0000e-01.
Epoch: 69, Train loss: 0.31821782712936403, Validation loss: 0.5150667716026306, Validation accuracy: 0.8517
Adjusting learning rate of group 0 to 1.0000e-01.
Epoch: 70, Train loss: 0.30897976525306703, Validation loss: 0.6548831473350525, Validation accuracy: 0.8229
Adjusting learning rate of group 0 to 1.0000e-01.
Epoch: 71, Train loss: 0.31970785768508914, Validation loss: 0.6114565803527832, Validation accuracy: 0.8113
Adjusting learning rate of group 0 to 1.0000e-01.
Epoch: 72, Train loss: 0.3161882111930847, Validation loss: 0.4529736829996109, Validation accuracy: 0.852
Adjusting learning rate of group 0 to 1.0000e-01.
Epoch: 73, Train loss: 0.31919854940414427, Validation loss: 0.4867562837600708, Validation accuracy: 0.8359
Adjusting learning rate of group 0 to 1.0000e-01.
Epoch: 74, Train loss: 0.3176615638256073, Validation loss: 0.5286001214981079, Validation accuracy: 0.8357
Adjusting learning rate of group 0 to 1.0000e-01.
Epoch: 75, Train loss: 0.32025612050056457, Validation loss: 0.4433831820964813, Validation accuracy: 0.8686
Adjusting learning rate of group 0 to 1.0000e-01.
Epoch: 76, Train loss: 0.314367595911026, Validation loss: 0.39626230268478396, Validation accuracy: 0.8745
Adjusting learning rate of group 0 to 1.0000e-01.
Epoch: 77, Train loss: 0.3184902691268921, Validation loss: 0.5776604230880737, Validation accuracy: 0.8317
Adjusting learning rate of group 0 to 1.0000e-01.
Epoch: 78, Train loss: 0.31262917919158933, Validation loss: 0.5534219554901123, Validation accuracy: 0.8457
Adjusting learning rate of group 0 to 1.0000e-01.
Epoch: 79, Train loss: 0.3033295603179932, Validation loss: 0.47332243633270266, Validation accuracy: 0.8514
Adjusting learning rate of group 0 to 1.0000e-01.
Epoch: 80, Train loss: 0.30666759888648987, Validation loss: 0.4883158583164215, Validation accuracy: 0.8545
Adjusting learning rate of group 0 to 1.0000e-01.
Epoch: 81, Train loss: 0.31125581550598147, Validation loss: 0.6233707119941712, Validation accuracy: 0.8244
Adjusting learning rate of group 0 to 1.0000e-01.
Epoch: 82, Train loss: 0.3135927007007599, Validation loss: 0.4522519828796387, Validation accuracy: 0.8451
Adjusting learning rate of group 0 to 1.0000e-01.
Epoch: 83, Train loss: 0.30935454933166506, Validation loss: 0.6432975274085998, Validation accuracy: 0.801
Adjusting learning rate of group 0 to 1.0000e-01.
Epoch: 84, Train loss: 0.30954828214645386, Validation loss: 0.45028029317855833, Validation accuracy: 0.8483
Adjusting learning rate of group 0 to 1.0000e-01.
Epoch: 85, Train loss: 0.3055834411239624, Validation loss: 0.4064602698326111, Validation accuracy: 0.8676
Adjusting learning rate of group 0 to 1.0000e-01.
Epoch: 86, Train loss: 0.3108821447658539, Validation loss: 0.6963247231483459, Validation accuracy: 0.7971
Adjusting learning rate of group 0 to 1.0000e-01.
Epoch: 87, Train loss: 0.30822448866844177, Validation loss: 0.42606300573349, Validation accuracy: 0.8734
Adjusting learning rate of group 0 to 1.0000e-01.
Epoch: 88, Train loss: 0.30641641902923583, Validation loss: 0.49382249836921693, Validation accuracy: 0.8501
Adjusting learning rate of group 0 to 1.0000e-01.
Epoch: 89, Train loss: 0.3054876523685455, Validation loss: 0.4327529389381409, Validation accuracy: 0.8652
Adjusting learning rate of group 0 to 1.0000e-01.
Epoch: 90, Train loss: 0.31192914085388185, Validation loss: 0.5533938650131226, Validation accuracy: 0.8383
Adjusting learning rate of group 0 to 1.0000e-01.
Epoch: 91, Train loss: 0.30786045143127444, Validation loss: 0.6291630846023559, Validation accuracy: 0.8195
Adjusting learning rate of group 0 to 1.0000e-01.
Epoch: 92, Train loss: 0.3074429758024216, Validation loss: 0.44723624753952024, Validation accuracy: 0.8606
Adjusting learning rate of group 0 to 1.0000e-01.
Epoch: 93, Train loss: 0.3046714568996429, Validation loss: 0.5510481419563293, Validation accuracy: 0.8268
Adjusting learning rate of group 0 to 1.0000e-01.
Epoch: 94, Train loss: 0.30354506207466125, Validation loss: 0.545280195915699, Validation accuracy: 0.8428
Adjusting learning rate of group 0 to 1.0000e-01.
Epoch: 95, Train loss: 0.3028996551322937, Validation loss: 0.4313817126274109, Validation accuracy: 0.8683
Adjusting learning rate of group 0 to 1.0000e-01.
Epoch: 96, Train loss: 0.29978189975738523, Validation loss: 0.6168290985107422, Validation accuracy: 0.8237
Adjusting learning rate of group 0 to 1.0000e-01.
Epoch: 97, Train loss: 0.3005423783779144, Validation loss: 0.43089923639297484, Validation accuracy: 0.865
Adjusting learning rate of group 0 to 1.0000e-01.
Epoch: 98, Train loss: 0.30743662673950195, Validation loss: 0.5408791280269623, Validation accuracy: 0.8409
Adjusting learning rate of group 0 to 1.0000e-01.
Epoch: 99, Train loss: 0.30927105942726135, Validation loss: 0.4830089745521545, Validation accuracy: 0.8577
Adjusting learning rate of group 0 to 1.0000e-02.
Epoch: 100, Train loss: 0.29955799365997315, Validation loss: 0.5352301283836365, Validation accuracy: 0.8297
Adjusting learning rate of group 0 to 1.0000e-02.
Epoch: 101, Train loss: 0.1706057692670822, Validation loss: 0.2734011435508728, Validation accuracy: 0.9155
Adjusting learning rate of group 0 to 1.0000e-02.
Epoch: 102, Train loss: 0.12848388226270677, Validation loss: 0.2738555444717407, Validation accuracy: 0.9207
Adjusting learning rate of group 0 to 1.0000e-02.
Epoch: 103, Train loss: 0.11620504457950592, Validation loss: 0.26989390127658847, Validation accuracy: 0.9189
Adjusting learning rate of group 0 to 1.0000e-02.
Epoch: 104, Train loss: 0.10585871978759766, Validation loss: 0.2731640993833542, Validation accuracy: 0.9202
Adjusting learning rate of group 0 to 1.0000e-02.
Epoch: 105, Train loss: 0.0978181795501709, Validation loss: 0.270089435338974, Validation accuracy: 0.9201
Adjusting learning rate of group 0 to 1.0000e-02.
Epoch: 106, Train loss: 0.09120656848192214, Validation loss: 0.28018629047870636, Validation accuracy: 0.9226
Adjusting learning rate of group 0 to 1.0000e-02.
Epoch: 107, Train loss: 0.08774893687069416, Validation loss: 0.28488359179496764, Validation accuracy: 0.9232
Adjusting learning rate of group 0 to 1.0000e-02.
Epoch: 108, Train loss: 0.0822287473988533, Validation loss: 0.2882293116569519, Validation accuracy: 0.9238
Adjusting learning rate of group 0 to 1.0000e-02.
Epoch: 109, Train loss: 0.0769409718966484, Validation loss: 0.2965885571479797, Validation accuracy: 0.9247
Adjusting learning rate of group 0 to 1.0000e-02.
Epoch: 110, Train loss: 0.07366672894477844, Validation loss: 0.3128359005451202, Validation accuracy: 0.921
Adjusting learning rate of group 0 to 1.0000e-02.
Epoch: 111, Train loss: 0.07016459461688995, Validation loss: 0.30159800057411196, Validation accuracy: 0.9229
Adjusting learning rate of group 0 to 1.0000e-02.
Epoch: 112, Train loss: 0.0686131285738945, Validation loss: 0.31002430682182314, Validation accuracy: 0.9223
Adjusting learning rate of group 0 to 1.0000e-02.
Epoch: 113, Train loss: 0.0625342934834957, Validation loss: 0.32860777385234835, Validation accuracy: 0.9229
Adjusting learning rate of group 0 to 1.0000e-02.
Epoch: 114, Train loss: 0.062163283556699755, Validation loss: 0.31987710784077644, Validation accuracy: 0.9241
Adjusting learning rate of group 0 to 1.0000e-02.
Epoch: 115, Train loss: 0.059183205322027206, Validation loss: 0.3186066999077797, Validation accuracy: 0.922
Adjusting learning rate of group 0 to 1.0000e-02.
Epoch: 116, Train loss: 0.05671303650856018, Validation loss: 0.3372198073387146, Validation accuracy: 0.9208
Adjusting learning rate of group 0 to 1.0000e-02.
Epoch: 117, Train loss: 0.05303398645043373, Validation loss: 0.34347804719209674, Validation accuracy: 0.9213
Adjusting learning rate of group 0 to 1.0000e-02.
Epoch: 118, Train loss: 0.05146342017769814, Validation loss: 0.34414440711438654, Validation accuracy: 0.9206
Adjusting learning rate of group 0 to 1.0000e-02.
Epoch: 119, Train loss: 0.05203917475938797, Validation loss: 0.3411896780252457, Validation accuracy: 0.9241
Adjusting learning rate of group 0 to 1.0000e-02.
Epoch: 120, Train loss: 0.05105905031323433, Validation loss: 0.34944688439369204, Validation accuracy: 0.9219
Adjusting learning rate of group 0 to 1.0000e-02.
Epoch: 121, Train loss: 0.04991265705943108, Validation loss: 0.3411832279548049, Validation accuracy: 0.923
Adjusting learning rate of group 0 to 1.0000e-02.
Epoch: 122, Train loss: 0.0460877708864212, Validation loss: 0.35552075546979905, Validation accuracy: 0.9217
Adjusting learning rate of group 0 to 1.0000e-02.
Epoch: 123, Train loss: 0.04490440310716629, Validation loss: 0.3537651819229126, Validation accuracy: 0.9251
Adjusting learning rate of group 0 to 1.0000e-02.
Epoch: 124, Train loss: 0.04547909568667412, Validation loss: 0.3663311492443085, Validation accuracy: 0.9206
Adjusting learning rate of group 0 to 1.0000e-02.
Epoch: 125, Train loss: 0.043247272729277614, Validation loss: 0.38590876893997195, Validation accuracy: 0.9218
Adjusting learning rate of group 0 to 1.0000e-02.
Epoch: 126, Train loss: 0.04338628994584084, Validation loss: 0.3705289697766304, Validation accuracy: 0.9215
Adjusting learning rate of group 0 to 1.0000e-02.
Epoch: 127, Train loss: 0.041567151601910594, Validation loss: 0.3738299690246582, Validation accuracy: 0.9221
Adjusting learning rate of group 0 to 1.0000e-02.
Epoch: 128, Train loss: 0.043930680186748505, Validation loss: 0.3715021069526672, Validation accuracy: 0.9231
Adjusting learning rate of group 0 to 1.0000e-02.
Epoch: 129, Train loss: 0.039850205605626104, Validation loss: 0.38824982318878176, Validation accuracy: 0.9227
Adjusting learning rate of group 0 to 1.0000e-02.
Epoch: 130, Train loss: 0.04022330165237188, Validation loss: 0.3801799930095673, Validation accuracy: 0.9226
Adjusting learning rate of group 0 to 1.0000e-02.
Epoch: 131, Train loss: 0.04051479532718658, Validation loss: 0.4076448854327202, Validation accuracy: 0.9204
Adjusting learning rate of group 0 to 1.0000e-02.
Epoch: 132, Train loss: 0.04102716287761927, Validation loss: 0.38999298983216285, Validation accuracy: 0.919
Adjusting learning rate of group 0 to 1.0000e-02.
Epoch: 133, Train loss: 0.03961831071853638, Validation loss: 0.38731226263046264, Validation accuracy: 0.9197
Adjusting learning rate of group 0 to 1.0000e-02.
Epoch: 134, Train loss: 0.03895622186392546, Validation loss: 0.3927967683315277, Validation accuracy: 0.923
Adjusting learning rate of group 0 to 1.0000e-02.
Epoch: 135, Train loss: 0.038460040108561515, Validation loss: 0.40187900981903074, Validation accuracy: 0.9207
Adjusting learning rate of group 0 to 1.0000e-02.
Epoch: 136, Train loss: 0.038058842661976816, Validation loss: 0.39127132406234744, Validation accuracy: 0.9194
Adjusting learning rate of group 0 to 1.0000e-02.
Epoch: 137, Train loss: 0.03637098584771156, Validation loss: 0.42577643761634826, Validation accuracy: 0.9199
Adjusting learning rate of group 0 to 1.0000e-02.
Epoch: 138, Train loss: 0.036684012821614743, Validation loss: 0.4175479384422302, Validation accuracy: 0.9171
Adjusting learning rate of group 0 to 1.0000e-02.
Epoch: 139, Train loss: 0.04092260898411274, Validation loss: 0.39622811098098754, Validation accuracy: 0.9237
Adjusting learning rate of group 0 to 1.0000e-02.
Epoch: 140, Train loss: 0.0364925543102622, Validation loss: 0.43039512281417847, Validation accuracy: 0.9171
Adjusting learning rate of group 0 to 1.0000e-02.
Epoch: 141, Train loss: 0.037844757034182545, Validation loss: 0.4208474328041077, Validation accuracy: 0.9175
Adjusting learning rate of group 0 to 1.0000e-02.
Epoch: 142, Train loss: 0.03687722074896097, Validation loss: 0.4358011700630188, Validation accuracy: 0.919
Adjusting learning rate of group 0 to 1.0000e-02.
Epoch: 143, Train loss: 0.03757380014896393, Validation loss: 0.41825704832077026, Validation accuracy: 0.9185
Adjusting learning rate of group 0 to 1.0000e-02.
Epoch: 144, Train loss: 0.036705730767846105, Validation loss: 0.40854072370529176, Validation accuracy: 0.9211
Adjusting learning rate of group 0 to 1.0000e-02.
Epoch: 145, Train loss: 0.03580676308363676, Validation loss: 0.3993171860396862, Validation accuracy: 0.921
Adjusting learning rate of group 0 to 1.0000e-02.
Epoch: 146, Train loss: 0.03534947888702154, Validation loss: 0.40840216975212096, Validation accuracy: 0.9204
Adjusting learning rate of group 0 to 1.0000e-02.
Epoch: 147, Train loss: 0.03728804949700833, Validation loss: 0.39900882539749144, Validation accuracy: 0.9213
Adjusting learning rate of group 0 to 1.0000e-02.
Epoch: 148, Train loss: 0.03495554283857345, Validation loss: 0.39370552854537966, Validation accuracy: 0.9214
Adjusting learning rate of group 0 to 1.0000e-02.
Epoch: 149, Train loss: 0.037003407512307164, Validation loss: 0.3922946443080902, Validation accuracy: 0.922
Adjusting learning rate of group 0 to 1.0000e-03.
Epoch: 150, Train loss: 0.03864720291547477, Validation loss: 0.3875960244178772, Validation accuracy: 0.9186
Adjusting learning rate of group 0 to 1.0000e-03.
Epoch: 151, Train loss: 0.02398605099231005, Validation loss: 0.3616786076068878, Validation accuracy: 0.926
Adjusting learning rate of group 0 to 1.0000e-03.
Epoch: 152, Train loss: 0.017766478863358498, Validation loss: 0.35914164776802066, Validation accuracy: 0.9288
Adjusting learning rate of group 0 to 1.0000e-03.
Epoch: 153, Train loss: 0.015847312459647656, Validation loss: 0.3723273712158203, Validation accuracy: 0.9284
Adjusting learning rate of group 0 to 1.0000e-03.
Epoch: 154, Train loss: 0.013059646259397269, Validation loss: 0.3784741060733795, Validation accuracy: 0.9284
Adjusting learning rate of group 0 to 1.0000e-03.
Epoch: 155, Train loss: 0.013043692506849766, Validation loss: 0.38166167302131654, Validation accuracy: 0.9299
Adjusting learning rate of group 0 to 1.0000e-03.
Epoch: 156, Train loss: 0.01200148391932249, Validation loss: 0.3827789891242981, Validation accuracy: 0.9305
Adjusting learning rate of group 0 to 1.0000e-03.
Epoch: 157, Train loss: 0.01102091288626194, Validation loss: 0.3881545958995819, Validation accuracy: 0.9302
Adjusting learning rate of group 0 to 1.0000e-03.
Epoch: 158, Train loss: 0.01082468348376453, Validation loss: 0.3928233435153961, Validation accuracy: 0.9308
Adjusting learning rate of group 0 to 1.0000e-03.
Epoch: 159, Train loss: 0.010662458253130317, Validation loss: 0.39794234371185305, Validation accuracy: 0.9301
Adjusting learning rate of group 0 to 1.0000e-03.
Epoch: 160, Train loss: 0.009291195392459631, Validation loss: 0.4072164382457733, Validation accuracy: 0.9293
Adjusting learning rate of group 0 to 1.0000e-03.
Epoch: 161, Train loss: 0.008966372884437442, Validation loss: 0.41197228770256045, Validation accuracy: 0.9301
Adjusting learning rate of group 0 to 1.0000e-03.
Epoch: 162, Train loss: 0.009204999319687485, Validation loss: 0.41800132682323454, Validation accuracy: 0.9293
Adjusting learning rate of group 0 to 1.0000e-03.
Epoch: 163, Train loss: 0.009367879881262779, Validation loss: 0.4244431930541992, Validation accuracy: 0.929
Adjusting learning rate of group 0 to 1.0000e-03.
Epoch: 164, Train loss: 0.00823991053197533, Validation loss: 0.42369438905715945, Validation accuracy: 0.9303
Adjusting learning rate of group 0 to 1.0000e-03.
Epoch: 165, Train loss: 0.007932704072669149, Validation loss: 0.4274944357872009, Validation accuracy: 0.9296
Adjusting learning rate of group 0 to 1.0000e-03.
Epoch: 166, Train loss: 0.0068895259251073, Validation loss: 0.43601010053157807, Validation accuracy: 0.9299
Adjusting learning rate of group 0 to 1.0000e-03.
Epoch: 167, Train loss: 0.007817581264153124, Validation loss: 0.44058989782333374, Validation accuracy: 0.9288
Adjusting learning rate of group 0 to 1.0000e-03.
Epoch: 168, Train loss: 0.007464912035837769, Validation loss: 0.44054079151153563, Validation accuracy: 0.9295
Adjusting learning rate of group 0 to 1.0000e-03.
Epoch: 169, Train loss: 0.0071245491632819175, Validation loss: 0.4463450591087341, Validation accuracy: 0.9295
Adjusting learning rate of group 0 to 1.0000e-03.
Epoch: 170, Train loss: 0.006902630805615336, Validation loss: 0.44740942153930663, Validation accuracy: 0.9287
Adjusting learning rate of group 0 to 1.0000e-03.
Epoch: 171, Train loss: 0.007027939416021109, Validation loss: 0.448729825425148, Validation accuracy: 0.9293
Adjusting learning rate of group 0 to 1.0000e-03.
Epoch: 172, Train loss: 0.006917092939242721, Validation loss: 0.4468311853647232, Validation accuracy: 0.9303
Adjusting learning rate of group 0 to 1.0000e-03.
Epoch: 173, Train loss: 0.007133880040254444, Validation loss: 0.449719571685791, Validation accuracy: 0.9306
Adjusting learning rate of group 0 to 1.0000e-03.
Epoch: 174, Train loss: 0.00636228938119486, Validation loss: 0.45047476105690004, Validation accuracy: 0.9293
Adjusting learning rate of group 0 to 1.0000e-03.
Epoch: 175, Train loss: 0.006052423904594034, Validation loss: 0.4588370275974274, Validation accuracy: 0.9293
Adjusting learning rate of group 0 to 1.0000e-03.
Epoch: 176, Train loss: 0.006460104507766664, Validation loss: 0.4619526855945587, Validation accuracy: 0.9296
Adjusting learning rate of group 0 to 1.0000e-03.
Epoch: 177, Train loss: 0.007064325902666897, Validation loss: 0.45779490399360656, Validation accuracy: 0.9289
Adjusting learning rate of group 0 to 1.0000e-03.
Epoch: 178, Train loss: 0.005382838034592569, Validation loss: 0.4620644163131714, Validation accuracy: 0.9303
Adjusting learning rate of group 0 to 1.0000e-03.
Epoch: 179, Train loss: 0.005882558801416308, Validation loss: 0.4626965358734131, Validation accuracy: 0.9295
Adjusting learning rate of group 0 to 1.0000e-03.
Epoch: 180, Train loss: 0.006248284582383931, Validation loss: 0.46062079057693484, Validation accuracy: 0.9282
Adjusting learning rate of group 0 to 1.0000e-03.
Epoch: 181, Train loss: 0.004969304190184921, Validation loss: 0.4655665527820587, Validation accuracy: 0.929
Adjusting learning rate of group 0 to 1.0000e-03.
Epoch: 182, Train loss: 0.006260102710034699, Validation loss: 0.4673936448097229, Validation accuracy: 0.9298
Adjusting learning rate of group 0 to 1.0000e-03.
Epoch: 183, Train loss: 0.006144144950676709, Validation loss: 0.468253542137146, Validation accuracy: 0.9315
Adjusting learning rate of group 0 to 1.0000e-03.
Epoch: 184, Train loss: 0.004951351026948541, Validation loss: 0.4688420434951782, Validation accuracy: 0.9306
Adjusting learning rate of group 0 to 1.0000e-03.
Epoch: 185, Train loss: 0.004789961930923164, Validation loss: 0.4749529022216797, Validation accuracy: 0.9316
Adjusting learning rate of group 0 to 1.0000e-03.
Epoch: 186, Train loss: 0.005016134727485478, Validation loss: 0.47482716941833497, Validation accuracy: 0.931
Adjusting learning rate of group 0 to 1.0000e-03.
Epoch: 187, Train loss: 0.0054592151264380665, Validation loss: 0.4746898770093918, Validation accuracy: 0.9307
Adjusting learning rate of group 0 to 1.0000e-03.
Epoch: 188, Train loss: 0.0052841061361134055, Validation loss: 0.47790358984470366, Validation accuracy: 0.9303
Adjusting learning rate of group 0 to 1.0000e-03.
Epoch: 189, Train loss: 0.005142305682894075, Validation loss: 0.48308776969909667, Validation accuracy: 0.9314
Adjusting learning rate of group 0 to 1.0000e-03.
Epoch: 190, Train loss: 0.004725794396819547, Validation loss: 0.4841681064605713, Validation accuracy: 0.9305
Adjusting learning rate of group 0 to 1.0000e-03.
Epoch: 191, Train loss: 0.00475111737055704, Validation loss: 0.48106287984848023, Validation accuracy: 0.9303
Adjusting learning rate of group 0 to 1.0000e-03.
Epoch: 192, Train loss: 0.004695083679910749, Validation loss: 0.4824373951911926, Validation accuracy: 0.9303
Adjusting learning rate of group 0 to 1.0000e-03.
Epoch: 193, Train loss: 0.005107345198467374, Validation loss: 0.4853764503479004, Validation accuracy: 0.9308
Adjusting learning rate of group 0 to 1.0000e-03.
Epoch: 194, Train loss: 0.004817500372426584, Validation loss: 0.4838338174819946, Validation accuracy: 0.9311
Adjusting learning rate of group 0 to 1.0000e-03.
Epoch: 195, Train loss: 0.00461869307808578, Validation loss: 0.4804605861663818, Validation accuracy: 0.931
Adjusting learning rate of group 0 to 1.0000e-03.
Epoch: 196, Train loss: 0.004717396129593253, Validation loss: 0.48482440347671507, Validation accuracy: 0.9298
Adjusting learning rate of group 0 to 1.0000e-03.
Epoch: 197, Train loss: 0.0038194528570771216, Validation loss: 0.49547579202651976, Validation accuracy: 0.93
Adjusting learning rate of group 0 to 1.0000e-03.
Epoch: 198, Train loss: 0.005121997928703203, Validation loss: 0.4883324142456055, Validation accuracy: 0.9308
Adjusting learning rate of group 0 to 1.0000e-03.
Epoch: 199, Train loss: 0.005013989322143607, Validation loss: 0.4954836552619934, Validation accuracy: 0.9311
Accuracy: 0.9311, Parameters: 2380
