['ResNet-TRL-Tensorized.py', '--core_ranks', '5', '2', '3', '2', '--ring_ranks', '2', '4', '5', '1', '--seed', '2', '--device', 'cuda:3']
Initializing dataloader
Files already downloaded and verified
Files already downloaded and verified
Dataloader has initialized
Initializing model
Adjusting learning rate of group 0 to 1.0000e-02.
Model initialized
Testing model
Tests passed
Adjusting learning rate of group 0 to 2.0000e-02.
Epoch: 0, Train loss: 1.8106877578735352, Validation loss: 1.5165315057754516, Validation accuracy: 0.4462
Adjusting learning rate of group 0 to 3.0000e-02.
Epoch: 1, Train loss: 1.4400715799331665, Validation loss: 1.3250108966827392, Validation accuracy: 0.5339
Adjusting learning rate of group 0 to 4.0000e-02.
Epoch: 2, Train loss: 1.2254797005462645, Validation loss: 1.0908218955993652, Validation accuracy: 0.614
Adjusting learning rate of group 0 to 5.0000e-02.
Epoch: 3, Train loss: 1.0316786697387694, Validation loss: 1.0113240447998046, Validation accuracy: 0.6579
Adjusting learning rate of group 0 to 6.0000e-02.
Epoch: 4, Train loss: 0.8902268883895874, Validation loss: 0.8586512266159058, Validation accuracy: 0.7058
Adjusting learning rate of group 0 to 7.0000e-02.
Epoch: 5, Train loss: 0.7809261667633056, Validation loss: 0.8454604783058166, Validation accuracy: 0.7167
Adjusting learning rate of group 0 to 8.0000e-02.
Epoch: 6, Train loss: 0.710935025730133, Validation loss: 0.939580472278595, Validation accuracy: 0.7138
Adjusting learning rate of group 0 to 9.0000e-02.
Epoch: 7, Train loss: 0.6627511795425415, Validation loss: 0.7599455050468444, Validation accuracy: 0.7396
Adjusting learning rate of group 0 to 1.0000e-01.
Epoch: 8, Train loss: 0.6262460708236695, Validation loss: 0.7127473552703858, Validation accuracy: 0.7733
Adjusting learning rate of group 0 to 1.0000e-01.
Epoch: 9, Train loss: 0.6030265498924255, Validation loss: 0.9110496811866761, Validation accuracy: 0.722
Adjusting learning rate of group 0 to 1.0000e-01.
Epoch: 10, Train loss: 0.5576086910247803, Validation loss: 0.6192789016723633, Validation accuracy: 0.8055
Adjusting learning rate of group 0 to 1.0000e-01.
Epoch: 11, Train loss: 0.5265790180587768, Validation loss: 0.6636047630310059, Validation accuracy: 0.7958
Adjusting learning rate of group 0 to 1.0000e-01.
Epoch: 12, Train loss: 0.5078570611000061, Validation loss: 0.7640360822677612, Validation accuracy: 0.7707
Adjusting learning rate of group 0 to 1.0000e-01.
Epoch: 13, Train loss: 0.4864076343917847, Validation loss: 0.6064621041297913, Validation accuracy: 0.8074
Adjusting learning rate of group 0 to 1.0000e-01.
Epoch: 14, Train loss: 0.48111916021347045, Validation loss: 0.5838845718860626, Validation accuracy: 0.8153
Adjusting learning rate of group 0 to 1.0000e-01.
Epoch: 15, Train loss: 0.46225032585144044, Validation loss: 0.5790816532611847, Validation accuracy: 0.8173
Adjusting learning rate of group 0 to 1.0000e-01.
Epoch: 16, Train loss: 0.446740545463562, Validation loss: 0.5532607005119323, Validation accuracy: 0.8171
Adjusting learning rate of group 0 to 1.0000e-01.
Epoch: 17, Train loss: 0.4380208600521088, Validation loss: 0.5958651423931122, Validation accuracy: 0.8123
Adjusting learning rate of group 0 to 1.0000e-01.
Epoch: 18, Train loss: 0.4273031440925598, Validation loss: 0.7428760038375855, Validation accuracy: 0.7802
Adjusting learning rate of group 0 to 1.0000e-01.
Epoch: 19, Train loss: 0.4233808049583435, Validation loss: 0.6929316758155822, Validation accuracy: 0.8067
Adjusting learning rate of group 0 to 1.0000e-01.
Epoch: 20, Train loss: 0.40555777913093566, Validation loss: 0.604316570854187, Validation accuracy: 0.8132
Adjusting learning rate of group 0 to 1.0000e-01.
Epoch: 21, Train loss: 0.40488120843887326, Validation loss: 0.5998696021556854, Validation accuracy: 0.8372
Adjusting learning rate of group 0 to 1.0000e-01.
Epoch: 22, Train loss: 0.4032222327756882, Validation loss: 0.509998158454895, Validation accuracy: 0.8326
Adjusting learning rate of group 0 to 1.0000e-01.
Epoch: 23, Train loss: 0.39630742131233215, Validation loss: 0.48672890758514403, Validation accuracy: 0.8496
Adjusting learning rate of group 0 to 1.0000e-01.
Epoch: 24, Train loss: 0.3874324948978424, Validation loss: 0.6033731616020203, Validation accuracy: 0.8225
Adjusting learning rate of group 0 to 1.0000e-01.
Epoch: 25, Train loss: 0.38061475274086, Validation loss: 0.5778204662322998, Validation accuracy: 0.8103
Adjusting learning rate of group 0 to 1.0000e-01.
Epoch: 26, Train loss: 0.3755667189121246, Validation loss: 0.5947294457435608, Validation accuracy: 0.8096
Adjusting learning rate of group 0 to 1.0000e-01.
Epoch: 27, Train loss: 0.3774077790355682, Validation loss: 0.5604047871112824, Validation accuracy: 0.8325
Adjusting learning rate of group 0 to 1.0000e-01.
Epoch: 28, Train loss: 0.36692942596435546, Validation loss: 0.5575857002258301, Validation accuracy: 0.8196
Adjusting learning rate of group 0 to 1.0000e-01.
Epoch: 29, Train loss: 0.3650068095588684, Validation loss: 0.573136844587326, Validation accuracy: 0.8451
Adjusting learning rate of group 0 to 1.0000e-01.
Epoch: 30, Train loss: 0.3692632793235779, Validation loss: 0.5403813433647155, Validation accuracy: 0.8287
Adjusting learning rate of group 0 to 1.0000e-01.
Epoch: 31, Train loss: 0.35865175942420957, Validation loss: 0.5026405650138855, Validation accuracy: 0.8323
Adjusting learning rate of group 0 to 1.0000e-01.
Epoch: 32, Train loss: 0.35869664239883425, Validation loss: 0.5833546173095703, Validation accuracy: 0.843
Adjusting learning rate of group 0 to 1.0000e-01.
Epoch: 33, Train loss: 0.36090483821868896, Validation loss: 0.48579653272628787, Validation accuracy: 0.8417
Adjusting learning rate of group 0 to 1.0000e-01.
Epoch: 34, Train loss: 0.3429428484249115, Validation loss: 0.5234724240303039, Validation accuracy: 0.8464
Adjusting learning rate of group 0 to 1.0000e-01.
Epoch: 35, Train loss: 0.3503588739204407, Validation loss: 0.7766952043533325, Validation accuracy: 0.79
Adjusting learning rate of group 0 to 1.0000e-01.
Epoch: 36, Train loss: 0.34592003664016724, Validation loss: 0.43079200673103335, Validation accuracy: 0.8649
Adjusting learning rate of group 0 to 1.0000e-01.
Epoch: 37, Train loss: 0.34220299014091493, Validation loss: 0.6440550714731217, Validation accuracy: 0.8309
Adjusting learning rate of group 0 to 1.0000e-01.
Epoch: 38, Train loss: 0.34056622066020964, Validation loss: 0.40879158272743227, Validation accuracy: 0.868
Adjusting learning rate of group 0 to 1.0000e-01.
Epoch: 39, Train loss: 0.33629556263923643, Validation loss: 0.4398685851573944, Validation accuracy: 0.8667
Adjusting learning rate of group 0 to 1.0000e-01.
Epoch: 40, Train loss: 0.33351442598342895, Validation loss: 0.5281262085914612, Validation accuracy: 0.8242
Adjusting learning rate of group 0 to 1.0000e-01.
Epoch: 41, Train loss: 0.33975572045326236, Validation loss: 0.5146076573371887, Validation accuracy: 0.848
Adjusting learning rate of group 0 to 1.0000e-01.
Epoch: 42, Train loss: 0.33586799032211306, Validation loss: 0.6731800072669983, Validation accuracy: 0.8251
Adjusting learning rate of group 0 to 1.0000e-01.
Epoch: 43, Train loss: 0.3326228805541992, Validation loss: 0.5045233253955841, Validation accuracy: 0.8378
Adjusting learning rate of group 0 to 1.0000e-01.
Epoch: 44, Train loss: 0.32818869946479795, Validation loss: 0.4925495915412903, Validation accuracy: 0.8465
Adjusting learning rate of group 0 to 1.0000e-01.
Epoch: 45, Train loss: 0.3272773784637451, Validation loss: 0.5999293773651123, Validation accuracy: 0.836
Adjusting learning rate of group 0 to 1.0000e-01.
Epoch: 46, Train loss: 0.3287217845249176, Validation loss: 0.5001525414943695, Validation accuracy: 0.8456
Adjusting learning rate of group 0 to 1.0000e-01.
Epoch: 47, Train loss: 0.3323908815288544, Validation loss: 0.4880754373550415, Validation accuracy: 0.8447
Adjusting learning rate of group 0 to 1.0000e-01.
Epoch: 48, Train loss: 0.32350101201057435, Validation loss: 0.6116295155525208, Validation accuracy: 0.8201
Adjusting learning rate of group 0 to 1.0000e-01.
Epoch: 49, Train loss: 0.3279842286872864, Validation loss: 0.4889787820339203, Validation accuracy: 0.8486
Adjusting learning rate of group 0 to 1.0000e-01.
Epoch: 50, Train loss: 0.3238251498508453, Validation loss: 0.6720620061874389, Validation accuracy: 0.8021
Adjusting learning rate of group 0 to 1.0000e-01.
Epoch: 51, Train loss: 0.3146261923503876, Validation loss: 0.4693835443496704, Validation accuracy: 0.8436
Adjusting learning rate of group 0 to 1.0000e-01.
Epoch: 52, Train loss: 0.3183672891139984, Validation loss: 0.7474511598587036, Validation accuracy: 0.8041
Adjusting learning rate of group 0 to 1.0000e-01.
Epoch: 53, Train loss: 0.31393718232154844, Validation loss: 0.5842725657463074, Validation accuracy: 0.8323
Adjusting learning rate of group 0 to 1.0000e-01.
Epoch: 54, Train loss: 0.3152454895877838, Validation loss: 0.7595831503868103, Validation accuracy: 0.8196
Adjusting learning rate of group 0 to 1.0000e-01.
Epoch: 55, Train loss: 0.3182166406536102, Validation loss: 0.5100904477119446, Validation accuracy: 0.828
Adjusting learning rate of group 0 to 1.0000e-01.
Epoch: 56, Train loss: 0.31195724477767944, Validation loss: 0.5183448575019837, Validation accuracy: 0.8363
Adjusting learning rate of group 0 to 1.0000e-01.
Epoch: 57, Train loss: 0.3123615191078186, Validation loss: 0.47448422117233274, Validation accuracy: 0.8432
Adjusting learning rate of group 0 to 1.0000e-01.
Epoch: 58, Train loss: 0.3173414607334137, Validation loss: 0.4184632037162781, Validation accuracy: 0.8617
Adjusting learning rate of group 0 to 1.0000e-01.
Epoch: 59, Train loss: 0.3053292966556549, Validation loss: 0.625997179889679, Validation accuracy: 0.8104
Adjusting learning rate of group 0 to 1.0000e-01.
Epoch: 60, Train loss: 0.31721625767707823, Validation loss: 0.6570843839645386, Validation accuracy: 0.8119
Adjusting learning rate of group 0 to 1.0000e-01.
Epoch: 61, Train loss: 0.3120745807743073, Validation loss: 0.526782833480835, Validation accuracy: 0.8513
Adjusting learning rate of group 0 to 1.0000e-01.
Epoch: 62, Train loss: 0.30903436221122743, Validation loss: 0.6228209173679352, Validation accuracy: 0.821
Adjusting learning rate of group 0 to 1.0000e-01.
Epoch: 63, Train loss: 0.31070478407859803, Validation loss: 0.8510387399673461, Validation accuracy: 0.794
Adjusting learning rate of group 0 to 1.0000e-01.
Epoch: 64, Train loss: 0.31612584716796877, Validation loss: 0.4489756864547729, Validation accuracy: 0.8578
Adjusting learning rate of group 0 to 1.0000e-01.
Epoch: 65, Train loss: 0.3038690210056305, Validation loss: 0.4933504507064819, Validation accuracy: 0.8456
Adjusting learning rate of group 0 to 1.0000e-01.
Epoch: 66, Train loss: 0.3123940342903137, Validation loss: 0.4288521122455597, Validation accuracy: 0.8589
Adjusting learning rate of group 0 to 1.0000e-01.
Epoch: 67, Train loss: 0.30240526582717897, Validation loss: 0.5797162967681885, Validation accuracy: 0.8117
Adjusting learning rate of group 0 to 1.0000e-01.
Epoch: 68, Train loss: 0.3083393424034119, Validation loss: 0.5127045152187347, Validation accuracy: 0.846
Adjusting learning rate of group 0 to 1.0000e-01.
Epoch: 69, Train loss: 0.30452564130783083, Validation loss: 0.4227769765853882, Validation accuracy: 0.8664
Adjusting learning rate of group 0 to 1.0000e-01.
Epoch: 70, Train loss: 0.3007156570243835, Validation loss: 0.48255084629058836, Validation accuracy: 0.8566
Adjusting learning rate of group 0 to 1.0000e-01.
Epoch: 71, Train loss: 0.30145647601127623, Validation loss: 0.4104329944610596, Validation accuracy: 0.8726
Adjusting learning rate of group 0 to 1.0000e-01.
Epoch: 72, Train loss: 0.30130656096458436, Validation loss: 0.40610982608795165, Validation accuracy: 0.8674
Adjusting learning rate of group 0 to 1.0000e-01.
Epoch: 73, Train loss: 0.29870758645057677, Validation loss: 0.48508521938323973, Validation accuracy: 0.8498
Adjusting learning rate of group 0 to 1.0000e-01.
Epoch: 74, Train loss: 0.29785089139938353, Validation loss: 0.613248390007019, Validation accuracy: 0.8297
Adjusting learning rate of group 0 to 1.0000e-01.
Epoch: 75, Train loss: 0.30018442498207093, Validation loss: 0.621328126335144, Validation accuracy: 0.8187
Adjusting learning rate of group 0 to 1.0000e-01.
Epoch: 76, Train loss: 0.2987760535144806, Validation loss: 0.5200081358194352, Validation accuracy: 0.8503
Adjusting learning rate of group 0 to 1.0000e-01.
Epoch: 77, Train loss: 0.30143615561485293, Validation loss: 0.6026212220191955, Validation accuracy: 0.8188
Adjusting learning rate of group 0 to 1.0000e-01.
Epoch: 78, Train loss: 0.2979979641723633, Validation loss: 0.5815094016075134, Validation accuracy: 0.8205
Adjusting learning rate of group 0 to 1.0000e-01.
Epoch: 79, Train loss: 0.30584198169231414, Validation loss: 0.42451185665130614, Validation accuracy: 0.8615
Adjusting learning rate of group 0 to 1.0000e-01.
Epoch: 80, Train loss: 0.30026259558200835, Validation loss: 0.4747239507675171, Validation accuracy: 0.8591
Adjusting learning rate of group 0 to 1.0000e-01.
Epoch: 81, Train loss: 0.2985117205142975, Validation loss: 0.5085905270576477, Validation accuracy: 0.8479
Adjusting learning rate of group 0 to 1.0000e-01.
Epoch: 82, Train loss: 0.29572105830192563, Validation loss: 0.44137542157173154, Validation accuracy: 0.8688
Adjusting learning rate of group 0 to 1.0000e-01.
Epoch: 83, Train loss: 0.2957803021144867, Validation loss: 0.46566262748241427, Validation accuracy: 0.8525
Adjusting learning rate of group 0 to 1.0000e-01.
Epoch: 84, Train loss: 0.29264869482040407, Validation loss: 0.4034168357849121, Validation accuracy: 0.865
Adjusting learning rate of group 0 to 1.0000e-01.
Epoch: 85, Train loss: 0.29370075501441956, Validation loss: 0.4278705006122589, Validation accuracy: 0.869
Adjusting learning rate of group 0 to 1.0000e-01.
Epoch: 86, Train loss: 0.2946291333580017, Validation loss: 0.5062314024925232, Validation accuracy: 0.8541
Adjusting learning rate of group 0 to 1.0000e-01.
Epoch: 87, Train loss: 0.2938856896686554, Validation loss: 0.4340981768608093, Validation accuracy: 0.8631
Adjusting learning rate of group 0 to 1.0000e-01.
Epoch: 88, Train loss: 0.2987989525604248, Validation loss: 0.5431694933891297, Validation accuracy: 0.8457
Adjusting learning rate of group 0 to 1.0000e-01.
Epoch: 89, Train loss: 0.2927115825557709, Validation loss: 0.439505677318573, Validation accuracy: 0.8654
Adjusting learning rate of group 0 to 1.0000e-01.
Epoch: 90, Train loss: 0.29588159123420715, Validation loss: 0.5989485860824585, Validation accuracy: 0.8339
Adjusting learning rate of group 0 to 1.0000e-01.
Epoch: 91, Train loss: 0.2974740853881836, Validation loss: 0.48014043283462526, Validation accuracy: 0.8622
Adjusting learning rate of group 0 to 1.0000e-01.
Epoch: 92, Train loss: 0.2936546148300171, Validation loss: 0.6122498174667358, Validation accuracy: 0.8349
Adjusting learning rate of group 0 to 1.0000e-01.
Epoch: 93, Train loss: 0.28516104492664335, Validation loss: 0.6019878752708435, Validation accuracy: 0.8382
Adjusting learning rate of group 0 to 1.0000e-01.
Epoch: 94, Train loss: 0.2850366993331909, Validation loss: 0.43492271790504455, Validation accuracy: 0.8601
Adjusting learning rate of group 0 to 1.0000e-01.
Epoch: 95, Train loss: 0.2912040112686157, Validation loss: 0.4510330776691437, Validation accuracy: 0.8547
Adjusting learning rate of group 0 to 1.0000e-01.
Epoch: 96, Train loss: 0.2890729991626739, Validation loss: 0.48713492012023923, Validation accuracy: 0.8535
Adjusting learning rate of group 0 to 1.0000e-01.
Epoch: 97, Train loss: 0.2884713038063049, Validation loss: 0.4758389873027801, Validation accuracy: 0.8602
Adjusting learning rate of group 0 to 1.0000e-01.
Epoch: 98, Train loss: 0.2849065820026398, Validation loss: 0.4427744568824768, Validation accuracy: 0.8617
Adjusting learning rate of group 0 to 1.0000e-01.
Epoch: 99, Train loss: 0.29003929785728455, Validation loss: 0.6864515665531159, Validation accuracy: 0.805
Adjusting learning rate of group 0 to 1.0000e-02.
Epoch: 100, Train loss: 0.2841330658721924, Validation loss: 0.4855611027240753, Validation accuracy: 0.84
Adjusting learning rate of group 0 to 1.0000e-02.
Epoch: 101, Train loss: 0.1610400539135933, Validation loss: 0.2687108526706696, Validation accuracy: 0.9183
Adjusting learning rate of group 0 to 1.0000e-02.
Epoch: 102, Train loss: 0.12034467596769333, Validation loss: 0.27418838844299315, Validation accuracy: 0.921
Adjusting learning rate of group 0 to 1.0000e-02.
Epoch: 103, Train loss: 0.10898161234378814, Validation loss: 0.2807323738098145, Validation accuracy: 0.9219
Adjusting learning rate of group 0 to 1.0000e-02.
Epoch: 104, Train loss: 0.10067806060791015, Validation loss: 0.2767809958457947, Validation accuracy: 0.9221
Adjusting learning rate of group 0 to 1.0000e-02.
Epoch: 105, Train loss: 0.0923262550830841, Validation loss: 0.29772495465278626, Validation accuracy: 0.9206
Adjusting learning rate of group 0 to 1.0000e-02.
Epoch: 106, Train loss: 0.08750012024372816, Validation loss: 0.2923316437721252, Validation accuracy: 0.9249
Adjusting learning rate of group 0 to 1.0000e-02.
Epoch: 107, Train loss: 0.0802442888379097, Validation loss: 0.31501048712730406, Validation accuracy: 0.9223
Adjusting learning rate of group 0 to 1.0000e-02.
Epoch: 108, Train loss: 0.077029732888937, Validation loss: 0.2949370705842972, Validation accuracy: 0.9238
Adjusting learning rate of group 0 to 1.0000e-02.
Epoch: 109, Train loss: 0.07213242685556412, Validation loss: 0.3046085423946381, Validation accuracy: 0.9232
Adjusting learning rate of group 0 to 1.0000e-02.
Epoch: 110, Train loss: 0.06718040263175964, Validation loss: 0.31901287941932677, Validation accuracy: 0.9245
Adjusting learning rate of group 0 to 1.0000e-02.
Epoch: 111, Train loss: 0.06477248900175095, Validation loss: 0.3065115454673767, Validation accuracy: 0.9248
Adjusting learning rate of group 0 to 1.0000e-02.
Epoch: 112, Train loss: 0.061903427541255954, Validation loss: 0.31988048810958863, Validation accuracy: 0.9232
Adjusting learning rate of group 0 to 1.0000e-02.
Epoch: 113, Train loss: 0.05968584518909455, Validation loss: 0.33783456678390505, Validation accuracy: 0.9234
Adjusting learning rate of group 0 to 1.0000e-02.
Epoch: 114, Train loss: 0.0569846106082201, Validation loss: 0.3486646848678589, Validation accuracy: 0.9199
Adjusting learning rate of group 0 to 1.0000e-02.
Epoch: 115, Train loss: 0.05411317167639732, Validation loss: 0.3624036694526672, Validation accuracy: 0.9198
Adjusting learning rate of group 0 to 1.0000e-02.
Epoch: 116, Train loss: 0.05057118103981018, Validation loss: 0.3704140364646912, Validation accuracy: 0.9203
Adjusting learning rate of group 0 to 1.0000e-02.
Epoch: 117, Train loss: 0.05199172967463732, Validation loss: 0.35975889444351195, Validation accuracy: 0.9218
Adjusting learning rate of group 0 to 1.0000e-02.
Epoch: 118, Train loss: 0.04923759902000427, Validation loss: 0.36180642971992494, Validation accuracy: 0.9231
Adjusting learning rate of group 0 to 1.0000e-02.
Epoch: 119, Train loss: 0.0481436270993948, Validation loss: 0.3548171540260315, Validation accuracy: 0.9216
Adjusting learning rate of group 0 to 1.0000e-02.
Epoch: 120, Train loss: 0.044443771982192994, Validation loss: 0.3947351430892944, Validation accuracy: 0.9208
Adjusting learning rate of group 0 to 1.0000e-02.
Epoch: 121, Train loss: 0.044493943692445755, Validation loss: 0.3713464370727539, Validation accuracy: 0.9203
Adjusting learning rate of group 0 to 1.0000e-02.
Epoch: 122, Train loss: 0.04538933661818504, Validation loss: 0.40408979177474974, Validation accuracy: 0.9184
Adjusting learning rate of group 0 to 1.0000e-02.
Epoch: 123, Train loss: 0.04373332031130791, Validation loss: 0.359344709777832, Validation accuracy: 0.9245
Adjusting learning rate of group 0 to 1.0000e-02.
Epoch: 124, Train loss: 0.043567988063097, Validation loss: 0.39048354539871216, Validation accuracy: 0.9204
Adjusting learning rate of group 0 to 1.0000e-02.
Epoch: 125, Train loss: 0.040955222378373145, Validation loss: 0.39511518745422364, Validation accuracy: 0.9229
Adjusting learning rate of group 0 to 1.0000e-02.
Epoch: 126, Train loss: 0.03898214993774891, Validation loss: 0.42422806248664857, Validation accuracy: 0.918
Adjusting learning rate of group 0 to 1.0000e-02.
Epoch: 127, Train loss: 0.039381598104834555, Validation loss: 0.41173562164306643, Validation accuracy: 0.9211
Adjusting learning rate of group 0 to 1.0000e-02.
Epoch: 128, Train loss: 0.040194419086575506, Validation loss: 0.4002830852508545, Validation accuracy: 0.9217
Adjusting learning rate of group 0 to 1.0000e-02.
Epoch: 129, Train loss: 0.04109204783737659, Validation loss: 0.42570271906852725, Validation accuracy: 0.9188
Adjusting learning rate of group 0 to 1.0000e-02.
Epoch: 130, Train loss: 0.037569743862748146, Validation loss: 0.419771405506134, Validation accuracy: 0.9192
Adjusting learning rate of group 0 to 1.0000e-02.
Epoch: 131, Train loss: 0.03983311667084694, Validation loss: 0.3940696848869324, Validation accuracy: 0.9229
Adjusting learning rate of group 0 to 1.0000e-02.
Epoch: 132, Train loss: 0.038518602223098275, Validation loss: 0.43326943092346193, Validation accuracy: 0.92
Adjusting learning rate of group 0 to 1.0000e-02.
Epoch: 133, Train loss: 0.03686697122752666, Validation loss: 0.40930082511901855, Validation accuracy: 0.9203
Adjusting learning rate of group 0 to 1.0000e-02.
Epoch: 134, Train loss: 0.03400867563426495, Validation loss: 0.42449062175750735, Validation accuracy: 0.9179
Adjusting learning rate of group 0 to 1.0000e-02.
Epoch: 135, Train loss: 0.037116715365052226, Validation loss: 0.4364240312576294, Validation accuracy: 0.9187
Adjusting learning rate of group 0 to 1.0000e-02.
Epoch: 136, Train loss: 0.03385960136115551, Validation loss: 0.4513747274398804, Validation accuracy: 0.918
Adjusting learning rate of group 0 to 1.0000e-02.
Epoch: 137, Train loss: 0.03599977567493916, Validation loss: 0.4360109789371491, Validation accuracy: 0.9159
Adjusting learning rate of group 0 to 1.0000e-02.
Epoch: 138, Train loss: 0.037280683442354204, Validation loss: 0.42884837837219236, Validation accuracy: 0.9178
Adjusting learning rate of group 0 to 1.0000e-02.
Epoch: 139, Train loss: 0.03564244416624308, Validation loss: 0.4675675990104675, Validation accuracy: 0.9152
Adjusting learning rate of group 0 to 1.0000e-02.
Epoch: 140, Train loss: 0.034111782116889956, Validation loss: 0.44826553888320925, Validation accuracy: 0.917
Adjusting learning rate of group 0 to 1.0000e-02.
Epoch: 141, Train loss: 0.03528319342814386, Validation loss: 0.42075278100967406, Validation accuracy: 0.921
Adjusting learning rate of group 0 to 1.0000e-02.
Epoch: 142, Train loss: 0.03315671007603407, Validation loss: 0.4408713199615478, Validation accuracy: 0.9205
Adjusting learning rate of group 0 to 1.0000e-02.
Epoch: 143, Train loss: 0.035915556059479714, Validation loss: 0.4256309021234512, Validation accuracy: 0.9186
Adjusting learning rate of group 0 to 1.0000e-02.
Epoch: 144, Train loss: 0.038633127133846284, Validation loss: 0.42539943504333494, Validation accuracy: 0.9225
Adjusting learning rate of group 0 to 1.0000e-02.
Epoch: 145, Train loss: 0.036504662324786184, Validation loss: 0.4209543075561523, Validation accuracy: 0.9192
Adjusting learning rate of group 0 to 1.0000e-02.
Epoch: 146, Train loss: 0.03903369840025902, Validation loss: 0.39609880723953245, Validation accuracy: 0.9238
Adjusting learning rate of group 0 to 1.0000e-02.
Epoch: 147, Train loss: 0.03331015590667725, Validation loss: 0.4466976724624634, Validation accuracy: 0.9191
Adjusting learning rate of group 0 to 1.0000e-02.
Epoch: 148, Train loss: 0.03650716164469719, Validation loss: 0.41728121614456176, Validation accuracy: 0.9199
Adjusting learning rate of group 0 to 1.0000e-02.
Epoch: 149, Train loss: 0.033277443992495534, Validation loss: 0.4201939777374268, Validation accuracy: 0.9199
Adjusting learning rate of group 0 to 1.0000e-03.
Epoch: 150, Train loss: 0.033529744206964966, Validation loss: 0.44925320520401, Validation accuracy: 0.9212
Adjusting learning rate of group 0 to 1.0000e-03.
Epoch: 151, Train loss: 0.023459716554284096, Validation loss: 0.3995924689292908, Validation accuracy: 0.9291
Adjusting learning rate of group 0 to 1.0000e-03.
Epoch: 152, Train loss: 0.01723528952360153, Validation loss: 0.40153461303710936, Validation accuracy: 0.929
Adjusting learning rate of group 0 to 1.0000e-03.
Epoch: 153, Train loss: 0.015123583668321372, Validation loss: 0.403768958568573, Validation accuracy: 0.9288
Adjusting learning rate of group 0 to 1.0000e-03.
Epoch: 154, Train loss: 0.01321863926967606, Validation loss: 0.4095300594329834, Validation accuracy: 0.9286
Adjusting learning rate of group 0 to 1.0000e-03.
Epoch: 155, Train loss: 0.01138353959724307, Validation loss: 0.4194047290802002, Validation accuracy: 0.9295
Adjusting learning rate of group 0 to 1.0000e-03.
Epoch: 156, Train loss: 0.011322146814763547, Validation loss: 0.4241838137626648, Validation accuracy: 0.929
Adjusting learning rate of group 0 to 1.0000e-03.
Epoch: 157, Train loss: 0.010552553871497512, Validation loss: 0.43657555990219116, Validation accuracy: 0.9287
Adjusting learning rate of group 0 to 1.0000e-03.
Epoch: 158, Train loss: 0.009682645054385066, Validation loss: 0.44037386293411257, Validation accuracy: 0.9295
Adjusting learning rate of group 0 to 1.0000e-03.
Epoch: 159, Train loss: 0.010113092346079648, Validation loss: 0.4418966081619263, Validation accuracy: 0.9305
Adjusting learning rate of group 0 to 1.0000e-03.
Epoch: 160, Train loss: 0.009729368558675051, Validation loss: 0.4453948877334595, Validation accuracy: 0.9296
Adjusting learning rate of group 0 to 1.0000e-03.
Epoch: 161, Train loss: 0.00797294273018837, Validation loss: 0.44728529710769654, Validation accuracy: 0.93
Adjusting learning rate of group 0 to 1.0000e-03.
Epoch: 162, Train loss: 0.008990108539368958, Validation loss: 0.4514834044456482, Validation accuracy: 0.9285
Adjusting learning rate of group 0 to 1.0000e-03.
Epoch: 163, Train loss: 0.007684589608423412, Validation loss: 0.45549352502822876, Validation accuracy: 0.9297
Adjusting learning rate of group 0 to 1.0000e-03.
Epoch: 164, Train loss: 0.007264947008229792, Validation loss: 0.4617773403167725, Validation accuracy: 0.9303
Adjusting learning rate of group 0 to 1.0000e-03.
Epoch: 165, Train loss: 0.007994474043361843, Validation loss: 0.46264850683212283, Validation accuracy: 0.9305
Adjusting learning rate of group 0 to 1.0000e-03.
Epoch: 166, Train loss: 0.007877081526406109, Validation loss: 0.4690305152893066, Validation accuracy: 0.9289
Adjusting learning rate of group 0 to 1.0000e-03.
Epoch: 167, Train loss: 0.0071273944498971105, Validation loss: 0.4749827549934387, Validation accuracy: 0.9296
Adjusting learning rate of group 0 to 1.0000e-03.
Epoch: 168, Train loss: 0.007334268086310476, Validation loss: 0.48168589191436767, Validation accuracy: 0.9306
Adjusting learning rate of group 0 to 1.0000e-03.
Epoch: 169, Train loss: 0.006657891584318131, Validation loss: 0.4794589666366577, Validation accuracy: 0.9299
Adjusting learning rate of group 0 to 1.0000e-03.
Epoch: 170, Train loss: 0.006094068884346634, Validation loss: 0.4835361458778381, Validation accuracy: 0.9291
Adjusting learning rate of group 0 to 1.0000e-03.
Epoch: 171, Train loss: 0.007346600388456136, Validation loss: 0.48306419172286985, Validation accuracy: 0.9291
Adjusting learning rate of group 0 to 1.0000e-03.
Epoch: 172, Train loss: 0.006726705191829824, Validation loss: 0.48664950828552245, Validation accuracy: 0.928
Adjusting learning rate of group 0 to 1.0000e-03.
Epoch: 173, Train loss: 0.00650081598944962, Validation loss: 0.4935140214920044, Validation accuracy: 0.9293
Adjusting learning rate of group 0 to 1.0000e-03.
Epoch: 174, Train loss: 0.005717971850298345, Validation loss: 0.4955576415061951, Validation accuracy: 0.9291
Adjusting learning rate of group 0 to 1.0000e-03.
Epoch: 175, Train loss: 0.0059661176655627784, Validation loss: 0.4890058590888977, Validation accuracy: 0.9294
Adjusting learning rate of group 0 to 1.0000e-03.
Epoch: 176, Train loss: 0.006080712839979678, Validation loss: 0.4918926877975464, Validation accuracy: 0.9296
Adjusting learning rate of group 0 to 1.0000e-03.
Epoch: 177, Train loss: 0.005630284808203578, Validation loss: 0.5045589847564698, Validation accuracy: 0.9288
Adjusting learning rate of group 0 to 1.0000e-03.
Epoch: 178, Train loss: 0.005677672468032688, Validation loss: 0.500701333618164, Validation accuracy: 0.9296
Adjusting learning rate of group 0 to 1.0000e-03.
Epoch: 179, Train loss: 0.005470955563662574, Validation loss: 0.5049218686103821, Validation accuracy: 0.9303
Adjusting learning rate of group 0 to 1.0000e-03.
Epoch: 180, Train loss: 0.005941092041805387, Validation loss: 0.5032640126228333, Validation accuracy: 0.9301
Adjusting learning rate of group 0 to 1.0000e-03.
Epoch: 181, Train loss: 0.004778935292763635, Validation loss: 0.5073993485450745, Validation accuracy: 0.9294
Adjusting learning rate of group 0 to 1.0000e-03.
Epoch: 182, Train loss: 0.0051840010162256655, Validation loss: 0.51153306350708, Validation accuracy: 0.929
Adjusting learning rate of group 0 to 1.0000e-03.
Epoch: 183, Train loss: 0.00483740112231113, Validation loss: 0.5189275022506714, Validation accuracy: 0.9308
Adjusting learning rate of group 0 to 1.0000e-03.
Epoch: 184, Train loss: 0.005015005121845752, Validation loss: 0.5182088514328003, Validation accuracy: 0.9307
Adjusting learning rate of group 0 to 1.0000e-03.
Epoch: 185, Train loss: 0.0053561688013374804, Validation loss: 0.5220208084106446, Validation accuracy: 0.9298
Adjusting learning rate of group 0 to 1.0000e-03.
Epoch: 186, Train loss: 0.004514961643144489, Validation loss: 0.5267580976486206, Validation accuracy: 0.929
Adjusting learning rate of group 0 to 1.0000e-03.
Epoch: 187, Train loss: 0.00596619867714122, Validation loss: 0.5202074890136719, Validation accuracy: 0.9296
Adjusting learning rate of group 0 to 1.0000e-03.
Epoch: 188, Train loss: 0.005354669128302484, Validation loss: 0.5294056489944458, Validation accuracy: 0.9292
Adjusting learning rate of group 0 to 1.0000e-03.
Epoch: 189, Train loss: 0.004116500165304169, Validation loss: 0.5278304187774658, Validation accuracy: 0.9273
Adjusting learning rate of group 0 to 1.0000e-03.
Epoch: 190, Train loss: 0.004714675513729453, Validation loss: 0.5235801677703857, Validation accuracy: 0.9286
Adjusting learning rate of group 0 to 1.0000e-03.
Epoch: 191, Train loss: 0.004412606837376952, Validation loss: 0.5253574087142945, Validation accuracy: 0.9299
Adjusting learning rate of group 0 to 1.0000e-03.
Epoch: 192, Train loss: 0.004703845218867063, Validation loss: 0.5252135299682618, Validation accuracy: 0.9278
Adjusting learning rate of group 0 to 1.0000e-03.
Epoch: 193, Train loss: 0.0048786607694718985, Validation loss: 0.529414539718628, Validation accuracy: 0.9286
Adjusting learning rate of group 0 to 1.0000e-03.
Epoch: 194, Train loss: 0.004810810192150529, Validation loss: 0.5357969482421875, Validation accuracy: 0.9289
Adjusting learning rate of group 0 to 1.0000e-03.
Epoch: 195, Train loss: 0.0045655159236770125, Validation loss: 0.5351930154800415, Validation accuracy: 0.9286
Adjusting learning rate of group 0 to 1.0000e-03.
Epoch: 196, Train loss: 0.004677865349571221, Validation loss: 0.5306315265655518, Validation accuracy: 0.9286
Adjusting learning rate of group 0 to 1.0000e-03.
Epoch: 197, Train loss: 0.004597851369875716, Validation loss: 0.5317751138687133, Validation accuracy: 0.9305
Adjusting learning rate of group 0 to 1.0000e-03.
Epoch: 198, Train loss: 0.003844165482139215, Validation loss: 0.5345093328475952, Validation accuracy: 0.9299
Adjusting learning rate of group 0 to 1.0000e-03.
Epoch: 199, Train loss: 0.003969499746831134, Validation loss: 0.5313324514389038, Validation accuracy: 0.9304
Accuracy: 0.9304, Parameters: 1378
