['ResNet-Tensorized.py', '--ranks', '3', '4', '--space_rank', '4', '--seed', '1', '--device', 'cuda:1']
Initializing dataloader
Files already downloaded and verified
Files already downloaded and verified
Dataloader has initialized
Initializing model
Adjusting learning rate of group 0 to 1.0000e-02.
Model initialized
Testing model
Tests passed
Adjusting learning rate of group 0 to 2.0000e-02.
Epoch: 0, Train loss: 1.788988378829956, Validation loss: 1.5597901210784912, Validation accuracy: 0.4246
Adjusting learning rate of group 0 to 3.0000e-02.
Epoch: 1, Train loss: 1.462149648361206, Validation loss: 1.4754470426559447, Validation accuracy: 0.4859
Adjusting learning rate of group 0 to 4.0000e-02.
Epoch: 2, Train loss: 1.2485562686920166, Validation loss: 1.3582727952957154, Validation accuracy: 0.5245
Adjusting learning rate of group 0 to 5.0000e-02.
Epoch: 3, Train loss: 1.113853959236145, Validation loss: 1.1336049852371215, Validation accuracy: 0.6066
Adjusting learning rate of group 0 to 6.0000e-02.
Epoch: 4, Train loss: 1.0118912648010254, Validation loss: 1.358075980758667, Validation accuracy: 0.5928
Adjusting learning rate of group 0 to 7.0000e-02.
Epoch: 5, Train loss: 0.9482341437149048, Validation loss: 1.268151125907898, Validation accuracy: 0.5808
Adjusting learning rate of group 0 to 8.0000e-02.
Epoch: 6, Train loss: 0.9047959845733643, Validation loss: 1.3535913621902467, Validation accuracy: 0.5614
Adjusting learning rate of group 0 to 9.0000e-02.
Epoch: 7, Train loss: 0.8680039928817749, Validation loss: 1.1128043073654175, Validation accuracy: 0.6334
Adjusting learning rate of group 0 to 1.0000e-01.
Epoch: 8, Train loss: 0.8359684323883056, Validation loss: 0.905081508731842, Validation accuracy: 0.6797
Adjusting learning rate of group 0 to 1.0000e-01.
Epoch: 9, Train loss: 0.8152609018325806, Validation loss: 1.1893614532470702, Validation accuracy: 0.646
Adjusting learning rate of group 0 to 1.0000e-01.
Epoch: 10, Train loss: 0.7839611909866333, Validation loss: 0.9927769771575927, Validation accuracy: 0.6624
Adjusting learning rate of group 0 to 1.0000e-01.
Epoch: 11, Train loss: 0.7562165509414673, Validation loss: 1.16226505317688, Validation accuracy: 0.6496
Adjusting learning rate of group 0 to 1.0000e-01.
Epoch: 12, Train loss: 0.737862589855194, Validation loss: 0.8735276822090149, Validation accuracy: 0.7161
Adjusting learning rate of group 0 to 1.0000e-01.
Epoch: 13, Train loss: 0.7218972189331054, Validation loss: 1.2151903589248658, Validation accuracy: 0.62
Adjusting learning rate of group 0 to 1.0000e-01.
Epoch: 14, Train loss: 0.7121761574554444, Validation loss: 0.8808979743957519, Validation accuracy: 0.7023
Adjusting learning rate of group 0 to 1.0000e-01.
Epoch: 15, Train loss: 0.692204291343689, Validation loss: 0.9463615538597107, Validation accuracy: 0.6889
Adjusting learning rate of group 0 to 1.0000e-01.
Epoch: 16, Train loss: 0.6828110668182373, Validation loss: 0.8905915640830994, Validation accuracy: 0.7065
Adjusting learning rate of group 0 to 1.0000e-01.
Epoch: 17, Train loss: 0.6793583962631226, Validation loss: 0.8332389352798462, Validation accuracy: 0.7265
Adjusting learning rate of group 0 to 1.0000e-01.
Epoch: 18, Train loss: 0.6749405879020691, Validation loss: 0.8340455099105835, Validation accuracy: 0.7181
Adjusting learning rate of group 0 to 1.0000e-01.
Epoch: 19, Train loss: 0.6641096654510498, Validation loss: 1.112309285736084, Validation accuracy: 0.6646
Adjusting learning rate of group 0 to 1.0000e-01.
Epoch: 20, Train loss: 0.6542173144340515, Validation loss: 0.8021646692276001, Validation accuracy: 0.726
Adjusting learning rate of group 0 to 1.0000e-01.
Epoch: 21, Train loss: 0.6536705976486206, Validation loss: 1.0289847253799438, Validation accuracy: 0.6707
Adjusting learning rate of group 0 to 1.0000e-01.
Epoch: 22, Train loss: 0.6400881256961822, Validation loss: 1.1134937297821046, Validation accuracy: 0.6633
Adjusting learning rate of group 0 to 1.0000e-01.
Epoch: 23, Train loss: 0.6389775179481506, Validation loss: 0.8301105848312378, Validation accuracy: 0.7194
Adjusting learning rate of group 0 to 1.0000e-01.
Epoch: 24, Train loss: 0.6364644254684448, Validation loss: 0.9603123103141785, Validation accuracy: 0.6889
Adjusting learning rate of group 0 to 1.0000e-01.
Epoch: 25, Train loss: 0.6360305797958374, Validation loss: 0.721621600818634, Validation accuracy: 0.7654
Adjusting learning rate of group 0 to 1.0000e-01.
Epoch: 26, Train loss: 0.628518112449646, Validation loss: 0.725292834854126, Validation accuracy: 0.7533
Adjusting learning rate of group 0 to 1.0000e-01.
Epoch: 27, Train loss: 0.6252688322448731, Validation loss: 0.83725094165802, Validation accuracy: 0.7284
Adjusting learning rate of group 0 to 1.0000e-01.
Epoch: 28, Train loss: 0.6227341888427734, Validation loss: 0.8382260238647461, Validation accuracy: 0.7152
Adjusting learning rate of group 0 to 1.0000e-01.
Epoch: 29, Train loss: 0.6179393560886383, Validation loss: 0.7527582976341247, Validation accuracy: 0.7475
Adjusting learning rate of group 0 to 1.0000e-01.
Epoch: 30, Train loss: 0.6081324562644959, Validation loss: 0.9746380722045899, Validation accuracy: 0.6876
Adjusting learning rate of group 0 to 1.0000e-01.
Epoch: 31, Train loss: 0.6144850461959839, Validation loss: 0.7080721508979797, Validation accuracy: 0.7669
Adjusting learning rate of group 0 to 1.0000e-01.
Epoch: 32, Train loss: 0.6060823841094971, Validation loss: 0.848059488582611, Validation accuracy: 0.7228
Adjusting learning rate of group 0 to 1.0000e-01.
Epoch: 33, Train loss: 0.607950927143097, Validation loss: 0.6752964217185974, Validation accuracy: 0.7792
Adjusting learning rate of group 0 to 1.0000e-01.
Epoch: 34, Train loss: 0.600837408618927, Validation loss: 0.6655062837600708, Validation accuracy: 0.7648
Adjusting learning rate of group 0 to 1.0000e-01.
Epoch: 35, Train loss: 0.5956403303337097, Validation loss: 0.6976370891571045, Validation accuracy: 0.7601
Adjusting learning rate of group 0 to 1.0000e-01.
Epoch: 36, Train loss: 0.6003085888099671, Validation loss: 0.9226286319732666, Validation accuracy: 0.6962
Adjusting learning rate of group 0 to 1.0000e-01.
Epoch: 37, Train loss: 0.5950169129562378, Validation loss: 0.9244952640533447, Validation accuracy: 0.7082
Adjusting learning rate of group 0 to 1.0000e-01.
Epoch: 38, Train loss: 0.5974017183494568, Validation loss: 0.9073686737060547, Validation accuracy: 0.7135
Adjusting learning rate of group 0 to 1.0000e-01.
Epoch: 39, Train loss: 0.5899105193710327, Validation loss: 0.7390618955612183, Validation accuracy: 0.7521
Adjusting learning rate of group 0 to 1.0000e-01.
Epoch: 40, Train loss: 0.5838401050758362, Validation loss: 0.8097940448760986, Validation accuracy: 0.738
Adjusting learning rate of group 0 to 1.0000e-01.
Epoch: 41, Train loss: 0.5909304211807251, Validation loss: 0.7703433767318726, Validation accuracy: 0.7526
Adjusting learning rate of group 0 to 1.0000e-01.
Epoch: 42, Train loss: 0.588491706905365, Validation loss: 0.6589984560012817, Validation accuracy: 0.7733
Adjusting learning rate of group 0 to 1.0000e-01.
Epoch: 43, Train loss: 0.5839323766231537, Validation loss: 0.8634170647621154, Validation accuracy: 0.716
Adjusting learning rate of group 0 to 1.0000e-01.
Epoch: 44, Train loss: 0.577596602268219, Validation loss: 0.8131234696388244, Validation accuracy: 0.7262
Adjusting learning rate of group 0 to 1.0000e-01.
Epoch: 45, Train loss: 0.5764038347434998, Validation loss: 0.7635039178848266, Validation accuracy: 0.7478
Adjusting learning rate of group 0 to 1.0000e-01.
Epoch: 46, Train loss: 0.5761040569114685, Validation loss: 0.6943770369529724, Validation accuracy: 0.757
Adjusting learning rate of group 0 to 1.0000e-01.
Epoch: 47, Train loss: 0.5754950465583801, Validation loss: 0.6612147659301758, Validation accuracy: 0.7764
Adjusting learning rate of group 0 to 1.0000e-01.
Epoch: 48, Train loss: 0.5773112306976318, Validation loss: 0.7573625546455384, Validation accuracy: 0.7417
Adjusting learning rate of group 0 to 1.0000e-01.
Epoch: 49, Train loss: 0.5714398283386231, Validation loss: 0.7923434534072876, Validation accuracy: 0.7309
Adjusting learning rate of group 0 to 1.0000e-01.
Epoch: 50, Train loss: 0.5756107907485962, Validation loss: 0.6775121039390564, Validation accuracy: 0.7699
Adjusting learning rate of group 0 to 1.0000e-01.
Epoch: 51, Train loss: 0.5732264102363587, Validation loss: 0.8807118988037109, Validation accuracy: 0.717
Adjusting learning rate of group 0 to 1.0000e-01.
Epoch: 52, Train loss: 0.560264798488617, Validation loss: 1.249977928161621, Validation accuracy: 0.6585
Adjusting learning rate of group 0 to 1.0000e-01.
Epoch: 53, Train loss: 0.5686412148094178, Validation loss: 0.6916024656295776, Validation accuracy: 0.7657
Adjusting learning rate of group 0 to 1.0000e-01.
Epoch: 54, Train loss: 0.5697564780426025, Validation loss: 0.649631241607666, Validation accuracy: 0.782
Adjusting learning rate of group 0 to 1.0000e-01.
Epoch: 55, Train loss: 0.5619549800014496, Validation loss: 0.6639926909446716, Validation accuracy: 0.7788
Adjusting learning rate of group 0 to 1.0000e-01.
Epoch: 56, Train loss: 0.5692160452651978, Validation loss: 0.7809716753005982, Validation accuracy: 0.737
Adjusting learning rate of group 0 to 1.0000e-01.
Epoch: 57, Train loss: 0.5632489218711852, Validation loss: 1.0470652761459351, Validation accuracy: 0.6939
Adjusting learning rate of group 0 to 1.0000e-01.
Epoch: 58, Train loss: 0.5608972271156311, Validation loss: 0.6385874607086182, Validation accuracy: 0.7877
Adjusting learning rate of group 0 to 1.0000e-01.
Epoch: 59, Train loss: 0.5603152863693237, Validation loss: 0.7931446041107177, Validation accuracy: 0.7359
Adjusting learning rate of group 0 to 1.0000e-01.
Epoch: 60, Train loss: 0.5540054131507873, Validation loss: 0.7335866225242614, Validation accuracy: 0.7504
Adjusting learning rate of group 0 to 1.0000e-01.
Epoch: 61, Train loss: 0.564403313407898, Validation loss: 0.6336411677360535, Validation accuracy: 0.7833
Adjusting learning rate of group 0 to 1.0000e-01.
Epoch: 62, Train loss: 0.559557943611145, Validation loss: 0.8959203058242798, Validation accuracy: 0.7169
Adjusting learning rate of group 0 to 1.0000e-01.
Epoch: 63, Train loss: 0.5598894170951844, Validation loss: 0.7066471817970276, Validation accuracy: 0.7561
Adjusting learning rate of group 0 to 1.0000e-01.
Epoch: 64, Train loss: 0.558331224746704, Validation loss: 0.6772656616210937, Validation accuracy: 0.7635
Adjusting learning rate of group 0 to 1.0000e-01.
Epoch: 65, Train loss: 0.5587178308486939, Validation loss: 0.8237256816864014, Validation accuracy: 0.725
Adjusting learning rate of group 0 to 1.0000e-01.
Epoch: 66, Train loss: 0.5556367588806153, Validation loss: 0.7503458567619323, Validation accuracy: 0.7614
Adjusting learning rate of group 0 to 1.0000e-01.
Epoch: 67, Train loss: 0.5582242252349854, Validation loss: 0.7169387532234192, Validation accuracy: 0.7645
Adjusting learning rate of group 0 to 1.0000e-01.
Epoch: 68, Train loss: 0.5512646887969971, Validation loss: 0.6645378408432007, Validation accuracy: 0.7638
Adjusting learning rate of group 0 to 1.0000e-01.
Epoch: 69, Train loss: 0.5514266541671753, Validation loss: 0.7651570180892945, Validation accuracy: 0.7519
Adjusting learning rate of group 0 to 1.0000e-01.
Epoch: 70, Train loss: 0.541203880329132, Validation loss: 0.6817545040130615, Validation accuracy: 0.772
Adjusting learning rate of group 0 to 1.0000e-01.
Epoch: 71, Train loss: 0.550076646976471, Validation loss: 0.6315813492774963, Validation accuracy: 0.791
Adjusting learning rate of group 0 to 1.0000e-01.
Epoch: 72, Train loss: 0.5448942562198639, Validation loss: 0.7396788955688477, Validation accuracy: 0.758
Adjusting learning rate of group 0 to 1.0000e-01.
Epoch: 73, Train loss: 0.5473168639945983, Validation loss: 0.9162187642097473, Validation accuracy: 0.7162
Adjusting learning rate of group 0 to 1.0000e-01.
Epoch: 74, Train loss: 0.5533131634330749, Validation loss: 0.6513051947593689, Validation accuracy: 0.7918
Adjusting learning rate of group 0 to 1.0000e-01.
Epoch: 75, Train loss: 0.5508779545593262, Validation loss: 0.6421184363365173, Validation accuracy: 0.7836
Adjusting learning rate of group 0 to 1.0000e-01.
Epoch: 76, Train loss: 0.5411994861412048, Validation loss: 0.6707750357627869, Validation accuracy: 0.778
Adjusting learning rate of group 0 to 1.0000e-01.
Epoch: 77, Train loss: 0.5386371893310546, Validation loss: 0.712710160446167, Validation accuracy: 0.7609
Adjusting learning rate of group 0 to 1.0000e-01.
Epoch: 78, Train loss: 0.5448288794708251, Validation loss: 0.6107543183326721, Validation accuracy: 0.7894
Adjusting learning rate of group 0 to 1.0000e-01.
Epoch: 79, Train loss: 0.5400980176448822, Validation loss: 0.6986283870697021, Validation accuracy: 0.7704
Adjusting learning rate of group 0 to 1.0000e-01.
Epoch: 80, Train loss: 0.5413487286376953, Validation loss: 0.7200689264297485, Validation accuracy: 0.7633
Adjusting learning rate of group 0 to 1.0000e-01.
Epoch: 81, Train loss: 0.5423390711212158, Validation loss: 1.0481027940750123, Validation accuracy: 0.6992
Adjusting learning rate of group 0 to 1.0000e-01.
Epoch: 82, Train loss: 0.5469190329837799, Validation loss: 0.7669593446731567, Validation accuracy: 0.7632
Adjusting learning rate of group 0 to 1.0000e-01.
Epoch: 83, Train loss: 0.5413901547431946, Validation loss: 0.9648777384757996, Validation accuracy: 0.704
Adjusting learning rate of group 0 to 1.0000e-01.
Epoch: 84, Train loss: 0.5364186788368225, Validation loss: 0.6481829852104187, Validation accuracy: 0.7845
Adjusting learning rate of group 0 to 1.0000e-01.
Epoch: 85, Train loss: 0.5383861490821839, Validation loss: 0.9100029954910278, Validation accuracy: 0.7272
Adjusting learning rate of group 0 to 1.0000e-01.
Epoch: 86, Train loss: 0.5352625767326356, Validation loss: 0.6909024822235107, Validation accuracy: 0.7655
Adjusting learning rate of group 0 to 1.0000e-01.
Epoch: 87, Train loss: 0.5360754669570923, Validation loss: 0.7143751712799072, Validation accuracy: 0.7678
Adjusting learning rate of group 0 to 1.0000e-01.
Epoch: 88, Train loss: 0.5351824682998657, Validation loss: 0.6557734949111939, Validation accuracy: 0.7855
Adjusting learning rate of group 0 to 1.0000e-01.
Epoch: 89, Train loss: 0.5292361907768249, Validation loss: 0.6934660959243775, Validation accuracy: 0.7648
Adjusting learning rate of group 0 to 1.0000e-01.
Epoch: 90, Train loss: 0.5397440922164917, Validation loss: 0.8900028865814209, Validation accuracy: 0.7237
Adjusting learning rate of group 0 to 1.0000e-01.
Epoch: 91, Train loss: 0.529359976863861, Validation loss: 0.6550189266204834, Validation accuracy: 0.7866
Adjusting learning rate of group 0 to 1.0000e-01.
Epoch: 92, Train loss: 0.5356496118354798, Validation loss: 0.6385794542312622, Validation accuracy: 0.7829
Adjusting learning rate of group 0 to 1.0000e-01.
Epoch: 93, Train loss: 0.5332596819114686, Validation loss: 0.7922452758789063, Validation accuracy: 0.7422
Adjusting learning rate of group 0 to 1.0000e-01.
Epoch: 94, Train loss: 0.5373126275253296, Validation loss: 0.6779295293807983, Validation accuracy: 0.7771
Adjusting learning rate of group 0 to 1.0000e-01.
Epoch: 95, Train loss: 0.5303810849761963, Validation loss: 0.7124313593864441, Validation accuracy: 0.7577
Adjusting learning rate of group 0 to 1.0000e-01.
Epoch: 96, Train loss: 0.5264198082733155, Validation loss: 0.6228401551246643, Validation accuracy: 0.7932
Adjusting learning rate of group 0 to 1.0000e-01.
Epoch: 97, Train loss: 0.5308730077171325, Validation loss: 0.5983498629570008, Validation accuracy: 0.7979
Adjusting learning rate of group 0 to 1.0000e-01.
Epoch: 98, Train loss: 0.5302721410179139, Validation loss: 0.7019233282089233, Validation accuracy: 0.7681
Adjusting learning rate of group 0 to 1.0000e-01.
Epoch: 99, Train loss: 0.5282072155570984, Validation loss: 0.6041317232131957, Validation accuracy: 0.8002
Adjusting learning rate of group 0 to 1.0000e-02.
Epoch: 100, Train loss: 0.534980007686615, Validation loss: 0.7294086764335632, Validation accuracy: 0.7527
Adjusting learning rate of group 0 to 1.0000e-02.
Epoch: 101, Train loss: 0.40779576747894286, Validation loss: 0.41249294624328614, Validation accuracy: 0.8604
Adjusting learning rate of group 0 to 1.0000e-02.
Epoch: 102, Train loss: 0.36800697538375854, Validation loss: 0.4067328176498413, Validation accuracy: 0.8631
Adjusting learning rate of group 0 to 1.0000e-02.
Epoch: 103, Train loss: 0.35619815418243406, Validation loss: 0.39951464443206786, Validation accuracy: 0.8634
Adjusting learning rate of group 0 to 1.0000e-02.
Epoch: 104, Train loss: 0.3501033196640015, Validation loss: 0.3916910085678101, Validation accuracy: 0.8664
Adjusting learning rate of group 0 to 1.0000e-02.
Epoch: 105, Train loss: 0.3463770574760437, Validation loss: 0.3892123379707336, Validation accuracy: 0.8685
Adjusting learning rate of group 0 to 1.0000e-02.
Epoch: 106, Train loss: 0.3405393074417114, Validation loss: 0.38706142482757566, Validation accuracy: 0.8667
Adjusting learning rate of group 0 to 1.0000e-02.
Epoch: 107, Train loss: 0.3361742472553253, Validation loss: 0.3936624731063843, Validation accuracy: 0.8671
Adjusting learning rate of group 0 to 1.0000e-02.
Epoch: 108, Train loss: 0.3352829468154907, Validation loss: 0.3863020140647888, Validation accuracy: 0.8683
Adjusting learning rate of group 0 to 1.0000e-02.
Epoch: 109, Train loss: 0.3300410136604309, Validation loss: 0.4023887125968933, Validation accuracy: 0.8654
Adjusting learning rate of group 0 to 1.0000e-02.
Epoch: 110, Train loss: 0.33023767309188845, Validation loss: 0.41106839532852174, Validation accuracy: 0.8634
Adjusting learning rate of group 0 to 1.0000e-02.
Epoch: 111, Train loss: 0.3281097770500183, Validation loss: 0.41032189664840696, Validation accuracy: 0.8607
Adjusting learning rate of group 0 to 1.0000e-02.
Epoch: 112, Train loss: 0.32684020505905154, Validation loss: 0.39126810703277587, Validation accuracy: 0.8651
Adjusting learning rate of group 0 to 1.0000e-02.
Epoch: 113, Train loss: 0.32369988624572754, Validation loss: 0.3982625689506531, Validation accuracy: 0.8642
Adjusting learning rate of group 0 to 1.0000e-02.
Epoch: 114, Train loss: 0.3217098042488098, Validation loss: 0.3989100722312927, Validation accuracy: 0.8653
Adjusting learning rate of group 0 to 1.0000e-02.
Epoch: 115, Train loss: 0.3197878771209717, Validation loss: 0.38690197296142576, Validation accuracy: 0.8669
Adjusting learning rate of group 0 to 1.0000e-02.
Epoch: 116, Train loss: 0.3194156222820282, Validation loss: 0.40105503578186036, Validation accuracy: 0.8653
Adjusting learning rate of group 0 to 1.0000e-02.
Epoch: 117, Train loss: 0.3206224624443054, Validation loss: 0.38567710151672363, Validation accuracy: 0.8669
Adjusting learning rate of group 0 to 1.0000e-02.
Epoch: 118, Train loss: 0.3172288796043396, Validation loss: 0.39823955755233764, Validation accuracy: 0.8681
Adjusting learning rate of group 0 to 1.0000e-02.
Epoch: 119, Train loss: 0.3165432664489746, Validation loss: 0.40879540700912476, Validation accuracy: 0.8641
Adjusting learning rate of group 0 to 1.0000e-02.
Epoch: 120, Train loss: 0.31684442984580996, Validation loss: 0.39228231477737424, Validation accuracy: 0.8657
Adjusting learning rate of group 0 to 1.0000e-02.
Epoch: 121, Train loss: 0.31604084840297697, Validation loss: 0.40842765159606936, Validation accuracy: 0.8627
Adjusting learning rate of group 0 to 1.0000e-02.
Epoch: 122, Train loss: 0.31274789467811587, Validation loss: 0.39530915555953977, Validation accuracy: 0.868
Adjusting learning rate of group 0 to 1.0000e-02.
Epoch: 123, Train loss: 0.3144806301689148, Validation loss: 0.384899861907959, Validation accuracy: 0.8704
Adjusting learning rate of group 0 to 1.0000e-02.
Epoch: 124, Train loss: 0.3128284811878204, Validation loss: 0.4067766806602478, Validation accuracy: 0.8592
Adjusting learning rate of group 0 to 1.0000e-02.
Epoch: 125, Train loss: 0.3124810295295715, Validation loss: 0.39311008110046386, Validation accuracy: 0.8666
Adjusting learning rate of group 0 to 1.0000e-02.
Epoch: 126, Train loss: 0.31666854579925535, Validation loss: 0.39816694431304933, Validation accuracy: 0.8664
Adjusting learning rate of group 0 to 1.0000e-02.
Epoch: 127, Train loss: 0.3134210712432861, Validation loss: 0.39318238191604615, Validation accuracy: 0.8675
Adjusting learning rate of group 0 to 1.0000e-02.
Epoch: 128, Train loss: 0.3146258456802368, Validation loss: 0.37970210494995116, Validation accuracy: 0.87
Adjusting learning rate of group 0 to 1.0000e-02.
Epoch: 129, Train loss: 0.31360388127326966, Validation loss: 0.39328496646881106, Validation accuracy: 0.8684
Adjusting learning rate of group 0 to 1.0000e-02.
Epoch: 130, Train loss: 0.31006891466140746, Validation loss: 0.41941539640426634, Validation accuracy: 0.8618
Adjusting learning rate of group 0 to 1.0000e-02.
Epoch: 131, Train loss: 0.3134813915061951, Validation loss: 0.4191749024391174, Validation accuracy: 0.8588
Adjusting learning rate of group 0 to 1.0000e-02.
Epoch: 132, Train loss: 0.3121291855812073, Validation loss: 0.40351699237823485, Validation accuracy: 0.8657
Adjusting learning rate of group 0 to 1.0000e-02.
Epoch: 133, Train loss: 0.3119556182670593, Validation loss: 0.42606459579467776, Validation accuracy: 0.8594
Adjusting learning rate of group 0 to 1.0000e-02.
Epoch: 134, Train loss: 0.31255347145080564, Validation loss: 0.39879647493362425, Validation accuracy: 0.8678
Adjusting learning rate of group 0 to 1.0000e-02.
Epoch: 135, Train loss: 0.3131865547847748, Validation loss: 0.42299005270004275, Validation accuracy: 0.8606
Adjusting learning rate of group 0 to 1.0000e-02.
Epoch: 136, Train loss: 0.31072191451072695, Validation loss: 0.4260686815261841, Validation accuracy: 0.8611
Adjusting learning rate of group 0 to 1.0000e-02.
Epoch: 137, Train loss: 0.3119159398841858, Validation loss: 0.4111911766052246, Validation accuracy: 0.8637
Adjusting learning rate of group 0 to 1.0000e-02.
Epoch: 138, Train loss: 0.3107953602790833, Validation loss: 0.4103242007255554, Validation accuracy: 0.864
Adjusting learning rate of group 0 to 1.0000e-02.
Epoch: 139, Train loss: 0.31099058148384096, Validation loss: 0.4370092141151428, Validation accuracy: 0.857
Adjusting learning rate of group 0 to 1.0000e-02.
Epoch: 140, Train loss: 0.3116430905675888, Validation loss: 0.3926645736694336, Validation accuracy: 0.8684
Adjusting learning rate of group 0 to 1.0000e-02.
Epoch: 141, Train loss: 0.3096524837732315, Validation loss: 0.42459198665618897, Validation accuracy: 0.8623
Adjusting learning rate of group 0 to 1.0000e-02.
Epoch: 142, Train loss: 0.3103077969932556, Validation loss: 0.4172856673240662, Validation accuracy: 0.8591
Adjusting learning rate of group 0 to 1.0000e-02.
Epoch: 143, Train loss: 0.31110136616706846, Validation loss: 0.39625039558410646, Validation accuracy: 0.8642
Adjusting learning rate of group 0 to 1.0000e-02.
Epoch: 144, Train loss: 0.31055972201347354, Validation loss: 0.40462416353225705, Validation accuracy: 0.8637
Adjusting learning rate of group 0 to 1.0000e-02.
Epoch: 145, Train loss: 0.3115180778217316, Validation loss: 0.39778298072814944, Validation accuracy: 0.8646
Adjusting learning rate of group 0 to 1.0000e-02.
Epoch: 146, Train loss: 0.3126677188205719, Validation loss: 0.38844574432373047, Validation accuracy: 0.8692
Adjusting learning rate of group 0 to 1.0000e-02.
Epoch: 147, Train loss: 0.3125555409145355, Validation loss: 0.40229450302124026, Validation accuracy: 0.867
Adjusting learning rate of group 0 to 1.0000e-02.
Epoch: 148, Train loss: 0.31048669124603273, Validation loss: 0.4068494611740112, Validation accuracy: 0.8667
Adjusting learning rate of group 0 to 1.0000e-02.
Epoch: 149, Train loss: 0.31105761051177977, Validation loss: 0.4274305006980896, Validation accuracy: 0.8542
Adjusting learning rate of group 0 to 1.0000e-03.
Epoch: 150, Train loss: 0.3091446111392975, Validation loss: 0.41701668109893797, Validation accuracy: 0.8648
Adjusting learning rate of group 0 to 1.0000e-03.
Epoch: 151, Train loss: 0.2804292411565781, Validation loss: 0.37021934690475466, Validation accuracy: 0.8778
Adjusting learning rate of group 0 to 1.0000e-03.
Epoch: 152, Train loss: 0.26308222325325015, Validation loss: 0.3654057505607605, Validation accuracy: 0.8784
Adjusting learning rate of group 0 to 1.0000e-03.
Epoch: 153, Train loss: 0.2620096019887924, Validation loss: 0.3657308498382568, Validation accuracy: 0.8777
Adjusting learning rate of group 0 to 1.0000e-03.
Epoch: 154, Train loss: 0.25982753699302674, Validation loss: 0.3622783025741577, Validation accuracy: 0.8789
Adjusting learning rate of group 0 to 1.0000e-03.
Epoch: 155, Train loss: 0.2600164612388611, Validation loss: 0.3610315024375916, Validation accuracy: 0.8798
Adjusting learning rate of group 0 to 1.0000e-03.
Epoch: 156, Train loss: 0.25709070335388184, Validation loss: 0.3609071653366089, Validation accuracy: 0.8815
Adjusting learning rate of group 0 to 1.0000e-03.
Epoch: 157, Train loss: 0.25637184036254884, Validation loss: 0.3593417055130005, Validation accuracy: 0.8805
Adjusting learning rate of group 0 to 1.0000e-03.
Epoch: 158, Train loss: 0.25504574694633486, Validation loss: 0.3593885812759399, Validation accuracy: 0.8821
Adjusting learning rate of group 0 to 1.0000e-03.
Epoch: 159, Train loss: 0.25860999041557314, Validation loss: 0.36234509286880495, Validation accuracy: 0.8806
Adjusting learning rate of group 0 to 1.0000e-03.
Epoch: 160, Train loss: 0.2562049723052979, Validation loss: 0.3597634122848511, Validation accuracy: 0.8806
Adjusting learning rate of group 0 to 1.0000e-03.
Epoch: 161, Train loss: 0.25615729960918426, Validation loss: 0.36037012157440185, Validation accuracy: 0.8798
Adjusting learning rate of group 0 to 1.0000e-03.
Epoch: 162, Train loss: 0.25289878059387205, Validation loss: 0.36391082105636596, Validation accuracy: 0.8796
Adjusting learning rate of group 0 to 1.0000e-03.
Epoch: 163, Train loss: 0.2538297615194321, Validation loss: 0.35993371486663817, Validation accuracy: 0.8819
Adjusting learning rate of group 0 to 1.0000e-03.
Epoch: 164, Train loss: 0.25352462169647216, Validation loss: 0.3641792951583862, Validation accuracy: 0.8796
Adjusting learning rate of group 0 to 1.0000e-03.
Epoch: 165, Train loss: 0.25301915551185605, Validation loss: 0.3633056106567383, Validation accuracy: 0.8802
Adjusting learning rate of group 0 to 1.0000e-03.
Epoch: 166, Train loss: 0.24969419893264772, Validation loss: 0.3675215659141541, Validation accuracy: 0.8814
Adjusting learning rate of group 0 to 1.0000e-03.
Epoch: 167, Train loss: 0.24832915303230285, Validation loss: 0.36375696563720705, Validation accuracy: 0.882
Adjusting learning rate of group 0 to 1.0000e-03.
Epoch: 168, Train loss: 0.25306126154184344, Validation loss: 0.36381533365249635, Validation accuracy: 0.8817
Adjusting learning rate of group 0 to 1.0000e-03.
Epoch: 169, Train loss: 0.2517523013019562, Validation loss: 0.3697976493835449, Validation accuracy: 0.8806
Adjusting learning rate of group 0 to 1.0000e-03.
Epoch: 170, Train loss: 0.24982696640968322, Validation loss: 0.36684512548446657, Validation accuracy: 0.8798
Adjusting learning rate of group 0 to 1.0000e-03.
Epoch: 171, Train loss: 0.25085108854293825, Validation loss: 0.3686144739151001, Validation accuracy: 0.8796
Adjusting learning rate of group 0 to 1.0000e-03.
Epoch: 172, Train loss: 0.25005154576301575, Validation loss: 0.367693553352356, Validation accuracy: 0.8824
Adjusting learning rate of group 0 to 1.0000e-03.
Epoch: 173, Train loss: 0.2461812062740326, Validation loss: 0.365320680141449, Validation accuracy: 0.8813
Adjusting learning rate of group 0 to 1.0000e-03.
Epoch: 174, Train loss: 0.24666961148262023, Validation loss: 0.3690791312217712, Validation accuracy: 0.8814
Adjusting learning rate of group 0 to 1.0000e-03.
Epoch: 175, Train loss: 0.24848058423995972, Validation loss: 0.36544366216659546, Validation accuracy: 0.8803
Adjusting learning rate of group 0 to 1.0000e-03.
Epoch: 176, Train loss: 0.2459071440410614, Validation loss: 0.36603995561599734, Validation accuracy: 0.8821
Adjusting learning rate of group 0 to 1.0000e-03.
Epoch: 177, Train loss: 0.24564520991325378, Validation loss: 0.367182691860199, Validation accuracy: 0.8806
Adjusting learning rate of group 0 to 1.0000e-03.
Epoch: 178, Train loss: 0.24824362466812133, Validation loss: 0.3662612006187439, Validation accuracy: 0.8794
Adjusting learning rate of group 0 to 1.0000e-03.
Epoch: 179, Train loss: 0.24631432099342346, Validation loss: 0.3680438813209534, Validation accuracy: 0.8813
Adjusting learning rate of group 0 to 1.0000e-03.
Epoch: 180, Train loss: 0.24716884335517883, Validation loss: 0.3711741918563843, Validation accuracy: 0.8806
Adjusting learning rate of group 0 to 1.0000e-03.
Epoch: 181, Train loss: 0.24947495895385743, Validation loss: 0.36708314447402957, Validation accuracy: 0.8809
Adjusting learning rate of group 0 to 1.0000e-03.
Epoch: 182, Train loss: 0.2450032756614685, Validation loss: 0.3665185146331787, Validation accuracy: 0.8818
Adjusting learning rate of group 0 to 1.0000e-03.
Epoch: 183, Train loss: 0.24695140197753906, Validation loss: 0.3655516408920288, Validation accuracy: 0.8815
Adjusting learning rate of group 0 to 1.0000e-03.
Epoch: 184, Train loss: 0.2483708506155014, Validation loss: 0.36990734786987306, Validation accuracy: 0.8805
Adjusting learning rate of group 0 to 1.0000e-03.
Epoch: 185, Train loss: 0.24791471810340882, Validation loss: 0.36271592559814453, Validation accuracy: 0.8833
Adjusting learning rate of group 0 to 1.0000e-03.
Epoch: 186, Train loss: 0.24417192194938658, Validation loss: 0.3655593680381775, Validation accuracy: 0.8825
Adjusting learning rate of group 0 to 1.0000e-03.
Epoch: 187, Train loss: 0.2447969340991974, Validation loss: 0.36487845506668093, Validation accuracy: 0.8834
Adjusting learning rate of group 0 to 1.0000e-03.
Epoch: 188, Train loss: 0.24791377478122711, Validation loss: 0.3656035539627075, Validation accuracy: 0.8821
Adjusting learning rate of group 0 to 1.0000e-03.
Epoch: 189, Train loss: 0.24727564289093018, Validation loss: 0.366455415058136, Validation accuracy: 0.8822
Adjusting learning rate of group 0 to 1.0000e-03.
Epoch: 190, Train loss: 0.24437541019916534, Validation loss: 0.37153346223831174, Validation accuracy: 0.8813
Adjusting learning rate of group 0 to 1.0000e-03.
Epoch: 191, Train loss: 0.24574281136512757, Validation loss: 0.36448536586761476, Validation accuracy: 0.8832
Adjusting learning rate of group 0 to 1.0000e-03.
Epoch: 192, Train loss: 0.2458963615989685, Validation loss: 0.36806787309646605, Validation accuracy: 0.8821
Adjusting learning rate of group 0 to 1.0000e-03.
Epoch: 193, Train loss: 0.24667781193733215, Validation loss: 0.3674567930221558, Validation accuracy: 0.8838
Adjusting learning rate of group 0 to 1.0000e-03.
Epoch: 194, Train loss: 0.24331248309135436, Validation loss: 0.36856842832565306, Validation accuracy: 0.8814
Adjusting learning rate of group 0 to 1.0000e-03.
Epoch: 195, Train loss: 0.24332808802604675, Validation loss: 0.36968287315368653, Validation accuracy: 0.8801
Adjusting learning rate of group 0 to 1.0000e-03.
Epoch: 196, Train loss: 0.24332380573749543, Validation loss: 0.3670512784004211, Validation accuracy: 0.8824
Adjusting learning rate of group 0 to 1.0000e-03.
Epoch: 197, Train loss: 0.24273817422866822, Validation loss: 0.3716186529159546, Validation accuracy: 0.8814
Adjusting learning rate of group 0 to 1.0000e-03.
Epoch: 198, Train loss: 0.24413358898162843, Validation loss: 0.36445131874084474, Validation accuracy: 0.883
Adjusting learning rate of group 0 to 1.0000e-03.
Epoch: 199, Train loss: 0.24602378093719482, Validation loss: 0.36886862373352053, Validation accuracy: 0.8789
Accuracy: 0.8789
