['ResNet-train.py', '--network', 'resnet', '--classifier', 'full', '--tensorization', '64', '8', '8', '--ranks', '[[64,1,1,32],[1,8,1,1],[1,1,8,1],[32,1,1,10]]', '--seed', '10', '--device', 'cuda:2']
Initializing dataloader
Files already downloaded and verified
Files already downloaded and verified
Dataloader has initialized
Initializing model
Adjusting learning rate of group 0 to 1.0000e-02.
Model initialized
Testing model
Tests passed
Adjusting learning rate of group 0 to 2.0000e-02.
Epoch: 0, Train loss: 2.3345681426239016, Validation loss: 1.8158279928207397, Validation accuracy: 0.3347
Adjusting learning rate of group 0 to 3.0000e-02.
Epoch: 1, Train loss: 1.6464203610229493, Validation loss: 1.4152875814437866, Validation accuracy: 0.4832
Adjusting learning rate of group 0 to 4.0000e-02.
Epoch: 2, Train loss: 1.3981437566757202, Validation loss: 1.397019564819336, Validation accuracy: 0.5069
Adjusting learning rate of group 0 to 5.0000e-02.
Epoch: 3, Train loss: 1.1674301236724853, Validation loss: 1.0046993558883668, Validation accuracy: 0.6573
Adjusting learning rate of group 0 to 6.0000e-02.
Epoch: 4, Train loss: 0.9971545033073426, Validation loss: 0.9642319877624512, Validation accuracy: 0.6631
Adjusting learning rate of group 0 to 7.0000e-02.
Epoch: 5, Train loss: 0.8793625290298462, Validation loss: 0.930196695137024, Validation accuracy: 0.6729
Adjusting learning rate of group 0 to 8.0000e-02.
Epoch: 6, Train loss: 0.817495625038147, Validation loss: 0.832977375125885, Validation accuracy: 0.7148
Adjusting learning rate of group 0 to 9.0000e-02.
Epoch: 7, Train loss: 0.7723530164337158, Validation loss: 0.7478708415031433, Validation accuracy: 0.7524
Adjusting learning rate of group 0 to 1.0000e-01.
Epoch: 8, Train loss: 0.7028748677635193, Validation loss: 0.7509215191841125, Validation accuracy: 0.7486
Adjusting learning rate of group 0 to 1.0000e-01.
Epoch: 9, Train loss: 0.6906871744155884, Validation loss: 0.6971673597335816, Validation accuracy: 0.7775
Adjusting learning rate of group 0 to 1.0000e-01.
Epoch: 10, Train loss: 0.6312486413764954, Validation loss: 0.739537258720398, Validation accuracy: 0.7534
Adjusting learning rate of group 0 to 1.0000e-01.
Epoch: 11, Train loss: 0.5956548204421998, Validation loss: 0.8744578006744385, Validation accuracy: 0.7368
Adjusting learning rate of group 0 to 1.0000e-01.
Epoch: 12, Train loss: 0.5811620014572143, Validation loss: 0.7397715594291687, Validation accuracy: 0.7485
Adjusting learning rate of group 0 to 1.0000e-01.
Epoch: 13, Train loss: 0.558639846458435, Validation loss: 0.8443656151771546, Validation accuracy: 0.7218
Adjusting learning rate of group 0 to 1.0000e-01.
Epoch: 14, Train loss: 0.5335488519859314, Validation loss: 0.5750493507385254, Validation accuracy: 0.8038
Adjusting learning rate of group 0 to 1.0000e-01.
Epoch: 15, Train loss: 0.5255898874855042, Validation loss: 0.6447796329498291, Validation accuracy: 0.7829
Adjusting learning rate of group 0 to 1.0000e-01.
Epoch: 16, Train loss: 0.5005358917427063, Validation loss: 0.7083858495712281, Validation accuracy: 0.7787
Adjusting learning rate of group 0 to 1.0000e-01.
Epoch: 17, Train loss: 0.49147817609786987, Validation loss: 0.6134528705596923, Validation accuracy: 0.7977
Adjusting learning rate of group 0 to 1.0000e-01.
Epoch: 18, Train loss: 0.4786590363407135, Validation loss: 0.7842926411628723, Validation accuracy: 0.79
Adjusting learning rate of group 0 to 1.0000e-01.
Epoch: 19, Train loss: 0.4873780047035217, Validation loss: 0.5401349150657654, Validation accuracy: 0.8274
Adjusting learning rate of group 0 to 1.0000e-01.
Epoch: 20, Train loss: 0.4647062614250183, Validation loss: 0.6413286005020141, Validation accuracy: 0.8102
Adjusting learning rate of group 0 to 1.0000e-01.
Epoch: 21, Train loss: 0.448344768037796, Validation loss: 0.5576246985435486, Validation accuracy: 0.8343
Adjusting learning rate of group 0 to 1.0000e-01.
Epoch: 22, Train loss: 0.456399326133728, Validation loss: 0.7010029084205628, Validation accuracy: 0.7945
Adjusting learning rate of group 0 to 1.0000e-01.
Epoch: 23, Train loss: 0.4435552945137024, Validation loss: 0.7420683164596558, Validation accuracy: 0.7595
Adjusting learning rate of group 0 to 1.0000e-01.
Epoch: 24, Train loss: 0.4402935352897644, Validation loss: 0.6721635903358459, Validation accuracy: 0.7989
Adjusting learning rate of group 0 to 1.0000e-01.
Epoch: 25, Train loss: 0.42771558549880984, Validation loss: 0.6385522275924682, Validation accuracy: 0.8045
Adjusting learning rate of group 0 to 1.0000e-01.
Epoch: 26, Train loss: 0.41770922731399535, Validation loss: 1.0206589569091797, Validation accuracy: 0.7747
Adjusting learning rate of group 0 to 1.0000e-01.
Epoch: 27, Train loss: 0.42340841245651245, Validation loss: 0.5959976510047913, Validation accuracy: 0.8067
Adjusting learning rate of group 0 to 1.0000e-01.
Epoch: 28, Train loss: 0.41571775351524354, Validation loss: 0.6753324922084808, Validation accuracy: 0.7787
Adjusting learning rate of group 0 to 1.0000e-01.
Epoch: 29, Train loss: 0.4032220432472229, Validation loss: 0.7301129564285278, Validation accuracy: 0.8015
Adjusting learning rate of group 0 to 1.0000e-01.
Epoch: 30, Train loss: 0.4142121042537689, Validation loss: 0.6313302951812744, Validation accuracy: 0.8064
Adjusting learning rate of group 0 to 1.0000e-01.
Epoch: 31, Train loss: 0.4133476080036163, Validation loss: 0.5524186074256897, Validation accuracy: 0.8043
Adjusting learning rate of group 0 to 1.0000e-01.
Epoch: 32, Train loss: 0.40584983932495117, Validation loss: 0.4676152910232544, Validation accuracy: 0.8427
Adjusting learning rate of group 0 to 1.0000e-01.
Epoch: 33, Train loss: 0.3941489411735535, Validation loss: 0.5411973765850067, Validation accuracy: 0.8188
Adjusting learning rate of group 0 to 1.0000e-01.
Epoch: 34, Train loss: 0.4031283030319214, Validation loss: 0.5325141984939575, Validation accuracy: 0.8275
Adjusting learning rate of group 0 to 1.0000e-01.
Epoch: 35, Train loss: 0.38615727979660036, Validation loss: 0.5110535060882568, Validation accuracy: 0.8393
Adjusting learning rate of group 0 to 1.0000e-01.
Epoch: 36, Train loss: 0.3836341787528992, Validation loss: 0.5087907962799072, Validation accuracy: 0.833
Adjusting learning rate of group 0 to 1.0000e-01.
Epoch: 37, Train loss: 0.38505750663757327, Validation loss: 0.49980722358226776, Validation accuracy: 0.8436
Adjusting learning rate of group 0 to 1.0000e-01.
Epoch: 38, Train loss: 0.3761015365409851, Validation loss: 0.46284264998435976, Validation accuracy: 0.8442
Adjusting learning rate of group 0 to 1.0000e-01.
Epoch: 39, Train loss: 0.3810332334852219, Validation loss: 0.733343641281128, Validation accuracy: 0.8198
Adjusting learning rate of group 0 to 1.0000e-01.
Epoch: 40, Train loss: 0.3840446173667908, Validation loss: 0.5555828726768494, Validation accuracy: 0.8267
Adjusting learning rate of group 0 to 1.0000e-01.
Epoch: 41, Train loss: 0.37757091676712035, Validation loss: 0.5024988500118256, Validation accuracy: 0.8441
Adjusting learning rate of group 0 to 1.0000e-01.
Epoch: 42, Train loss: 0.36773179479599, Validation loss: 0.5856452758312225, Validation accuracy: 0.8329
Adjusting learning rate of group 0 to 1.0000e-01.
Epoch: 43, Train loss: 0.3635110793685913, Validation loss: 0.5231814790725708, Validation accuracy: 0.8344
Adjusting learning rate of group 0 to 1.0000e-01.
Epoch: 44, Train loss: 0.3694497234249115, Validation loss: 0.45789096822738645, Validation accuracy: 0.8563
Adjusting learning rate of group 0 to 1.0000e-01.
Epoch: 45, Train loss: 0.3674165594482422, Validation loss: 0.5193628693580628, Validation accuracy: 0.828
Adjusting learning rate of group 0 to 1.0000e-01.
Epoch: 46, Train loss: 0.36456359617233275, Validation loss: 0.4732511220932007, Validation accuracy: 0.844
Adjusting learning rate of group 0 to 1.0000e-01.
Epoch: 47, Train loss: 0.35524511200904846, Validation loss: 0.467791263961792, Validation accuracy: 0.8476
Adjusting learning rate of group 0 to 1.0000e-01.
Epoch: 48, Train loss: 0.3606464063835144, Validation loss: 0.5553520977497101, Validation accuracy: 0.8232
Adjusting learning rate of group 0 to 1.0000e-01.
Epoch: 49, Train loss: 0.370044712100029, Validation loss: 0.6268120606422425, Validation accuracy: 0.8077
Adjusting learning rate of group 0 to 1.0000e-01.
Epoch: 50, Train loss: 0.35290330189704894, Validation loss: 0.6116039843559266, Validation accuracy: 0.8308
Adjusting learning rate of group 0 to 1.0000e-01.
Epoch: 51, Train loss: 0.3487189614868164, Validation loss: 0.5337179431915283, Validation accuracy: 0.8409
Adjusting learning rate of group 0 to 1.0000e-01.
Epoch: 52, Train loss: 0.34961977760314944, Validation loss: 0.6218493740081787, Validation accuracy: 0.8177
Adjusting learning rate of group 0 to 1.0000e-01.
Epoch: 53, Train loss: 0.34987558898448945, Validation loss: 0.5466837970733642, Validation accuracy: 0.8325
Adjusting learning rate of group 0 to 1.0000e-01.
Epoch: 54, Train loss: 0.3527200711917877, Validation loss: 0.6734416635513306, Validation accuracy: 0.7979
Adjusting learning rate of group 0 to 1.0000e-01.
Epoch: 55, Train loss: 0.3505778859329224, Validation loss: 0.7107486632347106, Validation accuracy: 0.7946
Adjusting learning rate of group 0 to 1.0000e-01.
Epoch: 56, Train loss: 0.35079985889434817, Validation loss: 0.6083510398864747, Validation accuracy: 0.8275
Adjusting learning rate of group 0 to 1.0000e-01.
Epoch: 57, Train loss: 0.34348218566894534, Validation loss: 0.5868862968444825, Validation accuracy: 0.8229
Adjusting learning rate of group 0 to 1.0000e-01.
Epoch: 58, Train loss: 0.3560166341781616, Validation loss: 0.4983328968048096, Validation accuracy: 0.8394
Adjusting learning rate of group 0 to 1.0000e-01.
Epoch: 59, Train loss: 0.3395187556266785, Validation loss: 0.48069754877090454, Validation accuracy: 0.8468
Adjusting learning rate of group 0 to 1.0000e-01.
Epoch: 60, Train loss: 0.33428455337524415, Validation loss: 0.4952572340965271, Validation accuracy: 0.8306
Adjusting learning rate of group 0 to 1.0000e-01.
Epoch: 61, Train loss: 0.3454922128677368, Validation loss: 0.49303730764389037, Validation accuracy: 0.8372
Adjusting learning rate of group 0 to 1.0000e-01.
Epoch: 62, Train loss: 0.3464646883201599, Validation loss: 0.7287128353118897, Validation accuracy: 0.7983
Adjusting learning rate of group 0 to 1.0000e-01.
Epoch: 63, Train loss: 0.3366679635429382, Validation loss: 0.48354698991775513, Validation accuracy: 0.8395
Adjusting learning rate of group 0 to 1.0000e-01.
Epoch: 64, Train loss: 0.3407372622203827, Validation loss: 0.4955274362564087, Validation accuracy: 0.8554
Adjusting learning rate of group 0 to 1.0000e-01.
Epoch: 65, Train loss: 0.33660878964424135, Validation loss: 0.5405377381324769, Validation accuracy: 0.8289
Adjusting learning rate of group 0 to 1.0000e-01.
Epoch: 66, Train loss: 0.3388752806282043, Validation loss: 0.5226557368278504, Validation accuracy: 0.8255
Adjusting learning rate of group 0 to 1.0000e-01.
Epoch: 67, Train loss: 0.3357931823730469, Validation loss: 0.5236986262798309, Validation accuracy: 0.8499
Adjusting learning rate of group 0 to 1.0000e-01.
Epoch: 68, Train loss: 0.3320508948230743, Validation loss: 0.6550324827194214, Validation accuracy: 0.8306
Adjusting learning rate of group 0 to 1.0000e-01.
Epoch: 69, Train loss: 0.3300204476737976, Validation loss: 0.48229335441589355, Validation accuracy: 0.8404
Adjusting learning rate of group 0 to 1.0000e-01.
Epoch: 70, Train loss: 0.3364191187763214, Validation loss: 0.5003797367095947, Validation accuracy: 0.8417
Adjusting learning rate of group 0 to 1.0000e-01.
Epoch: 71, Train loss: 0.3348121530151367, Validation loss: 0.5586625320434571, Validation accuracy: 0.8364
Adjusting learning rate of group 0 to 1.0000e-01.
Epoch: 72, Train loss: 0.33179257767677306, Validation loss: 0.4126031836986542, Validation accuracy: 0.8658
Adjusting learning rate of group 0 to 1.0000e-01.
Epoch: 73, Train loss: 0.3240227505683899, Validation loss: 0.512376475906372, Validation accuracy: 0.8329
Adjusting learning rate of group 0 to 1.0000e-01.
Epoch: 74, Train loss: 0.32050946634292604, Validation loss: 0.5127827252388001, Validation accuracy: 0.8387
Adjusting learning rate of group 0 to 1.0000e-01.
Epoch: 75, Train loss: 0.32492334854125976, Validation loss: 0.5922892766952514, Validation accuracy: 0.8226
Adjusting learning rate of group 0 to 1.0000e-01.
Epoch: 76, Train loss: 0.3387233170223236, Validation loss: 0.49928557748794555, Validation accuracy: 0.8536
Adjusting learning rate of group 0 to 1.0000e-01.
Epoch: 77, Train loss: 0.3258841733455658, Validation loss: 0.6532454590320587, Validation accuracy: 0.7862
Adjusting learning rate of group 0 to 1.0000e-01.
Epoch: 78, Train loss: 0.3457294112586975, Validation loss: 0.816662693119049, Validation accuracy: 0.7868
Adjusting learning rate of group 0 to 1.0000e-01.
Epoch: 79, Train loss: 0.3262645297431946, Validation loss: 0.48181307044029237, Validation accuracy: 0.8484
Adjusting learning rate of group 0 to 1.0000e-01.
Epoch: 80, Train loss: 0.3245156737613678, Validation loss: 0.49973535823822024, Validation accuracy: 0.8394
Adjusting learning rate of group 0 to 1.0000e-01.
Epoch: 81, Train loss: 0.3255336833381653, Validation loss: 0.541101920413971, Validation accuracy: 0.8559
Adjusting learning rate of group 0 to 1.0000e-01.
Epoch: 82, Train loss: 0.3196695947933197, Validation loss: 0.4616584230422974, Validation accuracy: 0.8528
Adjusting learning rate of group 0 to 1.0000e-01.
Epoch: 83, Train loss: 0.3260290207290649, Validation loss: 0.7454770042657852, Validation accuracy: 0.7878
Adjusting learning rate of group 0 to 1.0000e-01.
Epoch: 84, Train loss: 0.32495902958393097, Validation loss: 0.6601392231941223, Validation accuracy: 0.8288
Adjusting learning rate of group 0 to 1.0000e-01.
Epoch: 85, Train loss: 0.3212495963859558, Validation loss: 0.46850362079143526, Validation accuracy: 0.8602
Adjusting learning rate of group 0 to 1.0000e-01.
Epoch: 86, Train loss: 0.32261123750686643, Validation loss: 0.6314894193649292, Validation accuracy: 0.8296
Adjusting learning rate of group 0 to 1.0000e-01.
Epoch: 87, Train loss: 0.32167037775039675, Validation loss: 0.46453240146636965, Validation accuracy: 0.8492
Adjusting learning rate of group 0 to 1.0000e-01.
Epoch: 88, Train loss: 0.31898630222320556, Validation loss: 0.5096401194572449, Validation accuracy: 0.8267
Adjusting learning rate of group 0 to 1.0000e-01.
Epoch: 89, Train loss: 0.3176898383522034, Validation loss: 0.5794714201450348, Validation accuracy: 0.8133
Adjusting learning rate of group 0 to 1.0000e-01.
Epoch: 90, Train loss: 0.324536026096344, Validation loss: 0.4658869116306305, Validation accuracy: 0.8486
Adjusting learning rate of group 0 to 1.0000e-01.
Epoch: 91, Train loss: 0.31692686610221865, Validation loss: 0.6235643228530884, Validation accuracy: 0.8141
Adjusting learning rate of group 0 to 1.0000e-01.
Epoch: 92, Train loss: 0.3249661951351166, Validation loss: 0.4638420153141022, Validation accuracy: 0.8678
Adjusting learning rate of group 0 to 1.0000e-01.
Epoch: 93, Train loss: 0.3227429420852661, Validation loss: 0.5760949855804444, Validation accuracy: 0.8384
Adjusting learning rate of group 0 to 1.0000e-01.
Epoch: 94, Train loss: 0.32191465557098387, Validation loss: 0.4859115089416504, Validation accuracy: 0.845
Adjusting learning rate of group 0 to 1.0000e-01.
Epoch: 95, Train loss: 0.31917306034088133, Validation loss: 0.5256415680646896, Validation accuracy: 0.8506
Adjusting learning rate of group 0 to 1.0000e-01.
Epoch: 96, Train loss: 0.30680337747573855, Validation loss: 0.4439773275375366, Validation accuracy: 0.8563
Adjusting learning rate of group 0 to 1.0000e-01.
Epoch: 97, Train loss: 0.310548182144165, Validation loss: 0.5298144231796265, Validation accuracy: 0.846
Adjusting learning rate of group 0 to 1.0000e-01.
Epoch: 98, Train loss: 0.32642358308792113, Validation loss: 0.5431567295074463, Validation accuracy: 0.8393
Adjusting learning rate of group 0 to 1.0000e-01.
Epoch: 99, Train loss: 0.31068067840576175, Validation loss: 0.540670636510849, Validation accuracy: 0.8524
Adjusting learning rate of group 0 to 1.0000e-02.
Epoch: 100, Train loss: 0.3134978956031799, Validation loss: 0.5881843482494354, Validation accuracy: 0.8069
Adjusting learning rate of group 0 to 1.0000e-02.
Epoch: 101, Train loss: 0.17653512862205506, Validation loss: 0.2831118459939957, Validation accuracy: 0.9144
Adjusting learning rate of group 0 to 1.0000e-02.
Epoch: 102, Train loss: 0.1378156552886963, Validation loss: 0.2762712748527527, Validation accuracy: 0.92
Adjusting learning rate of group 0 to 1.0000e-02.
Epoch: 103, Train loss: 0.1240976625776291, Validation loss: 0.27373301005363465, Validation accuracy: 0.9221
Adjusting learning rate of group 0 to 1.0000e-02.
Epoch: 104, Train loss: 0.11478452586174011, Validation loss: 0.27619073560237883, Validation accuracy: 0.9205
Adjusting learning rate of group 0 to 1.0000e-02.
Epoch: 105, Train loss: 0.10517039298772812, Validation loss: 0.28062131407260893, Validation accuracy: 0.9208
Adjusting learning rate of group 0 to 1.0000e-02.
Epoch: 106, Train loss: 0.09728916028738022, Validation loss: 0.2871778918266296, Validation accuracy: 0.9227
Adjusting learning rate of group 0 to 1.0000e-02.
Epoch: 107, Train loss: 0.09321456768155098, Validation loss: 0.2924825268983841, Validation accuracy: 0.9224
Adjusting learning rate of group 0 to 1.0000e-02.
Epoch: 108, Train loss: 0.08740470864534378, Validation loss: 0.3112559639185667, Validation accuracy: 0.921
Adjusting learning rate of group 0 to 1.0000e-02.
Epoch: 109, Train loss: 0.0845069420671463, Validation loss: 0.2988692760527134, Validation accuracy: 0.9185
Adjusting learning rate of group 0 to 1.0000e-02.
Epoch: 110, Train loss: 0.08059825476288796, Validation loss: 0.31194012726545334, Validation accuracy: 0.9203
Adjusting learning rate of group 0 to 1.0000e-02.
Epoch: 111, Train loss: 0.07734444616556167, Validation loss: 0.31822979256510736, Validation accuracy: 0.9218
Adjusting learning rate of group 0 to 1.0000e-02.
Epoch: 112, Train loss: 0.07191528409719466, Validation loss: 0.32542559345960614, Validation accuracy: 0.9241
Adjusting learning rate of group 0 to 1.0000e-02.
Epoch: 113, Train loss: 0.06851683534860611, Validation loss: 0.3403588879346848, Validation accuracy: 0.923
Adjusting learning rate of group 0 to 1.0000e-02.
Epoch: 114, Train loss: 0.06891681444168091, Validation loss: 0.3352795238018036, Validation accuracy: 0.9225
Adjusting learning rate of group 0 to 1.0000e-02.
Epoch: 115, Train loss: 0.06710908960819244, Validation loss: 0.3362010926425457, Validation accuracy: 0.9212
Adjusting learning rate of group 0 to 1.0000e-02.
Epoch: 116, Train loss: 0.06123438955903053, Validation loss: 0.32793555176854133, Validation accuracy: 0.9205
Adjusting learning rate of group 0 to 1.0000e-02.
Epoch: 117, Train loss: 0.059958123413324356, Validation loss: 0.3357821670949459, Validation accuracy: 0.9214
Adjusting learning rate of group 0 to 1.0000e-02.
Epoch: 118, Train loss: 0.058107290533185, Validation loss: 0.3606771410554647, Validation accuracy: 0.9189
Adjusting learning rate of group 0 to 1.0000e-02.
Epoch: 119, Train loss: 0.05685411270499229, Validation loss: 0.3705750494360924, Validation accuracy: 0.9196
Adjusting learning rate of group 0 to 1.0000e-02.
Epoch: 120, Train loss: 0.057064685369729994, Validation loss: 0.3408117151260376, Validation accuracy: 0.9219
Adjusting learning rate of group 0 to 1.0000e-02.
Epoch: 121, Train loss: 0.05237972845077515, Validation loss: 0.36949507177770136, Validation accuracy: 0.9199
Adjusting learning rate of group 0 to 1.0000e-02.
Epoch: 122, Train loss: 0.054314781131744386, Validation loss: 0.35383737295866013, Validation accuracy: 0.9202
Adjusting learning rate of group 0 to 1.0000e-02.
Epoch: 123, Train loss: 0.05282084989726543, Validation loss: 0.36634147946834567, Validation accuracy: 0.9199
Adjusting learning rate of group 0 to 1.0000e-02.
Epoch: 124, Train loss: 0.053021628707647324, Validation loss: 0.3762586739897728, Validation accuracy: 0.92
Adjusting learning rate of group 0 to 1.0000e-02.
Epoch: 125, Train loss: 0.05017556860864163, Validation loss: 0.3832100279092789, Validation accuracy: 0.9177
Adjusting learning rate of group 0 to 1.0000e-02.
Epoch: 126, Train loss: 0.046891435041427613, Validation loss: 0.39118901448249815, Validation accuracy: 0.9231
Adjusting learning rate of group 0 to 1.0000e-02.
Epoch: 127, Train loss: 0.04883146794617176, Validation loss: 0.3777809495210648, Validation accuracy: 0.9203
Adjusting learning rate of group 0 to 1.0000e-02.
Epoch: 128, Train loss: 0.04615023479759693, Validation loss: 0.38516375069618225, Validation accuracy: 0.9194
Adjusting learning rate of group 0 to 1.0000e-02.
Epoch: 129, Train loss: 0.047224003175497055, Validation loss: 0.392182532428205, Validation accuracy: 0.9184
Adjusting learning rate of group 0 to 1.0000e-02.
Epoch: 130, Train loss: 0.046549552289247516, Validation loss: 0.3779124792098999, Validation accuracy: 0.9211
Adjusting learning rate of group 0 to 1.0000e-02.
Epoch: 131, Train loss: 0.04280752511024475, Validation loss: 0.3671044689536095, Validation accuracy: 0.9235
Adjusting learning rate of group 0 to 1.0000e-02.
Epoch: 132, Train loss: 0.04531873131871223, Validation loss: 0.37972420773506166, Validation accuracy: 0.9187
Adjusting learning rate of group 0 to 1.0000e-02.
Epoch: 133, Train loss: 0.04322528116345405, Validation loss: 0.397038523542881, Validation accuracy: 0.9191
Adjusting learning rate of group 0 to 1.0000e-02.
Epoch: 134, Train loss: 0.04594801113605499, Validation loss: 0.3782709066390991, Validation accuracy: 0.9193
Adjusting learning rate of group 0 to 1.0000e-02.
Epoch: 135, Train loss: 0.043872435183525085, Validation loss: 0.42101842689514163, Validation accuracy: 0.9139
Adjusting learning rate of group 0 to 1.0000e-02.
Epoch: 136, Train loss: 0.044109009286165235, Validation loss: 0.4001140475153923, Validation accuracy: 0.9174
Adjusting learning rate of group 0 to 1.0000e-02.
Epoch: 137, Train loss: 0.04282350627601147, Validation loss: 0.40677955112457276, Validation accuracy: 0.9186
Adjusting learning rate of group 0 to 1.0000e-02.
Epoch: 138, Train loss: 0.04149606853306294, Validation loss: 0.41129296770095825, Validation accuracy: 0.9182
Adjusting learning rate of group 0 to 1.0000e-02.
Epoch: 139, Train loss: 0.041499750778079034, Validation loss: 0.43949506759643553, Validation accuracy: 0.9179
Adjusting learning rate of group 0 to 1.0000e-02.
Epoch: 140, Train loss: 0.04129190010845661, Validation loss: 0.3919597097396851, Validation accuracy: 0.9225
Adjusting learning rate of group 0 to 1.0000e-02.
Epoch: 141, Train loss: 0.04347795361936092, Validation loss: 0.41718221106529235, Validation accuracy: 0.9138
Adjusting learning rate of group 0 to 1.0000e-02.
Epoch: 142, Train loss: 0.042043607114553454, Validation loss: 0.39608954727649687, Validation accuracy: 0.9191
Adjusting learning rate of group 0 to 1.0000e-02.
Epoch: 143, Train loss: 0.04290195006430149, Validation loss: 0.39421659989356994, Validation accuracy: 0.916
Adjusting learning rate of group 0 to 1.0000e-02.
Epoch: 144, Train loss: 0.04187104556143284, Validation loss: 0.43639663181304933, Validation accuracy: 0.9167
Adjusting learning rate of group 0 to 1.0000e-02.
Epoch: 145, Train loss: 0.0425708705753088, Validation loss: 0.3982573000907898, Validation accuracy: 0.9205
Adjusting learning rate of group 0 to 1.0000e-02.
Epoch: 146, Train loss: 0.03963957310795784, Validation loss: 0.4119950264155865, Validation accuracy: 0.9161
Adjusting learning rate of group 0 to 1.0000e-02.
Epoch: 147, Train loss: 0.03986144521474838, Validation loss: 0.41696378808021545, Validation accuracy: 0.9201
Adjusting learning rate of group 0 to 1.0000e-02.
Epoch: 148, Train loss: 0.04492540420472622, Validation loss: 0.42016860808134077, Validation accuracy: 0.9158
Adjusting learning rate of group 0 to 1.0000e-02.
Epoch: 149, Train loss: 0.042486775861382484, Validation loss: 0.40542328176498416, Validation accuracy: 0.9184
Adjusting learning rate of group 0 to 1.0000e-03.
Epoch: 150, Train loss: 0.039561005344390866, Validation loss: 0.4216535181820393, Validation accuracy: 0.9184
Adjusting learning rate of group 0 to 1.0000e-03.
Epoch: 151, Train loss: 0.02550559909045696, Validation loss: 0.3753135697364807, Validation accuracy: 0.9248
Adjusting learning rate of group 0 to 1.0000e-03.
Epoch: 152, Train loss: 0.019412215655744077, Validation loss: 0.3770730657339096, Validation accuracy: 0.9281
Adjusting learning rate of group 0 to 1.0000e-03.
Epoch: 153, Train loss: 0.01643904676839709, Validation loss: 0.38312077707052233, Validation accuracy: 0.928
Adjusting learning rate of group 0 to 1.0000e-03.
Epoch: 154, Train loss: 0.014534512765035033, Validation loss: 0.3861915399074554, Validation accuracy: 0.9294
Adjusting learning rate of group 0 to 1.0000e-03.
Epoch: 155, Train loss: 0.013073963644206524, Validation loss: 0.3961648092031479, Validation accuracy: 0.9305
Adjusting learning rate of group 0 to 1.0000e-03.
Epoch: 156, Train loss: 0.01175651231341064, Validation loss: 0.40214843761920926, Validation accuracy: 0.9294
Adjusting learning rate of group 0 to 1.0000e-03.
Epoch: 157, Train loss: 0.012425233544781804, Validation loss: 0.4114269627213478, Validation accuracy: 0.9303
Adjusting learning rate of group 0 to 1.0000e-03.
Epoch: 158, Train loss: 0.011994899931550026, Validation loss: 0.41494853902459145, Validation accuracy: 0.929
Adjusting learning rate of group 0 to 1.0000e-03.
Epoch: 159, Train loss: 0.01066134880375117, Validation loss: 0.4159368140697479, Validation accuracy: 0.929
Adjusting learning rate of group 0 to 1.0000e-03.
Epoch: 160, Train loss: 0.009604559241384267, Validation loss: 0.42908663880825043, Validation accuracy: 0.9285
Adjusting learning rate of group 0 to 1.0000e-03.
Epoch: 161, Train loss: 0.010787138866260648, Validation loss: 0.4312828098535538, Validation accuracy: 0.929
Adjusting learning rate of group 0 to 1.0000e-03.
Epoch: 162, Train loss: 0.010290301666557788, Validation loss: 0.43412059252262114, Validation accuracy: 0.929
Adjusting learning rate of group 0 to 1.0000e-03.
Epoch: 163, Train loss: 0.00897950986366719, Validation loss: 0.4419209081172943, Validation accuracy: 0.9284
Adjusting learning rate of group 0 to 1.0000e-03.
Epoch: 164, Train loss: 0.009030503114387392, Validation loss: 0.44507795777320863, Validation accuracy: 0.9293
Adjusting learning rate of group 0 to 1.0000e-03.
Epoch: 165, Train loss: 0.009491147387996316, Validation loss: 0.4437839033126831, Validation accuracy: 0.9291
Adjusting learning rate of group 0 to 1.0000e-03.
Epoch: 166, Train loss: 0.00780512632843107, Validation loss: 0.4465127532720566, Validation accuracy: 0.9288
Adjusting learning rate of group 0 to 1.0000e-03.
Epoch: 167, Train loss: 0.008828647989667952, Validation loss: 0.44726423258781434, Validation accuracy: 0.9306
Adjusting learning rate of group 0 to 1.0000e-03.
Epoch: 168, Train loss: 0.008419588953536004, Validation loss: 0.45554310111999513, Validation accuracy: 0.9294
Adjusting learning rate of group 0 to 1.0000e-03.
Epoch: 169, Train loss: 0.007473625109326094, Validation loss: 0.4573664551258087, Validation accuracy: 0.9308
Adjusting learning rate of group 0 to 1.0000e-03.
Epoch: 170, Train loss: 0.007953063386119901, Validation loss: 0.4565993986606598, Validation accuracy: 0.93
Adjusting learning rate of group 0 to 1.0000e-03.
Epoch: 171, Train loss: 0.007481562525480986, Validation loss: 0.4614134107589722, Validation accuracy: 0.9301
Adjusting learning rate of group 0 to 1.0000e-03.
Epoch: 172, Train loss: 0.007233501427378506, Validation loss: 0.4605656317234039, Validation accuracy: 0.9303
Adjusting learning rate of group 0 to 1.0000e-03.
Epoch: 173, Train loss: 0.007503999593295157, Validation loss: 0.4648528054237366, Validation accuracy: 0.9283
Adjusting learning rate of group 0 to 1.0000e-03.
Epoch: 174, Train loss: 0.007227971660494804, Validation loss: 0.4784136245250702, Validation accuracy: 0.9304
Adjusting learning rate of group 0 to 1.0000e-03.
Epoch: 175, Train loss: 0.005879112655520439, Validation loss: 0.4681243043780327, Validation accuracy: 0.9308
Adjusting learning rate of group 0 to 1.0000e-03.
Epoch: 176, Train loss: 0.006876747713368386, Validation loss: 0.47072465834617616, Validation accuracy: 0.9307
Adjusting learning rate of group 0 to 1.0000e-03.
Epoch: 177, Train loss: 0.006841284379437566, Validation loss: 0.4775959462881088, Validation accuracy: 0.9306
Adjusting learning rate of group 0 to 1.0000e-03.
Epoch: 178, Train loss: 0.006736451136376709, Validation loss: 0.48054264392852786, Validation accuracy: 0.9293
Adjusting learning rate of group 0 to 1.0000e-03.
Epoch: 179, Train loss: 0.006178148396331817, Validation loss: 0.4876690072417259, Validation accuracy: 0.9293
Adjusting learning rate of group 0 to 1.0000e-03.
Epoch: 180, Train loss: 0.005700459723286331, Validation loss: 0.488938338637352, Validation accuracy: 0.9291
Adjusting learning rate of group 0 to 1.0000e-03.
Epoch: 181, Train loss: 0.0059886410391610115, Validation loss: 0.48937225053310396, Validation accuracy: 0.9295
Adjusting learning rate of group 0 to 1.0000e-03.
Epoch: 182, Train loss: 0.006295658749230206, Validation loss: 0.4947479213833809, Validation accuracy: 0.9289
Adjusting learning rate of group 0 to 1.0000e-03.
Epoch: 183, Train loss: 0.005774646888924762, Validation loss: 0.4969179349780083, Validation accuracy: 0.9292
Adjusting learning rate of group 0 to 1.0000e-03.
Epoch: 184, Train loss: 0.006443527460098267, Validation loss: 0.504782439494133, Validation accuracy: 0.93
Adjusting learning rate of group 0 to 1.0000e-03.
Epoch: 185, Train loss: 0.005545828998778015, Validation loss: 0.50350427069664, Validation accuracy: 0.9281
Adjusting learning rate of group 0 to 1.0000e-03.
Epoch: 186, Train loss: 0.0063107276760973035, Validation loss: 0.5070781408309937, Validation accuracy: 0.9282
Adjusting learning rate of group 0 to 1.0000e-03.
Epoch: 187, Train loss: 0.005158195739336079, Validation loss: 0.5013989819049836, Validation accuracy: 0.9285
Adjusting learning rate of group 0 to 1.0000e-03.
Epoch: 188, Train loss: 0.005549102330217138, Validation loss: 0.5076510500907898, Validation accuracy: 0.9278
Adjusting learning rate of group 0 to 1.0000e-03.
Epoch: 189, Train loss: 0.005554570006653666, Validation loss: 0.5075523997783661, Validation accuracy: 0.9302
Adjusting learning rate of group 0 to 1.0000e-03.
Epoch: 190, Train loss: 0.005558223487613723, Validation loss: 0.5123814396858215, Validation accuracy: 0.9279
Adjusting learning rate of group 0 to 1.0000e-03.
Epoch: 191, Train loss: 0.005509604814471677, Validation loss: 0.5150361166477203, Validation accuracy: 0.9288
Adjusting learning rate of group 0 to 1.0000e-03.
Epoch: 192, Train loss: 0.005351226744549349, Validation loss: 0.5095207365751266, Validation accuracy: 0.9278
Adjusting learning rate of group 0 to 1.0000e-03.
Epoch: 193, Train loss: 0.004965308559201658, Validation loss: 0.5172963974952698, Validation accuracy: 0.9286
Adjusting learning rate of group 0 to 1.0000e-03.
Epoch: 194, Train loss: 0.0055102272823266685, Validation loss: 0.5184852607488633, Validation accuracy: 0.9286
Adjusting learning rate of group 0 to 1.0000e-03.
Epoch: 195, Train loss: 0.005505166745763272, Validation loss: 0.5198395566225051, Validation accuracy: 0.9281
Adjusting learning rate of group 0 to 1.0000e-03.
Epoch: 196, Train loss: 0.004989585978733376, Validation loss: 0.5213883073091506, Validation accuracy: 0.9285
Adjusting learning rate of group 0 to 1.0000e-03.
Epoch: 197, Train loss: 0.004874258828470483, Validation loss: 0.5228131667852401, Validation accuracy: 0.9285
Adjusting learning rate of group 0 to 1.0000e-03.
Epoch: 198, Train loss: 0.004771350304470397, Validation loss: 0.5171631544709205, Validation accuracy: 0.9294
Adjusting learning rate of group 0 to 1.0000e-03.
Epoch: 199, Train loss: 0.004711704404391348, Validation loss: 0.5145458265066147, Validation accuracy: 0.9293
Accuracy: 0.9293, Parameters: 2394
