['ResNet-TRL-Ringed.py', '--core_ranks', '3', '1', '1', '--ring_ranks', '2', '1', '2', '--seed', '11', '--device', 'cuda:1']
Initializing dataloader
Files already downloaded and verified
Files already downloaded and verified
Dataloader has initialized
Initializing model
Adjusting learning rate of group 0 to 1.0000e-02.
Model initialized
Testing model
Tests passed
Adjusting learning rate of group 0 to 2.0000e-02.
Epoch: 0, Train loss: 1.858038613395691, Validation loss: 1.50838948802948, Validation accuracy: 0.4228
Adjusting learning rate of group 0 to 3.0000e-02.
Epoch: 1, Train loss: 1.488037851524353, Validation loss: 1.4265553594589233, Validation accuracy: 0.4813
Adjusting learning rate of group 0 to 4.0000e-02.
Epoch: 2, Train loss: 1.2938092559432983, Validation loss: 1.2468623370170593, Validation accuracy: 0.5479
Adjusting learning rate of group 0 to 5.0000e-02.
Epoch: 3, Train loss: 1.1192301389312744, Validation loss: 1.0330867443084717, Validation accuracy: 0.6477
Adjusting learning rate of group 0 to 6.0000e-02.
Epoch: 4, Train loss: 1.0414155166244508, Validation loss: 1.1467035449028016, Validation accuracy: 0.5967
Adjusting learning rate of group 0 to 7.0000e-02.
Epoch: 5, Train loss: 0.9536727647018433, Validation loss: 1.0004870838165283, Validation accuracy: 0.6791
Adjusting learning rate of group 0 to 8.0000e-02.
Epoch: 6, Train loss: 0.8920346740531921, Validation loss: 1.0747797330856323, Validation accuracy: 0.6796
Adjusting learning rate of group 0 to 9.0000e-02.
Epoch: 7, Train loss: 0.8509915364456176, Validation loss: 0.840682762336731, Validation accuracy: 0.7244
Adjusting learning rate of group 0 to 1.0000e-01.
Epoch: 8, Train loss: 0.8011271772575378, Validation loss: 0.8296597620010376, Validation accuracy: 0.7313
Adjusting learning rate of group 0 to 1.0000e-01.
Epoch: 9, Train loss: 0.7705902194976807, Validation loss: 0.7543098996162415, Validation accuracy: 0.758
Adjusting learning rate of group 0 to 1.0000e-01.
Epoch: 10, Train loss: 0.7357701453590393, Validation loss: 0.923052794265747, Validation accuracy: 0.7156
Adjusting learning rate of group 0 to 1.0000e-01.
Epoch: 11, Train loss: 0.6989293444442749, Validation loss: 0.735881268787384, Validation accuracy: 0.7642
Adjusting learning rate of group 0 to 1.0000e-01.
Epoch: 12, Train loss: 0.6682050477409363, Validation loss: 0.9540790773391724, Validation accuracy: 0.7392
Adjusting learning rate of group 0 to 1.0000e-01.
Epoch: 13, Train loss: 0.6631022142410279, Validation loss: 0.858797582244873, Validation accuracy: 0.7541
Adjusting learning rate of group 0 to 1.0000e-01.
Epoch: 14, Train loss: 0.642771146659851, Validation loss: 0.7220843120574951, Validation accuracy: 0.7861
Adjusting learning rate of group 0 to 1.0000e-01.
Epoch: 15, Train loss: 0.60082667137146, Validation loss: 0.8463371866226196, Validation accuracy: 0.7579
Adjusting learning rate of group 0 to 1.0000e-01.
Epoch: 16, Train loss: 0.5922963475990295, Validation loss: 0.6797188823223114, Validation accuracy: 0.7948
Adjusting learning rate of group 0 to 1.0000e-01.
Epoch: 17, Train loss: 0.5910103322410584, Validation loss: 0.8234145153522492, Validation accuracy: 0.7288
Adjusting learning rate of group 0 to 1.0000e-01.
Epoch: 18, Train loss: 0.5769823783111572, Validation loss: 0.8993554440498353, Validation accuracy: 0.7415
Adjusting learning rate of group 0 to 1.0000e-01.
Epoch: 19, Train loss: 0.5660569843864441, Validation loss: 0.6447053973197937, Validation accuracy: 0.8137
Adjusting learning rate of group 0 to 1.0000e-01.
Epoch: 20, Train loss: 0.5421182003593444, Validation loss: 0.7446846915721893, Validation accuracy: 0.757
Adjusting learning rate of group 0 to 1.0000e-01.
Epoch: 21, Train loss: 0.5605992018699646, Validation loss: 0.8155935752868653, Validation accuracy: 0.7953
Adjusting learning rate of group 0 to 1.0000e-01.
Epoch: 22, Train loss: 0.5398364087677002, Validation loss: 0.6340134114265442, Validation accuracy: 0.8048
Adjusting learning rate of group 0 to 1.0000e-01.
Epoch: 23, Train loss: 0.524365115442276, Validation loss: 0.7397085973739624, Validation accuracy: 0.7734
Adjusting learning rate of group 0 to 1.0000e-01.
Epoch: 24, Train loss: 0.523503000869751, Validation loss: 0.7079173345565796, Validation accuracy: 0.7826
Adjusting learning rate of group 0 to 1.0000e-01.
Epoch: 25, Train loss: 0.5176883000946045, Validation loss: 0.5904924998283386, Validation accuracy: 0.8201
Adjusting learning rate of group 0 to 1.0000e-01.
Epoch: 26, Train loss: 0.5131200222110748, Validation loss: 0.7416864916801452, Validation accuracy: 0.7785
Adjusting learning rate of group 0 to 1.0000e-01.
Epoch: 27, Train loss: 0.5065862709617615, Validation loss: 1.3033111772537231, Validation accuracy: 0.7096
Adjusting learning rate of group 0 to 1.0000e-01.
Epoch: 28, Train loss: 0.5017623428153992, Validation loss: 0.6371454492092132, Validation accuracy: 0.8125
Adjusting learning rate of group 0 to 1.0000e-01.
Epoch: 29, Train loss: 0.5013013963890076, Validation loss: 0.7302607022285461, Validation accuracy: 0.7837
Adjusting learning rate of group 0 to 1.0000e-01.
Epoch: 30, Train loss: 0.5040524547386169, Validation loss: 0.7595367631912231, Validation accuracy: 0.7881
Adjusting learning rate of group 0 to 1.0000e-01.
Epoch: 31, Train loss: 0.4866104271221161, Validation loss: 0.6732246265411377, Validation accuracy: 0.8004
Adjusting learning rate of group 0 to 1.0000e-01.
Epoch: 32, Train loss: 0.48433014427185056, Validation loss: 0.675073946094513, Validation accuracy: 0.78
Adjusting learning rate of group 0 to 1.0000e-01.
Epoch: 33, Train loss: 0.47351851026535036, Validation loss: 0.6026568108558655, Validation accuracy: 0.8254
Adjusting learning rate of group 0 to 1.0000e-01.
Epoch: 34, Train loss: 0.4799366509056091, Validation loss: 0.9766141967773437, Validation accuracy: 0.774
Adjusting learning rate of group 0 to 1.0000e-01.
Epoch: 35, Train loss: 0.4779983641529083, Validation loss: 0.7430661259651185, Validation accuracy: 0.7978
Adjusting learning rate of group 0 to 1.0000e-01.
Epoch: 36, Train loss: 0.47771566635131835, Validation loss: 0.7106610140800476, Validation accuracy: 0.7851
Adjusting learning rate of group 0 to 1.0000e-01.
Epoch: 37, Train loss: 0.469553519859314, Validation loss: 0.6887344274520873, Validation accuracy: 0.7897
Adjusting learning rate of group 0 to 1.0000e-01.
Epoch: 38, Train loss: 0.4741163926887512, Validation loss: 0.5487414038658142, Validation accuracy: 0.8306
Adjusting learning rate of group 0 to 1.0000e-01.
Epoch: 39, Train loss: 0.4562729959011078, Validation loss: 0.922917778301239, Validation accuracy: 0.7645
Adjusting learning rate of group 0 to 1.0000e-01.
Epoch: 40, Train loss: 0.465865957069397, Validation loss: 0.6523578490257264, Validation accuracy: 0.8167
Adjusting learning rate of group 0 to 1.0000e-01.
Epoch: 41, Train loss: 0.46423221340179444, Validation loss: 0.9178536328315735, Validation accuracy: 0.778
Adjusting learning rate of group 0 to 1.0000e-01.
Epoch: 42, Train loss: 0.47042947525024414, Validation loss: 0.6387019981384278, Validation accuracy: 0.8222
Adjusting learning rate of group 0 to 1.0000e-01.
Epoch: 43, Train loss: 0.4575299796104431, Validation loss: 0.6629687133789063, Validation accuracy: 0.8268
Adjusting learning rate of group 0 to 1.0000e-01.
Epoch: 44, Train loss: 0.4471361362075806, Validation loss: 0.6558383213996887, Validation accuracy: 0.8055
Adjusting learning rate of group 0 to 1.0000e-01.
Epoch: 45, Train loss: 0.45513564330101014, Validation loss: 0.8163172879219055, Validation accuracy: 0.8019
Adjusting learning rate of group 0 to 1.0000e-01.
Epoch: 46, Train loss: 0.4443650444984436, Validation loss: 0.6354188492774964, Validation accuracy: 0.8339
Adjusting learning rate of group 0 to 1.0000e-01.
Epoch: 47, Train loss: 0.4434722402381897, Validation loss: 0.6085240454673767, Validation accuracy: 0.8172
Adjusting learning rate of group 0 to 1.0000e-01.
Epoch: 48, Train loss: 0.45756960145950315, Validation loss: 0.7027711116790771, Validation accuracy: 0.8201
Adjusting learning rate of group 0 to 1.0000e-01.
Epoch: 49, Train loss: 0.4407739304637909, Validation loss: 0.6458252616882324, Validation accuracy: 0.8207
Adjusting learning rate of group 0 to 1.0000e-01.
Epoch: 50, Train loss: 0.4286572354888916, Validation loss: 0.6421032497406006, Validation accuracy: 0.7978
Adjusting learning rate of group 0 to 1.0000e-01.
Epoch: 51, Train loss: 0.44694863397598267, Validation loss: 0.591725990486145, Validation accuracy: 0.8316
Adjusting learning rate of group 0 to 1.0000e-01.
Epoch: 52, Train loss: 0.44379844405174257, Validation loss: 0.6160116627693176, Validation accuracy: 0.8268
Adjusting learning rate of group 0 to 1.0000e-01.
Epoch: 53, Train loss: 0.4255752021884918, Validation loss: 0.6244682714462281, Validation accuracy: 0.8214
Adjusting learning rate of group 0 to 1.0000e-01.
Epoch: 54, Train loss: 0.44885256847381594, Validation loss: 0.8784910965919495, Validation accuracy: 0.773
Adjusting learning rate of group 0 to 1.0000e-01.
Epoch: 55, Train loss: 0.4402494425868988, Validation loss: 0.6220559488296509, Validation accuracy: 0.8295
Adjusting learning rate of group 0 to 1.0000e-01.
Epoch: 56, Train loss: 0.4316544666671753, Validation loss: 0.6496587087631226, Validation accuracy: 0.8102
Adjusting learning rate of group 0 to 1.0000e-01.
Epoch: 57, Train loss: 0.4222027256965637, Validation loss: 0.628169420337677, Validation accuracy: 0.8044
Adjusting learning rate of group 0 to 1.0000e-01.
Epoch: 58, Train loss: 0.43067167123794553, Validation loss: 0.8526698957443237, Validation accuracy: 0.7917
Adjusting learning rate of group 0 to 1.0000e-01.
Epoch: 59, Train loss: 0.4166272548961639, Validation loss: 0.6383216185569763, Validation accuracy: 0.8218
Adjusting learning rate of group 0 to 1.0000e-01.
Epoch: 60, Train loss: 0.42936063667297364, Validation loss: 0.6807690923690796, Validation accuracy: 0.8131
Adjusting learning rate of group 0 to 1.0000e-01.
Epoch: 61, Train loss: 0.4371171917247772, Validation loss: 0.7820047784805297, Validation accuracy: 0.7994
Adjusting learning rate of group 0 to 1.0000e-01.
Epoch: 62, Train loss: 0.4305068746757507, Validation loss: 1.0066850536346434, Validation accuracy: 0.7919
Adjusting learning rate of group 0 to 1.0000e-01.
Epoch: 63, Train loss: 0.43577351648330687, Validation loss: 0.5314249393463135, Validation accuracy: 0.8347
Adjusting learning rate of group 0 to 1.0000e-01.
Epoch: 64, Train loss: 0.4228095522785187, Validation loss: 0.5823298632621765, Validation accuracy: 0.8216
Adjusting learning rate of group 0 to 1.0000e-01.
Epoch: 65, Train loss: 0.43868010741233826, Validation loss: 0.6020828588485718, Validation accuracy: 0.8346
Adjusting learning rate of group 0 to 1.0000e-01.
Epoch: 66, Train loss: 0.43015072913646696, Validation loss: 0.5863474967956543, Validation accuracy: 0.8385
Adjusting learning rate of group 0 to 1.0000e-01.
Epoch: 67, Train loss: 0.4214700677394867, Validation loss: 0.5229430874347687, Validation accuracy: 0.8467
Adjusting learning rate of group 0 to 1.0000e-01.
Epoch: 68, Train loss: 0.4142060792350769, Validation loss: 0.7007887654304504, Validation accuracy: 0.8095
Adjusting learning rate of group 0 to 1.0000e-01.
Epoch: 69, Train loss: 0.4183184827899933, Validation loss: 0.5922590530395507, Validation accuracy: 0.8452
Adjusting learning rate of group 0 to 1.0000e-01.
Epoch: 70, Train loss: 0.41353128778457643, Validation loss: 0.5789426530838012, Validation accuracy: 0.8201
Adjusting learning rate of group 0 to 1.0000e-01.
Epoch: 71, Train loss: 0.41224096033096314, Validation loss: 0.6425626576900482, Validation accuracy: 0.8165
Adjusting learning rate of group 0 to 1.0000e-01.
Epoch: 72, Train loss: 0.419786602897644, Validation loss: 0.5517918597221374, Validation accuracy: 0.8298
Adjusting learning rate of group 0 to 1.0000e-01.
Epoch: 73, Train loss: 0.42182693244934083, Validation loss: 0.7336397020339965, Validation accuracy: 0.8176
Adjusting learning rate of group 0 to 1.0000e-01.
Epoch: 74, Train loss: 0.4397964243888855, Validation loss: 0.4947176801681519, Validation accuracy: 0.848
Adjusting learning rate of group 0 to 1.0000e-01.
Epoch: 75, Train loss: 0.4240183201122284, Validation loss: 0.5826006325721741, Validation accuracy: 0.8303
Adjusting learning rate of group 0 to 1.0000e-01.
Epoch: 76, Train loss: 0.4076168479347229, Validation loss: 0.6397513483047486, Validation accuracy: 0.8208
Adjusting learning rate of group 0 to 1.0000e-01.
Epoch: 77, Train loss: 0.4269735686016083, Validation loss: 0.54191158285141, Validation accuracy: 0.8516
Adjusting learning rate of group 0 to 1.0000e-01.
Epoch: 78, Train loss: 0.41414825778961184, Validation loss: 0.7186213738441467, Validation accuracy: 0.801
Adjusting learning rate of group 0 to 1.0000e-01.
Epoch: 79, Train loss: 0.40326889028549195, Validation loss: 0.5827323761463166, Validation accuracy: 0.8392
Adjusting learning rate of group 0 to 1.0000e-01.
Epoch: 80, Train loss: 0.4131104814434052, Validation loss: 0.5183414078712464, Validation accuracy: 0.8404
Adjusting learning rate of group 0 to 1.0000e-01.
Epoch: 81, Train loss: 0.4072446106338501, Validation loss: 0.6194428232192993, Validation accuracy: 0.8409
Adjusting learning rate of group 0 to 1.0000e-01.
Epoch: 82, Train loss: 0.40493953742027283, Validation loss: 0.7065277228355408, Validation accuracy: 0.8149
Adjusting learning rate of group 0 to 1.0000e-01.
Epoch: 83, Train loss: 0.4005142163848877, Validation loss: 0.7902931592941285, Validation accuracy: 0.8004
Adjusting learning rate of group 0 to 1.0000e-01.
Epoch: 84, Train loss: 0.4187625602817535, Validation loss: 0.5694925077438354, Validation accuracy: 0.8322
Adjusting learning rate of group 0 to 1.0000e-01.
Epoch: 85, Train loss: 0.4210733151435852, Validation loss: 0.585622147655487, Validation accuracy: 0.8311
Adjusting learning rate of group 0 to 1.0000e-01.
Epoch: 86, Train loss: 0.39988485330581663, Validation loss: 0.8038062930107117, Validation accuracy: 0.7891
Adjusting learning rate of group 0 to 1.0000e-01.
Epoch: 87, Train loss: 0.4081062295627594, Validation loss: 0.5191142036437988, Validation accuracy: 0.8453
Adjusting learning rate of group 0 to 1.0000e-01.
Epoch: 88, Train loss: 0.41819510553359984, Validation loss: 0.5792329807281494, Validation accuracy: 0.8338
Adjusting learning rate of group 0 to 1.0000e-01.
Epoch: 89, Train loss: 0.40746163221359255, Validation loss: 0.6992474320411682, Validation accuracy: 0.8041
Adjusting learning rate of group 0 to 1.0000e-01.
Epoch: 90, Train loss: 0.4089826700401306, Validation loss: 0.7079225563049316, Validation accuracy: 0.8254
Adjusting learning rate of group 0 to 1.0000e-01.
Epoch: 91, Train loss: 0.394482100353241, Validation loss: 0.8250311784744263, Validation accuracy: 0.7966
Adjusting learning rate of group 0 to 1.0000e-01.
Epoch: 92, Train loss: 0.40438046281814577, Validation loss: 0.48933979864120486, Validation accuracy: 0.8612
Adjusting learning rate of group 0 to 1.0000e-01.
Epoch: 93, Train loss: 0.40558297859191894, Validation loss: 0.6903502429008483, Validation accuracy: 0.822
Adjusting learning rate of group 0 to 1.0000e-01.
Epoch: 94, Train loss: 0.399560000705719, Validation loss: 0.6121019517898559, Validation accuracy: 0.8126
Adjusting learning rate of group 0 to 1.0000e-01.
Epoch: 95, Train loss: 0.39704191244125364, Validation loss: 0.5225968710899354, Validation accuracy: 0.8477
Adjusting learning rate of group 0 to 1.0000e-01.
Epoch: 96, Train loss: 0.39829403576374056, Validation loss: 0.5418104320526123, Validation accuracy: 0.8501
Adjusting learning rate of group 0 to 1.0000e-01.
Epoch: 97, Train loss: 0.4150603347015381, Validation loss: 0.5164876014709473, Validation accuracy: 0.8325
Adjusting learning rate of group 0 to 1.0000e-01.
Epoch: 98, Train loss: 0.4013019610404968, Validation loss: 0.6688643392562866, Validation accuracy: 0.8013
Adjusting learning rate of group 0 to 1.0000e-01.
Epoch: 99, Train loss: 0.39864553261756897, Validation loss: 0.9084045897483826, Validation accuracy: 0.7617
Adjusting learning rate of group 0 to 1.0000e-02.
Epoch: 100, Train loss: 0.42133342240333554, Validation loss: 0.6367282307624816, Validation accuracy: 0.8405
Adjusting learning rate of group 0 to 1.0000e-02.
Epoch: 101, Train loss: 0.2546831165027618, Validation loss: 0.33600155363082884, Validation accuracy: 0.9007
Adjusting learning rate of group 0 to 1.0000e-02.
Epoch: 102, Train loss: 0.200043691740036, Validation loss: 0.3462419044971466, Validation accuracy: 0.9042
Adjusting learning rate of group 0 to 1.0000e-02.
Epoch: 103, Train loss: 0.18414566181182862, Validation loss: 0.3284695275783539, Validation accuracy: 0.9089
Adjusting learning rate of group 0 to 1.0000e-02.
Epoch: 104, Train loss: 0.17050956775188447, Validation loss: 0.31572066898345946, Validation accuracy: 0.9092
Adjusting learning rate of group 0 to 1.0000e-02.
Epoch: 105, Train loss: 0.16111225291728973, Validation loss: 0.3223407504558563, Validation accuracy: 0.9119
Adjusting learning rate of group 0 to 1.0000e-02.
Epoch: 106, Train loss: 0.1516151512813568, Validation loss: 0.3287962236881256, Validation accuracy: 0.9091
Adjusting learning rate of group 0 to 1.0000e-02.
Epoch: 107, Train loss: 0.14347207595586778, Validation loss: 0.3513455471515656, Validation accuracy: 0.9088
Adjusting learning rate of group 0 to 1.0000e-02.
Epoch: 108, Train loss: 0.14049208858251572, Validation loss: 0.30487300672531126, Validation accuracy: 0.9126
Adjusting learning rate of group 0 to 1.0000e-02.
Epoch: 109, Train loss: 0.1339057950115204, Validation loss: 0.3247228918552399, Validation accuracy: 0.9114
Adjusting learning rate of group 0 to 1.0000e-02.
Epoch: 110, Train loss: 0.12930234186172485, Validation loss: 0.33887130613327027, Validation accuracy: 0.9145
Adjusting learning rate of group 0 to 1.0000e-02.
Epoch: 111, Train loss: 0.1251039763355255, Validation loss: 0.3520309753417969, Validation accuracy: 0.9144
Adjusting learning rate of group 0 to 1.0000e-02.
Epoch: 112, Train loss: 0.1214074272108078, Validation loss: 0.34011380224227905, Validation accuracy: 0.9155
Adjusting learning rate of group 0 to 1.0000e-02.
Epoch: 113, Train loss: 0.11674824736595153, Validation loss: 0.35305530138015745, Validation accuracy: 0.9152
Adjusting learning rate of group 0 to 1.0000e-02.
Epoch: 114, Train loss: 0.11027990835905076, Validation loss: 0.3663144556045532, Validation accuracy: 0.9136
Adjusting learning rate of group 0 to 1.0000e-02.
Epoch: 115, Train loss: 0.10699056744575501, Validation loss: 0.38953856287002564, Validation accuracy: 0.9115
Adjusting learning rate of group 0 to 1.0000e-02.
Epoch: 116, Train loss: 0.10397518276691436, Validation loss: 0.3669302927017212, Validation accuracy: 0.9158
Adjusting learning rate of group 0 to 1.0000e-02.
Epoch: 117, Train loss: 0.10446847219705582, Validation loss: 0.35394470963478086, Validation accuracy: 0.917
Adjusting learning rate of group 0 to 1.0000e-02.
Epoch: 118, Train loss: 0.09819729588091373, Validation loss: 0.3963832670211792, Validation accuracy: 0.9155
Adjusting learning rate of group 0 to 1.0000e-02.
Epoch: 119, Train loss: 0.09435821259737015, Validation loss: 0.3832165732860565, Validation accuracy: 0.9188
Adjusting learning rate of group 0 to 1.0000e-02.
Epoch: 120, Train loss: 0.09449515616893768, Validation loss: 0.36953716478347776, Validation accuracy: 0.9153
Adjusting learning rate of group 0 to 1.0000e-02.
Epoch: 121, Train loss: 0.09106972537517548, Validation loss: 0.3822571134567261, Validation accuracy: 0.9174
Adjusting learning rate of group 0 to 1.0000e-02.
Epoch: 122, Train loss: 0.0909024522614479, Validation loss: 0.3811405404090881, Validation accuracy: 0.9181
Adjusting learning rate of group 0 to 1.0000e-02.
Epoch: 123, Train loss: 0.08560319080352784, Validation loss: 0.393240940952301, Validation accuracy: 0.9151
Adjusting learning rate of group 0 to 1.0000e-02.
Epoch: 124, Train loss: 0.08795167387723923, Validation loss: 0.4049851758480072, Validation accuracy: 0.9133
Adjusting learning rate of group 0 to 1.0000e-02.
Epoch: 125, Train loss: 0.08356740648508072, Validation loss: 0.408677734375, Validation accuracy: 0.9138
Adjusting learning rate of group 0 to 1.0000e-02.
Epoch: 126, Train loss: 0.0838936964082718, Validation loss: 0.4200972833633423, Validation accuracy: 0.9138
Adjusting learning rate of group 0 to 1.0000e-02.
Epoch: 127, Train loss: 0.08285807586550713, Validation loss: 0.40305064125061035, Validation accuracy: 0.9163
Adjusting learning rate of group 0 to 1.0000e-02.
Epoch: 128, Train loss: 0.07867055358409882, Validation loss: 0.40012511510848997, Validation accuracy: 0.9161
Adjusting learning rate of group 0 to 1.0000e-02.
Epoch: 129, Train loss: 0.07853868525624275, Validation loss: 0.40381952714920044, Validation accuracy: 0.9171
Adjusting learning rate of group 0 to 1.0000e-02.
Epoch: 130, Train loss: 0.07723947507381439, Validation loss: 0.4471574863433838, Validation accuracy: 0.9147
Adjusting learning rate of group 0 to 1.0000e-02.
Epoch: 131, Train loss: 0.0774694230723381, Validation loss: 0.409910866355896, Validation accuracy: 0.9168
Adjusting learning rate of group 0 to 1.0000e-02.
Epoch: 132, Train loss: 0.0771006179356575, Validation loss: 0.4324573130607605, Validation accuracy: 0.915
Adjusting learning rate of group 0 to 1.0000e-02.
Epoch: 133, Train loss: 0.07457726793766022, Validation loss: 0.4544181714057922, Validation accuracy: 0.9107
Adjusting learning rate of group 0 to 1.0000e-02.
Epoch: 134, Train loss: 0.07481875491380692, Validation loss: 0.42094079699516296, Validation accuracy: 0.9142
Adjusting learning rate of group 0 to 1.0000e-02.
Epoch: 135, Train loss: 0.07229503886699677, Validation loss: 0.5082863271713257, Validation accuracy: 0.9105
Adjusting learning rate of group 0 to 1.0000e-02.
Epoch: 136, Train loss: 0.07575890547275543, Validation loss: 0.43926144819259644, Validation accuracy: 0.9105
Adjusting learning rate of group 0 to 1.0000e-02.
Epoch: 137, Train loss: 0.07771391629695892, Validation loss: 0.411914750289917, Validation accuracy: 0.9146
Adjusting learning rate of group 0 to 1.0000e-02.
Epoch: 138, Train loss: 0.07117017748594284, Validation loss: 0.46990621862411497, Validation accuracy: 0.9137
Adjusting learning rate of group 0 to 1.0000e-02.
Epoch: 139, Train loss: 0.0710322318458557, Validation loss: 0.47236802644729614, Validation accuracy: 0.913
Adjusting learning rate of group 0 to 1.0000e-02.
Epoch: 140, Train loss: 0.07614424682617188, Validation loss: 0.42731988315582276, Validation accuracy: 0.914
Adjusting learning rate of group 0 to 1.0000e-02.
Epoch: 141, Train loss: 0.0701671392738819, Validation loss: 0.48584356870651246, Validation accuracy: 0.9091
Adjusting learning rate of group 0 to 1.0000e-02.
Epoch: 142, Train loss: 0.07163736036777496, Validation loss: 0.4754135479927063, Validation accuracy: 0.9107
Adjusting learning rate of group 0 to 1.0000e-02.
Epoch: 143, Train loss: 0.07006656458199025, Validation loss: 0.4395248993873596, Validation accuracy: 0.9119
Adjusting learning rate of group 0 to 1.0000e-02.
Epoch: 144, Train loss: 0.07225103487253189, Validation loss: 0.5366667032241821, Validation accuracy: 0.9056
Adjusting learning rate of group 0 to 1.0000e-02.
Epoch: 145, Train loss: 0.06740508863091468, Validation loss: 0.4552327507972717, Validation accuracy: 0.9122
Adjusting learning rate of group 0 to 1.0000e-02.
Epoch: 146, Train loss: 0.06990616358995437, Validation loss: 0.4597630272388458, Validation accuracy: 0.9112
Adjusting learning rate of group 0 to 1.0000e-02.
Epoch: 147, Train loss: 0.0654758566057682, Validation loss: 0.46219769144058226, Validation accuracy: 0.9159
Adjusting learning rate of group 0 to 1.0000e-02.
Epoch: 148, Train loss: 0.06844275807797909, Validation loss: 0.4533201603889465, Validation accuracy: 0.9134
Adjusting learning rate of group 0 to 1.0000e-02.
Epoch: 149, Train loss: 0.06522116618871689, Validation loss: 0.502154560136795, Validation accuracy: 0.914
Adjusting learning rate of group 0 to 1.0000e-03.
Epoch: 150, Train loss: 0.0688867355799675, Validation loss: 0.4457736614227295, Validation accuracy: 0.9153
Adjusting learning rate of group 0 to 1.0000e-03.
Epoch: 151, Train loss: 0.04787477791547775, Validation loss: 0.43152776937484744, Validation accuracy: 0.9223
Adjusting learning rate of group 0 to 1.0000e-03.
Epoch: 152, Train loss: 0.03614072728157043, Validation loss: 0.4444947151184082, Validation accuracy: 0.9241
Adjusting learning rate of group 0 to 1.0000e-03.
Epoch: 153, Train loss: 0.03459594618141651, Validation loss: 0.4493979603767395, Validation accuracy: 0.9244
Adjusting learning rate of group 0 to 1.0000e-03.
Epoch: 154, Train loss: 0.031964396113157274, Validation loss: 0.4541493857383728, Validation accuracy: 0.9243
Adjusting learning rate of group 0 to 1.0000e-03.
Epoch: 155, Train loss: 0.029508706914782523, Validation loss: 0.4710210741043091, Validation accuracy: 0.9255
Adjusting learning rate of group 0 to 1.0000e-03.
Epoch: 156, Train loss: 0.027470969914793968, Validation loss: 0.47106089782714844, Validation accuracy: 0.9243
Adjusting learning rate of group 0 to 1.0000e-03.
Epoch: 157, Train loss: 0.027036987143754958, Validation loss: 0.4829470293045044, Validation accuracy: 0.9244
Adjusting learning rate of group 0 to 1.0000e-03.
Epoch: 158, Train loss: 0.02536230928659439, Validation loss: 0.4867839780807495, Validation accuracy: 0.9247
Adjusting learning rate of group 0 to 1.0000e-03.
Epoch: 159, Train loss: 0.0249969359600544, Validation loss: 0.4924178889274597, Validation accuracy: 0.9255
Adjusting learning rate of group 0 to 1.0000e-03.
Epoch: 160, Train loss: 0.024206231049746275, Validation loss: 0.5063531447410583, Validation accuracy: 0.9242
Adjusting learning rate of group 0 to 1.0000e-03.
Epoch: 161, Train loss: 0.025036758729666472, Validation loss: 0.5014291109085083, Validation accuracy: 0.9237
Adjusting learning rate of group 0 to 1.0000e-03.
Epoch: 162, Train loss: 0.024190142572820185, Validation loss: 0.49573382158279417, Validation accuracy: 0.9259
Adjusting learning rate of group 0 to 1.0000e-03.
Epoch: 163, Train loss: 0.02265935355991125, Validation loss: 0.5097009120941162, Validation accuracy: 0.9258
Adjusting learning rate of group 0 to 1.0000e-03.
Epoch: 164, Train loss: 0.021530876033902167, Validation loss: 0.5149693123817444, Validation accuracy: 0.9263
Adjusting learning rate of group 0 to 1.0000e-03.
Epoch: 165, Train loss: 0.022431533720195292, Validation loss: 0.5279189435958862, Validation accuracy: 0.9254
Adjusting learning rate of group 0 to 1.0000e-03.
Epoch: 166, Train loss: 0.020730046984255315, Validation loss: 0.5232255592346191, Validation accuracy: 0.924
Adjusting learning rate of group 0 to 1.0000e-03.
Epoch: 167, Train loss: 0.019692994724810124, Validation loss: 0.5324323473930359, Validation accuracy: 0.9243
Adjusting learning rate of group 0 to 1.0000e-03.
Epoch: 168, Train loss: 0.021536618406325578, Validation loss: 0.5404935544967652, Validation accuracy: 0.9254
Adjusting learning rate of group 0 to 1.0000e-03.
Epoch: 169, Train loss: 0.020535009206533433, Validation loss: 0.5339822992324829, Validation accuracy: 0.9255
Adjusting learning rate of group 0 to 1.0000e-03.
Epoch: 170, Train loss: 0.019367074915245176, Validation loss: 0.547612244796753, Validation accuracy: 0.9249
Adjusting learning rate of group 0 to 1.0000e-03.
Epoch: 171, Train loss: 0.019812452748417853, Validation loss: 0.5438544717788696, Validation accuracy: 0.926
Adjusting learning rate of group 0 to 1.0000e-03.
Epoch: 172, Train loss: 0.018579069900140167, Validation loss: 0.5444264321327209, Validation accuracy: 0.9261
Adjusting learning rate of group 0 to 1.0000e-03.
Epoch: 173, Train loss: 0.018246283702850342, Validation loss: 0.5471592795372009, Validation accuracy: 0.9251
Adjusting learning rate of group 0 to 1.0000e-03.
Epoch: 174, Train loss: 0.01823860202655196, Validation loss: 0.5515841100692749, Validation accuracy: 0.925
Adjusting learning rate of group 0 to 1.0000e-03.
Epoch: 175, Train loss: 0.017751784422695635, Validation loss: 0.5685115847587585, Validation accuracy: 0.9239
Adjusting learning rate of group 0 to 1.0000e-03.
Epoch: 176, Train loss: 0.01758591564938426, Validation loss: 0.5644309324264526, Validation accuracy: 0.926
Adjusting learning rate of group 0 to 1.0000e-03.
Epoch: 177, Train loss: 0.016706674536019563, Validation loss: 0.5745908912658692, Validation accuracy: 0.9238
Adjusting learning rate of group 0 to 1.0000e-03.
Epoch: 178, Train loss: 0.016509387067854403, Validation loss: 0.5709861664772033, Validation accuracy: 0.9246
Adjusting learning rate of group 0 to 1.0000e-03.
Epoch: 179, Train loss: 0.017286294675022365, Validation loss: 0.5786738494873047, Validation accuracy: 0.9253
Adjusting learning rate of group 0 to 1.0000e-03.
Epoch: 180, Train loss: 0.016610621702224018, Validation loss: 0.5998434161186218, Validation accuracy: 0.9246
Adjusting learning rate of group 0 to 1.0000e-03.
Epoch: 181, Train loss: 0.016072556426897644, Validation loss: 0.5876692879676819, Validation accuracy: 0.9254
Adjusting learning rate of group 0 to 1.0000e-03.
Epoch: 182, Train loss: 0.016928752608299256, Validation loss: 0.5973407404899597, Validation accuracy: 0.9251
Adjusting learning rate of group 0 to 1.0000e-03.
Epoch: 183, Train loss: 0.017209289980679752, Validation loss: 0.5918967577934265, Validation accuracy: 0.9242
Adjusting learning rate of group 0 to 1.0000e-03.
Epoch: 184, Train loss: 0.01664095484085381, Validation loss: 0.5903267239570618, Validation accuracy: 0.9248
Adjusting learning rate of group 0 to 1.0000e-03.
Epoch: 185, Train loss: 0.01550844837140292, Validation loss: 0.5809774192810059, Validation accuracy: 0.9245
Adjusting learning rate of group 0 to 1.0000e-03.
Epoch: 186, Train loss: 0.015403672044426202, Validation loss: 0.5984539152145386, Validation accuracy: 0.9257
Adjusting learning rate of group 0 to 1.0000e-03.
Epoch: 187, Train loss: 0.014977384003289044, Validation loss: 0.5943710651397706, Validation accuracy: 0.9244
Adjusting learning rate of group 0 to 1.0000e-03.
Epoch: 188, Train loss: 0.015171180888935924, Validation loss: 0.618342361164093, Validation accuracy: 0.9247
Adjusting learning rate of group 0 to 1.0000e-03.
Epoch: 189, Train loss: 0.013573496199026704, Validation loss: 0.6116423450469971, Validation accuracy: 0.9247
Adjusting learning rate of group 0 to 1.0000e-03.
Epoch: 190, Train loss: 0.015422905601337552, Validation loss: 0.6113618711471558, Validation accuracy: 0.9264
Adjusting learning rate of group 0 to 1.0000e-03.
Epoch: 191, Train loss: 0.014274425478428603, Validation loss: 0.6284796418190003, Validation accuracy: 0.9246
Adjusting learning rate of group 0 to 1.0000e-03.
Epoch: 192, Train loss: 0.012755759421549738, Validation loss: 0.6306664678573608, Validation accuracy: 0.9219
Adjusting learning rate of group 0 to 1.0000e-03.
Epoch: 193, Train loss: 0.01357489850230515, Validation loss: 0.6282094755172729, Validation accuracy: 0.9239
Adjusting learning rate of group 0 to 1.0000e-03.
Epoch: 194, Train loss: 0.013368045180737972, Validation loss: 0.6238537821769714, Validation accuracy: 0.9252
Adjusting learning rate of group 0 to 1.0000e-03.
Epoch: 195, Train loss: 0.013666237089410425, Validation loss: 0.6365746098518371, Validation accuracy: 0.925
Adjusting learning rate of group 0 to 1.0000e-03.
Epoch: 196, Train loss: 0.013591389716230333, Validation loss: 0.6329514643669129, Validation accuracy: 0.9242
Adjusting learning rate of group 0 to 1.0000e-03.
Epoch: 197, Train loss: 0.014388831373378635, Validation loss: 0.6294377545356751, Validation accuracy: 0.9244
Adjusting learning rate of group 0 to 1.0000e-03.
Epoch: 198, Train loss: 0.012735286090970039, Validation loss: 0.6386634957313537, Validation accuracy: 0.9246
Adjusting learning rate of group 0 to 1.0000e-03.
Epoch: 199, Train loss: 0.013360072425454854, Validation loss: 0.6491058207511902, Validation accuracy: 0.9231
Accuracy: 0.9231, Parameters: 840
