['ResNet-Tensorized.py', '--ranks', '16', '16', '--space_rank', '9', '--seed', '1', '--device=cuda:2', '--filename=resnet-tensorized-tt.12']
Initializing dataloader
Files already downloaded and verified
Files already downloaded and verified
Dataloader has initialized
Initializing model
Adjusting learning rate of group 0 to 1.0000e-02.
Model initialized
Testing model
Tests passed
Adjusting learning rate of group 0 to 2.0000e-02.
Epoch: 0, Train loss: 1.7105533896255494, Validation loss: 1.5783485637664796, Validation accuracy: 0.4403
Adjusting learning rate of group 0 to 3.0000e-02.
Epoch: 1, Train loss: 1.309911497077942, Validation loss: 1.5376874955177307, Validation accuracy: 0.5152
Adjusting learning rate of group 0 to 4.0000e-02.
Epoch: 2, Train loss: 1.088469414138794, Validation loss: 1.1551148386001586, Validation accuracy: 0.6132
Adjusting learning rate of group 0 to 5.0000e-02.
Epoch: 3, Train loss: 0.9283466728019715, Validation loss: 1.1445659839630127, Validation accuracy: 0.6337
Adjusting learning rate of group 0 to 6.0000e-02.
Epoch: 4, Train loss: 0.8283187697792054, Validation loss: 1.0308585411071778, Validation accuracy: 0.6581
Adjusting learning rate of group 0 to 7.0000e-02.
Epoch: 5, Train loss: 0.7475775648880005, Validation loss: 0.9299850456237793, Validation accuracy: 0.6964
Adjusting learning rate of group 0 to 8.0000e-02.
Epoch: 6, Train loss: 0.7055610399246216, Validation loss: 0.8372008478164673, Validation accuracy: 0.7293
Adjusting learning rate of group 0 to 9.0000e-02.
Epoch: 7, Train loss: 0.6621128011894226, Validation loss: 0.7021125722885132, Validation accuracy: 0.7594
Adjusting learning rate of group 0 to 1.0000e-01.
Epoch: 8, Train loss: 0.6353521963882446, Validation loss: 0.7784665508270263, Validation accuracy: 0.7449
Adjusting learning rate of group 0 to 1.0000e-01.
Epoch: 9, Train loss: 0.619934206199646, Validation loss: 0.7161679917335511, Validation accuracy: 0.7578
Adjusting learning rate of group 0 to 1.0000e-01.
Epoch: 10, Train loss: 0.5866225962448121, Validation loss: 0.7799629574775696, Validation accuracy: 0.7416
Adjusting learning rate of group 0 to 1.0000e-01.
Epoch: 11, Train loss: 0.5693774291229248, Validation loss: 0.6571205561637878, Validation accuracy: 0.7733
Adjusting learning rate of group 0 to 1.0000e-01.
Epoch: 12, Train loss: 0.5426953534603118, Validation loss: 0.5892239237785339, Validation accuracy: 0.8017
Adjusting learning rate of group 0 to 1.0000e-01.
Epoch: 13, Train loss: 0.5246194981765747, Validation loss: 0.6655651514053345, Validation accuracy: 0.777
Adjusting learning rate of group 0 to 1.0000e-01.
Epoch: 14, Train loss: 0.5254015852546692, Validation loss: 0.6975282845497132, Validation accuracy: 0.7667
Adjusting learning rate of group 0 to 1.0000e-01.
Epoch: 15, Train loss: 0.5133521829223633, Validation loss: 0.7151465699195861, Validation accuracy: 0.7652
Adjusting learning rate of group 0 to 1.0000e-01.
Epoch: 16, Train loss: 0.5057338857460022, Validation loss: 0.7478115623474121, Validation accuracy: 0.7538
Adjusting learning rate of group 0 to 1.0000e-01.
Epoch: 17, Train loss: 0.4948772430515289, Validation loss: 0.6944306700706482, Validation accuracy: 0.7772
Adjusting learning rate of group 0 to 1.0000e-01.
Epoch: 18, Train loss: 0.4844595146274567, Validation loss: 0.6354661910057068, Validation accuracy: 0.7986
Adjusting learning rate of group 0 to 1.0000e-01.
Epoch: 19, Train loss: 0.4817959414100647, Validation loss: 0.5829771392822266, Validation accuracy: 0.8025
Adjusting learning rate of group 0 to 1.0000e-01.
Epoch: 20, Train loss: 0.4716831651878357, Validation loss: 0.5599790985584259, Validation accuracy: 0.8079
Adjusting learning rate of group 0 to 1.0000e-01.
Epoch: 21, Train loss: 0.4707446047210693, Validation loss: 0.5397978116989136, Validation accuracy: 0.8178
Adjusting learning rate of group 0 to 1.0000e-01.
Epoch: 22, Train loss: 0.46383816074371337, Validation loss: 0.6976854743957519, Validation accuracy: 0.7777
Adjusting learning rate of group 0 to 1.0000e-01.
Epoch: 23, Train loss: 0.4547421861076355, Validation loss: 0.6509096951961517, Validation accuracy: 0.7905
Adjusting learning rate of group 0 to 1.0000e-01.
Epoch: 24, Train loss: 0.4553889630508423, Validation loss: 0.6339199257850647, Validation accuracy: 0.791
Adjusting learning rate of group 0 to 1.0000e-01.
Epoch: 25, Train loss: 0.4544212678813934, Validation loss: 0.5722546358585358, Validation accuracy: 0.8138
Adjusting learning rate of group 0 to 1.0000e-01.
Epoch: 26, Train loss: 0.45071274108886716, Validation loss: 0.6236618804931641, Validation accuracy: 0.8013
Adjusting learning rate of group 0 to 1.0000e-01.
Epoch: 27, Train loss: 0.44786226776123045, Validation loss: 0.5779036810398102, Validation accuracy: 0.8075
Adjusting learning rate of group 0 to 1.0000e-01.
Epoch: 28, Train loss: 0.44073106285095215, Validation loss: 0.6218314346313476, Validation accuracy: 0.7998
Adjusting learning rate of group 0 to 1.0000e-01.
Epoch: 29, Train loss: 0.43974289123535154, Validation loss: 0.6019019163131714, Validation accuracy: 0.7956
Adjusting learning rate of group 0 to 1.0000e-01.
Epoch: 30, Train loss: 0.4297744631290436, Validation loss: 0.8116400727272034, Validation accuracy: 0.764
Adjusting learning rate of group 0 to 1.0000e-01.
Epoch: 31, Train loss: 0.4241157387924194, Validation loss: 0.7790223809242248, Validation accuracy: 0.7669
Adjusting learning rate of group 0 to 1.0000e-01.
Epoch: 32, Train loss: 0.4275824695587158, Validation loss: 0.8574103985786438, Validation accuracy: 0.7576
Adjusting learning rate of group 0 to 1.0000e-01.
Epoch: 33, Train loss: 0.4264414233589172, Validation loss: 0.530110112285614, Validation accuracy: 0.8251
Adjusting learning rate of group 0 to 1.0000e-01.
Epoch: 34, Train loss: 0.41798431917190554, Validation loss: 0.5167941473484039, Validation accuracy: 0.8306
Adjusting learning rate of group 0 to 1.0000e-01.
Epoch: 35, Train loss: 0.41879333993911744, Validation loss: 0.5939501928329468, Validation accuracy: 0.8114
Adjusting learning rate of group 0 to 1.0000e-01.
Epoch: 36, Train loss: 0.41756875066757204, Validation loss: 0.44782150206565857, Validation accuracy: 0.8443
Adjusting learning rate of group 0 to 1.0000e-01.
Epoch: 37, Train loss: 0.4176639403438568, Validation loss: 0.8104614562034607, Validation accuracy: 0.7425
Adjusting learning rate of group 0 to 1.0000e-01.
Epoch: 38, Train loss: 0.4178117335700989, Validation loss: 0.564005090713501, Validation accuracy: 0.816
Adjusting learning rate of group 0 to 1.0000e-01.
Epoch: 39, Train loss: 0.41457076808929444, Validation loss: 0.681005568599701, Validation accuracy: 0.7898
Adjusting learning rate of group 0 to 1.0000e-01.
Epoch: 40, Train loss: 0.41886212776184084, Validation loss: 0.5812264158248901, Validation accuracy: 0.8181
Adjusting learning rate of group 0 to 1.0000e-01.
Epoch: 41, Train loss: 0.4113393490409851, Validation loss: 0.4809629055738449, Validation accuracy: 0.8453
Adjusting learning rate of group 0 to 1.0000e-01.
Epoch: 42, Train loss: 0.41671033126831053, Validation loss: 0.844098802947998, Validation accuracy: 0.7539
Adjusting learning rate of group 0 to 1.0000e-01.
Epoch: 43, Train loss: 0.41005286849975586, Validation loss: 0.5457414596557617, Validation accuracy: 0.8183
Adjusting learning rate of group 0 to 1.0000e-01.
Epoch: 44, Train loss: 0.4041297738075256, Validation loss: 0.5964284358978271, Validation accuracy: 0.8134
Adjusting learning rate of group 0 to 1.0000e-01.
Epoch: 45, Train loss: 0.4042379102611542, Validation loss: 0.6252485150337219, Validation accuracy: 0.8037
Adjusting learning rate of group 0 to 1.0000e-01.
Epoch: 46, Train loss: 0.40452396367073057, Validation loss: 0.540696620130539, Validation accuracy: 0.8195
Adjusting learning rate of group 0 to 1.0000e-01.
Epoch: 47, Train loss: 0.40217363496780395, Validation loss: 0.5499217224121093, Validation accuracy: 0.821
Adjusting learning rate of group 0 to 1.0000e-01.
Epoch: 48, Train loss: 0.3943943750190735, Validation loss: 0.5739182692050934, Validation accuracy: 0.8017
Adjusting learning rate of group 0 to 1.0000e-01.
Epoch: 49, Train loss: 0.3936465789604187, Validation loss: 0.7804553576469422, Validation accuracy: 0.7576
Adjusting learning rate of group 0 to 1.0000e-01.
Epoch: 50, Train loss: 0.39533237451553344, Validation loss: 0.464920810508728, Validation accuracy: 0.8422
Adjusting learning rate of group 0 to 1.0000e-01.
Epoch: 51, Train loss: 0.39899310152053835, Validation loss: 0.5103257817268372, Validation accuracy: 0.8306
Adjusting learning rate of group 0 to 1.0000e-01.
Epoch: 52, Train loss: 0.3917738838768005, Validation loss: 0.5131617951393127, Validation accuracy: 0.8343
Adjusting learning rate of group 0 to 1.0000e-01.
Epoch: 53, Train loss: 0.39077845724105836, Validation loss: 0.48668484497070313, Validation accuracy: 0.8329
Adjusting learning rate of group 0 to 1.0000e-01.
Epoch: 54, Train loss: 0.3894571017837524, Validation loss: 0.5152603900909424, Validation accuracy: 0.8252
Adjusting learning rate of group 0 to 1.0000e-01.
Epoch: 55, Train loss: 0.39294172595977783, Validation loss: 0.5092966678619385, Validation accuracy: 0.8323
Adjusting learning rate of group 0 to 1.0000e-01.
Epoch: 56, Train loss: 0.39276077249526975, Validation loss: 0.5999497538566589, Validation accuracy: 0.7978
Adjusting learning rate of group 0 to 1.0000e-01.
Epoch: 57, Train loss: 0.39078099990367887, Validation loss: 0.46052283844947817, Validation accuracy: 0.8403
Adjusting learning rate of group 0 to 1.0000e-01.
Epoch: 58, Train loss: 0.38759984879493714, Validation loss: 0.7016076917648315, Validation accuracy: 0.783
Adjusting learning rate of group 0 to 1.0000e-01.
Epoch: 59, Train loss: 0.38928082493782046, Validation loss: 0.4851508059501648, Validation accuracy: 0.8419
Adjusting learning rate of group 0 to 1.0000e-01.
Epoch: 60, Train loss: 0.3891757893180847, Validation loss: 0.560505730009079, Validation accuracy: 0.8218
Adjusting learning rate of group 0 to 1.0000e-01.
Epoch: 61, Train loss: 0.3837906518173218, Validation loss: 0.605095523929596, Validation accuracy: 0.8089
Adjusting learning rate of group 0 to 1.0000e-01.
Epoch: 62, Train loss: 0.3828969423484802, Validation loss: 0.45509497895240786, Validation accuracy: 0.8477
Adjusting learning rate of group 0 to 1.0000e-01.
Epoch: 63, Train loss: 0.3799783743095398, Validation loss: 0.6144283150672912, Validation accuracy: 0.801
Adjusting learning rate of group 0 to 1.0000e-01.
Epoch: 64, Train loss: 0.3796329513931274, Validation loss: 0.5708001546859741, Validation accuracy: 0.8101
Adjusting learning rate of group 0 to 1.0000e-01.
Epoch: 65, Train loss: 0.3819374969100952, Validation loss: 0.5171748480796814, Validation accuracy: 0.8297
Adjusting learning rate of group 0 to 1.0000e-01.
Epoch: 66, Train loss: 0.3827389356803894, Validation loss: 0.5802043321609497, Validation accuracy: 0.8123
Adjusting learning rate of group 0 to 1.0000e-01.
Epoch: 67, Train loss: 0.3798690382862091, Validation loss: 0.45680173995494844, Validation accuracy: 0.8482
Adjusting learning rate of group 0 to 1.0000e-01.
Epoch: 68, Train loss: 0.38322440753936765, Validation loss: 0.49507809829711913, Validation accuracy: 0.8333
Adjusting learning rate of group 0 to 1.0000e-01.
Epoch: 69, Train loss: 0.38093709305763246, Validation loss: 0.5570733261108398, Validation accuracy: 0.8192
Adjusting learning rate of group 0 to 1.0000e-01.
Epoch: 70, Train loss: 0.3768085668754578, Validation loss: 0.44373533277511595, Validation accuracy: 0.8495
Adjusting learning rate of group 0 to 1.0000e-01.
Epoch: 71, Train loss: 0.37593257639884947, Validation loss: 0.4840527595996857, Validation accuracy: 0.8437
Adjusting learning rate of group 0 to 1.0000e-01.
Epoch: 72, Train loss: 0.3790975044631958, Validation loss: 0.5035853898525238, Validation accuracy: 0.8347
Adjusting learning rate of group 0 to 1.0000e-01.
Epoch: 73, Train loss: 0.37337228105545045, Validation loss: 0.5041396245241165, Validation accuracy: 0.839
Adjusting learning rate of group 0 to 1.0000e-01.
Epoch: 74, Train loss: 0.369552358007431, Validation loss: 0.48189157996177673, Validation accuracy: 0.8361
Adjusting learning rate of group 0 to 1.0000e-01.
Epoch: 75, Train loss: 0.3800526908493042, Validation loss: 0.4934647946357727, Validation accuracy: 0.8335
Adjusting learning rate of group 0 to 1.0000e-01.
Epoch: 76, Train loss: 0.37486073242664336, Validation loss: 0.4817129352092743, Validation accuracy: 0.84
Adjusting learning rate of group 0 to 1.0000e-01.
Epoch: 77, Train loss: 0.37283423703193663, Validation loss: 0.5986900487422943, Validation accuracy: 0.8023
Adjusting learning rate of group 0 to 1.0000e-01.
Epoch: 78, Train loss: 0.36989084909439085, Validation loss: 0.48181313514709473, Validation accuracy: 0.8406
Adjusting learning rate of group 0 to 1.0000e-01.
Epoch: 79, Train loss: 0.3705987143611908, Validation loss: 0.4826598204612732, Validation accuracy: 0.8388
Adjusting learning rate of group 0 to 1.0000e-01.
Epoch: 80, Train loss: 0.36923554584503177, Validation loss: 0.49933531494140626, Validation accuracy: 0.8317
Adjusting learning rate of group 0 to 1.0000e-01.
Epoch: 81, Train loss: 0.3686081069278717, Validation loss: 0.6927800733566284, Validation accuracy: 0.7833
Adjusting learning rate of group 0 to 1.0000e-01.
Epoch: 82, Train loss: 0.3691414628219605, Validation loss: 0.5258308308124542, Validation accuracy: 0.8244
Adjusting learning rate of group 0 to 1.0000e-01.
Epoch: 83, Train loss: 0.37014163040161135, Validation loss: 0.6404178681850433, Validation accuracy: 0.7993
Adjusting learning rate of group 0 to 1.0000e-01.
Epoch: 84, Train loss: 0.37376302981376647, Validation loss: 0.6394331068992615, Validation accuracy: 0.8027
Adjusting learning rate of group 0 to 1.0000e-01.
Epoch: 85, Train loss: 0.3744196866798401, Validation loss: 0.4816295069694519, Validation accuracy: 0.8411
Adjusting learning rate of group 0 to 1.0000e-01.
Epoch: 86, Train loss: 0.36967084132194516, Validation loss: 0.5344912285327912, Validation accuracy: 0.8241
Adjusting learning rate of group 0 to 1.0000e-01.
Epoch: 87, Train loss: 0.36296758856773376, Validation loss: 0.6984755214691162, Validation accuracy: 0.7834
Adjusting learning rate of group 0 to 1.0000e-01.
Epoch: 88, Train loss: 0.3715978478717804, Validation loss: 0.5986094992637634, Validation accuracy: 0.8094
Adjusting learning rate of group 0 to 1.0000e-01.
Epoch: 89, Train loss: 0.3640413637828827, Validation loss: 0.5470438230514526, Validation accuracy: 0.8294
Adjusting learning rate of group 0 to 1.0000e-01.
Epoch: 90, Train loss: 0.3637851140403748, Validation loss: 0.45938776335716247, Validation accuracy: 0.8492
Adjusting learning rate of group 0 to 1.0000e-01.
Epoch: 91, Train loss: 0.3632942325115204, Validation loss: 0.5470907545089722, Validation accuracy: 0.8288
Adjusting learning rate of group 0 to 1.0000e-01.
Epoch: 92, Train loss: 0.36753025440216064, Validation loss: 0.6182912845611572, Validation accuracy: 0.8057
Adjusting learning rate of group 0 to 1.0000e-01.
Epoch: 93, Train loss: 0.367746953496933, Validation loss: 0.5729101725578308, Validation accuracy: 0.8214
Adjusting learning rate of group 0 to 1.0000e-01.
Epoch: 94, Train loss: 0.36328376539230345, Validation loss: 0.4822948713302612, Validation accuracy: 0.8335
Adjusting learning rate of group 0 to 1.0000e-01.
Epoch: 95, Train loss: 0.3612854105567932, Validation loss: 0.5033344961166382, Validation accuracy: 0.8282
Adjusting learning rate of group 0 to 1.0000e-01.
Epoch: 96, Train loss: 0.36100899349212645, Validation loss: 0.6225344630718231, Validation accuracy: 0.8131
Adjusting learning rate of group 0 to 1.0000e-01.
Epoch: 97, Train loss: 0.3550222974777222, Validation loss: 0.4762220766544342, Validation accuracy: 0.8443
Adjusting learning rate of group 0 to 1.0000e-01.
Epoch: 98, Train loss: 0.36213137009620666, Validation loss: 0.49377541427612304, Validation accuracy: 0.8328
Adjusting learning rate of group 0 to 1.0000e-01.
Epoch: 99, Train loss: 0.3613033532333374, Validation loss: 0.5051599866390228, Validation accuracy: 0.8324
Adjusting learning rate of group 0 to 1.0000e-02.
Epoch: 100, Train loss: 0.3639403278541565, Validation loss: 0.5820489894866944, Validation accuracy: 0.8233
Adjusting learning rate of group 0 to 1.0000e-02.
Epoch: 101, Train loss: 0.245050406460762, Validation loss: 0.2874108332633972, Validation accuracy: 0.9029
Adjusting learning rate of group 0 to 1.0000e-02.
Epoch: 102, Train loss: 0.20159822162151336, Validation loss: 0.2804651560783386, Validation accuracy: 0.9099
Adjusting learning rate of group 0 to 1.0000e-02.
Epoch: 103, Train loss: 0.1849057313323021, Validation loss: 0.27376793689727785, Validation accuracy: 0.9112
Adjusting learning rate of group 0 to 1.0000e-02.
Epoch: 104, Train loss: 0.17518056991100311, Validation loss: 0.272076700258255, Validation accuracy: 0.9127
Adjusting learning rate of group 0 to 1.0000e-02.
Epoch: 105, Train loss: 0.1671488552761078, Validation loss: 0.2725144278049469, Validation accuracy: 0.9119
Adjusting learning rate of group 0 to 1.0000e-02.
Epoch: 106, Train loss: 0.15858611986637117, Validation loss: 0.2818554901599884, Validation accuracy: 0.9098
Adjusting learning rate of group 0 to 1.0000e-02.
Epoch: 107, Train loss: 0.15543754978656768, Validation loss: 0.2719661089420319, Validation accuracy: 0.9123
Adjusting learning rate of group 0 to 1.0000e-02.
Epoch: 108, Train loss: 0.15015065424442292, Validation loss: 0.27622259159088136, Validation accuracy: 0.9152
Adjusting learning rate of group 0 to 1.0000e-02.
Epoch: 109, Train loss: 0.14635616905212404, Validation loss: 0.2800365213394165, Validation accuracy: 0.9105
Adjusting learning rate of group 0 to 1.0000e-02.
Epoch: 110, Train loss: 0.1422877040719986, Validation loss: 0.27938312516212466, Validation accuracy: 0.912
Adjusting learning rate of group 0 to 1.0000e-02.
Epoch: 111, Train loss: 0.13606299676895142, Validation loss: 0.2837820475101471, Validation accuracy: 0.9123
Adjusting learning rate of group 0 to 1.0000e-02.
Epoch: 112, Train loss: 0.1345424910736084, Validation loss: 0.2827491869926453, Validation accuracy: 0.9131
Adjusting learning rate of group 0 to 1.0000e-02.
Epoch: 113, Train loss: 0.13126776908397675, Validation loss: 0.2765045705318451, Validation accuracy: 0.9166
Adjusting learning rate of group 0 to 1.0000e-02.
Epoch: 114, Train loss: 0.1280722504425049, Validation loss: 0.2843869042396545, Validation accuracy: 0.9124
Adjusting learning rate of group 0 to 1.0000e-02.
Epoch: 115, Train loss: 0.12767011594295502, Validation loss: 0.2856494689941406, Validation accuracy: 0.9133
Adjusting learning rate of group 0 to 1.0000e-02.
Epoch: 116, Train loss: 0.12435434205293655, Validation loss: 0.29040641570091247, Validation accuracy: 0.91
Adjusting learning rate of group 0 to 1.0000e-02.
Epoch: 117, Train loss: 0.12230557615756989, Validation loss: 0.30276186113357545, Validation accuracy: 0.908
Adjusting learning rate of group 0 to 1.0000e-02.
Epoch: 118, Train loss: 0.12022465763568878, Validation loss: 0.2975127678871155, Validation accuracy: 0.9105
Adjusting learning rate of group 0 to 1.0000e-02.
Epoch: 119, Train loss: 0.11751960017681122, Validation loss: 0.29513514819145203, Validation accuracy: 0.9086
Adjusting learning rate of group 0 to 1.0000e-02.
Epoch: 120, Train loss: 0.11762158160686494, Validation loss: 0.30040370507240294, Validation accuracy: 0.911
Adjusting learning rate of group 0 to 1.0000e-02.
Epoch: 121, Train loss: 0.11422356670856476, Validation loss: 0.3010574601173401, Validation accuracy: 0.9104
Adjusting learning rate of group 0 to 1.0000e-02.
Epoch: 122, Train loss: 0.11074585457324981, Validation loss: 0.30419730291366576, Validation accuracy: 0.9097
Adjusting learning rate of group 0 to 1.0000e-02.
Epoch: 123, Train loss: 0.1144381526374817, Validation loss: 0.32685583124160766, Validation accuracy: 0.9042
Adjusting learning rate of group 0 to 1.0000e-02.
Epoch: 124, Train loss: 0.11190545424699783, Validation loss: 0.3049818160057068, Validation accuracy: 0.9111
Adjusting learning rate of group 0 to 1.0000e-02.
Epoch: 125, Train loss: 0.10872791846752167, Validation loss: 0.3064553423881531, Validation accuracy: 0.9073
Adjusting learning rate of group 0 to 1.0000e-02.
Epoch: 126, Train loss: 0.10812906905174255, Validation loss: 0.3016870177268982, Validation accuracy: 0.9076
Adjusting learning rate of group 0 to 1.0000e-02.
Epoch: 127, Train loss: 0.10924341219902038, Validation loss: 0.327260827589035, Validation accuracy: 0.9053
Adjusting learning rate of group 0 to 1.0000e-02.
Epoch: 128, Train loss: 0.1094907989168167, Validation loss: 0.31586210465431214, Validation accuracy: 0.9095
Adjusting learning rate of group 0 to 1.0000e-02.
Epoch: 129, Train loss: 0.10424240131020546, Validation loss: 0.3259119911193848, Validation accuracy: 0.9072
Adjusting learning rate of group 0 to 1.0000e-02.
Epoch: 130, Train loss: 0.10493904509782791, Validation loss: 0.35385316085815427, Validation accuracy: 0.9009
Adjusting learning rate of group 0 to 1.0000e-02.
Epoch: 131, Train loss: 0.10695320283412933, Validation loss: 0.3022727192878723, Validation accuracy: 0.9114
Adjusting learning rate of group 0 to 1.0000e-02.
Epoch: 132, Train loss: 0.10764731285810471, Validation loss: 0.32854327869415284, Validation accuracy: 0.9059
Adjusting learning rate of group 0 to 1.0000e-02.
Epoch: 133, Train loss: 0.1028225719165802, Validation loss: 0.3425220208644867, Validation accuracy: 0.9028
Adjusting learning rate of group 0 to 1.0000e-02.
Epoch: 134, Train loss: 0.10351458671092988, Validation loss: 0.32197928533554077, Validation accuracy: 0.908
Adjusting learning rate of group 0 to 1.0000e-02.
Epoch: 135, Train loss: 0.106098343937397, Validation loss: 0.32260396070480346, Validation accuracy: 0.9092
Adjusting learning rate of group 0 to 1.0000e-02.
Epoch: 136, Train loss: 0.10186282222747803, Validation loss: 0.3444829064846039, Validation accuracy: 0.9029
Adjusting learning rate of group 0 to 1.0000e-02.
Epoch: 137, Train loss: 0.10038985345482826, Validation loss: 0.34656072721481324, Validation accuracy: 0.9047
Adjusting learning rate of group 0 to 1.0000e-02.
Epoch: 138, Train loss: 0.09974988081216812, Validation loss: 0.3298663345813751, Validation accuracy: 0.9047
Adjusting learning rate of group 0 to 1.0000e-02.
Epoch: 139, Train loss: 0.10114258141756058, Validation loss: 0.3328268738269806, Validation accuracy: 0.904
Adjusting learning rate of group 0 to 1.0000e-02.
Epoch: 140, Train loss: 0.1016590550994873, Validation loss: 0.3364698341369629, Validation accuracy: 0.9073
Adjusting learning rate of group 0 to 1.0000e-02.
Epoch: 141, Train loss: 0.10029945484578609, Validation loss: 0.32310914134979246, Validation accuracy: 0.9087
Adjusting learning rate of group 0 to 1.0000e-02.
Epoch: 142, Train loss: 0.10106117052555084, Validation loss: 0.3335739175796509, Validation accuracy: 0.906
Adjusting learning rate of group 0 to 1.0000e-02.
Epoch: 143, Train loss: 0.0992893705034256, Validation loss: 0.33344125366210936, Validation accuracy: 0.9037
Adjusting learning rate of group 0 to 1.0000e-02.
Epoch: 144, Train loss: 0.10093039477586746, Validation loss: 0.32391181292533877, Validation accuracy: 0.9074
Adjusting learning rate of group 0 to 1.0000e-02.
Epoch: 145, Train loss: 0.0984290677690506, Validation loss: 0.34269671983718875, Validation accuracy: 0.9049
Adjusting learning rate of group 0 to 1.0000e-02.
Epoch: 146, Train loss: 0.1055839323759079, Validation loss: 0.34619133739471436, Validation accuracy: 0.9035
Adjusting learning rate of group 0 to 1.0000e-02.
Epoch: 147, Train loss: 0.09930122821331024, Validation loss: 0.36716500878334046, Validation accuracy: 0.9013
Adjusting learning rate of group 0 to 1.0000e-02.
Epoch: 148, Train loss: 0.10005914562702178, Validation loss: 0.33596913070678713, Validation accuracy: 0.9065
Adjusting learning rate of group 0 to 1.0000e-02.
Epoch: 149, Train loss: 0.10128146736145019, Validation loss: 0.32616485137939455, Validation accuracy: 0.9069
Adjusting learning rate of group 0 to 1.0000e-03.
Epoch: 150, Train loss: 0.10096700601577759, Validation loss: 0.3369633108139038, Validation accuracy: 0.9056
Adjusting learning rate of group 0 to 1.0000e-03.
Epoch: 151, Train loss: 0.07548621664524079, Validation loss: 0.30008477182388305, Validation accuracy: 0.9149
Adjusting learning rate of group 0 to 1.0000e-03.
Epoch: 152, Train loss: 0.06396228632867336, Validation loss: 0.29956312713623046, Validation accuracy: 0.9166
Adjusting learning rate of group 0 to 1.0000e-03.
Epoch: 153, Train loss: 0.059541642737388614, Validation loss: 0.3033698691368103, Validation accuracy: 0.9155
Adjusting learning rate of group 0 to 1.0000e-03.
Epoch: 154, Train loss: 0.053935477368831634, Validation loss: 0.30066918029785156, Validation accuracy: 0.9152
Adjusting learning rate of group 0 to 1.0000e-03.
Epoch: 155, Train loss: 0.05271556302070618, Validation loss: 0.30413950061798095, Validation accuracy: 0.9164
Adjusting learning rate of group 0 to 1.0000e-03.
Epoch: 156, Train loss: 0.05096193780899048, Validation loss: 0.3035975636482239, Validation accuracy: 0.9169
Adjusting learning rate of group 0 to 1.0000e-03.
Epoch: 157, Train loss: 0.048354989248514176, Validation loss: 0.3031722755432129, Validation accuracy: 0.9179
Adjusting learning rate of group 0 to 1.0000e-03.
Epoch: 158, Train loss: 0.048038513178825376, Validation loss: 0.3054022261619568, Validation accuracy: 0.9174
Adjusting learning rate of group 0 to 1.0000e-03.
Epoch: 159, Train loss: 0.048570604634284975, Validation loss: 0.30645951204299926, Validation accuracy: 0.9163
Adjusting learning rate of group 0 to 1.0000e-03.
Epoch: 160, Train loss: 0.047036042828559874, Validation loss: 0.3085477848052979, Validation accuracy: 0.9166
Adjusting learning rate of group 0 to 1.0000e-03.
Epoch: 161, Train loss: 0.04509233515441418, Validation loss: 0.3088320566177368, Validation accuracy: 0.9157
Adjusting learning rate of group 0 to 1.0000e-03.
Epoch: 162, Train loss: 0.045788222944140436, Validation loss: 0.311111771774292, Validation accuracy: 0.9147
Adjusting learning rate of group 0 to 1.0000e-03.
Epoch: 163, Train loss: 0.04464160158991814, Validation loss: 0.31837073678970335, Validation accuracy: 0.9137
Adjusting learning rate of group 0 to 1.0000e-03.
Epoch: 164, Train loss: 0.044578403693437574, Validation loss: 0.31233888397216797, Validation accuracy: 0.9159
Adjusting learning rate of group 0 to 1.0000e-03.
Epoch: 165, Train loss: 0.04279832544326782, Validation loss: 0.3152456869125366, Validation accuracy: 0.9174
Adjusting learning rate of group 0 to 1.0000e-03.
Epoch: 166, Train loss: 0.04201456254839897, Validation loss: 0.3132655898094177, Validation accuracy: 0.9175
Adjusting learning rate of group 0 to 1.0000e-03.
Epoch: 167, Train loss: 0.04242469564795494, Validation loss: 0.31568222713470456, Validation accuracy: 0.9183
Adjusting learning rate of group 0 to 1.0000e-03.
Epoch: 168, Train loss: 0.04273888333797455, Validation loss: 0.31571560192108156, Validation accuracy: 0.9178
Adjusting learning rate of group 0 to 1.0000e-03.
Epoch: 169, Train loss: 0.04181469792842865, Validation loss: 0.3180552338600159, Validation accuracy: 0.9167
Adjusting learning rate of group 0 to 1.0000e-03.
Epoch: 170, Train loss: 0.04109342967271805, Validation loss: 0.3196529987335205, Validation accuracy: 0.9159
Adjusting learning rate of group 0 to 1.0000e-03.
Epoch: 171, Train loss: 0.04011936285018921, Validation loss: 0.3213147137641907, Validation accuracy: 0.9159
Adjusting learning rate of group 0 to 1.0000e-03.
Epoch: 172, Train loss: 0.039315985414981845, Validation loss: 0.32348351469039915, Validation accuracy: 0.9155
Adjusting learning rate of group 0 to 1.0000e-03.
Epoch: 173, Train loss: 0.039074722745418546, Validation loss: 0.32252068996429445, Validation accuracy: 0.9177
Adjusting learning rate of group 0 to 1.0000e-03.
Epoch: 174, Train loss: 0.03925589552402496, Validation loss: 0.3230323929786682, Validation accuracy: 0.9162
Adjusting learning rate of group 0 to 1.0000e-03.
Epoch: 175, Train loss: 0.039476330201625824, Validation loss: 0.32287158651351927, Validation accuracy: 0.9161
Adjusting learning rate of group 0 to 1.0000e-03.
Epoch: 176, Train loss: 0.03976306609153748, Validation loss: 0.3259985013961792, Validation accuracy: 0.9167
Adjusting learning rate of group 0 to 1.0000e-03.
Epoch: 177, Train loss: 0.03831078987717629, Validation loss: 0.3253666502952576, Validation accuracy: 0.9154
Adjusting learning rate of group 0 to 1.0000e-03.
Epoch: 178, Train loss: 0.0383913735628128, Validation loss: 0.3247369064331055, Validation accuracy: 0.9155
Adjusting learning rate of group 0 to 1.0000e-03.
Epoch: 179, Train loss: 0.03827272471606732, Validation loss: 0.3272212209701538, Validation accuracy: 0.916
Adjusting learning rate of group 0 to 1.0000e-03.
Epoch: 180, Train loss: 0.0368084331202507, Validation loss: 0.32749367065429685, Validation accuracy: 0.9149
Adjusting learning rate of group 0 to 1.0000e-03.
Epoch: 181, Train loss: 0.0373754750096798, Validation loss: 0.3295214443206787, Validation accuracy: 0.9173
Adjusting learning rate of group 0 to 1.0000e-03.
Epoch: 182, Train loss: 0.03694690492272377, Validation loss: 0.3313876955032349, Validation accuracy: 0.9162
Adjusting learning rate of group 0 to 1.0000e-03.
Epoch: 183, Train loss: 0.036409424781799316, Validation loss: 0.32848399820327756, Validation accuracy: 0.9171
Adjusting learning rate of group 0 to 1.0000e-03.
Epoch: 184, Train loss: 0.036643004769086836, Validation loss: 0.32835541095733645, Validation accuracy: 0.9165
Adjusting learning rate of group 0 to 1.0000e-03.
Epoch: 185, Train loss: 0.03631080794334412, Validation loss: 0.3328625563621521, Validation accuracy: 0.9153
Adjusting learning rate of group 0 to 1.0000e-03.
Epoch: 186, Train loss: 0.03420969119548797, Validation loss: 0.33785152368545535, Validation accuracy: 0.9142
Adjusting learning rate of group 0 to 1.0000e-03.
Epoch: 187, Train loss: 0.035400307109355926, Validation loss: 0.33326068954467775, Validation accuracy: 0.9148
Adjusting learning rate of group 0 to 1.0000e-03.
Epoch: 188, Train loss: 0.03508385673046112, Validation loss: 0.3360585001945496, Validation accuracy: 0.9142
Adjusting learning rate of group 0 to 1.0000e-03.
Epoch: 189, Train loss: 0.034784613503217696, Validation loss: 0.3377892723083496, Validation accuracy: 0.9143
Adjusting learning rate of group 0 to 1.0000e-03.
Epoch: 190, Train loss: 0.0357591827404499, Validation loss: 0.33947856283187866, Validation accuracy: 0.9154
Adjusting learning rate of group 0 to 1.0000e-03.
Epoch: 191, Train loss: 0.035644412009716034, Validation loss: 0.34047865285873413, Validation accuracy: 0.9154
Adjusting learning rate of group 0 to 1.0000e-03.
Epoch: 192, Train loss: 0.03404603836774826, Validation loss: 0.3377778684616089, Validation accuracy: 0.9156
Adjusting learning rate of group 0 to 1.0000e-03.
Epoch: 193, Train loss: 0.034336216586828235, Validation loss: 0.3341903994560242, Validation accuracy: 0.916
Adjusting learning rate of group 0 to 1.0000e-03.
Epoch: 194, Train loss: 0.03418928743481636, Validation loss: 0.3390684525489807, Validation accuracy: 0.9162
Adjusting learning rate of group 0 to 1.0000e-03.
Epoch: 195, Train loss: 0.03280264392614365, Validation loss: 0.3443148677825928, Validation accuracy: 0.9154
Adjusting learning rate of group 0 to 1.0000e-03.
Epoch: 196, Train loss: 0.034641349803209306, Validation loss: 0.33890673475265504, Validation accuracy: 0.9163
Adjusting learning rate of group 0 to 1.0000e-03.
Epoch: 197, Train loss: 0.03441126958966255, Validation loss: 0.34007174873352053, Validation accuracy: 0.9157
Adjusting learning rate of group 0 to 1.0000e-03.
Epoch: 198, Train loss: 0.032994101748466495, Validation loss: 0.3427131767272949, Validation accuracy: 0.9161
Adjusting learning rate of group 0 to 1.0000e-03.
Epoch: 199, Train loss: 0.03346913311004639, Validation loss: 0.3421218265533447, Validation accuracy: 0.9149
Accuracy: 0.9149
