['ResNet-TRL-Ringed.py', '--core_ranks', '2', '1', '2', '--ring_ranks', '3', '3', '3', '--seed', '12', '--device', 'cuda:3']
Initializing dataloader
Files already downloaded and verified
Files already downloaded and verified
Dataloader has initialized
Initializing model
Adjusting learning rate of group 0 to 1.0000e-02.
Model initialized
Testing model
Tests passed
Adjusting learning rate of group 0 to 2.0000e-02.
Epoch: 0, Train loss: 1.7725142476272584, Validation loss: 1.53805792388916, Validation accuracy: 0.4254
Adjusting learning rate of group 0 to 3.0000e-02.
Epoch: 1, Train loss: 1.4728782136154175, Validation loss: 1.2869819858551026, Validation accuracy: 0.5266
Adjusting learning rate of group 0 to 4.0000e-02.
Epoch: 2, Train loss: 1.3067621582794189, Validation loss: 1.1599326986312866, Validation accuracy: 0.5714
Adjusting learning rate of group 0 to 5.0000e-02.
Epoch: 3, Train loss: 1.1353923458862305, Validation loss: 1.1718263240814208, Validation accuracy: 0.6022
Adjusting learning rate of group 0 to 6.0000e-02.
Epoch: 4, Train loss: 0.9903003769302369, Validation loss: 1.036124654197693, Validation accuracy: 0.6464
Adjusting learning rate of group 0 to 7.0000e-02.
Epoch: 5, Train loss: 0.8960444285202026, Validation loss: 0.8993330143928527, Validation accuracy: 0.7092
Adjusting learning rate of group 0 to 8.0000e-02.
Epoch: 6, Train loss: 0.8272815762710571, Validation loss: 1.0446132175445557, Validation accuracy: 0.6759
Adjusting learning rate of group 0 to 9.0000e-02.
Epoch: 7, Train loss: 0.7733762508201599, Validation loss: 0.9222188701629639, Validation accuracy: 0.7226
Adjusting learning rate of group 0 to 1.0000e-01.
Epoch: 8, Train loss: 0.7414835162544251, Validation loss: 0.748725059223175, Validation accuracy: 0.758
Adjusting learning rate of group 0 to 1.0000e-01.
Epoch: 9, Train loss: 0.7009495541572571, Validation loss: 0.8593490739822388, Validation accuracy: 0.7336
Adjusting learning rate of group 0 to 1.0000e-01.
Epoch: 10, Train loss: 0.6677290057754517, Validation loss: 0.7062356753349304, Validation accuracy: 0.7669
Adjusting learning rate of group 0 to 1.0000e-01.
Epoch: 11, Train loss: 0.6219026708602905, Validation loss: 0.9421949195861816, Validation accuracy: 0.7299
Adjusting learning rate of group 0 to 1.0000e-01.
Epoch: 12, Train loss: 0.6155881739616395, Validation loss: 0.6602423648834228, Validation accuracy: 0.7815
Adjusting learning rate of group 0 to 1.0000e-01.
Epoch: 13, Train loss: 0.5868117957878113, Validation loss: 0.6135149605751038, Validation accuracy: 0.789
Adjusting learning rate of group 0 to 1.0000e-01.
Epoch: 14, Train loss: 0.5653204198074341, Validation loss: 0.713872468662262, Validation accuracy: 0.7649
Adjusting learning rate of group 0 to 1.0000e-01.
Epoch: 15, Train loss: 0.5477615341758728, Validation loss: 0.687443409538269, Validation accuracy: 0.8082
Adjusting learning rate of group 0 to 1.0000e-01.
Epoch: 16, Train loss: 0.5357631145477295, Validation loss: 0.6117599449634552, Validation accuracy: 0.8072
Adjusting learning rate of group 0 to 1.0000e-01.
Epoch: 17, Train loss: 0.5245967245674134, Validation loss: 0.7453764329910278, Validation accuracy: 0.7686
Adjusting learning rate of group 0 to 1.0000e-01.
Epoch: 18, Train loss: 0.5094663224029541, Validation loss: 0.7563238750934601, Validation accuracy: 0.7818
Adjusting learning rate of group 0 to 1.0000e-01.
Epoch: 19, Train loss: 0.5128997863769531, Validation loss: 0.5612262617111206, Validation accuracy: 0.8172
Adjusting learning rate of group 0 to 1.0000e-01.
Epoch: 20, Train loss: 0.49513425560951235, Validation loss: 0.5870742300510406, Validation accuracy: 0.8053
Adjusting learning rate of group 0 to 1.0000e-01.
Epoch: 21, Train loss: 0.4928369006252289, Validation loss: 0.6390347679138184, Validation accuracy: 0.7964
Adjusting learning rate of group 0 to 1.0000e-01.
Epoch: 22, Train loss: 0.4787596265029907, Validation loss: 0.6870365985870361, Validation accuracy: 0.7911
Adjusting learning rate of group 0 to 1.0000e-01.
Epoch: 23, Train loss: 0.46540625867843627, Validation loss: 0.5577439533233642, Validation accuracy: 0.8227
Adjusting learning rate of group 0 to 1.0000e-01.
Epoch: 24, Train loss: 0.45441794793128965, Validation loss: 0.8714825196266174, Validation accuracy: 0.7699
Adjusting learning rate of group 0 to 1.0000e-01.
Epoch: 25, Train loss: 0.46334670014381407, Validation loss: 0.6239548981666565, Validation accuracy: 0.8123
Adjusting learning rate of group 0 to 1.0000e-01.
Epoch: 26, Train loss: 0.4603772162246704, Validation loss: 0.9146462482452392, Validation accuracy: 0.7363
Adjusting learning rate of group 0 to 1.0000e-01.
Epoch: 27, Train loss: 0.45144832530975343, Validation loss: 0.6062043025970459, Validation accuracy: 0.8082
Adjusting learning rate of group 0 to 1.0000e-01.
Epoch: 28, Train loss: 0.4483517435455322, Validation loss: 0.5722717797279357, Validation accuracy: 0.8048
Adjusting learning rate of group 0 to 1.0000e-01.
Epoch: 29, Train loss: 0.4472327064800262, Validation loss: 0.5622870321273804, Validation accuracy: 0.8281
Adjusting learning rate of group 0 to 1.0000e-01.
Epoch: 30, Train loss: 0.43642303055763243, Validation loss: 0.5125479126453399, Validation accuracy: 0.8361
Adjusting learning rate of group 0 to 1.0000e-01.
Epoch: 31, Train loss: 0.43821465627670286, Validation loss: 0.8170383543014527, Validation accuracy: 0.778
Adjusting learning rate of group 0 to 1.0000e-01.
Epoch: 32, Train loss: 0.4367941718482971, Validation loss: 0.6152191211223602, Validation accuracy: 0.8053
Adjusting learning rate of group 0 to 1.0000e-01.
Epoch: 33, Train loss: 0.43190499546051025, Validation loss: 0.5556280650138855, Validation accuracy: 0.8311
Adjusting learning rate of group 0 to 1.0000e-01.
Epoch: 34, Train loss: 0.422942451133728, Validation loss: 0.7183916048526764, Validation accuracy: 0.7816
Adjusting learning rate of group 0 to 1.0000e-01.
Epoch: 35, Train loss: 0.42225621311187744, Validation loss: 0.6906849873542785, Validation accuracy: 0.7946
Adjusting learning rate of group 0 to 1.0000e-01.
Epoch: 36, Train loss: 0.4112226863002777, Validation loss: 0.9684039409637452, Validation accuracy: 0.7983
Adjusting learning rate of group 0 to 1.0000e-01.
Epoch: 37, Train loss: 0.41328169105529783, Validation loss: 0.9559318242073059, Validation accuracy: 0.7701
Adjusting learning rate of group 0 to 1.0000e-01.
Epoch: 38, Train loss: 0.4146683017539978, Validation loss: 0.637315315246582, Validation accuracy: 0.8273
Adjusting learning rate of group 0 to 1.0000e-01.
Epoch: 39, Train loss: 0.40274591517448427, Validation loss: 0.5468956416130066, Validation accuracy: 0.8342
Adjusting learning rate of group 0 to 1.0000e-01.
Epoch: 40, Train loss: 0.3982126054954529, Validation loss: 1.116877914237976, Validation accuracy: 0.7656
Adjusting learning rate of group 0 to 1.0000e-01.
Epoch: 41, Train loss: 0.4086424378871918, Validation loss: 0.5035810794830322, Validation accuracy: 0.8444
Adjusting learning rate of group 0 to 1.0000e-01.
Epoch: 42, Train loss: 0.40186844192504884, Validation loss: 0.6124630059242249, Validation accuracy: 0.8158
Adjusting learning rate of group 0 to 1.0000e-01.
Epoch: 43, Train loss: 0.3950340822982788, Validation loss: 0.7589607831954956, Validation accuracy: 0.799
Adjusting learning rate of group 0 to 1.0000e-01.
Epoch: 44, Train loss: 0.4029563166046143, Validation loss: 0.6266035192489624, Validation accuracy: 0.8156
Adjusting learning rate of group 0 to 1.0000e-01.
Epoch: 45, Train loss: 0.4124495578956604, Validation loss: 0.889963938331604, Validation accuracy: 0.8037
Adjusting learning rate of group 0 to 1.0000e-01.
Epoch: 46, Train loss: 0.3970139338493347, Validation loss: 0.5457946118354797, Validation accuracy: 0.8366
Adjusting learning rate of group 0 to 1.0000e-01.
Epoch: 47, Train loss: 0.39626709156036377, Validation loss: 1.0200192136764525, Validation accuracy: 0.7195
Adjusting learning rate of group 0 to 1.0000e-01.
Epoch: 48, Train loss: 0.39880252208709716, Validation loss: 0.7636900345802307, Validation accuracy: 0.8001
Adjusting learning rate of group 0 to 1.0000e-01.
Epoch: 49, Train loss: 0.3837214259624481, Validation loss: 0.6593556650161743, Validation accuracy: 0.8201
Adjusting learning rate of group 0 to 1.0000e-01.
Epoch: 50, Train loss: 0.3912148633003235, Validation loss: 0.506741796386242, Validation accuracy: 0.8461
Adjusting learning rate of group 0 to 1.0000e-01.
Epoch: 51, Train loss: 0.38355904228210447, Validation loss: 0.7400988004684448, Validation accuracy: 0.7873
Adjusting learning rate of group 0 to 1.0000e-01.
Epoch: 52, Train loss: 0.3861797314453125, Validation loss: 0.4802780229568481, Validation accuracy: 0.8441
Adjusting learning rate of group 0 to 1.0000e-01.
Epoch: 53, Train loss: 0.38945474756240844, Validation loss: 0.7748307687282562, Validation accuracy: 0.787
Adjusting learning rate of group 0 to 1.0000e-01.
Epoch: 54, Train loss: 0.3799638742828369, Validation loss: 0.5624520597934722, Validation accuracy: 0.8344
Adjusting learning rate of group 0 to 1.0000e-01.
Epoch: 55, Train loss: 0.387685387802124, Validation loss: 0.7238498496055603, Validation accuracy: 0.7719
Adjusting learning rate of group 0 to 1.0000e-01.
Epoch: 56, Train loss: 0.38287866477012633, Validation loss: 0.5314773448944092, Validation accuracy: 0.8383
Adjusting learning rate of group 0 to 1.0000e-01.
Epoch: 57, Train loss: 0.37871472885131835, Validation loss: 0.5767309120178222, Validation accuracy: 0.8315
Adjusting learning rate of group 0 to 1.0000e-01.
Epoch: 58, Train loss: 0.3858910616588593, Validation loss: 0.6461989570140838, Validation accuracy: 0.8264
Adjusting learning rate of group 0 to 1.0000e-01.
Epoch: 59, Train loss: 0.38473894640922546, Validation loss: 0.6059169379234314, Validation accuracy: 0.8309
Adjusting learning rate of group 0 to 1.0000e-01.
Epoch: 60, Train loss: 0.3839925266170502, Validation loss: 0.7426593186855316, Validation accuracy: 0.8147
Adjusting learning rate of group 0 to 1.0000e-01.
Epoch: 61, Train loss: 0.3835364775753021, Validation loss: 0.6046417996406556, Validation accuracy: 0.8032
Adjusting learning rate of group 0 to 1.0000e-01.
Epoch: 62, Train loss: 0.3855597230243683, Validation loss: 0.6425546095848084, Validation accuracy: 0.8312
Adjusting learning rate of group 0 to 1.0000e-01.
Epoch: 63, Train loss: 0.38059026396751405, Validation loss: 0.5747382614135742, Validation accuracy: 0.8288
Adjusting learning rate of group 0 to 1.0000e-01.
Epoch: 64, Train loss: 0.3739598847007751, Validation loss: 0.47389142961502073, Validation accuracy: 0.8515
Adjusting learning rate of group 0 to 1.0000e-01.
Epoch: 65, Train loss: 0.3645271142578125, Validation loss: 0.6545307058334351, Validation accuracy: 0.8193
Adjusting learning rate of group 0 to 1.0000e-01.
Epoch: 66, Train loss: 0.3722117536258697, Validation loss: 0.5110753531455994, Validation accuracy: 0.8544
Adjusting learning rate of group 0 to 1.0000e-01.
Epoch: 67, Train loss: 0.3812901968383789, Validation loss: 0.48995500655174257, Validation accuracy: 0.8371
Adjusting learning rate of group 0 to 1.0000e-01.
Epoch: 68, Train loss: 0.3705945881462097, Validation loss: 0.5724478552818298, Validation accuracy: 0.8209
Adjusting learning rate of group 0 to 1.0000e-01.
Epoch: 69, Train loss: 0.36011536209106443, Validation loss: 0.52519756026268, Validation accuracy: 0.8401
Adjusting learning rate of group 0 to 1.0000e-01.
Epoch: 70, Train loss: 0.37243055927276614, Validation loss: 0.5242765599250794, Validation accuracy: 0.842
Adjusting learning rate of group 0 to 1.0000e-01.
Epoch: 71, Train loss: 0.3740154382133484, Validation loss: 0.5079081919193268, Validation accuracy: 0.8406
Adjusting learning rate of group 0 to 1.0000e-01.
Epoch: 72, Train loss: 0.36582966930389405, Validation loss: 0.4595013231515884, Validation accuracy: 0.8641
Adjusting learning rate of group 0 to 1.0000e-01.
Epoch: 73, Train loss: 0.36561259099006654, Validation loss: 0.46198618235588074, Validation accuracy: 0.8576
Adjusting learning rate of group 0 to 1.0000e-01.
Epoch: 74, Train loss: 0.3691160081863403, Validation loss: 0.5273179924964905, Validation accuracy: 0.8348
Adjusting learning rate of group 0 to 1.0000e-01.
Epoch: 75, Train loss: 0.36744649950027464, Validation loss: 0.5917748014450073, Validation accuracy: 0.8233
Adjusting learning rate of group 0 to 1.0000e-01.
Epoch: 76, Train loss: 0.3666076085853577, Validation loss: 0.8387934890747071, Validation accuracy: 0.8004
Adjusting learning rate of group 0 to 1.0000e-01.
Epoch: 77, Train loss: 0.3628483652019501, Validation loss: 0.6617325921058654, Validation accuracy: 0.8267
Adjusting learning rate of group 0 to 1.0000e-01.
Epoch: 78, Train loss: 0.3624259493637085, Validation loss: 0.629397527217865, Validation accuracy: 0.8348
Adjusting learning rate of group 0 to 1.0000e-01.
Epoch: 79, Train loss: 0.368824393901825, Validation loss: 0.9942511160373688, Validation accuracy: 0.7653
Adjusting learning rate of group 0 to 1.0000e-01.
Epoch: 80, Train loss: 0.37205909907341006, Validation loss: 0.7490729033470154, Validation accuracy: 0.7966
Adjusting learning rate of group 0 to 1.0000e-01.
Epoch: 81, Train loss: 0.37415834386825564, Validation loss: 0.6804298683166504, Validation accuracy: 0.8104
Adjusting learning rate of group 0 to 1.0000e-01.
Epoch: 82, Train loss: 0.35371976492881774, Validation loss: 0.5697088101387023, Validation accuracy: 0.8313
Adjusting learning rate of group 0 to 1.0000e-01.
Epoch: 83, Train loss: 0.3724221202659607, Validation loss: 0.6505424609661102, Validation accuracy: 0.8221
Adjusting learning rate of group 0 to 1.0000e-01.
Epoch: 84, Train loss: 0.36197977598190306, Validation loss: 0.5751226316452026, Validation accuracy: 0.8378
Adjusting learning rate of group 0 to 1.0000e-01.
Epoch: 85, Train loss: 0.3691637609195709, Validation loss: 0.585865446472168, Validation accuracy: 0.8297
Adjusting learning rate of group 0 to 1.0000e-01.
Epoch: 86, Train loss: 0.36066786351203917, Validation loss: 0.6214605822563172, Validation accuracy: 0.8305
Adjusting learning rate of group 0 to 1.0000e-01.
Epoch: 87, Train loss: 0.35341675194740296, Validation loss: 0.4726694146156311, Validation accuracy: 0.8617
Adjusting learning rate of group 0 to 1.0000e-01.
Epoch: 88, Train loss: 0.36174437061309817, Validation loss: 0.6888466304779053, Validation accuracy: 0.8212
Adjusting learning rate of group 0 to 1.0000e-01.
Epoch: 89, Train loss: 0.3558946509885788, Validation loss: 0.8301111186027527, Validation accuracy: 0.789
Adjusting learning rate of group 0 to 1.0000e-01.
Epoch: 90, Train loss: 0.35622678533554075, Validation loss: 0.609565489768982, Validation accuracy: 0.8329
Adjusting learning rate of group 0 to 1.0000e-01.
Epoch: 91, Train loss: 0.3501843373584747, Validation loss: 0.5009652132034301, Validation accuracy: 0.8447
Adjusting learning rate of group 0 to 1.0000e-01.
Epoch: 92, Train loss: 0.3539512128734589, Validation loss: 0.5083858417987823, Validation accuracy: 0.8523
Adjusting learning rate of group 0 to 1.0000e-01.
Epoch: 93, Train loss: 0.3663204058933258, Validation loss: 0.6214468802452088, Validation accuracy: 0.8296
Adjusting learning rate of group 0 to 1.0000e-01.
Epoch: 94, Train loss: 0.3543445734977722, Validation loss: 0.4949882544994354, Validation accuracy: 0.8524
Adjusting learning rate of group 0 to 1.0000e-01.
Epoch: 95, Train loss: 0.35697583391189575, Validation loss: 0.4509533942222595, Validation accuracy: 0.8579
Adjusting learning rate of group 0 to 1.0000e-01.
Epoch: 96, Train loss: 0.36353352668762207, Validation loss: 0.5951158082008362, Validation accuracy: 0.8366
Adjusting learning rate of group 0 to 1.0000e-01.
Epoch: 97, Train loss: 0.3550471303367615, Validation loss: 0.6415936676025391, Validation accuracy: 0.8216
Adjusting learning rate of group 0 to 1.0000e-01.
Epoch: 98, Train loss: 0.35567638410568236, Validation loss: 0.49727307949066163, Validation accuracy: 0.8447
Adjusting learning rate of group 0 to 1.0000e-01.
Epoch: 99, Train loss: 0.35213682713508604, Validation loss: 0.6844488753318787, Validation accuracy: 0.8026
Adjusting learning rate of group 0 to 1.0000e-02.
Epoch: 100, Train loss: 0.35934898246765135, Validation loss: 0.7086711048126221, Validation accuracy: 0.7921
Adjusting learning rate of group 0 to 1.0000e-02.
Epoch: 101, Train loss: 0.21023975163459777, Validation loss: 0.31855797295570376, Validation accuracy: 0.9099
Adjusting learning rate of group 0 to 1.0000e-02.
Epoch: 102, Train loss: 0.16422461969852448, Validation loss: 0.30713677434921266, Validation accuracy: 0.9148
Adjusting learning rate of group 0 to 1.0000e-02.
Epoch: 103, Train loss: 0.1500600508594513, Validation loss: 0.30133957352638246, Validation accuracy: 0.9135
Adjusting learning rate of group 0 to 1.0000e-02.
Epoch: 104, Train loss: 0.1351849812698364, Validation loss: 0.3161809854030609, Validation accuracy: 0.9137
Adjusting learning rate of group 0 to 1.0000e-02.
Epoch: 105, Train loss: 0.12860821954965593, Validation loss: 0.3044780118465424, Validation accuracy: 0.9147
Adjusting learning rate of group 0 to 1.0000e-02.
Epoch: 106, Train loss: 0.1212070081949234, Validation loss: 0.3094355302810669, Validation accuracy: 0.9167
Adjusting learning rate of group 0 to 1.0000e-02.
Epoch: 107, Train loss: 0.11581112339019775, Validation loss: 0.32431706199646, Validation accuracy: 0.917
Adjusting learning rate of group 0 to 1.0000e-02.
Epoch: 108, Train loss: 0.11052472680091859, Validation loss: 0.3131234609603882, Validation accuracy: 0.9203
Adjusting learning rate of group 0 to 1.0000e-02.
Epoch: 109, Train loss: 0.10395778950214386, Validation loss: 0.31748312940597534, Validation accuracy: 0.9203
Adjusting learning rate of group 0 to 1.0000e-02.
Epoch: 110, Train loss: 0.09937421238183976, Validation loss: 0.3212882082939148, Validation accuracy: 0.9162
Adjusting learning rate of group 0 to 1.0000e-02.
Epoch: 111, Train loss: 0.09566822622776032, Validation loss: 0.33982175087928773, Validation accuracy: 0.9164
Adjusting learning rate of group 0 to 1.0000e-02.
Epoch: 112, Train loss: 0.09259560372829437, Validation loss: 0.3327822730064392, Validation accuracy: 0.9181
Adjusting learning rate of group 0 to 1.0000e-02.
Epoch: 113, Train loss: 0.08670544646263123, Validation loss: 0.3417647122859955, Validation accuracy: 0.9203
Adjusting learning rate of group 0 to 1.0000e-02.
Epoch: 114, Train loss: 0.08386603541612625, Validation loss: 0.35819921979904173, Validation accuracy: 0.915
Adjusting learning rate of group 0 to 1.0000e-02.
Epoch: 115, Train loss: 0.08344964274883271, Validation loss: 0.3528850151062012, Validation accuracy: 0.9186
Adjusting learning rate of group 0 to 1.0000e-02.
Epoch: 116, Train loss: 0.08027768513202667, Validation loss: 0.34828746423721313, Validation accuracy: 0.9183
Adjusting learning rate of group 0 to 1.0000e-02.
Epoch: 117, Train loss: 0.07565281914889813, Validation loss: 0.3589006739139557, Validation accuracy: 0.9185
Adjusting learning rate of group 0 to 1.0000e-02.
Epoch: 118, Train loss: 0.0740427935063839, Validation loss: 0.3660409421920776, Validation accuracy: 0.9196
Adjusting learning rate of group 0 to 1.0000e-02.
Epoch: 119, Train loss: 0.07193097775936126, Validation loss: 0.3656341936588287, Validation accuracy: 0.9181
Adjusting learning rate of group 0 to 1.0000e-02.
Epoch: 120, Train loss: 0.0686086479973793, Validation loss: 0.3584021131515503, Validation accuracy: 0.9173
Adjusting learning rate of group 0 to 1.0000e-02.
Epoch: 121, Train loss: 0.06744137577056884, Validation loss: 0.3927474687099457, Validation accuracy: 0.9205
Adjusting learning rate of group 0 to 1.0000e-02.
Epoch: 122, Train loss: 0.06605178375720978, Validation loss: 0.41549351978302, Validation accuracy: 0.9175
Adjusting learning rate of group 0 to 1.0000e-02.
Epoch: 123, Train loss: 0.06686173037290573, Validation loss: 0.399504217338562, Validation accuracy: 0.917
Adjusting learning rate of group 0 to 1.0000e-02.
Epoch: 124, Train loss: 0.0653185494208336, Validation loss: 0.4108032467842102, Validation accuracy: 0.9155
Adjusting learning rate of group 0 to 1.0000e-02.
Epoch: 125, Train loss: 0.0618404743552208, Validation loss: 0.3833284562110901, Validation accuracy: 0.9182
Adjusting learning rate of group 0 to 1.0000e-02.
Epoch: 126, Train loss: 0.06184454748868942, Validation loss: 0.406123806810379, Validation accuracy: 0.9163
Adjusting learning rate of group 0 to 1.0000e-02.
Epoch: 127, Train loss: 0.06379155405879021, Validation loss: 0.4018991205215454, Validation accuracy: 0.9153
Adjusting learning rate of group 0 to 1.0000e-02.
Epoch: 128, Train loss: 0.05982340060949325, Validation loss: 0.43143992099761963, Validation accuracy: 0.9142
Adjusting learning rate of group 0 to 1.0000e-02.
Epoch: 129, Train loss: 0.05683635410785675, Validation loss: 0.40796408767700193, Validation accuracy: 0.9138
Adjusting learning rate of group 0 to 1.0000e-02.
Epoch: 130, Train loss: 0.05790265341818333, Validation loss: 0.41910679845809934, Validation accuracy: 0.9147
Adjusting learning rate of group 0 to 1.0000e-02.
Epoch: 131, Train loss: 0.05831396410226822, Validation loss: 0.40086021537780764, Validation accuracy: 0.9189
Adjusting learning rate of group 0 to 1.0000e-02.
Epoch: 132, Train loss: 0.05862745146989822, Validation loss: 0.41465565299987794, Validation accuracy: 0.9142
Adjusting learning rate of group 0 to 1.0000e-02.
Epoch: 133, Train loss: 0.05216223083794117, Validation loss: 0.48209970836639404, Validation accuracy: 0.9124
Adjusting learning rate of group 0 to 1.0000e-02.
Epoch: 134, Train loss: 0.056146772377490994, Validation loss: 0.4040402491807938, Validation accuracy: 0.9215
Adjusting learning rate of group 0 to 1.0000e-02.
Epoch: 135, Train loss: 0.055536360990405084, Validation loss: 0.42645284910202025, Validation accuracy: 0.9151
Adjusting learning rate of group 0 to 1.0000e-02.
Epoch: 136, Train loss: 0.054970711073875425, Validation loss: 0.4506415522575378, Validation accuracy: 0.9151
Adjusting learning rate of group 0 to 1.0000e-02.
Epoch: 137, Train loss: 0.053689532810598614, Validation loss: 0.4420753554821014, Validation accuracy: 0.9112
Adjusting learning rate of group 0 to 1.0000e-02.
Epoch: 138, Train loss: 0.0505309979736805, Validation loss: 0.45537022218704226, Validation accuracy: 0.9133
Adjusting learning rate of group 0 to 1.0000e-02.
Epoch: 139, Train loss: 0.052924887756109235, Validation loss: 0.43818925666809083, Validation accuracy: 0.9162
Adjusting learning rate of group 0 to 1.0000e-02.
Epoch: 140, Train loss: 0.05166810296028852, Validation loss: 0.4255880226135254, Validation accuracy: 0.9175
Adjusting learning rate of group 0 to 1.0000e-02.
Epoch: 141, Train loss: 0.05532297839641571, Validation loss: 0.4302063745498657, Validation accuracy: 0.9135
Adjusting learning rate of group 0 to 1.0000e-02.
Epoch: 142, Train loss: 0.051896597997546194, Validation loss: 0.4821272594451904, Validation accuracy: 0.9136
Adjusting learning rate of group 0 to 1.0000e-02.
Epoch: 143, Train loss: 0.05058372943520546, Validation loss: 0.4352595094680786, Validation accuracy: 0.9174
Adjusting learning rate of group 0 to 1.0000e-02.
Epoch: 144, Train loss: 0.05247759013995528, Validation loss: 0.4500508570671082, Validation accuracy: 0.9094
Adjusting learning rate of group 0 to 1.0000e-02.
Epoch: 145, Train loss: 0.0521938594096899, Validation loss: 0.47628188247680664, Validation accuracy: 0.9117
Adjusting learning rate of group 0 to 1.0000e-02.
Epoch: 146, Train loss: 0.04995178294718265, Validation loss: 0.4328703263282776, Validation accuracy: 0.9151
Adjusting learning rate of group 0 to 1.0000e-02.
Epoch: 147, Train loss: 0.04900302005469799, Validation loss: 0.4311565902709961, Validation accuracy: 0.9163
Adjusting learning rate of group 0 to 1.0000e-02.
Epoch: 148, Train loss: 0.051663948835134504, Validation loss: 0.43141526374816896, Validation accuracy: 0.9142
Adjusting learning rate of group 0 to 1.0000e-02.
Epoch: 149, Train loss: 0.04949473159432411, Validation loss: 0.41601821918487547, Validation accuracy: 0.9151
Adjusting learning rate of group 0 to 1.0000e-03.
Epoch: 150, Train loss: 0.05104910440564155, Validation loss: 0.4256949255466461, Validation accuracy: 0.9164
Adjusting learning rate of group 0 to 1.0000e-03.
Epoch: 151, Train loss: 0.03397465977609158, Validation loss: 0.40800789041519164, Validation accuracy: 0.9207
Adjusting learning rate of group 0 to 1.0000e-03.
Epoch: 152, Train loss: 0.02532121075153351, Validation loss: 0.41173131132125856, Validation accuracy: 0.9212
Adjusting learning rate of group 0 to 1.0000e-03.
Epoch: 153, Train loss: 0.023782208752334118, Validation loss: 0.42193576526641846, Validation accuracy: 0.9223
Adjusting learning rate of group 0 to 1.0000e-03.
Epoch: 154, Train loss: 0.022000958983302118, Validation loss: 0.43197286777496335, Validation accuracy: 0.9237
Adjusting learning rate of group 0 to 1.0000e-03.
Epoch: 155, Train loss: 0.019024983006715776, Validation loss: 0.43865749502182005, Validation accuracy: 0.9248
Adjusting learning rate of group 0 to 1.0000e-03.
Epoch: 156, Train loss: 0.01898208084732294, Validation loss: 0.4472888632774353, Validation accuracy: 0.9238
Adjusting learning rate of group 0 to 1.0000e-03.
Epoch: 157, Train loss: 0.017814153684079646, Validation loss: 0.45178469290733336, Validation accuracy: 0.9235
Adjusting learning rate of group 0 to 1.0000e-03.
Epoch: 158, Train loss: 0.017449175563454628, Validation loss: 0.457576539516449, Validation accuracy: 0.9232
Adjusting learning rate of group 0 to 1.0000e-03.
Epoch: 159, Train loss: 0.016341454368494452, Validation loss: 0.45518806796073913, Validation accuracy: 0.925
Adjusting learning rate of group 0 to 1.0000e-03.
Epoch: 160, Train loss: 0.01603856704570353, Validation loss: 0.4635043345928192, Validation accuracy: 0.925
Adjusting learning rate of group 0 to 1.0000e-03.
Epoch: 161, Train loss: 0.015230525200068951, Validation loss: 0.47143770051002504, Validation accuracy: 0.9256
Adjusting learning rate of group 0 to 1.0000e-03.
Epoch: 162, Train loss: 0.014882518844008446, Validation loss: 0.4708458917140961, Validation accuracy: 0.9234
Adjusting learning rate of group 0 to 1.0000e-03.
Epoch: 163, Train loss: 0.014094175981134176, Validation loss: 0.48260943641662596, Validation accuracy: 0.9225
Adjusting learning rate of group 0 to 1.0000e-03.
Epoch: 164, Train loss: 0.012516893450841308, Validation loss: 0.4815199135780334, Validation accuracy: 0.9256
Adjusting learning rate of group 0 to 1.0000e-03.
Epoch: 165, Train loss: 0.01396671756632626, Validation loss: 0.481031467294693, Validation accuracy: 0.924
Adjusting learning rate of group 0 to 1.0000e-03.
Epoch: 166, Train loss: 0.012192422313466669, Validation loss: 0.48809702506065367, Validation accuracy: 0.9252
Adjusting learning rate of group 0 to 1.0000e-03.
Epoch: 167, Train loss: 0.013921983805447817, Validation loss: 0.4946780663013458, Validation accuracy: 0.9232
Adjusting learning rate of group 0 to 1.0000e-03.
Epoch: 168, Train loss: 0.013440388363786042, Validation loss: 0.5008807406425476, Validation accuracy: 0.9245
Adjusting learning rate of group 0 to 1.0000e-03.
Epoch: 169, Train loss: 0.012650158464983106, Validation loss: 0.49496430568695066, Validation accuracy: 0.9238
Adjusting learning rate of group 0 to 1.0000e-03.
Epoch: 170, Train loss: 0.012807975092083215, Validation loss: 0.4962380975723267, Validation accuracy: 0.9251
Adjusting learning rate of group 0 to 1.0000e-03.
Epoch: 171, Train loss: 0.011814166714176535, Validation loss: 0.5076445229053498, Validation accuracy: 0.9262
Adjusting learning rate of group 0 to 1.0000e-03.
Epoch: 172, Train loss: 0.010778185843862594, Validation loss: 0.5108256959438324, Validation accuracy: 0.9239
Adjusting learning rate of group 0 to 1.0000e-03.
Epoch: 173, Train loss: 0.010797107409387828, Validation loss: 0.5101963748931885, Validation accuracy: 0.9246
Adjusting learning rate of group 0 to 1.0000e-03.
Epoch: 174, Train loss: 0.011628488315045834, Validation loss: 0.5088982157707215, Validation accuracy: 0.9254
Adjusting learning rate of group 0 to 1.0000e-03.
Epoch: 175, Train loss: 0.01121149225037545, Validation loss: 0.5064095987796784, Validation accuracy: 0.9252
Adjusting learning rate of group 0 to 1.0000e-03.
Epoch: 176, Train loss: 0.010314343464709818, Validation loss: 0.5146120008468628, Validation accuracy: 0.926
Adjusting learning rate of group 0 to 1.0000e-03.
Epoch: 177, Train loss: 0.011090986965876072, Validation loss: 0.5134925329208374, Validation accuracy: 0.926
Adjusting learning rate of group 0 to 1.0000e-03.
Epoch: 178, Train loss: 0.0106404426375404, Validation loss: 0.5195240731239319, Validation accuracy: 0.9242
Adjusting learning rate of group 0 to 1.0000e-03.
Epoch: 179, Train loss: 0.011434982425495982, Validation loss: 0.5144803637027741, Validation accuracy: 0.9246
Adjusting learning rate of group 0 to 1.0000e-03.
Epoch: 180, Train loss: 0.01097203965799883, Validation loss: 0.5203658180713654, Validation accuracy: 0.9231
Adjusting learning rate of group 0 to 1.0000e-03.
Epoch: 181, Train loss: 0.010552047830410301, Validation loss: 0.5269878785133362, Validation accuracy: 0.9242
Adjusting learning rate of group 0 to 1.0000e-03.
Epoch: 182, Train loss: 0.010009880583249033, Validation loss: 0.5305676345348358, Validation accuracy: 0.9253
Adjusting learning rate of group 0 to 1.0000e-03.
Epoch: 183, Train loss: 0.009243041496062651, Validation loss: 0.5276113138198852, Validation accuracy: 0.9237
Adjusting learning rate of group 0 to 1.0000e-03.
Epoch: 184, Train loss: 0.009341953409202398, Validation loss: 0.5351545119285583, Validation accuracy: 0.9258
Adjusting learning rate of group 0 to 1.0000e-03.
Epoch: 185, Train loss: 0.0091067018513754, Validation loss: 0.5270757572650909, Validation accuracy: 0.926
Adjusting learning rate of group 0 to 1.0000e-03.
Epoch: 186, Train loss: 0.008937466915678233, Validation loss: 0.5396691739082337, Validation accuracy: 0.925
Adjusting learning rate of group 0 to 1.0000e-03.
Epoch: 187, Train loss: 0.009066787804383785, Validation loss: 0.5387038035392762, Validation accuracy: 0.9246
Adjusting learning rate of group 0 to 1.0000e-03.
Epoch: 188, Train loss: 0.008767644168771804, Validation loss: 0.5516120760440827, Validation accuracy: 0.9248
Adjusting learning rate of group 0 to 1.0000e-03.
Epoch: 189, Train loss: 0.009528359409049154, Validation loss: 0.5430059039115905, Validation accuracy: 0.9234
Adjusting learning rate of group 0 to 1.0000e-03.
Epoch: 190, Train loss: 0.00888645992949605, Validation loss: 0.5435311535835267, Validation accuracy: 0.9254
Adjusting learning rate of group 0 to 1.0000e-03.
Epoch: 191, Train loss: 0.008160594609118998, Validation loss: 0.5502588040351868, Validation accuracy: 0.9249
Adjusting learning rate of group 0 to 1.0000e-03.
Epoch: 192, Train loss: 0.008193746362663805, Validation loss: 0.5575551969528199, Validation accuracy: 0.9259
Adjusting learning rate of group 0 to 1.0000e-03.
Epoch: 193, Train loss: 0.008373720888420939, Validation loss: 0.5437065382003784, Validation accuracy: 0.9247
Adjusting learning rate of group 0 to 1.0000e-03.
Epoch: 194, Train loss: 0.008203583308234811, Validation loss: 0.5505178530693055, Validation accuracy: 0.9255
Adjusting learning rate of group 0 to 1.0000e-03.
Epoch: 195, Train loss: 0.00870615474127233, Validation loss: 0.5490412135124206, Validation accuracy: 0.9259
Adjusting learning rate of group 0 to 1.0000e-03.
Epoch: 196, Train loss: 0.008796923976540565, Validation loss: 0.5450687232971192, Validation accuracy: 0.9238
Adjusting learning rate of group 0 to 1.0000e-03.
Epoch: 197, Train loss: 0.008719906659834086, Validation loss: 0.5493904162406922, Validation accuracy: 0.925
Adjusting learning rate of group 0 to 1.0000e-03.
Epoch: 198, Train loss: 0.008646032135859133, Validation loss: 0.5541930760383605, Validation accuracy: 0.925
Adjusting learning rate of group 0 to 1.0000e-03.
Epoch: 199, Train loss: 0.007793140194527805, Validation loss: 0.5590334900856018, Validation accuracy: 0.9252
Accuracy: 0.9252, Parameters: 1418
