['ResNet-train.py', '--network', 'resnet', '--classifier', 'full', '--tensorization', '2', '2', '2', '2', '2', '2', '2', '2', '2', '2', '2', '2', '--ranks', '[[2, 1, 1, 1, 1, 1, 1, 1, 1, 1, 1, 1, 1], [1, 2, 1, 1, 1, 1, 1, 1, 1, 1, 1, 1, 1], [1, 1, 2, 1, 1, 1, 1, 1, 1, 1, 1, 1, 1], [1, 1, 1, 2, 2, 1, 1, 1, 1, 1, 1, 1, 2], [1, 1, 1, 2, 2, 2, 1, 1, 1, 1, 1, 1, 2], [1, 1, 1, 1, 2, 2, 1, 1, 1, 1, 1, 1, 1], [1, 1, 1, 1, 1, 1, 2, 2, 1, 1, 1, 1, 1], [1, 1, 1, 1, 1, 1, 2, 2, 2, 1, 1, 1, 1], [1, 1, 1, 1, 1, 1, 1, 2, 2, 1, 1, 1, 1], [1, 1, 1, 1, 1, 1, 1, 1, 1, 2, 2, 1, 1], [1, 1, 1, 1, 1, 1, 1, 1, 1, 2, 2, 4, 1], [1, 1, 1, 1, 1, 1, 1, 1, 1, 1, 4, 2, 3], [1, 1, 1, 2, 2, 1, 1, 1, 1, 1, 1, 3, 10]]', '--seed', '10', '--device', 'cuda:2']
Initializing dataloader
Files already downloaded and verified
Files already downloaded and verified
Dataloader has initialized
Initializing model
Adjusting learning rate of group 0 to 1.0000e-02.
Model initialized
Testing model
Tests passed
Adjusting learning rate of group 0 to 2.0000e-02.
Epoch: 0, Train loss: 1.9127407748031615, Validation loss: 1.59341882686615, Validation accuracy: 0.3974
Adjusting learning rate of group 0 to 3.0000e-02.
Epoch: 1, Train loss: 1.4486604779815673, Validation loss: 1.3064061967849732, Validation accuracy: 0.5049
Adjusting learning rate of group 0 to 4.0000e-02.
Epoch: 2, Train loss: 1.1534767009735107, Validation loss: 1.0046647798538209, Validation accuracy: 0.6438
Adjusting learning rate of group 0 to 5.0000e-02.
Epoch: 3, Train loss: 0.9638326726150512, Validation loss: 0.9480763194084167, Validation accuracy: 0.6661
Adjusting learning rate of group 0 to 6.0000e-02.
Epoch: 4, Train loss: 0.8661245434951782, Validation loss: 1.1064002933502197, Validation accuracy: 0.6883
Adjusting learning rate of group 0 to 7.0000e-02.
Epoch: 5, Train loss: 0.7890559425544739, Validation loss: 0.9640421180725097, Validation accuracy: 0.7012
Adjusting learning rate of group 0 to 8.0000e-02.
Epoch: 6, Train loss: 0.7346958005332946, Validation loss: 0.8981788263320923, Validation accuracy: 0.7109
Adjusting learning rate of group 0 to 9.0000e-02.
Epoch: 7, Train loss: 0.7013401177215576, Validation loss: 1.0582382410049438, Validation accuracy: 0.6605
Adjusting learning rate of group 0 to 1.0000e-01.
Epoch: 8, Train loss: 0.6908092687988281, Validation loss: 0.8369849504470825, Validation accuracy: 0.7289
Adjusting learning rate of group 0 to 1.0000e-01.
Epoch: 9, Train loss: 0.6530608066177368, Validation loss: 0.7804612282752991, Validation accuracy: 0.7565
Adjusting learning rate of group 0 to 1.0000e-01.
Epoch: 10, Train loss: 0.6062060700798034, Validation loss: 0.996875186252594, Validation accuracy: 0.7765
Adjusting learning rate of group 0 to 1.0000e-01.
Epoch: 11, Train loss: 0.6056174208259583, Validation loss: 0.7102050294876099, Validation accuracy: 0.7684
Adjusting learning rate of group 0 to 1.0000e-01.
Epoch: 12, Train loss: 0.5701948154640197, Validation loss: 0.6631592608451843, Validation accuracy: 0.7835
Adjusting learning rate of group 0 to 1.0000e-01.
Epoch: 13, Train loss: 0.541073431301117, Validation loss: 0.7296580546379089, Validation accuracy: 0.7798
Adjusting learning rate of group 0 to 1.0000e-01.
Epoch: 14, Train loss: 0.5424223238945007, Validation loss: 0.6022647017002106, Validation accuracy: 0.799
Adjusting learning rate of group 0 to 1.0000e-01.
Epoch: 15, Train loss: 0.5286204286384583, Validation loss: 0.6621843718051911, Validation accuracy: 0.7801
Adjusting learning rate of group 0 to 1.0000e-01.
Epoch: 16, Train loss: 0.5026750533866883, Validation loss: 0.7969612739562988, Validation accuracy: 0.8098
Adjusting learning rate of group 0 to 1.0000e-01.
Epoch: 17, Train loss: 0.5059293864250183, Validation loss: 0.6775149827003479, Validation accuracy: 0.8182
Adjusting learning rate of group 0 to 1.0000e-01.
Epoch: 18, Train loss: 0.48742791521072387, Validation loss: 0.7036154737472534, Validation accuracy: 0.7927
Adjusting learning rate of group 0 to 1.0000e-01.
Epoch: 19, Train loss: 0.47737265584945676, Validation loss: 0.5815506324768066, Validation accuracy: 0.8181
Adjusting learning rate of group 0 to 1.0000e-01.
Epoch: 20, Train loss: 0.48223264498710633, Validation loss: 0.618611997795105, Validation accuracy: 0.8259
Adjusting learning rate of group 0 to 1.0000e-01.
Epoch: 21, Train loss: 0.4608660286140442, Validation loss: 0.6554019330978393, Validation accuracy: 0.8043
Adjusting learning rate of group 0 to 1.0000e-01.
Epoch: 22, Train loss: 0.437707561340332, Validation loss: 0.6012585192680359, Validation accuracy: 0.8134
Adjusting learning rate of group 0 to 1.0000e-01.
Epoch: 23, Train loss: 0.4688719916343689, Validation loss: 0.6169714756011963, Validation accuracy: 0.7914
Adjusting learning rate of group 0 to 1.0000e-01.
Epoch: 24, Train loss: 0.4413409473800659, Validation loss: 0.8181725926399231, Validation accuracy: 0.7864
Adjusting learning rate of group 0 to 1.0000e-01.
Epoch: 25, Train loss: 0.44067392812728884, Validation loss: 0.5189556846618653, Validation accuracy: 0.8246
Adjusting learning rate of group 0 to 1.0000e-01.
Epoch: 26, Train loss: 0.43969653073310855, Validation loss: 0.6806133599281311, Validation accuracy: 0.8091
Adjusting learning rate of group 0 to 1.0000e-01.
Epoch: 27, Train loss: 0.4416765031909943, Validation loss: 0.5414960229873658, Validation accuracy: 0.8339
Adjusting learning rate of group 0 to 1.0000e-01.
Epoch: 28, Train loss: 0.43618576962471006, Validation loss: 0.520851375579834, Validation accuracy: 0.8286
Adjusting learning rate of group 0 to 1.0000e-01.
Epoch: 29, Train loss: 0.40652925273895263, Validation loss: 0.47715392589569094, Validation accuracy: 0.8388
Adjusting learning rate of group 0 to 1.0000e-01.
Epoch: 30, Train loss: 0.409946208152771, Validation loss: 0.48296097264289856, Validation accuracy: 0.8412
Adjusting learning rate of group 0 to 1.0000e-01.
Epoch: 31, Train loss: 0.40889003353118897, Validation loss: 0.6927302386283875, Validation accuracy: 0.8133
Adjusting learning rate of group 0 to 1.0000e-01.
Epoch: 32, Train loss: 0.4128992202568054, Validation loss: 0.6052099241256714, Validation accuracy: 0.8161
Adjusting learning rate of group 0 to 1.0000e-01.
Epoch: 33, Train loss: 0.40475397911071775, Validation loss: 0.6150900844573974, Validation accuracy: 0.7984
Adjusting learning rate of group 0 to 1.0000e-01.
Epoch: 34, Train loss: 0.3901264799594879, Validation loss: 0.7370114364624023, Validation accuracy: 0.8166
Adjusting learning rate of group 0 to 1.0000e-01.
Epoch: 35, Train loss: 0.4050459559440613, Validation loss: 0.5242950971603394, Validation accuracy: 0.8424
Adjusting learning rate of group 0 to 1.0000e-01.
Epoch: 36, Train loss: 0.392588466091156, Validation loss: 0.6303431671142579, Validation accuracy: 0.8146
Adjusting learning rate of group 0 to 1.0000e-01.
Epoch: 37, Train loss: 0.39492673159599306, Validation loss: 0.5311879526138306, Validation accuracy: 0.8293
Adjusting learning rate of group 0 to 1.0000e-01.
Epoch: 38, Train loss: 0.3931482115840912, Validation loss: 0.4952738244533539, Validation accuracy: 0.8316
Adjusting learning rate of group 0 to 1.0000e-01.
Epoch: 39, Train loss: 0.39730144746780394, Validation loss: 0.6244611627578736, Validation accuracy: 0.833
Adjusting learning rate of group 0 to 1.0000e-01.
Epoch: 40, Train loss: 0.39232088201522824, Validation loss: 0.5221743205070496, Validation accuracy: 0.8424
Adjusting learning rate of group 0 to 1.0000e-01.
Epoch: 41, Train loss: 0.3705718329238892, Validation loss: 0.7045060014724731, Validation accuracy: 0.8423
Adjusting learning rate of group 0 to 1.0000e-01.
Epoch: 42, Train loss: 0.3691825144195557, Validation loss: 0.7503024140357971, Validation accuracy: 0.8496
Adjusting learning rate of group 0 to 1.0000e-01.
Epoch: 43, Train loss: 0.3666614719963074, Validation loss: 0.5983347806930542, Validation accuracy: 0.8087
Adjusting learning rate of group 0 to 1.0000e-01.
Epoch: 44, Train loss: 0.3594369782829285, Validation loss: 0.45374968061447146, Validation accuracy: 0.8507
Adjusting learning rate of group 0 to 1.0000e-01.
Epoch: 45, Train loss: 0.3784603345966339, Validation loss: 0.6674343985557556, Validation accuracy: 0.8339
Adjusting learning rate of group 0 to 1.0000e-01.
Epoch: 46, Train loss: 0.3778522567367554, Validation loss: 0.4847839141845703, Validation accuracy: 0.8611
Adjusting learning rate of group 0 to 1.0000e-01.
Epoch: 47, Train loss: 0.37242132697105407, Validation loss: 0.522840627002716, Validation accuracy: 0.8278
Adjusting learning rate of group 0 to 1.0000e-01.
Epoch: 48, Train loss: 0.3832101747894287, Validation loss: 0.4791308919429779, Validation accuracy: 0.8378
Adjusting learning rate of group 0 to 1.0000e-01.
Epoch: 49, Train loss: 0.34936726724624634, Validation loss: 0.5527359978675842, Validation accuracy: 0.8198
Adjusting learning rate of group 0 to 1.0000e-01.
Epoch: 50, Train loss: 0.36232319043159483, Validation loss: 0.5778982501506805, Validation accuracy: 0.8601
Adjusting learning rate of group 0 to 1.0000e-01.
Epoch: 51, Train loss: 0.3699498917770386, Validation loss: 0.48357939071655276, Validation accuracy: 0.8439
Adjusting learning rate of group 0 to 1.0000e-01.
Epoch: 52, Train loss: 0.34327413904190063, Validation loss: 0.6345353882789612, Validation accuracy: 0.833
Adjusting learning rate of group 0 to 1.0000e-01.
Epoch: 53, Train loss: 0.35992816601753236, Validation loss: 0.5300526237487793, Validation accuracy: 0.8284
Adjusting learning rate of group 0 to 1.0000e-01.
Epoch: 54, Train loss: 0.36060211194992065, Validation loss: 0.4982241406440735, Validation accuracy: 0.8317
Adjusting learning rate of group 0 to 1.0000e-01.
Epoch: 55, Train loss: 0.360450430765152, Validation loss: 0.48563011026382447, Validation accuracy: 0.8534
Adjusting learning rate of group 0 to 1.0000e-01.
Epoch: 56, Train loss: 0.3513172268390656, Validation loss: 0.5917152851104737, Validation accuracy: 0.8273
Adjusting learning rate of group 0 to 1.0000e-01.
Epoch: 57, Train loss: 0.35615673643112183, Validation loss: 0.6284405141830445, Validation accuracy: 0.8279
Adjusting learning rate of group 0 to 1.0000e-01.
Epoch: 58, Train loss: 0.3504092607927322, Validation loss: 0.48674940209388734, Validation accuracy: 0.854
Adjusting learning rate of group 0 to 1.0000e-01.
Epoch: 59, Train loss: 0.34577238367080687, Validation loss: 0.6525192682266235, Validation accuracy: 0.8125
Adjusting learning rate of group 0 to 1.0000e-01.
Epoch: 60, Train loss: 0.36368102571487426, Validation loss: 0.5165618794441224, Validation accuracy: 0.8388
Adjusting learning rate of group 0 to 1.0000e-01.
Epoch: 61, Train loss: 0.3540828962230682, Validation loss: 0.5700729571342468, Validation accuracy: 0.8138
Adjusting learning rate of group 0 to 1.0000e-01.
Epoch: 62, Train loss: 0.35260369859695434, Validation loss: 0.45797293968200686, Validation accuracy: 0.8442
Adjusting learning rate of group 0 to 1.0000e-01.
Epoch: 63, Train loss: 0.36125829397201537, Validation loss: 0.5052712612390519, Validation accuracy: 0.8217
Adjusting learning rate of group 0 to 1.0000e-01.
Epoch: 64, Train loss: 0.3504006516647339, Validation loss: 0.723107753944397, Validation accuracy: 0.8147
Adjusting learning rate of group 0 to 1.0000e-01.
Epoch: 65, Train loss: 0.37260577521324156, Validation loss: 0.43118200216293334, Validation accuracy: 0.8578
Adjusting learning rate of group 0 to 1.0000e-01.
Epoch: 66, Train loss: 0.34092137299537656, Validation loss: 0.4115745290756226, Validation accuracy: 0.8643
Adjusting learning rate of group 0 to 1.0000e-01.
Epoch: 67, Train loss: 0.33701886644363405, Validation loss: 0.40014576630592347, Validation accuracy: 0.8685
Adjusting learning rate of group 0 to 1.0000e-01.
Epoch: 68, Train loss: 0.3306961262893677, Validation loss: 0.4938114047050476, Validation accuracy: 0.8422
Adjusting learning rate of group 0 to 1.0000e-01.
Epoch: 69, Train loss: 0.34122526611328124, Validation loss: 0.4925963092327118, Validation accuracy: 0.8355
Adjusting learning rate of group 0 to 1.0000e-01.
Epoch: 70, Train loss: 0.3393387281227112, Validation loss: 0.6195246662139893, Validation accuracy: 0.8114
Adjusting learning rate of group 0 to 1.0000e-01.
Epoch: 71, Train loss: 0.3530591605186462, Validation loss: 0.5728950403213501, Validation accuracy: 0.8503
Adjusting learning rate of group 0 to 1.0000e-01.
Epoch: 72, Train loss: 0.3311871716403961, Validation loss: 0.4224394842147827, Validation accuracy: 0.8658
Adjusting learning rate of group 0 to 1.0000e-01.
Epoch: 73, Train loss: 0.3317035252952576, Validation loss: 0.5080224979400635, Validation accuracy: 0.8602
Adjusting learning rate of group 0 to 1.0000e-01.
Epoch: 74, Train loss: 0.345268874168396, Validation loss: 0.4441358806967735, Validation accuracy: 0.8638
Adjusting learning rate of group 0 to 1.0000e-01.
Epoch: 75, Train loss: 0.34692643901348114, Validation loss: 0.855836125946045, Validation accuracy: 0.8332
Adjusting learning rate of group 0 to 1.0000e-01.
Epoch: 76, Train loss: 0.3259012417411804, Validation loss: 0.5375165796279907, Validation accuracy: 0.8422
Adjusting learning rate of group 0 to 1.0000e-01.
Epoch: 77, Train loss: 0.34685784408569337, Validation loss: 0.8775574353218079, Validation accuracy: 0.7294
Adjusting learning rate of group 0 to 1.0000e-01.
Epoch: 78, Train loss: 0.35606031066894533, Validation loss: 0.5032577936172485, Validation accuracy: 0.8359
Adjusting learning rate of group 0 to 1.0000e-01.
Epoch: 79, Train loss: 0.32739728307724, Validation loss: 0.5250902716636657, Validation accuracy: 0.8525
Adjusting learning rate of group 0 to 1.0000e-01.
Epoch: 80, Train loss: 0.3283685873603821, Validation loss: 0.4333284605503082, Validation accuracy: 0.8584
Adjusting learning rate of group 0 to 1.0000e-01.
Epoch: 81, Train loss: 0.332314768037796, Validation loss: 0.47234936571121217, Validation accuracy: 0.8361
Adjusting learning rate of group 0 to 1.0000e-01.
Epoch: 82, Train loss: 0.33946758984565734, Validation loss: 0.4647952068328857, Validation accuracy: 0.8593
Adjusting learning rate of group 0 to 1.0000e-01.
Epoch: 83, Train loss: 0.3386990855026245, Validation loss: 0.616445735836029, Validation accuracy: 0.8263
Adjusting learning rate of group 0 to 1.0000e-01.
Epoch: 84, Train loss: 0.3365034332370758, Validation loss: 0.7281030380249024, Validation accuracy: 0.835
Adjusting learning rate of group 0 to 1.0000e-01.
Epoch: 85, Train loss: 0.32989026135444643, Validation loss: 0.728809021282196, Validation accuracy: 0.7716
Adjusting learning rate of group 0 to 1.0000e-01.
Epoch: 86, Train loss: 0.3398830661773682, Validation loss: 0.5597601466178894, Validation accuracy: 0.8396
Adjusting learning rate of group 0 to 1.0000e-01.
Epoch: 87, Train loss: 0.32188727984428406, Validation loss: 0.5253923225879669, Validation accuracy: 0.8646
Adjusting learning rate of group 0 to 1.0000e-01.
Epoch: 88, Train loss: 0.3317939507389069, Validation loss: 0.6553231435775757, Validation accuracy: 0.7991
Adjusting learning rate of group 0 to 1.0000e-01.
Epoch: 89, Train loss: 0.33433639959335326, Validation loss: 0.447379957818985, Validation accuracy: 0.8657
Adjusting learning rate of group 0 to 1.0000e-01.
Epoch: 90, Train loss: 0.3250345736503601, Validation loss: 0.5189951919078827, Validation accuracy: 0.8331
Adjusting learning rate of group 0 to 1.0000e-01.
Epoch: 91, Train loss: 0.313863270688057, Validation loss: 0.6455041252613067, Validation accuracy: 0.8188
Adjusting learning rate of group 0 to 1.0000e-01.
Epoch: 92, Train loss: 0.3246813670539856, Validation loss: 0.4564327094078064, Validation accuracy: 0.8605
Adjusting learning rate of group 0 to 1.0000e-01.
Epoch: 93, Train loss: 0.33304499007225036, Validation loss: 0.5012788040161132, Validation accuracy: 0.8575
Adjusting learning rate of group 0 to 1.0000e-01.
Epoch: 94, Train loss: 0.32827753553390504, Validation loss: 0.5187072849273682, Validation accuracy: 0.8306
Adjusting learning rate of group 0 to 1.0000e-01.
Epoch: 95, Train loss: 0.32893200234413145, Validation loss: 0.44238196868896484, Validation accuracy: 0.8524
Adjusting learning rate of group 0 to 1.0000e-01.
Epoch: 96, Train loss: 0.3301061087989807, Validation loss: 0.5667011581420899, Validation accuracy: 0.827
Adjusting learning rate of group 0 to 1.0000e-01.
Epoch: 97, Train loss: 0.3258816446304321, Validation loss: 0.4429088517665863, Validation accuracy: 0.8475
Adjusting learning rate of group 0 to 1.0000e-01.
Epoch: 98, Train loss: 0.33424379786968234, Validation loss: 0.6309485830307007, Validation accuracy: 0.8448
Adjusting learning rate of group 0 to 1.0000e-01.
Epoch: 99, Train loss: 0.32972743163108825, Validation loss: 0.5361328530788422, Validation accuracy: 0.8525
Adjusting learning rate of group 0 to 1.0000e-02.
Epoch: 100, Train loss: 0.324589380607605, Validation loss: 0.545479884147644, Validation accuracy: 0.8268
Adjusting learning rate of group 0 to 1.0000e-02.
Epoch: 101, Train loss: 0.18259911899089815, Validation loss: 0.28738670787811277, Validation accuracy: 0.9163
Adjusting learning rate of group 0 to 1.0000e-02.
Epoch: 102, Train loss: 0.14294856021404267, Validation loss: 0.26261007747650145, Validation accuracy: 0.9194
Adjusting learning rate of group 0 to 1.0000e-02.
Epoch: 103, Train loss: 0.1305073145198822, Validation loss: 0.2664121518135071, Validation accuracy: 0.9205
Adjusting learning rate of group 0 to 1.0000e-02.
Epoch: 104, Train loss: 0.12076162618160248, Validation loss: 0.2808275324821472, Validation accuracy: 0.9234
Adjusting learning rate of group 0 to 1.0000e-02.
Epoch: 105, Train loss: 0.11189626586675644, Validation loss: 0.2733994422912598, Validation accuracy: 0.9253
Adjusting learning rate of group 0 to 1.0000e-02.
Epoch: 106, Train loss: 0.10506484980106354, Validation loss: 0.29065017585754394, Validation accuracy: 0.9226
Adjusting learning rate of group 0 to 1.0000e-02.
Epoch: 107, Train loss: 0.10145019777297974, Validation loss: 0.29708113498687744, Validation accuracy: 0.9214
Adjusting learning rate of group 0 to 1.0000e-02.
Epoch: 108, Train loss: 0.09422901236057281, Validation loss: 0.27682594423294066, Validation accuracy: 0.9241
Adjusting learning rate of group 0 to 1.0000e-02.
Epoch: 109, Train loss: 0.09311282682895661, Validation loss: 0.2792084398269653, Validation accuracy: 0.9246
Adjusting learning rate of group 0 to 1.0000e-02.
Epoch: 110, Train loss: 0.08697164419174194, Validation loss: 0.29558217830657957, Validation accuracy: 0.9245
Adjusting learning rate of group 0 to 1.0000e-02.
Epoch: 111, Train loss: 0.08371293939828872, Validation loss: 0.31482906484603884, Validation accuracy: 0.9213
Adjusting learning rate of group 0 to 1.0000e-02.
Epoch: 112, Train loss: 0.07895289036273956, Validation loss: 0.31069063158035276, Validation accuracy: 0.9236
Adjusting learning rate of group 0 to 1.0000e-02.
Epoch: 113, Train loss: 0.07658572940826416, Validation loss: 0.3037774571418762, Validation accuracy: 0.9231
Adjusting learning rate of group 0 to 1.0000e-02.
Epoch: 114, Train loss: 0.07413594753444194, Validation loss: 0.33347678251266477, Validation accuracy: 0.9271
Adjusting learning rate of group 0 to 1.0000e-02.
Epoch: 115, Train loss: 0.07249896195530892, Validation loss: 0.3003534420013428, Validation accuracy: 0.9257
Adjusting learning rate of group 0 to 1.0000e-02.
Epoch: 116, Train loss: 0.06855471890687942, Validation loss: 0.33401223278045655, Validation accuracy: 0.9264
Adjusting learning rate of group 0 to 1.0000e-02.
Epoch: 117, Train loss: 0.06676033210992813, Validation loss: 0.32596692266464233, Validation accuracy: 0.924
Adjusting learning rate of group 0 to 1.0000e-02.
Epoch: 118, Train loss: 0.06418592373847962, Validation loss: 0.3459719853401184, Validation accuracy: 0.9232
Adjusting learning rate of group 0 to 1.0000e-02.
Epoch: 119, Train loss: 0.06394152163028717, Validation loss: 0.3174604241371155, Validation accuracy: 0.9268
Adjusting learning rate of group 0 to 1.0000e-02.
Epoch: 120, Train loss: 0.060991858191490174, Validation loss: 0.347161557674408, Validation accuracy: 0.9244
Adjusting learning rate of group 0 to 1.0000e-02.
Epoch: 121, Train loss: 0.06115545297503471, Validation loss: 0.3495603635787964, Validation accuracy: 0.9218
Adjusting learning rate of group 0 to 1.0000e-02.
Epoch: 122, Train loss: 0.06028285361289978, Validation loss: 0.3533492554664612, Validation accuracy: 0.9243
Adjusting learning rate of group 0 to 1.0000e-02.
Epoch: 123, Train loss: 0.05854696461796761, Validation loss: 0.333882408618927, Validation accuracy: 0.9247
Adjusting learning rate of group 0 to 1.0000e-02.
Epoch: 124, Train loss: 0.05619269229888916, Validation loss: 0.3800586385726929, Validation accuracy: 0.9221
Adjusting learning rate of group 0 to 1.0000e-02.
Epoch: 125, Train loss: 0.054304946937561036, Validation loss: 0.3922489924430847, Validation accuracy: 0.9204
Adjusting learning rate of group 0 to 1.0000e-02.
Epoch: 126, Train loss: 0.052216774775981904, Validation loss: 0.35844179077148436, Validation accuracy: 0.9246
Adjusting learning rate of group 0 to 1.0000e-02.
Epoch: 127, Train loss: 0.051761773794293406, Validation loss: 0.35971201572418215, Validation accuracy: 0.9232
Adjusting learning rate of group 0 to 1.0000e-02.
Epoch: 128, Train loss: 0.052850864680409435, Validation loss: 0.3309499550819397, Validation accuracy: 0.9249
Adjusting learning rate of group 0 to 1.0000e-02.
Epoch: 129, Train loss: 0.0517382084941864, Validation loss: 0.3741589301109314, Validation accuracy: 0.9205
Adjusting learning rate of group 0 to 1.0000e-02.
Epoch: 130, Train loss: 0.05043165131449699, Validation loss: 0.3462831603050232, Validation accuracy: 0.9204
Adjusting learning rate of group 0 to 1.0000e-02.
Epoch: 131, Train loss: 0.04985115779519081, Validation loss: 0.35997158231735227, Validation accuracy: 0.9211
Adjusting learning rate of group 0 to 1.0000e-02.
Epoch: 132, Train loss: 0.04949138364613056, Validation loss: 0.37796798944473264, Validation accuracy: 0.9229
Adjusting learning rate of group 0 to 1.0000e-02.
Epoch: 133, Train loss: 0.046936216087937355, Validation loss: 0.3930289855003357, Validation accuracy: 0.9206
Adjusting learning rate of group 0 to 1.0000e-02.
Epoch: 134, Train loss: 0.046990979756116866, Validation loss: 0.38554767513275146, Validation accuracy: 0.9174
Adjusting learning rate of group 0 to 1.0000e-02.
Epoch: 135, Train loss: 0.04858116041123867, Validation loss: 0.4078559715270996, Validation accuracy: 0.9215
Adjusting learning rate of group 0 to 1.0000e-02.
Epoch: 136, Train loss: 0.04682309548079967, Validation loss: 0.35902093439102173, Validation accuracy: 0.9229
Adjusting learning rate of group 0 to 1.0000e-02.
Epoch: 137, Train loss: 0.0452911827480793, Validation loss: 0.36912537994384764, Validation accuracy: 0.9247
Adjusting learning rate of group 0 to 1.0000e-02.
Epoch: 138, Train loss: 0.047006759867668155, Validation loss: 0.3809345034599304, Validation accuracy: 0.9225
Adjusting learning rate of group 0 to 1.0000e-02.
Epoch: 139, Train loss: 0.046343255070447925, Validation loss: 0.43701569499969484, Validation accuracy: 0.9197
Adjusting learning rate of group 0 to 1.0000e-02.
Epoch: 140, Train loss: 0.04563182652831078, Validation loss: 0.38688488521575926, Validation accuracy: 0.9185
Adjusting learning rate of group 0 to 1.0000e-02.
Epoch: 141, Train loss: 0.045138545275330545, Validation loss: 0.40790495986938474, Validation accuracy: 0.922
Adjusting learning rate of group 0 to 1.0000e-02.
Epoch: 142, Train loss: 0.046483166846036914, Validation loss: 0.39546879386901856, Validation accuracy: 0.9243
Adjusting learning rate of group 0 to 1.0000e-02.
Epoch: 143, Train loss: 0.044367838408946994, Validation loss: 0.3646982591629028, Validation accuracy: 0.9244
Adjusting learning rate of group 0 to 1.0000e-02.
Epoch: 144, Train loss: 0.04423234716296196, Validation loss: 0.4388105792999268, Validation accuracy: 0.9199
Adjusting learning rate of group 0 to 1.0000e-02.
Epoch: 145, Train loss: 0.04429329226255417, Validation loss: 0.40215965986251834, Validation accuracy: 0.9213
Adjusting learning rate of group 0 to 1.0000e-02.
Epoch: 146, Train loss: 0.045160077046155926, Validation loss: 0.386479452419281, Validation accuracy: 0.9219
Adjusting learning rate of group 0 to 1.0000e-02.
Epoch: 147, Train loss: 0.04449392475247383, Validation loss: 0.39647627096176147, Validation accuracy: 0.9234
Adjusting learning rate of group 0 to 1.0000e-02.
Epoch: 148, Train loss: 0.046214265309274194, Validation loss: 0.38387094697952273, Validation accuracy: 0.9201
Adjusting learning rate of group 0 to 1.0000e-02.
Epoch: 149, Train loss: 0.0438393346747756, Validation loss: 0.4500979064941406, Validation accuracy: 0.9187
Adjusting learning rate of group 0 to 1.0000e-03.
Epoch: 150, Train loss: 0.04641489797711373, Validation loss: 0.4051969672203064, Validation accuracy: 0.9177
Adjusting learning rate of group 0 to 1.0000e-03.
Epoch: 151, Train loss: 0.029275983887016774, Validation loss: 0.4048045970916748, Validation accuracy: 0.9292
Adjusting learning rate of group 0 to 1.0000e-03.
Epoch: 152, Train loss: 0.020361825447380542, Validation loss: 0.4357908090591431, Validation accuracy: 0.9302
Adjusting learning rate of group 0 to 1.0000e-03.
Epoch: 153, Train loss: 0.017819609564095736, Validation loss: 0.4587682616233826, Validation accuracy: 0.9305
Adjusting learning rate of group 0 to 1.0000e-03.
Epoch: 154, Train loss: 0.017133773458227516, Validation loss: 0.4701149621963501, Validation accuracy: 0.9303
Adjusting learning rate of group 0 to 1.0000e-03.
Epoch: 155, Train loss: 0.01627749604595825, Validation loss: 0.47905821485519406, Validation accuracy: 0.9301
Adjusting learning rate of group 0 to 1.0000e-03.
Epoch: 156, Train loss: 0.015717887957077473, Validation loss: 0.4692563117980957, Validation accuracy: 0.9322
Adjusting learning rate of group 0 to 1.0000e-03.
Epoch: 157, Train loss: 0.013717454050332308, Validation loss: 0.4883352198600769, Validation accuracy: 0.9308
Adjusting learning rate of group 0 to 1.0000e-03.
Epoch: 158, Train loss: 0.013724715756401419, Validation loss: 0.5028723991394043, Validation accuracy: 0.9315
Adjusting learning rate of group 0 to 1.0000e-03.
Epoch: 159, Train loss: 0.011512717285901308, Validation loss: 0.516869734954834, Validation accuracy: 0.9316
Adjusting learning rate of group 0 to 1.0000e-03.
Epoch: 160, Train loss: 0.012403711211439222, Validation loss: 0.53382225522995, Validation accuracy: 0.9313
Adjusting learning rate of group 0 to 1.0000e-03.
Epoch: 161, Train loss: 0.013088309592492879, Validation loss: 0.510868229007721, Validation accuracy: 0.9297
Adjusting learning rate of group 0 to 1.0000e-03.
Epoch: 162, Train loss: 0.01148634738896042, Validation loss: 0.5224899989128112, Validation accuracy: 0.9298
Adjusting learning rate of group 0 to 1.0000e-03.
Epoch: 163, Train loss: 0.012071707402281463, Validation loss: 0.5286468437194825, Validation accuracy: 0.9295
Adjusting learning rate of group 0 to 1.0000e-03.
Epoch: 164, Train loss: 0.010114958958262577, Validation loss: 0.5395357804298401, Validation accuracy: 0.9305
Adjusting learning rate of group 0 to 1.0000e-03.
Epoch: 165, Train loss: 0.01151089600007981, Validation loss: 0.5380124635696412, Validation accuracy: 0.9308
Adjusting learning rate of group 0 to 1.0000e-03.
Epoch: 166, Train loss: 0.01018875747622922, Validation loss: 0.5475418100357056, Validation accuracy: 0.9312
Adjusting learning rate of group 0 to 1.0000e-03.
Epoch: 167, Train loss: 0.009114063742980362, Validation loss: 0.5659331830978394, Validation accuracy: 0.9307
Adjusting learning rate of group 0 to 1.0000e-03.
Epoch: 168, Train loss: 0.01018665670869872, Validation loss: 0.5643156074523926, Validation accuracy: 0.9289
Adjusting learning rate of group 0 to 1.0000e-03.
Epoch: 169, Train loss: 0.009248243153207004, Validation loss: 0.5628608015060425, Validation accuracy: 0.9302
Adjusting learning rate of group 0 to 1.0000e-03.
Epoch: 170, Train loss: 0.009027383801527322, Validation loss: 0.5567076806068421, Validation accuracy: 0.9311
Adjusting learning rate of group 0 to 1.0000e-03.
Epoch: 171, Train loss: 0.008264937676554545, Validation loss: 0.5673781503677369, Validation accuracy: 0.9298
Adjusting learning rate of group 0 to 1.0000e-03.
Epoch: 172, Train loss: 0.008111974758161233, Validation loss: 0.5882088305473328, Validation accuracy: 0.9291
Adjusting learning rate of group 0 to 1.0000e-03.
Epoch: 173, Train loss: 0.009655272029470653, Validation loss: 0.5689222246170044, Validation accuracy: 0.9294
Adjusting learning rate of group 0 to 1.0000e-03.
Epoch: 174, Train loss: 0.00816941483716946, Validation loss: 0.5711645703315735, Validation accuracy: 0.9304
Adjusting learning rate of group 0 to 1.0000e-03.
Epoch: 175, Train loss: 0.00850364255014807, Validation loss: 0.565817541885376, Validation accuracy: 0.9295
Adjusting learning rate of group 0 to 1.0000e-03.
Epoch: 176, Train loss: 0.008614433645363897, Validation loss: 0.5709783123016358, Validation accuracy: 0.9312
Adjusting learning rate of group 0 to 1.0000e-03.
Epoch: 177, Train loss: 0.007833177051916718, Validation loss: 0.5745340467453003, Validation accuracy: 0.9309
Adjusting learning rate of group 0 to 1.0000e-03.
Epoch: 178, Train loss: 0.006643034581430256, Validation loss: 0.5957119831085205, Validation accuracy: 0.9308
Adjusting learning rate of group 0 to 1.0000e-03.
Epoch: 179, Train loss: 0.007997841804232448, Validation loss: 0.5884131847381592, Validation accuracy: 0.9319
Adjusting learning rate of group 0 to 1.0000e-03.
Epoch: 180, Train loss: 0.007973191461497917, Validation loss: 0.5918895694732667, Validation accuracy: 0.9326
Adjusting learning rate of group 0 to 1.0000e-03.
Epoch: 181, Train loss: 0.0069275601748004555, Validation loss: 0.5886628955841064, Validation accuracy: 0.9324
Adjusting learning rate of group 0 to 1.0000e-03.
Epoch: 182, Train loss: 0.006702634221487679, Validation loss: 0.6141173400878907, Validation accuracy: 0.9322
Adjusting learning rate of group 0 to 1.0000e-03.
Epoch: 183, Train loss: 0.006335396883869544, Validation loss: 0.6075880889892578, Validation accuracy: 0.9319
Adjusting learning rate of group 0 to 1.0000e-03.
Epoch: 184, Train loss: 0.006481248642792925, Validation loss: 0.6153676834106445, Validation accuracy: 0.9309
Adjusting learning rate of group 0 to 1.0000e-03.
Epoch: 185, Train loss: 0.006482520650271327, Validation loss: 0.6239926133155823, Validation accuracy: 0.9305
Adjusting learning rate of group 0 to 1.0000e-03.
Epoch: 186, Train loss: 0.0070537115441262725, Validation loss: 0.6174665884971619, Validation accuracy: 0.9321
Adjusting learning rate of group 0 to 1.0000e-03.
Epoch: 187, Train loss: 0.006922693983344361, Validation loss: 0.6102666193008423, Validation accuracy: 0.9329
Adjusting learning rate of group 0 to 1.0000e-03.
Epoch: 188, Train loss: 0.005861356360772624, Validation loss: 0.6215397681236267, Validation accuracy: 0.9325
Adjusting learning rate of group 0 to 1.0000e-03.
Epoch: 189, Train loss: 0.006263340534553863, Validation loss: 0.6229442032814025, Validation accuracy: 0.9321
Adjusting learning rate of group 0 to 1.0000e-03.
Epoch: 190, Train loss: 0.006049109745225869, Validation loss: 0.6288159211158753, Validation accuracy: 0.9327
Adjusting learning rate of group 0 to 1.0000e-03.
Epoch: 191, Train loss: 0.006123600404402241, Validation loss: 0.6353901035308838, Validation accuracy: 0.9308
Adjusting learning rate of group 0 to 1.0000e-03.
Epoch: 192, Train loss: 0.006074502418956254, Validation loss: 0.6320458842277527, Validation accuracy: 0.9322
Adjusting learning rate of group 0 to 1.0000e-03.
Epoch: 193, Train loss: 0.00560682703491766, Validation loss: 0.6481080159187317, Validation accuracy: 0.9317
Adjusting learning rate of group 0 to 1.0000e-03.
Epoch: 194, Train loss: 0.006055558567314875, Validation loss: 0.6452189758300781, Validation accuracy: 0.9318
Adjusting learning rate of group 0 to 1.0000e-03.
Epoch: 195, Train loss: 0.006075612120884471, Validation loss: 0.6404390279769897, Validation accuracy: 0.9314
Adjusting learning rate of group 0 to 1.0000e-03.
Epoch: 196, Train loss: 0.005831856355961208, Validation loss: 0.6431292858123779, Validation accuracy: 0.9341
Adjusting learning rate of group 0 to 1.0000e-03.
Epoch: 197, Train loss: 0.006985016368054785, Validation loss: 0.6250699501037598, Validation accuracy: 0.9325
Adjusting learning rate of group 0 to 1.0000e-03.
Epoch: 198, Train loss: 0.006169131177496165, Validation loss: 0.6240251439094543, Validation accuracy: 0.9309
Adjusting learning rate of group 0 to 1.0000e-03.
Epoch: 199, Train loss: 0.006107369472226128, Validation loss: 0.6300643110275268, Validation accuracy: 0.9312
Accuracy: 0.9312, Parameters: 224
