['ResNet-TRL-Ringed.py', '--core_ranks', '2', '1', '1', '--ring_ranks', '5', '1', '4', '--seed', '1', '--device=cuda:2']
Initializing dataloader
Files already downloaded and verified
Files already downloaded and verified
Dataloader has initialized
Initializing model
Adjusting learning rate of group 0 to 1.0000e-02.
Model initialized
Testing model
Tests passed
Adjusting learning rate of group 0 to 2.0000e-02.
Epoch: 0, Train loss: 2.6623375983428956, Validation loss: 1.9094422676086427, Validation accuracy: 0.275
Adjusting learning rate of group 0 to 3.0000e-02.
Epoch: 1, Train loss: 1.8186085568237305, Validation loss: 1.8220316423416139, Validation accuracy: 0.2988
Adjusting learning rate of group 0 to 4.0000e-02.
Epoch: 2, Train loss: 1.704721006088257, Validation loss: 1.5958154050827027, Validation accuracy: 0.3759
Adjusting learning rate of group 0 to 5.0000e-02.
Epoch: 3, Train loss: 1.5902999774932862, Validation loss: 1.7125330621719361, Validation accuracy: 0.3399
Adjusting learning rate of group 0 to 6.0000e-02.
Epoch: 4, Train loss: 1.4880472644424438, Validation loss: 1.4075997577667236, Validation accuracy: 0.4635
Adjusting learning rate of group 0 to 7.0000e-02.
Epoch: 5, Train loss: 1.401673609085083, Validation loss: 2.391480355453491, Validation accuracy: 0.4048
Adjusting learning rate of group 0 to 8.0000e-02.
Epoch: 6, Train loss: 1.3431819135284424, Validation loss: 1.3531594743728639, Validation accuracy: 0.5251
Adjusting learning rate of group 0 to 9.0000e-02.
Epoch: 7, Train loss: 1.2545172583770752, Validation loss: 1.2379885839462281, Validation accuracy: 0.5472
Adjusting learning rate of group 0 to 1.0000e-01.
Epoch: 8, Train loss: 1.221543659133911, Validation loss: 1.2275357646942138, Validation accuracy: 0.5511
Adjusting learning rate of group 0 to 1.0000e-01.
Epoch: 9, Train loss: 1.17093362575531, Validation loss: 1.2342434875488282, Validation accuracy: 0.5565
Adjusting learning rate of group 0 to 1.0000e-01.
Epoch: 10, Train loss: 1.1188230648422242, Validation loss: 1.3075059450149535, Validation accuracy: 0.5857
Adjusting learning rate of group 0 to 1.0000e-01.
Epoch: 11, Train loss: 1.0767340900039672, Validation loss: 1.091132328414917, Validation accuracy: 0.6402
Adjusting learning rate of group 0 to 1.0000e-01.
Epoch: 12, Train loss: 1.0255938376235962, Validation loss: 0.9836622158050538, Validation accuracy: 0.6742
Adjusting learning rate of group 0 to 1.0000e-01.
Epoch: 13, Train loss: 0.996185018234253, Validation loss: 1.109410564804077, Validation accuracy: 0.6136
Adjusting learning rate of group 0 to 1.0000e-01.
Epoch: 14, Train loss: 0.9573029020690917, Validation loss: 1.3799191499710084, Validation accuracy: 0.5841
Adjusting learning rate of group 0 to 1.0000e-01.
Epoch: 15, Train loss: 0.946533201084137, Validation loss: 1.0207611043930054, Validation accuracy: 0.702
Adjusting learning rate of group 0 to 1.0000e-01.
Epoch: 16, Train loss: 0.9154143800354004, Validation loss: 1.0723175081253051, Validation accuracy: 0.687
Adjusting learning rate of group 0 to 1.0000e-01.
Epoch: 17, Train loss: 0.8970059189987183, Validation loss: 1.1413451626777649, Validation accuracy: 0.655
Adjusting learning rate of group 0 to 1.0000e-01.
Epoch: 18, Train loss: 0.8897055360221863, Validation loss: 0.9456942727088928, Validation accuracy: 0.7118
Adjusting learning rate of group 0 to 1.0000e-01.
Epoch: 19, Train loss: 0.8630991131973267, Validation loss: 0.9283454798698425, Validation accuracy: 0.7166
Adjusting learning rate of group 0 to 1.0000e-01.
Epoch: 20, Train loss: 0.8545855772018432, Validation loss: 1.0194403718948364, Validation accuracy: 0.6553
Adjusting learning rate of group 0 to 1.0000e-01.
Epoch: 21, Train loss: 0.8529827625274659, Validation loss: 1.3535248943328857, Validation accuracy: 0.6866
Adjusting learning rate of group 0 to 1.0000e-01.
Epoch: 22, Train loss: 0.8369828442573547, Validation loss: 0.8127221426963807, Validation accuracy: 0.7476
Adjusting learning rate of group 0 to 1.0000e-01.
Epoch: 23, Train loss: 0.8271982154464722, Validation loss: 0.9801404885292053, Validation accuracy: 0.6975
Adjusting learning rate of group 0 to 1.0000e-01.
Epoch: 24, Train loss: 0.807303333492279, Validation loss: 1.1378885130882264, Validation accuracy: 0.7055
Adjusting learning rate of group 0 to 1.0000e-01.
Epoch: 25, Train loss: 0.7982252341461181, Validation loss: 0.985591478729248, Validation accuracy: 0.7069
Adjusting learning rate of group 0 to 1.0000e-01.
Epoch: 26, Train loss: 0.7993500471305847, Validation loss: 1.0208282653808594, Validation accuracy: 0.6954
Adjusting learning rate of group 0 to 1.0000e-01.
Epoch: 27, Train loss: 0.7809545311355591, Validation loss: 0.8426837116241455, Validation accuracy: 0.7359
Adjusting learning rate of group 0 to 1.0000e-01.
Epoch: 28, Train loss: 0.7668955381774902, Validation loss: 0.8182654669761658, Validation accuracy: 0.7462
Adjusting learning rate of group 0 to 1.0000e-01.
Epoch: 29, Train loss: 0.7829306757736206, Validation loss: 0.8564565092086792, Validation accuracy: 0.7547
Adjusting learning rate of group 0 to 1.0000e-01.
Epoch: 30, Train loss: 0.7663603061103821, Validation loss: 1.055496456336975, Validation accuracy: 0.7141
Adjusting learning rate of group 0 to 1.0000e-01.
Epoch: 31, Train loss: 0.7511927311325073, Validation loss: 0.888915649318695, Validation accuracy: 0.7391
Adjusting learning rate of group 0 to 1.0000e-01.
Epoch: 32, Train loss: 0.741015407409668, Validation loss: 0.9462226760864257, Validation accuracy: 0.7219
Adjusting learning rate of group 0 to 1.0000e-01.
Epoch: 33, Train loss: 0.7549342300605774, Validation loss: 1.0406798420906067, Validation accuracy: 0.7249
Adjusting learning rate of group 0 to 1.0000e-01.
Epoch: 34, Train loss: 0.7467907879638672, Validation loss: 0.8913097120285034, Validation accuracy: 0.7268
Adjusting learning rate of group 0 to 1.0000e-01.
Epoch: 35, Train loss: 0.7216234363174439, Validation loss: 0.9112771907806396, Validation accuracy: 0.7348
Adjusting learning rate of group 0 to 1.0000e-01.
Epoch: 36, Train loss: 0.7089080443191529, Validation loss: 1.018595413017273, Validation accuracy: 0.6954
Adjusting learning rate of group 0 to 1.0000e-01.
Epoch: 37, Train loss: 0.7135407105636596, Validation loss: 0.9682153123855591, Validation accuracy: 0.7438
Adjusting learning rate of group 0 to 1.0000e-01.
Epoch: 38, Train loss: 0.7245804866409302, Validation loss: 0.8614676672935486, Validation accuracy: 0.7547
Adjusting learning rate of group 0 to 1.0000e-01.
Epoch: 39, Train loss: 0.72249595703125, Validation loss: 0.790997554397583, Validation accuracy: 0.7647
Adjusting learning rate of group 0 to 1.0000e-01.
Epoch: 40, Train loss: 0.7074838508796691, Validation loss: 0.7927774335861206, Validation accuracy: 0.7787
Adjusting learning rate of group 0 to 1.0000e-01.
Epoch: 41, Train loss: 0.7065061840057373, Validation loss: 0.9684291471481323, Validation accuracy: 0.7219
Adjusting learning rate of group 0 to 1.0000e-01.
Epoch: 42, Train loss: 0.7103311554145813, Validation loss: 0.8864799766540528, Validation accuracy: 0.7537
Adjusting learning rate of group 0 to 1.0000e-01.
Epoch: 43, Train loss: 0.7029485594177246, Validation loss: 0.8579617908477783, Validation accuracy: 0.7375
Adjusting learning rate of group 0 to 1.0000e-01.
Epoch: 44, Train loss: 0.7083066270256042, Validation loss: 0.7938318183898926, Validation accuracy: 0.7977
Adjusting learning rate of group 0 to 1.0000e-01.
Epoch: 45, Train loss: 0.675382675113678, Validation loss: 1.0396091417312623, Validation accuracy: 0.6801
Adjusting learning rate of group 0 to 1.0000e-01.
Epoch: 46, Train loss: 0.700965142326355, Validation loss: 0.9076273704528809, Validation accuracy: 0.715
Adjusting learning rate of group 0 to 1.0000e-01.
Epoch: 47, Train loss: 0.6885169362545014, Validation loss: 0.861662753868103, Validation accuracy: 0.7769
Adjusting learning rate of group 0 to 1.0000e-01.
Epoch: 48, Train loss: 0.6835052879333496, Validation loss: 0.9175749212265014, Validation accuracy: 0.7533
Adjusting learning rate of group 0 to 1.0000e-01.
Epoch: 49, Train loss: 0.6890837217140198, Validation loss: 1.1342898864746094, Validation accuracy: 0.695
Adjusting learning rate of group 0 to 1.0000e-01.
Epoch: 50, Train loss: 0.6747888607597351, Validation loss: 0.7905787275314331, Validation accuracy: 0.7774
Adjusting learning rate of group 0 to 1.0000e-01.
Epoch: 51, Train loss: 0.6800713047409057, Validation loss: 0.8813415468215943, Validation accuracy: 0.7551
Adjusting learning rate of group 0 to 1.0000e-01.
Epoch: 52, Train loss: 0.7053005265426636, Validation loss: 0.8790908697128296, Validation accuracy: 0.7761
Adjusting learning rate of group 0 to 1.0000e-01.
Epoch: 53, Train loss: 0.6727471228408813, Validation loss: 0.8617639045715332, Validation accuracy: 0.7719
Adjusting learning rate of group 0 to 1.0000e-01.
Epoch: 54, Train loss: 0.6943832853317261, Validation loss: 0.8414507056236267, Validation accuracy: 0.7725
Adjusting learning rate of group 0 to 1.0000e-01.
Epoch: 55, Train loss: 0.6591694812583924, Validation loss: 0.8323467345237732, Validation accuracy: 0.768
Adjusting learning rate of group 0 to 1.0000e-01.
Epoch: 56, Train loss: 0.6581442031478881, Validation loss: 0.9608448541641236, Validation accuracy: 0.7551
Adjusting learning rate of group 0 to 1.0000e-01.
Epoch: 57, Train loss: 0.6661977523899079, Validation loss: 0.9664148257255554, Validation accuracy: 0.7288
Adjusting learning rate of group 0 to 1.0000e-01.
Epoch: 58, Train loss: 0.6492289233970642, Validation loss: 0.8707383072853089, Validation accuracy: 0.7525
Adjusting learning rate of group 0 to 1.0000e-01.
Epoch: 59, Train loss: 0.6521623614692688, Validation loss: 0.8011524132728577, Validation accuracy: 0.7581
Adjusting learning rate of group 0 to 1.0000e-01.
Epoch: 60, Train loss: 0.6665735570144653, Validation loss: 0.7809604299545289, Validation accuracy: 0.7839
Adjusting learning rate of group 0 to 1.0000e-01.
Epoch: 61, Train loss: 0.6562780271911621, Validation loss: 0.839918694114685, Validation accuracy: 0.7578
Adjusting learning rate of group 0 to 1.0000e-01.
Epoch: 62, Train loss: 0.6578906314277649, Validation loss: 0.9628788576126098, Validation accuracy: 0.7576
Adjusting learning rate of group 0 to 1.0000e-01.
Epoch: 63, Train loss: 0.6469237717437745, Validation loss: 0.8834902362823487, Validation accuracy: 0.7392
Adjusting learning rate of group 0 to 1.0000e-01.
Epoch: 64, Train loss: 0.6276888396453857, Validation loss: 1.108717699432373, Validation accuracy: 0.7257
Adjusting learning rate of group 0 to 1.0000e-01.
Epoch: 65, Train loss: 0.6635951289463043, Validation loss: 0.7490944421768189, Validation accuracy: 0.788
Adjusting learning rate of group 0 to 1.0000e-01.
Epoch: 66, Train loss: 0.6436060702705383, Validation loss: 0.8173200033187866, Validation accuracy: 0.771
Adjusting learning rate of group 0 to 1.0000e-01.
Epoch: 67, Train loss: 0.646372271080017, Validation loss: 0.804092894077301, Validation accuracy: 0.7754
Adjusting learning rate of group 0 to 1.0000e-01.
Epoch: 68, Train loss: 0.647314968662262, Validation loss: 0.8454619325637818, Validation accuracy: 0.7573
Adjusting learning rate of group 0 to 1.0000e-01.
Epoch: 69, Train loss: 0.6475064687156677, Validation loss: 0.8432035673141479, Validation accuracy: 0.7636
Adjusting learning rate of group 0 to 1.0000e-01.
Epoch: 70, Train loss: 0.6381536839675903, Validation loss: 0.7917263467788697, Validation accuracy: 0.7945
Adjusting learning rate of group 0 to 1.0000e-01.
Epoch: 71, Train loss: 0.6288920892143249, Validation loss: 1.0858427944183349, Validation accuracy: 0.7483
Adjusting learning rate of group 0 to 1.0000e-01.
Epoch: 72, Train loss: 0.6349472470283508, Validation loss: 0.9497455305099487, Validation accuracy: 0.7648
Adjusting learning rate of group 0 to 1.0000e-01.
Epoch: 73, Train loss: 0.6304693177604676, Validation loss: 1.1572233684539794, Validation accuracy: 0.7483
Adjusting learning rate of group 0 to 1.0000e-01.
Epoch: 74, Train loss: 0.6486124737167358, Validation loss: 0.874280430984497, Validation accuracy: 0.7599
Adjusting learning rate of group 0 to 1.0000e-01.
Epoch: 75, Train loss: 0.6303476020240784, Validation loss: 0.9814580717086792, Validation accuracy: 0.7767
Adjusting learning rate of group 0 to 1.0000e-01.
Epoch: 76, Train loss: 0.6585312311363221, Validation loss: 0.8735070402145386, Validation accuracy: 0.7572
Adjusting learning rate of group 0 to 1.0000e-01.
Epoch: 77, Train loss: 0.644047498588562, Validation loss: 1.1448889469146728, Validation accuracy: 0.7258
Adjusting learning rate of group 0 to 1.0000e-01.
Epoch: 78, Train loss: 0.6280109626579284, Validation loss: 0.7539782926559448, Validation accuracy: 0.784
Adjusting learning rate of group 0 to 1.0000e-01.
Epoch: 79, Train loss: 0.6227230216979981, Validation loss: 0.8118763792037964, Validation accuracy: 0.7632
Adjusting learning rate of group 0 to 1.0000e-01.
Epoch: 80, Train loss: 0.6384382724189759, Validation loss: 1.0543800060272217, Validation accuracy: 0.7693
Adjusting learning rate of group 0 to 1.0000e-01.
Epoch: 81, Train loss: 0.6339416447639465, Validation loss: 0.784427206993103, Validation accuracy: 0.7768
Adjusting learning rate of group 0 to 1.0000e-01.
Epoch: 82, Train loss: 0.614900911102295, Validation loss: 0.8260440725326538, Validation accuracy: 0.7606
Adjusting learning rate of group 0 to 1.0000e-01.
Epoch: 83, Train loss: 0.6294967646217347, Validation loss: 0.8913605814933777, Validation accuracy: 0.7443
Adjusting learning rate of group 0 to 1.0000e-01.
Epoch: 84, Train loss: 0.6227742873001099, Validation loss: 0.731689877319336, Validation accuracy: 0.8109
Adjusting learning rate of group 0 to 1.0000e-01.
Epoch: 85, Train loss: 0.6204699758911133, Validation loss: 0.8601005861282348, Validation accuracy: 0.7567
Adjusting learning rate of group 0 to 1.0000e-01.
Epoch: 86, Train loss: 0.6111968390274047, Validation loss: 0.7855083039283752, Validation accuracy: 0.765
Adjusting learning rate of group 0 to 1.0000e-01.
Epoch: 87, Train loss: 0.6386634741020203, Validation loss: 0.856264361000061, Validation accuracy: 0.7846
Adjusting learning rate of group 0 to 1.0000e-01.
Epoch: 88, Train loss: 0.6024988549041748, Validation loss: 1.7044428047180176, Validation accuracy: 0.7001
Adjusting learning rate of group 0 to 1.0000e-01.
Epoch: 89, Train loss: 0.6097583215332031, Validation loss: 0.8336467075347901, Validation accuracy: 0.7718
Adjusting learning rate of group 0 to 1.0000e-01.
Epoch: 90, Train loss: 0.5911335250854493, Validation loss: 0.7599710720062256, Validation accuracy: 0.7864
Adjusting learning rate of group 0 to 1.0000e-01.
Epoch: 91, Train loss: 0.5986920303153992, Validation loss: 0.7098802456855774, Validation accuracy: 0.8044
Adjusting learning rate of group 0 to 1.0000e-01.
Epoch: 92, Train loss: 0.6103893439865112, Validation loss: 0.7257722698211669, Validation accuracy: 0.79
Adjusting learning rate of group 0 to 1.0000e-01.
Epoch: 93, Train loss: 0.6047174399185181, Validation loss: 0.7916117607116699, Validation accuracy: 0.7802
Adjusting learning rate of group 0 to 1.0000e-01.
Epoch: 94, Train loss: 0.5982066105270386, Validation loss: 0.7852973320007324, Validation accuracy: 0.7718
Adjusting learning rate of group 0 to 1.0000e-01.
Epoch: 95, Train loss: 0.5993560985374451, Validation loss: 0.767196047782898, Validation accuracy: 0.8072
Adjusting learning rate of group 0 to 1.0000e-01.
Epoch: 96, Train loss: 0.6260052165794373, Validation loss: 0.8173883409500122, Validation accuracy: 0.7958
Adjusting learning rate of group 0 to 1.0000e-01.
Epoch: 97, Train loss: 0.5988601867675781, Validation loss: 0.7338766639709473, Validation accuracy: 0.7933
Adjusting learning rate of group 0 to 1.0000e-01.
Epoch: 98, Train loss: 0.6022981267929077, Validation loss: 0.7684803722381591, Validation accuracy: 0.7725
Adjusting learning rate of group 0 to 1.0000e-01.
Epoch: 99, Train loss: 0.6286811034584046, Validation loss: 0.8766542204856873, Validation accuracy: 0.7758
Adjusting learning rate of group 0 to 1.0000e-02.
Epoch: 100, Train loss: 0.6209209929466247, Validation loss: 0.7434056082725525, Validation accuracy: 0.783
Adjusting learning rate of group 0 to 1.0000e-02.
Epoch: 101, Train loss: 0.42948741393089296, Validation loss: 0.5129414512634277, Validation accuracy: 0.8707
Adjusting learning rate of group 0 to 1.0000e-02.
Epoch: 102, Train loss: 0.3574556991100311, Validation loss: 0.49767362670898435, Validation accuracy: 0.8771
Adjusting learning rate of group 0 to 1.0000e-02.
Epoch: 103, Train loss: 0.3259863567829132, Validation loss: 0.48588717269897463, Validation accuracy: 0.8826
Adjusting learning rate of group 0 to 1.0000e-02.
Epoch: 104, Train loss: 0.3082832780265808, Validation loss: 0.47643248233795166, Validation accuracy: 0.8861
Adjusting learning rate of group 0 to 1.0000e-02.
Epoch: 105, Train loss: 0.2941970394039154, Validation loss: 0.48558830108642576, Validation accuracy: 0.8872
Adjusting learning rate of group 0 to 1.0000e-02.
Epoch: 106, Train loss: 0.28345101606369016, Validation loss: 0.4805584524154663, Validation accuracy: 0.8855
Adjusting learning rate of group 0 to 1.0000e-02.
Epoch: 107, Train loss: 0.2694777889251709, Validation loss: 0.4640599132537842, Validation accuracy: 0.8911
Adjusting learning rate of group 0 to 1.0000e-02.
Epoch: 108, Train loss: 0.26509679425239563, Validation loss: 0.45316920375823977, Validation accuracy: 0.8903
Adjusting learning rate of group 0 to 1.0000e-02.
Epoch: 109, Train loss: 0.25464227479457857, Validation loss: 0.4556949031829834, Validation accuracy: 0.8898
Adjusting learning rate of group 0 to 1.0000e-02.
Epoch: 110, Train loss: 0.24517543975830078, Validation loss: 0.49115048828125, Validation accuracy: 0.8919
Adjusting learning rate of group 0 to 1.0000e-02.
Epoch: 111, Train loss: 0.24608127592086793, Validation loss: 0.45793882808685304, Validation accuracy: 0.8936
Adjusting learning rate of group 0 to 1.0000e-02.
Epoch: 112, Train loss: 0.23787358672142028, Validation loss: 0.4916902610778809, Validation accuracy: 0.8911
Adjusting learning rate of group 0 to 1.0000e-02.
Epoch: 113, Train loss: 0.23088243865013122, Validation loss: 0.49365436973571775, Validation accuracy: 0.8938
Adjusting learning rate of group 0 to 1.0000e-02.
Epoch: 114, Train loss: 0.22601851774215698, Validation loss: 0.4578932343482971, Validation accuracy: 0.8906
Adjusting learning rate of group 0 to 1.0000e-02.
Epoch: 115, Train loss: 0.2234676605606079, Validation loss: 0.4709880544662476, Validation accuracy: 0.8935
Adjusting learning rate of group 0 to 1.0000e-02.
Epoch: 116, Train loss: 0.21497607737064361, Validation loss: 0.46353594341278076, Validation accuracy: 0.8941
Adjusting learning rate of group 0 to 1.0000e-02.
Epoch: 117, Train loss: 0.21330050954818724, Validation loss: 0.515151235961914, Validation accuracy: 0.893
Adjusting learning rate of group 0 to 1.0000e-02.
Epoch: 118, Train loss: 0.20987064890384674, Validation loss: 0.5346492413520813, Validation accuracy: 0.8935
Adjusting learning rate of group 0 to 1.0000e-02.
Epoch: 119, Train loss: 0.2009365911960602, Validation loss: 0.4900319507598877, Validation accuracy: 0.8943
Adjusting learning rate of group 0 to 1.0000e-02.
Epoch: 120, Train loss: 0.2018886619091034, Validation loss: 0.47872106246948243, Validation accuracy: 0.8949
Adjusting learning rate of group 0 to 1.0000e-02.
Epoch: 121, Train loss: 0.20006665658950806, Validation loss: 0.5075794488906861, Validation accuracy: 0.8976
Adjusting learning rate of group 0 to 1.0000e-02.
Epoch: 122, Train loss: 0.19017950057029723, Validation loss: 0.5416679872512817, Validation accuracy: 0.8955
Adjusting learning rate of group 0 to 1.0000e-02.
Epoch: 123, Train loss: 0.1906982715201378, Validation loss: 0.5001494325637817, Validation accuracy: 0.8984
Adjusting learning rate of group 0 to 1.0000e-02.
Epoch: 124, Train loss: 0.1871915734219551, Validation loss: 0.5668209196090698, Validation accuracy: 0.8935
Adjusting learning rate of group 0 to 1.0000e-02.
Epoch: 125, Train loss: 0.18603386722803117, Validation loss: 0.5131743288040161, Validation accuracy: 0.897
Adjusting learning rate of group 0 to 1.0000e-02.
Epoch: 126, Train loss: 0.18039464846372605, Validation loss: 0.551634076499939, Validation accuracy: 0.8992
Adjusting learning rate of group 0 to 1.0000e-02.
Epoch: 127, Train loss: 0.18065776010990142, Validation loss: 0.5034629983901977, Validation accuracy: 0.8984
Adjusting learning rate of group 0 to 1.0000e-02.
Epoch: 128, Train loss: 0.17416636384010314, Validation loss: 0.5458316028594971, Validation accuracy: 0.8973
Adjusting learning rate of group 0 to 1.0000e-02.
Epoch: 129, Train loss: 0.1807560567188263, Validation loss: 0.5095150381088257, Validation accuracy: 0.8972
Adjusting learning rate of group 0 to 1.0000e-02.
Epoch: 130, Train loss: 0.17730228741645812, Validation loss: 0.5594718114852906, Validation accuracy: 0.8923
Adjusting learning rate of group 0 to 1.0000e-02.
Epoch: 131, Train loss: 0.1725419021010399, Validation loss: 0.5517811193466187, Validation accuracy: 0.8982
Adjusting learning rate of group 0 to 1.0000e-02.
Epoch: 132, Train loss: 0.18294675931930543, Validation loss: 0.5532797080993652, Validation accuracy: 0.8947
Adjusting learning rate of group 0 to 1.0000e-02.
Epoch: 133, Train loss: 0.17043456976413726, Validation loss: 0.527300107383728, Validation accuracy: 0.8963
Adjusting learning rate of group 0 to 1.0000e-02.
Epoch: 134, Train loss: 0.17145839000701904, Validation loss: 0.5458877542495727, Validation accuracy: 0.8985
Adjusting learning rate of group 0 to 1.0000e-02.
Epoch: 135, Train loss: 0.17152759217739105, Validation loss: 0.5457311389923095, Validation accuracy: 0.895
Adjusting learning rate of group 0 to 1.0000e-02.
Epoch: 136, Train loss: 0.1694197845363617, Validation loss: 0.48585863933563234, Validation accuracy: 0.8976
Adjusting learning rate of group 0 to 1.0000e-02.
Epoch: 137, Train loss: 0.16598122376441957, Validation loss: 0.5460802001953124, Validation accuracy: 0.8929
Adjusting learning rate of group 0 to 1.0000e-02.
Epoch: 138, Train loss: 0.15911590858459473, Validation loss: 0.507980797958374, Validation accuracy: 0.8975
Adjusting learning rate of group 0 to 1.0000e-02.
Epoch: 139, Train loss: 0.1681527637386322, Validation loss: 0.5606146575927734, Validation accuracy: 0.8948
Adjusting learning rate of group 0 to 1.0000e-02.
Epoch: 140, Train loss: 0.15501341755390166, Validation loss: 0.5792376201629639, Validation accuracy: 0.896
Adjusting learning rate of group 0 to 1.0000e-02.
Epoch: 141, Train loss: 0.15633728390216828, Validation loss: 0.5267847772598266, Validation accuracy: 0.8968
Adjusting learning rate of group 0 to 1.0000e-02.
Epoch: 142, Train loss: 0.15759574845790864, Validation loss: 0.5865845239639282, Validation accuracy: 0.8875
Adjusting learning rate of group 0 to 1.0000e-02.
Epoch: 143, Train loss: 0.1605910709285736, Validation loss: 0.5583063064575196, Validation accuracy: 0.8958
Adjusting learning rate of group 0 to 1.0000e-02.
Epoch: 144, Train loss: 0.15469197960853576, Validation loss: 0.5017979875564575, Validation accuracy: 0.8941
Adjusting learning rate of group 0 to 1.0000e-02.
Epoch: 145, Train loss: 0.157079282245636, Validation loss: 0.556814019393921, Validation accuracy: 0.892
Adjusting learning rate of group 0 to 1.0000e-02.
Epoch: 146, Train loss: 0.1668643763446808, Validation loss: 0.6275306425094604, Validation accuracy: 0.8805
Adjusting learning rate of group 0 to 1.0000e-02.
Epoch: 147, Train loss: 0.1680312247490883, Validation loss: 0.5955616771697998, Validation accuracy: 0.8932
Adjusting learning rate of group 0 to 1.0000e-02.
Epoch: 148, Train loss: 0.1604783525466919, Validation loss: 0.5089374988555908, Validation accuracy: 0.8857
Adjusting learning rate of group 0 to 1.0000e-02.
Epoch: 149, Train loss: 0.15590510347366332, Validation loss: 0.5925699592590332, Validation accuracy: 0.8942
Adjusting learning rate of group 0 to 1.0000e-03.
Epoch: 150, Train loss: 0.16695567327976227, Validation loss: 0.508683987045288, Validation accuracy: 0.8961
Adjusting learning rate of group 0 to 1.0000e-03.
Epoch: 151, Train loss: 0.12198973711967469, Validation loss: 0.4993573822021484, Validation accuracy: 0.9057
Adjusting learning rate of group 0 to 1.0000e-03.
Epoch: 152, Train loss: 0.11120521208763122, Validation loss: 0.49827955913543703, Validation accuracy: 0.9069
Adjusting learning rate of group 0 to 1.0000e-03.
Epoch: 153, Train loss: 0.1005891135597229, Validation loss: 0.5149396759033203, Validation accuracy: 0.9092
Adjusting learning rate of group 0 to 1.0000e-03.
Epoch: 154, Train loss: 0.09386255494713783, Validation loss: 0.5197009714126587, Validation accuracy: 0.9074
Adjusting learning rate of group 0 to 1.0000e-03.
Epoch: 155, Train loss: 0.09310714287757874, Validation loss: 0.5413302068710327, Validation accuracy: 0.9079
Adjusting learning rate of group 0 to 1.0000e-03.
Epoch: 156, Train loss: 0.08860509200811387, Validation loss: 0.5405011713027954, Validation accuracy: 0.9087
Adjusting learning rate of group 0 to 1.0000e-03.
Epoch: 157, Train loss: 0.08790831536531449, Validation loss: 0.5467325511932373, Validation accuracy: 0.9084
Adjusting learning rate of group 0 to 1.0000e-03.
Epoch: 158, Train loss: 0.08761838969230652, Validation loss: 0.5461410991668701, Validation accuracy: 0.9092
Adjusting learning rate of group 0 to 1.0000e-03.
Epoch: 159, Train loss: 0.08135429592609406, Validation loss: 0.561650705909729, Validation accuracy: 0.9074
Adjusting learning rate of group 0 to 1.0000e-03.
Epoch: 160, Train loss: 0.08499033754110337, Validation loss: 0.5561707878112793, Validation accuracy: 0.9085
Adjusting learning rate of group 0 to 1.0000e-03.
Epoch: 161, Train loss: 0.08269951105594635, Validation loss: 0.5590774024963379, Validation accuracy: 0.9102
Adjusting learning rate of group 0 to 1.0000e-03.
Epoch: 162, Train loss: 0.07840393534302711, Validation loss: 0.5696577611923218, Validation accuracy: 0.9071
Adjusting learning rate of group 0 to 1.0000e-03.
Epoch: 163, Train loss: 0.07918308021306991, Validation loss: 0.5802607000350952, Validation accuracy: 0.9094
Adjusting learning rate of group 0 to 1.0000e-03.
Epoch: 164, Train loss: 0.07537540726423264, Validation loss: 0.5696667039871216, Validation accuracy: 0.9098
Adjusting learning rate of group 0 to 1.0000e-03.
Epoch: 165, Train loss: 0.07483120356082916, Validation loss: 0.5804697002410889, Validation accuracy: 0.908
Adjusting learning rate of group 0 to 1.0000e-03.
Epoch: 166, Train loss: 0.07670409412622452, Validation loss: 0.577267395401001, Validation accuracy: 0.9101
Adjusting learning rate of group 0 to 1.0000e-03.
Epoch: 167, Train loss: 0.07441202434301376, Validation loss: 0.604743300819397, Validation accuracy: 0.9084
Adjusting learning rate of group 0 to 1.0000e-03.
Epoch: 168, Train loss: 0.07212592039823532, Validation loss: 0.5879943841934204, Validation accuracy: 0.9077
Adjusting learning rate of group 0 to 1.0000e-03.
Epoch: 169, Train loss: 0.0688209915137291, Validation loss: 0.5956754718780518, Validation accuracy: 0.9085
Adjusting learning rate of group 0 to 1.0000e-03.
Epoch: 170, Train loss: 0.07070743670940399, Validation loss: 0.6203999643325806, Validation accuracy: 0.9078
Adjusting learning rate of group 0 to 1.0000e-03.
Epoch: 171, Train loss: 0.0698343211144209, Validation loss: 0.6169048151016235, Validation accuracy: 0.9079
Adjusting learning rate of group 0 to 1.0000e-03.
Epoch: 172, Train loss: 0.07077211091279983, Validation loss: 0.6186389772415161, Validation accuracy: 0.91
Adjusting learning rate of group 0 to 1.0000e-03.
Epoch: 173, Train loss: 0.0702970402932167, Validation loss: 0.6165647527694702, Validation accuracy: 0.9109
Adjusting learning rate of group 0 to 1.0000e-03.
Epoch: 174, Train loss: 0.06735685564756394, Validation loss: 0.6319661625862122, Validation accuracy: 0.9099
Adjusting learning rate of group 0 to 1.0000e-03.
Epoch: 175, Train loss: 0.06503371954202652, Validation loss: 0.631804606628418, Validation accuracy: 0.91
Adjusting learning rate of group 0 to 1.0000e-03.
Epoch: 176, Train loss: 0.06734804685592652, Validation loss: 0.6493097068786621, Validation accuracy: 0.9082
Adjusting learning rate of group 0 to 1.0000e-03.
Epoch: 177, Train loss: 0.06330482466578484, Validation loss: 0.6438036020278931, Validation accuracy: 0.9085
Adjusting learning rate of group 0 to 1.0000e-03.
Epoch: 178, Train loss: 0.06588623271942139, Validation loss: 0.6302470596313476, Validation accuracy: 0.9086
Adjusting learning rate of group 0 to 1.0000e-03.
Epoch: 179, Train loss: 0.06375402795433999, Validation loss: 0.6459794176101684, Validation accuracy: 0.9086
Adjusting learning rate of group 0 to 1.0000e-03.
Epoch: 180, Train loss: 0.06202947554588318, Validation loss: 0.6504733268737793, Validation accuracy: 0.9103
Adjusting learning rate of group 0 to 1.0000e-03.
Epoch: 181, Train loss: 0.06123873632192612, Validation loss: 0.6588364282608032, Validation accuracy: 0.9108
Adjusting learning rate of group 0 to 1.0000e-03.
Epoch: 182, Train loss: 0.06187914721131325, Validation loss: 0.6411046676635742, Validation accuracy: 0.9097
Adjusting learning rate of group 0 to 1.0000e-03.
Epoch: 183, Train loss: 0.06076276649475098, Validation loss: 0.6568762380599975, Validation accuracy: 0.9101
Adjusting learning rate of group 0 to 1.0000e-03.
Epoch: 184, Train loss: 0.060039351223707196, Validation loss: 0.6662403776168824, Validation accuracy: 0.9084
Adjusting learning rate of group 0 to 1.0000e-03.
Epoch: 185, Train loss: 0.05993479195833206, Validation loss: 0.6494216501235962, Validation accuracy: 0.9076
Adjusting learning rate of group 0 to 1.0000e-03.
Epoch: 186, Train loss: 0.05922650566339493, Validation loss: 0.6745073570251465, Validation accuracy: 0.9071
Adjusting learning rate of group 0 to 1.0000e-03.
Epoch: 187, Train loss: 0.05761360980272293, Validation loss: 0.6750657020568848, Validation accuracy: 0.9091
Adjusting learning rate of group 0 to 1.0000e-03.
Epoch: 188, Train loss: 0.059320057921409604, Validation loss: 0.6719067264556885, Validation accuracy: 0.9093
Adjusting learning rate of group 0 to 1.0000e-03.
Epoch: 189, Train loss: 0.05927300938010216, Validation loss: 0.6627965353012085, Validation accuracy: 0.9102
Adjusting learning rate of group 0 to 1.0000e-03.
Epoch: 190, Train loss: 0.05615419582605362, Validation loss: 0.662666215801239, Validation accuracy: 0.9085
Adjusting learning rate of group 0 to 1.0000e-03.
Epoch: 191, Train loss: 0.05571440283298493, Validation loss: 0.6792761901855469, Validation accuracy: 0.9089
Adjusting learning rate of group 0 to 1.0000e-03.
Epoch: 192, Train loss: 0.0571257829785347, Validation loss: 0.6943499082565308, Validation accuracy: 0.9075
Adjusting learning rate of group 0 to 1.0000e-03.
Epoch: 193, Train loss: 0.055071783056259156, Validation loss: 0.6841610387802124, Validation accuracy: 0.9092
Adjusting learning rate of group 0 to 1.0000e-03.
Epoch: 194, Train loss: 0.054722518734931946, Validation loss: 0.7002144393920898, Validation accuracy: 0.9083
Adjusting learning rate of group 0 to 1.0000e-03.
Epoch: 195, Train loss: 0.0532760777759552, Validation loss: 0.6818621488571167, Validation accuracy: 0.9069
Adjusting learning rate of group 0 to 1.0000e-03.
Epoch: 196, Train loss: 0.05553220373570919, Validation loss: 0.6965844867706299, Validation accuracy: 0.9075
Adjusting learning rate of group 0 to 1.0000e-03.
Epoch: 197, Train loss: 0.053269104340672495, Validation loss: 0.7043480875015259, Validation accuracy: 0.9078
Adjusting learning rate of group 0 to 1.0000e-03.
Epoch: 198, Train loss: 0.05555657795906067, Validation loss: 0.6940873429298401, Validation accuracy: 0.9097
Adjusting learning rate of group 0 to 1.0000e-03.
Epoch: 199, Train loss: 0.052907499212622645, Validation loss: 0.694953635597229, Validation accuracy: 0.907
Accuracy: 0.907, Parameters: 2662
