['ResNet-train.py', '--network', 'resnet', '--classifier', 'full', '--tensorization', '2', '2', '2', '2', '2', '2', '2', '2', '2', '2', '2', '2', '--ranks', '[[2, 5, 1, 1, 1, 1, 1, 1, 1, 1, 1, 1, 5], [5, 2, 3, 1, 1, 1, 1, 1, 1, 1, 1, 1, 1], [1, 3, 2, 1, 1, 1, 1, 1, 1, 1, 1, 1, 1], [1, 1, 1, 2, 1, 1, 1, 1, 1, 1, 1, 1, 3], [1, 1, 1, 1, 2, 2, 1, 1, 1, 1, 1, 1, 1], [1, 1, 1, 1, 2, 2, 1, 1, 1, 1, 1, 1, 1], [1, 1, 1, 1, 1, 1, 2, 1, 1, 1, 1, 1, 3], [1, 1, 1, 1, 1, 1, 1, 2, 1, 1, 1, 1, 1], [1, 1, 1, 1, 1, 1, 1, 1, 2, 1, 1, 1, 1], [1, 1, 1, 1, 1, 1, 1, 1, 1, 2, 2, 1, 3], [1, 1, 1, 1, 1, 1, 1, 1, 1, 2, 2, 3, 1], [1, 1, 1, 1, 1, 1, 1, 1, 1, 1, 3, 2, 1], [5, 1, 1, 3, 1, 1, 3, 1, 1, 3, 1, 1, 10]]', '--seed', '19', '--device', 'cuda:2']
Initializing dataloader
Files already downloaded and verified
Files already downloaded and verified
Dataloader has initialized
Initializing model
Adjusting learning rate of group 0 to 1.0000e-02.
Model initialized
Testing model
Tests passed
Adjusting learning rate of group 0 to 2.0000e-02.
Epoch: 0, Train loss: 2.018847235145569, Validation loss: 1.5673822492599487, Validation accuracy: 0.429
Adjusting learning rate of group 0 to 3.0000e-02.
Epoch: 1, Train loss: 1.4275004149246215, Validation loss: 1.2001973123550416, Validation accuracy: 0.5704
Adjusting learning rate of group 0 to 4.0000e-02.
Epoch: 2, Train loss: 1.1088803916549683, Validation loss: 0.989811053276062, Validation accuracy: 0.6678
Adjusting learning rate of group 0 to 5.0000e-02.
Epoch: 3, Train loss: 0.923299194908142, Validation loss: 1.2541216473579406, Validation accuracy: 0.6304
Adjusting learning rate of group 0 to 6.0000e-02.
Epoch: 4, Train loss: 0.806235254611969, Validation loss: 0.8437130611419678, Validation accuracy: 0.7303
Adjusting learning rate of group 0 to 7.0000e-02.
Epoch: 5, Train loss: 0.7431630131149292, Validation loss: 0.8665394426345825, Validation accuracy: 0.7271
Adjusting learning rate of group 0 to 8.0000e-02.
Epoch: 6, Train loss: 0.6869595584106445, Validation loss: 0.7241219845771789, Validation accuracy: 0.7506
Adjusting learning rate of group 0 to 9.0000e-02.
Epoch: 7, Train loss: 0.6466682116317749, Validation loss: 0.6330458760261536, Validation accuracy: 0.7872
Adjusting learning rate of group 0 to 1.0000e-01.
Epoch: 8, Train loss: 0.6394338596343994, Validation loss: 0.7053133550643921, Validation accuracy: 0.7476
Adjusting learning rate of group 0 to 1.0000e-01.
Epoch: 9, Train loss: 0.6621231141090393, Validation loss: 0.9521720251083374, Validation accuracy: 0.7366
Adjusting learning rate of group 0 to 1.0000e-01.
Epoch: 10, Train loss: 0.6032444899177551, Validation loss: 0.6552336271762847, Validation accuracy: 0.7861
Adjusting learning rate of group 0 to 1.0000e-01.
Epoch: 11, Train loss: 0.5836245761489868, Validation loss: 0.640982102394104, Validation accuracy: 0.7703
Adjusting learning rate of group 0 to 1.0000e-01.
Epoch: 12, Train loss: 0.5176811001777649, Validation loss: 0.5643979684829712, Validation accuracy: 0.8186
Adjusting learning rate of group 0 to 1.0000e-01.
Epoch: 13, Train loss: 0.5187296724510193, Validation loss: 0.5713788471221923, Validation accuracy: 0.8065
Adjusting learning rate of group 0 to 1.0000e-01.
Epoch: 14, Train loss: 0.5029325952148438, Validation loss: 0.5829023382663727, Validation accuracy: 0.8281
Adjusting learning rate of group 0 to 1.0000e-01.
Epoch: 15, Train loss: 0.5123742721366882, Validation loss: 0.580992830657959, Validation accuracy: 0.8189
Adjusting learning rate of group 0 to 1.0000e-01.
Epoch: 16, Train loss: 0.47612976303100585, Validation loss: 0.8784709062576294, Validation accuracy: 0.7242
Adjusting learning rate of group 0 to 1.0000e-01.
Epoch: 17, Train loss: 0.46318580344200133, Validation loss: 0.5385879265785217, Validation accuracy: 0.8224
Adjusting learning rate of group 0 to 1.0000e-01.
Epoch: 18, Train loss: 0.4867400688362122, Validation loss: 0.5241423593521118, Validation accuracy: 0.8341
Adjusting learning rate of group 0 to 1.0000e-01.
Epoch: 19, Train loss: 0.45750188517570495, Validation loss: 0.7631451648712159, Validation accuracy: 0.7696
Adjusting learning rate of group 0 to 1.0000e-01.
Epoch: 20, Train loss: 0.44245042284965513, Validation loss: 0.5591775453567505, Validation accuracy: 0.8046
Adjusting learning rate of group 0 to 1.0000e-01.
Epoch: 21, Train loss: 0.4576540319824219, Validation loss: 0.6349538777351379, Validation accuracy: 0.7978
Adjusting learning rate of group 0 to 1.0000e-01.
Epoch: 22, Train loss: 0.4433256041908264, Validation loss: 0.5015932307720185, Validation accuracy: 0.8393
Adjusting learning rate of group 0 to 1.0000e-01.
Epoch: 23, Train loss: 0.4306586092758179, Validation loss: 0.5258082919120789, Validation accuracy: 0.823
Adjusting learning rate of group 0 to 1.0000e-01.
Epoch: 24, Train loss: 0.4278372191619873, Validation loss: 0.7798014429092407, Validation accuracy: 0.7853
Adjusting learning rate of group 0 to 1.0000e-01.
Epoch: 25, Train loss: 0.42960752475738523, Validation loss: 0.5626306746482849, Validation accuracy: 0.8094
Adjusting learning rate of group 0 to 1.0000e-01.
Epoch: 26, Train loss: 0.41009873668670654, Validation loss: 0.5308848389148713, Validation accuracy: 0.8446
Adjusting learning rate of group 0 to 1.0000e-01.
Epoch: 27, Train loss: 0.411992624835968, Validation loss: 0.5670061231613159, Validation accuracy: 0.8243
Adjusting learning rate of group 0 to 1.0000e-01.
Epoch: 28, Train loss: 0.39713828619003294, Validation loss: 0.8191416301727295, Validation accuracy: 0.827
Adjusting learning rate of group 0 to 1.0000e-01.
Epoch: 29, Train loss: 0.39513507680892945, Validation loss: 0.47118139185905455, Validation accuracy: 0.8435
Adjusting learning rate of group 0 to 1.0000e-01.
Epoch: 30, Train loss: 0.40753484102249143, Validation loss: 0.5035359196662903, Validation accuracy: 0.8286
Adjusting learning rate of group 0 to 1.0000e-01.
Epoch: 31, Train loss: 0.3862523903465271, Validation loss: 0.46914065346717837, Validation accuracy: 0.844
Adjusting learning rate of group 0 to 1.0000e-01.
Epoch: 32, Train loss: 0.3977531333065033, Validation loss: 0.4876278237342834, Validation accuracy: 0.837
Adjusting learning rate of group 0 to 1.0000e-01.
Epoch: 33, Train loss: 0.3759270851230621, Validation loss: 0.961281111907959, Validation accuracy: 0.7379
Adjusting learning rate of group 0 to 1.0000e-01.
Epoch: 34, Train loss: 0.3818317545413971, Validation loss: 0.7363616603851318, Validation accuracy: 0.8194
Adjusting learning rate of group 0 to 1.0000e-01.
Epoch: 35, Train loss: 0.3925942174243927, Validation loss: 0.7907209741592407, Validation accuracy: 0.7977
Adjusting learning rate of group 0 to 1.0000e-01.
Epoch: 36, Train loss: 0.39561112800598147, Validation loss: 0.857441107749939, Validation accuracy: 0.7771
Adjusting learning rate of group 0 to 1.0000e-01.
Epoch: 37, Train loss: 0.3659292350292206, Validation loss: 0.7977459338188171, Validation accuracy: 0.8042
Adjusting learning rate of group 0 to 1.0000e-01.
Epoch: 38, Train loss: 0.36419942589759824, Validation loss: 0.5566998003959656, Validation accuracy: 0.8251
Adjusting learning rate of group 0 to 1.0000e-01.
Epoch: 39, Train loss: 0.37458913520812986, Validation loss: 0.5012659066677093, Validation accuracy: 0.8344
Adjusting learning rate of group 0 to 1.0000e-01.
Epoch: 40, Train loss: 0.36172622495651247, Validation loss: 0.5341347501277923, Validation accuracy: 0.8397
Adjusting learning rate of group 0 to 1.0000e-01.
Epoch: 41, Train loss: 0.3774038786315918, Validation loss: 0.7279591054916382, Validation accuracy: 0.8362
Adjusting learning rate of group 0 to 1.0000e-01.
Epoch: 42, Train loss: 0.3755855598163605, Validation loss: 0.6103154826164245, Validation accuracy: 0.7909
Adjusting learning rate of group 0 to 1.0000e-01.
Epoch: 43, Train loss: 0.39371704230308535, Validation loss: 0.6321630725860595, Validation accuracy: 0.8163
Adjusting learning rate of group 0 to 1.0000e-01.
Epoch: 44, Train loss: 0.3554937445259094, Validation loss: 0.6081000023841858, Validation accuracy: 0.829
Adjusting learning rate of group 0 to 1.0000e-01.
Epoch: 45, Train loss: 0.34431859268188475, Validation loss: 0.40656423759460447, Validation accuracy: 0.8615
Adjusting learning rate of group 0 to 1.0000e-01.
Epoch: 46, Train loss: 0.36688477296829225, Validation loss: 0.43688491096496584, Validation accuracy: 0.8512
Adjusting learning rate of group 0 to 1.0000e-01.
Epoch: 47, Train loss: 0.3600928351402283, Validation loss: 0.45916014699935914, Validation accuracy: 0.8477
Adjusting learning rate of group 0 to 1.0000e-01.
Epoch: 48, Train loss: 0.35577498624801634, Validation loss: 0.5481082802772522, Validation accuracy: 0.8155
Adjusting learning rate of group 0 to 1.0000e-01.
Epoch: 49, Train loss: 0.34816853295326233, Validation loss: 0.5191126810073853, Validation accuracy: 0.8364
Adjusting learning rate of group 0 to 1.0000e-01.
Epoch: 50, Train loss: 0.35600876602172854, Validation loss: 0.5776268368244171, Validation accuracy: 0.8205
Adjusting learning rate of group 0 to 1.0000e-01.
Epoch: 51, Train loss: 0.361275800743103, Validation loss: 0.5374817219257355, Validation accuracy: 0.8295
Adjusting learning rate of group 0 to 1.0000e-01.
Epoch: 52, Train loss: 0.358533105802536, Validation loss: 0.6680392877578736, Validation accuracy: 0.8438
Adjusting learning rate of group 0 to 1.0000e-01.
Epoch: 53, Train loss: 0.362716156873703, Validation loss: 0.8535506427764893, Validation accuracy: 0.798
Adjusting learning rate of group 0 to 1.0000e-01.
Epoch: 54, Train loss: 0.3535127456092835, Validation loss: 0.6149670305252075, Validation accuracy: 0.8146
Adjusting learning rate of group 0 to 1.0000e-01.
Epoch: 55, Train loss: 0.3459948110294342, Validation loss: 0.42828698325157166, Validation accuracy: 0.8582
Adjusting learning rate of group 0 to 1.0000e-01.
Epoch: 56, Train loss: 0.3736464650440216, Validation loss: 0.5522823843002319, Validation accuracy: 0.8143
Adjusting learning rate of group 0 to 1.0000e-01.
Epoch: 57, Train loss: 0.34620869972229, Validation loss: 0.47874923276901243, Validation accuracy: 0.8402
Adjusting learning rate of group 0 to 1.0000e-01.
Epoch: 58, Train loss: 0.3384047721862793, Validation loss: 0.4670313957691193, Validation accuracy: 0.8441
Adjusting learning rate of group 0 to 1.0000e-01.
Epoch: 59, Train loss: 0.3414113724517822, Validation loss: 0.47380288014411925, Validation accuracy: 0.8494
Adjusting learning rate of group 0 to 1.0000e-01.
Epoch: 60, Train loss: 0.3475339755725861, Validation loss: 0.7217304385185241, Validation accuracy: 0.8259
Adjusting learning rate of group 0 to 1.0000e-01.
Epoch: 61, Train loss: 0.33620515860557554, Validation loss: 0.7139959537506103, Validation accuracy: 0.8033
Adjusting learning rate of group 0 to 1.0000e-01.
Epoch: 62, Train loss: 0.3326237334346771, Validation loss: 0.5282825260639191, Validation accuracy: 0.8406
Adjusting learning rate of group 0 to 1.0000e-01.
Epoch: 63, Train loss: 0.3364572555923462, Validation loss: 1.007776838684082, Validation accuracy: 0.7642
Adjusting learning rate of group 0 to 1.0000e-01.
Epoch: 64, Train loss: 0.33767778686523436, Validation loss: 0.5699500148296356, Validation accuracy: 0.8176
Adjusting learning rate of group 0 to 1.0000e-01.
Epoch: 65, Train loss: 0.3236303801393509, Validation loss: 0.4963667722225189, Validation accuracy: 0.8427
Adjusting learning rate of group 0 to 1.0000e-01.
Epoch: 66, Train loss: 0.3455155247926712, Validation loss: 0.7931782169342041, Validation accuracy: 0.82
Adjusting learning rate of group 0 to 1.0000e-01.
Epoch: 67, Train loss: 0.33732279918670655, Validation loss: 0.5386548824310303, Validation accuracy: 0.8138
Adjusting learning rate of group 0 to 1.0000e-01.
Epoch: 68, Train loss: 0.3303701435279846, Validation loss: 0.5759198670387268, Validation accuracy: 0.8356
Adjusting learning rate of group 0 to 1.0000e-01.
Epoch: 69, Train loss: 0.3447146093559265, Validation loss: 0.4603741648197174, Validation accuracy: 0.8521
Adjusting learning rate of group 0 to 1.0000e-01.
Epoch: 70, Train loss: 0.3565014291095734, Validation loss: 0.734632760810852, Validation accuracy: 0.8162
Adjusting learning rate of group 0 to 1.0000e-01.
Epoch: 71, Train loss: 0.33888402958869934, Validation loss: 0.46066249084472655, Validation accuracy: 0.8491
Adjusting learning rate of group 0 to 1.0000e-01.
Epoch: 72, Train loss: 0.3189732925605774, Validation loss: 0.43206927127838135, Validation accuracy: 0.8529
Adjusting learning rate of group 0 to 1.0000e-01.
Epoch: 73, Train loss: 0.3556314593887329, Validation loss: 0.47396253476142886, Validation accuracy: 0.8426
Adjusting learning rate of group 0 to 1.0000e-01.
Epoch: 74, Train loss: 0.3497008860969543, Validation loss: 0.4282549506664276, Validation accuracy: 0.8583
Adjusting learning rate of group 0 to 1.0000e-01.
Epoch: 75, Train loss: 0.33080882320404054, Validation loss: 0.6280765547275543, Validation accuracy: 0.8024
Adjusting learning rate of group 0 to 1.0000e-01.
Epoch: 76, Train loss: 0.3284114304924011, Validation loss: 0.459358193063736, Validation accuracy: 0.8586
Adjusting learning rate of group 0 to 1.0000e-01.
Epoch: 77, Train loss: 0.3243249911785126, Validation loss: 0.5508058899879456, Validation accuracy: 0.8518
Adjusting learning rate of group 0 to 1.0000e-01.
Epoch: 78, Train loss: 0.3208602080249786, Validation loss: 0.4960015570640564, Validation accuracy: 0.855
Adjusting learning rate of group 0 to 1.0000e-01.
Epoch: 79, Train loss: 0.3224980486869812, Validation loss: 0.4889489514350891, Validation accuracy: 0.8355
Adjusting learning rate of group 0 to 1.0000e-01.
Epoch: 80, Train loss: 0.32549375959396365, Validation loss: 0.40756879839897153, Validation accuracy: 0.8658
Adjusting learning rate of group 0 to 1.0000e-01.
Epoch: 81, Train loss: 0.32041226821899416, Validation loss: 0.5041066541671753, Validation accuracy: 0.8448
Adjusting learning rate of group 0 to 1.0000e-01.
Epoch: 82, Train loss: 0.3153709938430786, Validation loss: 0.4613023678779602, Validation accuracy: 0.8638
Adjusting learning rate of group 0 to 1.0000e-01.
Epoch: 83, Train loss: 0.3197007957267761, Validation loss: 0.44782617807388303, Validation accuracy: 0.857
Adjusting learning rate of group 0 to 1.0000e-01.
Epoch: 84, Train loss: 0.33218055154800413, Validation loss: 0.4199366986274719, Validation accuracy: 0.8731
Adjusting learning rate of group 0 to 1.0000e-01.
Epoch: 85, Train loss: 0.3132183952045441, Validation loss: 0.5321316049575806, Validation accuracy: 0.8352
Adjusting learning rate of group 0 to 1.0000e-01.
Epoch: 86, Train loss: 0.32110902097702027, Validation loss: 0.41189667835235594, Validation accuracy: 0.8615
Adjusting learning rate of group 0 to 1.0000e-01.
Epoch: 87, Train loss: 0.31343956718444826, Validation loss: 0.5441730306148529, Validation accuracy: 0.8198
Adjusting learning rate of group 0 to 1.0000e-01.
Epoch: 88, Train loss: 0.32163270566940305, Validation loss: 0.450277463054657, Validation accuracy: 0.857
Adjusting learning rate of group 0 to 1.0000e-01.
Epoch: 89, Train loss: 0.31464782370567324, Validation loss: 0.4890562596321106, Validation accuracy: 0.868
Adjusting learning rate of group 0 to 1.0000e-01.
Epoch: 90, Train loss: 0.31980546949386596, Validation loss: 0.4247503962755203, Validation accuracy: 0.8554
Adjusting learning rate of group 0 to 1.0000e-01.
Epoch: 91, Train loss: 0.322470838136673, Validation loss: 0.5514989662647247, Validation accuracy: 0.8529
Adjusting learning rate of group 0 to 1.0000e-01.
Epoch: 92, Train loss: 0.31647119755744935, Validation loss: 0.42569313111305235, Validation accuracy: 0.8605
Adjusting learning rate of group 0 to 1.0000e-01.
Epoch: 93, Train loss: 0.32066936213493347, Validation loss: 0.5270388773918152, Validation accuracy: 0.8302
Adjusting learning rate of group 0 to 1.0000e-01.
Epoch: 94, Train loss: 0.324277663974762, Validation loss: 0.4786120059013367, Validation accuracy: 0.8396
Adjusting learning rate of group 0 to 1.0000e-01.
Epoch: 95, Train loss: 0.32463605783462524, Validation loss: 0.48576243686676024, Validation accuracy: 0.8395
Adjusting learning rate of group 0 to 1.0000e-01.
Epoch: 96, Train loss: 0.3487603812599182, Validation loss: 0.4386104305267334, Validation accuracy: 0.8525
Adjusting learning rate of group 0 to 1.0000e-01.
Epoch: 97, Train loss: 0.33256727479934695, Validation loss: 0.5146551900863647, Validation accuracy: 0.853
Adjusting learning rate of group 0 to 1.0000e-01.
Epoch: 98, Train loss: 0.3099602467155457, Validation loss: 0.6528999176025391, Validation accuracy: 0.8488
Adjusting learning rate of group 0 to 1.0000e-01.
Epoch: 99, Train loss: 0.3327480717563629, Validation loss: 0.7666876748085022, Validation accuracy: 0.7983
Adjusting learning rate of group 0 to 1.0000e-02.
Epoch: 100, Train loss: 0.3220976916790009, Validation loss: 0.5104818872928619, Validation accuracy: 0.858
Adjusting learning rate of group 0 to 1.0000e-02.
Epoch: 101, Train loss: 0.17329516681671142, Validation loss: 0.3094028609037399, Validation accuracy: 0.9143
Adjusting learning rate of group 0 to 1.0000e-02.
Epoch: 102, Train loss: 0.13883706072807311, Validation loss: 0.3169756676197052, Validation accuracy: 0.9183
Adjusting learning rate of group 0 to 1.0000e-02.
Epoch: 103, Train loss: 0.12358712582588195, Validation loss: 0.2680421305418014, Validation accuracy: 0.9193
Adjusting learning rate of group 0 to 1.0000e-02.
Epoch: 104, Train loss: 0.11683926823854446, Validation loss: 0.29855403475761416, Validation accuracy: 0.9216
Adjusting learning rate of group 0 to 1.0000e-02.
Epoch: 105, Train loss: 0.10777222330093383, Validation loss: 0.28969396623373034, Validation accuracy: 0.9217
Adjusting learning rate of group 0 to 1.0000e-02.
Epoch: 106, Train loss: 0.09995302907466888, Validation loss: 0.2808915839970112, Validation accuracy: 0.9234
Adjusting learning rate of group 0 to 1.0000e-02.
Epoch: 107, Train loss: 0.09620088288784027, Validation loss: 0.27869919517040254, Validation accuracy: 0.9234
Adjusting learning rate of group 0 to 1.0000e-02.
Epoch: 108, Train loss: 0.09145604640007018, Validation loss: 0.3112085282087326, Validation accuracy: 0.9212
Adjusting learning rate of group 0 to 1.0000e-02.
Epoch: 109, Train loss: 0.0873953263926506, Validation loss: 0.2692408740401268, Validation accuracy: 0.9234
Adjusting learning rate of group 0 to 1.0000e-02.
Epoch: 110, Train loss: 0.07858204397678376, Validation loss: 0.30781630020141604, Validation accuracy: 0.9255
Adjusting learning rate of group 0 to 1.0000e-02.
Epoch: 111, Train loss: 0.07856163747668267, Validation loss: 0.29404286539554597, Validation accuracy: 0.924
Adjusting learning rate of group 0 to 1.0000e-02.
Epoch: 112, Train loss: 0.07395660992383957, Validation loss: 0.3396370303094387, Validation accuracy: 0.9248
Adjusting learning rate of group 0 to 1.0000e-02.
Epoch: 113, Train loss: 0.0709551212966442, Validation loss: 0.3224912916839123, Validation accuracy: 0.923
Adjusting learning rate of group 0 to 1.0000e-02.
Epoch: 114, Train loss: 0.06732737340211868, Validation loss: 0.3276897883892059, Validation accuracy: 0.921
Adjusting learning rate of group 0 to 1.0000e-02.
Epoch: 115, Train loss: 0.06764996125459671, Validation loss: 0.3093642166137695, Validation accuracy: 0.9224
Adjusting learning rate of group 0 to 1.0000e-02.
Epoch: 116, Train loss: 0.06478194650650024, Validation loss: 0.32993916167467835, Validation accuracy: 0.9231
Adjusting learning rate of group 0 to 1.0000e-02.
Epoch: 117, Train loss: 0.06428446503281593, Validation loss: 0.32015135551691054, Validation accuracy: 0.9202
Adjusting learning rate of group 0 to 1.0000e-02.
Epoch: 118, Train loss: 0.06038331807613373, Validation loss: 0.3291459759712219, Validation accuracy: 0.9236
Adjusting learning rate of group 0 to 1.0000e-02.
Epoch: 119, Train loss: 0.05953088407754898, Validation loss: 0.35340299482345583, Validation accuracy: 0.9235
Adjusting learning rate of group 0 to 1.0000e-02.
Epoch: 120, Train loss: 0.05684809550285339, Validation loss: 0.368624185693264, Validation accuracy: 0.9226
Adjusting learning rate of group 0 to 1.0000e-02.
Epoch: 121, Train loss: 0.05528287764430046, Validation loss: 0.36640079565048217, Validation accuracy: 0.9187
Adjusting learning rate of group 0 to 1.0000e-02.
Epoch: 122, Train loss: 0.053147024147510526, Validation loss: 0.38116693843603133, Validation accuracy: 0.9219
Adjusting learning rate of group 0 to 1.0000e-02.
Epoch: 123, Train loss: 0.053132056677341465, Validation loss: 0.38668067428767683, Validation accuracy: 0.9238
Adjusting learning rate of group 0 to 1.0000e-02.
Epoch: 124, Train loss: 0.052031966993510724, Validation loss: 0.3586114334821701, Validation accuracy: 0.9211
Adjusting learning rate of group 0 to 1.0000e-02.
Epoch: 125, Train loss: 0.05031392547696829, Validation loss: 0.3600146615386009, Validation accuracy: 0.9218
Adjusting learning rate of group 0 to 1.0000e-02.
Epoch: 126, Train loss: 0.05009455039739609, Validation loss: 0.3364002350747585, Validation accuracy: 0.9231
Adjusting learning rate of group 0 to 1.0000e-02.
Epoch: 127, Train loss: 0.04904352257370949, Validation loss: 0.3758863565891981, Validation accuracy: 0.9202
Adjusting learning rate of group 0 to 1.0000e-02.
Epoch: 128, Train loss: 0.04684951818823815, Validation loss: 0.4072405433177948, Validation accuracy: 0.9191
Adjusting learning rate of group 0 to 1.0000e-02.
Epoch: 129, Train loss: 0.048906042432785034, Validation loss: 0.39687635837197305, Validation accuracy: 0.9176
Adjusting learning rate of group 0 to 1.0000e-02.
Epoch: 130, Train loss: 0.04652445843577385, Validation loss: 0.3440872902154922, Validation accuracy: 0.9223
Adjusting learning rate of group 0 to 1.0000e-02.
Epoch: 131, Train loss: 0.04575967267513275, Validation loss: 0.4022843377888203, Validation accuracy: 0.9188
Adjusting learning rate of group 0 to 1.0000e-02.
Epoch: 132, Train loss: 0.04467017340898514, Validation loss: 0.3708319832801819, Validation accuracy: 0.9225
Adjusting learning rate of group 0 to 1.0000e-02.
Epoch: 133, Train loss: 0.04518004812300205, Validation loss: 0.37349156556129454, Validation accuracy: 0.9192
Adjusting learning rate of group 0 to 1.0000e-02.
Epoch: 134, Train loss: 0.042775364413261414, Validation loss: 0.4250146452665329, Validation accuracy: 0.9195
Adjusting learning rate of group 0 to 1.0000e-02.
Epoch: 135, Train loss: 0.04328817082285881, Validation loss: 0.393394553565979, Validation accuracy: 0.9241
Adjusting learning rate of group 0 to 1.0000e-02.
Epoch: 136, Train loss: 0.04382941348880529, Validation loss: 0.41099078226089475, Validation accuracy: 0.9164
Adjusting learning rate of group 0 to 1.0000e-02.
Epoch: 137, Train loss: 0.04355553142160177, Validation loss: 0.4122580261349678, Validation accuracy: 0.9228
Adjusting learning rate of group 0 to 1.0000e-02.
Epoch: 138, Train loss: 0.044456122292280194, Validation loss: 0.4041466630935669, Validation accuracy: 0.921
Adjusting learning rate of group 0 to 1.0000e-02.
Epoch: 139, Train loss: 0.04401735198140144, Validation loss: 0.4445792778968811, Validation accuracy: 0.9162
Adjusting learning rate of group 0 to 1.0000e-02.
Epoch: 140, Train loss: 0.04553394915163517, Validation loss: 0.4220285371303558, Validation accuracy: 0.9171
Adjusting learning rate of group 0 to 1.0000e-02.
Epoch: 141, Train loss: 0.041482069920301436, Validation loss: 0.4290265872001648, Validation accuracy: 0.919
Adjusting learning rate of group 0 to 1.0000e-02.
Epoch: 142, Train loss: 0.04302861041247845, Validation loss: 0.45466836247444153, Validation accuracy: 0.9157
Adjusting learning rate of group 0 to 1.0000e-02.
Epoch: 143, Train loss: 0.04449157169222832, Validation loss: 0.40954340085983276, Validation accuracy: 0.9214
Adjusting learning rate of group 0 to 1.0000e-02.
Epoch: 144, Train loss: 0.04286244584202766, Validation loss: 0.4008344684123993, Validation accuracy: 0.9188
Adjusting learning rate of group 0 to 1.0000e-02.
Epoch: 145, Train loss: 0.04033259178876877, Validation loss: 0.4168333872318268, Validation accuracy: 0.9238
Adjusting learning rate of group 0 to 1.0000e-02.
Epoch: 146, Train loss: 0.042593173549473284, Validation loss: 0.40788260335624216, Validation accuracy: 0.9156
Adjusting learning rate of group 0 to 1.0000e-02.
Epoch: 147, Train loss: 0.04277764687657356, Validation loss: 0.40109877804517746, Validation accuracy: 0.9254
Adjusting learning rate of group 0 to 1.0000e-02.
Epoch: 148, Train loss: 0.041019111227691175, Validation loss: 0.43174083461761475, Validation accuracy: 0.9194
Adjusting learning rate of group 0 to 1.0000e-02.
Epoch: 149, Train loss: 0.04307174104571342, Validation loss: 0.3937275417804718, Validation accuracy: 0.9178
Adjusting learning rate of group 0 to 1.0000e-03.
Epoch: 150, Train loss: 0.042104378217160704, Validation loss: 0.4177156102657318, Validation accuracy: 0.9213
Adjusting learning rate of group 0 to 1.0000e-03.
Epoch: 151, Train loss: 0.02522099886775017, Validation loss: 0.44427003111839297, Validation accuracy: 0.9273
Adjusting learning rate of group 0 to 1.0000e-03.
Epoch: 152, Train loss: 0.020002618633657696, Validation loss: 0.4478820565223694, Validation accuracy: 0.9287
Adjusting learning rate of group 0 to 1.0000e-03.
Epoch: 153, Train loss: 0.016762463504895568, Validation loss: 0.47137513256073, Validation accuracy: 0.929
Adjusting learning rate of group 0 to 1.0000e-03.
Epoch: 154, Train loss: 0.015023727573435754, Validation loss: 0.47614339151382445, Validation accuracy: 0.9282
Adjusting learning rate of group 0 to 1.0000e-03.
Epoch: 155, Train loss: 0.01472070307040587, Validation loss: 0.4919388336658478, Validation accuracy: 0.9286
Adjusting learning rate of group 0 to 1.0000e-03.
Epoch: 156, Train loss: 0.011913590878359973, Validation loss: 0.5096920962810516, Validation accuracy: 0.9288
Adjusting learning rate of group 0 to 1.0000e-03.
Epoch: 157, Train loss: 0.01137577191790566, Validation loss: 0.5235993847846985, Validation accuracy: 0.9289
Adjusting learning rate of group 0 to 1.0000e-03.
Epoch: 158, Train loss: 0.012195487651787698, Validation loss: 0.5289266968250275, Validation accuracy: 0.9284
Adjusting learning rate of group 0 to 1.0000e-03.
Epoch: 159, Train loss: 0.01081713782388717, Validation loss: 0.5389925573348999, Validation accuracy: 0.929
Adjusting learning rate of group 0 to 1.0000e-03.
Epoch: 160, Train loss: 0.010043493876419961, Validation loss: 0.5603615660190582, Validation accuracy: 0.929
Adjusting learning rate of group 0 to 1.0000e-03.
Epoch: 161, Train loss: 0.011568008467070758, Validation loss: 0.5333057817935943, Validation accuracy: 0.9286
Adjusting learning rate of group 0 to 1.0000e-03.
Epoch: 162, Train loss: 0.010225555227715523, Validation loss: 0.5347269479751587, Validation accuracy: 0.9293
Adjusting learning rate of group 0 to 1.0000e-03.
Epoch: 163, Train loss: 0.010436366596780718, Validation loss: 0.5380126509189606, Validation accuracy: 0.9284
Adjusting learning rate of group 0 to 1.0000e-03.
Epoch: 164, Train loss: 0.010927210633568466, Validation loss: 0.5407184138298035, Validation accuracy: 0.9296
Adjusting learning rate of group 0 to 1.0000e-03.
Epoch: 165, Train loss: 0.010570919158877805, Validation loss: 0.5412079006195069, Validation accuracy: 0.9289
Adjusting learning rate of group 0 to 1.0000e-03.
Epoch: 166, Train loss: 0.009224029866298661, Validation loss: 0.5469582976818085, Validation accuracy: 0.9294
Adjusting learning rate of group 0 to 1.0000e-03.
Epoch: 167, Train loss: 0.008361519042821602, Validation loss: 0.5624699213027954, Validation accuracy: 0.9285
Adjusting learning rate of group 0 to 1.0000e-03.
Epoch: 168, Train loss: 0.009471499467585236, Validation loss: 0.5551602849006653, Validation accuracy: 0.9295
Adjusting learning rate of group 0 to 1.0000e-03.
Epoch: 169, Train loss: 0.008028677904866636, Validation loss: 0.5785632966995239, Validation accuracy: 0.9299
Adjusting learning rate of group 0 to 1.0000e-03.
Epoch: 170, Train loss: 0.007788028516359628, Validation loss: 0.580502823638916, Validation accuracy: 0.93
Adjusting learning rate of group 0 to 1.0000e-03.
Epoch: 171, Train loss: 0.007086438656765968, Validation loss: 0.5890116468429566, Validation accuracy: 0.9298
Adjusting learning rate of group 0 to 1.0000e-03.
Epoch: 172, Train loss: 0.008166484192204662, Validation loss: 0.580204969406128, Validation accuracy: 0.9298
Adjusting learning rate of group 0 to 1.0000e-03.
Epoch: 173, Train loss: 0.007993153459411114, Validation loss: 0.577346674156189, Validation accuracy: 0.9287
Adjusting learning rate of group 0 to 1.0000e-03.
Epoch: 174, Train loss: 0.007754081308785826, Validation loss: 0.5803969926834106, Validation accuracy: 0.9281
Adjusting learning rate of group 0 to 1.0000e-03.
Epoch: 175, Train loss: 0.008692899669799954, Validation loss: 0.5645123391151429, Validation accuracy: 0.929
Adjusting learning rate of group 0 to 1.0000e-03.
Epoch: 176, Train loss: 0.007126871392941102, Validation loss: 0.5842766173362732, Validation accuracy: 0.9294
Adjusting learning rate of group 0 to 1.0000e-03.
Epoch: 177, Train loss: 0.007603179018786177, Validation loss: 0.5769119918823242, Validation accuracy: 0.929
Adjusting learning rate of group 0 to 1.0000e-03.
Epoch: 178, Train loss: 0.007061845762440935, Validation loss: 0.5846086296081543, Validation accuracy: 0.9301
Adjusting learning rate of group 0 to 1.0000e-03.
Epoch: 179, Train loss: 0.006171585932592862, Validation loss: 0.6006638816833496, Validation accuracy: 0.9301
Adjusting learning rate of group 0 to 1.0000e-03.
Epoch: 180, Train loss: 0.0071628498951997605, Validation loss: 0.5982436945915223, Validation accuracy: 0.9301
Adjusting learning rate of group 0 to 1.0000e-03.
Epoch: 181, Train loss: 0.006947682748236693, Validation loss: 0.6021762033462524, Validation accuracy: 0.9287
Adjusting learning rate of group 0 to 1.0000e-03.
Epoch: 182, Train loss: 0.006083701367890462, Validation loss: 0.6212543048858643, Validation accuracy: 0.9281
Adjusting learning rate of group 0 to 1.0000e-03.
Epoch: 183, Train loss: 0.006548753118109889, Validation loss: 0.6108475635528564, Validation accuracy: 0.9295
Adjusting learning rate of group 0 to 1.0000e-03.
Epoch: 184, Train loss: 0.0074643249087769075, Validation loss: 0.597387143087387, Validation accuracy: 0.928
Adjusting learning rate of group 0 to 1.0000e-03.
Epoch: 185, Train loss: 0.0074821888884902, Validation loss: 0.5886985950469971, Validation accuracy: 0.9288
Adjusting learning rate of group 0 to 1.0000e-03.
Epoch: 186, Train loss: 0.006489635654659941, Validation loss: 0.5994666362762451, Validation accuracy: 0.9303
Adjusting learning rate of group 0 to 1.0000e-03.
Epoch: 187, Train loss: 0.005919407210131176, Validation loss: 0.6112958200454712, Validation accuracy: 0.9291
Adjusting learning rate of group 0 to 1.0000e-03.
Epoch: 188, Train loss: 0.006037188294054941, Validation loss: 0.6127303339958191, Validation accuracy: 0.9288
Adjusting learning rate of group 0 to 1.0000e-03.
Epoch: 189, Train loss: 0.006392072197357193, Validation loss: 0.6113579646110535, Validation accuracy: 0.9297
Adjusting learning rate of group 0 to 1.0000e-03.
Epoch: 190, Train loss: 0.005414188127177768, Validation loss: 0.6172849710464478, Validation accuracy: 0.9301
Adjusting learning rate of group 0 to 1.0000e-03.
Epoch: 191, Train loss: 0.005613827058188617, Validation loss: 0.6294219671249389, Validation accuracy: 0.93
Adjusting learning rate of group 0 to 1.0000e-03.
Epoch: 192, Train loss: 0.0054652755613136105, Validation loss: 0.6339695476531982, Validation accuracy: 0.9292
Adjusting learning rate of group 0 to 1.0000e-03.
Epoch: 193, Train loss: 0.006798717001918703, Validation loss: 0.6180462277889252, Validation accuracy: 0.9291
Adjusting learning rate of group 0 to 1.0000e-03.
Epoch: 194, Train loss: 0.005814477416465525, Validation loss: 0.6235542482852936, Validation accuracy: 0.9296
Adjusting learning rate of group 0 to 1.0000e-03.
Epoch: 195, Train loss: 0.006176169152157381, Validation loss: 0.6129758529186249, Validation accuracy: 0.9307
Adjusting learning rate of group 0 to 1.0000e-03.
Epoch: 196, Train loss: 0.0049238559878245, Validation loss: 0.6248629688739776, Validation accuracy: 0.9299
Adjusting learning rate of group 0 to 1.0000e-03.
Epoch: 197, Train loss: 0.006001829090672545, Validation loss: 0.6288060738563538, Validation accuracy: 0.9291
Adjusting learning rate of group 0 to 1.0000e-03.
Epoch: 198, Train loss: 0.005289708884872962, Validation loss: 0.6269293241500854, Validation accuracy: 0.9305
Adjusting learning rate of group 0 to 1.0000e-03.
Epoch: 199, Train loss: 0.004958212597789243, Validation loss: 0.6481168969631195, Validation accuracy: 0.9295
Accuracy: 0.9295, Parameters: 1500
