['ResNet-train.py', '--network', 'resnet', '--classifier', 'full', '--tensorization', '4', '4', '4', '4', '4', '4', '--ranks', '[[4, 2, 1, 1, 1, 1, 3], [2, 4, 1, 1, 1, 2, 1], [1, 1, 4, 2, 2, 2, 1], [1, 1, 2, 4, 2, 3, 1], [1, 1, 2, 2, 4, 2, 2], [1, 2, 2, 3, 2, 4, 3], [3, 1, 1, 1, 2, 3, 10]]', '--seed', '13', '--device', 'cuda:2']
Initializing dataloader
Files already downloaded and verified
Files already downloaded and verified
Dataloader has initialized
Initializing model
Adjusting learning rate of group 0 to 1.0000e-02.
Model initialized
Testing model
Tests passed
Adjusting learning rate of group 0 to 2.0000e-02.
Epoch: 0, Train loss: 1.8808695796966552, Validation loss: 1.51351925907135, Validation accuracy: 0.4486
Adjusting learning rate of group 0 to 3.0000e-02.
Epoch: 1, Train loss: 1.4497566823959351, Validation loss: 1.33697705783844, Validation accuracy: 0.5043
Adjusting learning rate of group 0 to 4.0000e-02.
Epoch: 2, Train loss: 1.179703960647583, Validation loss: 1.3929874259948731, Validation accuracy: 0.5486
Adjusting learning rate of group 0 to 5.0000e-02.
Epoch: 3, Train loss: 0.97038081615448, Validation loss: 0.936255879020691, Validation accuracy: 0.6849
Adjusting learning rate of group 0 to 6.0000e-02.
Epoch: 4, Train loss: 0.8389584794616699, Validation loss: 0.8893169706344605, Validation accuracy: 0.7185
Adjusting learning rate of group 0 to 7.0000e-02.
Epoch: 5, Train loss: 0.7525748018455506, Validation loss: 0.8980730534553528, Validation accuracy: 0.6747
Adjusting learning rate of group 0 to 8.0000e-02.
Epoch: 6, Train loss: 0.7038344035530091, Validation loss: 0.8894682812690735, Validation accuracy: 0.7199
Adjusting learning rate of group 0 to 9.0000e-02.
Epoch: 7, Train loss: 0.6495823076057434, Validation loss: 1.028774018383026, Validation accuracy: 0.6632
Adjusting learning rate of group 0 to 1.0000e-01.
Epoch: 8, Train loss: 0.6299334095191955, Validation loss: 0.806627547454834, Validation accuracy: 0.7379
Adjusting learning rate of group 0 to 1.0000e-01.
Epoch: 9, Train loss: 0.6013460791778564, Validation loss: 0.9497621818542481, Validation accuracy: 0.7324
Adjusting learning rate of group 0 to 1.0000e-01.
Epoch: 10, Train loss: 0.5710114096641541, Validation loss: 0.7321007571220398, Validation accuracy: 0.7732
Adjusting learning rate of group 0 to 1.0000e-01.
Epoch: 11, Train loss: 0.5485565113830566, Validation loss: 0.7657641615867615, Validation accuracy: 0.7614
Adjusting learning rate of group 0 to 1.0000e-01.
Epoch: 12, Train loss: 0.5151435170173645, Validation loss: 0.5642869192123413, Validation accuracy: 0.8081
Adjusting learning rate of group 0 to 1.0000e-01.
Epoch: 13, Train loss: 0.49483945652008055, Validation loss: 0.7846269556045532, Validation accuracy: 0.7509
Adjusting learning rate of group 0 to 1.0000e-01.
Epoch: 14, Train loss: 0.48388752305984495, Validation loss: 0.6093161284446716, Validation accuracy: 0.8179
Adjusting learning rate of group 0 to 1.0000e-01.
Epoch: 15, Train loss: 0.4622170140171051, Validation loss: 0.5669434747695923, Validation accuracy: 0.8149
Adjusting learning rate of group 0 to 1.0000e-01.
Epoch: 16, Train loss: 0.45517987607955934, Validation loss: 0.5606478781700134, Validation accuracy: 0.8236
Adjusting learning rate of group 0 to 1.0000e-01.
Epoch: 17, Train loss: 0.449039030418396, Validation loss: 0.6610335066795349, Validation accuracy: 0.7879
Adjusting learning rate of group 0 to 1.0000e-01.
Epoch: 18, Train loss: 0.4375958599662781, Validation loss: 0.4813408031463623, Validation accuracy: 0.8348
Adjusting learning rate of group 0 to 1.0000e-01.
Epoch: 19, Train loss: 0.42566347992897036, Validation loss: 0.49585434970855713, Validation accuracy: 0.8399
Adjusting learning rate of group 0 to 1.0000e-01.
Epoch: 20, Train loss: 0.41729793371200563, Validation loss: 0.6467529758453369, Validation accuracy: 0.7918
Adjusting learning rate of group 0 to 1.0000e-01.
Epoch: 21, Train loss: 0.4161506160163879, Validation loss: 0.522636155128479, Validation accuracy: 0.8311
Adjusting learning rate of group 0 to 1.0000e-01.
Epoch: 22, Train loss: 0.40006793944358826, Validation loss: 0.6172383420944214, Validation accuracy: 0.8009
Adjusting learning rate of group 0 to 1.0000e-01.
Epoch: 23, Train loss: 0.3992870702362061, Validation loss: 0.5607814708709716, Validation accuracy: 0.806
Adjusting learning rate of group 0 to 1.0000e-01.
Epoch: 24, Train loss: 0.3945311531352997, Validation loss: 0.51345159034729, Validation accuracy: 0.8385
Adjusting learning rate of group 0 to 1.0000e-01.
Epoch: 25, Train loss: 0.38494435643196107, Validation loss: 0.8244441619873046, Validation accuracy: 0.8134
Adjusting learning rate of group 0 to 1.0000e-01.
Epoch: 26, Train loss: 0.3856021637058258, Validation loss: 0.5179569832801819, Validation accuracy: 0.8281
Adjusting learning rate of group 0 to 1.0000e-01.
Epoch: 27, Train loss: 0.37923774975776675, Validation loss: 0.5379161283493042, Validation accuracy: 0.8463
Adjusting learning rate of group 0 to 1.0000e-01.
Epoch: 28, Train loss: 0.36909620975494384, Validation loss: 0.5043869644165039, Validation accuracy: 0.8454
Adjusting learning rate of group 0 to 1.0000e-01.
Epoch: 29, Train loss: 0.3721266069793701, Validation loss: 0.7218614745140076, Validation accuracy: 0.8051
Adjusting learning rate of group 0 to 1.0000e-01.
Epoch: 30, Train loss: 0.36313051802635193, Validation loss: 0.6281778626441955, Validation accuracy: 0.812
Adjusting learning rate of group 0 to 1.0000e-01.
Epoch: 31, Train loss: 0.36493296669960024, Validation loss: 0.5081322666168213, Validation accuracy: 0.8377
Adjusting learning rate of group 0 to 1.0000e-01.
Epoch: 32, Train loss: 0.3582168441390991, Validation loss: 0.7123197437286377, Validation accuracy: 0.7958
Adjusting learning rate of group 0 to 1.0000e-01.
Epoch: 33, Train loss: 0.34545210008621213, Validation loss: 0.6989249755859375, Validation accuracy: 0.8334
Adjusting learning rate of group 0 to 1.0000e-01.
Epoch: 34, Train loss: 0.3586408114337921, Validation loss: 0.5915047219753266, Validation accuracy: 0.8197
Adjusting learning rate of group 0 to 1.0000e-01.
Epoch: 35, Train loss: 0.35065956869125364, Validation loss: 0.5446625, Validation accuracy: 0.843
Adjusting learning rate of group 0 to 1.0000e-01.
Epoch: 36, Train loss: 0.34565379828453063, Validation loss: 0.40875495748519897, Validation accuracy: 0.8642
Adjusting learning rate of group 0 to 1.0000e-01.
Epoch: 37, Train loss: 0.34427522901773455, Validation loss: 0.7253575892448425, Validation accuracy: 0.8116
Adjusting learning rate of group 0 to 1.0000e-01.
Epoch: 38, Train loss: 0.344164912109375, Validation loss: 0.4574969431400299, Validation accuracy: 0.8576
Adjusting learning rate of group 0 to 1.0000e-01.
Epoch: 39, Train loss: 0.3408182048416138, Validation loss: 0.5057117949008941, Validation accuracy: 0.8406
Adjusting learning rate of group 0 to 1.0000e-01.
Epoch: 40, Train loss: 0.33803163412094117, Validation loss: 0.6189132759094238, Validation accuracy: 0.8134
Adjusting learning rate of group 0 to 1.0000e-01.
Epoch: 41, Train loss: 0.33417126876831055, Validation loss: 0.5400006386756897, Validation accuracy: 0.8364
Adjusting learning rate of group 0 to 1.0000e-01.
Epoch: 42, Train loss: 0.33503724062919615, Validation loss: 0.5572614970684051, Validation accuracy: 0.8235
Adjusting learning rate of group 0 to 1.0000e-01.
Epoch: 43, Train loss: 0.33371297543525696, Validation loss: 0.871885905456543, Validation accuracy: 0.752
Adjusting learning rate of group 0 to 1.0000e-01.
Epoch: 44, Train loss: 0.3297053512573242, Validation loss: 0.42332701778411863, Validation accuracy: 0.8681
Adjusting learning rate of group 0 to 1.0000e-01.
Epoch: 45, Train loss: 0.3313080319404602, Validation loss: 0.8337722249984741, Validation accuracy: 0.7743
Adjusting learning rate of group 0 to 1.0000e-01.
Epoch: 46, Train loss: 0.3327610915565491, Validation loss: 0.4946093953132629, Validation accuracy: 0.8364
Adjusting learning rate of group 0 to 1.0000e-01.
Epoch: 47, Train loss: 0.3290408544254303, Validation loss: 0.46422227907180785, Validation accuracy: 0.858
Adjusting learning rate of group 0 to 1.0000e-01.
Epoch: 48, Train loss: 0.32268126932144164, Validation loss: 0.6478457670211792, Validation accuracy: 0.8142
Adjusting learning rate of group 0 to 1.0000e-01.
Epoch: 49, Train loss: 0.32286399532318116, Validation loss: 0.5411291130065918, Validation accuracy: 0.8509
Adjusting learning rate of group 0 to 1.0000e-01.
Epoch: 50, Train loss: 0.31947753685474395, Validation loss: 0.7035630214691162, Validation accuracy: 0.8251
Adjusting learning rate of group 0 to 1.0000e-01.
Epoch: 51, Train loss: 0.323404580783844, Validation loss: 0.603200772857666, Validation accuracy: 0.8161
Adjusting learning rate of group 0 to 1.0000e-01.
Epoch: 52, Train loss: 0.3221818948173523, Validation loss: 0.45055342178344726, Validation accuracy: 0.8486
Adjusting learning rate of group 0 to 1.0000e-01.
Epoch: 53, Train loss: 0.3129645724582672, Validation loss: 0.511753628540039, Validation accuracy: 0.8401
Adjusting learning rate of group 0 to 1.0000e-01.
Epoch: 54, Train loss: 0.3166418427467346, Validation loss: 0.4872247367858887, Validation accuracy: 0.8532
Adjusting learning rate of group 0 to 1.0000e-01.
Epoch: 55, Train loss: 0.31691728669166563, Validation loss: 0.4592686538696289, Validation accuracy: 0.8502
Adjusting learning rate of group 0 to 1.0000e-01.
Epoch: 56, Train loss: 0.31303514574050906, Validation loss: 0.5554002094268798, Validation accuracy: 0.8514
Adjusting learning rate of group 0 to 1.0000e-01.
Epoch: 57, Train loss: 0.3121106663322449, Validation loss: 0.523712483549118, Validation accuracy: 0.834
Adjusting learning rate of group 0 to 1.0000e-01.
Epoch: 58, Train loss: 0.3098965726280212, Validation loss: 0.4821833013534546, Validation accuracy: 0.8503
Adjusting learning rate of group 0 to 1.0000e-01.
Epoch: 59, Train loss: 0.3132113362789154, Validation loss: 0.4917060374259949, Validation accuracy: 0.8401
Adjusting learning rate of group 0 to 1.0000e-01.
Epoch: 60, Train loss: 0.31222014207839965, Validation loss: 0.42197471265792846, Validation accuracy: 0.8602
Adjusting learning rate of group 0 to 1.0000e-01.
Epoch: 61, Train loss: 0.30221100844860077, Validation loss: 0.5508668161392212, Validation accuracy: 0.8403
Adjusting learning rate of group 0 to 1.0000e-01.
Epoch: 62, Train loss: 0.3120852834701538, Validation loss: 0.5576298496246338, Validation accuracy: 0.8377
Adjusting learning rate of group 0 to 1.0000e-01.
Epoch: 63, Train loss: 0.3053061668109894, Validation loss: 0.4176335394859314, Validation accuracy: 0.8659
Adjusting learning rate of group 0 to 1.0000e-01.
Epoch: 64, Train loss: 0.3026953418827057, Validation loss: 0.555601287651062, Validation accuracy: 0.8403
Adjusting learning rate of group 0 to 1.0000e-01.
Epoch: 65, Train loss: 0.3034131876754761, Validation loss: 0.4513265519142151, Validation accuracy: 0.8561
Adjusting learning rate of group 0 to 1.0000e-01.
Epoch: 66, Train loss: 0.2976394657039642, Validation loss: 0.9223237209320069, Validation accuracy: 0.7886
Adjusting learning rate of group 0 to 1.0000e-01.
Epoch: 67, Train loss: 0.30385379237174986, Validation loss: 0.4940872327804565, Validation accuracy: 0.8437
Adjusting learning rate of group 0 to 1.0000e-01.
Epoch: 68, Train loss: 0.30212526399612427, Validation loss: 0.5275250161170959, Validation accuracy: 0.8433
Adjusting learning rate of group 0 to 1.0000e-01.
Epoch: 69, Train loss: 0.30345727283477786, Validation loss: 0.47365502138137816, Validation accuracy: 0.8442
Adjusting learning rate of group 0 to 1.0000e-01.
Epoch: 70, Train loss: 0.30299963998794555, Validation loss: 0.555989705324173, Validation accuracy: 0.8364
Adjusting learning rate of group 0 to 1.0000e-01.
Epoch: 71, Train loss: 0.30374892840385437, Validation loss: 0.8131477531433106, Validation accuracy: 0.8093
Adjusting learning rate of group 0 to 1.0000e-01.
Epoch: 72, Train loss: 0.29764049377441404, Validation loss: 0.4712112522125244, Validation accuracy: 0.8531
Adjusting learning rate of group 0 to 1.0000e-01.
Epoch: 73, Train loss: 0.30411531084060667, Validation loss: 0.5465075755357742, Validation accuracy: 0.8242
Adjusting learning rate of group 0 to 1.0000e-01.
Epoch: 74, Train loss: 0.29879416830062866, Validation loss: 0.500786969089508, Validation accuracy: 0.8603
Adjusting learning rate of group 0 to 1.0000e-01.
Epoch: 75, Train loss: 0.30392579122543334, Validation loss: 0.5629656245231628, Validation accuracy: 0.836
Adjusting learning rate of group 0 to 1.0000e-01.
Epoch: 76, Train loss: 0.29057605491638183, Validation loss: 0.8169960369110107, Validation accuracy: 0.7663
Adjusting learning rate of group 0 to 1.0000e-01.
Epoch: 77, Train loss: 0.3001672758293152, Validation loss: 0.658792462348938, Validation accuracy: 0.8094
Adjusting learning rate of group 0 to 1.0000e-01.
Epoch: 78, Train loss: 0.29562234160900114, Validation loss: 0.41067338361740113, Validation accuracy: 0.8629
Adjusting learning rate of group 0 to 1.0000e-01.
Epoch: 79, Train loss: 0.2990164186286926, Validation loss: 0.4072622447013855, Validation accuracy: 0.8635
Adjusting learning rate of group 0 to 1.0000e-01.
Epoch: 80, Train loss: 0.293351198925972, Validation loss: 0.46025287833213807, Validation accuracy: 0.8508
Adjusting learning rate of group 0 to 1.0000e-01.
Epoch: 81, Train loss: 0.29269150685310363, Validation loss: 0.4440589238166809, Validation accuracy: 0.8683
Adjusting learning rate of group 0 to 1.0000e-01.
Epoch: 82, Train loss: 0.2971859621620178, Validation loss: 0.4955205515861511, Validation accuracy: 0.8553
Adjusting learning rate of group 0 to 1.0000e-01.
Epoch: 83, Train loss: 0.29354067131996153, Validation loss: 0.49315333194732663, Validation accuracy: 0.8404
Adjusting learning rate of group 0 to 1.0000e-01.
Epoch: 84, Train loss: 0.2918211864280701, Validation loss: 0.5361385199069977, Validation accuracy: 0.8509
Adjusting learning rate of group 0 to 1.0000e-01.
Epoch: 85, Train loss: 0.29371372677803037, Validation loss: 0.43085131750106814, Validation accuracy: 0.8661
Adjusting learning rate of group 0 to 1.0000e-01.
Epoch: 86, Train loss: 0.28667098039627076, Validation loss: 0.6290740190505981, Validation accuracy: 0.8276
Adjusting learning rate of group 0 to 1.0000e-01.
Epoch: 87, Train loss: 0.29520149872779844, Validation loss: 0.4498920934677124, Validation accuracy: 0.8526
Adjusting learning rate of group 0 to 1.0000e-01.
Epoch: 88, Train loss: 0.29782557468652726, Validation loss: 0.4522376968383789, Validation accuracy: 0.8581
Adjusting learning rate of group 0 to 1.0000e-01.
Epoch: 89, Train loss: 0.295299115691185, Validation loss: 0.4578438138604164, Validation accuracy: 0.863
Adjusting learning rate of group 0 to 1.0000e-01.
Epoch: 90, Train loss: 0.2817448511791229, Validation loss: 0.5629530999183655, Validation accuracy: 0.834
Adjusting learning rate of group 0 to 1.0000e-01.
Epoch: 91, Train loss: 0.2889646640777588, Validation loss: 0.5170705603599548, Validation accuracy: 0.8415
Adjusting learning rate of group 0 to 1.0000e-01.
Epoch: 92, Train loss: 0.28885582895278933, Validation loss: 0.5035455192565917, Validation accuracy: 0.8521
Adjusting learning rate of group 0 to 1.0000e-01.
Epoch: 93, Train loss: 0.2926476557731628, Validation loss: 0.46534296400547026, Validation accuracy: 0.848
Adjusting learning rate of group 0 to 1.0000e-01.
Epoch: 94, Train loss: 0.2904564424276352, Validation loss: 0.6285731257915497, Validation accuracy: 0.8106
Adjusting learning rate of group 0 to 1.0000e-01.
Epoch: 95, Train loss: 0.2841496444892883, Validation loss: 0.3870769043922424, Validation accuracy: 0.8775
Adjusting learning rate of group 0 to 1.0000e-01.
Epoch: 96, Train loss: 0.289481029882431, Validation loss: 0.7273443011283874, Validation accuracy: 0.7757
Adjusting learning rate of group 0 to 1.0000e-01.
Epoch: 97, Train loss: 0.2873307847690582, Validation loss: 0.407104700922966, Validation accuracy: 0.8675
Adjusting learning rate of group 0 to 1.0000e-01.
Epoch: 98, Train loss: 0.2908841301727295, Validation loss: 0.5311825844764709, Validation accuracy: 0.8465
Adjusting learning rate of group 0 to 1.0000e-01.
Epoch: 99, Train loss: 0.28668054778575897, Validation loss: 0.453159881734848, Validation accuracy: 0.8586
Adjusting learning rate of group 0 to 1.0000e-02.
Epoch: 100, Train loss: 0.2858484686565399, Validation loss: 0.5486497146606445, Validation accuracy: 0.8545
Adjusting learning rate of group 0 to 1.0000e-02.
Epoch: 101, Train loss: 0.16365465269565582, Validation loss: 0.28403734431266786, Validation accuracy: 0.9159
Adjusting learning rate of group 0 to 1.0000e-02.
Epoch: 102, Train loss: 0.12388286129236221, Validation loss: 0.2780098670482635, Validation accuracy: 0.92
Adjusting learning rate of group 0 to 1.0000e-02.
Epoch: 103, Train loss: 0.11084036964893342, Validation loss: 0.2762436016082764, Validation accuracy: 0.9183
Adjusting learning rate of group 0 to 1.0000e-02.
Epoch: 104, Train loss: 0.1005929919576645, Validation loss: 0.28726353397369386, Validation accuracy: 0.9207
Adjusting learning rate of group 0 to 1.0000e-02.
Epoch: 105, Train loss: 0.09367500767707825, Validation loss: 0.280919722366333, Validation accuracy: 0.92
Adjusting learning rate of group 0 to 1.0000e-02.
Epoch: 106, Train loss: 0.08646764566838741, Validation loss: 0.2987033766746521, Validation accuracy: 0.9235
Adjusting learning rate of group 0 to 1.0000e-02.
Epoch: 107, Train loss: 0.08090034288883209, Validation loss: 0.2941009413719177, Validation accuracy: 0.922
Adjusting learning rate of group 0 to 1.0000e-02.
Epoch: 108, Train loss: 0.07643769973754883, Validation loss: 0.3157626609802246, Validation accuracy: 0.9201
Adjusting learning rate of group 0 to 1.0000e-02.
Epoch: 109, Train loss: 0.07371843242585659, Validation loss: 0.3080028664588928, Validation accuracy: 0.9207
Adjusting learning rate of group 0 to 1.0000e-02.
Epoch: 110, Train loss: 0.07002851995944977, Validation loss: 0.31177479801177976, Validation accuracy: 0.9215
Adjusting learning rate of group 0 to 1.0000e-02.
Epoch: 111, Train loss: 0.06477708405025304, Validation loss: 0.3157781038284302, Validation accuracy: 0.9211
Adjusting learning rate of group 0 to 1.0000e-02.
Epoch: 112, Train loss: 0.06477552659273147, Validation loss: 0.33816154289245604, Validation accuracy: 0.9225
Adjusting learning rate of group 0 to 1.0000e-02.
Epoch: 113, Train loss: 0.060467338109016416, Validation loss: 0.3292564115524292, Validation accuracy: 0.9235
Adjusting learning rate of group 0 to 1.0000e-02.
Epoch: 114, Train loss: 0.05708527960404754, Validation loss: 0.3457557788848877, Validation accuracy: 0.923
Adjusting learning rate of group 0 to 1.0000e-02.
Epoch: 115, Train loss: 0.05525324644446373, Validation loss: 0.34700394592285155, Validation accuracy: 0.9242
Adjusting learning rate of group 0 to 1.0000e-02.
Epoch: 116, Train loss: 0.05371851337432861, Validation loss: 0.3415144859313965, Validation accuracy: 0.9226
Adjusting learning rate of group 0 to 1.0000e-02.
Epoch: 117, Train loss: 0.049601789727807044, Validation loss: 0.37838098044395446, Validation accuracy: 0.9197
Adjusting learning rate of group 0 to 1.0000e-02.
Epoch: 118, Train loss: 0.04997000087916851, Validation loss: 0.34985936784744265, Validation accuracy: 0.9216
Adjusting learning rate of group 0 to 1.0000e-02.
Epoch: 119, Train loss: 0.04886045363754034, Validation loss: 0.363003821849823, Validation accuracy: 0.9232
Adjusting learning rate of group 0 to 1.0000e-02.
Epoch: 120, Train loss: 0.0468937307074666, Validation loss: 0.3925680263519287, Validation accuracy: 0.92
Adjusting learning rate of group 0 to 1.0000e-02.
Epoch: 121, Train loss: 0.04521782315969467, Validation loss: 0.3638339816093445, Validation accuracy: 0.9244
Adjusting learning rate of group 0 to 1.0000e-02.
Epoch: 122, Train loss: 0.04451742898583412, Validation loss: 0.3824608422279358, Validation accuracy: 0.9238
Adjusting learning rate of group 0 to 1.0000e-02.
Epoch: 123, Train loss: 0.04379004687309265, Validation loss: 0.39884880681037904, Validation accuracy: 0.92
Adjusting learning rate of group 0 to 1.0000e-02.
Epoch: 124, Train loss: 0.04378439544677734, Validation loss: 0.36673460321426393, Validation accuracy: 0.9217
Adjusting learning rate of group 0 to 1.0000e-02.
Epoch: 125, Train loss: 0.042890236427783966, Validation loss: 0.40284806957244873, Validation accuracy: 0.9204
Adjusting learning rate of group 0 to 1.0000e-02.
Epoch: 126, Train loss: 0.04057254130780697, Validation loss: 0.401182993555069, Validation accuracy: 0.9195
Adjusting learning rate of group 0 to 1.0000e-02.
Epoch: 127, Train loss: 0.040399271736741064, Validation loss: 0.4085237747192383, Validation accuracy: 0.9232
Adjusting learning rate of group 0 to 1.0000e-02.
Epoch: 128, Train loss: 0.03969964227557182, Validation loss: 0.3959862145423889, Validation accuracy: 0.9223
Adjusting learning rate of group 0 to 1.0000e-02.
Epoch: 129, Train loss: 0.03836246298730373, Validation loss: 0.41480701427459715, Validation accuracy: 0.9184
Adjusting learning rate of group 0 to 1.0000e-02.
Epoch: 130, Train loss: 0.04092130039572716, Validation loss: 0.40378908100128175, Validation accuracy: 0.922
Adjusting learning rate of group 0 to 1.0000e-02.
Epoch: 131, Train loss: 0.039919432069063183, Validation loss: 0.40015886793136596, Validation accuracy: 0.9229
Adjusting learning rate of group 0 to 1.0000e-02.
Epoch: 132, Train loss: 0.038686633406877516, Validation loss: 0.4389661353111267, Validation accuracy: 0.9176
Adjusting learning rate of group 0 to 1.0000e-02.
Epoch: 133, Train loss: 0.03813263465411961, Validation loss: 0.4392829471588135, Validation accuracy: 0.9134
Adjusting learning rate of group 0 to 1.0000e-02.
Epoch: 134, Train loss: 0.03867854353487492, Validation loss: 0.43523515844345095, Validation accuracy: 0.9186
Adjusting learning rate of group 0 to 1.0000e-02.
Epoch: 135, Train loss: 0.03791626118183136, Validation loss: 0.39525304679870604, Validation accuracy: 0.9225
Adjusting learning rate of group 0 to 1.0000e-02.
Epoch: 136, Train loss: 0.035763117183744905, Validation loss: 0.4103034346818924, Validation accuracy: 0.9227
Adjusting learning rate of group 0 to 1.0000e-02.
Epoch: 137, Train loss: 0.03749291610985994, Validation loss: 0.43764234540462493, Validation accuracy: 0.9184
Adjusting learning rate of group 0 to 1.0000e-02.
Epoch: 138, Train loss: 0.03679051167488098, Validation loss: 0.4408454888343811, Validation accuracy: 0.9199
Adjusting learning rate of group 0 to 1.0000e-02.
Epoch: 139, Train loss: 0.03871546936571598, Validation loss: 0.39450242619514464, Validation accuracy: 0.9243
Adjusting learning rate of group 0 to 1.0000e-02.
Epoch: 140, Train loss: 0.039064552960395814, Validation loss: 0.45739288091659547, Validation accuracy: 0.9147
Adjusting learning rate of group 0 to 1.0000e-02.
Epoch: 141, Train loss: 0.03642291289329529, Validation loss: 0.44929652967453004, Validation accuracy: 0.9155
Adjusting learning rate of group 0 to 1.0000e-02.
Epoch: 142, Train loss: 0.03613477891266346, Validation loss: 0.47917558393478393, Validation accuracy: 0.915
Adjusting learning rate of group 0 to 1.0000e-02.
Epoch: 143, Train loss: 0.03892129896819591, Validation loss: 0.42575517663955686, Validation accuracy: 0.9211
Adjusting learning rate of group 0 to 1.0000e-02.
Epoch: 144, Train loss: 0.03647355113238096, Validation loss: 0.4115585540771484, Validation accuracy: 0.9229
Adjusting learning rate of group 0 to 1.0000e-02.
Epoch: 145, Train loss: 0.0377016290012002, Validation loss: 0.42081217670440674, Validation accuracy: 0.9175
Adjusting learning rate of group 0 to 1.0000e-02.
Epoch: 146, Train loss: 0.03705755537331104, Validation loss: 0.44264840092658997, Validation accuracy: 0.9169
Adjusting learning rate of group 0 to 1.0000e-02.
Epoch: 147, Train loss: 0.035852582593560216, Validation loss: 0.4037711795806885, Validation accuracy: 0.9212
Adjusting learning rate of group 0 to 1.0000e-02.
Epoch: 148, Train loss: 0.035945428897738455, Validation loss: 0.42874978828430177, Validation accuracy: 0.9208
Adjusting learning rate of group 0 to 1.0000e-02.
Epoch: 149, Train loss: 0.03789715264886618, Validation loss: 0.41182522563934326, Validation accuracy: 0.9179
Adjusting learning rate of group 0 to 1.0000e-03.
Epoch: 150, Train loss: 0.03738103833198547, Validation loss: 0.3783708673477173, Validation accuracy: 0.9217
Adjusting learning rate of group 0 to 1.0000e-03.
Epoch: 151, Train loss: 0.026012832807302474, Validation loss: 0.3692519728660584, Validation accuracy: 0.9274
Adjusting learning rate of group 0 to 1.0000e-03.
Epoch: 152, Train loss: 0.017894591772854327, Validation loss: 0.3859013955593109, Validation accuracy: 0.9282
Adjusting learning rate of group 0 to 1.0000e-03.
Epoch: 153, Train loss: 0.014999224734604358, Validation loss: 0.39675848445892337, Validation accuracy: 0.9287
Adjusting learning rate of group 0 to 1.0000e-03.
Epoch: 154, Train loss: 0.013057489473298193, Validation loss: 0.4163799400806427, Validation accuracy: 0.9273
Adjusting learning rate of group 0 to 1.0000e-03.
Epoch: 155, Train loss: 0.012270251925736666, Validation loss: 0.42673280973434446, Validation accuracy: 0.929
Adjusting learning rate of group 0 to 1.0000e-03.
Epoch: 156, Train loss: 0.01151668440837413, Validation loss: 0.4228719136238098, Validation accuracy: 0.9304
Adjusting learning rate of group 0 to 1.0000e-03.
Epoch: 157, Train loss: 0.010654409051164986, Validation loss: 0.4407225134372711, Validation accuracy: 0.9298
Adjusting learning rate of group 0 to 1.0000e-03.
Epoch: 158, Train loss: 0.01028210285846144, Validation loss: 0.44743158826828006, Validation accuracy: 0.9299
Adjusting learning rate of group 0 to 1.0000e-03.
Epoch: 159, Train loss: 0.009690346601232887, Validation loss: 0.4531584844589233, Validation accuracy: 0.9302
Adjusting learning rate of group 0 to 1.0000e-03.
Epoch: 160, Train loss: 0.009305114415735007, Validation loss: 0.4592078127861023, Validation accuracy: 0.9311
Adjusting learning rate of group 0 to 1.0000e-03.
Epoch: 161, Train loss: 0.009078669774066657, Validation loss: 0.46419782733917236, Validation accuracy: 0.9314
Adjusting learning rate of group 0 to 1.0000e-03.
Epoch: 162, Train loss: 0.008471900991424919, Validation loss: 0.47134492502212527, Validation accuracy: 0.9289
Adjusting learning rate of group 0 to 1.0000e-03.
Epoch: 163, Train loss: 0.008378701374540106, Validation loss: 0.4767134575843811, Validation accuracy: 0.9295
Adjusting learning rate of group 0 to 1.0000e-03.
Epoch: 164, Train loss: 0.00691425754130818, Validation loss: 0.490753551197052, Validation accuracy: 0.9293
Adjusting learning rate of group 0 to 1.0000e-03.
Epoch: 165, Train loss: 0.007573728234581649, Validation loss: 0.4859971601486206, Validation accuracy: 0.9298
Adjusting learning rate of group 0 to 1.0000e-03.
Epoch: 166, Train loss: 0.007779441990852356, Validation loss: 0.49556733179092405, Validation accuracy: 0.9288
Adjusting learning rate of group 0 to 1.0000e-03.
Epoch: 167, Train loss: 0.006685564932432025, Validation loss: 0.49487717504501344, Validation accuracy: 0.9289
Adjusting learning rate of group 0 to 1.0000e-03.
Epoch: 168, Train loss: 0.006189566911207512, Validation loss: 0.5040628454208375, Validation accuracy: 0.9291
Adjusting learning rate of group 0 to 1.0000e-03.
Epoch: 169, Train loss: 0.0071332598271686585, Validation loss: 0.5019623194694519, Validation accuracy: 0.9301
Adjusting learning rate of group 0 to 1.0000e-03.
Epoch: 170, Train loss: 0.006692316684871912, Validation loss: 0.510033850479126, Validation accuracy: 0.929
Adjusting learning rate of group 0 to 1.0000e-03.
Epoch: 171, Train loss: 0.006969232825217769, Validation loss: 0.5162753836631775, Validation accuracy: 0.93
Adjusting learning rate of group 0 to 1.0000e-03.
Epoch: 172, Train loss: 0.007241318049458787, Validation loss: 0.5108654011726379, Validation accuracy: 0.9293
Adjusting learning rate of group 0 to 1.0000e-03.
Epoch: 173, Train loss: 0.0062764667873363945, Validation loss: 0.5227223786354065, Validation accuracy: 0.9281
Adjusting learning rate of group 0 to 1.0000e-03.
Epoch: 174, Train loss: 0.006247515670075082, Validation loss: 0.5177168839454651, Validation accuracy: 0.9283
Adjusting learning rate of group 0 to 1.0000e-03.
Epoch: 175, Train loss: 0.006146200433096383, Validation loss: 0.5240489107131958, Validation accuracy: 0.9288
Adjusting learning rate of group 0 to 1.0000e-03.
Epoch: 176, Train loss: 0.006200372870061546, Validation loss: 0.537596839427948, Validation accuracy: 0.9294
Adjusting learning rate of group 0 to 1.0000e-03.
Epoch: 177, Train loss: 0.005778464039079845, Validation loss: 0.5299761518478393, Validation accuracy: 0.9299
Adjusting learning rate of group 0 to 1.0000e-03.
Epoch: 178, Train loss: 0.0060610649652220305, Validation loss: 0.5373002983093261, Validation accuracy: 0.9288
Adjusting learning rate of group 0 to 1.0000e-03.
Epoch: 179, Train loss: 0.005651663312725722, Validation loss: 0.5395339003562927, Validation accuracy: 0.9277
Adjusting learning rate of group 0 to 1.0000e-03.
Epoch: 180, Train loss: 0.00574833049077075, Validation loss: 0.5435171405792236, Validation accuracy: 0.9276
Adjusting learning rate of group 0 to 1.0000e-03.
Epoch: 181, Train loss: 0.005209490017127246, Validation loss: 0.5366158974647522, Validation accuracy: 0.9298
Adjusting learning rate of group 0 to 1.0000e-03.
Epoch: 182, Train loss: 0.005360580776864663, Validation loss: 0.5516908231735229, Validation accuracy: 0.9282
Adjusting learning rate of group 0 to 1.0000e-03.
Epoch: 183, Train loss: 0.005222401677267626, Validation loss: 0.5536114650726318, Validation accuracy: 0.929
Adjusting learning rate of group 0 to 1.0000e-03.
Epoch: 184, Train loss: 0.00491661010337295, Validation loss: 0.5535489161491394, Validation accuracy: 0.9296
Adjusting learning rate of group 0 to 1.0000e-03.
Epoch: 185, Train loss: 0.005265803383179009, Validation loss: 0.5607225226402283, Validation accuracy: 0.9289
Adjusting learning rate of group 0 to 1.0000e-03.
Epoch: 186, Train loss: 0.004358544891661731, Validation loss: 0.5551423455238342, Validation accuracy: 0.9286
Adjusting learning rate of group 0 to 1.0000e-03.
Epoch: 187, Train loss: 0.004793855156560894, Validation loss: 0.5579173558235169, Validation accuracy: 0.9288
Adjusting learning rate of group 0 to 1.0000e-03.
Epoch: 188, Train loss: 0.004544829531298019, Validation loss: 0.552150724697113, Validation accuracy: 0.9299
Adjusting learning rate of group 0 to 1.0000e-03.
Epoch: 189, Train loss: 0.004987322142180056, Validation loss: 0.5598339113235473, Validation accuracy: 0.9295
Adjusting learning rate of group 0 to 1.0000e-03.
Epoch: 190, Train loss: 0.004420663038827479, Validation loss: 0.5634267391204834, Validation accuracy: 0.9307
Adjusting learning rate of group 0 to 1.0000e-03.
Epoch: 191, Train loss: 0.004159053842290305, Validation loss: 0.5601056486129761, Validation accuracy: 0.9309
Adjusting learning rate of group 0 to 1.0000e-03.
Epoch: 192, Train loss: 0.004677226982796565, Validation loss: 0.5653445341110229, Validation accuracy: 0.9305
Adjusting learning rate of group 0 to 1.0000e-03.
Epoch: 193, Train loss: 0.004679155491702259, Validation loss: 0.5627084589004516, Validation accuracy: 0.9294
Adjusting learning rate of group 0 to 1.0000e-03.
Epoch: 194, Train loss: 0.00434805214907974, Validation loss: 0.5636500919342041, Validation accuracy: 0.9287
Adjusting learning rate of group 0 to 1.0000e-03.
Epoch: 195, Train loss: 0.003829782940952573, Validation loss: 0.5679206723213196, Validation accuracy: 0.9282
Adjusting learning rate of group 0 to 1.0000e-03.
Epoch: 196, Train loss: 0.004237310882881284, Validation loss: 0.58511354637146, Validation accuracy: 0.9282
Adjusting learning rate of group 0 to 1.0000e-03.
Epoch: 197, Train loss: 0.003930835827263072, Validation loss: 0.5867491250038147, Validation accuracy: 0.9291
Adjusting learning rate of group 0 to 1.0000e-03.
Epoch: 198, Train loss: 0.004154508131832118, Validation loss: 0.588213213634491, Validation accuracy: 0.9311
Adjusting learning rate of group 0 to 1.0000e-03.
Epoch: 199, Train loss: 0.0036006404020194898, Validation loss: 0.5860172270774842, Validation accuracy: 0.9291
Accuracy: 0.9291, Parameters: 662
