['ResNet-train.py', '--network', 'resnet', '--classifier', 'full', '--tensorization', '8', '8', '8', '8', '--ranks', '[[8, 1, 2, 4, 3], [1, 8, 2, 2, 4], [2, 2, 8, 1, 5], [4, 2, 1, 8, 2], [3, 4, 5, 2, 10]]', '--seed', '1', '--device', 'cuda:3']
Initializing dataloader
Files already downloaded and verified
Files already downloaded and verified
Dataloader has initialized
Initializing model
Adjusting learning rate of group 0 to 1.0000e-02.
Model initialized
Testing model
Tests passed
Adjusting learning rate of group 0 to 2.0000e-02.
Epoch: 0, Train loss: 1.854407438583374, Validation loss: 1.506262299346924, Validation accuracy: 0.4503
Adjusting learning rate of group 0 to 3.0000e-02.
Epoch: 1, Train loss: 1.4134996795654298, Validation loss: 1.20160166015625, Validation accuracy: 0.5728
Adjusting learning rate of group 0 to 4.0000e-02.
Epoch: 2, Train loss: 1.1474063425445558, Validation loss: 0.9878652896881104, Validation accuracy: 0.6529
Adjusting learning rate of group 0 to 5.0000e-02.
Epoch: 3, Train loss: 0.9540677065086365, Validation loss: 1.046159466934204, Validation accuracy: 0.651
Adjusting learning rate of group 0 to 6.0000e-02.
Epoch: 4, Train loss: 0.8323156420326233, Validation loss: 0.8298096160888672, Validation accuracy: 0.7235
Adjusting learning rate of group 0 to 7.0000e-02.
Epoch: 5, Train loss: 0.7476947197341919, Validation loss: 0.8062884078025818, Validation accuracy: 0.714
Adjusting learning rate of group 0 to 8.0000e-02.
Epoch: 6, Train loss: 0.6994789344406128, Validation loss: 0.6773724148750305, Validation accuracy: 0.7742
Adjusting learning rate of group 0 to 9.0000e-02.
Epoch: 7, Train loss: 0.642329383277893, Validation loss: 0.6548537026405334, Validation accuracy: 0.79
Adjusting learning rate of group 0 to 1.0000e-01.
Epoch: 8, Train loss: 0.615257557258606, Validation loss: 0.702047684764862, Validation accuracy: 0.7623
Adjusting learning rate of group 0 to 1.0000e-01.
Epoch: 9, Train loss: 0.5892766674423218, Validation loss: 0.6520191522121429, Validation accuracy: 0.7914
Adjusting learning rate of group 0 to 1.0000e-01.
Epoch: 10, Train loss: 0.5514202465057373, Validation loss: 0.7140835397720336, Validation accuracy: 0.7518
Adjusting learning rate of group 0 to 1.0000e-01.
Epoch: 11, Train loss: 0.5225768197059631, Validation loss: 0.596509091091156, Validation accuracy: 0.8017
Adjusting learning rate of group 0 to 1.0000e-01.
Epoch: 12, Train loss: 0.5024718889427185, Validation loss: 0.6734959740638733, Validation accuracy: 0.7709
Adjusting learning rate of group 0 to 1.0000e-01.
Epoch: 13, Train loss: 0.4867050543785095, Validation loss: 0.5908940531730652, Validation accuracy: 0.8033
Adjusting learning rate of group 0 to 1.0000e-01.
Epoch: 14, Train loss: 0.4685087245941162, Validation loss: 0.5979207151412964, Validation accuracy: 0.8063
Adjusting learning rate of group 0 to 1.0000e-01.
Epoch: 15, Train loss: 0.46302197542190554, Validation loss: 0.7049357341766358, Validation accuracy: 0.7832
Adjusting learning rate of group 0 to 1.0000e-01.
Epoch: 16, Train loss: 0.4468006495571136, Validation loss: 0.7372890714645386, Validation accuracy: 0.8017
Adjusting learning rate of group 0 to 1.0000e-01.
Epoch: 17, Train loss: 0.4292686852645874, Validation loss: 0.6462281244277954, Validation accuracy: 0.813
Adjusting learning rate of group 0 to 1.0000e-01.
Epoch: 18, Train loss: 0.4203453411674499, Validation loss: 0.5232076974868775, Validation accuracy: 0.822
Adjusting learning rate of group 0 to 1.0000e-01.
Epoch: 19, Train loss: 0.41839137994766235, Validation loss: 0.5503551989555359, Validation accuracy: 0.8305
Adjusting learning rate of group 0 to 1.0000e-01.
Epoch: 20, Train loss: 0.41488345016479494, Validation loss: 0.5273032328605652, Validation accuracy: 0.8334
Adjusting learning rate of group 0 to 1.0000e-01.
Epoch: 21, Train loss: 0.40811171368598936, Validation loss: 0.610125660610199, Validation accuracy: 0.8108
Adjusting learning rate of group 0 to 1.0000e-01.
Epoch: 22, Train loss: 0.3945571865081787, Validation loss: 0.5688834632396698, Validation accuracy: 0.8152
Adjusting learning rate of group 0 to 1.0000e-01.
Epoch: 23, Train loss: 0.3876003528499603, Validation loss: 0.4831921227931976, Validation accuracy: 0.8391
Adjusting learning rate of group 0 to 1.0000e-01.
Epoch: 24, Train loss: 0.3869310107135773, Validation loss: 0.7132449090003967, Validation accuracy: 0.7833
Adjusting learning rate of group 0 to 1.0000e-01.
Epoch: 25, Train loss: 0.3837674284553528, Validation loss: 0.5013035012245178, Validation accuracy: 0.8448
Adjusting learning rate of group 0 to 1.0000e-01.
Epoch: 26, Train loss: 0.37823318347930907, Validation loss: 0.581264419746399, Validation accuracy: 0.8136
Adjusting learning rate of group 0 to 1.0000e-01.
Epoch: 27, Train loss: 0.3680093567562103, Validation loss: 0.5213813739299774, Validation accuracy: 0.8303
Adjusting learning rate of group 0 to 1.0000e-01.
Epoch: 28, Train loss: 0.3679248399734497, Validation loss: 0.5865636147499085, Validation accuracy: 0.8236
Adjusting learning rate of group 0 to 1.0000e-01.
Epoch: 29, Train loss: 0.36369321321487424, Validation loss: 0.5873085395812988, Validation accuracy: 0.8349
Adjusting learning rate of group 0 to 1.0000e-01.
Epoch: 30, Train loss: 0.3617185769081116, Validation loss: 0.6655476259231567, Validation accuracy: 0.8171
Adjusting learning rate of group 0 to 1.0000e-01.
Epoch: 31, Train loss: 0.3580918746757507, Validation loss: 0.573809563779831, Validation accuracy: 0.8297
Adjusting learning rate of group 0 to 1.0000e-01.
Epoch: 32, Train loss: 0.3507918098545074, Validation loss: 0.48427808833122254, Validation accuracy: 0.8436
Adjusting learning rate of group 0 to 1.0000e-01.
Epoch: 33, Train loss: 0.3515299707984924, Validation loss: 0.5494731675624848, Validation accuracy: 0.83
Adjusting learning rate of group 0 to 1.0000e-01.
Epoch: 34, Train loss: 0.3483369996166229, Validation loss: 0.5752632163047791, Validation accuracy: 0.8337
Adjusting learning rate of group 0 to 1.0000e-01.
Epoch: 35, Train loss: 0.345647082901001, Validation loss: 0.5201475741386413, Validation accuracy: 0.8318
Adjusting learning rate of group 0 to 1.0000e-01.
Epoch: 36, Train loss: 0.33841033152580263, Validation loss: 0.6110897304534912, Validation accuracy: 0.8165
Adjusting learning rate of group 0 to 1.0000e-01.
Epoch: 37, Train loss: 0.33416924947738647, Validation loss: 0.6012652584075928, Validation accuracy: 0.8476
Adjusting learning rate of group 0 to 1.0000e-01.
Epoch: 38, Train loss: 0.3368717350959778, Validation loss: 0.5184399984359741, Validation accuracy: 0.8567
Adjusting learning rate of group 0 to 1.0000e-01.
Epoch: 39, Train loss: 0.3345472477340698, Validation loss: 0.5637438151359558, Validation accuracy: 0.8136
Adjusting learning rate of group 0 to 1.0000e-01.
Epoch: 40, Train loss: 0.33008857635498046, Validation loss: 0.5457443449020386, Validation accuracy: 0.8374
Adjusting learning rate of group 0 to 1.0000e-01.
Epoch: 41, Train loss: 0.3323391494083405, Validation loss: 0.49381419610977173, Validation accuracy: 0.84
Adjusting learning rate of group 0 to 1.0000e-01.
Epoch: 42, Train loss: 0.33378851117134095, Validation loss: 0.5985871371746063, Validation accuracy: 0.8217
Adjusting learning rate of group 0 to 1.0000e-01.
Epoch: 43, Train loss: 0.32903493498802183, Validation loss: 0.4975767592430115, Validation accuracy: 0.8452
Adjusting learning rate of group 0 to 1.0000e-01.
Epoch: 44, Train loss: 0.32919344577789306, Validation loss: 0.5906579767227172, Validation accuracy: 0.845
Adjusting learning rate of group 0 to 1.0000e-01.
Epoch: 45, Train loss: 0.3229902824783325, Validation loss: 0.493398299407959, Validation accuracy: 0.8445
Adjusting learning rate of group 0 to 1.0000e-01.
Epoch: 46, Train loss: 0.3238614845752716, Validation loss: 0.4271047029018402, Validation accuracy: 0.8614
Adjusting learning rate of group 0 to 1.0000e-01.
Epoch: 47, Train loss: 0.3210350094985962, Validation loss: 0.6264986160278321, Validation accuracy: 0.8123
Adjusting learning rate of group 0 to 1.0000e-01.
Epoch: 48, Train loss: 0.31921824038505553, Validation loss: 0.6174521887779236, Validation accuracy: 0.82
Adjusting learning rate of group 0 to 1.0000e-01.
Epoch: 49, Train loss: 0.31499968786239624, Validation loss: 0.5048002169609069, Validation accuracy: 0.8445
Adjusting learning rate of group 0 to 1.0000e-01.
Epoch: 50, Train loss: 0.3165813198566437, Validation loss: 0.4741018768310547, Validation accuracy: 0.8518
Adjusting learning rate of group 0 to 1.0000e-01.
Epoch: 51, Train loss: 0.3059588788700104, Validation loss: 0.5115478800773621, Validation accuracy: 0.8402
Adjusting learning rate of group 0 to 1.0000e-01.
Epoch: 52, Train loss: 0.3134552059841156, Validation loss: 0.5137223224163056, Validation accuracy: 0.8399
Adjusting learning rate of group 0 to 1.0000e-01.
Epoch: 53, Train loss: 0.3143652210664749, Validation loss: 0.599884007883072, Validation accuracy: 0.8345
Adjusting learning rate of group 0 to 1.0000e-01.
Epoch: 54, Train loss: 0.3126956764793396, Validation loss: 0.501554100036621, Validation accuracy: 0.8574
Adjusting learning rate of group 0 to 1.0000e-01.
Epoch: 55, Train loss: 0.3188754252433777, Validation loss: 0.46120573625564576, Validation accuracy: 0.8562
Adjusting learning rate of group 0 to 1.0000e-01.
Epoch: 56, Train loss: 0.31668460439682006, Validation loss: 0.41636773147583006, Validation accuracy: 0.8596
Adjusting learning rate of group 0 to 1.0000e-01.
Epoch: 57, Train loss: 0.3082598488998413, Validation loss: 0.4800029058456421, Validation accuracy: 0.849
Adjusting learning rate of group 0 to 1.0000e-01.
Epoch: 58, Train loss: 0.30696917571544646, Validation loss: 0.5273090958595276, Validation accuracy: 0.8452
Adjusting learning rate of group 0 to 1.0000e-01.
Epoch: 59, Train loss: 0.30551797083854676, Validation loss: 0.5945855974197388, Validation accuracy: 0.8201
Adjusting learning rate of group 0 to 1.0000e-01.
Epoch: 60, Train loss: 0.31257173862457277, Validation loss: 0.6900630529403686, Validation accuracy: 0.791
Adjusting learning rate of group 0 to 1.0000e-01.
Epoch: 61, Train loss: 0.3058663862323761, Validation loss: 0.41458712100982664, Validation accuracy: 0.8652
Adjusting learning rate of group 0 to 1.0000e-01.
Epoch: 62, Train loss: 0.30332260805130007, Validation loss: 0.4743429758310318, Validation accuracy: 0.8572
Adjusting learning rate of group 0 to 1.0000e-01.
Epoch: 63, Train loss: 0.304106252784729, Validation loss: 0.4840435002565384, Validation accuracy: 0.8479
Adjusting learning rate of group 0 to 1.0000e-01.
Epoch: 64, Train loss: 0.305120112657547, Validation loss: 0.43075367090702055, Validation accuracy: 0.8699
Adjusting learning rate of group 0 to 1.0000e-01.
Epoch: 65, Train loss: 0.30195931906700135, Validation loss: 0.6676768867492676, Validation accuracy: 0.8285
Adjusting learning rate of group 0 to 1.0000e-01.
Epoch: 66, Train loss: 0.3021751731300354, Validation loss: 0.5487569982290268, Validation accuracy: 0.8364
Adjusting learning rate of group 0 to 1.0000e-01.
Epoch: 67, Train loss: 0.29015630895614625, Validation loss: 0.5034508348941803, Validation accuracy: 0.8576
Adjusting learning rate of group 0 to 1.0000e-01.
Epoch: 68, Train loss: 0.29629813863754273, Validation loss: 0.4494485750198364, Validation accuracy: 0.8592
Adjusting learning rate of group 0 to 1.0000e-01.
Epoch: 69, Train loss: 0.2939692475795746, Validation loss: 0.43255108098983763, Validation accuracy: 0.866
Adjusting learning rate of group 0 to 1.0000e-01.
Epoch: 70, Train loss: 0.29405776410102846, Validation loss: 0.48105726857185366, Validation accuracy: 0.8532
Adjusting learning rate of group 0 to 1.0000e-01.
Epoch: 71, Train loss: 0.2954556197834015, Validation loss: 0.39204172224998474, Validation accuracy: 0.8715
Adjusting learning rate of group 0 to 1.0000e-01.
Epoch: 72, Train loss: 0.3011017870235443, Validation loss: 0.5106549563884735, Validation accuracy: 0.8335
Adjusting learning rate of group 0 to 1.0000e-01.
Epoch: 73, Train loss: 0.29119140941619875, Validation loss: 0.55870215883255, Validation accuracy: 0.8374
Adjusting learning rate of group 0 to 1.0000e-01.
Epoch: 74, Train loss: 0.2899585362958908, Validation loss: 0.5439349275112152, Validation accuracy: 0.8618
Adjusting learning rate of group 0 to 1.0000e-01.
Epoch: 75, Train loss: 0.2915883290863037, Validation loss: 0.5043109092712402, Validation accuracy: 0.8559
Adjusting learning rate of group 0 to 1.0000e-01.
Epoch: 76, Train loss: 0.29181411535263063, Validation loss: 0.46062160124778745, Validation accuracy: 0.8495
Adjusting learning rate of group 0 to 1.0000e-01.
Epoch: 77, Train loss: 0.29040789146900176, Validation loss: 0.42260521659851075, Validation accuracy: 0.8681
Adjusting learning rate of group 0 to 1.0000e-01.
Epoch: 78, Train loss: 0.2873928242111206, Validation loss: 0.4703113288879395, Validation accuracy: 0.8557
Adjusting learning rate of group 0 to 1.0000e-01.
Epoch: 79, Train loss: 0.2915946022605896, Validation loss: 0.5127941662788391, Validation accuracy: 0.8436
Adjusting learning rate of group 0 to 1.0000e-01.
Epoch: 80, Train loss: 0.2939435775184631, Validation loss: 0.456862534570694, Validation accuracy: 0.8584
Adjusting learning rate of group 0 to 1.0000e-01.
Epoch: 81, Train loss: 0.2877354389190674, Validation loss: 0.5064075658798218, Validation accuracy: 0.8351
Adjusting learning rate of group 0 to 1.0000e-01.
Epoch: 82, Train loss: 0.28864568855285644, Validation loss: 0.689344048166275, Validation accuracy: 0.8187
Adjusting learning rate of group 0 to 1.0000e-01.
Epoch: 83, Train loss: 0.2894056329059601, Validation loss: 0.49098248901367186, Validation accuracy: 0.8521
Adjusting learning rate of group 0 to 1.0000e-01.
Epoch: 84, Train loss: 0.29122463062286374, Validation loss: 0.578691210269928, Validation accuracy: 0.8167
Adjusting learning rate of group 0 to 1.0000e-01.
Epoch: 85, Train loss: 0.28488106484413145, Validation loss: 0.4256389807701111, Validation accuracy: 0.8655
Adjusting learning rate of group 0 to 1.0000e-01.
Epoch: 86, Train loss: 0.2908388007259369, Validation loss: 0.4831132493376732, Validation accuracy: 0.8528
Adjusting learning rate of group 0 to 1.0000e-01.
Epoch: 87, Train loss: 0.28633316285133364, Validation loss: 0.5458966231822967, Validation accuracy: 0.8296
Adjusting learning rate of group 0 to 1.0000e-01.
Epoch: 88, Train loss: 0.28459241166114807, Validation loss: 0.4952679155349731, Validation accuracy: 0.8433
Adjusting learning rate of group 0 to 1.0000e-01.
Epoch: 89, Train loss: 0.27900753400802614, Validation loss: 0.4776102933883667, Validation accuracy: 0.8535
Adjusting learning rate of group 0 to 1.0000e-01.
Epoch: 90, Train loss: 0.28340934765815734, Validation loss: 0.5901300139427185, Validation accuracy: 0.8315
Adjusting learning rate of group 0 to 1.0000e-01.
Epoch: 91, Train loss: 0.2838474054145813, Validation loss: 0.5071838527202607, Validation accuracy: 0.8457
Adjusting learning rate of group 0 to 1.0000e-01.
Epoch: 92, Train loss: 0.28228478833198545, Validation loss: 0.5120847944259643, Validation accuracy: 0.8491
Adjusting learning rate of group 0 to 1.0000e-01.
Epoch: 93, Train loss: 0.27910830387115476, Validation loss: 0.48599376969337466, Validation accuracy: 0.8498
Adjusting learning rate of group 0 to 1.0000e-01.
Epoch: 94, Train loss: 0.28679134141921997, Validation loss: 0.5522828867435455, Validation accuracy: 0.8355
Adjusting learning rate of group 0 to 1.0000e-01.
Epoch: 95, Train loss: 0.2936777324581146, Validation loss: 0.47870793294906616, Validation accuracy: 0.8476
Adjusting learning rate of group 0 to 1.0000e-01.
Epoch: 96, Train loss: 0.2818224240875244, Validation loss: 0.6324466567993164, Validation accuracy: 0.8084
Adjusting learning rate of group 0 to 1.0000e-01.
Epoch: 97, Train loss: 0.27968355367660525, Validation loss: 0.5151081821203232, Validation accuracy: 0.8437
Adjusting learning rate of group 0 to 1.0000e-01.
Epoch: 98, Train loss: 0.2829103745651245, Validation loss: 0.698481520652771, Validation accuracy: 0.8181
Adjusting learning rate of group 0 to 1.0000e-01.
Epoch: 99, Train loss: 0.2810367578840256, Validation loss: 0.46886790380477905, Validation accuracy: 0.858
Adjusting learning rate of group 0 to 1.0000e-02.
Epoch: 100, Train loss: 0.2798617372608185, Validation loss: 0.49800172119140623, Validation accuracy: 0.8424
Adjusting learning rate of group 0 to 1.0000e-02.
Epoch: 101, Train loss: 0.16171847075939177, Validation loss: 0.29008931303024293, Validation accuracy: 0.915
Adjusting learning rate of group 0 to 1.0000e-02.
Epoch: 102, Train loss: 0.12181689562320709, Validation loss: 0.28264563093185424, Validation accuracy: 0.9176
Adjusting learning rate of group 0 to 1.0000e-02.
Epoch: 103, Train loss: 0.10649946677684784, Validation loss: 0.28528681020736696, Validation accuracy: 0.9211
Adjusting learning rate of group 0 to 1.0000e-02.
Epoch: 104, Train loss: 0.09658400342702865, Validation loss: 0.3060894756793976, Validation accuracy: 0.9173
Adjusting learning rate of group 0 to 1.0000e-02.
Epoch: 105, Train loss: 0.09019272113204002, Validation loss: 0.2870464288711548, Validation accuracy: 0.923
Adjusting learning rate of group 0 to 1.0000e-02.
Epoch: 106, Train loss: 0.08329450999498367, Validation loss: 0.29273339016437533, Validation accuracy: 0.9216
Adjusting learning rate of group 0 to 1.0000e-02.
Epoch: 107, Train loss: 0.07864284852743149, Validation loss: 0.2937631679534912, Validation accuracy: 0.9212
Adjusting learning rate of group 0 to 1.0000e-02.
Epoch: 108, Train loss: 0.07350927821397782, Validation loss: 0.30573778676986696, Validation accuracy: 0.9227
Adjusting learning rate of group 0 to 1.0000e-02.
Epoch: 109, Train loss: 0.07067241862893105, Validation loss: 0.31740642957687376, Validation accuracy: 0.9219
Adjusting learning rate of group 0 to 1.0000e-02.
Epoch: 110, Train loss: 0.06739104011297226, Validation loss: 0.3198404447555542, Validation accuracy: 0.9228
Adjusting learning rate of group 0 to 1.0000e-02.
Epoch: 111, Train loss: 0.06297029902458191, Validation loss: 0.32259581384658814, Validation accuracy: 0.9239
Adjusting learning rate of group 0 to 1.0000e-02.
Epoch: 112, Train loss: 0.06104843995809555, Validation loss: 0.3347528085708618, Validation accuracy: 0.9227
Adjusting learning rate of group 0 to 1.0000e-02.
Epoch: 113, Train loss: 0.0549121597468853, Validation loss: 0.3523723973274231, Validation accuracy: 0.9199
Adjusting learning rate of group 0 to 1.0000e-02.
Epoch: 114, Train loss: 0.05360530413508415, Validation loss: 0.3616520552635193, Validation accuracy: 0.9224
Adjusting learning rate of group 0 to 1.0000e-02.
Epoch: 115, Train loss: 0.052830084440708164, Validation loss: 0.36664489860534666, Validation accuracy: 0.9232
Adjusting learning rate of group 0 to 1.0000e-02.
Epoch: 116, Train loss: 0.04960964661598206, Validation loss: 0.35710592126846313, Validation accuracy: 0.921
Adjusting learning rate of group 0 to 1.0000e-02.
Epoch: 117, Train loss: 0.048578590276241305, Validation loss: 0.35986602420806885, Validation accuracy: 0.9234
Adjusting learning rate of group 0 to 1.0000e-02.
Epoch: 118, Train loss: 0.04849942489862442, Validation loss: 0.36999246597290036, Validation accuracy: 0.9234
Adjusting learning rate of group 0 to 1.0000e-02.
Epoch: 119, Train loss: 0.04625970443546772, Validation loss: 0.38628850326538083, Validation accuracy: 0.9218
Adjusting learning rate of group 0 to 1.0000e-02.
Epoch: 120, Train loss: 0.04647826310619712, Validation loss: 0.3765269229888916, Validation accuracy: 0.9222
Adjusting learning rate of group 0 to 1.0000e-02.
Epoch: 121, Train loss: 0.04307617427110672, Validation loss: 0.38909106540679933, Validation accuracy: 0.9206
Adjusting learning rate of group 0 to 1.0000e-02.
Epoch: 122, Train loss: 0.043221885501742364, Validation loss: 0.37056339359283447, Validation accuracy: 0.9231
Adjusting learning rate of group 0 to 1.0000e-02.
Epoch: 123, Train loss: 0.04373207926750183, Validation loss: 0.39140959453582763, Validation accuracy: 0.9214
Adjusting learning rate of group 0 to 1.0000e-02.
Epoch: 124, Train loss: 0.040991284343600276, Validation loss: 0.3925179849624634, Validation accuracy: 0.9212
Adjusting learning rate of group 0 to 1.0000e-02.
Epoch: 125, Train loss: 0.040826274383366105, Validation loss: 0.38243137397766114, Validation accuracy: 0.9208
Adjusting learning rate of group 0 to 1.0000e-02.
Epoch: 126, Train loss: 0.041151182269454, Validation loss: 0.3883367747306824, Validation accuracy: 0.9208
Adjusting learning rate of group 0 to 1.0000e-02.
Epoch: 127, Train loss: 0.03861254097998142, Validation loss: 0.42455139932632446, Validation accuracy: 0.9178
Adjusting learning rate of group 0 to 1.0000e-02.
Epoch: 128, Train loss: 0.03694074096351862, Validation loss: 0.4261265432834625, Validation accuracy: 0.9185
Adjusting learning rate of group 0 to 1.0000e-02.
Epoch: 129, Train loss: 0.0374644755589962, Validation loss: 0.3909055881500244, Validation accuracy: 0.9205
Adjusting learning rate of group 0 to 1.0000e-02.
Epoch: 130, Train loss: 0.03755781788945198, Validation loss: 0.4085726768493652, Validation accuracy: 0.9213
Adjusting learning rate of group 0 to 1.0000e-02.
Epoch: 131, Train loss: 0.03700628509640694, Validation loss: 0.4374955678939819, Validation accuracy: 0.9189
Adjusting learning rate of group 0 to 1.0000e-02.
Epoch: 132, Train loss: 0.03593540434777737, Validation loss: 0.41547425985336306, Validation accuracy: 0.9192
Adjusting learning rate of group 0 to 1.0000e-02.
Epoch: 133, Train loss: 0.03482208666861057, Validation loss: 0.4067846382141113, Validation accuracy: 0.9203
Adjusting learning rate of group 0 to 1.0000e-02.
Epoch: 134, Train loss: 0.037712074442505836, Validation loss: 0.3967876706123352, Validation accuracy: 0.9221
Adjusting learning rate of group 0 to 1.0000e-02.
Epoch: 135, Train loss: 0.034707524980306624, Validation loss: 0.4135383835315704, Validation accuracy: 0.9221
Adjusting learning rate of group 0 to 1.0000e-02.
Epoch: 136, Train loss: 0.03467030384421348, Validation loss: 0.4206276900053024, Validation accuracy: 0.9198
Adjusting learning rate of group 0 to 1.0000e-02.
Epoch: 137, Train loss: 0.032806509712934494, Validation loss: 0.4294767194747925, Validation accuracy: 0.9197
Adjusting learning rate of group 0 to 1.0000e-02.
Epoch: 138, Train loss: 0.0356528226262331, Validation loss: 0.41400986528396605, Validation accuracy: 0.9183
Adjusting learning rate of group 0 to 1.0000e-02.
Epoch: 139, Train loss: 0.03593531070351601, Validation loss: 0.4426127862930298, Validation accuracy: 0.9204
Adjusting learning rate of group 0 to 1.0000e-02.
Epoch: 140, Train loss: 0.03617039124578238, Validation loss: 0.42443768658638, Validation accuracy: 0.922
Adjusting learning rate of group 0 to 1.0000e-02.
Epoch: 141, Train loss: 0.034056242087185384, Validation loss: 0.4298779172897339, Validation accuracy: 0.9203
Adjusting learning rate of group 0 to 1.0000e-02.
Epoch: 142, Train loss: 0.03515316161572933, Validation loss: 0.40799498624801633, Validation accuracy: 0.9231
Adjusting learning rate of group 0 to 1.0000e-02.
Epoch: 143, Train loss: 0.03400504487454891, Validation loss: 0.41385226593017577, Validation accuracy: 0.9216
Adjusting learning rate of group 0 to 1.0000e-02.
Epoch: 144, Train loss: 0.03368339636981487, Validation loss: 0.40760426177978515, Validation accuracy: 0.9212
Adjusting learning rate of group 0 to 1.0000e-02.
Epoch: 145, Train loss: 0.03201146494209767, Validation loss: 0.48389817476272584, Validation accuracy: 0.9127
Adjusting learning rate of group 0 to 1.0000e-02.
Epoch: 146, Train loss: 0.03590947283804417, Validation loss: 0.42305561933517455, Validation accuracy: 0.9201
Adjusting learning rate of group 0 to 1.0000e-02.
Epoch: 147, Train loss: 0.03502928308367729, Validation loss: 0.41416599617004396, Validation accuracy: 0.9226
Adjusting learning rate of group 0 to 1.0000e-02.
Epoch: 148, Train loss: 0.033749266762435434, Validation loss: 0.42813004646301267, Validation accuracy: 0.92
Adjusting learning rate of group 0 to 1.0000e-02.
Epoch: 149, Train loss: 0.03399943877309561, Validation loss: 0.42487997465133664, Validation accuracy: 0.9179
Adjusting learning rate of group 0 to 1.0000e-03.
Epoch: 150, Train loss: 0.03251939679354429, Validation loss: 0.4384536637544632, Validation accuracy: 0.9176
Adjusting learning rate of group 0 to 1.0000e-03.
Epoch: 151, Train loss: 0.022736964322924613, Validation loss: 0.40763300018310544, Validation accuracy: 0.9238
Adjusting learning rate of group 0 to 1.0000e-03.
Epoch: 152, Train loss: 0.018084407777637243, Validation loss: 0.4106739243030548, Validation accuracy: 0.9249
Adjusting learning rate of group 0 to 1.0000e-03.
Epoch: 153, Train loss: 0.014725128598660231, Validation loss: 0.41565840792655945, Validation accuracy: 0.9261
Adjusting learning rate of group 0 to 1.0000e-03.
Epoch: 154, Train loss: 0.01355194176144898, Validation loss: 0.4206543616771698, Validation accuracy: 0.9249
Adjusting learning rate of group 0 to 1.0000e-03.
Epoch: 155, Train loss: 0.012522388821691275, Validation loss: 0.4269285285949707, Validation accuracy: 0.9258
Adjusting learning rate of group 0 to 1.0000e-03.
Epoch: 156, Train loss: 0.010995887635350227, Validation loss: 0.4340615631580353, Validation accuracy: 0.9258
Adjusting learning rate of group 0 to 1.0000e-03.
Epoch: 157, Train loss: 0.009657907677590847, Validation loss: 0.44243068861961365, Validation accuracy: 0.9259
Adjusting learning rate of group 0 to 1.0000e-03.
Epoch: 158, Train loss: 0.009357614213749766, Validation loss: 0.44678851108551026, Validation accuracy: 0.9263
Adjusting learning rate of group 0 to 1.0000e-03.
Epoch: 159, Train loss: 0.009329152806494385, Validation loss: 0.456131632232666, Validation accuracy: 0.927
Adjusting learning rate of group 0 to 1.0000e-03.
Epoch: 160, Train loss: 0.008895687383636832, Validation loss: 0.4527464060306549, Validation accuracy: 0.9274
Adjusting learning rate of group 0 to 1.0000e-03.
Epoch: 161, Train loss: 0.008451734232828021, Validation loss: 0.4550478968143463, Validation accuracy: 0.9271
Adjusting learning rate of group 0 to 1.0000e-03.
Epoch: 162, Train loss: 0.00884329850582406, Validation loss: 0.462665753030777, Validation accuracy: 0.926
Adjusting learning rate of group 0 to 1.0000e-03.
Epoch: 163, Train loss: 0.008746244188584388, Validation loss: 0.46149352159500123, Validation accuracy: 0.927
Adjusting learning rate of group 0 to 1.0000e-03.
Epoch: 164, Train loss: 0.007185125401411205, Validation loss: 0.4688380953788757, Validation accuracy: 0.9256
Adjusting learning rate of group 0 to 1.0000e-03.
Epoch: 165, Train loss: 0.007278463308885694, Validation loss: 0.47333895978927615, Validation accuracy: 0.9267
Adjusting learning rate of group 0 to 1.0000e-03.
Epoch: 166, Train loss: 0.006825749540943653, Validation loss: 0.47671815938949585, Validation accuracy: 0.9265
Adjusting learning rate of group 0 to 1.0000e-03.
Epoch: 167, Train loss: 0.006905050977673382, Validation loss: 0.47571348004341124, Validation accuracy: 0.9274
Adjusting learning rate of group 0 to 1.0000e-03.
Epoch: 168, Train loss: 0.007271292272824794, Validation loss: 0.48514974431991575, Validation accuracy: 0.9277
Adjusting learning rate of group 0 to 1.0000e-03.
Epoch: 169, Train loss: 0.006332771668583155, Validation loss: 0.48702544550895693, Validation accuracy: 0.9271
Adjusting learning rate of group 0 to 1.0000e-03.
Epoch: 170, Train loss: 0.006457591900844127, Validation loss: 0.4874061477661133, Validation accuracy: 0.9277
Adjusting learning rate of group 0 to 1.0000e-03.
Epoch: 171, Train loss: 0.006762857785662636, Validation loss: 0.48987228212356565, Validation accuracy: 0.9286
Adjusting learning rate of group 0 to 1.0000e-03.
Epoch: 172, Train loss: 0.006028267334252596, Validation loss: 0.4934486958503723, Validation accuracy: 0.9278
Adjusting learning rate of group 0 to 1.0000e-03.
Epoch: 173, Train loss: 0.006018222779361531, Validation loss: 0.4969817195892334, Validation accuracy: 0.9275
Adjusting learning rate of group 0 to 1.0000e-03.
Epoch: 174, Train loss: 0.005593462236765772, Validation loss: 0.49448701791763305, Validation accuracy: 0.9281
Adjusting learning rate of group 0 to 1.0000e-03.
Epoch: 175, Train loss: 0.005917752789203078, Validation loss: 0.4994308066368103, Validation accuracy: 0.9288
Adjusting learning rate of group 0 to 1.0000e-03.
Epoch: 176, Train loss: 0.006442958401292563, Validation loss: 0.5033185502529144, Validation accuracy: 0.9277
Adjusting learning rate of group 0 to 1.0000e-03.
Epoch: 177, Train loss: 0.005771902487194166, Validation loss: 0.5101601887702942, Validation accuracy: 0.927
Adjusting learning rate of group 0 to 1.0000e-03.
Epoch: 178, Train loss: 0.004943209852706641, Validation loss: 0.5010712400913239, Validation accuracy: 0.9279
Adjusting learning rate of group 0 to 1.0000e-03.
Epoch: 179, Train loss: 0.00621416648266837, Validation loss: 0.5104056263446808, Validation accuracy: 0.9278
Adjusting learning rate of group 0 to 1.0000e-03.
Epoch: 180, Train loss: 0.0047752979462035, Validation loss: 0.5096041604995728, Validation accuracy: 0.9278
Adjusting learning rate of group 0 to 1.0000e-03.
Epoch: 181, Train loss: 0.0056521188371069725, Validation loss: 0.5089490180492401, Validation accuracy: 0.9284
Adjusting learning rate of group 0 to 1.0000e-03.
Epoch: 182, Train loss: 0.0047993098795181145, Validation loss: 0.5137105957984924, Validation accuracy: 0.9289
Adjusting learning rate of group 0 to 1.0000e-03.
Epoch: 183, Train loss: 0.005672806160077453, Validation loss: 0.5128622387409211, Validation accuracy: 0.9299
Adjusting learning rate of group 0 to 1.0000e-03.
Epoch: 184, Train loss: 0.0047326269894372676, Validation loss: 0.5094866308689118, Validation accuracy: 0.9301
Adjusting learning rate of group 0 to 1.0000e-03.
Epoch: 185, Train loss: 0.005027547641741112, Validation loss: 0.5199384916305542, Validation accuracy: 0.9288
Adjusting learning rate of group 0 to 1.0000e-03.
Epoch: 186, Train loss: 0.004913367911977693, Validation loss: 0.517203608417511, Validation accuracy: 0.9296
Adjusting learning rate of group 0 to 1.0000e-03.
Epoch: 187, Train loss: 0.005354673508685082, Validation loss: 0.52104198346138, Validation accuracy: 0.9295
Adjusting learning rate of group 0 to 1.0000e-03.
Epoch: 188, Train loss: 0.005242806676253676, Validation loss: 0.5262825654506683, Validation accuracy: 0.9287
Adjusting learning rate of group 0 to 1.0000e-03.
Epoch: 189, Train loss: 0.005065175639931112, Validation loss: 0.528727501487732, Validation accuracy: 0.928
Adjusting learning rate of group 0 to 1.0000e-03.
Epoch: 190, Train loss: 0.004252894049808383, Validation loss: 0.5291197368621826, Validation accuracy: 0.9277
Adjusting learning rate of group 0 to 1.0000e-03.
Epoch: 191, Train loss: 0.004423134426660836, Validation loss: 0.5263029675483704, Validation accuracy: 0.9283
Adjusting learning rate of group 0 to 1.0000e-03.
Epoch: 192, Train loss: 0.0043318636655109, Validation loss: 0.5258562181949615, Validation accuracy: 0.929
Adjusting learning rate of group 0 to 1.0000e-03.
Epoch: 193, Train loss: 0.004574928424973041, Validation loss: 0.5282076142311096, Validation accuracy: 0.93
Adjusting learning rate of group 0 to 1.0000e-03.
Epoch: 194, Train loss: 0.0034744677113741637, Validation loss: 0.5268409818172455, Validation accuracy: 0.9303
Adjusting learning rate of group 0 to 1.0000e-03.
Epoch: 195, Train loss: 0.004429617696814239, Validation loss: 0.5323875928401947, Validation accuracy: 0.9279
Adjusting learning rate of group 0 to 1.0000e-03.
Epoch: 196, Train loss: 0.00395899954543449, Validation loss: 0.5416317274570465, Validation accuracy: 0.9286
Adjusting learning rate of group 0 to 1.0000e-03.
Epoch: 197, Train loss: 0.003646372099793516, Validation loss: 0.5395519248962403, Validation accuracy: 0.9284
Adjusting learning rate of group 0 to 1.0000e-03.
Epoch: 198, Train loss: 0.004534345973106101, Validation loss: 0.5384180802345276, Validation accuracy: 0.9279
Adjusting learning rate of group 0 to 1.0000e-03.
Epoch: 199, Train loss: 0.004092126681357622, Validation loss: 0.5430064290523529, Validation accuracy: 0.9281
Accuracy: 0.9281, Parameters: 1818
