['ResNet-TRL-Tensorized.py', '--core_ranks', '1', '2', '1', '2', '--ring_ranks', '1', '2', '1', '2', '--seed', '1', '--device', 'cuda:3']
Initializing dataloader
Files already downloaded and verified
Files already downloaded and verified
Dataloader has initialized
Initializing model
Adjusting learning rate of group 0 to 1.0000e-02.
Model initialized
Testing model
Tests passed
Adjusting learning rate of group 0 to 2.0000e-02.
Epoch: 0, Train loss: 1.8956246701812745, Validation loss: 1.5966019435882568, Validation accuracy: 0.3877
Adjusting learning rate of group 0 to 3.0000e-02.
Epoch: 1, Train loss: 1.4526091778182983, Validation loss: 1.221670270729065, Validation accuracy: 0.558
Adjusting learning rate of group 0 to 4.0000e-02.
Epoch: 2, Train loss: 1.181186502571106, Validation loss: 1.1708340405464173, Validation accuracy: 0.5984
Adjusting learning rate of group 0 to 5.0000e-02.
Epoch: 3, Train loss: 1.0220535417556762, Validation loss: 1.1552418678283691, Validation accuracy: 0.6125
Adjusting learning rate of group 0 to 6.0000e-02.
Epoch: 4, Train loss: 0.9209623403930665, Validation loss: 0.8967529237747193, Validation accuracy: 0.6939
Adjusting learning rate of group 0 to 7.0000e-02.
Epoch: 5, Train loss: 0.8435173716545105, Validation loss: 0.8343922914505005, Validation accuracy: 0.7162
Adjusting learning rate of group 0 to 8.0000e-02.
Epoch: 6, Train loss: 0.7905220146560669, Validation loss: 0.9522060836791992, Validation accuracy: 0.7158
Adjusting learning rate of group 0 to 9.0000e-02.
Epoch: 7, Train loss: 0.7522067301559449, Validation loss: 1.0537701215744018, Validation accuracy: 0.6928
Adjusting learning rate of group 0 to 1.0000e-01.
Epoch: 8, Train loss: 0.7155473149108886, Validation loss: 0.9442037881851196, Validation accuracy: 0.6891
Adjusting learning rate of group 0 to 1.0000e-01.
Epoch: 9, Train loss: 0.693017044506073, Validation loss: 0.7078618403434753, Validation accuracy: 0.7672
Adjusting learning rate of group 0 to 1.0000e-01.
Epoch: 10, Train loss: 0.659168941745758, Validation loss: 0.6853376776695251, Validation accuracy: 0.7773
Adjusting learning rate of group 0 to 1.0000e-01.
Epoch: 11, Train loss: 0.6148224161911011, Validation loss: 0.711995923423767, Validation accuracy: 0.7663
Adjusting learning rate of group 0 to 1.0000e-01.
Epoch: 12, Train loss: 0.594625683221817, Validation loss: 0.8913591934204101, Validation accuracy: 0.7446
Adjusting learning rate of group 0 to 1.0000e-01.
Epoch: 13, Train loss: 0.5794668186378479, Validation loss: 0.6363158740997314, Validation accuracy: 0.7938
Adjusting learning rate of group 0 to 1.0000e-01.
Epoch: 14, Train loss: 0.561213960647583, Validation loss: 0.6217042657852173, Validation accuracy: 0.8009
Adjusting learning rate of group 0 to 1.0000e-01.
Epoch: 15, Train loss: 0.5508523350715637, Validation loss: 0.7084259084701539, Validation accuracy: 0.7874
Adjusting learning rate of group 0 to 1.0000e-01.
Epoch: 16, Train loss: 0.5285129652786255, Validation loss: 0.6219835211753845, Validation accuracy: 0.8059
Adjusting learning rate of group 0 to 1.0000e-01.
Epoch: 17, Train loss: 0.5237161679077148, Validation loss: 0.5959196213722229, Validation accuracy: 0.808
Adjusting learning rate of group 0 to 1.0000e-01.
Epoch: 18, Train loss: 0.5120916303062439, Validation loss: 0.7659987220764161, Validation accuracy: 0.7792
Adjusting learning rate of group 0 to 1.0000e-01.
Epoch: 19, Train loss: 0.5039703704071045, Validation loss: 0.8674093469142914, Validation accuracy: 0.7806
Adjusting learning rate of group 0 to 1.0000e-01.
Epoch: 20, Train loss: 0.49309769512176516, Validation loss: 0.807626981639862, Validation accuracy: 0.7492
Adjusting learning rate of group 0 to 1.0000e-01.
Epoch: 21, Train loss: 0.4816266180706024, Validation loss: 0.688163293170929, Validation accuracy: 0.8067
Adjusting learning rate of group 0 to 1.0000e-01.
Epoch: 22, Train loss: 0.478923831243515, Validation loss: 0.601887238407135, Validation accuracy: 0.8197
Adjusting learning rate of group 0 to 1.0000e-01.
Epoch: 23, Train loss: 0.4705278440093994, Validation loss: 0.6889688746452332, Validation accuracy: 0.8065
Adjusting learning rate of group 0 to 1.0000e-01.
Epoch: 24, Train loss: 0.46503691923141477, Validation loss: 0.6524299006462098, Validation accuracy: 0.8189
Adjusting learning rate of group 0 to 1.0000e-01.
Epoch: 25, Train loss: 0.4574422615623474, Validation loss: 0.6421059544086456, Validation accuracy: 0.79
Adjusting learning rate of group 0 to 1.0000e-01.
Epoch: 26, Train loss: 0.4560578284358978, Validation loss: 0.568790555858612, Validation accuracy: 0.8267
Adjusting learning rate of group 0 to 1.0000e-01.
Epoch: 27, Train loss: 0.4529323632621765, Validation loss: 0.5601428524017334, Validation accuracy: 0.8289
Adjusting learning rate of group 0 to 1.0000e-01.
Epoch: 28, Train loss: 0.43800501173973083, Validation loss: 0.6400541749000549, Validation accuracy: 0.8206
Adjusting learning rate of group 0 to 1.0000e-01.
Epoch: 29, Train loss: 0.4434244830608368, Validation loss: 0.6148324693202972, Validation accuracy: 0.8216
Adjusting learning rate of group 0 to 1.0000e-01.
Epoch: 30, Train loss: 0.43816966367721555, Validation loss: 0.6108123194217682, Validation accuracy: 0.8096
Adjusting learning rate of group 0 to 1.0000e-01.
Epoch: 31, Train loss: 0.44118176679611204, Validation loss: 0.5666416656494141, Validation accuracy: 0.8374
Adjusting learning rate of group 0 to 1.0000e-01.
Epoch: 32, Train loss: 0.4313643392372131, Validation loss: 0.5091298204421997, Validation accuracy: 0.8425
Adjusting learning rate of group 0 to 1.0000e-01.
Epoch: 33, Train loss: 0.4191696210575104, Validation loss: 0.44460513944625857, Validation accuracy: 0.8513
Adjusting learning rate of group 0 to 1.0000e-01.
Epoch: 34, Train loss: 0.4232647731781006, Validation loss: 0.8024172247409821, Validation accuracy: 0.7809
Adjusting learning rate of group 0 to 1.0000e-01.
Epoch: 35, Train loss: 0.4117255921840668, Validation loss: 0.737268132019043, Validation accuracy: 0.8056
Adjusting learning rate of group 0 to 1.0000e-01.
Epoch: 36, Train loss: 0.4125549396705627, Validation loss: 0.5684819149017334, Validation accuracy: 0.8377
Adjusting learning rate of group 0 to 1.0000e-01.
Epoch: 37, Train loss: 0.43114053877830505, Validation loss: 0.6322134057998657, Validation accuracy: 0.8403
Adjusting learning rate of group 0 to 1.0000e-01.
Epoch: 38, Train loss: 0.4056357763004303, Validation loss: 0.6303333866119385, Validation accuracy: 0.817
Adjusting learning rate of group 0 to 1.0000e-01.
Epoch: 39, Train loss: 0.4058183217906952, Validation loss: 0.6239117671489716, Validation accuracy: 0.81
Adjusting learning rate of group 0 to 1.0000e-01.
Epoch: 40, Train loss: 0.40140949422836303, Validation loss: 0.558136803483963, Validation accuracy: 0.8356
Adjusting learning rate of group 0 to 1.0000e-01.
Epoch: 41, Train loss: 0.41278377880096434, Validation loss: 0.652979894733429, Validation accuracy: 0.8048
Adjusting learning rate of group 0 to 1.0000e-01.
Epoch: 42, Train loss: 0.4128836486816406, Validation loss: 0.49257405443191526, Validation accuracy: 0.8446
Adjusting learning rate of group 0 to 1.0000e-01.
Epoch: 43, Train loss: 0.40726661476135256, Validation loss: 0.683575890159607, Validation accuracy: 0.8087
Adjusting learning rate of group 0 to 1.0000e-01.
Epoch: 44, Train loss: 0.39053427381515504, Validation loss: 0.6666787484169007, Validation accuracy: 0.8305
Adjusting learning rate of group 0 to 1.0000e-01.
Epoch: 45, Train loss: 0.397833663520813, Validation loss: 0.5493291234493256, Validation accuracy: 0.8379
Adjusting learning rate of group 0 to 1.0000e-01.
Epoch: 46, Train loss: 0.3895052003955841, Validation loss: 0.5350497912406922, Validation accuracy: 0.8319
Adjusting learning rate of group 0 to 1.0000e-01.
Epoch: 47, Train loss: 0.4002814780092239, Validation loss: 0.8504350410461425, Validation accuracy: 0.7981
Adjusting learning rate of group 0 to 1.0000e-01.
Epoch: 48, Train loss: 0.38887063771247865, Validation loss: 0.5469685124397278, Validation accuracy: 0.8278
Adjusting learning rate of group 0 to 1.0000e-01.
Epoch: 49, Train loss: 0.3892278856086731, Validation loss: 0.6303378955841065, Validation accuracy: 0.8351
Adjusting learning rate of group 0 to 1.0000e-01.
Epoch: 50, Train loss: 0.3958586766529083, Validation loss: 0.7223510695457458, Validation accuracy: 0.8119
Adjusting learning rate of group 0 to 1.0000e-01.
Epoch: 51, Train loss: 0.39184594141960144, Validation loss: 0.5030335629463196, Validation accuracy: 0.8484
Adjusting learning rate of group 0 to 1.0000e-01.
Epoch: 52, Train loss: 0.3918139781188965, Validation loss: 0.5063257575511932, Validation accuracy: 0.8398
Adjusting learning rate of group 0 to 1.0000e-01.
Epoch: 53, Train loss: 0.39366079055786135, Validation loss: 0.6300835439682007, Validation accuracy: 0.8109
Adjusting learning rate of group 0 to 1.0000e-01.
Epoch: 54, Train loss: 0.3827264623069763, Validation loss: 0.628107553100586, Validation accuracy: 0.8091
Adjusting learning rate of group 0 to 1.0000e-01.
Epoch: 55, Train loss: 0.3814627541065216, Validation loss: 0.6489560636520386, Validation accuracy: 0.8285
Adjusting learning rate of group 0 to 1.0000e-01.
Epoch: 56, Train loss: 0.37853211253166197, Validation loss: 0.5480392524719239, Validation accuracy: 0.836
Adjusting learning rate of group 0 to 1.0000e-01.
Epoch: 57, Train loss: 0.3817528994560242, Validation loss: 0.7458082317352295, Validation accuracy: 0.7897
Adjusting learning rate of group 0 to 1.0000e-01.
Epoch: 58, Train loss: 0.38578831466674807, Validation loss: 0.6397907752990722, Validation accuracy: 0.8145
Adjusting learning rate of group 0 to 1.0000e-01.
Epoch: 59, Train loss: 0.379426387386322, Validation loss: 0.5841174517631531, Validation accuracy: 0.8231
Adjusting learning rate of group 0 to 1.0000e-01.
Epoch: 60, Train loss: 0.36971570444107055, Validation loss: 0.7794311338424683, Validation accuracy: 0.8127
Adjusting learning rate of group 0 to 1.0000e-01.
Epoch: 61, Train loss: 0.38227689038276674, Validation loss: 0.5595522731781006, Validation accuracy: 0.8344
Adjusting learning rate of group 0 to 1.0000e-01.
Epoch: 62, Train loss: 0.38200201440811155, Validation loss: 0.740838945198059, Validation accuracy: 0.8088
Adjusting learning rate of group 0 to 1.0000e-01.
Epoch: 63, Train loss: 0.3707869679737091, Validation loss: 0.6167797773361207, Validation accuracy: 0.8389
Adjusting learning rate of group 0 to 1.0000e-01.
Epoch: 64, Train loss: 0.37584710366249086, Validation loss: 0.6803385250091553, Validation accuracy: 0.8326
Adjusting learning rate of group 0 to 1.0000e-01.
Epoch: 65, Train loss: 0.3816016789340973, Validation loss: 0.45836263728141785, Validation accuracy: 0.8575
Adjusting learning rate of group 0 to 1.0000e-01.
Epoch: 66, Train loss: 0.36847031135559083, Validation loss: 0.5760696001052856, Validation accuracy: 0.8293
Adjusting learning rate of group 0 to 1.0000e-01.
Epoch: 67, Train loss: 0.376324267001152, Validation loss: 0.5020336213111878, Validation accuracy: 0.8566
Adjusting learning rate of group 0 to 1.0000e-01.
Epoch: 68, Train loss: 0.3666222219276428, Validation loss: 0.6903092756271362, Validation accuracy: 0.8046
Adjusting learning rate of group 0 to 1.0000e-01.
Epoch: 69, Train loss: 0.3694019431781769, Validation loss: 0.5845935199737549, Validation accuracy: 0.8255
Adjusting learning rate of group 0 to 1.0000e-01.
Epoch: 70, Train loss: 0.3744531887817383, Validation loss: 0.5147605644226074, Validation accuracy: 0.8385
Adjusting learning rate of group 0 to 1.0000e-01.
Epoch: 71, Train loss: 0.36409687889099124, Validation loss: 0.5757647563934326, Validation accuracy: 0.8381
Adjusting learning rate of group 0 to 1.0000e-01.
Epoch: 72, Train loss: 0.3663535515880585, Validation loss: 0.6376150276184082, Validation accuracy: 0.808
Adjusting learning rate of group 0 to 1.0000e-01.
Epoch: 73, Train loss: 0.3733117477989197, Validation loss: 0.6528965581893921, Validation accuracy: 0.8148
Adjusting learning rate of group 0 to 1.0000e-01.
Epoch: 74, Train loss: 0.35959469877243044, Validation loss: 0.4467487193107605, Validation accuracy: 0.8667
Adjusting learning rate of group 0 to 1.0000e-01.
Epoch: 75, Train loss: 0.35502890748023985, Validation loss: 0.5002560361862183, Validation accuracy: 0.8459
Adjusting learning rate of group 0 to 1.0000e-01.
Epoch: 76, Train loss: 0.3571038894844055, Validation loss: 0.699022768831253, Validation accuracy: 0.8085
Adjusting learning rate of group 0 to 1.0000e-01.
Epoch: 77, Train loss: 0.3575261611366272, Validation loss: 0.6837690880775452, Validation accuracy: 0.8202
Adjusting learning rate of group 0 to 1.0000e-01.
Epoch: 78, Train loss: 0.36854309576034544, Validation loss: 0.5085474009513855, Validation accuracy: 0.8571
Adjusting learning rate of group 0 to 1.0000e-01.
Epoch: 79, Train loss: 0.36895766278266906, Validation loss: 0.6113016050338745, Validation accuracy: 0.8127
Adjusting learning rate of group 0 to 1.0000e-01.
Epoch: 80, Train loss: 0.3617209213352203, Validation loss: 0.7735291193008423, Validation accuracy: 0.8141
Adjusting learning rate of group 0 to 1.0000e-01.
Epoch: 81, Train loss: 0.3662906393432617, Validation loss: 0.6512931715965271, Validation accuracy: 0.8377
Adjusting learning rate of group 0 to 1.0000e-01.
Epoch: 82, Train loss: 0.36365766598701477, Validation loss: 0.47007053556442263, Validation accuracy: 0.8548
Adjusting learning rate of group 0 to 1.0000e-01.
Epoch: 83, Train loss: 0.35975098017692564, Validation loss: 0.5173012231826782, Validation accuracy: 0.8458
Adjusting learning rate of group 0 to 1.0000e-01.
Epoch: 84, Train loss: 0.3589170786190033, Validation loss: 0.544452799320221, Validation accuracy: 0.8548
Adjusting learning rate of group 0 to 1.0000e-01.
Epoch: 85, Train loss: 0.3528667565727234, Validation loss: 0.5039413809776306, Validation accuracy: 0.8431
Adjusting learning rate of group 0 to 1.0000e-01.
Epoch: 86, Train loss: 0.3619804614639282, Validation loss: 0.45302983222007753, Validation accuracy: 0.8576
Adjusting learning rate of group 0 to 1.0000e-01.
Epoch: 87, Train loss: 0.3544745723247528, Validation loss: 0.4625208444595337, Validation accuracy: 0.8567
Adjusting learning rate of group 0 to 1.0000e-01.
Epoch: 88, Train loss: 0.3514481321144104, Validation loss: 0.5482580406188965, Validation accuracy: 0.84
Adjusting learning rate of group 0 to 1.0000e-01.
Epoch: 89, Train loss: 0.36190521728515623, Validation loss: 0.5726283423423767, Validation accuracy: 0.833
Adjusting learning rate of group 0 to 1.0000e-01.
Epoch: 90, Train loss: 0.3599600929450989, Validation loss: 0.5262651351928711, Validation accuracy: 0.8429
Adjusting learning rate of group 0 to 1.0000e-01.
Epoch: 91, Train loss: 0.3551432890033722, Validation loss: 0.5415404272079468, Validation accuracy: 0.8441
Adjusting learning rate of group 0 to 1.0000e-01.
Epoch: 92, Train loss: 0.35468623552322387, Validation loss: 0.6402169422149658, Validation accuracy: 0.8252
Adjusting learning rate of group 0 to 1.0000e-01.
Epoch: 93, Train loss: 0.3601086608219147, Validation loss: 0.6528669649124146, Validation accuracy: 0.8434
Adjusting learning rate of group 0 to 1.0000e-01.
Epoch: 94, Train loss: 0.3575424454975128, Validation loss: 0.5270348203659058, Validation accuracy: 0.8297
Adjusting learning rate of group 0 to 1.0000e-01.
Epoch: 95, Train loss: 0.35281275480270385, Validation loss: 0.7968011211395264, Validation accuracy: 0.7875
Adjusting learning rate of group 0 to 1.0000e-01.
Epoch: 96, Train loss: 0.352507405128479, Validation loss: 0.5774276452064514, Validation accuracy: 0.827
Adjusting learning rate of group 0 to 1.0000e-01.
Epoch: 97, Train loss: 0.3598261295223236, Validation loss: 0.6022541006088257, Validation accuracy: 0.8498
Adjusting learning rate of group 0 to 1.0000e-01.
Epoch: 98, Train loss: 0.3594494373703003, Validation loss: 0.5846526886940002, Validation accuracy: 0.8268
Adjusting learning rate of group 0 to 1.0000e-01.
Epoch: 99, Train loss: 0.35485851998329165, Validation loss: 0.48595552968978883, Validation accuracy: 0.8595
Adjusting learning rate of group 0 to 1.0000e-02.
Epoch: 100, Train loss: 0.3407242315196991, Validation loss: 0.8081431810379028, Validation accuracy: 0.8163
Adjusting learning rate of group 0 to 1.0000e-02.
Epoch: 101, Train loss: 0.20231193807840347, Validation loss: 0.3222257303237915, Validation accuracy: 0.9104
Adjusting learning rate of group 0 to 1.0000e-02.
Epoch: 102, Train loss: 0.1638481107378006, Validation loss: 0.3155371431350708, Validation accuracy: 0.9132
Adjusting learning rate of group 0 to 1.0000e-02.
Epoch: 103, Train loss: 0.14575008187294006, Validation loss: 0.31194184799194336, Validation accuracy: 0.9162
Adjusting learning rate of group 0 to 1.0000e-02.
Epoch: 104, Train loss: 0.13231029655456544, Validation loss: 0.31565927200317384, Validation accuracy: 0.9168
Adjusting learning rate of group 0 to 1.0000e-02.
Epoch: 105, Train loss: 0.12697342417240143, Validation loss: 0.3027148599624634, Validation accuracy: 0.9155
Adjusting learning rate of group 0 to 1.0000e-02.
Epoch: 106, Train loss: 0.11777287153482437, Validation loss: 0.31464180707931516, Validation accuracy: 0.9187
Adjusting learning rate of group 0 to 1.0000e-02.
Epoch: 107, Train loss: 0.11268249247908592, Validation loss: 0.32007947177886964, Validation accuracy: 0.9182
Adjusting learning rate of group 0 to 1.0000e-02.
Epoch: 108, Train loss: 0.10460838028907776, Validation loss: 0.31808050289154055, Validation accuracy: 0.9195
Adjusting learning rate of group 0 to 1.0000e-02.
Epoch: 109, Train loss: 0.10092016767024994, Validation loss: 0.3212888874053955, Validation accuracy: 0.919
Adjusting learning rate of group 0 to 1.0000e-02.
Epoch: 110, Train loss: 0.09895587182044983, Validation loss: 0.3376038608551025, Validation accuracy: 0.9188
Adjusting learning rate of group 0 to 1.0000e-02.
Epoch: 111, Train loss: 0.09526923540592194, Validation loss: 0.3288052173614502, Validation accuracy: 0.9189
Adjusting learning rate of group 0 to 1.0000e-02.
Epoch: 112, Train loss: 0.08798971273422242, Validation loss: 0.3358560496330261, Validation accuracy: 0.9187
Adjusting learning rate of group 0 to 1.0000e-02.
Epoch: 113, Train loss: 0.08567553989648818, Validation loss: 0.3529068015098572, Validation accuracy: 0.9225
Adjusting learning rate of group 0 to 1.0000e-02.
Epoch: 114, Train loss: 0.0823305923819542, Validation loss: 0.35350504932403565, Validation accuracy: 0.9196
Adjusting learning rate of group 0 to 1.0000e-02.
Epoch: 115, Train loss: 0.08016335164546967, Validation loss: 0.38820875415802003, Validation accuracy: 0.9151
Adjusting learning rate of group 0 to 1.0000e-02.
Epoch: 116, Train loss: 0.07751352556586266, Validation loss: 0.3587794855117798, Validation accuracy: 0.9197
Adjusting learning rate of group 0 to 1.0000e-02.
Epoch: 117, Train loss: 0.0763933164960146, Validation loss: 0.37999995241165163, Validation accuracy: 0.9158
Adjusting learning rate of group 0 to 1.0000e-02.
Epoch: 118, Train loss: 0.07391959594011306, Validation loss: 0.38232636842727663, Validation accuracy: 0.9187
Adjusting learning rate of group 0 to 1.0000e-02.
Epoch: 119, Train loss: 0.0727827823984623, Validation loss: 0.39026098957061767, Validation accuracy: 0.9157
Adjusting learning rate of group 0 to 1.0000e-02.
Epoch: 120, Train loss: 0.0697112330520153, Validation loss: 0.4418414918899536, Validation accuracy: 0.9145
Adjusting learning rate of group 0 to 1.0000e-02.
Epoch: 121, Train loss: 0.0696322767841816, Validation loss: 0.37446411685943604, Validation accuracy: 0.9171
Adjusting learning rate of group 0 to 1.0000e-02.
Epoch: 122, Train loss: 0.06537598037600517, Validation loss: 0.37040187702178956, Validation accuracy: 0.9182
Adjusting learning rate of group 0 to 1.0000e-02.
Epoch: 123, Train loss: 0.06222544555544853, Validation loss: 0.42044884157180784, Validation accuracy: 0.9148
Adjusting learning rate of group 0 to 1.0000e-02.
Epoch: 124, Train loss: 0.060020660985410215, Validation loss: 0.43611769227981567, Validation accuracy: 0.9184
Adjusting learning rate of group 0 to 1.0000e-02.
Epoch: 125, Train loss: 0.06068745930433273, Validation loss: 0.4150688819885254, Validation accuracy: 0.9154
Adjusting learning rate of group 0 to 1.0000e-02.
Epoch: 126, Train loss: 0.06119056848168373, Validation loss: 0.39060032215118407, Validation accuracy: 0.9173
Adjusting learning rate of group 0 to 1.0000e-02.
Epoch: 127, Train loss: 0.06145088499307633, Validation loss: 0.4432348035812378, Validation accuracy: 0.9168
Adjusting learning rate of group 0 to 1.0000e-02.
Epoch: 128, Train loss: 0.05891221572041511, Validation loss: 0.4188202890396118, Validation accuracy: 0.9161
Adjusting learning rate of group 0 to 1.0000e-02.
Epoch: 129, Train loss: 0.06268251574516297, Validation loss: 0.39283146238327027, Validation accuracy: 0.9177
Adjusting learning rate of group 0 to 1.0000e-02.
Epoch: 130, Train loss: 0.05772872367739677, Validation loss: 0.3996717267036438, Validation accuracy: 0.9173
Adjusting learning rate of group 0 to 1.0000e-02.
Epoch: 131, Train loss: 0.05354289789676666, Validation loss: 0.4085688749313354, Validation accuracy: 0.9203
Adjusting learning rate of group 0 to 1.0000e-02.
Epoch: 132, Train loss: 0.05488358071774244, Validation loss: 0.4166848854064941, Validation accuracy: 0.917
Adjusting learning rate of group 0 to 1.0000e-02.
Epoch: 133, Train loss: 0.0556852774733305, Validation loss: 0.43312691860198976, Validation accuracy: 0.9169
Adjusting learning rate of group 0 to 1.0000e-02.
Epoch: 134, Train loss: 0.05494267898797989, Validation loss: 0.48237336473464965, Validation accuracy: 0.916
Adjusting learning rate of group 0 to 1.0000e-02.
Epoch: 135, Train loss: 0.05310063237428665, Validation loss: 0.42851848602294923, Validation accuracy: 0.9182
Adjusting learning rate of group 0 to 1.0000e-02.
Epoch: 136, Train loss: 0.051386915076673034, Validation loss: 0.4212977903366089, Validation accuracy: 0.9166
Adjusting learning rate of group 0 to 1.0000e-02.
Epoch: 137, Train loss: 0.05243106881022453, Validation loss: 0.4394467956542969, Validation accuracy: 0.9177
Adjusting learning rate of group 0 to 1.0000e-02.
Epoch: 138, Train loss: 0.05446355086445808, Validation loss: 0.4491615234375, Validation accuracy: 0.9169
Adjusting learning rate of group 0 to 1.0000e-02.
Epoch: 139, Train loss: 0.052726449590921404, Validation loss: 0.4426797292709351, Validation accuracy: 0.9186
Adjusting learning rate of group 0 to 1.0000e-02.
Epoch: 140, Train loss: 0.050621616988778116, Validation loss: 0.4539950714111328, Validation accuracy: 0.914
Adjusting learning rate of group 0 to 1.0000e-02.
Epoch: 141, Train loss: 0.05321055313289166, Validation loss: 0.45113199920654296, Validation accuracy: 0.9184
Adjusting learning rate of group 0 to 1.0000e-02.
Epoch: 142, Train loss: 0.0512753732162714, Validation loss: 0.4802300951004028, Validation accuracy: 0.9145
Adjusting learning rate of group 0 to 1.0000e-02.
Epoch: 143, Train loss: 0.05493530755758286, Validation loss: 0.4431969488143921, Validation accuracy: 0.9195
Adjusting learning rate of group 0 to 1.0000e-02.
Epoch: 144, Train loss: 0.051491387813687325, Validation loss: 0.46160989627838134, Validation accuracy: 0.9142
Adjusting learning rate of group 0 to 1.0000e-02.
Epoch: 145, Train loss: 0.04978435437202454, Validation loss: 0.4868685176849365, Validation accuracy: 0.9133
Adjusting learning rate of group 0 to 1.0000e-02.
Epoch: 146, Train loss: 0.0479694037181139, Validation loss: 0.5314334804534913, Validation accuracy: 0.9096
Adjusting learning rate of group 0 to 1.0000e-02.
Epoch: 147, Train loss: 0.050854088129997255, Validation loss: 0.4325179136276245, Validation accuracy: 0.9131
Adjusting learning rate of group 0 to 1.0000e-02.
Epoch: 148, Train loss: 0.04913057198286057, Validation loss: 0.5206940343856812, Validation accuracy: 0.9077
Adjusting learning rate of group 0 to 1.0000e-02.
Epoch: 149, Train loss: 0.052505357944965365, Validation loss: 0.41603611679077146, Validation accuracy: 0.9197
Adjusting learning rate of group 0 to 1.0000e-03.
Epoch: 150, Train loss: 0.05026058728218079, Validation loss: 0.45012231769561767, Validation accuracy: 0.9133
Adjusting learning rate of group 0 to 1.0000e-03.
Epoch: 151, Train loss: 0.03527874511837959, Validation loss: 0.4342588447570801, Validation accuracy: 0.9199
Adjusting learning rate of group 0 to 1.0000e-03.
Epoch: 152, Train loss: 0.025920750849246978, Validation loss: 0.45165921268463133, Validation accuracy: 0.9222
Adjusting learning rate of group 0 to 1.0000e-03.
Epoch: 153, Train loss: 0.02400079582646489, Validation loss: 0.4715400743484497, Validation accuracy: 0.9204
Adjusting learning rate of group 0 to 1.0000e-03.
Epoch: 154, Train loss: 0.02033080206528306, Validation loss: 0.47606742610931396, Validation accuracy: 0.9216
Adjusting learning rate of group 0 to 1.0000e-03.
Epoch: 155, Train loss: 0.019876048118025066, Validation loss: 0.48589492588043215, Validation accuracy: 0.9215
Adjusting learning rate of group 0 to 1.0000e-03.
Epoch: 156, Train loss: 0.0189382083748281, Validation loss: 0.49599403209686277, Validation accuracy: 0.9242
Adjusting learning rate of group 0 to 1.0000e-03.
Epoch: 157, Train loss: 0.01767228104919195, Validation loss: 0.5095407169342041, Validation accuracy: 0.9244
Adjusting learning rate of group 0 to 1.0000e-03.
Epoch: 158, Train loss: 0.01770625394016504, Validation loss: 0.5043855594635009, Validation accuracy: 0.9241
Adjusting learning rate of group 0 to 1.0000e-03.
Epoch: 159, Train loss: 0.01557999927656725, Validation loss: 0.5181470912933349, Validation accuracy: 0.9229
Adjusting learning rate of group 0 to 1.0000e-03.
Epoch: 160, Train loss: 0.015359700402915477, Validation loss: 0.5221918371200561, Validation accuracy: 0.9235
Adjusting learning rate of group 0 to 1.0000e-03.
Epoch: 161, Train loss: 0.014578548000613227, Validation loss: 0.5330352115631104, Validation accuracy: 0.9233
Adjusting learning rate of group 0 to 1.0000e-03.
Epoch: 162, Train loss: 0.013163293168582023, Validation loss: 0.5517441762924195, Validation accuracy: 0.923
Adjusting learning rate of group 0 to 1.0000e-03.
Epoch: 163, Train loss: 0.013672437392398715, Validation loss: 0.5431132143020629, Validation accuracy: 0.9221
Adjusting learning rate of group 0 to 1.0000e-03.
Epoch: 164, Train loss: 0.01257847654543817, Validation loss: 0.5663244220733643, Validation accuracy: 0.9242
Adjusting learning rate of group 0 to 1.0000e-03.
Epoch: 165, Train loss: 0.012947148360628635, Validation loss: 0.5703143625259399, Validation accuracy: 0.9233
Adjusting learning rate of group 0 to 1.0000e-03.
Epoch: 166, Train loss: 0.013386084071546792, Validation loss: 0.5693144708633423, Validation accuracy: 0.9242
Adjusting learning rate of group 0 to 1.0000e-03.
Epoch: 167, Train loss: 0.013031658568382263, Validation loss: 0.5712313238143921, Validation accuracy: 0.9235
Adjusting learning rate of group 0 to 1.0000e-03.
Epoch: 168, Train loss: 0.012841083430573344, Validation loss: 0.5691793663024902, Validation accuracy: 0.9243
Adjusting learning rate of group 0 to 1.0000e-03.
Epoch: 169, Train loss: 0.011551064321883023, Validation loss: 0.5734124834060669, Validation accuracy: 0.9242
Adjusting learning rate of group 0 to 1.0000e-03.
Epoch: 170, Train loss: 0.011209257660023867, Validation loss: 0.5813221963882447, Validation accuracy: 0.9245
Adjusting learning rate of group 0 to 1.0000e-03.
Epoch: 171, Train loss: 0.011465925001502036, Validation loss: 0.5845389347076416, Validation accuracy: 0.9227
Adjusting learning rate of group 0 to 1.0000e-03.
Epoch: 172, Train loss: 0.011942372387200594, Validation loss: 0.5937699798583984, Validation accuracy: 0.9237
Adjusting learning rate of group 0 to 1.0000e-03.
Epoch: 173, Train loss: 0.010371678215991706, Validation loss: 0.6031495618820191, Validation accuracy: 0.9233
Adjusting learning rate of group 0 to 1.0000e-03.
Epoch: 174, Train loss: 0.011164872720940038, Validation loss: 0.5906277992248535, Validation accuracy: 0.9228
Adjusting learning rate of group 0 to 1.0000e-03.
Epoch: 175, Train loss: 0.010821648244038225, Validation loss: 0.5950661375045776, Validation accuracy: 0.923
Adjusting learning rate of group 0 to 1.0000e-03.
Epoch: 176, Train loss: 0.011140850994661451, Validation loss: 0.5915252050399781, Validation accuracy: 0.9245
Adjusting learning rate of group 0 to 1.0000e-03.
Epoch: 177, Train loss: 0.010181854738034308, Validation loss: 0.5991359228134155, Validation accuracy: 0.9242
Adjusting learning rate of group 0 to 1.0000e-03.
Epoch: 178, Train loss: 0.009838851774223148, Validation loss: 0.601194765663147, Validation accuracy: 0.924
Adjusting learning rate of group 0 to 1.0000e-03.
Epoch: 179, Train loss: 0.009259197997637093, Validation loss: 0.6142395654678344, Validation accuracy: 0.9251
Adjusting learning rate of group 0 to 1.0000e-03.
Epoch: 180, Train loss: 0.009090328532755374, Validation loss: 0.6225761266708374, Validation accuracy: 0.9249
Adjusting learning rate of group 0 to 1.0000e-03.
Epoch: 181, Train loss: 0.008544460176341235, Validation loss: 0.6281965307235717, Validation accuracy: 0.9227
Adjusting learning rate of group 0 to 1.0000e-03.
Epoch: 182, Train loss: 0.010143738563153893, Validation loss: 0.6284892387390136, Validation accuracy: 0.9236
Adjusting learning rate of group 0 to 1.0000e-03.
Epoch: 183, Train loss: 0.008191069546826184, Validation loss: 0.6234697872161865, Validation accuracy: 0.9236
Adjusting learning rate of group 0 to 1.0000e-03.
Epoch: 184, Train loss: 0.008175477228537202, Validation loss: 0.6358795135498047, Validation accuracy: 0.9249
Adjusting learning rate of group 0 to 1.0000e-03.
Epoch: 185, Train loss: 0.009196482587195933, Validation loss: 0.6429725124359131, Validation accuracy: 0.9245
Adjusting learning rate of group 0 to 1.0000e-03.
Epoch: 186, Train loss: 0.007568865008037537, Validation loss: 0.6363329010009766, Validation accuracy: 0.9243
Adjusting learning rate of group 0 to 1.0000e-03.
Epoch: 187, Train loss: 0.008720226603047922, Validation loss: 0.6447293106079102, Validation accuracy: 0.9226
Adjusting learning rate of group 0 to 1.0000e-03.
Epoch: 188, Train loss: 0.0092480670064874, Validation loss: 0.6408424758911133, Validation accuracy: 0.9231
Adjusting learning rate of group 0 to 1.0000e-03.
Epoch: 189, Train loss: 0.008095423726625741, Validation loss: 0.6544230377197265, Validation accuracy: 0.9243
Adjusting learning rate of group 0 to 1.0000e-03.
Epoch: 190, Train loss: 0.007933986236918718, Validation loss: 0.6519303537368775, Validation accuracy: 0.9239
Adjusting learning rate of group 0 to 1.0000e-03.
Epoch: 191, Train loss: 0.007430924695972353, Validation loss: 0.6399499925613403, Validation accuracy: 0.9235
Adjusting learning rate of group 0 to 1.0000e-03.
Epoch: 192, Train loss: 0.007776132855992764, Validation loss: 0.6609726526260375, Validation accuracy: 0.9236
Adjusting learning rate of group 0 to 1.0000e-03.
Epoch: 193, Train loss: 0.008243015914550051, Validation loss: 0.6529727787017823, Validation accuracy: 0.9232
Adjusting learning rate of group 0 to 1.0000e-03.
Epoch: 194, Train loss: 0.008134315788800596, Validation loss: 0.6413027603149414, Validation accuracy: 0.9239
Adjusting learning rate of group 0 to 1.0000e-03.
Epoch: 195, Train loss: 0.007941880866009741, Validation loss: 0.6551138875961303, Validation accuracy: 0.9258
Adjusting learning rate of group 0 to 1.0000e-03.
Epoch: 196, Train loss: 0.00781519316162914, Validation loss: 0.6515714044570923, Validation accuracy: 0.9247
Adjusting learning rate of group 0 to 1.0000e-03.
Epoch: 197, Train loss: 0.007567991662248969, Validation loss: 0.660334849357605, Validation accuracy: 0.9241
Adjusting learning rate of group 0 to 1.0000e-03.
Epoch: 198, Train loss: 0.0074012969712354245, Validation loss: 0.6492278020858765, Validation accuracy: 0.9242
Adjusting learning rate of group 0 to 1.0000e-03.
Epoch: 199, Train loss: 0.006803744820188731, Validation loss: 0.6541681274414063, Validation accuracy: 0.9248
Accuracy: 0.9248, Parameters: 146
