['ResNet-TRL-Ringed.py', '--core_ranks', '2', '4', '3', '--ring_ranks', '8', '4', '5', '--seed', '4', '--device', 'cuda:2']
Initializing dataloader
Files already downloaded and verified
Files already downloaded and verified
Dataloader has initialized
Initializing model
Adjusting learning rate of group 0 to 1.0000e-02.
Model initialized
Testing model
Tests passed
Adjusting learning rate of group 0 to 2.0000e-02.
Epoch: 0, Train loss: 1.750636065864563, Validation loss: 1.469022644996643, Validation accuracy: 0.46
Adjusting learning rate of group 0 to 3.0000e-02.
Epoch: 1, Train loss: 1.445093184814453, Validation loss: 1.211894118309021, Validation accuracy: 0.5619
Adjusting learning rate of group 0 to 4.0000e-02.
Epoch: 2, Train loss: 1.2059065924453736, Validation loss: 1.0743692682266235, Validation accuracy: 0.617
Adjusting learning rate of group 0 to 5.0000e-02.
Epoch: 3, Train loss: 1.031715496711731, Validation loss: 1.1315092473983765, Validation accuracy: 0.6201
Adjusting learning rate of group 0 to 6.0000e-02.
Epoch: 4, Train loss: 0.9060165908813477, Validation loss: 0.9863227331161499, Validation accuracy: 0.6822
Adjusting learning rate of group 0 to 7.0000e-02.
Epoch: 5, Train loss: 0.8174102604293824, Validation loss: 0.9272879016876221, Validation accuracy: 0.6902
Adjusting learning rate of group 0 to 8.0000e-02.
Epoch: 6, Train loss: 0.7502816241073609, Validation loss: 0.7754841104507446, Validation accuracy: 0.7319
Adjusting learning rate of group 0 to 9.0000e-02.
Epoch: 7, Train loss: 0.6927272696304321, Validation loss: 0.6775659169197082, Validation accuracy: 0.7745
Adjusting learning rate of group 0 to 1.0000e-01.
Epoch: 8, Train loss: 0.6533335131835938, Validation loss: 0.771028653049469, Validation accuracy: 0.7666
Adjusting learning rate of group 0 to 1.0000e-01.
Epoch: 9, Train loss: 0.6370024377059936, Validation loss: 0.7693875102043152, Validation accuracy: 0.7545
Adjusting learning rate of group 0 to 1.0000e-01.
Epoch: 10, Train loss: 0.5990059735488892, Validation loss: 0.736799221611023, Validation accuracy: 0.7634
Adjusting learning rate of group 0 to 1.0000e-01.
Epoch: 11, Train loss: 0.5713102415466309, Validation loss: 0.8106148847579956, Validation accuracy: 0.7497
Adjusting learning rate of group 0 to 1.0000e-01.
Epoch: 12, Train loss: 0.5363270354557037, Validation loss: 0.6101614446640015, Validation accuracy: 0.7973
Adjusting learning rate of group 0 to 1.0000e-01.
Epoch: 13, Train loss: 0.5137047532558441, Validation loss: 0.790955615234375, Validation accuracy: 0.7688
Adjusting learning rate of group 0 to 1.0000e-01.
Epoch: 14, Train loss: 0.5069154191017151, Validation loss: 0.6277141367912292, Validation accuracy: 0.8005
Adjusting learning rate of group 0 to 1.0000e-01.
Epoch: 15, Train loss: 0.4922241382980347, Validation loss: 0.6412883246421814, Validation accuracy: 0.7972
Adjusting learning rate of group 0 to 1.0000e-01.
Epoch: 16, Train loss: 0.47541138395309446, Validation loss: 0.8201330654144288, Validation accuracy: 0.768
Adjusting learning rate of group 0 to 1.0000e-01.
Epoch: 17, Train loss: 0.47008573985099794, Validation loss: 0.6510053943634033, Validation accuracy: 0.8098
Adjusting learning rate of group 0 to 1.0000e-01.
Epoch: 18, Train loss: 0.4547455764770508, Validation loss: 0.778356303691864, Validation accuracy: 0.7692
Adjusting learning rate of group 0 to 1.0000e-01.
Epoch: 19, Train loss: 0.4509468243408203, Validation loss: 0.5796361016273499, Validation accuracy: 0.8116
Adjusting learning rate of group 0 to 1.0000e-01.
Epoch: 20, Train loss: 0.44050023735046384, Validation loss: 0.6216625227928162, Validation accuracy: 0.8063
Adjusting learning rate of group 0 to 1.0000e-01.
Epoch: 21, Train loss: 0.43446706045150757, Validation loss: 0.5422266872882843, Validation accuracy: 0.8249
Adjusting learning rate of group 0 to 1.0000e-01.
Epoch: 22, Train loss: 0.42460175140380857, Validation loss: 0.5486492802619934, Validation accuracy: 0.8151
Adjusting learning rate of group 0 to 1.0000e-01.
Epoch: 23, Train loss: 0.41273907258033754, Validation loss: 0.5307794808387757, Validation accuracy: 0.8294
Adjusting learning rate of group 0 to 1.0000e-01.
Epoch: 24, Train loss: 0.4063536033821106, Validation loss: 0.47919002285003665, Validation accuracy: 0.8487
Adjusting learning rate of group 0 to 1.0000e-01.
Epoch: 25, Train loss: 0.40129115156173706, Validation loss: 0.6501572037220001, Validation accuracy: 0.8027
Adjusting learning rate of group 0 to 1.0000e-01.
Epoch: 26, Train loss: 0.40234353466033934, Validation loss: 0.5554208381652832, Validation accuracy: 0.8308
Adjusting learning rate of group 0 to 1.0000e-01.
Epoch: 27, Train loss: 0.392371283121109, Validation loss: 0.5681733196258545, Validation accuracy: 0.8188
Adjusting learning rate of group 0 to 1.0000e-01.
Epoch: 28, Train loss: 0.38649979060173034, Validation loss: 0.5778588903427124, Validation accuracy: 0.8239
Adjusting learning rate of group 0 to 1.0000e-01.
Epoch: 29, Train loss: 0.3873330418014526, Validation loss: 0.6234148662567138, Validation accuracy: 0.8139
Adjusting learning rate of group 0 to 1.0000e-01.
Epoch: 30, Train loss: 0.38249015347480775, Validation loss: 0.5455892279624939, Validation accuracy: 0.8263
Adjusting learning rate of group 0 to 1.0000e-01.
Epoch: 31, Train loss: 0.38381705033302305, Validation loss: 0.4700477505683899, Validation accuracy: 0.8534
Adjusting learning rate of group 0 to 1.0000e-01.
Epoch: 32, Train loss: 0.38323978023529054, Validation loss: 0.6210860481262207, Validation accuracy: 0.8076
Adjusting learning rate of group 0 to 1.0000e-01.
Epoch: 33, Train loss: 0.36779576189041135, Validation loss: 0.5868051042556762, Validation accuracy: 0.829
Adjusting learning rate of group 0 to 1.0000e-01.
Epoch: 34, Train loss: 0.37748907084941863, Validation loss: 0.4813792785644531, Validation accuracy: 0.8468
Adjusting learning rate of group 0 to 1.0000e-01.
Epoch: 35, Train loss: 0.3719375106048584, Validation loss: 0.5775400996208191, Validation accuracy: 0.8326
Adjusting learning rate of group 0 to 1.0000e-01.
Epoch: 36, Train loss: 0.3731125900363922, Validation loss: 0.48320921397209166, Validation accuracy: 0.8473
Adjusting learning rate of group 0 to 1.0000e-01.
Epoch: 37, Train loss: 0.3590554496383667, Validation loss: 0.4940718616485596, Validation accuracy: 0.8458
Adjusting learning rate of group 0 to 1.0000e-01.
Epoch: 38, Train loss: 0.3592690535259247, Validation loss: 0.5559560322761535, Validation accuracy: 0.8246
Adjusting learning rate of group 0 to 1.0000e-01.
Epoch: 39, Train loss: 0.3564340730857849, Validation loss: 0.5793303016662598, Validation accuracy: 0.8314
Adjusting learning rate of group 0 to 1.0000e-01.
Epoch: 40, Train loss: 0.3548656432056427, Validation loss: 0.6432695295333862, Validation accuracy: 0.8133
Adjusting learning rate of group 0 to 1.0000e-01.
Epoch: 41, Train loss: 0.3563516790866852, Validation loss: 0.5076532733917236, Validation accuracy: 0.8435
Adjusting learning rate of group 0 to 1.0000e-01.
Epoch: 42, Train loss: 0.3577490749835968, Validation loss: 0.6289658358573914, Validation accuracy: 0.8168
Adjusting learning rate of group 0 to 1.0000e-01.
Epoch: 43, Train loss: 0.3534894613838196, Validation loss: 0.4819057759284973, Validation accuracy: 0.8612
Adjusting learning rate of group 0 to 1.0000e-01.
Epoch: 44, Train loss: 0.3438541390991211, Validation loss: 0.601535865688324, Validation accuracy: 0.8256
Adjusting learning rate of group 0 to 1.0000e-01.
Epoch: 45, Train loss: 0.3415106280708313, Validation loss: 0.6418049240112305, Validation accuracy: 0.7997
Adjusting learning rate of group 0 to 1.0000e-01.
Epoch: 46, Train loss: 0.34807172016620636, Validation loss: 0.557762315750122, Validation accuracy: 0.8345
Adjusting learning rate of group 0 to 1.0000e-01.
Epoch: 47, Train loss: 0.3398007250213623, Validation loss: 0.5899835084915162, Validation accuracy: 0.8297
Adjusting learning rate of group 0 to 1.0000e-01.
Epoch: 48, Train loss: 0.34026090426445005, Validation loss: 0.5118610761642456, Validation accuracy: 0.8481
Adjusting learning rate of group 0 to 1.0000e-01.
Epoch: 49, Train loss: 0.3444817357158661, Validation loss: 0.4654391140460968, Validation accuracy: 0.8503
Adjusting learning rate of group 0 to 1.0000e-01.
Epoch: 50, Train loss: 0.3410763313293457, Validation loss: 0.4480045777320862, Validation accuracy: 0.8544
Adjusting learning rate of group 0 to 1.0000e-01.
Epoch: 51, Train loss: 0.33673026247024535, Validation loss: 0.6208938669204712, Validation accuracy: 0.8175
Adjusting learning rate of group 0 to 1.0000e-01.
Epoch: 52, Train loss: 0.33342260902404786, Validation loss: 0.4960856376647949, Validation accuracy: 0.8387
Adjusting learning rate of group 0 to 1.0000e-01.
Epoch: 53, Train loss: 0.33519034790992736, Validation loss: 0.4047883913040161, Validation accuracy: 0.865
Adjusting learning rate of group 0 to 1.0000e-01.
Epoch: 54, Train loss: 0.32754131181716917, Validation loss: 0.41179335961341856, Validation accuracy: 0.868
Adjusting learning rate of group 0 to 1.0000e-01.
Epoch: 55, Train loss: 0.3302400143289566, Validation loss: 0.5082299557685852, Validation accuracy: 0.8448
Adjusting learning rate of group 0 to 1.0000e-01.
Epoch: 56, Train loss: 0.33522464131355284, Validation loss: 0.43272443046569825, Validation accuracy: 0.8637
Adjusting learning rate of group 0 to 1.0000e-01.
Epoch: 57, Train loss: 0.3254727476501465, Validation loss: 0.5390549016475678, Validation accuracy: 0.8426
Adjusting learning rate of group 0 to 1.0000e-01.
Epoch: 58, Train loss: 0.3325895746421814, Validation loss: 0.594174407196045, Validation accuracy: 0.841
Adjusting learning rate of group 0 to 1.0000e-01.
Epoch: 59, Train loss: 0.33045633417129516, Validation loss: 0.5361677529335022, Validation accuracy: 0.8317
Adjusting learning rate of group 0 to 1.0000e-01.
Epoch: 60, Train loss: 0.3296767899894714, Validation loss: 0.5806032208800316, Validation accuracy: 0.8328
Adjusting learning rate of group 0 to 1.0000e-01.
Epoch: 61, Train loss: 0.3201620561981201, Validation loss: 0.5102706973075867, Validation accuracy: 0.8465
Adjusting learning rate of group 0 to 1.0000e-01.
Epoch: 62, Train loss: 0.3247504584693909, Validation loss: 0.6068953182220459, Validation accuracy: 0.8227
Adjusting learning rate of group 0 to 1.0000e-01.
Epoch: 63, Train loss: 0.32604160055160525, Validation loss: 0.6116082216262817, Validation accuracy: 0.8352
Adjusting learning rate of group 0 to 1.0000e-01.
Epoch: 64, Train loss: 0.32301094519615176, Validation loss: 0.7287111307144165, Validation accuracy: 0.8017
Adjusting learning rate of group 0 to 1.0000e-01.
Epoch: 65, Train loss: 0.32393934367656707, Validation loss: 0.5058566220521927, Validation accuracy: 0.8507
Adjusting learning rate of group 0 to 1.0000e-01.
Epoch: 66, Train loss: 0.3210099334144592, Validation loss: 0.5544327338695526, Validation accuracy: 0.8285
Adjusting learning rate of group 0 to 1.0000e-01.
Epoch: 67, Train loss: 0.3260613211297989, Validation loss: 0.7761490028381348, Validation accuracy: 0.8062
Adjusting learning rate of group 0 to 1.0000e-01.
Epoch: 68, Train loss: 0.32206987360954287, Validation loss: 0.4995093635559082, Validation accuracy: 0.8451
Adjusting learning rate of group 0 to 1.0000e-01.
Epoch: 69, Train loss: 0.3173646339702606, Validation loss: 0.4701558943748474, Validation accuracy: 0.8407
Adjusting learning rate of group 0 to 1.0000e-01.
Epoch: 70, Train loss: 0.31860882581710814, Validation loss: 0.47608459482192994, Validation accuracy: 0.8559
Adjusting learning rate of group 0 to 1.0000e-01.
Epoch: 71, Train loss: 0.32395850927352904, Validation loss: 0.530415669298172, Validation accuracy: 0.8438
Adjusting learning rate of group 0 to 1.0000e-01.
Epoch: 72, Train loss: 0.3203190423202515, Validation loss: 0.6690566991806031, Validation accuracy: 0.8192
Adjusting learning rate of group 0 to 1.0000e-01.
Epoch: 73, Train loss: 0.31532973318099977, Validation loss: 0.6450987244606018, Validation accuracy: 0.8152
Adjusting learning rate of group 0 to 1.0000e-01.
Epoch: 74, Train loss: 0.3160981882762909, Validation loss: 0.695201708984375, Validation accuracy: 0.8172
Adjusting learning rate of group 0 to 1.0000e-01.
Epoch: 75, Train loss: 0.31026632663726805, Validation loss: 0.5428601553916931, Validation accuracy: 0.8334
Adjusting learning rate of group 0 to 1.0000e-01.
Epoch: 76, Train loss: 0.31357255900382996, Validation loss: 0.5269561610221862, Validation accuracy: 0.8404
Adjusting learning rate of group 0 to 1.0000e-01.
Epoch: 77, Train loss: 0.3115010516357422, Validation loss: 0.5257835028171539, Validation accuracy: 0.8385
Adjusting learning rate of group 0 to 1.0000e-01.
Epoch: 78, Train loss: 0.3155170216369629, Validation loss: 0.5751319399356842, Validation accuracy: 0.8254
Adjusting learning rate of group 0 to 1.0000e-01.
Epoch: 79, Train loss: 0.3178735365104675, Validation loss: 0.4902710885047913, Validation accuracy: 0.847
Adjusting learning rate of group 0 to 1.0000e-01.
Epoch: 80, Train loss: 0.3176913975524902, Validation loss: 0.54893203830719, Validation accuracy: 0.8375
Adjusting learning rate of group 0 to 1.0000e-01.
Epoch: 81, Train loss: 0.30690183487892153, Validation loss: 0.5328357206344605, Validation accuracy: 0.8423
Adjusting learning rate of group 0 to 1.0000e-01.
Epoch: 82, Train loss: 0.313493444814682, Validation loss: 0.42201123943328855, Validation accuracy: 0.8566
Adjusting learning rate of group 0 to 1.0000e-01.
Epoch: 83, Train loss: 0.3036960875749588, Validation loss: 0.7193687643051148, Validation accuracy: 0.8044
Adjusting learning rate of group 0 to 1.0000e-01.
Epoch: 84, Train loss: 0.31635703234672546, Validation loss: 0.4725926917552948, Validation accuracy: 0.8496
Adjusting learning rate of group 0 to 1.0000e-01.
Epoch: 85, Train loss: 0.31272580476760864, Validation loss: 0.5057421918869018, Validation accuracy: 0.851
Adjusting learning rate of group 0 to 1.0000e-01.
Epoch: 86, Train loss: 0.30292114697456357, Validation loss: 0.6261877634048462, Validation accuracy: 0.8293
Adjusting learning rate of group 0 to 1.0000e-01.
Epoch: 87, Train loss: 0.30605450028419495, Validation loss: 0.40620747952461245, Validation accuracy: 0.8707
Adjusting learning rate of group 0 to 1.0000e-01.
Epoch: 88, Train loss: 0.3064790924358368, Validation loss: 0.5593739882469178, Validation accuracy: 0.8308
Adjusting learning rate of group 0 to 1.0000e-01.
Epoch: 89, Train loss: 0.3096595724773407, Validation loss: 0.8305146614074707, Validation accuracy: 0.791
Adjusting learning rate of group 0 to 1.0000e-01.
Epoch: 90, Train loss: 0.3042382351207733, Validation loss: 0.49708371229171755, Validation accuracy: 0.8597
Adjusting learning rate of group 0 to 1.0000e-01.
Epoch: 91, Train loss: 0.31077599117279053, Validation loss: 0.6698802451133729, Validation accuracy: 0.7914
Adjusting learning rate of group 0 to 1.0000e-01.
Epoch: 92, Train loss: 0.3045140849781036, Validation loss: 0.4475493842124939, Validation accuracy: 0.8586
Adjusting learning rate of group 0 to 1.0000e-01.
Epoch: 93, Train loss: 0.30106215359687805, Validation loss: 0.5704000584602356, Validation accuracy: 0.8268
Adjusting learning rate of group 0 to 1.0000e-01.
Epoch: 94, Train loss: 0.3112355213356018, Validation loss: 0.40978493757247925, Validation accuracy: 0.8719
Adjusting learning rate of group 0 to 1.0000e-01.
Epoch: 95, Train loss: 0.30722072503089903, Validation loss: 0.438435857963562, Validation accuracy: 0.8695
Adjusting learning rate of group 0 to 1.0000e-01.
Epoch: 96, Train loss: 0.30335977228164673, Validation loss: 0.44925467071533204, Validation accuracy: 0.8554
Adjusting learning rate of group 0 to 1.0000e-01.
Epoch: 97, Train loss: 0.3026957801246643, Validation loss: 0.6391583225250245, Validation accuracy: 0.8275
Adjusting learning rate of group 0 to 1.0000e-01.
Epoch: 98, Train loss: 0.30816375009536745, Validation loss: 0.4985063621044159, Validation accuracy: 0.8572
Adjusting learning rate of group 0 to 1.0000e-01.
Epoch: 99, Train loss: 0.3038975341796875, Validation loss: 0.5330338180065155, Validation accuracy: 0.8354
Adjusting learning rate of group 0 to 1.0000e-02.
Epoch: 100, Train loss: 0.30967441530227663, Validation loss: 0.5113290131568908, Validation accuracy: 0.8433
Adjusting learning rate of group 0 to 1.0000e-02.
Epoch: 101, Train loss: 0.17030404738903046, Validation loss: 0.2779187557220459, Validation accuracy: 0.915
Adjusting learning rate of group 0 to 1.0000e-02.
Epoch: 102, Train loss: 0.13085393328666686, Validation loss: 0.28264690203666687, Validation accuracy: 0.9163
Adjusting learning rate of group 0 to 1.0000e-02.
Epoch: 103, Train loss: 0.11789506601572036, Validation loss: 0.27731212244033815, Validation accuracy: 0.9205
Adjusting learning rate of group 0 to 1.0000e-02.
Epoch: 104, Train loss: 0.10755958332657814, Validation loss: 0.2772734350681305, Validation accuracy: 0.9235
Adjusting learning rate of group 0 to 1.0000e-02.
Epoch: 105, Train loss: 0.09876459213018417, Validation loss: 0.295428365278244, Validation accuracy: 0.9207
Adjusting learning rate of group 0 to 1.0000e-02.
Epoch: 106, Train loss: 0.09471480110645294, Validation loss: 0.28091697335243226, Validation accuracy: 0.9229
Adjusting learning rate of group 0 to 1.0000e-02.
Epoch: 107, Train loss: 0.08748131307125091, Validation loss: 0.28313616423606874, Validation accuracy: 0.9245
Adjusting learning rate of group 0 to 1.0000e-02.
Epoch: 108, Train loss: 0.08063240478277206, Validation loss: 0.30387584953308105, Validation accuracy: 0.922
Adjusting learning rate of group 0 to 1.0000e-02.
Epoch: 109, Train loss: 0.0782861647439003, Validation loss: 0.29650826411247255, Validation accuracy: 0.9245
Adjusting learning rate of group 0 to 1.0000e-02.
Epoch: 110, Train loss: 0.07641494120121002, Validation loss: 0.2890245687484741, Validation accuracy: 0.9262
Adjusting learning rate of group 0 to 1.0000e-02.
Epoch: 111, Train loss: 0.06917811344861985, Validation loss: 0.3114035213470459, Validation accuracy: 0.9246
Adjusting learning rate of group 0 to 1.0000e-02.
Epoch: 112, Train loss: 0.06800539672672748, Validation loss: 0.3079805254936218, Validation accuracy: 0.9248
Adjusting learning rate of group 0 to 1.0000e-02.
Epoch: 113, Train loss: 0.06361109775841237, Validation loss: 0.32091185512542725, Validation accuracy: 0.9258
Adjusting learning rate of group 0 to 1.0000e-02.
Epoch: 114, Train loss: 0.06405163951039314, Validation loss: 0.34223880424499514, Validation accuracy: 0.9225
Adjusting learning rate of group 0 to 1.0000e-02.
Epoch: 115, Train loss: 0.06109371765732765, Validation loss: 0.3341596820831299, Validation accuracy: 0.9256
Adjusting learning rate of group 0 to 1.0000e-02.
Epoch: 116, Train loss: 0.05627207255244255, Validation loss: 0.3568999444961548, Validation accuracy: 0.9204
Adjusting learning rate of group 0 to 1.0000e-02.
Epoch: 117, Train loss: 0.054413219802379606, Validation loss: 0.3587196999549866, Validation accuracy: 0.9224
Adjusting learning rate of group 0 to 1.0000e-02.
Epoch: 118, Train loss: 0.05290673034191132, Validation loss: 0.3621330207824707, Validation accuracy: 0.9211
Adjusting learning rate of group 0 to 1.0000e-02.
Epoch: 119, Train loss: 0.054050661466121676, Validation loss: 0.3405155569076538, Validation accuracy: 0.9224
Adjusting learning rate of group 0 to 1.0000e-02.
Epoch: 120, Train loss: 0.05041700628519058, Validation loss: 0.38731967315673826, Validation accuracy: 0.9227
Adjusting learning rate of group 0 to 1.0000e-02.
Epoch: 121, Train loss: 0.04769585328638554, Validation loss: 0.34146567029953, Validation accuracy: 0.9258
Adjusting learning rate of group 0 to 1.0000e-02.
Epoch: 122, Train loss: 0.046115958153009416, Validation loss: 0.3933306939125061, Validation accuracy: 0.9227
Adjusting learning rate of group 0 to 1.0000e-02.
Epoch: 123, Train loss: 0.046531202312409876, Validation loss: 0.3698375036239624, Validation accuracy: 0.923
Adjusting learning rate of group 0 to 1.0000e-02.
Epoch: 124, Train loss: 0.044842735533118246, Validation loss: 0.37704971494674683, Validation accuracy: 0.9234
Adjusting learning rate of group 0 to 1.0000e-02.
Epoch: 125, Train loss: 0.04434324747920036, Validation loss: 0.36328132419586184, Validation accuracy: 0.9235
Adjusting learning rate of group 0 to 1.0000e-02.
Epoch: 126, Train loss: 0.04422270598173141, Validation loss: 0.36592087631225584, Validation accuracy: 0.9198
Adjusting learning rate of group 0 to 1.0000e-02.
Epoch: 127, Train loss: 0.0426796891772747, Validation loss: 0.36305959167480467, Validation accuracy: 0.9217
Adjusting learning rate of group 0 to 1.0000e-02.
Epoch: 128, Train loss: 0.042190993821769954, Validation loss: 0.377081817817688, Validation accuracy: 0.9231
Adjusting learning rate of group 0 to 1.0000e-02.
Epoch: 129, Train loss: 0.04174551214247942, Validation loss: 0.363120930480957, Validation accuracy: 0.9227
Adjusting learning rate of group 0 to 1.0000e-02.
Epoch: 130, Train loss: 0.04089707289755344, Validation loss: 0.377405232334137, Validation accuracy: 0.9209
Adjusting learning rate of group 0 to 1.0000e-02.
Epoch: 131, Train loss: 0.039754011535048484, Validation loss: 0.3756500449180603, Validation accuracy: 0.9218
Adjusting learning rate of group 0 to 1.0000e-02.
Epoch: 132, Train loss: 0.04128119385778904, Validation loss: 0.3680762020587921, Validation accuracy: 0.9224
Adjusting learning rate of group 0 to 1.0000e-02.
Epoch: 133, Train loss: 0.037927963124513624, Validation loss: 0.40726305227279663, Validation accuracy: 0.9212
Adjusting learning rate of group 0 to 1.0000e-02.
Epoch: 134, Train loss: 0.03763645341873169, Validation loss: 0.3958082667350769, Validation accuracy: 0.9227
Adjusting learning rate of group 0 to 1.0000e-02.
Epoch: 135, Train loss: 0.04045391748130322, Validation loss: 0.4310696805000305, Validation accuracy: 0.918
Adjusting learning rate of group 0 to 1.0000e-02.
Epoch: 136, Train loss: 0.03512378581225872, Validation loss: 0.41411361293792726, Validation accuracy: 0.9166
Adjusting learning rate of group 0 to 1.0000e-02.
Epoch: 137, Train loss: 0.03801964644432068, Validation loss: 0.41762591133117677, Validation accuracy: 0.9199
Adjusting learning rate of group 0 to 1.0000e-02.
Epoch: 138, Train loss: 0.03734135344982147, Validation loss: 0.40745706491470335, Validation accuracy: 0.9207
Adjusting learning rate of group 0 to 1.0000e-02.
Epoch: 139, Train loss: 0.03909097351938486, Validation loss: 0.3839368625164032, Validation accuracy: 0.9223
Adjusting learning rate of group 0 to 1.0000e-02.
Epoch: 140, Train loss: 0.0353432280421257, Validation loss: 0.42252915568351745, Validation accuracy: 0.9182
Adjusting learning rate of group 0 to 1.0000e-02.
Epoch: 141, Train loss: 0.0427076877707243, Validation loss: 0.40029837493896486, Validation accuracy: 0.9193
Adjusting learning rate of group 0 to 1.0000e-02.
Epoch: 142, Train loss: 0.03729628618776798, Validation loss: 0.39510577936172486, Validation accuracy: 0.9224
Adjusting learning rate of group 0 to 1.0000e-02.
Epoch: 143, Train loss: 0.03362953918874264, Validation loss: 0.4177856610298157, Validation accuracy: 0.9215
Adjusting learning rate of group 0 to 1.0000e-02.
Epoch: 144, Train loss: 0.03685396400868893, Validation loss: 0.4329942167282104, Validation accuracy: 0.918
Adjusting learning rate of group 0 to 1.0000e-02.
Epoch: 145, Train loss: 0.03710337078332901, Validation loss: 0.3914002695083618, Validation accuracy: 0.9209
Adjusting learning rate of group 0 to 1.0000e-02.
Epoch: 146, Train loss: 0.03698307765185833, Validation loss: 0.38679766368865964, Validation accuracy: 0.9231
Adjusting learning rate of group 0 to 1.0000e-02.
Epoch: 147, Train loss: 0.036409427821040154, Validation loss: 0.46371615476608274, Validation accuracy: 0.9113
Adjusting learning rate of group 0 to 1.0000e-02.
Epoch: 148, Train loss: 0.03547410351663828, Validation loss: 0.42397396116256714, Validation accuracy: 0.9216
Adjusting learning rate of group 0 to 1.0000e-02.
Epoch: 149, Train loss: 0.033864436732828615, Validation loss: 0.4621337032318115, Validation accuracy: 0.913
Adjusting learning rate of group 0 to 1.0000e-03.
Epoch: 150, Train loss: 0.03959856225132942, Validation loss: 0.4181636678695679, Validation accuracy: 0.919
Adjusting learning rate of group 0 to 1.0000e-03.
Epoch: 151, Train loss: 0.02544869635462761, Validation loss: 0.37601949434280396, Validation accuracy: 0.9261
Adjusting learning rate of group 0 to 1.0000e-03.
Epoch: 152, Train loss: 0.017678838636130095, Validation loss: 0.3731404990196228, Validation accuracy: 0.9265
Adjusting learning rate of group 0 to 1.0000e-03.
Epoch: 153, Train loss: 0.015420613203197717, Validation loss: 0.3827658519744873, Validation accuracy: 0.9278
Adjusting learning rate of group 0 to 1.0000e-03.
Epoch: 154, Train loss: 0.01382206390991807, Validation loss: 0.38775740995407104, Validation accuracy: 0.9269
Adjusting learning rate of group 0 to 1.0000e-03.
Epoch: 155, Train loss: 0.012621531602218747, Validation loss: 0.394620272731781, Validation accuracy: 0.9274
Adjusting learning rate of group 0 to 1.0000e-03.
Epoch: 156, Train loss: 0.012247633310854435, Validation loss: 0.3980956780433655, Validation accuracy: 0.928
Adjusting learning rate of group 0 to 1.0000e-03.
Epoch: 157, Train loss: 0.012184173346087337, Validation loss: 0.4015328706741333, Validation accuracy: 0.9285
Adjusting learning rate of group 0 to 1.0000e-03.
Epoch: 158, Train loss: 0.011667823590189218, Validation loss: 0.413049289894104, Validation accuracy: 0.928
Adjusting learning rate of group 0 to 1.0000e-03.
Epoch: 159, Train loss: 0.010503736396729945, Validation loss: 0.4113611221313477, Validation accuracy: 0.9279
Adjusting learning rate of group 0 to 1.0000e-03.
Epoch: 160, Train loss: 0.010285436775162816, Validation loss: 0.4189174702644348, Validation accuracy: 0.9284
Adjusting learning rate of group 0 to 1.0000e-03.
Epoch: 161, Train loss: 0.009895343302190303, Validation loss: 0.41991570348739626, Validation accuracy: 0.9291
Adjusting learning rate of group 0 to 1.0000e-03.
Epoch: 162, Train loss: 0.009291294773221015, Validation loss: 0.4208253927230835, Validation accuracy: 0.9287
Adjusting learning rate of group 0 to 1.0000e-03.
Epoch: 163, Train loss: 0.008709322737306357, Validation loss: 0.42340491743087766, Validation accuracy: 0.9285
Adjusting learning rate of group 0 to 1.0000e-03.
Epoch: 164, Train loss: 0.008924288550503551, Validation loss: 0.43232124271392824, Validation accuracy: 0.9298
Adjusting learning rate of group 0 to 1.0000e-03.
Epoch: 165, Train loss: 0.0086949168998003, Validation loss: 0.43938280606269836, Validation accuracy: 0.9295
Adjusting learning rate of group 0 to 1.0000e-03.
Epoch: 166, Train loss: 0.008481328298524021, Validation loss: 0.43664838218688967, Validation accuracy: 0.9296
Adjusting learning rate of group 0 to 1.0000e-03.
Epoch: 167, Train loss: 0.008052227814868092, Validation loss: 0.4372242024421692, Validation accuracy: 0.9291
Adjusting learning rate of group 0 to 1.0000e-03.
Epoch: 168, Train loss: 0.007964841460995376, Validation loss: 0.43404001207351683, Validation accuracy: 0.9285
Adjusting learning rate of group 0 to 1.0000e-03.
Epoch: 169, Train loss: 0.008057184130959212, Validation loss: 0.44163258056640625, Validation accuracy: 0.9283
Adjusting learning rate of group 0 to 1.0000e-03.
Epoch: 170, Train loss: 0.007174976845085621, Validation loss: 0.44029899244308474, Validation accuracy: 0.9285
Adjusting learning rate of group 0 to 1.0000e-03.
Epoch: 171, Train loss: 0.007530775335207581, Validation loss: 0.4481236415863037, Validation accuracy: 0.9287
Adjusting learning rate of group 0 to 1.0000e-03.
Epoch: 172, Train loss: 0.007298452293984592, Validation loss: 0.44790115156173704, Validation accuracy: 0.9284
Adjusting learning rate of group 0 to 1.0000e-03.
Epoch: 173, Train loss: 0.008274801361598074, Validation loss: 0.4547628422260284, Validation accuracy: 0.9288
Adjusting learning rate of group 0 to 1.0000e-03.
Epoch: 174, Train loss: 0.007529330126233399, Validation loss: 0.44500118060112, Validation accuracy: 0.9303
Adjusting learning rate of group 0 to 1.0000e-03.
Epoch: 175, Train loss: 0.00703941503521055, Validation loss: 0.4456325516700745, Validation accuracy: 0.9294
Adjusting learning rate of group 0 to 1.0000e-03.
Epoch: 176, Train loss: 0.006897331880703569, Validation loss: 0.4492631631851196, Validation accuracy: 0.9294
Adjusting learning rate of group 0 to 1.0000e-03.
Epoch: 177, Train loss: 0.00674278342012316, Validation loss: 0.4510218010902405, Validation accuracy: 0.9289
Adjusting learning rate of group 0 to 1.0000e-03.
Epoch: 178, Train loss: 0.006789742624089122, Validation loss: 0.45761348190307616, Validation accuracy: 0.9289
Adjusting learning rate of group 0 to 1.0000e-03.
Epoch: 179, Train loss: 0.0060752466112747785, Validation loss: 0.45652502183914184, Validation accuracy: 0.9292
Adjusting learning rate of group 0 to 1.0000e-03.
Epoch: 180, Train loss: 0.006203386682197451, Validation loss: 0.4547029891967773, Validation accuracy: 0.9297
Adjusting learning rate of group 0 to 1.0000e-03.
Epoch: 181, Train loss: 0.006184712016601116, Validation loss: 0.4608509244918823, Validation accuracy: 0.9297
Adjusting learning rate of group 0 to 1.0000e-03.
Epoch: 182, Train loss: 0.006185066286474466, Validation loss: 0.46626052846908567, Validation accuracy: 0.9292
Adjusting learning rate of group 0 to 1.0000e-03.
Epoch: 183, Train loss: 0.005946808368097991, Validation loss: 0.4598575671195984, Validation accuracy: 0.9299
Adjusting learning rate of group 0 to 1.0000e-03.
Epoch: 184, Train loss: 0.006081829000907019, Validation loss: 0.46002519454956053, Validation accuracy: 0.93
Adjusting learning rate of group 0 to 1.0000e-03.
Epoch: 185, Train loss: 0.005649184338310733, Validation loss: 0.4687245590209961, Validation accuracy: 0.9297
Adjusting learning rate of group 0 to 1.0000e-03.
Epoch: 186, Train loss: 0.005324309471081943, Validation loss: 0.4728694881439209, Validation accuracy: 0.9298
Adjusting learning rate of group 0 to 1.0000e-03.
Epoch: 187, Train loss: 0.0061651715629361566, Validation loss: 0.47204477100372316, Validation accuracy: 0.9295
Adjusting learning rate of group 0 to 1.0000e-03.
Epoch: 188, Train loss: 0.004870462140478194, Validation loss: 0.4718412302017212, Validation accuracy: 0.9299
Adjusting learning rate of group 0 to 1.0000e-03.
Epoch: 189, Train loss: 0.005071559519832953, Validation loss: 0.4770836149215698, Validation accuracy: 0.9291
Adjusting learning rate of group 0 to 1.0000e-03.
Epoch: 190, Train loss: 0.005303247716678307, Validation loss: 0.4705701265335083, Validation accuracy: 0.9287
Adjusting learning rate of group 0 to 1.0000e-03.
Epoch: 191, Train loss: 0.005500306519325823, Validation loss: 0.4752588803291321, Validation accuracy: 0.9299
Adjusting learning rate of group 0 to 1.0000e-03.
Epoch: 192, Train loss: 0.004631442579999566, Validation loss: 0.48492876472473145, Validation accuracy: 0.9301
Adjusting learning rate of group 0 to 1.0000e-03.
Epoch: 193, Train loss: 0.005817577891461551, Validation loss: 0.48198606767654417, Validation accuracy: 0.9293
Adjusting learning rate of group 0 to 1.0000e-03.
Epoch: 194, Train loss: 0.004991066822521388, Validation loss: 0.47988995914459226, Validation accuracy: 0.9305
Adjusting learning rate of group 0 to 1.0000e-03.
Epoch: 195, Train loss: 0.004410044369166717, Validation loss: 0.48223816356658933, Validation accuracy: 0.9294
Adjusting learning rate of group 0 to 1.0000e-03.
Epoch: 196, Train loss: 0.005299989498080686, Validation loss: 0.4852241801261902, Validation accuracy: 0.9296
Adjusting learning rate of group 0 to 1.0000e-03.
Epoch: 197, Train loss: 0.004616581296632066, Validation loss: 0.48602916660308837, Validation accuracy: 0.9291
Adjusting learning rate of group 0 to 1.0000e-03.
Epoch: 198, Train loss: 0.004734433830156922, Validation loss: 0.48596724653244017, Validation accuracy: 0.9292
Adjusting learning rate of group 0 to 1.0000e-03.
Epoch: 199, Train loss: 0.004880719208419323, Validation loss: 0.49160883436203, Validation accuracy: 0.929
Accuracy: 0.929, Parameters: 6874
