['ResNet-TRL-Tensorized-Full.py', '--tensorization', '4', '4', '4', '4', '4', '4', '--ranks', '[[4, 4, 1, 2, 1, 1, 3], [4, 4, 1, 2, 2, 2, 1], [1, 1, 4, 2, 3, 2, 1], [2, 2, 2, 4, 2, 3, 1], [1, 2, 3, 2, 4, 2, 2], [1, 2, 2, 3, 2, 4, 3], [3, 1, 1, 1, 2, 3, 10]]', '--seed', '8', '--device', 'cuda:3']
Initializing dataloader
Files already downloaded and verified
Files already downloaded and verified
Dataloader has initialized
Initializing model
Adjusting learning rate of group 0 to 1.0000e-02.
Model initialized
Testing model
Tests passed
Adjusting learning rate of group 0 to 2.0000e-02.
Epoch: 0, Train loss: 1.7949584007263184, Validation loss: 1.4388357730865478, Validation accuracy: 0.4715
Adjusting learning rate of group 0 to 3.0000e-02.
Epoch: 1, Train loss: 1.4095049256134033, Validation loss: 1.1826332288742065, Validation accuracy: 0.578
Adjusting learning rate of group 0 to 4.0000e-02.
Epoch: 2, Train loss: 1.2023334059906006, Validation loss: 1.1086209714889526, Validation accuracy: 0.5913
Adjusting learning rate of group 0 to 5.0000e-02.
Epoch: 3, Train loss: 1.0365120121574403, Validation loss: 0.9660872369766236, Validation accuracy: 0.6641
Adjusting learning rate of group 0 to 6.0000e-02.
Epoch: 4, Train loss: 0.9094267142295838, Validation loss: 0.7763920873641967, Validation accuracy: 0.7231
Adjusting learning rate of group 0 to 7.0000e-02.
Epoch: 5, Train loss: 0.8098361422920227, Validation loss: 0.7934549764633179, Validation accuracy: 0.7344
Adjusting learning rate of group 0 to 8.0000e-02.
Epoch: 6, Train loss: 0.73665427942276, Validation loss: 0.8025397115707398, Validation accuracy: 0.7237
Adjusting learning rate of group 0 to 9.0000e-02.
Epoch: 7, Train loss: 0.6808748676490783, Validation loss: 0.82146684217453, Validation accuracy: 0.7365
Adjusting learning rate of group 0 to 1.0000e-01.
Epoch: 8, Train loss: 0.63596198387146, Validation loss: 0.5957315246105194, Validation accuracy: 0.8011
Adjusting learning rate of group 0 to 1.0000e-01.
Epoch: 9, Train loss: 0.6116221851348876, Validation loss: 0.6868963447570801, Validation accuracy: 0.7727
Adjusting learning rate of group 0 to 1.0000e-01.
Epoch: 10, Train loss: 0.5745637624549865, Validation loss: 0.7953630157470704, Validation accuracy: 0.7562
Adjusting learning rate of group 0 to 1.0000e-01.
Epoch: 11, Train loss: 0.5433639483833314, Validation loss: 0.8954292922973632, Validation accuracy: 0.7632
Adjusting learning rate of group 0 to 1.0000e-01.
Epoch: 12, Train loss: 0.5304874809074401, Validation loss: 0.6375626355171203, Validation accuracy: 0.802
Adjusting learning rate of group 0 to 1.0000e-01.
Epoch: 13, Train loss: 0.4996463509464264, Validation loss: 0.714259771156311, Validation accuracy: 0.7853
Adjusting learning rate of group 0 to 1.0000e-01.
Epoch: 14, Train loss: 0.477421761341095, Validation loss: 0.6443511311531067, Validation accuracy: 0.8066
Adjusting learning rate of group 0 to 1.0000e-01.
Epoch: 15, Train loss: 0.4660345926094055, Validation loss: 0.5447102251529694, Validation accuracy: 0.8155
Adjusting learning rate of group 0 to 1.0000e-01.
Epoch: 16, Train loss: 0.4585926162147522, Validation loss: 0.5561666830062866, Validation accuracy: 0.8165
Adjusting learning rate of group 0 to 1.0000e-01.
Epoch: 17, Train loss: 0.45107259117126464, Validation loss: 0.5887346350669861, Validation accuracy: 0.8157
Adjusting learning rate of group 0 to 1.0000e-01.
Epoch: 18, Train loss: 0.43267876581192016, Validation loss: 0.5542843296051025, Validation accuracy: 0.8255
Adjusting learning rate of group 0 to 1.0000e-01.
Epoch: 19, Train loss: 0.42626477252960204, Validation loss: 0.6727601952075958, Validation accuracy: 0.7903
Adjusting learning rate of group 0 to 1.0000e-01.
Epoch: 20, Train loss: 0.4151770956325531, Validation loss: 0.5698686181068421, Validation accuracy: 0.8186
Adjusting learning rate of group 0 to 1.0000e-01.
Epoch: 21, Train loss: 0.41192788617134096, Validation loss: 0.5273850518226624, Validation accuracy: 0.8215
Adjusting learning rate of group 0 to 1.0000e-01.
Epoch: 22, Train loss: 0.39822157727241514, Validation loss: 0.6756765972137451, Validation accuracy: 0.7999
Adjusting learning rate of group 0 to 1.0000e-01.
Epoch: 23, Train loss: 0.39427444275856016, Validation loss: 0.49787873537540434, Validation accuracy: 0.8423
Adjusting learning rate of group 0 to 1.0000e-01.
Epoch: 24, Train loss: 0.39107417634010316, Validation loss: 0.6848337675094605, Validation accuracy: 0.7788
Adjusting learning rate of group 0 to 1.0000e-01.
Epoch: 25, Train loss: 0.38082563210487363, Validation loss: 0.46089323902130125, Validation accuracy: 0.8484
Adjusting learning rate of group 0 to 1.0000e-01.
Epoch: 26, Train loss: 0.38665696924209597, Validation loss: 0.5327200513362884, Validation accuracy: 0.8235
Adjusting learning rate of group 0 to 1.0000e-01.
Epoch: 27, Train loss: 0.3722129437065125, Validation loss: 0.6824262008666993, Validation accuracy: 0.8075
Adjusting learning rate of group 0 to 1.0000e-01.
Epoch: 28, Train loss: 0.370982012090683, Validation loss: 0.4969457444190979, Validation accuracy: 0.8399
Adjusting learning rate of group 0 to 1.0000e-01.
Epoch: 29, Train loss: 0.3640681829166412, Validation loss: 0.5688662960052491, Validation accuracy: 0.8227
Adjusting learning rate of group 0 to 1.0000e-01.
Epoch: 30, Train loss: 0.36245744367599486, Validation loss: 0.6264514002799988, Validation accuracy: 0.8088
Adjusting learning rate of group 0 to 1.0000e-01.
Epoch: 31, Train loss: 0.35955536043167113, Validation loss: 0.6073833620071412, Validation accuracy: 0.8159
Adjusting learning rate of group 0 to 1.0000e-01.
Epoch: 32, Train loss: 0.35803796875953675, Validation loss: 0.5003734599590302, Validation accuracy: 0.8456
Adjusting learning rate of group 0 to 1.0000e-01.
Epoch: 33, Train loss: 0.3559296082496643, Validation loss: 0.6051870337486267, Validation accuracy: 0.8201
Adjusting learning rate of group 0 to 1.0000e-01.
Epoch: 34, Train loss: 0.3475351891136169, Validation loss: 0.4578402365684509, Validation accuracy: 0.8551
Adjusting learning rate of group 0 to 1.0000e-01.
Epoch: 35, Train loss: 0.3434001250934601, Validation loss: 0.5592100624084473, Validation accuracy: 0.8305
Adjusting learning rate of group 0 to 1.0000e-01.
Epoch: 36, Train loss: 0.34980080768585203, Validation loss: 0.5019817345619202, Validation accuracy: 0.8334
Adjusting learning rate of group 0 to 1.0000e-01.
Epoch: 37, Train loss: 0.3443921562385559, Validation loss: 0.5326584808826447, Validation accuracy: 0.8308
Adjusting learning rate of group 0 to 1.0000e-01.
Epoch: 38, Train loss: 0.34084842823028566, Validation loss: 0.5583337208747864, Validation accuracy: 0.8226
Adjusting learning rate of group 0 to 1.0000e-01.
Epoch: 39, Train loss: 0.33707621561050416, Validation loss: 0.5615426066398621, Validation accuracy: 0.8301
Adjusting learning rate of group 0 to 1.0000e-01.
Epoch: 40, Train loss: 0.3382265718841553, Validation loss: 0.485232129573822, Validation accuracy: 0.8338
Adjusting learning rate of group 0 to 1.0000e-01.
Epoch: 41, Train loss: 0.3340723471069336, Validation loss: 0.5185300095558166, Validation accuracy: 0.8486
Adjusting learning rate of group 0 to 1.0000e-01.
Epoch: 42, Train loss: 0.3315816201877594, Validation loss: 0.4928370677471161, Validation accuracy: 0.8433
Adjusting learning rate of group 0 to 1.0000e-01.
Epoch: 43, Train loss: 0.32864668977737427, Validation loss: 0.4991859167575836, Validation accuracy: 0.8363
Adjusting learning rate of group 0 to 1.0000e-01.
Epoch: 44, Train loss: 0.3278127274608612, Validation loss: 0.5057476728439331, Validation accuracy: 0.8502
Adjusting learning rate of group 0 to 1.0000e-01.
Epoch: 45, Train loss: 0.326744362077713, Validation loss: 0.46013778676986694, Validation accuracy: 0.8519
Adjusting learning rate of group 0 to 1.0000e-01.
Epoch: 46, Train loss: 0.3314411952447891, Validation loss: 0.5089840996742249, Validation accuracy: 0.8353
Adjusting learning rate of group 0 to 1.0000e-01.
Epoch: 47, Train loss: 0.327562429895401, Validation loss: 0.540462433052063, Validation accuracy: 0.8312
Adjusting learning rate of group 0 to 1.0000e-01.
Epoch: 48, Train loss: 0.32225157665252685, Validation loss: 0.5540756956100464, Validation accuracy: 0.8267
Adjusting learning rate of group 0 to 1.0000e-01.
Epoch: 49, Train loss: 0.31886821685791017, Validation loss: 0.4409347813606262, Validation accuracy: 0.8603
Adjusting learning rate of group 0 to 1.0000e-01.
Epoch: 50, Train loss: 0.3126153047847748, Validation loss: 0.5029495712280273, Validation accuracy: 0.8406
Adjusting learning rate of group 0 to 1.0000e-01.
Epoch: 51, Train loss: 0.31460705476760864, Validation loss: 0.5720349815368653, Validation accuracy: 0.8345
Adjusting learning rate of group 0 to 1.0000e-01.
Epoch: 52, Train loss: 0.31519144231796264, Validation loss: 0.46390953702926635, Validation accuracy: 0.8408
Adjusting learning rate of group 0 to 1.0000e-01.
Epoch: 53, Train loss: 0.3144121169757843, Validation loss: 0.4845541803359985, Validation accuracy: 0.849
Adjusting learning rate of group 0 to 1.0000e-01.
Epoch: 54, Train loss: 0.3144579873275757, Validation loss: 0.43242439432144164, Validation accuracy: 0.8598
Adjusting learning rate of group 0 to 1.0000e-01.
Epoch: 55, Train loss: 0.3175362985181808, Validation loss: 0.5755708972930909, Validation accuracy: 0.8331
Adjusting learning rate of group 0 to 1.0000e-01.
Epoch: 56, Train loss: 0.3061607209777832, Validation loss: 0.4794888946056366, Validation accuracy: 0.8558
Adjusting learning rate of group 0 to 1.0000e-01.
Epoch: 57, Train loss: 0.3077378863430023, Validation loss: 0.43567666108608244, Validation accuracy: 0.8609
Adjusting learning rate of group 0 to 1.0000e-01.
Epoch: 58, Train loss: 0.31658872631073, Validation loss: 0.6543788982391358, Validation accuracy: 0.8233
Adjusting learning rate of group 0 to 1.0000e-01.
Epoch: 59, Train loss: 0.3062291715717316, Validation loss: 0.4997750493526459, Validation accuracy: 0.8487
Adjusting learning rate of group 0 to 1.0000e-01.
Epoch: 60, Train loss: 0.30233202810287474, Validation loss: 0.4191682234764099, Validation accuracy: 0.8718
Adjusting learning rate of group 0 to 1.0000e-01.
Epoch: 61, Train loss: 0.30561990146636964, Validation loss: 0.5214306788444519, Validation accuracy: 0.8374
Adjusting learning rate of group 0 to 1.0000e-01.
Epoch: 62, Train loss: 0.3066040681362152, Validation loss: 0.5398724872589111, Validation accuracy: 0.8402
Adjusting learning rate of group 0 to 1.0000e-01.
Epoch: 63, Train loss: 0.2987608097553253, Validation loss: 0.4929485691547394, Validation accuracy: 0.8543
Adjusting learning rate of group 0 to 1.0000e-01.
Epoch: 64, Train loss: 0.3030670951509476, Validation loss: 0.4665460153579712, Validation accuracy: 0.8575
Adjusting learning rate of group 0 to 1.0000e-01.
Epoch: 65, Train loss: 0.3048981315803528, Validation loss: 0.6861850883483886, Validation accuracy: 0.8043
Adjusting learning rate of group 0 to 1.0000e-01.
Epoch: 66, Train loss: 0.3016663685798645, Validation loss: 0.471881894826889, Validation accuracy: 0.8453
Adjusting learning rate of group 0 to 1.0000e-01.
Epoch: 67, Train loss: 0.3012805397987366, Validation loss: 0.5703675934791564, Validation accuracy: 0.8484
Adjusting learning rate of group 0 to 1.0000e-01.
Epoch: 68, Train loss: 0.30038069312095644, Validation loss: 0.5781397221565246, Validation accuracy: 0.8489
Adjusting learning rate of group 0 to 1.0000e-01.
Epoch: 69, Train loss: 0.29653957975387574, Validation loss: 0.5712055278301239, Validation accuracy: 0.8408
Adjusting learning rate of group 0 to 1.0000e-01.
Epoch: 70, Train loss: 0.2963136111927033, Validation loss: 0.4587664128303528, Validation accuracy: 0.8532
Adjusting learning rate of group 0 to 1.0000e-01.
Epoch: 71, Train loss: 0.2963789653968811, Validation loss: 0.47714068093299866, Validation accuracy: 0.8605
Adjusting learning rate of group 0 to 1.0000e-01.
Epoch: 72, Train loss: 0.28698149724006655, Validation loss: 0.5280155922412872, Validation accuracy: 0.8303
Adjusting learning rate of group 0 to 1.0000e-01.
Epoch: 73, Train loss: 0.2876579169940949, Validation loss: 0.6107899081230164, Validation accuracy: 0.8279
Adjusting learning rate of group 0 to 1.0000e-01.
Epoch: 74, Train loss: 0.2954856057739258, Validation loss: 0.5409614990472793, Validation accuracy: 0.8361
Adjusting learning rate of group 0 to 1.0000e-01.
Epoch: 75, Train loss: 0.29642140003681183, Validation loss: 0.6054851524829864, Validation accuracy: 0.8435
Adjusting learning rate of group 0 to 1.0000e-01.
Epoch: 76, Train loss: 0.29617267030715944, Validation loss: 0.40670864362716674, Validation accuracy: 0.8687
Adjusting learning rate of group 0 to 1.0000e-01.
Epoch: 77, Train loss: 0.2922053430557251, Validation loss: 0.49720324063301086, Validation accuracy: 0.8497
Adjusting learning rate of group 0 to 1.0000e-01.
Epoch: 78, Train loss: 0.29456554513931277, Validation loss: 0.4810528214454651, Validation accuracy: 0.8491
Adjusting learning rate of group 0 to 1.0000e-01.
Epoch: 79, Train loss: 0.293103384809494, Validation loss: 0.5025037528038024, Validation accuracy: 0.8456
Adjusting learning rate of group 0 to 1.0000e-01.
Epoch: 80, Train loss: 0.28876195227622986, Validation loss: 0.4314334846496582, Validation accuracy: 0.864
Adjusting learning rate of group 0 to 1.0000e-01.
Epoch: 81, Train loss: 0.2842232823181152, Validation loss: 0.5051792091369629, Validation accuracy: 0.8358
Adjusting learning rate of group 0 to 1.0000e-01.
Epoch: 82, Train loss: 0.29222695407867433, Validation loss: 0.4710406782150269, Validation accuracy: 0.8607
Adjusting learning rate of group 0 to 1.0000e-01.
Epoch: 83, Train loss: 0.2880743648529053, Validation loss: 0.4191644898414612, Validation accuracy: 0.8634
Adjusting learning rate of group 0 to 1.0000e-01.
Epoch: 84, Train loss: 0.2931127014350891, Validation loss: 0.4670183772087097, Validation accuracy: 0.8484
Adjusting learning rate of group 0 to 1.0000e-01.
Epoch: 85, Train loss: 0.2892744099521637, Validation loss: 0.5685535667896271, Validation accuracy: 0.8296
Adjusting learning rate of group 0 to 1.0000e-01.
Epoch: 86, Train loss: 0.2863210319328308, Validation loss: 0.42295275955200196, Validation accuracy: 0.8632
Adjusting learning rate of group 0 to 1.0000e-01.
Epoch: 87, Train loss: 0.28089635791778567, Validation loss: 0.44427251167297366, Validation accuracy: 0.861
Adjusting learning rate of group 0 to 1.0000e-01.
Epoch: 88, Train loss: 0.2907741857910156, Validation loss: 0.5792413794517517, Validation accuracy: 0.8269
Adjusting learning rate of group 0 to 1.0000e-01.
Epoch: 89, Train loss: 0.28405770309925077, Validation loss: 0.5232886416435242, Validation accuracy: 0.8352
Adjusting learning rate of group 0 to 1.0000e-01.
Epoch: 90, Train loss: 0.2865191194152832, Validation loss: 0.40321162848472597, Validation accuracy: 0.8727
Adjusting learning rate of group 0 to 1.0000e-01.
Epoch: 91, Train loss: 0.2889916846656799, Validation loss: 0.48750299906730654, Validation accuracy: 0.8467
Adjusting learning rate of group 0 to 1.0000e-01.
Epoch: 92, Train loss: 0.28959932496547697, Validation loss: 0.5999465550422668, Validation accuracy: 0.8199
Adjusting learning rate of group 0 to 1.0000e-01.
Epoch: 93, Train loss: 0.28331206855773927, Validation loss: 0.6474805273532868, Validation accuracy: 0.8266
Adjusting learning rate of group 0 to 1.0000e-01.
Epoch: 94, Train loss: 0.2861130350017548, Validation loss: 0.5375247287273407, Validation accuracy: 0.8374
Adjusting learning rate of group 0 to 1.0000e-01.
Epoch: 95, Train loss: 0.28189848043441773, Validation loss: 0.44062117834091186, Validation accuracy: 0.8606
Adjusting learning rate of group 0 to 1.0000e-01.
Epoch: 96, Train loss: 0.2849345962715149, Validation loss: 0.37867805833816526, Validation accuracy: 0.8747
Adjusting learning rate of group 0 to 1.0000e-01.
Epoch: 97, Train loss: 0.2833848838806152, Validation loss: 0.45560883955955506, Validation accuracy: 0.8679
Adjusting learning rate of group 0 to 1.0000e-01.
Epoch: 98, Train loss: 0.2750000542640686, Validation loss: 0.6830727412700653, Validation accuracy: 0.8087
Adjusting learning rate of group 0 to 1.0000e-01.
Epoch: 99, Train loss: 0.2822806834316254, Validation loss: 0.4111245410919189, Validation accuracy: 0.8738
Adjusting learning rate of group 0 to 1.0000e-02.
Epoch: 100, Train loss: 0.27982129006385803, Validation loss: 0.5357512853860855, Validation accuracy: 0.8473
Adjusting learning rate of group 0 to 1.0000e-02.
Epoch: 101, Train loss: 0.15969611718177795, Validation loss: 0.2701808131456375, Validation accuracy: 0.9166
Adjusting learning rate of group 0 to 1.0000e-02.
Epoch: 102, Train loss: 0.12048701426029206, Validation loss: 0.26835498054027557, Validation accuracy: 0.9187
Adjusting learning rate of group 0 to 1.0000e-02.
Epoch: 103, Train loss: 0.10695704908967019, Validation loss: 0.2784128444194794, Validation accuracy: 0.9224
Adjusting learning rate of group 0 to 1.0000e-02.
Epoch: 104, Train loss: 0.09926241227984428, Validation loss: 0.2729290907382965, Validation accuracy: 0.9221
Adjusting learning rate of group 0 to 1.0000e-02.
Epoch: 105, Train loss: 0.09123381296157837, Validation loss: 0.2902321512699127, Validation accuracy: 0.9238
Adjusting learning rate of group 0 to 1.0000e-02.
Epoch: 106, Train loss: 0.08329920857667923, Validation loss: 0.29193141603469847, Validation accuracy: 0.9228
Adjusting learning rate of group 0 to 1.0000e-02.
Epoch: 107, Train loss: 0.07723901097536087, Validation loss: 0.2803162563323975, Validation accuracy: 0.9251
Adjusting learning rate of group 0 to 1.0000e-02.
Epoch: 108, Train loss: 0.076590064098835, Validation loss: 0.29741759328842166, Validation accuracy: 0.9247
Adjusting learning rate of group 0 to 1.0000e-02.
Epoch: 109, Train loss: 0.0712280274617672, Validation loss: 0.28935655431747437, Validation accuracy: 0.922
Adjusting learning rate of group 0 to 1.0000e-02.
Epoch: 110, Train loss: 0.06715666062116622, Validation loss: 0.309866789150238, Validation accuracy: 0.9238
Adjusting learning rate of group 0 to 1.0000e-02.
Epoch: 111, Train loss: 0.06488377481102943, Validation loss: 0.30672174320220946, Validation accuracy: 0.923
Adjusting learning rate of group 0 to 1.0000e-02.
Epoch: 112, Train loss: 0.06029733755111694, Validation loss: 0.32053251943588257, Validation accuracy: 0.9253
Adjusting learning rate of group 0 to 1.0000e-02.
Epoch: 113, Train loss: 0.05640630889177323, Validation loss: 0.31763658618927004, Validation accuracy: 0.9236
Adjusting learning rate of group 0 to 1.0000e-02.
Epoch: 114, Train loss: 0.0537703438782692, Validation loss: 0.3216255983352661, Validation accuracy: 0.9225
Adjusting learning rate of group 0 to 1.0000e-02.
Epoch: 115, Train loss: 0.05332873675107956, Validation loss: 0.34470557250976563, Validation accuracy: 0.9252
Adjusting learning rate of group 0 to 1.0000e-02.
Epoch: 116, Train loss: 0.052663735887408254, Validation loss: 0.33650680208206174, Validation accuracy: 0.9233
Adjusting learning rate of group 0 to 1.0000e-02.
Epoch: 117, Train loss: 0.04950051940947771, Validation loss: 0.34082100286483763, Validation accuracy: 0.9233
Adjusting learning rate of group 0 to 1.0000e-02.
Epoch: 118, Train loss: 0.04569067021250725, Validation loss: 0.3653406710624695, Validation accuracy: 0.9247
Adjusting learning rate of group 0 to 1.0000e-02.
Epoch: 119, Train loss: 0.048932007619142535, Validation loss: 0.3645743574142456, Validation accuracy: 0.9225
Adjusting learning rate of group 0 to 1.0000e-02.
Epoch: 120, Train loss: 0.04424125069499016, Validation loss: 0.35649732332229617, Validation accuracy: 0.9249
Adjusting learning rate of group 0 to 1.0000e-02.
Epoch: 121, Train loss: 0.04549973419189453, Validation loss: 0.3921235065460205, Validation accuracy: 0.9185
Adjusting learning rate of group 0 to 1.0000e-02.
Epoch: 122, Train loss: 0.04517751959264278, Validation loss: 0.3921067565917969, Validation accuracy: 0.9191
Adjusting learning rate of group 0 to 1.0000e-02.
Epoch: 123, Train loss: 0.042178318750858305, Validation loss: 0.37214811067581177, Validation accuracy: 0.9207
Adjusting learning rate of group 0 to 1.0000e-02.
Epoch: 124, Train loss: 0.04277446547389031, Validation loss: 0.35959720678329465, Validation accuracy: 0.9232
Adjusting learning rate of group 0 to 1.0000e-02.
Epoch: 125, Train loss: 0.04058166307806969, Validation loss: 0.36832549390792846, Validation accuracy: 0.9218
Adjusting learning rate of group 0 to 1.0000e-02.
Epoch: 126, Train loss: 0.043754629606604575, Validation loss: 0.37740973892211915, Validation accuracy: 0.921
Adjusting learning rate of group 0 to 1.0000e-02.
Epoch: 127, Train loss: 0.036961608692109585, Validation loss: 0.4064282190322876, Validation accuracy: 0.9229
Adjusting learning rate of group 0 to 1.0000e-02.
Epoch: 128, Train loss: 0.04049323723375797, Validation loss: 0.39504414129257204, Validation accuracy: 0.9201
Adjusting learning rate of group 0 to 1.0000e-02.
Epoch: 129, Train loss: 0.03970499013483524, Validation loss: 0.37538117942810056, Validation accuracy: 0.9243
Adjusting learning rate of group 0 to 1.0000e-02.
Epoch: 130, Train loss: 0.03655659641623497, Validation loss: 0.3911288963317871, Validation accuracy: 0.9245
Adjusting learning rate of group 0 to 1.0000e-02.
Epoch: 131, Train loss: 0.03815293866336346, Validation loss: 0.3797400524616241, Validation accuracy: 0.9236
Adjusting learning rate of group 0 to 1.0000e-02.
Epoch: 132, Train loss: 0.036769678200483324, Validation loss: 0.4388887804031372, Validation accuracy: 0.9173
Adjusting learning rate of group 0 to 1.0000e-02.
Epoch: 133, Train loss: 0.038303847013115885, Validation loss: 0.4120184844970703, Validation accuracy: 0.9201
Adjusting learning rate of group 0 to 1.0000e-02.
Epoch: 134, Train loss: 0.04018444645345211, Validation loss: 0.41320458240509034, Validation accuracy: 0.9214
Adjusting learning rate of group 0 to 1.0000e-02.
Epoch: 135, Train loss: 0.03903172917127609, Validation loss: 0.38005144538879393, Validation accuracy: 0.9252
Adjusting learning rate of group 0 to 1.0000e-02.
Epoch: 136, Train loss: 0.03451065676361322, Validation loss: 0.4307736137390137, Validation accuracy: 0.9197
Adjusting learning rate of group 0 to 1.0000e-02.
Epoch: 137, Train loss: 0.03814571129500866, Validation loss: 0.4149752698898315, Validation accuracy: 0.9174
Adjusting learning rate of group 0 to 1.0000e-02.
Epoch: 138, Train loss: 0.03837125766217708, Validation loss: 0.4104305097579956, Validation accuracy: 0.9196
Adjusting learning rate of group 0 to 1.0000e-02.
Epoch: 139, Train loss: 0.03519572619080544, Validation loss: 0.4026434860229492, Validation accuracy: 0.9219
Adjusting learning rate of group 0 to 1.0000e-02.
Epoch: 140, Train loss: 0.03623892052412033, Validation loss: 0.44285593490600583, Validation accuracy: 0.9193
Adjusting learning rate of group 0 to 1.0000e-02.
Epoch: 141, Train loss: 0.03697174531787634, Validation loss: 0.4661584053039551, Validation accuracy: 0.913
Adjusting learning rate of group 0 to 1.0000e-02.
Epoch: 142, Train loss: 0.03777705127567053, Validation loss: 0.4294222561836243, Validation accuracy: 0.9175
Adjusting learning rate of group 0 to 1.0000e-02.
Epoch: 143, Train loss: 0.036345690528154374, Validation loss: 0.4584949819564819, Validation accuracy: 0.9188
Adjusting learning rate of group 0 to 1.0000e-02.
Epoch: 144, Train loss: 0.03659820176333189, Validation loss: 0.43100344429016113, Validation accuracy: 0.9191
Adjusting learning rate of group 0 to 1.0000e-02.
Epoch: 145, Train loss: 0.034677295521497724, Validation loss: 0.43987135696411134, Validation accuracy: 0.9193
Adjusting learning rate of group 0 to 1.0000e-02.
Epoch: 146, Train loss: 0.035164393551945686, Validation loss: 0.442655544757843, Validation accuracy: 0.9189
Adjusting learning rate of group 0 to 1.0000e-02.
Epoch: 147, Train loss: 0.03785922044098377, Validation loss: 0.44005179080963136, Validation accuracy: 0.917
Adjusting learning rate of group 0 to 1.0000e-02.
Epoch: 148, Train loss: 0.03418252585709095, Validation loss: 0.4411245040893555, Validation accuracy: 0.9167
Adjusting learning rate of group 0 to 1.0000e-02.
Epoch: 149, Train loss: 0.037800167525708674, Validation loss: 0.4425032808303833, Validation accuracy: 0.9179
Adjusting learning rate of group 0 to 1.0000e-03.
Epoch: 150, Train loss: 0.03649408293485641, Validation loss: 0.40045394706726073, Validation accuracy: 0.9218
Adjusting learning rate of group 0 to 1.0000e-03.
Epoch: 151, Train loss: 0.02522052274469286, Validation loss: 0.3725631477355957, Validation accuracy: 0.9269
Adjusting learning rate of group 0 to 1.0000e-03.
Epoch: 152, Train loss: 0.018282269044667482, Validation loss: 0.3745240686416626, Validation accuracy: 0.931
Adjusting learning rate of group 0 to 1.0000e-03.
Epoch: 153, Train loss: 0.015230262316167354, Validation loss: 0.39139061727523805, Validation accuracy: 0.9294
Adjusting learning rate of group 0 to 1.0000e-03.
Epoch: 154, Train loss: 0.013583228926807642, Validation loss: 0.39749109020233153, Validation accuracy: 0.9303
Adjusting learning rate of group 0 to 1.0000e-03.
Epoch: 155, Train loss: 0.011594270380213857, Validation loss: 0.4083955234527588, Validation accuracy: 0.9313
Adjusting learning rate of group 0 to 1.0000e-03.
Epoch: 156, Train loss: 0.012314593268334865, Validation loss: 0.4183558925628662, Validation accuracy: 0.9313
Adjusting learning rate of group 0 to 1.0000e-03.
Epoch: 157, Train loss: 0.010187955723181367, Validation loss: 0.4285873240470886, Validation accuracy: 0.9303
Adjusting learning rate of group 0 to 1.0000e-03.
Epoch: 158, Train loss: 0.008945317492820322, Validation loss: 0.43958364515304565, Validation accuracy: 0.9303
Adjusting learning rate of group 0 to 1.0000e-03.
Epoch: 159, Train loss: 0.010033636371046305, Validation loss: 0.4435487961769104, Validation accuracy: 0.9299
Adjusting learning rate of group 0 to 1.0000e-03.
Epoch: 160, Train loss: 0.009501002646312118, Validation loss: 0.45395809125900266, Validation accuracy: 0.9294
Adjusting learning rate of group 0 to 1.0000e-03.
Epoch: 161, Train loss: 0.009487317896261812, Validation loss: 0.45445477390289307, Validation accuracy: 0.9291
Adjusting learning rate of group 0 to 1.0000e-03.
Epoch: 162, Train loss: 0.00825417829953134, Validation loss: 0.4617999517440796, Validation accuracy: 0.9306
Adjusting learning rate of group 0 to 1.0000e-03.
Epoch: 163, Train loss: 0.00784674611100927, Validation loss: 0.46244683637619016, Validation accuracy: 0.9316
Adjusting learning rate of group 0 to 1.0000e-03.
Epoch: 164, Train loss: 0.0077748808038979765, Validation loss: 0.4672622760772705, Validation accuracy: 0.9312
Adjusting learning rate of group 0 to 1.0000e-03.
Epoch: 165, Train loss: 0.008184513192865998, Validation loss: 0.4769685312271118, Validation accuracy: 0.9299
Adjusting learning rate of group 0 to 1.0000e-03.
Epoch: 166, Train loss: 0.006897680742330849, Validation loss: 0.4780764886856079, Validation accuracy: 0.929
Adjusting learning rate of group 0 to 1.0000e-03.
Epoch: 167, Train loss: 0.0073381377924513075, Validation loss: 0.48604842309951785, Validation accuracy: 0.9292
Adjusting learning rate of group 0 to 1.0000e-03.
Epoch: 168, Train loss: 0.00699755299128592, Validation loss: 0.4877722067832947, Validation accuracy: 0.9303
Adjusting learning rate of group 0 to 1.0000e-03.
Epoch: 169, Train loss: 0.0070111967806704345, Validation loss: 0.49727198448181154, Validation accuracy: 0.9295
Adjusting learning rate of group 0 to 1.0000e-03.
Epoch: 170, Train loss: 0.006874931773785502, Validation loss: 0.48837944231033326, Validation accuracy: 0.9309
Adjusting learning rate of group 0 to 1.0000e-03.
Epoch: 171, Train loss: 0.006217003198135644, Validation loss: 0.4871947858810425, Validation accuracy: 0.9318
Adjusting learning rate of group 0 to 1.0000e-03.
Epoch: 172, Train loss: 0.00737619456297718, Validation loss: 0.49911819925308226, Validation accuracy: 0.9305
Adjusting learning rate of group 0 to 1.0000e-03.
Epoch: 173, Train loss: 0.006530224910285324, Validation loss: 0.49921776695251463, Validation accuracy: 0.9307
Adjusting learning rate of group 0 to 1.0000e-03.
Epoch: 174, Train loss: 0.005754800752159208, Validation loss: 0.5046081340789795, Validation accuracy: 0.9322
Adjusting learning rate of group 0 to 1.0000e-03.
Epoch: 175, Train loss: 0.006013745378972962, Validation loss: 0.5106728607177734, Validation accuracy: 0.9311
Adjusting learning rate of group 0 to 1.0000e-03.
Epoch: 176, Train loss: 0.0053754159887507555, Validation loss: 0.5103212732315063, Validation accuracy: 0.9313
Adjusting learning rate of group 0 to 1.0000e-03.
Epoch: 177, Train loss: 0.005824727596384473, Validation loss: 0.5156459670066833, Validation accuracy: 0.9311
Adjusting learning rate of group 0 to 1.0000e-03.
Epoch: 178, Train loss: 0.005829132918901742, Validation loss: 0.5093307946205139, Validation accuracy: 0.9296
Adjusting learning rate of group 0 to 1.0000e-03.
Epoch: 179, Train loss: 0.0059053272406943145, Validation loss: 0.5117625061035156, Validation accuracy: 0.9313
Adjusting learning rate of group 0 to 1.0000e-03.
Epoch: 180, Train loss: 0.005248906969018281, Validation loss: 0.5141505641937256, Validation accuracy: 0.931
Adjusting learning rate of group 0 to 1.0000e-03.
Epoch: 181, Train loss: 0.0056183479465637355, Validation loss: 0.5127634953498841, Validation accuracy: 0.9311
Adjusting learning rate of group 0 to 1.0000e-03.
Epoch: 182, Train loss: 0.004975054309908301, Validation loss: 0.5205700791358948, Validation accuracy: 0.9314
Adjusting learning rate of group 0 to 1.0000e-03.
Epoch: 183, Train loss: 0.004378921596654691, Validation loss: 0.524735468673706, Validation accuracy: 0.9306
Adjusting learning rate of group 0 to 1.0000e-03.
Epoch: 184, Train loss: 0.005819754927149042, Validation loss: 0.524962155342102, Validation accuracy: 0.9313
Adjusting learning rate of group 0 to 1.0000e-03.
Epoch: 185, Train loss: 0.004979020614288747, Validation loss: 0.5258579726219177, Validation accuracy: 0.9298
Adjusting learning rate of group 0 to 1.0000e-03.
Epoch: 186, Train loss: 0.004698698910409585, Validation loss: 0.5311269410133361, Validation accuracy: 0.9303
Adjusting learning rate of group 0 to 1.0000e-03.
Epoch: 187, Train loss: 0.004446509804390371, Validation loss: 0.5459132568359375, Validation accuracy: 0.9299
Adjusting learning rate of group 0 to 1.0000e-03.
Epoch: 188, Train loss: 0.004721655938052572, Validation loss: 0.5373375794410705, Validation accuracy: 0.9304
Adjusting learning rate of group 0 to 1.0000e-03.
Epoch: 189, Train loss: 0.004475432851405349, Validation loss: 0.5415187080383301, Validation accuracy: 0.9325
Adjusting learning rate of group 0 to 1.0000e-03.
Epoch: 190, Train loss: 0.0041904867016989734, Validation loss: 0.5434346914291381, Validation accuracy: 0.9301
Adjusting learning rate of group 0 to 1.0000e-03.
Epoch: 191, Train loss: 0.0036571917876356747, Validation loss: 0.5407949136734009, Validation accuracy: 0.9328
Adjusting learning rate of group 0 to 1.0000e-03.
Epoch: 192, Train loss: 0.004398605503067374, Validation loss: 0.5478862495422363, Validation accuracy: 0.9317
Adjusting learning rate of group 0 to 1.0000e-03.
Epoch: 193, Train loss: 0.0048347364311758425, Validation loss: 0.5590169195175171, Validation accuracy: 0.93
Adjusting learning rate of group 0 to 1.0000e-03.
Epoch: 194, Train loss: 0.0048277782402187585, Validation loss: 0.5536774774551392, Validation accuracy: 0.9295
Adjusting learning rate of group 0 to 1.0000e-03.
Epoch: 195, Train loss: 0.004883333001928404, Validation loss: 0.5465698322296143, Validation accuracy: 0.9306
Adjusting learning rate of group 0 to 1.0000e-03.
Epoch: 196, Train loss: 0.004219702394604683, Validation loss: 0.5517001877784729, Validation accuracy: 0.9322
Adjusting learning rate of group 0 to 1.0000e-03.
Epoch: 197, Train loss: 0.003551710082623176, Validation loss: 0.5549233594894409, Validation accuracy: 0.9309
Adjusting learning rate of group 0 to 1.0000e-03.
Epoch: 198, Train loss: 0.004105839566001668, Validation loss: 0.5618232016563416, Validation accuracy: 0.9313
Adjusting learning rate of group 0 to 1.0000e-03.
Epoch: 199, Train loss: 0.003909900685693138, Validation loss: 0.5623729702949524, Validation accuracy: 0.9317
Accuracy: 0.9317, Parameters: 1134
