['ResNet-Tensorized.py', '--ranks', '7', '5', '--space_rank', '7', '--seed', '1', '--device', 'cuda:1']
Initializing dataloader
Files already downloaded and verified
Files already downloaded and verified
Dataloader has initialized
Initializing model
Adjusting learning rate of group 0 to 1.0000e-02.
Model initialized
Testing model
Tests passed
Adjusting learning rate of group 0 to 2.0000e-02.
Epoch: 0, Train loss: 1.714818851699829, Validation loss: 1.546797070121765, Validation accuracy: 0.4412
Adjusting learning rate of group 0 to 3.0000e-02.
Epoch: 1, Train loss: 1.3409825928878785, Validation loss: 1.6528999835968017, Validation accuracy: 0.4928
Adjusting learning rate of group 0 to 4.0000e-02.
Epoch: 2, Train loss: 1.1487112575912475, Validation loss: 1.088498080444336, Validation accuracy: 0.624
Adjusting learning rate of group 0 to 5.0000e-02.
Epoch: 3, Train loss: 1.0156852875900269, Validation loss: 1.6799743640899658, Validation accuracy: 0.4889
Adjusting learning rate of group 0 to 6.0000e-02.
Epoch: 4, Train loss: 0.9143132905960083, Validation loss: 0.9718952667236328, Validation accuracy: 0.6701
Adjusting learning rate of group 0 to 7.0000e-02.
Epoch: 5, Train loss: 0.8342472436332703, Validation loss: 1.1266963282585145, Validation accuracy: 0.6501
Adjusting learning rate of group 0 to 8.0000e-02.
Epoch: 6, Train loss: 0.7738949539184571, Validation loss: 0.960255221939087, Validation accuracy: 0.6783
Adjusting learning rate of group 0 to 9.0000e-02.
Epoch: 7, Train loss: 0.7437737469482422, Validation loss: 1.470002128982544, Validation accuracy: 0.5853
Adjusting learning rate of group 0 to 1.0000e-01.
Epoch: 8, Train loss: 0.7152831767272949, Validation loss: 1.0486600784301758, Validation accuracy: 0.6825
Adjusting learning rate of group 0 to 1.0000e-01.
Epoch: 9, Train loss: 0.6917240616226197, Validation loss: 0.8639347692489624, Validation accuracy: 0.7168
Adjusting learning rate of group 0 to 1.0000e-01.
Epoch: 10, Train loss: 0.6687583939743041, Validation loss: 0.7925392490386963, Validation accuracy: 0.7432
Adjusting learning rate of group 0 to 1.0000e-01.
Epoch: 11, Train loss: 0.6484504314231873, Validation loss: 1.1509498279571533, Validation accuracy: 0.6371
Adjusting learning rate of group 0 to 1.0000e-01.
Epoch: 12, Train loss: 0.6296769890594482, Validation loss: 0.8485279614448548, Validation accuracy: 0.7143
Adjusting learning rate of group 0 to 1.0000e-01.
Epoch: 13, Train loss: 0.6131464889335633, Validation loss: 0.8605791778564453, Validation accuracy: 0.713
Adjusting learning rate of group 0 to 1.0000e-01.
Epoch: 14, Train loss: 0.6053106126403809, Validation loss: 0.8924482845306396, Validation accuracy: 0.7192
Adjusting learning rate of group 0 to 1.0000e-01.
Epoch: 15, Train loss: 0.6013261660194397, Validation loss: 0.7660008002281189, Validation accuracy: 0.7488
Adjusting learning rate of group 0 to 1.0000e-01.
Epoch: 16, Train loss: 0.5890759983062744, Validation loss: 0.7296136972427368, Validation accuracy: 0.752
Adjusting learning rate of group 0 to 1.0000e-01.
Epoch: 17, Train loss: 0.5785935380363464, Validation loss: 0.7249426045894622, Validation accuracy: 0.7605
Adjusting learning rate of group 0 to 1.0000e-01.
Epoch: 18, Train loss: 0.5743240827178955, Validation loss: 0.8870199270248413, Validation accuracy: 0.7274
Adjusting learning rate of group 0 to 1.0000e-01.
Epoch: 19, Train loss: 0.5700852315330506, Validation loss: 0.6899941087722778, Validation accuracy: 0.7659
Adjusting learning rate of group 0 to 1.0000e-01.
Epoch: 20, Train loss: 0.5669745805931091, Validation loss: 0.7167785110473632, Validation accuracy: 0.7623
Adjusting learning rate of group 0 to 1.0000e-01.
Epoch: 21, Train loss: 0.5593997368431092, Validation loss: 1.0417801270484923, Validation accuracy: 0.6768
Adjusting learning rate of group 0 to 1.0000e-01.
Epoch: 22, Train loss: 0.5586367400932312, Validation loss: 0.6786107233047486, Validation accuracy: 0.7739
Adjusting learning rate of group 0 to 1.0000e-01.
Epoch: 23, Train loss: 0.554161986732483, Validation loss: 1.2806675456047059, Validation accuracy: 0.6355
Adjusting learning rate of group 0 to 1.0000e-01.
Epoch: 24, Train loss: 0.5529022531032562, Validation loss: 0.669388964176178, Validation accuracy: 0.7776
Adjusting learning rate of group 0 to 1.0000e-01.
Epoch: 25, Train loss: 0.5490019504737854, Validation loss: 0.6238063485145569, Validation accuracy: 0.789
Adjusting learning rate of group 0 to 1.0000e-01.
Epoch: 26, Train loss: 0.5440984362792969, Validation loss: 0.8680928262710571, Validation accuracy: 0.7216
Adjusting learning rate of group 0 to 1.0000e-01.
Epoch: 27, Train loss: 0.5449756284332276, Validation loss: 0.6362117308616638, Validation accuracy: 0.784
Adjusting learning rate of group 0 to 1.0000e-01.
Epoch: 28, Train loss: 0.5390525796318054, Validation loss: 0.9680012590408326, Validation accuracy: 0.7019
Adjusting learning rate of group 0 to 1.0000e-01.
Epoch: 29, Train loss: 0.5371361089515686, Validation loss: 0.8764438630104064, Validation accuracy: 0.7362
Adjusting learning rate of group 0 to 1.0000e-01.
Epoch: 30, Train loss: 0.5323790670967102, Validation loss: 0.6854643079280853, Validation accuracy: 0.773
Adjusting learning rate of group 0 to 1.0000e-01.
Epoch: 31, Train loss: 0.5288139084911346, Validation loss: 0.8748398776054382, Validation accuracy: 0.7261
Adjusting learning rate of group 0 to 1.0000e-01.
Epoch: 32, Train loss: 0.5268778644180298, Validation loss: 1.084212601852417, Validation accuracy: 0.6551
Adjusting learning rate of group 0 to 1.0000e-01.
Epoch: 33, Train loss: 0.5297817700958252, Validation loss: 0.9300589973449707, Validation accuracy: 0.7011
Adjusting learning rate of group 0 to 1.0000e-01.
Epoch: 34, Train loss: 0.5228853095626831, Validation loss: 0.7391055734157562, Validation accuracy: 0.7544
Adjusting learning rate of group 0 to 1.0000e-01.
Epoch: 35, Train loss: 0.5181873923301696, Validation loss: 0.6155529863834381, Validation accuracy: 0.7896
Adjusting learning rate of group 0 to 1.0000e-01.
Epoch: 36, Train loss: 0.5183105259513855, Validation loss: 0.6147795476913452, Validation accuracy: 0.7978
Adjusting learning rate of group 0 to 1.0000e-01.
Epoch: 37, Train loss: 0.5174261480903626, Validation loss: 0.6615795770645142, Validation accuracy: 0.7769
Adjusting learning rate of group 0 to 1.0000e-01.
Epoch: 38, Train loss: 0.5143836318588256, Validation loss: 0.9776578521728516, Validation accuracy: 0.7255
Adjusting learning rate of group 0 to 1.0000e-01.
Epoch: 39, Train loss: 0.5197851096534729, Validation loss: 0.6166817673683167, Validation accuracy: 0.7907
Adjusting learning rate of group 0 to 1.0000e-01.
Epoch: 40, Train loss: 0.5101412537765503, Validation loss: 0.778145287322998, Validation accuracy: 0.7491
Adjusting learning rate of group 0 to 1.0000e-01.
Epoch: 41, Train loss: 0.5028445119094849, Validation loss: 0.6960790380477905, Validation accuracy: 0.7699
Adjusting learning rate of group 0 to 1.0000e-01.
Epoch: 42, Train loss: 0.5071273615646362, Validation loss: 0.8383042580604553, Validation accuracy: 0.7383
Adjusting learning rate of group 0 to 1.0000e-01.
Epoch: 43, Train loss: 0.5072614140319824, Validation loss: 0.717094859790802, Validation accuracy: 0.766
Adjusting learning rate of group 0 to 1.0000e-01.
Epoch: 44, Train loss: 0.506171185836792, Validation loss: 1.048369146156311, Validation accuracy: 0.703
Adjusting learning rate of group 0 to 1.0000e-01.
Epoch: 45, Train loss: 0.5076178205871582, Validation loss: 0.80800923538208, Validation accuracy: 0.739
Adjusting learning rate of group 0 to 1.0000e-01.
Epoch: 46, Train loss: 0.5023085481071472, Validation loss: 0.6288674343109131, Validation accuracy: 0.7927
Adjusting learning rate of group 0 to 1.0000e-01.
Epoch: 47, Train loss: 0.5056230181884765, Validation loss: 0.6581588008880616, Validation accuracy: 0.7792
Adjusting learning rate of group 0 to 1.0000e-01.
Epoch: 48, Train loss: 0.5026954369544983, Validation loss: 0.7573205011367797, Validation accuracy: 0.7569
Adjusting learning rate of group 0 to 1.0000e-01.
Epoch: 49, Train loss: 0.49997954155921936, Validation loss: 0.639205740070343, Validation accuracy: 0.7897
Adjusting learning rate of group 0 to 1.0000e-01.
Epoch: 50, Train loss: 0.501203120059967, Validation loss: 0.6952975788593292, Validation accuracy: 0.7766
Adjusting learning rate of group 0 to 1.0000e-01.
Epoch: 51, Train loss: 0.4975339811325073, Validation loss: 0.7408446537971497, Validation accuracy: 0.7543
Adjusting learning rate of group 0 to 1.0000e-01.
Epoch: 52, Train loss: 0.4925620157432556, Validation loss: 0.686313206577301, Validation accuracy: 0.775
Adjusting learning rate of group 0 to 1.0000e-01.
Epoch: 53, Train loss: 0.49162089139938353, Validation loss: 0.6109540533065796, Validation accuracy: 0.8017
Adjusting learning rate of group 0 to 1.0000e-01.
Epoch: 54, Train loss: 0.49878860282897947, Validation loss: 0.6272946853637695, Validation accuracy: 0.7892
Adjusting learning rate of group 0 to 1.0000e-01.
Epoch: 55, Train loss: 0.49214601350784304, Validation loss: 0.7033458776473999, Validation accuracy: 0.7607
Adjusting learning rate of group 0 to 1.0000e-01.
Epoch: 56, Train loss: 0.48986279596328736, Validation loss: 0.909114334487915, Validation accuracy: 0.7179
Adjusting learning rate of group 0 to 1.0000e-01.
Epoch: 57, Train loss: 0.4917368634700775, Validation loss: 0.9401139591217041, Validation accuracy: 0.7309
Adjusting learning rate of group 0 to 1.0000e-01.
Epoch: 58, Train loss: 0.4940510537338257, Validation loss: 0.6369388916015625, Validation accuracy: 0.7962
Adjusting learning rate of group 0 to 1.0000e-01.
Epoch: 59, Train loss: 0.49109479751586915, Validation loss: 0.5578841709136962, Validation accuracy: 0.8118
Adjusting learning rate of group 0 to 1.0000e-01.
Epoch: 60, Train loss: 0.48738304872512817, Validation loss: 0.7276305469512939, Validation accuracy: 0.7761
Adjusting learning rate of group 0 to 1.0000e-01.
Epoch: 61, Train loss: 0.48611557052612303, Validation loss: 0.6955662749290467, Validation accuracy: 0.7695
Adjusting learning rate of group 0 to 1.0000e-01.
Epoch: 62, Train loss: 0.4847774213027954, Validation loss: 0.8173650602340699, Validation accuracy: 0.7375
Adjusting learning rate of group 0 to 1.0000e-01.
Epoch: 63, Train loss: 0.4871047715187073, Validation loss: 0.9784847726821899, Validation accuracy: 0.686
Adjusting learning rate of group 0 to 1.0000e-01.
Epoch: 64, Train loss: 0.48479925077438357, Validation loss: 0.6197124939918518, Validation accuracy: 0.7919
Adjusting learning rate of group 0 to 1.0000e-01.
Epoch: 65, Train loss: 0.48104375415802003, Validation loss: 0.7013096710205078, Validation accuracy: 0.7611
Adjusting learning rate of group 0 to 1.0000e-01.
Epoch: 66, Train loss: 0.4823749971485138, Validation loss: 0.6270109238624573, Validation accuracy: 0.7854
Adjusting learning rate of group 0 to 1.0000e-01.
Epoch: 67, Train loss: 0.47894453300476075, Validation loss: 0.7775080596923828, Validation accuracy: 0.7621
Adjusting learning rate of group 0 to 1.0000e-01.
Epoch: 68, Train loss: 0.4765871315002441, Validation loss: 0.8590671844482421, Validation accuracy: 0.7375
Adjusting learning rate of group 0 to 1.0000e-01.
Epoch: 69, Train loss: 0.4792025457763672, Validation loss: 0.5928286825180054, Validation accuracy: 0.801
Adjusting learning rate of group 0 to 1.0000e-01.
Epoch: 70, Train loss: 0.4746026821231842, Validation loss: 0.7611052865982055, Validation accuracy: 0.7559
Adjusting learning rate of group 0 to 1.0000e-01.
Epoch: 71, Train loss: 0.4742329241275787, Validation loss: 0.6752852884292603, Validation accuracy: 0.7757
Adjusting learning rate of group 0 to 1.0000e-01.
Epoch: 72, Train loss: 0.47836701771736145, Validation loss: 0.7856470375061035, Validation accuracy: 0.7563
Adjusting learning rate of group 0 to 1.0000e-01.
Epoch: 73, Train loss: 0.46955930401802065, Validation loss: 0.6653109017848968, Validation accuracy: 0.7915
Adjusting learning rate of group 0 to 1.0000e-01.
Epoch: 74, Train loss: 0.4749284922981262, Validation loss: 0.5810179577827453, Validation accuracy: 0.8117
Adjusting learning rate of group 0 to 1.0000e-01.
Epoch: 75, Train loss: 0.47735103004455565, Validation loss: 0.6900859136581421, Validation accuracy: 0.7736
Adjusting learning rate of group 0 to 1.0000e-01.
Epoch: 76, Train loss: 0.4723282901954651, Validation loss: 0.670264293384552, Validation accuracy: 0.7856
Adjusting learning rate of group 0 to 1.0000e-01.
Epoch: 77, Train loss: 0.47720204314231873, Validation loss: 0.5873425374031067, Validation accuracy: 0.8027
Adjusting learning rate of group 0 to 1.0000e-01.
Epoch: 78, Train loss: 0.4700859870529175, Validation loss: 0.7513343421936035, Validation accuracy: 0.7701
Adjusting learning rate of group 0 to 1.0000e-01.
Epoch: 79, Train loss: 0.47822184104919435, Validation loss: 0.6836946508407593, Validation accuracy: 0.7829
Adjusting learning rate of group 0 to 1.0000e-01.
Epoch: 80, Train loss: 0.47008266386032105, Validation loss: 0.6217394035339355, Validation accuracy: 0.7995
Adjusting learning rate of group 0 to 1.0000e-01.
Epoch: 81, Train loss: 0.4784454927444458, Validation loss: 0.5704679451942444, Validation accuracy: 0.8121
Adjusting learning rate of group 0 to 1.0000e-01.
Epoch: 82, Train loss: 0.47037738782882693, Validation loss: 0.6244894442558289, Validation accuracy: 0.7996
Adjusting learning rate of group 0 to 1.0000e-01.
Epoch: 83, Train loss: 0.46897042021751406, Validation loss: 0.8127573644638062, Validation accuracy: 0.745
Adjusting learning rate of group 0 to 1.0000e-01.
Epoch: 84, Train loss: 0.4700077433013916, Validation loss: 0.5629194083213807, Validation accuracy: 0.8046
Adjusting learning rate of group 0 to 1.0000e-01.
Epoch: 85, Train loss: 0.46744796264648436, Validation loss: 0.591996259021759, Validation accuracy: 0.8015
Adjusting learning rate of group 0 to 1.0000e-01.
Epoch: 86, Train loss: 0.46493804529190064, Validation loss: 0.6024944868087768, Validation accuracy: 0.7928
Adjusting learning rate of group 0 to 1.0000e-01.
Epoch: 87, Train loss: 0.4690128681373596, Validation loss: 0.5631931689739227, Validation accuracy: 0.8085
Adjusting learning rate of group 0 to 1.0000e-01.
Epoch: 88, Train loss: 0.4719127355384827, Validation loss: 0.6687997399330139, Validation accuracy: 0.7816
Adjusting learning rate of group 0 to 1.0000e-01.
Epoch: 89, Train loss: 0.4617098215866089, Validation loss: 0.7190823160171509, Validation accuracy: 0.7815
Adjusting learning rate of group 0 to 1.0000e-01.
Epoch: 90, Train loss: 0.471644029712677, Validation loss: 0.6383850622177124, Validation accuracy: 0.7916
Adjusting learning rate of group 0 to 1.0000e-01.
Epoch: 91, Train loss: 0.46409757617950437, Validation loss: 0.5870885246276856, Validation accuracy: 0.8086
Adjusting learning rate of group 0 to 1.0000e-01.
Epoch: 92, Train loss: 0.4633160716819763, Validation loss: 0.6731405561447144, Validation accuracy: 0.7814
Adjusting learning rate of group 0 to 1.0000e-01.
Epoch: 93, Train loss: 0.4677231528043747, Validation loss: 0.7290145309448243, Validation accuracy: 0.7704
Adjusting learning rate of group 0 to 1.0000e-01.
Epoch: 94, Train loss: 0.46681429443359373, Validation loss: 0.5486166319847107, Validation accuracy: 0.8145
Adjusting learning rate of group 0 to 1.0000e-01.
Epoch: 95, Train loss: 0.4592278541374207, Validation loss: 0.6246164783477783, Validation accuracy: 0.7894
Adjusting learning rate of group 0 to 1.0000e-01.
Epoch: 96, Train loss: 0.46302335221290586, Validation loss: 0.8281227745056152, Validation accuracy: 0.7543
Adjusting learning rate of group 0 to 1.0000e-01.
Epoch: 97, Train loss: 0.4607599763298035, Validation loss: 0.6377605324268341, Validation accuracy: 0.7952
Adjusting learning rate of group 0 to 1.0000e-01.
Epoch: 98, Train loss: 0.46324501794815065, Validation loss: 0.6654769949913025, Validation accuracy: 0.778
Adjusting learning rate of group 0 to 1.0000e-01.
Epoch: 99, Train loss: 0.46337743801116943, Validation loss: 0.5505408480167389, Validation accuracy: 0.8096
Adjusting learning rate of group 0 to 1.0000e-02.
Epoch: 100, Train loss: 0.4665959949302673, Validation loss: 0.5719745992660522, Validation accuracy: 0.8094
Adjusting learning rate of group 0 to 1.0000e-02.
Epoch: 101, Train loss: 0.34116189465522767, Validation loss: 0.3567846673965454, Validation accuracy: 0.8779
Adjusting learning rate of group 0 to 1.0000e-02.
Epoch: 102, Train loss: 0.30250743366241456, Validation loss: 0.34617758455276487, Validation accuracy: 0.8826
Adjusting learning rate of group 0 to 1.0000e-02.
Epoch: 103, Train loss: 0.29004280141830446, Validation loss: 0.3400081772327423, Validation accuracy: 0.886
Adjusting learning rate of group 0 to 1.0000e-02.
Epoch: 104, Train loss: 0.27942004717826846, Validation loss: 0.3426098353385925, Validation accuracy: 0.8869
Adjusting learning rate of group 0 to 1.0000e-02.
Epoch: 105, Train loss: 0.2743049275588989, Validation loss: 0.3408246448993683, Validation accuracy: 0.8852
Adjusting learning rate of group 0 to 1.0000e-02.
Epoch: 106, Train loss: 0.2679974589157105, Validation loss: 0.3434566633701324, Validation accuracy: 0.8874
Adjusting learning rate of group 0 to 1.0000e-02.
Epoch: 107, Train loss: 0.2608664978122711, Validation loss: 0.33473361728191375, Validation accuracy: 0.8872
Adjusting learning rate of group 0 to 1.0000e-02.
Epoch: 108, Train loss: 0.2600961899852753, Validation loss: 0.3296401013612747, Validation accuracy: 0.8898
Adjusting learning rate of group 0 to 1.0000e-02.
Epoch: 109, Train loss: 0.2563690167045593, Validation loss: 0.33664552669525144, Validation accuracy: 0.8871
Adjusting learning rate of group 0 to 1.0000e-02.
Epoch: 110, Train loss: 0.2502542754650116, Validation loss: 0.33357880859375, Validation accuracy: 0.8869
Adjusting learning rate of group 0 to 1.0000e-02.
Epoch: 111, Train loss: 0.24769806694984436, Validation loss: 0.3420396238565445, Validation accuracy: 0.8864
Adjusting learning rate of group 0 to 1.0000e-02.
Epoch: 112, Train loss: 0.24562038751125337, Validation loss: 0.3414153287410736, Validation accuracy: 0.8849
Adjusting learning rate of group 0 to 1.0000e-02.
Epoch: 113, Train loss: 0.24451031006813048, Validation loss: 0.35251916954517365, Validation accuracy: 0.8841
Adjusting learning rate of group 0 to 1.0000e-02.
Epoch: 114, Train loss: 0.2420643664741516, Validation loss: 0.3489535246372223, Validation accuracy: 0.8852
Adjusting learning rate of group 0 to 1.0000e-02.
Epoch: 115, Train loss: 0.24289455237865448, Validation loss: 0.3479707290649414, Validation accuracy: 0.8848
Adjusting learning rate of group 0 to 1.0000e-02.
Epoch: 116, Train loss: 0.23747080867767334, Validation loss: 0.3410854892730713, Validation accuracy: 0.8877
Adjusting learning rate of group 0 to 1.0000e-02.
Epoch: 117, Train loss: 0.23677522201538087, Validation loss: 0.34199059500694273, Validation accuracy: 0.8885
Adjusting learning rate of group 0 to 1.0000e-02.
Epoch: 118, Train loss: 0.23623243779182435, Validation loss: 0.35138432650566104, Validation accuracy: 0.886
Adjusting learning rate of group 0 to 1.0000e-02.
Epoch: 119, Train loss: 0.23724965642929077, Validation loss: 0.3473257299900055, Validation accuracy: 0.888
Adjusting learning rate of group 0 to 1.0000e-02.
Epoch: 120, Train loss: 0.23179218786239625, Validation loss: 0.3383041588306427, Validation accuracy: 0.8905
Adjusting learning rate of group 0 to 1.0000e-02.
Epoch: 121, Train loss: 0.23053554741859436, Validation loss: 0.34030492572784427, Validation accuracy: 0.8878
Adjusting learning rate of group 0 to 1.0000e-02.
Epoch: 122, Train loss: 0.23509887764453888, Validation loss: 0.34089224791526795, Validation accuracy: 0.8869
Adjusting learning rate of group 0 to 1.0000e-02.
Epoch: 123, Train loss: 0.22970738416194916, Validation loss: 0.3486713733673096, Validation accuracy: 0.8869
Adjusting learning rate of group 0 to 1.0000e-02.
Epoch: 124, Train loss: 0.22940135342597961, Validation loss: 0.34869477910995483, Validation accuracy: 0.8852
Adjusting learning rate of group 0 to 1.0000e-02.
Epoch: 125, Train loss: 0.2306191021156311, Validation loss: 0.3450436178445816, Validation accuracy: 0.8864
Adjusting learning rate of group 0 to 1.0000e-02.
Epoch: 126, Train loss: 0.22704334899902343, Validation loss: 0.34607451865673067, Validation accuracy: 0.8869
Adjusting learning rate of group 0 to 1.0000e-02.
Epoch: 127, Train loss: 0.23187985251903534, Validation loss: 0.33990123596191407, Validation accuracy: 0.8858
Adjusting learning rate of group 0 to 1.0000e-02.
Epoch: 128, Train loss: 0.224674977684021, Validation loss: 0.3569046038150787, Validation accuracy: 0.8863
Adjusting learning rate of group 0 to 1.0000e-02.
Epoch: 129, Train loss: 0.2250856386613846, Validation loss: 0.360584285402298, Validation accuracy: 0.8858
Adjusting learning rate of group 0 to 1.0000e-02.
Epoch: 130, Train loss: 0.22565186866283415, Validation loss: 0.35800818808078766, Validation accuracy: 0.8839
Adjusting learning rate of group 0 to 1.0000e-02.
Epoch: 131, Train loss: 0.2274346190261841, Validation loss: 0.3629086444616318, Validation accuracy: 0.884
Adjusting learning rate of group 0 to 1.0000e-02.
Epoch: 132, Train loss: 0.22699840415000916, Validation loss: 0.35729749298095703, Validation accuracy: 0.8847
Adjusting learning rate of group 0 to 1.0000e-02.
Epoch: 133, Train loss: 0.22376891414165498, Validation loss: 0.34016267251968385, Validation accuracy: 0.8906
Adjusting learning rate of group 0 to 1.0000e-02.
Epoch: 134, Train loss: 0.22917860137939453, Validation loss: 0.35425662882328035, Validation accuracy: 0.8863
Adjusting learning rate of group 0 to 1.0000e-02.
Epoch: 135, Train loss: 0.22534371614933013, Validation loss: 0.35520377085208893, Validation accuracy: 0.8864
Adjusting learning rate of group 0 to 1.0000e-02.
Epoch: 136, Train loss: 0.2242075013446808, Validation loss: 0.3643073007583618, Validation accuracy: 0.8833
Adjusting learning rate of group 0 to 1.0000e-02.
Epoch: 137, Train loss: 0.22479019152641297, Validation loss: 0.37876159768104556, Validation accuracy: 0.8839
Adjusting learning rate of group 0 to 1.0000e-02.
Epoch: 138, Train loss: 0.22349197563648224, Validation loss: 0.35665814468860624, Validation accuracy: 0.8848
Adjusting learning rate of group 0 to 1.0000e-02.
Epoch: 139, Train loss: 0.2219269496536255, Validation loss: 0.38247800562381745, Validation accuracy: 0.8763
Adjusting learning rate of group 0 to 1.0000e-02.
Epoch: 140, Train loss: 0.22261378993988037, Validation loss: 0.359376123380661, Validation accuracy: 0.8853
Adjusting learning rate of group 0 to 1.0000e-02.
Epoch: 141, Train loss: 0.2236913588142395, Validation loss: 0.3772793220758438, Validation accuracy: 0.8828
Adjusting learning rate of group 0 to 1.0000e-02.
Epoch: 142, Train loss: 0.22104344396591186, Validation loss: 0.3881564215540886, Validation accuracy: 0.8789
Adjusting learning rate of group 0 to 1.0000e-02.
Epoch: 143, Train loss: 0.22570680199623108, Validation loss: 0.34837963371276853, Validation accuracy: 0.8825
Adjusting learning rate of group 0 to 1.0000e-02.
Epoch: 144, Train loss: 0.22390956650733948, Validation loss: 0.3722557028770447, Validation accuracy: 0.8818
Adjusting learning rate of group 0 to 1.0000e-02.
Epoch: 145, Train loss: 0.22376009942054748, Validation loss: 0.384270436668396, Validation accuracy: 0.8774
Adjusting learning rate of group 0 to 1.0000e-02.
Epoch: 146, Train loss: 0.22517390937805176, Validation loss: 0.35102237213850024, Validation accuracy: 0.889
Adjusting learning rate of group 0 to 1.0000e-02.
Epoch: 147, Train loss: 0.22063254782676697, Validation loss: 0.3659147104978561, Validation accuracy: 0.8856
Adjusting learning rate of group 0 to 1.0000e-02.
Epoch: 148, Train loss: 0.22465422392845155, Validation loss: 0.3717219424247742, Validation accuracy: 0.8786
Adjusting learning rate of group 0 to 1.0000e-02.
Epoch: 149, Train loss: 0.22284530685424805, Validation loss: 0.36468512325286867, Validation accuracy: 0.8907
Adjusting learning rate of group 0 to 1.0000e-03.
Epoch: 150, Train loss: 0.22015442180633546, Validation loss: 0.3681415045499802, Validation accuracy: 0.8814
Adjusting learning rate of group 0 to 1.0000e-03.
Epoch: 151, Train loss: 0.1907092882156372, Validation loss: 0.3239519734621048, Validation accuracy: 0.8954
Adjusting learning rate of group 0 to 1.0000e-03.
Epoch: 152, Train loss: 0.1770833768939972, Validation loss: 0.3224971971035004, Validation accuracy: 0.8949
Adjusting learning rate of group 0 to 1.0000e-03.
Epoch: 153, Train loss: 0.17055310758590697, Validation loss: 0.322736869764328, Validation accuracy: 0.895
Adjusting learning rate of group 0 to 1.0000e-03.
Epoch: 154, Train loss: 0.16885354738473893, Validation loss: 0.3218348597764969, Validation accuracy: 0.8971
Adjusting learning rate of group 0 to 1.0000e-03.
Epoch: 155, Train loss: 0.16828902562856674, Validation loss: 0.32313987307548525, Validation accuracy: 0.8974
Adjusting learning rate of group 0 to 1.0000e-03.
Epoch: 156, Train loss: 0.1682723071527481, Validation loss: 0.3237767929077148, Validation accuracy: 0.8965
Adjusting learning rate of group 0 to 1.0000e-03.
Epoch: 157, Train loss: 0.1656010066318512, Validation loss: 0.3220501568078995, Validation accuracy: 0.8976
Adjusting learning rate of group 0 to 1.0000e-03.
Epoch: 158, Train loss: 0.1647284010887146, Validation loss: 0.3236400407791138, Validation accuracy: 0.8958
Adjusting learning rate of group 0 to 1.0000e-03.
Epoch: 159, Train loss: 0.16372468546867372, Validation loss: 0.32671712465286257, Validation accuracy: 0.8943
Adjusting learning rate of group 0 to 1.0000e-03.
Epoch: 160, Train loss: 0.16212744890213013, Validation loss: 0.32628137431144716, Validation accuracy: 0.8957
Adjusting learning rate of group 0 to 1.0000e-03.
Epoch: 161, Train loss: 0.16092854830741882, Validation loss: 0.32551630415916444, Validation accuracy: 0.8971
Adjusting learning rate of group 0 to 1.0000e-03.
Epoch: 162, Train loss: 0.16390422817230224, Validation loss: 0.3271042702436447, Validation accuracy: 0.8952
Adjusting learning rate of group 0 to 1.0000e-03.
Epoch: 163, Train loss: 0.15782372889995575, Validation loss: 0.3245646904230118, Validation accuracy: 0.8967
Adjusting learning rate of group 0 to 1.0000e-03.
Epoch: 164, Train loss: 0.16054926082134247, Validation loss: 0.32883576352596283, Validation accuracy: 0.8964
Adjusting learning rate of group 0 to 1.0000e-03.
Epoch: 165, Train loss: 0.1608507770562172, Validation loss: 0.3263436938762665, Validation accuracy: 0.8961
Adjusting learning rate of group 0 to 1.0000e-03.
Epoch: 166, Train loss: 0.15660786030769347, Validation loss: 0.3306708478450775, Validation accuracy: 0.8958
Adjusting learning rate of group 0 to 1.0000e-03.
Epoch: 167, Train loss: 0.1570199998283386, Validation loss: 0.3286463845729828, Validation accuracy: 0.8964
Adjusting learning rate of group 0 to 1.0000e-03.
Epoch: 168, Train loss: 0.15671023206233978, Validation loss: 0.32857098083496095, Validation accuracy: 0.8969
Adjusting learning rate of group 0 to 1.0000e-03.
Epoch: 169, Train loss: 0.15472002287864686, Validation loss: 0.3332546278953552, Validation accuracy: 0.8959
Adjusting learning rate of group 0 to 1.0000e-03.
Epoch: 170, Train loss: 0.1542724765956402, Validation loss: 0.3291162322998047, Validation accuracy: 0.8967
Adjusting learning rate of group 0 to 1.0000e-03.
Epoch: 171, Train loss: 0.154222643699646, Validation loss: 0.3323000878810883, Validation accuracy: 0.8959
Adjusting learning rate of group 0 to 1.0000e-03.
Epoch: 172, Train loss: 0.1551500307750702, Validation loss: 0.3303481313467026, Validation accuracy: 0.8966
Adjusting learning rate of group 0 to 1.0000e-03.
Epoch: 173, Train loss: 0.15240474052429198, Validation loss: 0.3366360706806183, Validation accuracy: 0.895
Adjusting learning rate of group 0 to 1.0000e-03.
Epoch: 174, Train loss: 0.1539276712322235, Validation loss: 0.33792063746452333, Validation accuracy: 0.8941
Adjusting learning rate of group 0 to 1.0000e-03.
Epoch: 175, Train loss: 0.15342965503692627, Validation loss: 0.3339535141468048, Validation accuracy: 0.8971
Adjusting learning rate of group 0 to 1.0000e-03.
Epoch: 176, Train loss: 0.15291358076095582, Validation loss: 0.33226730449199676, Validation accuracy: 0.8951
Adjusting learning rate of group 0 to 1.0000e-03.
Epoch: 177, Train loss: 0.1521689644908905, Validation loss: 0.3362947507619858, Validation accuracy: 0.8959
Adjusting learning rate of group 0 to 1.0000e-03.
Epoch: 178, Train loss: 0.15234032598018646, Validation loss: 0.33038203299045565, Validation accuracy: 0.8975
Adjusting learning rate of group 0 to 1.0000e-03.
Epoch: 179, Train loss: 0.15438165313720703, Validation loss: 0.34238811984062195, Validation accuracy: 0.8933
Adjusting learning rate of group 0 to 1.0000e-03.
Epoch: 180, Train loss: 0.1517315377163887, Validation loss: 0.3398371275901794, Validation accuracy: 0.8948
Adjusting learning rate of group 0 to 1.0000e-03.
Epoch: 181, Train loss: 0.1523856908798218, Validation loss: 0.33571812596321104, Validation accuracy: 0.8948
Adjusting learning rate of group 0 to 1.0000e-03.
Epoch: 182, Train loss: 0.15086706785202025, Validation loss: 0.3355690131187439, Validation accuracy: 0.8935
Adjusting learning rate of group 0 to 1.0000e-03.
Epoch: 183, Train loss: 0.15053697787761688, Validation loss: 0.33438113749027254, Validation accuracy: 0.8957
Adjusting learning rate of group 0 to 1.0000e-03.
Epoch: 184, Train loss: 0.1480650703716278, Validation loss: 0.34307843487262724, Validation accuracy: 0.896
Adjusting learning rate of group 0 to 1.0000e-03.
Epoch: 185, Train loss: 0.15214360454559325, Validation loss: 0.3344563224554062, Validation accuracy: 0.8961
Adjusting learning rate of group 0 to 1.0000e-03.
Epoch: 186, Train loss: 0.15063784969568253, Validation loss: 0.33398294279575347, Validation accuracy: 0.8968
Adjusting learning rate of group 0 to 1.0000e-03.
Epoch: 187, Train loss: 0.1474285747861862, Validation loss: 0.3342890109062195, Validation accuracy: 0.8987
Adjusting learning rate of group 0 to 1.0000e-03.
Epoch: 188, Train loss: 0.1493515518116951, Validation loss: 0.3370481405735016, Validation accuracy: 0.8954
Adjusting learning rate of group 0 to 1.0000e-03.
Epoch: 189, Train loss: 0.1511500109374523, Validation loss: 0.3388003136634827, Validation accuracy: 0.8964
Adjusting learning rate of group 0 to 1.0000e-03.
Epoch: 190, Train loss: 0.1475988933134079, Validation loss: 0.33880192487239835, Validation accuracy: 0.8961
Adjusting learning rate of group 0 to 1.0000e-03.
Epoch: 191, Train loss: 0.14654386647701265, Validation loss: 0.344146808052063, Validation accuracy: 0.8961
Adjusting learning rate of group 0 to 1.0000e-03.
Epoch: 192, Train loss: 0.1459831909966469, Validation loss: 0.3406447353363037, Validation accuracy: 0.8976
Adjusting learning rate of group 0 to 1.0000e-03.
Epoch: 193, Train loss: 0.14818273955345154, Validation loss: 0.34339236755371094, Validation accuracy: 0.8949
Adjusting learning rate of group 0 to 1.0000e-03.
Epoch: 194, Train loss: 0.1467470894098282, Validation loss: 0.3383884467601776, Validation accuracy: 0.8949
Adjusting learning rate of group 0 to 1.0000e-03.
Epoch: 195, Train loss: 0.14653015210151674, Validation loss: 0.3468597245693207, Validation accuracy: 0.8944
Adjusting learning rate of group 0 to 1.0000e-03.
Epoch: 196, Train loss: 0.1460440029144287, Validation loss: 0.3446994155883789, Validation accuracy: 0.8942
Adjusting learning rate of group 0 to 1.0000e-03.
Epoch: 197, Train loss: 0.1438322393131256, Validation loss: 0.34345929319858554, Validation accuracy: 0.8944
Adjusting learning rate of group 0 to 1.0000e-03.
Epoch: 198, Train loss: 0.14385071996212007, Validation loss: 0.34542966105937956, Validation accuracy: 0.8952
Adjusting learning rate of group 0 to 1.0000e-03.
Epoch: 199, Train loss: 0.14557287294387816, Validation loss: 0.3412152825832367, Validation accuracy: 0.8939
Accuracy: 0.8939
