['ResNet-train.py', '--network', 'resnet', '--classifier', 'linear', '--tensorization', '64', '8', '8', '--ranks', '[[64,1,1,4],[1,8,1,2],[1,1,8,2],[4,2,2,10]]', '--seed', '15', '--device', 'cuda:3']
Initializing dataloader
Files already downloaded and verified
Files already downloaded and verified
Dataloader has initialized
Initializing model
Adjusting learning rate of group 0 to 1.0000e-02.
Model initialized
Testing model
Tests passed
Adjusting learning rate of group 0 to 2.0000e-02.
Epoch: 0, Train loss: 3.270090265350342, Validation loss: 2.303330118942261, Validation accuracy: 0.1004
Adjusting learning rate of group 0 to 3.0000e-02.
Epoch: 1, Train loss: 2.288154321975708, Validation loss: 2.304848267364502, Validation accuracy: 0.1013
Adjusting learning rate of group 0 to 4.0000e-02.
Epoch: 2, Train loss: 2.137242717323303, Validation loss: 1.7935153631210328, Validation accuracy: 0.3286
Adjusting learning rate of group 0 to 5.0000e-02.
Epoch: 3, Train loss: 1.6848447777175903, Validation loss: 1.5439725576400758, Validation accuracy: 0.4289
Adjusting learning rate of group 0 to 6.0000e-02.
Epoch: 4, Train loss: 1.4632850969696045, Validation loss: 1.3245612680435181, Validation accuracy: 0.5169
Adjusting learning rate of group 0 to 7.0000e-02.
Epoch: 5, Train loss: 1.2801663060760498, Validation loss: 1.1542027906417847, Validation accuracy: 0.5843
Adjusting learning rate of group 0 to 8.0000e-02.
Epoch: 6, Train loss: 1.0954997161865234, Validation loss: 1.1029958946228027, Validation accuracy: 0.6265
Adjusting learning rate of group 0 to 9.0000e-02.
Epoch: 7, Train loss: 0.9667175338363647, Validation loss: 0.9807559955596924, Validation accuracy: 0.6665
Adjusting learning rate of group 0 to 1.0000e-01.
Epoch: 8, Train loss: 0.8637483285713196, Validation loss: 0.8442525760650634, Validation accuracy: 0.7142
Adjusting learning rate of group 0 to 1.0000e-01.
Epoch: 9, Train loss: 0.8013419555664063, Validation loss: 0.844912968158722, Validation accuracy: 0.714
Adjusting learning rate of group 0 to 1.0000e-01.
Epoch: 10, Train loss: 0.7316258790206909, Validation loss: 1.0223716285705566, Validation accuracy: 0.6715
Adjusting learning rate of group 0 to 1.0000e-01.
Epoch: 11, Train loss: 0.6921734324264527, Validation loss: 0.7088734917640686, Validation accuracy: 0.769
Adjusting learning rate of group 0 to 1.0000e-01.
Epoch: 12, Train loss: 0.6467160502815247, Validation loss: 0.6653595426559448, Validation accuracy: 0.7778
Adjusting learning rate of group 0 to 1.0000e-01.
Epoch: 13, Train loss: 0.6203186110877991, Validation loss: 0.7064005303382873, Validation accuracy: 0.7647
Adjusting learning rate of group 0 to 1.0000e-01.
Epoch: 14, Train loss: 0.5997815715026855, Validation loss: 0.7924255257606506, Validation accuracy: 0.7446
Adjusting learning rate of group 0 to 1.0000e-01.
Epoch: 15, Train loss: 0.5766391850662231, Validation loss: 0.5940354022979736, Validation accuracy: 0.8
Adjusting learning rate of group 0 to 1.0000e-01.
Epoch: 16, Train loss: 0.5530539692115783, Validation loss: 0.5935979138374329, Validation accuracy: 0.8085
Adjusting learning rate of group 0 to 1.0000e-01.
Epoch: 17, Train loss: 0.5400248787879944, Validation loss: 0.6213078526973724, Validation accuracy: 0.7899
Adjusting learning rate of group 0 to 1.0000e-01.
Epoch: 18, Train loss: 0.5253501114845276, Validation loss: 0.6834156915664673, Validation accuracy: 0.7802
Adjusting learning rate of group 0 to 1.0000e-01.
Epoch: 19, Train loss: 0.5139283655929565, Validation loss: 0.6690765844345092, Validation accuracy: 0.7867
Adjusting learning rate of group 0 to 1.0000e-01.
Epoch: 20, Train loss: 0.5090369663429261, Validation loss: 0.5932056335449218, Validation accuracy: 0.8155
Adjusting learning rate of group 0 to 1.0000e-01.
Epoch: 21, Train loss: 0.49877517915725705, Validation loss: 0.9016644556045532, Validation accuracy: 0.7318
Adjusting learning rate of group 0 to 1.0000e-01.
Epoch: 22, Train loss: 0.49097483894348143, Validation loss: 0.5784820186614991, Validation accuracy: 0.8105
Adjusting learning rate of group 0 to 1.0000e-01.
Epoch: 23, Train loss: 0.4712191478061676, Validation loss: 0.7080975136756897, Validation accuracy: 0.7893
Adjusting learning rate of group 0 to 1.0000e-01.
Epoch: 24, Train loss: 0.472746180639267, Validation loss: 0.5780660897254943, Validation accuracy: 0.8076
Adjusting learning rate of group 0 to 1.0000e-01.
Epoch: 25, Train loss: 0.46212234977722166, Validation loss: 0.6552376171112061, Validation accuracy: 0.796
Adjusting learning rate of group 0 to 1.0000e-01.
Epoch: 26, Train loss: 0.45260052112579346, Validation loss: 0.5609147853851318, Validation accuracy: 0.8153
Adjusting learning rate of group 0 to 1.0000e-01.
Epoch: 27, Train loss: 0.4510958735752106, Validation loss: 0.6921579315185546, Validation accuracy: 0.7873
Adjusting learning rate of group 0 to 1.0000e-01.
Epoch: 28, Train loss: 0.4399002888965607, Validation loss: 0.5437720848798752, Validation accuracy: 0.8289
Adjusting learning rate of group 0 to 1.0000e-01.
Epoch: 29, Train loss: 0.4374940518665314, Validation loss: 0.5910790879249572, Validation accuracy: 0.8152
Adjusting learning rate of group 0 to 1.0000e-01.
Epoch: 30, Train loss: 0.4355280939388275, Validation loss: 0.4968535549640655, Validation accuracy: 0.8355
Adjusting learning rate of group 0 to 1.0000e-01.
Epoch: 31, Train loss: 0.43046322764396666, Validation loss: 0.651412481880188, Validation accuracy: 0.8108
Adjusting learning rate of group 0 to 1.0000e-01.
Epoch: 32, Train loss: 0.42124085723876953, Validation loss: 0.5431752464294434, Validation accuracy: 0.8189
Adjusting learning rate of group 0 to 1.0000e-01.
Epoch: 33, Train loss: 0.41683451093673707, Validation loss: 0.5093417467117309, Validation accuracy: 0.8338
Adjusting learning rate of group 0 to 1.0000e-01.
Epoch: 34, Train loss: 0.4166599977874756, Validation loss: 0.544588925075531, Validation accuracy: 0.8181
Adjusting learning rate of group 0 to 1.0000e-01.
Epoch: 35, Train loss: 0.41018770800590515, Validation loss: 0.49843120555877685, Validation accuracy: 0.8342
Adjusting learning rate of group 0 to 1.0000e-01.
Epoch: 36, Train loss: 0.4131195753097534, Validation loss: 0.6646666121482849, Validation accuracy: 0.803
Adjusting learning rate of group 0 to 1.0000e-01.
Epoch: 37, Train loss: 0.4072073773765564, Validation loss: 0.6458866307258606, Validation accuracy: 0.799
Adjusting learning rate of group 0 to 1.0000e-01.
Epoch: 38, Train loss: 0.3981342808628082, Validation loss: 0.6071722116470337, Validation accuracy: 0.8113
Adjusting learning rate of group 0 to 1.0000e-01.
Epoch: 39, Train loss: 0.3966832762718201, Validation loss: 0.5760644778251648, Validation accuracy: 0.8075
Adjusting learning rate of group 0 to 1.0000e-01.
Epoch: 40, Train loss: 0.39698675234794617, Validation loss: 0.5412775469303132, Validation accuracy: 0.8268
Adjusting learning rate of group 0 to 1.0000e-01.
Epoch: 41, Train loss: 0.39505066093444824, Validation loss: 0.5582449089527131, Validation accuracy: 0.8189
Adjusting learning rate of group 0 to 1.0000e-01.
Epoch: 42, Train loss: 0.3882385814666748, Validation loss: 0.44778296947479246, Validation accuracy: 0.8515
Adjusting learning rate of group 0 to 1.0000e-01.
Epoch: 43, Train loss: 0.38771196256637575, Validation loss: 0.6981367037773132, Validation accuracy: 0.7916
Adjusting learning rate of group 0 to 1.0000e-01.
Epoch: 44, Train loss: 0.38939405366897584, Validation loss: 0.5794833933830261, Validation accuracy: 0.8205
Adjusting learning rate of group 0 to 1.0000e-01.
Epoch: 45, Train loss: 0.3870487570285797, Validation loss: 0.5255449737310409, Validation accuracy: 0.8329
Adjusting learning rate of group 0 to 1.0000e-01.
Epoch: 46, Train loss: 0.3791496844291687, Validation loss: 0.5416796842575073, Validation accuracy: 0.8328
Adjusting learning rate of group 0 to 1.0000e-01.
Epoch: 47, Train loss: 0.37802035676002504, Validation loss: 0.4666565226078033, Validation accuracy: 0.8514
Adjusting learning rate of group 0 to 1.0000e-01.
Epoch: 48, Train loss: 0.380615832529068, Validation loss: 0.4788941646099091, Validation accuracy: 0.8439
Adjusting learning rate of group 0 to 1.0000e-01.
Epoch: 49, Train loss: 0.36251771959304807, Validation loss: 0.5598235534667969, Validation accuracy: 0.8233
Adjusting learning rate of group 0 to 1.0000e-01.
Epoch: 50, Train loss: 0.3781146849155426, Validation loss: 0.5908346058368683, Validation accuracy: 0.8166
Adjusting learning rate of group 0 to 1.0000e-01.
Epoch: 51, Train loss: 0.3719742546081543, Validation loss: 0.454466389799118, Validation accuracy: 0.8557
Adjusting learning rate of group 0 to 1.0000e-01.
Epoch: 52, Train loss: 0.37739177231788634, Validation loss: 0.4949951644897461, Validation accuracy: 0.84
Adjusting learning rate of group 0 to 1.0000e-01.
Epoch: 53, Train loss: 0.37074151471138, Validation loss: 0.558449998664856, Validation accuracy: 0.8214
Adjusting learning rate of group 0 to 1.0000e-01.
Epoch: 54, Train loss: 0.3641588446998596, Validation loss: 0.4904475324630737, Validation accuracy: 0.8465
Adjusting learning rate of group 0 to 1.0000e-01.
Epoch: 55, Train loss: 0.36542177954673766, Validation loss: 0.511675613451004, Validation accuracy: 0.8415
Adjusting learning rate of group 0 to 1.0000e-01.
Epoch: 56, Train loss: 0.3616066283607483, Validation loss: 0.5664438675880432, Validation accuracy: 0.8194
Adjusting learning rate of group 0 to 1.0000e-01.
Epoch: 57, Train loss: 0.36306795209884646, Validation loss: 0.6510968621253967, Validation accuracy: 0.8068
Adjusting learning rate of group 0 to 1.0000e-01.
Epoch: 58, Train loss: 0.36829054437637326, Validation loss: 0.4745283232688904, Validation accuracy: 0.8464
Adjusting learning rate of group 0 to 1.0000e-01.
Epoch: 59, Train loss: 0.3530664441394806, Validation loss: 0.5566325995445252, Validation accuracy: 0.8251
Adjusting learning rate of group 0 to 1.0000e-01.
Epoch: 60, Train loss: 0.36052000010490415, Validation loss: 0.4641306230068207, Validation accuracy: 0.8508
Adjusting learning rate of group 0 to 1.0000e-01.
Epoch: 61, Train loss: 0.3625579965877533, Validation loss: 0.6166400167942047, Validation accuracy: 0.8129
Adjusting learning rate of group 0 to 1.0000e-01.
Epoch: 62, Train loss: 0.3516753753185272, Validation loss: 0.4463214513063431, Validation accuracy: 0.8614
Adjusting learning rate of group 0 to 1.0000e-01.
Epoch: 63, Train loss: 0.36397973779678344, Validation loss: 0.45439312696456907, Validation accuracy: 0.8576
Adjusting learning rate of group 0 to 1.0000e-01.
Epoch: 64, Train loss: 0.35131375853538516, Validation loss: 0.5297782050132751, Validation accuracy: 0.8314
Adjusting learning rate of group 0 to 1.0000e-01.
Epoch: 65, Train loss: 0.3516565115737915, Validation loss: 0.5365209289550781, Validation accuracy: 0.8278
Adjusting learning rate of group 0 to 1.0000e-01.
Epoch: 66, Train loss: 0.35877465091705324, Validation loss: 0.5449169556617737, Validation accuracy: 0.8267
Adjusting learning rate of group 0 to 1.0000e-01.
Epoch: 67, Train loss: 0.34559614642620085, Validation loss: 0.5234100919723511, Validation accuracy: 0.8346
Adjusting learning rate of group 0 to 1.0000e-01.
Epoch: 68, Train loss: 0.34931159972190856, Validation loss: 0.6448093835830688, Validation accuracy: 0.8059
Adjusting learning rate of group 0 to 1.0000e-01.
Epoch: 69, Train loss: 0.354723618850708, Validation loss: 0.5636084527015686, Validation accuracy: 0.8313
Adjusting learning rate of group 0 to 1.0000e-01.
Epoch: 70, Train loss: 0.35252533995628355, Validation loss: 0.7581804102897644, Validation accuracy: 0.7922
Adjusting learning rate of group 0 to 1.0000e-01.
Epoch: 71, Train loss: 0.34660838918685916, Validation loss: 0.4023919895172119, Validation accuracy: 0.8662
Adjusting learning rate of group 0 to 1.0000e-01.
Epoch: 72, Train loss: 0.35041342710494994, Validation loss: 0.5633993726730346, Validation accuracy: 0.8355
Adjusting learning rate of group 0 to 1.0000e-01.
Epoch: 73, Train loss: 0.34899871401786803, Validation loss: 0.7933846014976501, Validation accuracy: 0.7783
Adjusting learning rate of group 0 to 1.0000e-01.
Epoch: 74, Train loss: 0.34574268299102784, Validation loss: 0.49262247896194455, Validation accuracy: 0.8445
Adjusting learning rate of group 0 to 1.0000e-01.
Epoch: 75, Train loss: 0.3454314577293396, Validation loss: 0.4713699538230896, Validation accuracy: 0.852
Adjusting learning rate of group 0 to 1.0000e-01.
Epoch: 76, Train loss: 0.3411745760345459, Validation loss: 0.5343550004482269, Validation accuracy: 0.8335
Adjusting learning rate of group 0 to 1.0000e-01.
Epoch: 77, Train loss: 0.34782295614242553, Validation loss: 0.4427193573951721, Validation accuracy: 0.858
Adjusting learning rate of group 0 to 1.0000e-01.
Epoch: 78, Train loss: 0.3377411146354675, Validation loss: 0.5728044124603271, Validation accuracy: 0.8294
Adjusting learning rate of group 0 to 1.0000e-01.
Epoch: 79, Train loss: 0.33931167099952697, Validation loss: 0.6053210521221161, Validation accuracy: 0.8244
Adjusting learning rate of group 0 to 1.0000e-01.
Epoch: 80, Train loss: 0.3422028767204285, Validation loss: 0.5221442882537842, Validation accuracy: 0.8447
Adjusting learning rate of group 0 to 1.0000e-01.
Epoch: 81, Train loss: 0.3448171782207489, Validation loss: 0.433175835609436, Validation accuracy: 0.8623
Adjusting learning rate of group 0 to 1.0000e-01.
Epoch: 82, Train loss: 0.33829914060592653, Validation loss: 0.49775048503875735, Validation accuracy: 0.8416
Adjusting learning rate of group 0 to 1.0000e-01.
Epoch: 83, Train loss: 0.3366765193080902, Validation loss: 0.5083847344875335, Validation accuracy: 0.8456
Adjusting learning rate of group 0 to 1.0000e-01.
Epoch: 84, Train loss: 0.33137521074295045, Validation loss: 0.5752503638744354, Validation accuracy: 0.8261
Adjusting learning rate of group 0 to 1.0000e-01.
Epoch: 85, Train loss: 0.3411107918357849, Validation loss: 0.46109641313552857, Validation accuracy: 0.8564
Adjusting learning rate of group 0 to 1.0000e-01.
Epoch: 86, Train loss: 0.32667453193664553, Validation loss: 0.5438520656824112, Validation accuracy: 0.8357
Adjusting learning rate of group 0 to 1.0000e-01.
Epoch: 87, Train loss: 0.34150011625289917, Validation loss: 0.5314677364826202, Validation accuracy: 0.833
Adjusting learning rate of group 0 to 1.0000e-01.
Epoch: 88, Train loss: 0.34530655003547667, Validation loss: 0.426115993309021, Validation accuracy: 0.8619
Adjusting learning rate of group 0 to 1.0000e-01.
Epoch: 89, Train loss: 0.33374079515457156, Validation loss: 0.4669190689086914, Validation accuracy: 0.8506
Adjusting learning rate of group 0 to 1.0000e-01.
Epoch: 90, Train loss: 0.3316767280960083, Validation loss: 0.5054807012557984, Validation accuracy: 0.8408
Adjusting learning rate of group 0 to 1.0000e-01.
Epoch: 91, Train loss: 0.3276117278766632, Validation loss: 0.5317061768531799, Validation accuracy: 0.8325
Adjusting learning rate of group 0 to 1.0000e-01.
Epoch: 92, Train loss: 0.3251172563838959, Validation loss: 0.4328780833244324, Validation accuracy: 0.8623
Adjusting learning rate of group 0 to 1.0000e-01.
Epoch: 93, Train loss: 0.32509276725769043, Validation loss: 0.47578478140830993, Validation accuracy: 0.8493
Adjusting learning rate of group 0 to 1.0000e-01.
Epoch: 94, Train loss: 0.3364740611076355, Validation loss: 0.4309352200984955, Validation accuracy: 0.8657
Adjusting learning rate of group 0 to 1.0000e-01.
Epoch: 95, Train loss: 0.3286131650257111, Validation loss: 0.578484795665741, Validation accuracy: 0.8227
Adjusting learning rate of group 0 to 1.0000e-01.
Epoch: 96, Train loss: 0.3272463217639923, Validation loss: 0.5235288022518158, Validation accuracy: 0.8378
Adjusting learning rate of group 0 to 1.0000e-01.
Epoch: 97, Train loss: 0.33181638261795043, Validation loss: 0.589668758392334, Validation accuracy: 0.8408
Adjusting learning rate of group 0 to 1.0000e-01.
Epoch: 98, Train loss: 0.32892318998336795, Validation loss: 0.6378265090942383, Validation accuracy: 0.8152
Adjusting learning rate of group 0 to 1.0000e-01.
Epoch: 99, Train loss: 0.3263955091714859, Validation loss: 0.5017959376335144, Validation accuracy: 0.8424
Adjusting learning rate of group 0 to 1.0000e-02.
Epoch: 100, Train loss: 0.32694717624664305, Validation loss: 0.494233642578125, Validation accuracy: 0.8508
Adjusting learning rate of group 0 to 1.0000e-02.
Epoch: 101, Train loss: 0.20006134973526002, Validation loss: 0.28851722655296325, Validation accuracy: 0.9063
Adjusting learning rate of group 0 to 1.0000e-02.
Epoch: 102, Train loss: 0.157158994140625, Validation loss: 0.28251202034950257, Validation accuracy: 0.9119
Adjusting learning rate of group 0 to 1.0000e-02.
Epoch: 103, Train loss: 0.1416905461215973, Validation loss: 0.27644884145259857, Validation accuracy: 0.9159
Adjusting learning rate of group 0 to 1.0000e-02.
Epoch: 104, Train loss: 0.13184441791534424, Validation loss: 0.2660214035987854, Validation accuracy: 0.9182
Adjusting learning rate of group 0 to 1.0000e-02.
Epoch: 105, Train loss: 0.1247092862701416, Validation loss: 0.2719609132885933, Validation accuracy: 0.9173
Adjusting learning rate of group 0 to 1.0000e-02.
Epoch: 106, Train loss: 0.1163887301492691, Validation loss: 0.27472005910873415, Validation accuracy: 0.9203
Adjusting learning rate of group 0 to 1.0000e-02.
Epoch: 107, Train loss: 0.11199560483455658, Validation loss: 0.2874478125333786, Validation accuracy: 0.9183
Adjusting learning rate of group 0 to 1.0000e-02.
Epoch: 108, Train loss: 0.10623668857574463, Validation loss: 0.2834087529659271, Validation accuracy: 0.9173
Adjusting learning rate of group 0 to 1.0000e-02.
Epoch: 109, Train loss: 0.10283154880285263, Validation loss: 0.2784713779687881, Validation accuracy: 0.9207
Adjusting learning rate of group 0 to 1.0000e-02.
Epoch: 110, Train loss: 0.0944296440410614, Validation loss: 0.284452003622055, Validation accuracy: 0.9205
Adjusting learning rate of group 0 to 1.0000e-02.
Epoch: 111, Train loss: 0.09069477972745896, Validation loss: 0.2855808555603027, Validation accuracy: 0.9224
Adjusting learning rate of group 0 to 1.0000e-02.
Epoch: 112, Train loss: 0.08709971482396126, Validation loss: 0.29307424042224883, Validation accuracy: 0.9229
Adjusting learning rate of group 0 to 1.0000e-02.
Epoch: 113, Train loss: 0.08290519221782684, Validation loss: 0.2871666880607605, Validation accuracy: 0.9209
Adjusting learning rate of group 0 to 1.0000e-02.
Epoch: 114, Train loss: 0.08093506820440292, Validation loss: 0.28542515196800233, Validation accuracy: 0.9225
Adjusting learning rate of group 0 to 1.0000e-02.
Epoch: 115, Train loss: 0.07755436279058456, Validation loss: 0.31458846712112426, Validation accuracy: 0.9197
Adjusting learning rate of group 0 to 1.0000e-02.
Epoch: 116, Train loss: 0.07380225375413894, Validation loss: 0.29386009134054186, Validation accuracy: 0.9205
Adjusting learning rate of group 0 to 1.0000e-02.
Epoch: 117, Train loss: 0.0733809436058998, Validation loss: 0.3033765471220016, Validation accuracy: 0.9215
Adjusting learning rate of group 0 to 1.0000e-02.
Epoch: 118, Train loss: 0.06897323238611221, Validation loss: 0.2992554799079895, Validation accuracy: 0.9236
Adjusting learning rate of group 0 to 1.0000e-02.
Epoch: 119, Train loss: 0.06552123774409294, Validation loss: 0.31546431427001953, Validation accuracy: 0.9217
Adjusting learning rate of group 0 to 1.0000e-02.
Epoch: 120, Train loss: 0.06631371476888656, Validation loss: 0.3285562903642654, Validation accuracy: 0.9185
Adjusting learning rate of group 0 to 1.0000e-02.
Epoch: 121, Train loss: 0.06342321667909623, Validation loss: 0.31894816355705263, Validation accuracy: 0.919
Adjusting learning rate of group 0 to 1.0000e-02.
Epoch: 122, Train loss: 0.058275311782360076, Validation loss: 0.31400805633068085, Validation accuracy: 0.9185
Adjusting learning rate of group 0 to 1.0000e-02.
Epoch: 123, Train loss: 0.05901653042316437, Validation loss: 0.3359409684419632, Validation accuracy: 0.919
Adjusting learning rate of group 0 to 1.0000e-02.
Epoch: 124, Train loss: 0.05742889380097389, Validation loss: 0.3328047651767731, Validation accuracy: 0.9196
Adjusting learning rate of group 0 to 1.0000e-02.
Epoch: 125, Train loss: 0.05595691675782204, Validation loss: 0.3299862546205521, Validation accuracy: 0.9215
Adjusting learning rate of group 0 to 1.0000e-02.
Epoch: 126, Train loss: 0.0546636299097538, Validation loss: 0.33360549713373183, Validation accuracy: 0.9205
Adjusting learning rate of group 0 to 1.0000e-02.
Epoch: 127, Train loss: 0.053549670325517655, Validation loss: 0.3445526258587837, Validation accuracy: 0.919
Adjusting learning rate of group 0 to 1.0000e-02.
Epoch: 128, Train loss: 0.0549141984307766, Validation loss: 0.3307610371828079, Validation accuracy: 0.9206
Adjusting learning rate of group 0 to 1.0000e-02.
Epoch: 129, Train loss: 0.051639603824019435, Validation loss: 0.38236217911243436, Validation accuracy: 0.9159
Adjusting learning rate of group 0 to 1.0000e-02.
Epoch: 130, Train loss: 0.04858428842365742, Validation loss: 0.3414039132356644, Validation accuracy: 0.9185
Adjusting learning rate of group 0 to 1.0000e-02.
Epoch: 131, Train loss: 0.04725891059935093, Validation loss: 0.3579586054801941, Validation accuracy: 0.9177
Adjusting learning rate of group 0 to 1.0000e-02.
Epoch: 132, Train loss: 0.04718326151132583, Validation loss: 0.3520481402873993, Validation accuracy: 0.9215
Adjusting learning rate of group 0 to 1.0000e-02.
Epoch: 133, Train loss: 0.048517646048069, Validation loss: 0.34373605098724364, Validation accuracy: 0.9197
Adjusting learning rate of group 0 to 1.0000e-02.
Epoch: 134, Train loss: 0.0484998341858387, Validation loss: 0.35129666166454554, Validation accuracy: 0.9181
Adjusting learning rate of group 0 to 1.0000e-02.
Epoch: 135, Train loss: 0.04442336073994636, Validation loss: 0.3639356492519379, Validation accuracy: 0.9214
Adjusting learning rate of group 0 to 1.0000e-02.
Epoch: 136, Train loss: 0.046751792384386065, Validation loss: 0.37544807925224305, Validation accuracy: 0.9191
Adjusting learning rate of group 0 to 1.0000e-02.
Epoch: 137, Train loss: 0.04355582338571549, Validation loss: 0.36563206592202185, Validation accuracy: 0.9195
Adjusting learning rate of group 0 to 1.0000e-02.
Epoch: 138, Train loss: 0.04736731498479843, Validation loss: 0.35931530418395996, Validation accuracy: 0.9189
Adjusting learning rate of group 0 to 1.0000e-02.
Epoch: 139, Train loss: 0.045760566411018375, Validation loss: 0.37753052530288694, Validation accuracy: 0.9159
Adjusting learning rate of group 0 to 1.0000e-02.
Epoch: 140, Train loss: 0.04500703587293625, Validation loss: 0.37347636671066287, Validation accuracy: 0.918
Adjusting learning rate of group 0 to 1.0000e-02.
Epoch: 141, Train loss: 0.04068563766002655, Validation loss: 0.3592015995979309, Validation accuracy: 0.9199
Adjusting learning rate of group 0 to 1.0000e-02.
Epoch: 142, Train loss: 0.04071493636369705, Validation loss: 0.3832392784118652, Validation accuracy: 0.9184
Adjusting learning rate of group 0 to 1.0000e-02.
Epoch: 143, Train loss: 0.045240651317834855, Validation loss: 0.37988877358436585, Validation accuracy: 0.9154
Adjusting learning rate of group 0 to 1.0000e-02.
Epoch: 144, Train loss: 0.04116194633901119, Validation loss: 0.3850470886230469, Validation accuracy: 0.9205
Adjusting learning rate of group 0 to 1.0000e-02.
Epoch: 145, Train loss: 0.04287462796330452, Validation loss: 0.393405876159668, Validation accuracy: 0.9165
Adjusting learning rate of group 0 to 1.0000e-02.
Epoch: 146, Train loss: 0.04383324535369873, Validation loss: 0.3550137969970703, Validation accuracy: 0.9202
Adjusting learning rate of group 0 to 1.0000e-02.
Epoch: 147, Train loss: 0.041147092990279195, Validation loss: 0.35092906160354614, Validation accuracy: 0.9238
Adjusting learning rate of group 0 to 1.0000e-02.
Epoch: 148, Train loss: 0.0426801470887661, Validation loss: 0.3872019075393677, Validation accuracy: 0.9141
Adjusting learning rate of group 0 to 1.0000e-02.
Epoch: 149, Train loss: 0.04455497208714485, Validation loss: 0.3722354578018188, Validation accuracy: 0.9209
Adjusting learning rate of group 0 to 1.0000e-03.
Epoch: 150, Train loss: 0.04079154231786728, Validation loss: 0.41069580090045926, Validation accuracy: 0.9144
Adjusting learning rate of group 0 to 1.0000e-03.
Epoch: 151, Train loss: 0.029230913701057435, Validation loss: 0.35143474435806277, Validation accuracy: 0.9238
Adjusting learning rate of group 0 to 1.0000e-03.
Epoch: 152, Train loss: 0.024132815624773502, Validation loss: 0.34488272995948793, Validation accuracy: 0.9249
Adjusting learning rate of group 0 to 1.0000e-03.
Epoch: 153, Train loss: 0.021467218506336212, Validation loss: 0.34903350887298584, Validation accuracy: 0.9262
Adjusting learning rate of group 0 to 1.0000e-03.
Epoch: 154, Train loss: 0.018430164061784743, Validation loss: 0.3516738878250122, Validation accuracy: 0.9265
Adjusting learning rate of group 0 to 1.0000e-03.
Epoch: 155, Train loss: 0.01725352209687233, Validation loss: 0.35009283418655396, Validation accuracy: 0.9268
Adjusting learning rate of group 0 to 1.0000e-03.
Epoch: 156, Train loss: 0.016944917393922804, Validation loss: 0.36000368518829345, Validation accuracy: 0.9272
Adjusting learning rate of group 0 to 1.0000e-03.
Epoch: 157, Train loss: 0.01613247198369354, Validation loss: 0.3596570376396179, Validation accuracy: 0.9275
Adjusting learning rate of group 0 to 1.0000e-03.
Epoch: 158, Train loss: 0.015898395855426788, Validation loss: 0.3618743492126465, Validation accuracy: 0.9275
Adjusting learning rate of group 0 to 1.0000e-03.
Epoch: 159, Train loss: 0.015117500749975444, Validation loss: 0.3661174395561218, Validation accuracy: 0.9263
Adjusting learning rate of group 0 to 1.0000e-03.
Epoch: 160, Train loss: 0.014507513007521629, Validation loss: 0.3674416277885437, Validation accuracy: 0.9271
Adjusting learning rate of group 0 to 1.0000e-03.
Epoch: 161, Train loss: 0.014658452680706978, Validation loss: 0.3646802583694458, Validation accuracy: 0.9291
Adjusting learning rate of group 0 to 1.0000e-03.
Epoch: 162, Train loss: 0.014390200192928315, Validation loss: 0.3684799074649811, Validation accuracy: 0.9276
Adjusting learning rate of group 0 to 1.0000e-03.
Epoch: 163, Train loss: 0.013342842423021794, Validation loss: 0.36959399185180664, Validation accuracy: 0.9275
Adjusting learning rate of group 0 to 1.0000e-03.
Epoch: 164, Train loss: 0.013855010056346656, Validation loss: 0.3715120916366577, Validation accuracy: 0.9283
Adjusting learning rate of group 0 to 1.0000e-03.
Epoch: 165, Train loss: 0.012843365021422505, Validation loss: 0.3672890316963196, Validation accuracy: 0.929
Adjusting learning rate of group 0 to 1.0000e-03.
Epoch: 166, Train loss: 0.012966769040897488, Validation loss: 0.37566605234146117, Validation accuracy: 0.927
Adjusting learning rate of group 0 to 1.0000e-03.
Epoch: 167, Train loss: 0.013092924651801586, Validation loss: 0.37764236297607423, Validation accuracy: 0.928
Adjusting learning rate of group 0 to 1.0000e-03.
Epoch: 168, Train loss: 0.01173946255326271, Validation loss: 0.3794068979263306, Validation accuracy: 0.9274
Adjusting learning rate of group 0 to 1.0000e-03.
Epoch: 169, Train loss: 0.012108492890894412, Validation loss: 0.3795854552268982, Validation accuracy: 0.9281
Adjusting learning rate of group 0 to 1.0000e-03.
Epoch: 170, Train loss: 0.01177914893783629, Validation loss: 0.3775539225578308, Validation accuracy: 0.9283
Adjusting learning rate of group 0 to 1.0000e-03.
Epoch: 171, Train loss: 0.010830719581991433, Validation loss: 0.3821968865394592, Validation accuracy: 0.9287
Adjusting learning rate of group 0 to 1.0000e-03.
Epoch: 172, Train loss: 0.011297002995759248, Validation loss: 0.3803438638687134, Validation accuracy: 0.9289
Adjusting learning rate of group 0 to 1.0000e-03.
Epoch: 173, Train loss: 0.010082951428070664, Validation loss: 0.38347717266082765, Validation accuracy: 0.9285
Adjusting learning rate of group 0 to 1.0000e-03.
Epoch: 174, Train loss: 0.010556608725488185, Validation loss: 0.3873462664604187, Validation accuracy: 0.9277
Adjusting learning rate of group 0 to 1.0000e-03.
Epoch: 175, Train loss: 0.010618110615313052, Validation loss: 0.3839094811439514, Validation accuracy: 0.9279
Adjusting learning rate of group 0 to 1.0000e-03.
Epoch: 176, Train loss: 0.010140615385845304, Validation loss: 0.3924922122001648, Validation accuracy: 0.9278
Adjusting learning rate of group 0 to 1.0000e-03.
Epoch: 177, Train loss: 0.010152510104682296, Validation loss: 0.3943881896018982, Validation accuracy: 0.9287
Adjusting learning rate of group 0 to 1.0000e-03.
Epoch: 178, Train loss: 0.010669258131682872, Validation loss: 0.3904075721740723, Validation accuracy: 0.9293
Adjusting learning rate of group 0 to 1.0000e-03.
Epoch: 179, Train loss: 0.009866518143638968, Validation loss: 0.3900032737731934, Validation accuracy: 0.9277
Adjusting learning rate of group 0 to 1.0000e-03.
Epoch: 180, Train loss: 0.010263962853997945, Validation loss: 0.3960629807472229, Validation accuracy: 0.9276
Adjusting learning rate of group 0 to 1.0000e-03.
Epoch: 181, Train loss: 0.010450903053432704, Validation loss: 0.3930060506820679, Validation accuracy: 0.9286
Adjusting learning rate of group 0 to 1.0000e-03.
Epoch: 182, Train loss: 0.01080689513027668, Validation loss: 0.3950573305130005, Validation accuracy: 0.9282
Adjusting learning rate of group 0 to 1.0000e-03.
Epoch: 183, Train loss: 0.009858567368276417, Validation loss: 0.40043880243301394, Validation accuracy: 0.9275
Adjusting learning rate of group 0 to 1.0000e-03.
Epoch: 184, Train loss: 0.009403437914922834, Validation loss: 0.398426456451416, Validation accuracy: 0.9277
Adjusting learning rate of group 0 to 1.0000e-03.
Epoch: 185, Train loss: 0.009444238913245499, Validation loss: 0.4004027035713196, Validation accuracy: 0.9278
Adjusting learning rate of group 0 to 1.0000e-03.
Epoch: 186, Train loss: 0.009464777667745948, Validation loss: 0.40164402055740356, Validation accuracy: 0.9278
Adjusting learning rate of group 0 to 1.0000e-03.
Epoch: 187, Train loss: 0.008794935487508773, Validation loss: 0.40240883331298827, Validation accuracy: 0.9277
Adjusting learning rate of group 0 to 1.0000e-03.
Epoch: 188, Train loss: 0.008963745970726014, Validation loss: 0.4003923600196838, Validation accuracy: 0.9285
Adjusting learning rate of group 0 to 1.0000e-03.
Epoch: 189, Train loss: 0.008979987820871175, Validation loss: 0.4061585062026978, Validation accuracy: 0.9284
Adjusting learning rate of group 0 to 1.0000e-03.
Epoch: 190, Train loss: 0.00817731268271804, Validation loss: 0.41162225675582886, Validation accuracy: 0.9284
Adjusting learning rate of group 0 to 1.0000e-03.
Epoch: 191, Train loss: 0.008419020940847694, Validation loss: 0.405479993724823, Validation accuracy: 0.928
Adjusting learning rate of group 0 to 1.0000e-03.
Epoch: 192, Train loss: 0.009302505848705768, Validation loss: 0.4109958426475525, Validation accuracy: 0.9284
Adjusting learning rate of group 0 to 1.0000e-03.
Epoch: 193, Train loss: 0.008944748467728495, Validation loss: 0.407849467086792, Validation accuracy: 0.9285
Adjusting learning rate of group 0 to 1.0000e-03.
Epoch: 194, Train loss: 0.0078915872181952, Validation loss: 0.40557350997924807, Validation accuracy: 0.9283
Adjusting learning rate of group 0 to 1.0000e-03.
Epoch: 195, Train loss: 0.00843431074526161, Validation loss: 0.4071230226516724, Validation accuracy: 0.9286
Adjusting learning rate of group 0 to 1.0000e-03.
Epoch: 196, Train loss: 0.0077461476765573025, Validation loss: 0.411010191822052, Validation accuracy: 0.9289
Adjusting learning rate of group 0 to 1.0000e-03.
Epoch: 197, Train loss: 0.008541428450457751, Validation loss: 0.415249932384491, Validation accuracy: 0.9291
Adjusting learning rate of group 0 to 1.0000e-03.
Epoch: 198, Train loss: 0.008249242568090558, Validation loss: 0.41516844758987426, Validation accuracy: 0.9286
Adjusting learning rate of group 0 to 1.0000e-03.
Epoch: 199, Train loss: 0.008760225135162473, Validation loss: 0.4090068379402161, Validation accuracy: 0.9284
Accuracy: 0.9284, Parameters: 40970
