['ResNet-TRL-Tensorized.py', '--core_ranks', '3', '2', '1', '1', '--ring_ranks', '2', '3', '3', '1', '--seed', '2', '--device', 'cuda:3']
Initializing dataloader
Files already downloaded and verified
Files already downloaded and verified
Dataloader has initialized
Initializing model
Adjusting learning rate of group 0 to 1.0000e-02.
Model initialized
Testing model
Tests passed
Adjusting learning rate of group 0 to 2.0000e-02.
Epoch: 0, Train loss: 2.2280915323638917, Validation loss: 1.9383980209350586, Validation accuracy: 0.315
Adjusting learning rate of group 0 to 3.0000e-02.
Epoch: 1, Train loss: 1.6110523463058473, Validation loss: 1.4877669258117676, Validation accuracy: 0.4389
Adjusting learning rate of group 0 to 4.0000e-02.
Epoch: 2, Train loss: 1.4079614770889282, Validation loss: 1.3121587329864501, Validation accuracy: 0.529
Adjusting learning rate of group 0 to 5.0000e-02.
Epoch: 3, Train loss: 1.217509228515625, Validation loss: 1.1058920331954956, Validation accuracy: 0.6024
Adjusting learning rate of group 0 to 6.0000e-02.
Epoch: 4, Train loss: 1.0409429165649413, Validation loss: 1.0823514516830444, Validation accuracy: 0.6304
Adjusting learning rate of group 0 to 7.0000e-02.
Epoch: 5, Train loss: 0.913264365272522, Validation loss: 0.9859022291183471, Validation accuracy: 0.6689
Adjusting learning rate of group 0 to 8.0000e-02.
Epoch: 6, Train loss: 0.8239710372924804, Validation loss: 0.8293369220733643, Validation accuracy: 0.7042
Adjusting learning rate of group 0 to 9.0000e-02.
Epoch: 7, Train loss: 0.761116384601593, Validation loss: 0.8215187337875366, Validation accuracy: 0.7423
Adjusting learning rate of group 0 to 1.0000e-01.
Epoch: 8, Train loss: 0.7157139484786987, Validation loss: 0.8831106099128723, Validation accuracy: 0.7335
Adjusting learning rate of group 0 to 1.0000e-01.
Epoch: 9, Train loss: 0.6931189764785767, Validation loss: 0.922730623626709, Validation accuracy: 0.7152
Adjusting learning rate of group 0 to 1.0000e-01.
Epoch: 10, Train loss: 0.622547064666748, Validation loss: 0.7318436320304871, Validation accuracy: 0.7785
Adjusting learning rate of group 0 to 1.0000e-01.
Epoch: 11, Train loss: 0.6065782048416137, Validation loss: 0.7176970141410828, Validation accuracy: 0.7662
Adjusting learning rate of group 0 to 1.0000e-01.
Epoch: 12, Train loss: 0.5789722929763794, Validation loss: 0.6447759452819825, Validation accuracy: 0.7887
Adjusting learning rate of group 0 to 1.0000e-01.
Epoch: 13, Train loss: 0.5534245234012604, Validation loss: 0.7714802114486694, Validation accuracy: 0.7635
Adjusting learning rate of group 0 to 1.0000e-01.
Epoch: 14, Train loss: 0.5365437362575531, Validation loss: 0.7046461740493775, Validation accuracy: 0.7989
Adjusting learning rate of group 0 to 1.0000e-01.
Epoch: 15, Train loss: 0.519650076713562, Validation loss: 0.7356618772506713, Validation accuracy: 0.7731
Adjusting learning rate of group 0 to 1.0000e-01.
Epoch: 16, Train loss: 0.5007188187599182, Validation loss: 0.6455468576431275, Validation accuracy: 0.7979
Adjusting learning rate of group 0 to 1.0000e-01.
Epoch: 17, Train loss: 0.48642124183654784, Validation loss: 0.6241012258529663, Validation accuracy: 0.8003
Adjusting learning rate of group 0 to 1.0000e-01.
Epoch: 18, Train loss: 0.47373214599609376, Validation loss: 0.8369570346832276, Validation accuracy: 0.7318
Adjusting learning rate of group 0 to 1.0000e-01.
Epoch: 19, Train loss: 0.46702923642158506, Validation loss: 0.6982131121635436, Validation accuracy: 0.7854
Adjusting learning rate of group 0 to 1.0000e-01.
Epoch: 20, Train loss: 0.45444799914360046, Validation loss: 0.604195781803131, Validation accuracy: 0.8075
Adjusting learning rate of group 0 to 1.0000e-01.
Epoch: 21, Train loss: 0.4505632467651367, Validation loss: 0.8081922540664673, Validation accuracy: 0.769
Adjusting learning rate of group 0 to 1.0000e-01.
Epoch: 22, Train loss: 0.4382839044189453, Validation loss: 0.6101246049404144, Validation accuracy: 0.8008
Adjusting learning rate of group 0 to 1.0000e-01.
Epoch: 23, Train loss: 0.4358964380455017, Validation loss: 0.631364940071106, Validation accuracy: 0.8175
Adjusting learning rate of group 0 to 1.0000e-01.
Epoch: 24, Train loss: 0.42090401777267455, Validation loss: 0.5980589091300964, Validation accuracy: 0.8067
Adjusting learning rate of group 0 to 1.0000e-01.
Epoch: 25, Train loss: 0.43399351152420046, Validation loss: 0.5427014871120452, Validation accuracy: 0.817
Adjusting learning rate of group 0 to 1.0000e-01.
Epoch: 26, Train loss: 0.41496526979446413, Validation loss: 0.49225906200408936, Validation accuracy: 0.8375
Adjusting learning rate of group 0 to 1.0000e-01.
Epoch: 27, Train loss: 0.4150633708190918, Validation loss: 0.6032156977653503, Validation accuracy: 0.8251
Adjusting learning rate of group 0 to 1.0000e-01.
Epoch: 28, Train loss: 0.4038354464912415, Validation loss: 0.8277883393764496, Validation accuracy: 0.7997
Adjusting learning rate of group 0 to 1.0000e-01.
Epoch: 29, Train loss: 0.41233848546028135, Validation loss: 0.49807230410575865, Validation accuracy: 0.8337
Adjusting learning rate of group 0 to 1.0000e-01.
Epoch: 30, Train loss: 0.3970588159942627, Validation loss: 0.6174267621994018, Validation accuracy: 0.8289
Adjusting learning rate of group 0 to 1.0000e-01.
Epoch: 31, Train loss: 0.3953941418647766, Validation loss: 0.5321701623916626, Validation accuracy: 0.8351
Adjusting learning rate of group 0 to 1.0000e-01.
Epoch: 32, Train loss: 0.3925169120121002, Validation loss: 0.5122083463668823, Validation accuracy: 0.8281
Adjusting learning rate of group 0 to 1.0000e-01.
Epoch: 33, Train loss: 0.38778408140182496, Validation loss: 0.5112489404678344, Validation accuracy: 0.8346
Adjusting learning rate of group 0 to 1.0000e-01.
Epoch: 34, Train loss: 0.38607500182151794, Validation loss: 0.5399211700439454, Validation accuracy: 0.8401
Adjusting learning rate of group 0 to 1.0000e-01.
Epoch: 35, Train loss: 0.3798411972999573, Validation loss: 0.45462831420898436, Validation accuracy: 0.8483
Adjusting learning rate of group 0 to 1.0000e-01.
Epoch: 36, Train loss: 0.38564772921562196, Validation loss: 0.7102683416366578, Validation accuracy: 0.8358
Adjusting learning rate of group 0 to 1.0000e-01.
Epoch: 37, Train loss: 0.377422419090271, Validation loss: 0.6094464800834656, Validation accuracy: 0.8197
Adjusting learning rate of group 0 to 1.0000e-01.
Epoch: 38, Train loss: 0.37209935943603517, Validation loss: 0.4540934916496277, Validation accuracy: 0.8562
Adjusting learning rate of group 0 to 1.0000e-01.
Epoch: 39, Train loss: 0.37590115228652954, Validation loss: 0.5786558821678162, Validation accuracy: 0.8389
Adjusting learning rate of group 0 to 1.0000e-01.
Epoch: 40, Train loss: 0.3770364114952087, Validation loss: 0.5221561198234558, Validation accuracy: 0.8409
Adjusting learning rate of group 0 to 1.0000e-01.
Epoch: 41, Train loss: 0.372277572927475, Validation loss: 0.6992159521102905, Validation accuracy: 0.8189
Adjusting learning rate of group 0 to 1.0000e-01.
Epoch: 42, Train loss: 0.37685148181915284, Validation loss: 0.47618020753860474, Validation accuracy: 0.849
Adjusting learning rate of group 0 to 1.0000e-01.
Epoch: 43, Train loss: 0.35662103242874144, Validation loss: 0.5648755033493043, Validation accuracy: 0.8344
Adjusting learning rate of group 0 to 1.0000e-01.
Epoch: 44, Train loss: 0.35608274461746214, Validation loss: 0.5385132897377014, Validation accuracy: 0.8467
Adjusting learning rate of group 0 to 1.0000e-01.
Epoch: 45, Train loss: 0.36355414960861204, Validation loss: 0.6133538065910339, Validation accuracy: 0.8062
Adjusting learning rate of group 0 to 1.0000e-01.
Epoch: 46, Train loss: 0.35461085718154906, Validation loss: 0.5008072619438171, Validation accuracy: 0.8389
Adjusting learning rate of group 0 to 1.0000e-01.
Epoch: 47, Train loss: 0.3522248071336746, Validation loss: 0.5033898357391358, Validation accuracy: 0.8481
Adjusting learning rate of group 0 to 1.0000e-01.
Epoch: 48, Train loss: 0.360139295835495, Validation loss: 0.5231428512573242, Validation accuracy: 0.8438
Adjusting learning rate of group 0 to 1.0000e-01.
Epoch: 49, Train loss: 0.3482690047454834, Validation loss: 0.4827816440105438, Validation accuracy: 0.8499
Adjusting learning rate of group 0 to 1.0000e-01.
Epoch: 50, Train loss: 0.3532866978025436, Validation loss: 0.5136907373428344, Validation accuracy: 0.8367
Adjusting learning rate of group 0 to 1.0000e-01.
Epoch: 51, Train loss: 0.3442046428489685, Validation loss: 0.5598153674125671, Validation accuracy: 0.8502
Adjusting learning rate of group 0 to 1.0000e-01.
Epoch: 52, Train loss: 0.3513977377033234, Validation loss: 0.5218694634437561, Validation accuracy: 0.838
Adjusting learning rate of group 0 to 1.0000e-01.
Epoch: 53, Train loss: 0.35871742069244383, Validation loss: 0.5575067911148072, Validation accuracy: 0.8326
Adjusting learning rate of group 0 to 1.0000e-01.
Epoch: 54, Train loss: 0.341507700176239, Validation loss: 0.5853364862442016, Validation accuracy: 0.8407
Adjusting learning rate of group 0 to 1.0000e-01.
Epoch: 55, Train loss: 0.34453451913833616, Validation loss: 0.5025595093727112, Validation accuracy: 0.8299
Adjusting learning rate of group 0 to 1.0000e-01.
Epoch: 56, Train loss: 0.3379260885286331, Validation loss: 0.6247360705375672, Validation accuracy: 0.8227
Adjusting learning rate of group 0 to 1.0000e-01.
Epoch: 57, Train loss: 0.3456693892192841, Validation loss: 0.5414363137245178, Validation accuracy: 0.8377
Adjusting learning rate of group 0 to 1.0000e-01.
Epoch: 58, Train loss: 0.33852173223495485, Validation loss: 0.41152382593154907, Validation accuracy: 0.8682
Adjusting learning rate of group 0 to 1.0000e-01.
Epoch: 59, Train loss: 0.3328979314994812, Validation loss: 0.551221515750885, Validation accuracy: 0.828
Adjusting learning rate of group 0 to 1.0000e-01.
Epoch: 60, Train loss: 0.33341229477882384, Validation loss: 0.5870483388900757, Validation accuracy: 0.8391
Adjusting learning rate of group 0 to 1.0000e-01.
Epoch: 61, Train loss: 0.3455073661327362, Validation loss: 0.46655102558135986, Validation accuracy: 0.8491
Adjusting learning rate of group 0 to 1.0000e-01.
Epoch: 62, Train loss: 0.3322141407299042, Validation loss: 0.4404754595756531, Validation accuracy: 0.854
Adjusting learning rate of group 0 to 1.0000e-01.
Epoch: 63, Train loss: 0.3364255142021179, Validation loss: 0.4905053831577301, Validation accuracy: 0.8488
Adjusting learning rate of group 0 to 1.0000e-01.
Epoch: 64, Train loss: 0.34142128931999205, Validation loss: 0.5669555139541625, Validation accuracy: 0.8424
Adjusting learning rate of group 0 to 1.0000e-01.
Epoch: 65, Train loss: 0.335187893037796, Validation loss: 0.5991553457260131, Validation accuracy: 0.8441
Adjusting learning rate of group 0 to 1.0000e-01.
Epoch: 66, Train loss: 0.3286821808052063, Validation loss: 0.4321067785739899, Validation accuracy: 0.8633
Adjusting learning rate of group 0 to 1.0000e-01.
Epoch: 67, Train loss: 0.3264000284099579, Validation loss: 0.5627359022140503, Validation accuracy: 0.8455
Adjusting learning rate of group 0 to 1.0000e-01.
Epoch: 68, Train loss: 0.3273493683052063, Validation loss: 0.4833318130493164, Validation accuracy: 0.8549
Adjusting learning rate of group 0 to 1.0000e-01.
Epoch: 69, Train loss: 0.3326963665962219, Validation loss: 0.4952549747467041, Validation accuracy: 0.8575
Adjusting learning rate of group 0 to 1.0000e-01.
Epoch: 70, Train loss: 0.3310522119045258, Validation loss: 0.8709937003135682, Validation accuracy: 0.7792
Adjusting learning rate of group 0 to 1.0000e-01.
Epoch: 71, Train loss: 0.32980046506881716, Validation loss: 0.5698197926044464, Validation accuracy: 0.8509
Adjusting learning rate of group 0 to 1.0000e-01.
Epoch: 72, Train loss: 0.33302557415485384, Validation loss: 0.582778690624237, Validation accuracy: 0.8425
Adjusting learning rate of group 0 to 1.0000e-01.
Epoch: 73, Train loss: 0.3224748857307434, Validation loss: 0.4674091527938843, Validation accuracy: 0.8544
Adjusting learning rate of group 0 to 1.0000e-01.
Epoch: 74, Train loss: 0.3228825496006012, Validation loss: 0.5593461020469666, Validation accuracy: 0.8416
Adjusting learning rate of group 0 to 1.0000e-01.
Epoch: 75, Train loss: 0.32884259798049925, Validation loss: 0.5399589308261872, Validation accuracy: 0.8449
Adjusting learning rate of group 0 to 1.0000e-01.
Epoch: 76, Train loss: 0.332550236787796, Validation loss: 0.5037411597251892, Validation accuracy: 0.8471
Adjusting learning rate of group 0 to 1.0000e-01.
Epoch: 77, Train loss: 0.34004134664535524, Validation loss: 0.6029514044761658, Validation accuracy: 0.8298
Adjusting learning rate of group 0 to 1.0000e-01.
Epoch: 78, Train loss: 0.31836155004501343, Validation loss: 0.6375637196540832, Validation accuracy: 0.804
Adjusting learning rate of group 0 to 1.0000e-01.
Epoch: 79, Train loss: 0.31812271757125854, Validation loss: 0.5524352729797364, Validation accuracy: 0.8373
Adjusting learning rate of group 0 to 1.0000e-01.
Epoch: 80, Train loss: 0.32270259736061097, Validation loss: 0.6225694543838501, Validation accuracy: 0.8254
Adjusting learning rate of group 0 to 1.0000e-01.
Epoch: 81, Train loss: 0.31529702651977537, Validation loss: 0.5602305834770203, Validation accuracy: 0.8324
Adjusting learning rate of group 0 to 1.0000e-01.
Epoch: 82, Train loss: 0.3278016711616516, Validation loss: 0.617240563583374, Validation accuracy: 0.831
Adjusting learning rate of group 0 to 1.0000e-01.
Epoch: 83, Train loss: 0.3224979523563385, Validation loss: 0.48882523407936096, Validation accuracy: 0.8485
Adjusting learning rate of group 0 to 1.0000e-01.
Epoch: 84, Train loss: 0.3195341972064972, Validation loss: 0.5089715700149536, Validation accuracy: 0.8398
Adjusting learning rate of group 0 to 1.0000e-01.
Epoch: 85, Train loss: 0.3148348620605469, Validation loss: 0.5750614551067352, Validation accuracy: 0.8354
Adjusting learning rate of group 0 to 1.0000e-01.
Epoch: 86, Train loss: 0.3292795531272888, Validation loss: 0.5093733684539795, Validation accuracy: 0.8411
Adjusting learning rate of group 0 to 1.0000e-01.
Epoch: 87, Train loss: 0.3272913967323303, Validation loss: 0.5013545042037963, Validation accuracy: 0.8393
Adjusting learning rate of group 0 to 1.0000e-01.
Epoch: 88, Train loss: 0.3161821488571167, Validation loss: 0.47701753787994383, Validation accuracy: 0.8597
Adjusting learning rate of group 0 to 1.0000e-01.
Epoch: 89, Train loss: 0.31221356682777407, Validation loss: 0.7759786167144775, Validation accuracy: 0.7963
Adjusting learning rate of group 0 to 1.0000e-01.
Epoch: 90, Train loss: 0.32119144595623017, Validation loss: 0.459992946434021, Validation accuracy: 0.8472
Adjusting learning rate of group 0 to 1.0000e-01.
Epoch: 91, Train loss: 0.32021031598091126, Validation loss: 0.5117005483627319, Validation accuracy: 0.8319
Adjusting learning rate of group 0 to 1.0000e-01.
Epoch: 92, Train loss: 0.3179134061098099, Validation loss: 0.5087360770225525, Validation accuracy: 0.8447
Adjusting learning rate of group 0 to 1.0000e-01.
Epoch: 93, Train loss: 0.319311702375412, Validation loss: 0.47709560194015505, Validation accuracy: 0.8505
Adjusting learning rate of group 0 to 1.0000e-01.
Epoch: 94, Train loss: 0.317536456823349, Validation loss: 0.47458801765441894, Validation accuracy: 0.8454
Adjusting learning rate of group 0 to 1.0000e-01.
Epoch: 95, Train loss: 0.3244923200035095, Validation loss: 0.6023964672088623, Validation accuracy: 0.8434
Adjusting learning rate of group 0 to 1.0000e-01.
Epoch: 96, Train loss: 0.3173216021537781, Validation loss: 0.403602929019928, Validation accuracy: 0.8679
Adjusting learning rate of group 0 to 1.0000e-01.
Epoch: 97, Train loss: 0.31383333876609804, Validation loss: 0.5766457091331482, Validation accuracy: 0.8334
Adjusting learning rate of group 0 to 1.0000e-01.
Epoch: 98, Train loss: 0.31123586113929746, Validation loss: 0.5176505201816559, Validation accuracy: 0.8457
Adjusting learning rate of group 0 to 1.0000e-01.
Epoch: 99, Train loss: 0.31559599212646483, Validation loss: 0.5895474307060242, Validation accuracy: 0.8266
Adjusting learning rate of group 0 to 1.0000e-02.
Epoch: 100, Train loss: 0.31111424501419066, Validation loss: 0.5133836849212646, Validation accuracy: 0.8358
Adjusting learning rate of group 0 to 1.0000e-02.
Epoch: 101, Train loss: 0.17856309138298035, Validation loss: 0.29711409254074095, Validation accuracy: 0.9168
Adjusting learning rate of group 0 to 1.0000e-02.
Epoch: 102, Train loss: 0.1361227132987976, Validation loss: 0.3008602092266083, Validation accuracy: 0.9172
Adjusting learning rate of group 0 to 1.0000e-02.
Epoch: 103, Train loss: 0.11913372185468674, Validation loss: 0.29446932544708254, Validation accuracy: 0.9176
Adjusting learning rate of group 0 to 1.0000e-02.
Epoch: 104, Train loss: 0.11176797706484795, Validation loss: 0.3050157290935516, Validation accuracy: 0.9202
Adjusting learning rate of group 0 to 1.0000e-02.
Epoch: 105, Train loss: 0.10407410993337632, Validation loss: 0.2984373259544373, Validation accuracy: 0.9226
Adjusting learning rate of group 0 to 1.0000e-02.
Epoch: 106, Train loss: 0.0971693012714386, Validation loss: 0.32402129182815553, Validation accuracy: 0.9215
Adjusting learning rate of group 0 to 1.0000e-02.
Epoch: 107, Train loss: 0.09116463584184646, Validation loss: 0.3202137493610382, Validation accuracy: 0.9197
Adjusting learning rate of group 0 to 1.0000e-02.
Epoch: 108, Train loss: 0.08547179921150208, Validation loss: 0.31423859210014343, Validation accuracy: 0.9204
Adjusting learning rate of group 0 to 1.0000e-02.
Epoch: 109, Train loss: 0.08255133200645447, Validation loss: 0.33875999903678894, Validation accuracy: 0.9222
Adjusting learning rate of group 0 to 1.0000e-02.
Epoch: 110, Train loss: 0.07871940526008606, Validation loss: 0.3295043944835663, Validation accuracy: 0.9204
Adjusting learning rate of group 0 to 1.0000e-02.
Epoch: 111, Train loss: 0.07496733355402946, Validation loss: 0.3434153703212738, Validation accuracy: 0.9207
Adjusting learning rate of group 0 to 1.0000e-02.
Epoch: 112, Train loss: 0.07079304619312286, Validation loss: 0.3417928315162659, Validation accuracy: 0.9209
Adjusting learning rate of group 0 to 1.0000e-02.
Epoch: 113, Train loss: 0.06875299362182617, Validation loss: 0.33367807970047, Validation accuracy: 0.9232
Adjusting learning rate of group 0 to 1.0000e-02.
Epoch: 114, Train loss: 0.06376129801154137, Validation loss: 0.3708388758659363, Validation accuracy: 0.9201
Adjusting learning rate of group 0 to 1.0000e-02.
Epoch: 115, Train loss: 0.0634534130167961, Validation loss: 0.3644019720077515, Validation accuracy: 0.9202
Adjusting learning rate of group 0 to 1.0000e-02.
Epoch: 116, Train loss: 0.06136792369961738, Validation loss: 0.36023406171798705, Validation accuracy: 0.9211
Adjusting learning rate of group 0 to 1.0000e-02.
Epoch: 117, Train loss: 0.05813061112284661, Validation loss: 0.3870767369270325, Validation accuracy: 0.9215
Adjusting learning rate of group 0 to 1.0000e-02.
Epoch: 118, Train loss: 0.05491396419048309, Validation loss: 0.3990411651134491, Validation accuracy: 0.9205
Adjusting learning rate of group 0 to 1.0000e-02.
Epoch: 119, Train loss: 0.05436813766360283, Validation loss: 0.40072969913482664, Validation accuracy: 0.9137
Adjusting learning rate of group 0 to 1.0000e-02.
Epoch: 120, Train loss: 0.05507978932648897, Validation loss: 0.3834697283267975, Validation accuracy: 0.9227
Adjusting learning rate of group 0 to 1.0000e-02.
Epoch: 121, Train loss: 0.0515188473713398, Validation loss: 0.39798358330726624, Validation accuracy: 0.9249
Adjusting learning rate of group 0 to 1.0000e-02.
Epoch: 122, Train loss: 0.04975721583485603, Validation loss: 0.4006148319244385, Validation accuracy: 0.9193
Adjusting learning rate of group 0 to 1.0000e-02.
Epoch: 123, Train loss: 0.049676465261280535, Validation loss: 0.41430882263183594, Validation accuracy: 0.922
Adjusting learning rate of group 0 to 1.0000e-02.
Epoch: 124, Train loss: 0.04990014409780502, Validation loss: 0.4120087447166443, Validation accuracy: 0.9213
Adjusting learning rate of group 0 to 1.0000e-02.
Epoch: 125, Train loss: 0.044940293046832086, Validation loss: 0.42548949308395384, Validation accuracy: 0.9205
Adjusting learning rate of group 0 to 1.0000e-02.
Epoch: 126, Train loss: 0.047728411293029786, Validation loss: 0.41371405000686645, Validation accuracy: 0.9215
Adjusting learning rate of group 0 to 1.0000e-02.
Epoch: 127, Train loss: 0.04558996559679508, Validation loss: 0.41947404861450194, Validation accuracy: 0.9202
Adjusting learning rate of group 0 to 1.0000e-02.
Epoch: 128, Train loss: 0.04643683510899544, Validation loss: 0.4437056935310364, Validation accuracy: 0.9152
Adjusting learning rate of group 0 to 1.0000e-02.
Epoch: 129, Train loss: 0.04571202677488327, Validation loss: 0.4290140937805176, Validation accuracy: 0.9211
Adjusting learning rate of group 0 to 1.0000e-02.
Epoch: 130, Train loss: 0.04544523152768612, Validation loss: 0.4204860873222351, Validation accuracy: 0.9181
Adjusting learning rate of group 0 to 1.0000e-02.
Epoch: 131, Train loss: 0.04414803324252367, Validation loss: 0.4440264511108398, Validation accuracy: 0.918
Adjusting learning rate of group 0 to 1.0000e-02.
Epoch: 132, Train loss: 0.04299530761122704, Validation loss: 0.4339706196784973, Validation accuracy: 0.9171
Adjusting learning rate of group 0 to 1.0000e-02.
Epoch: 133, Train loss: 0.04211640330612659, Validation loss: 0.44518679485321044, Validation accuracy: 0.9152
Adjusting learning rate of group 0 to 1.0000e-02.
Epoch: 134, Train loss: 0.043579461472630504, Validation loss: 0.43835825119018557, Validation accuracy: 0.9178
Adjusting learning rate of group 0 to 1.0000e-02.
Epoch: 135, Train loss: 0.042053981382250784, Validation loss: 0.4179191973686218, Validation accuracy: 0.9199
Adjusting learning rate of group 0 to 1.0000e-02.
Epoch: 136, Train loss: 0.041794534278512, Validation loss: 0.4380466432571411, Validation accuracy: 0.9182
Adjusting learning rate of group 0 to 1.0000e-02.
Epoch: 137, Train loss: 0.04156786355912685, Validation loss: 0.42585310382843017, Validation accuracy: 0.922
Adjusting learning rate of group 0 to 1.0000e-02.
Epoch: 138, Train loss: 0.041466122822761534, Validation loss: 0.46040053930282593, Validation accuracy: 0.9176
Adjusting learning rate of group 0 to 1.0000e-02.
Epoch: 139, Train loss: 0.03998437002182007, Validation loss: 0.443486554145813, Validation accuracy: 0.9211
Adjusting learning rate of group 0 to 1.0000e-02.
Epoch: 140, Train loss: 0.04343638792037964, Validation loss: 0.4154219142913818, Validation accuracy: 0.915
Adjusting learning rate of group 0 to 1.0000e-02.
Epoch: 141, Train loss: 0.0412878295186162, Validation loss: 0.43156689529418946, Validation accuracy: 0.9169
Adjusting learning rate of group 0 to 1.0000e-02.
Epoch: 142, Train loss: 0.0399030823123455, Validation loss: 0.46922165918350217, Validation accuracy: 0.9186
Adjusting learning rate of group 0 to 1.0000e-02.
Epoch: 143, Train loss: 0.04198051020681858, Validation loss: 0.45689775981903075, Validation accuracy: 0.9176
Adjusting learning rate of group 0 to 1.0000e-02.
Epoch: 144, Train loss: 0.041287862439751626, Validation loss: 0.4376809564590454, Validation accuracy: 0.9183
Adjusting learning rate of group 0 to 1.0000e-02.
Epoch: 145, Train loss: 0.04187357268333435, Validation loss: 0.43685600275993347, Validation accuracy: 0.917
Adjusting learning rate of group 0 to 1.0000e-02.
Epoch: 146, Train loss: 0.04096975859820843, Validation loss: 0.4812263966560364, Validation accuracy: 0.9149
Adjusting learning rate of group 0 to 1.0000e-02.
Epoch: 147, Train loss: 0.040230343351364134, Validation loss: 0.45890429282188416, Validation accuracy: 0.9149
Adjusting learning rate of group 0 to 1.0000e-02.
Epoch: 148, Train loss: 0.03999945064008236, Validation loss: 0.4800976315498352, Validation accuracy: 0.9144
Adjusting learning rate of group 0 to 1.0000e-02.
Epoch: 149, Train loss: 0.04259412535727024, Validation loss: 0.47509506902694704, Validation accuracy: 0.914
Adjusting learning rate of group 0 to 1.0000e-03.
Epoch: 150, Train loss: 0.037393149690926074, Validation loss: 0.4352391845703125, Validation accuracy: 0.9183
Adjusting learning rate of group 0 to 1.0000e-03.
Epoch: 151, Train loss: 0.026217619088441134, Validation loss: 0.41799133529663085, Validation accuracy: 0.925
Adjusting learning rate of group 0 to 1.0000e-03.
Epoch: 152, Train loss: 0.018859840532690287, Validation loss: 0.42932159938812253, Validation accuracy: 0.9267
Adjusting learning rate of group 0 to 1.0000e-03.
Epoch: 153, Train loss: 0.01572061786554754, Validation loss: 0.44529536356925964, Validation accuracy: 0.9262
Adjusting learning rate of group 0 to 1.0000e-03.
Epoch: 154, Train loss: 0.01499093622352928, Validation loss: 0.45580954780578614, Validation accuracy: 0.9273
Adjusting learning rate of group 0 to 1.0000e-03.
Epoch: 155, Train loss: 0.01389660802178085, Validation loss: 0.46802456974983214, Validation accuracy: 0.9287
Adjusting learning rate of group 0 to 1.0000e-03.
Epoch: 156, Train loss: 0.013517933398932218, Validation loss: 0.47652710876464843, Validation accuracy: 0.9283
Adjusting learning rate of group 0 to 1.0000e-03.
Epoch: 157, Train loss: 0.012691024023741483, Validation loss: 0.4794755661487579, Validation accuracy: 0.9288
Adjusting learning rate of group 0 to 1.0000e-03.
Epoch: 158, Train loss: 0.011238403231464326, Validation loss: 0.4930813283920288, Validation accuracy: 0.9286
Adjusting learning rate of group 0 to 1.0000e-03.
Epoch: 159, Train loss: 0.011730580239333212, Validation loss: 0.5012894987106323, Validation accuracy: 0.9279
Adjusting learning rate of group 0 to 1.0000e-03.
Epoch: 160, Train loss: 0.010861437225565315, Validation loss: 0.5010665595054626, Validation accuracy: 0.9286
Adjusting learning rate of group 0 to 1.0000e-03.
Epoch: 161, Train loss: 0.010128414097093046, Validation loss: 0.5187398966789245, Validation accuracy: 0.9269
Adjusting learning rate of group 0 to 1.0000e-03.
Epoch: 162, Train loss: 0.009414733065851033, Validation loss: 0.5149999582767486, Validation accuracy: 0.9292
Adjusting learning rate of group 0 to 1.0000e-03.
Epoch: 163, Train loss: 0.008360023756735026, Validation loss: 0.5271436325073242, Validation accuracy: 0.9276
Adjusting learning rate of group 0 to 1.0000e-03.
Epoch: 164, Train loss: 0.008556387421898544, Validation loss: 0.5382879643440247, Validation accuracy: 0.9272
Adjusting learning rate of group 0 to 1.0000e-03.
Epoch: 165, Train loss: 0.009208389320210553, Validation loss: 0.5398306135177612, Validation accuracy: 0.9271
Adjusting learning rate of group 0 to 1.0000e-03.
Epoch: 166, Train loss: 0.00852037602018565, Validation loss: 0.5310452445983886, Validation accuracy: 0.9286
Adjusting learning rate of group 0 to 1.0000e-03.
Epoch: 167, Train loss: 0.0072292900075018405, Validation loss: 0.5445654524803162, Validation accuracy: 0.9289
Adjusting learning rate of group 0 to 1.0000e-03.
Epoch: 168, Train loss: 0.007777054388988763, Validation loss: 0.5478014711380005, Validation accuracy: 0.9286
Adjusting learning rate of group 0 to 1.0000e-03.
Epoch: 169, Train loss: 0.008595120619423687, Validation loss: 0.5485405903816223, Validation accuracy: 0.9287
Adjusting learning rate of group 0 to 1.0000e-03.
Epoch: 170, Train loss: 0.00856884342258796, Validation loss: 0.5509874292373658, Validation accuracy: 0.9284
Adjusting learning rate of group 0 to 1.0000e-03.
Epoch: 171, Train loss: 0.007746543346513063, Validation loss: 0.5536822539329529, Validation accuracy: 0.9298
Adjusting learning rate of group 0 to 1.0000e-03.
Epoch: 172, Train loss: 0.00807800374140963, Validation loss: 0.568054541683197, Validation accuracy: 0.9277
Adjusting learning rate of group 0 to 1.0000e-03.
Epoch: 173, Train loss: 0.006228805853473023, Validation loss: 0.56011521692276, Validation accuracy: 0.9295
Adjusting learning rate of group 0 to 1.0000e-03.
Epoch: 174, Train loss: 0.007490229183677584, Validation loss: 0.5694227740287781, Validation accuracy: 0.9273
Adjusting learning rate of group 0 to 1.0000e-03.
Epoch: 175, Train loss: 0.0057408946001715954, Validation loss: 0.5721316283226013, Validation accuracy: 0.9296
Adjusting learning rate of group 0 to 1.0000e-03.
Epoch: 176, Train loss: 0.006795645327791572, Validation loss: 0.5731018858909607, Validation accuracy: 0.9288
Adjusting learning rate of group 0 to 1.0000e-03.
Epoch: 177, Train loss: 0.005642789539843798, Validation loss: 0.5882522278785706, Validation accuracy: 0.9287
Adjusting learning rate of group 0 to 1.0000e-03.
Epoch: 178, Train loss: 0.006904097684193402, Validation loss: 0.5876749093055725, Validation accuracy: 0.9288
Adjusting learning rate of group 0 to 1.0000e-03.
Epoch: 179, Train loss: 0.006168213199824094, Validation loss: 0.5949249156951905, Validation accuracy: 0.9278
Adjusting learning rate of group 0 to 1.0000e-03.
Epoch: 180, Train loss: 0.006079667029520497, Validation loss: 0.5905313789367675, Validation accuracy: 0.9283
Adjusting learning rate of group 0 to 1.0000e-03.
Epoch: 181, Train loss: 0.006276241361293942, Validation loss: 0.6056919571876526, Validation accuracy: 0.9288
Adjusting learning rate of group 0 to 1.0000e-03.
Epoch: 182, Train loss: 0.0057351424968708304, Validation loss: 0.60808719997406, Validation accuracy: 0.9281
Adjusting learning rate of group 0 to 1.0000e-03.
Epoch: 183, Train loss: 0.006462974910903722, Validation loss: 0.6018826854705811, Validation accuracy: 0.9292
Adjusting learning rate of group 0 to 1.0000e-03.
Epoch: 184, Train loss: 0.005569484727187082, Validation loss: 0.6067498456001281, Validation accuracy: 0.9291
Adjusting learning rate of group 0 to 1.0000e-03.
Epoch: 185, Train loss: 0.005026386092836037, Validation loss: 0.6087830866813659, Validation accuracy: 0.9274
Adjusting learning rate of group 0 to 1.0000e-03.
Epoch: 186, Train loss: 0.005501164726596326, Validation loss: 0.604647635269165, Validation accuracy: 0.9279
Adjusting learning rate of group 0 to 1.0000e-03.
Epoch: 187, Train loss: 0.0055182264196267355, Validation loss: 0.6086470901966095, Validation accuracy: 0.9277
Adjusting learning rate of group 0 to 1.0000e-03.
Epoch: 188, Train loss: 0.005215785035076551, Validation loss: 0.6114271690368652, Validation accuracy: 0.9283
Adjusting learning rate of group 0 to 1.0000e-03.
Epoch: 189, Train loss: 0.005171560014262795, Validation loss: 0.6145154137134552, Validation accuracy: 0.9276
Adjusting learning rate of group 0 to 1.0000e-03.
Epoch: 190, Train loss: 0.0056726909952098505, Validation loss: 0.6131368344306946, Validation accuracy: 0.9292
Adjusting learning rate of group 0 to 1.0000e-03.
Epoch: 191, Train loss: 0.0053275032147020104, Validation loss: 0.6051380890846253, Validation accuracy: 0.9274
Adjusting learning rate of group 0 to 1.0000e-03.
Epoch: 192, Train loss: 0.005190958106131293, Validation loss: 0.615678860282898, Validation accuracy: 0.9292
Adjusting learning rate of group 0 to 1.0000e-03.
Epoch: 193, Train loss: 0.006636201615855097, Validation loss: 0.6158619893074035, Validation accuracy: 0.9292
Adjusting learning rate of group 0 to 1.0000e-03.
Epoch: 194, Train loss: 0.005061096559292637, Validation loss: 0.6175983613014221, Validation accuracy: 0.93
Adjusting learning rate of group 0 to 1.0000e-03.
Epoch: 195, Train loss: 0.004494863399351016, Validation loss: 0.6177812643527985, Validation accuracy: 0.9284
Adjusting learning rate of group 0 to 1.0000e-03.
Epoch: 196, Train loss: 0.0047776462659658864, Validation loss: 0.6202222732543945, Validation accuracy: 0.9284
Adjusting learning rate of group 0 to 1.0000e-03.
Epoch: 197, Train loss: 0.0044260876660607755, Validation loss: 0.6311140836715698, Validation accuracy: 0.9287
Adjusting learning rate of group 0 to 1.0000e-03.
Epoch: 198, Train loss: 0.003928204610063694, Validation loss: 0.6187918041229248, Validation accuracy: 0.9289
Adjusting learning rate of group 0 to 1.0000e-03.
Epoch: 199, Train loss: 0.0049576481763459745, Validation loss: 0.6270808323860169, Validation accuracy: 0.9291
Accuracy: 0.9291, Parameters: 310
