['ResNet-TRL-Ringed.py', '--core_ranks', '4', '3', '2', '--ring_ranks', '6', '6', '5', '--seed', '12', '--device', 'cuda:3']
Initializing dataloader
Files already downloaded and verified
Files already downloaded and verified
Dataloader has initialized
Initializing model
Adjusting learning rate of group 0 to 1.0000e-02.
Model initialized
Testing model
Tests passed
Adjusting learning rate of group 0 to 2.0000e-02.
Epoch: 0, Train loss: 1.8734891876983644, Validation loss: 1.5349479698181152, Validation accuracy: 0.4351
Adjusting learning rate of group 0 to 3.0000e-02.
Epoch: 1, Train loss: 1.5347207526397706, Validation loss: 1.3209813251495361, Validation accuracy: 0.5224
Adjusting learning rate of group 0 to 4.0000e-02.
Epoch: 2, Train loss: 1.2778872989654542, Validation loss: 1.1064292253494263, Validation accuracy: 0.6017
Adjusting learning rate of group 0 to 5.0000e-02.
Epoch: 3, Train loss: 1.077249761314392, Validation loss: 1.0312223592758178, Validation accuracy: 0.6483
Adjusting learning rate of group 0 to 6.0000e-02.
Epoch: 4, Train loss: 0.9418833581733703, Validation loss: 1.1408054141998292, Validation accuracy: 0.6272
Adjusting learning rate of group 0 to 7.0000e-02.
Epoch: 5, Train loss: 0.8297206123542785, Validation loss: 0.9250626839637757, Validation accuracy: 0.6892
Adjusting learning rate of group 0 to 8.0000e-02.
Epoch: 6, Train loss: 0.7549956899642944, Validation loss: 0.7305945751190186, Validation accuracy: 0.7494
Adjusting learning rate of group 0 to 9.0000e-02.
Epoch: 7, Train loss: 0.7181319606208801, Validation loss: 0.7890476040840149, Validation accuracy: 0.741
Adjusting learning rate of group 0 to 1.0000e-01.
Epoch: 8, Train loss: 0.6641568235397339, Validation loss: 0.7796670557975769, Validation accuracy: 0.7498
Adjusting learning rate of group 0 to 1.0000e-01.
Epoch: 9, Train loss: 0.6423470417022705, Validation loss: 0.9710973112106324, Validation accuracy: 0.6926
Adjusting learning rate of group 0 to 1.0000e-01.
Epoch: 10, Train loss: 0.5998182800483703, Validation loss: 0.6459118403434754, Validation accuracy: 0.789
Adjusting learning rate of group 0 to 1.0000e-01.
Epoch: 11, Train loss: 0.5807563076877594, Validation loss: 0.8004160070419312, Validation accuracy: 0.7637
Adjusting learning rate of group 0 to 1.0000e-01.
Epoch: 12, Train loss: 0.540210688533783, Validation loss: 0.6978916765213012, Validation accuracy: 0.7831
Adjusting learning rate of group 0 to 1.0000e-01.
Epoch: 13, Train loss: 0.5183828306007385, Validation loss: 0.6335891862392425, Validation accuracy: 0.7957
Adjusting learning rate of group 0 to 1.0000e-01.
Epoch: 14, Train loss: 0.5108152653503418, Validation loss: 0.6526630418777466, Validation accuracy: 0.8031
Adjusting learning rate of group 0 to 1.0000e-01.
Epoch: 15, Train loss: 0.48919197444915774, Validation loss: 0.692612101650238, Validation accuracy: 0.7871
Adjusting learning rate of group 0 to 1.0000e-01.
Epoch: 16, Train loss: 0.47932275390625, Validation loss: 0.7441269710540771, Validation accuracy: 0.7752
Adjusting learning rate of group 0 to 1.0000e-01.
Epoch: 17, Train loss: 0.47018103347778323, Validation loss: 0.6111883147239685, Validation accuracy: 0.8191
Adjusting learning rate of group 0 to 1.0000e-01.
Epoch: 18, Train loss: 0.4543449090766907, Validation loss: 0.6096761971473694, Validation accuracy: 0.8194
Adjusting learning rate of group 0 to 1.0000e-01.
Epoch: 19, Train loss: 0.4533767070388794, Validation loss: 0.6705793452262878, Validation accuracy: 0.7875
Adjusting learning rate of group 0 to 1.0000e-01.
Epoch: 20, Train loss: 0.44301606348991396, Validation loss: 0.4898726647377014, Validation accuracy: 0.8372
Adjusting learning rate of group 0 to 1.0000e-01.
Epoch: 21, Train loss: 0.4267702332019806, Validation loss: 0.669787509059906, Validation accuracy: 0.8037
Adjusting learning rate of group 0 to 1.0000e-01.
Epoch: 22, Train loss: 0.4276455595588684, Validation loss: 0.5527600480079651, Validation accuracy: 0.8217
Adjusting learning rate of group 0 to 1.0000e-01.
Epoch: 23, Train loss: 0.41753957231521605, Validation loss: 1.1944808027267455, Validation accuracy: 0.6895
Adjusting learning rate of group 0 to 1.0000e-01.
Epoch: 24, Train loss: 0.41566200672149656, Validation loss: 0.6952572516441345, Validation accuracy: 0.783
Adjusting learning rate of group 0 to 1.0000e-01.
Epoch: 25, Train loss: 0.3986445837879181, Validation loss: 0.5236070996284485, Validation accuracy: 0.8298
Adjusting learning rate of group 0 to 1.0000e-01.
Epoch: 26, Train loss: 0.39698231798171996, Validation loss: 0.5012157736778259, Validation accuracy: 0.8446
Adjusting learning rate of group 0 to 1.0000e-01.
Epoch: 27, Train loss: 0.3938997658824921, Validation loss: 0.7125817380905152, Validation accuracy: 0.7834
Adjusting learning rate of group 0 to 1.0000e-01.
Epoch: 28, Train loss: 0.39420520177841184, Validation loss: 0.6397002985477448, Validation accuracy: 0.7939
Adjusting learning rate of group 0 to 1.0000e-01.
Epoch: 29, Train loss: 0.3878127728652954, Validation loss: 0.6630239225387573, Validation accuracy: 0.8236
Adjusting learning rate of group 0 to 1.0000e-01.
Epoch: 30, Train loss: 0.3878021620750427, Validation loss: 0.4835007697105408, Validation accuracy: 0.8397
Adjusting learning rate of group 0 to 1.0000e-01.
Epoch: 31, Train loss: 0.3766896503162384, Validation loss: 0.6100344971656799, Validation accuracy: 0.8043
Adjusting learning rate of group 0 to 1.0000e-01.
Epoch: 32, Train loss: 0.3846539639854431, Validation loss: 0.4773462562561035, Validation accuracy: 0.8458
Adjusting learning rate of group 0 to 1.0000e-01.
Epoch: 33, Train loss: 0.37309406192779543, Validation loss: 0.4686397979736328, Validation accuracy: 0.8464
Adjusting learning rate of group 0 to 1.0000e-01.
Epoch: 34, Train loss: 0.3700393901348114, Validation loss: 0.5138051459312439, Validation accuracy: 0.8443
Adjusting learning rate of group 0 to 1.0000e-01.
Epoch: 35, Train loss: 0.3680784177207947, Validation loss: 0.7146853094100952, Validation accuracy: 0.811
Adjusting learning rate of group 0 to 1.0000e-01.
Epoch: 36, Train loss: 0.36357570905685427, Validation loss: 0.7204269767284394, Validation accuracy: 0.7997
Adjusting learning rate of group 0 to 1.0000e-01.
Epoch: 37, Train loss: 0.3681113921356201, Validation loss: 0.5070754031658172, Validation accuracy: 0.8357
Adjusting learning rate of group 0 to 1.0000e-01.
Epoch: 38, Train loss: 0.35972162066459656, Validation loss: 0.6810959587097168, Validation accuracy: 0.8192
Adjusting learning rate of group 0 to 1.0000e-01.
Epoch: 39, Train loss: 0.36061727400779725, Validation loss: 0.5505734376907349, Validation accuracy: 0.8367
Adjusting learning rate of group 0 to 1.0000e-01.
Epoch: 40, Train loss: 0.3549345599651337, Validation loss: 0.524719986629486, Validation accuracy: 0.8375
Adjusting learning rate of group 0 to 1.0000e-01.
Epoch: 41, Train loss: 0.35969998705863954, Validation loss: 0.6169900587081909, Validation accuracy: 0.828
Adjusting learning rate of group 0 to 1.0000e-01.
Epoch: 42, Train loss: 0.35227147525787356, Validation loss: 0.5288995944976806, Validation accuracy: 0.834
Adjusting learning rate of group 0 to 1.0000e-01.
Epoch: 43, Train loss: 0.35226254806518553, Validation loss: 0.6272690180301667, Validation accuracy: 0.8272
Adjusting learning rate of group 0 to 1.0000e-01.
Epoch: 44, Train loss: 0.34443264587402345, Validation loss: 0.5990579336643219, Validation accuracy: 0.8345
Adjusting learning rate of group 0 to 1.0000e-01.
Epoch: 45, Train loss: 0.33981600470542905, Validation loss: 0.43441588287353516, Validation accuracy: 0.861
Adjusting learning rate of group 0 to 1.0000e-01.
Epoch: 46, Train loss: 0.3380625170707703, Validation loss: 0.5316791716575623, Validation accuracy: 0.8436
Adjusting learning rate of group 0 to 1.0000e-01.
Epoch: 47, Train loss: 0.3418722288608551, Validation loss: 0.5795420602798462, Validation accuracy: 0.8288
Adjusting learning rate of group 0 to 1.0000e-01.
Epoch: 48, Train loss: 0.3442888537979126, Validation loss: 0.59877395362854, Validation accuracy: 0.8388
Adjusting learning rate of group 0 to 1.0000e-01.
Epoch: 49, Train loss: 0.3418556825065613, Validation loss: 0.5801817392349243, Validation accuracy: 0.8104
Adjusting learning rate of group 0 to 1.0000e-01.
Epoch: 50, Train loss: 0.33679953628063203, Validation loss: 0.514570750617981, Validation accuracy: 0.8536
Adjusting learning rate of group 0 to 1.0000e-01.
Epoch: 51, Train loss: 0.3370980867481232, Validation loss: 0.4336493100643158, Validation accuracy: 0.858
Adjusting learning rate of group 0 to 1.0000e-01.
Epoch: 52, Train loss: 0.3402014654827118, Validation loss: 0.5541240423202515, Validation accuracy: 0.8267
Adjusting learning rate of group 0 to 1.0000e-01.
Epoch: 53, Train loss: 0.3352090607070923, Validation loss: 0.5920702513217926, Validation accuracy: 0.8238
Adjusting learning rate of group 0 to 1.0000e-01.
Epoch: 54, Train loss: 0.3306563158512115, Validation loss: 0.4268039380788803, Validation accuracy: 0.8663
Adjusting learning rate of group 0 to 1.0000e-01.
Epoch: 55, Train loss: 0.332573891916275, Validation loss: 0.4760534043312073, Validation accuracy: 0.8365
Adjusting learning rate of group 0 to 1.0000e-01.
Epoch: 56, Train loss: 0.33732878724098203, Validation loss: 0.5079770230293273, Validation accuracy: 0.8378
Adjusting learning rate of group 0 to 1.0000e-01.
Epoch: 57, Train loss: 0.336435642414093, Validation loss: 0.7819638304710388, Validation accuracy: 0.7829
Adjusting learning rate of group 0 to 1.0000e-01.
Epoch: 58, Train loss: 0.32907827180862426, Validation loss: 0.5231330123901368, Validation accuracy: 0.8256
Adjusting learning rate of group 0 to 1.0000e-01.
Epoch: 59, Train loss: 0.3308810706424713, Validation loss: 0.4421117497444153, Validation accuracy: 0.8571
Adjusting learning rate of group 0 to 1.0000e-01.
Epoch: 60, Train loss: 0.31915035475730896, Validation loss: 0.4453239736557007, Validation accuracy: 0.8625
Adjusting learning rate of group 0 to 1.0000e-01.
Epoch: 61, Train loss: 0.33605952421188356, Validation loss: 0.7269204738616943, Validation accuracy: 0.8038
Adjusting learning rate of group 0 to 1.0000e-01.
Epoch: 62, Train loss: 0.326513386220932, Validation loss: 0.4883193573951721, Validation accuracy: 0.8457
Adjusting learning rate of group 0 to 1.0000e-01.
Epoch: 63, Train loss: 0.32000027294158934, Validation loss: 0.4938747544288635, Validation accuracy: 0.8556
Adjusting learning rate of group 0 to 1.0000e-01.
Epoch: 64, Train loss: 0.3232864631891251, Validation loss: 0.45113311605453493, Validation accuracy: 0.866
Adjusting learning rate of group 0 to 1.0000e-01.
Epoch: 65, Train loss: 0.32388202664852145, Validation loss: 0.4870008210897446, Validation accuracy: 0.8501
Adjusting learning rate of group 0 to 1.0000e-01.
Epoch: 66, Train loss: 0.3196182215690613, Validation loss: 0.6165943544387817, Validation accuracy: 0.8137
Adjusting learning rate of group 0 to 1.0000e-01.
Epoch: 67, Train loss: 0.32451476793289186, Validation loss: 0.469178618144989, Validation accuracy: 0.8504
Adjusting learning rate of group 0 to 1.0000e-01.
Epoch: 68, Train loss: 0.3167733303451538, Validation loss: 0.4859869088172913, Validation accuracy: 0.8464
Adjusting learning rate of group 0 to 1.0000e-01.
Epoch: 69, Train loss: 0.3245731249713898, Validation loss: 0.5876130242347717, Validation accuracy: 0.8164
Adjusting learning rate of group 0 to 1.0000e-01.
Epoch: 70, Train loss: 0.318089212808609, Validation loss: 0.44426207065582274, Validation accuracy: 0.8537
Adjusting learning rate of group 0 to 1.0000e-01.
Epoch: 71, Train loss: 0.3219458025074005, Validation loss: 0.46297326612472534, Validation accuracy: 0.8581
Adjusting learning rate of group 0 to 1.0000e-01.
Epoch: 72, Train loss: 0.31240605549812317, Validation loss: 0.7020764214992523, Validation accuracy: 0.7917
Adjusting learning rate of group 0 to 1.0000e-01.
Epoch: 73, Train loss: 0.3212756047725677, Validation loss: 0.4820777105331421, Validation accuracy: 0.8534
Adjusting learning rate of group 0 to 1.0000e-01.
Epoch: 74, Train loss: 0.3193972758102417, Validation loss: 0.6228649207592011, Validation accuracy: 0.8152
Adjusting learning rate of group 0 to 1.0000e-01.
Epoch: 75, Train loss: 0.312610213470459, Validation loss: 0.41255082712173463, Validation accuracy: 0.8661
Adjusting learning rate of group 0 to 1.0000e-01.
Epoch: 76, Train loss: 0.3101252983570099, Validation loss: 0.5572334734916687, Validation accuracy: 0.8399
Adjusting learning rate of group 0 to 1.0000e-01.
Epoch: 77, Train loss: 0.31202754961967466, Validation loss: 0.6711863199710846, Validation accuracy: 0.8153
Adjusting learning rate of group 0 to 1.0000e-01.
Epoch: 78, Train loss: 0.3172545217323303, Validation loss: 0.7238205234527588, Validation accuracy: 0.8131
Adjusting learning rate of group 0 to 1.0000e-01.
Epoch: 79, Train loss: 0.30681280890464785, Validation loss: 0.4792963031291962, Validation accuracy: 0.8463
Adjusting learning rate of group 0 to 1.0000e-01.
Epoch: 80, Train loss: 0.3087926682758331, Validation loss: 0.6435841289043427, Validation accuracy: 0.8216
Adjusting learning rate of group 0 to 1.0000e-01.
Epoch: 81, Train loss: 0.3129789679527283, Validation loss: 0.5263086144447326, Validation accuracy: 0.844
Adjusting learning rate of group 0 to 1.0000e-01.
Epoch: 82, Train loss: 0.3139863883495331, Validation loss: 0.4724393980026245, Validation accuracy: 0.8482
Adjusting learning rate of group 0 to 1.0000e-01.
Epoch: 83, Train loss: 0.3108790391731262, Validation loss: 0.47673252820968626, Validation accuracy: 0.8597
Adjusting learning rate of group 0 to 1.0000e-01.
Epoch: 84, Train loss: 0.3073643270397186, Validation loss: 0.43891005811691286, Validation accuracy: 0.8574
Adjusting learning rate of group 0 to 1.0000e-01.
Epoch: 85, Train loss: 0.30491475337982177, Validation loss: 0.5169081577301026, Validation accuracy: 0.8566
Adjusting learning rate of group 0 to 1.0000e-01.
Epoch: 86, Train loss: 0.3082176633358002, Validation loss: 0.49727273178100584, Validation accuracy: 0.8464
Adjusting learning rate of group 0 to 1.0000e-01.
Epoch: 87, Train loss: 0.31199672245025634, Validation loss: 0.44386742072105406, Validation accuracy: 0.8615
Adjusting learning rate of group 0 to 1.0000e-01.
Epoch: 88, Train loss: 0.3063138389253616, Validation loss: 0.5098062441349029, Validation accuracy: 0.8294
Adjusting learning rate of group 0 to 1.0000e-01.
Epoch: 89, Train loss: 0.3087958517742157, Validation loss: 0.5213244192123413, Validation accuracy: 0.8456
Adjusting learning rate of group 0 to 1.0000e-01.
Epoch: 90, Train loss: 0.30962490858078, Validation loss: 0.4108690619468689, Validation accuracy: 0.8678
Adjusting learning rate of group 0 to 1.0000e-01.
Epoch: 91, Train loss: 0.31008397121429443, Validation loss: 0.46871120986938475, Validation accuracy: 0.8502
Adjusting learning rate of group 0 to 1.0000e-01.
Epoch: 92, Train loss: 0.30950610460281375, Validation loss: 0.5659278476238251, Validation accuracy: 0.8139
Adjusting learning rate of group 0 to 1.0000e-01.
Epoch: 93, Train loss: 0.30711336371421816, Validation loss: 0.5657296277046203, Validation accuracy: 0.8335
Adjusting learning rate of group 0 to 1.0000e-01.
Epoch: 94, Train loss: 0.3084519085216522, Validation loss: 0.5451464601516723, Validation accuracy: 0.8408
Adjusting learning rate of group 0 to 1.0000e-01.
Epoch: 95, Train loss: 0.3044019172000885, Validation loss: 0.5003192282676697, Validation accuracy: 0.8463
Adjusting learning rate of group 0 to 1.0000e-01.
Epoch: 96, Train loss: 0.30146689478874206, Validation loss: 0.44317408537864683, Validation accuracy: 0.8652
Adjusting learning rate of group 0 to 1.0000e-01.
Epoch: 97, Train loss: 0.303901178855896, Validation loss: 0.45295349454879763, Validation accuracy: 0.8515
Adjusting learning rate of group 0 to 1.0000e-01.
Epoch: 98, Train loss: 0.2993103036689758, Validation loss: 0.46293226132392884, Validation accuracy: 0.86
Adjusting learning rate of group 0 to 1.0000e-01.
Epoch: 99, Train loss: 0.30325448747634887, Validation loss: 0.6540050903081894, Validation accuracy: 0.8215
Adjusting learning rate of group 0 to 1.0000e-02.
Epoch: 100, Train loss: 0.305111415014267, Validation loss: 0.5151588109016418, Validation accuracy: 0.8468
Adjusting learning rate of group 0 to 1.0000e-02.
Epoch: 101, Train loss: 0.16888299174785615, Validation loss: 0.28987033414840696, Validation accuracy: 0.9131
Adjusting learning rate of group 0 to 1.0000e-02.
Epoch: 102, Train loss: 0.12995976864337921, Validation loss: 0.27252371468544007, Validation accuracy: 0.9182
Adjusting learning rate of group 0 to 1.0000e-02.
Epoch: 103, Train loss: 0.11854709290266037, Validation loss: 0.2764542019367218, Validation accuracy: 0.9185
Adjusting learning rate of group 0 to 1.0000e-02.
Epoch: 104, Train loss: 0.10462197843551636, Validation loss: 0.27789537529945374, Validation accuracy: 0.9228
Adjusting learning rate of group 0 to 1.0000e-02.
Epoch: 105, Train loss: 0.09927911452293396, Validation loss: 0.2839626004695892, Validation accuracy: 0.9204
Adjusting learning rate of group 0 to 1.0000e-02.
Epoch: 106, Train loss: 0.09013599487423897, Validation loss: 0.2856111712932587, Validation accuracy: 0.9207
Adjusting learning rate of group 0 to 1.0000e-02.
Epoch: 107, Train loss: 0.08619866177201271, Validation loss: 0.2983766047954559, Validation accuracy: 0.9207
Adjusting learning rate of group 0 to 1.0000e-02.
Epoch: 108, Train loss: 0.08031469134390354, Validation loss: 0.29652454414367674, Validation accuracy: 0.9212
Adjusting learning rate of group 0 to 1.0000e-02.
Epoch: 109, Train loss: 0.07751425357341767, Validation loss: 0.302336169052124, Validation accuracy: 0.9227
Adjusting learning rate of group 0 to 1.0000e-02.
Epoch: 110, Train loss: 0.07290460938334466, Validation loss: 0.3007400463104248, Validation accuracy: 0.9203
Adjusting learning rate of group 0 to 1.0000e-02.
Epoch: 111, Train loss: 0.06878933673024178, Validation loss: 0.3217092854499817, Validation accuracy: 0.9212
Adjusting learning rate of group 0 to 1.0000e-02.
Epoch: 112, Train loss: 0.06585561125516891, Validation loss: 0.3315718426942825, Validation accuracy: 0.9201
Adjusting learning rate of group 0 to 1.0000e-02.
Epoch: 113, Train loss: 0.06443744050770998, Validation loss: 0.3310381127357483, Validation accuracy: 0.922
Adjusting learning rate of group 0 to 1.0000e-02.
Epoch: 114, Train loss: 0.06221632869005203, Validation loss: 0.3365631943225861, Validation accuracy: 0.9205
Adjusting learning rate of group 0 to 1.0000e-02.
Epoch: 115, Train loss: 0.05737793281584978, Validation loss: 0.34272276258468626, Validation accuracy: 0.9202
Adjusting learning rate of group 0 to 1.0000e-02.
Epoch: 116, Train loss: 0.05645735701322555, Validation loss: 0.3422167726516724, Validation accuracy: 0.9232
Adjusting learning rate of group 0 to 1.0000e-02.
Epoch: 117, Train loss: 0.05223622851729393, Validation loss: 0.35786253328323364, Validation accuracy: 0.9196
Adjusting learning rate of group 0 to 1.0000e-02.
Epoch: 118, Train loss: 0.054581798085570336, Validation loss: 0.3578807447433472, Validation accuracy: 0.922
Adjusting learning rate of group 0 to 1.0000e-02.
Epoch: 119, Train loss: 0.05421721513271332, Validation loss: 0.34248142614364624, Validation accuracy: 0.922
Adjusting learning rate of group 0 to 1.0000e-02.
Epoch: 120, Train loss: 0.04826538953363895, Validation loss: 0.3505835027694702, Validation accuracy: 0.924
Adjusting learning rate of group 0 to 1.0000e-02.
Epoch: 121, Train loss: 0.049072024267911914, Validation loss: 0.37725409622192385, Validation accuracy: 0.9212
Adjusting learning rate of group 0 to 1.0000e-02.
Epoch: 122, Train loss: 0.04876420904397964, Validation loss: 0.3800876247406006, Validation accuracy: 0.9173
Adjusting learning rate of group 0 to 1.0000e-02.
Epoch: 123, Train loss: 0.044459618145227434, Validation loss: 0.3850150810241699, Validation accuracy: 0.9213
Adjusting learning rate of group 0 to 1.0000e-02.
Epoch: 124, Train loss: 0.04469643141269684, Validation loss: 0.3622126931190491, Validation accuracy: 0.921
Adjusting learning rate of group 0 to 1.0000e-02.
Epoch: 125, Train loss: 0.04363812515437603, Validation loss: 0.38880104246139524, Validation accuracy: 0.9219
Adjusting learning rate of group 0 to 1.0000e-02.
Epoch: 126, Train loss: 0.04651445545434952, Validation loss: 0.36856705360412595, Validation accuracy: 0.9224
Adjusting learning rate of group 0 to 1.0000e-02.
Epoch: 127, Train loss: 0.041880336802005765, Validation loss: 0.40245943021774294, Validation accuracy: 0.9171
Adjusting learning rate of group 0 to 1.0000e-02.
Epoch: 128, Train loss: 0.04223054080486298, Validation loss: 0.40389699301719667, Validation accuracy: 0.9183
Adjusting learning rate of group 0 to 1.0000e-02.
Epoch: 129, Train loss: 0.04132325533390045, Validation loss: 0.3983052291870117, Validation accuracy: 0.9192
Adjusting learning rate of group 0 to 1.0000e-02.
Epoch: 130, Train loss: 0.04020701327741146, Validation loss: 0.39680399332046506, Validation accuracy: 0.9223
Adjusting learning rate of group 0 to 1.0000e-02.
Epoch: 131, Train loss: 0.04111797420591116, Validation loss: 0.38269756231307983, Validation accuracy: 0.9244
Adjusting learning rate of group 0 to 1.0000e-02.
Epoch: 132, Train loss: 0.03717310561299324, Validation loss: 0.3989722278594971, Validation accuracy: 0.9218
Adjusting learning rate of group 0 to 1.0000e-02.
Epoch: 133, Train loss: 0.04039217285215855, Validation loss: 0.3784741277217865, Validation accuracy: 0.9225
Adjusting learning rate of group 0 to 1.0000e-02.
Epoch: 134, Train loss: 0.03775352824628353, Validation loss: 0.42264255409240725, Validation accuracy: 0.9171
Adjusting learning rate of group 0 to 1.0000e-02.
Epoch: 135, Train loss: 0.038920343442112204, Validation loss: 0.40723070526123045, Validation accuracy: 0.9224
Adjusting learning rate of group 0 to 1.0000e-02.
Epoch: 136, Train loss: 0.03977215354919433, Validation loss: 0.4068127445220947, Validation accuracy: 0.9206
Adjusting learning rate of group 0 to 1.0000e-02.
Epoch: 137, Train loss: 0.037437297456860544, Validation loss: 0.39026881723403933, Validation accuracy: 0.9227
Adjusting learning rate of group 0 to 1.0000e-02.
Epoch: 138, Train loss: 0.039545519570708274, Validation loss: 0.4371246959209442, Validation accuracy: 0.9154
Adjusting learning rate of group 0 to 1.0000e-02.
Epoch: 139, Train loss: 0.03891024674803019, Validation loss: 0.4165132833480835, Validation accuracy: 0.921
Adjusting learning rate of group 0 to 1.0000e-02.
Epoch: 140, Train loss: 0.037083539710640906, Validation loss: 0.43428508319854736, Validation accuracy: 0.9157
Adjusting learning rate of group 0 to 1.0000e-02.
Epoch: 141, Train loss: 0.03733517451703548, Validation loss: 0.40663414268493653, Validation accuracy: 0.9196
Adjusting learning rate of group 0 to 1.0000e-02.
Epoch: 142, Train loss: 0.038004057411551474, Validation loss: 0.39590547556877137, Validation accuracy: 0.9191
Adjusting learning rate of group 0 to 1.0000e-02.
Epoch: 143, Train loss: 0.038901654230952265, Validation loss: 0.3932330362200737, Validation accuracy: 0.9193
Adjusting learning rate of group 0 to 1.0000e-02.
Epoch: 144, Train loss: 0.034813134270906446, Validation loss: 0.4403947914123535, Validation accuracy: 0.917
Adjusting learning rate of group 0 to 1.0000e-02.
Epoch: 145, Train loss: 0.037611328412294386, Validation loss: 0.46332677545547485, Validation accuracy: 0.9121
Adjusting learning rate of group 0 to 1.0000e-02.
Epoch: 146, Train loss: 0.03885886666655541, Validation loss: 0.431426270532608, Validation accuracy: 0.9158
Adjusting learning rate of group 0 to 1.0000e-02.
Epoch: 147, Train loss: 0.038701877066493036, Validation loss: 0.3960058218002319, Validation accuracy: 0.9186
Adjusting learning rate of group 0 to 1.0000e-02.
Epoch: 148, Train loss: 0.03682615523338318, Validation loss: 0.4079549279212952, Validation accuracy: 0.9195
Adjusting learning rate of group 0 to 1.0000e-02.
Epoch: 149, Train loss: 0.038713672887980936, Validation loss: 0.42528463296890257, Validation accuracy: 0.9182
Adjusting learning rate of group 0 to 1.0000e-03.
Epoch: 150, Train loss: 0.037454195146262644, Validation loss: 0.4138800031661987, Validation accuracy: 0.9183
Adjusting learning rate of group 0 to 1.0000e-03.
Epoch: 151, Train loss: 0.023720431866943836, Validation loss: 0.3745814033985138, Validation accuracy: 0.9255
Adjusting learning rate of group 0 to 1.0000e-03.
Epoch: 152, Train loss: 0.01920450543448329, Validation loss: 0.37188985652923584, Validation accuracy: 0.9283
Adjusting learning rate of group 0 to 1.0000e-03.
Epoch: 153, Train loss: 0.01512542849034071, Validation loss: 0.38208912587165833, Validation accuracy: 0.9279
Adjusting learning rate of group 0 to 1.0000e-03.
Epoch: 154, Train loss: 0.014358652525283396, Validation loss: 0.38789188714027406, Validation accuracy: 0.9287
Adjusting learning rate of group 0 to 1.0000e-03.
Epoch: 155, Train loss: 0.013124795961529016, Validation loss: 0.39109110736846925, Validation accuracy: 0.9277
Adjusting learning rate of group 0 to 1.0000e-03.
Epoch: 156, Train loss: 0.012281910297870636, Validation loss: 0.3941995939254761, Validation accuracy: 0.9269
Adjusting learning rate of group 0 to 1.0000e-03.
Epoch: 157, Train loss: 0.011426008534431457, Validation loss: 0.4003692392349243, Validation accuracy: 0.9278
Adjusting learning rate of group 0 to 1.0000e-03.
Epoch: 158, Train loss: 0.010491113885492086, Validation loss: 0.4019483473777771, Validation accuracy: 0.927
Adjusting learning rate of group 0 to 1.0000e-03.
Epoch: 159, Train loss: 0.010452278153300285, Validation loss: 0.41430760183334353, Validation accuracy: 0.9264
Adjusting learning rate of group 0 to 1.0000e-03.
Epoch: 160, Train loss: 0.010245090616196394, Validation loss: 0.41224386858940126, Validation accuracy: 0.9268
Adjusting learning rate of group 0 to 1.0000e-03.
Epoch: 161, Train loss: 0.010274548577778042, Validation loss: 0.4165243422985077, Validation accuracy: 0.9268
Adjusting learning rate of group 0 to 1.0000e-03.
Epoch: 162, Train loss: 0.010248095165919513, Validation loss: 0.42165367131233217, Validation accuracy: 0.927
Adjusting learning rate of group 0 to 1.0000e-03.
Epoch: 163, Train loss: 0.008980716863051057, Validation loss: 0.42537434706687927, Validation accuracy: 0.9264
Adjusting learning rate of group 0 to 1.0000e-03.
Epoch: 164, Train loss: 0.008239028655719013, Validation loss: 0.4274074172019959, Validation accuracy: 0.9273
Adjusting learning rate of group 0 to 1.0000e-03.
Epoch: 165, Train loss: 0.007884384247809649, Validation loss: 0.42809836225509645, Validation accuracy: 0.927
Adjusting learning rate of group 0 to 1.0000e-03.
Epoch: 166, Train loss: 0.008637353227250278, Validation loss: 0.4313717179298401, Validation accuracy: 0.9275
Adjusting learning rate of group 0 to 1.0000e-03.
Epoch: 167, Train loss: 0.007600143526867032, Validation loss: 0.43680829119682313, Validation accuracy: 0.9273
Adjusting learning rate of group 0 to 1.0000e-03.
Epoch: 168, Train loss: 0.008031008474379778, Validation loss: 0.4355791382074356, Validation accuracy: 0.9277
Adjusting learning rate of group 0 to 1.0000e-03.
Epoch: 169, Train loss: 0.007352217597104609, Validation loss: 0.44017100088596345, Validation accuracy: 0.9259
Adjusting learning rate of group 0 to 1.0000e-03.
Epoch: 170, Train loss: 0.007244803349860013, Validation loss: 0.441717706489563, Validation accuracy: 0.9279
Adjusting learning rate of group 0 to 1.0000e-03.
Epoch: 171, Train loss: 0.007120392767488957, Validation loss: 0.44132303347587587, Validation accuracy: 0.9275
Adjusting learning rate of group 0 to 1.0000e-03.
Epoch: 172, Train loss: 0.007470451884679497, Validation loss: 0.4530568271636963, Validation accuracy: 0.9263
Adjusting learning rate of group 0 to 1.0000e-03.
Epoch: 173, Train loss: 0.006905515697039664, Validation loss: 0.44990511374473574, Validation accuracy: 0.9264
Adjusting learning rate of group 0 to 1.0000e-03.
Epoch: 174, Train loss: 0.007827693630773574, Validation loss: 0.45040088601112366, Validation accuracy: 0.926
Adjusting learning rate of group 0 to 1.0000e-03.
Epoch: 175, Train loss: 0.006557219646405429, Validation loss: 0.45713587779998777, Validation accuracy: 0.9257
Adjusting learning rate of group 0 to 1.0000e-03.
Epoch: 176, Train loss: 0.006955564918927849, Validation loss: 0.45391595740318297, Validation accuracy: 0.9271
Adjusting learning rate of group 0 to 1.0000e-03.
Epoch: 177, Train loss: 0.006092431079782546, Validation loss: 0.457416940164566, Validation accuracy: 0.9258
Adjusting learning rate of group 0 to 1.0000e-03.
Epoch: 178, Train loss: 0.006026894764602184, Validation loss: 0.46074859757423403, Validation accuracy: 0.9263
Adjusting learning rate of group 0 to 1.0000e-03.
Epoch: 179, Train loss: 0.006003621437586844, Validation loss: 0.4598270601987839, Validation accuracy: 0.9265
Adjusting learning rate of group 0 to 1.0000e-03.
Epoch: 180, Train loss: 0.005727895924653858, Validation loss: 0.4622428215742111, Validation accuracy: 0.9272
Adjusting learning rate of group 0 to 1.0000e-03.
Epoch: 181, Train loss: 0.006138908860497176, Validation loss: 0.45912588424682615, Validation accuracy: 0.9268
Adjusting learning rate of group 0 to 1.0000e-03.
Epoch: 182, Train loss: 0.005672511439230293, Validation loss: 0.45836578299999237, Validation accuracy: 0.9268
Adjusting learning rate of group 0 to 1.0000e-03.
Epoch: 183, Train loss: 0.005603078803438693, Validation loss: 0.46245273237228396, Validation accuracy: 0.9268
Adjusting learning rate of group 0 to 1.0000e-03.
Epoch: 184, Train loss: 0.005628032570565119, Validation loss: 0.4634705318450928, Validation accuracy: 0.9273
Adjusting learning rate of group 0 to 1.0000e-03.
Epoch: 185, Train loss: 0.005073196707423776, Validation loss: 0.4711067624092102, Validation accuracy: 0.9263
Adjusting learning rate of group 0 to 1.0000e-03.
Epoch: 186, Train loss: 0.005088682539183646, Validation loss: 0.4771184745788574, Validation accuracy: 0.9269
Adjusting learning rate of group 0 to 1.0000e-03.
Epoch: 187, Train loss: 0.005227440651059151, Validation loss: 0.4741661808013916, Validation accuracy: 0.9268
Adjusting learning rate of group 0 to 1.0000e-03.
Epoch: 188, Train loss: 0.005646137490943074, Validation loss: 0.47921453289985655, Validation accuracy: 0.9269
Adjusting learning rate of group 0 to 1.0000e-03.
Epoch: 189, Train loss: 0.005448962732125074, Validation loss: 0.47787017650604247, Validation accuracy: 0.9269
Adjusting learning rate of group 0 to 1.0000e-03.
Epoch: 190, Train loss: 0.005326614134982228, Validation loss: 0.4767371251106262, Validation accuracy: 0.9277
Adjusting learning rate of group 0 to 1.0000e-03.
Epoch: 191, Train loss: 0.004949626096114516, Validation loss: 0.4776029832839966, Validation accuracy: 0.9275
Adjusting learning rate of group 0 to 1.0000e-03.
Epoch: 192, Train loss: 0.004816913253450766, Validation loss: 0.4773176780223846, Validation accuracy: 0.9273
Adjusting learning rate of group 0 to 1.0000e-03.
Epoch: 193, Train loss: 0.004701065184939653, Validation loss: 0.4782867431640625, Validation accuracy: 0.9273
Adjusting learning rate of group 0 to 1.0000e-03.
Epoch: 194, Train loss: 0.004748167404867709, Validation loss: 0.48198118553161623, Validation accuracy: 0.9271
Adjusting learning rate of group 0 to 1.0000e-03.
Epoch: 195, Train loss: 0.004392850604318082, Validation loss: 0.48051564378738404, Validation accuracy: 0.9278
Adjusting learning rate of group 0 to 1.0000e-03.
Epoch: 196, Train loss: 0.004829169593108818, Validation loss: 0.4834353295326233, Validation accuracy: 0.9278
Adjusting learning rate of group 0 to 1.0000e-03.
Epoch: 197, Train loss: 0.004917342981472611, Validation loss: 0.48254094734191894, Validation accuracy: 0.9276
Adjusting learning rate of group 0 to 1.0000e-03.
Epoch: 198, Train loss: 0.005123802098305896, Validation loss: 0.4848195240974426, Validation accuracy: 0.9281
Adjusting learning rate of group 0 to 1.0000e-03.
Epoch: 199, Train loss: 0.004000441780276596, Validation loss: 0.48539574489593507, Validation accuracy: 0.9273
Accuracy: 0.9273, Parameters: 9274
