['ResNet-TRL-Tensorized-Full.py', '--tensorization', '8', '8', '8', '8', '--ranks', '[[8, 1, 2, 1, 2], [1, 8, 1, 3, 1], [2, 1, 8, 3, 3], [1, 3, 3, 8, 1], [2, 1, 3, 1, 10]]', '--seed', '1', '--device', 'cuda:3']
Initializing dataloader
Files already downloaded and verified
Files already downloaded and verified
Dataloader has initialized
Initializing model
Adjusting learning rate of group 0 to 1.0000e-02.
Model initialized
Testing model
Tests passed
Adjusting learning rate of group 0 to 2.0000e-02.
Epoch: 0, Train loss: 1.8756167790985108, Validation loss: 1.5149025484085084, Validation accuracy: 0.4327
Adjusting learning rate of group 0 to 3.0000e-02.
Epoch: 1, Train loss: 1.4881505893707276, Validation loss: 1.3607577249526976, Validation accuracy: 0.4973
Adjusting learning rate of group 0 to 4.0000e-02.
Epoch: 2, Train loss: 1.2607095512008668, Validation loss: 1.1884112409591674, Validation accuracy: 0.5844
Adjusting learning rate of group 0 to 5.0000e-02.
Epoch: 3, Train loss: 1.0459224930953979, Validation loss: 1.07195838098526, Validation accuracy: 0.6311
Adjusting learning rate of group 0 to 6.0000e-02.
Epoch: 4, Train loss: 0.9034625890922546, Validation loss: 0.9436225764274597, Validation accuracy: 0.6731
Adjusting learning rate of group 0 to 7.0000e-02.
Epoch: 5, Train loss: 0.8232663501167298, Validation loss: 0.9154233654022217, Validation accuracy: 0.6866
Adjusting learning rate of group 0 to 8.0000e-02.
Epoch: 6, Train loss: 0.7649386771965027, Validation loss: 0.7409537902832031, Validation accuracy: 0.7517
Adjusting learning rate of group 0 to 9.0000e-02.
Epoch: 7, Train loss: 0.7272144050979614, Validation loss: 1.1283827157974242, Validation accuracy: 0.6838
Adjusting learning rate of group 0 to 1.0000e-01.
Epoch: 8, Train loss: 0.7010808215141296, Validation loss: 0.8983304586410522, Validation accuracy: 0.7293
Adjusting learning rate of group 0 to 1.0000e-01.
Epoch: 9, Train loss: 0.6591604298210144, Validation loss: 1.196302196121216, Validation accuracy: 0.6483
Adjusting learning rate of group 0 to 1.0000e-01.
Epoch: 10, Train loss: 0.623057430973053, Validation loss: 0.8895078754425049, Validation accuracy: 0.7415
Adjusting learning rate of group 0 to 1.0000e-01.
Epoch: 11, Train loss: 0.5987735848999023, Validation loss: 0.70648738489151, Validation accuracy: 0.7707
Adjusting learning rate of group 0 to 1.0000e-01.
Epoch: 12, Train loss: 0.576135870218277, Validation loss: 0.7951067164897919, Validation accuracy: 0.7746
Adjusting learning rate of group 0 to 1.0000e-01.
Epoch: 13, Train loss: 0.5511093778324128, Validation loss: 0.8021498222351074, Validation accuracy: 0.7319
Adjusting learning rate of group 0 to 1.0000e-01.
Epoch: 14, Train loss: 0.5351814148139954, Validation loss: 0.5857482757091522, Validation accuracy: 0.8081
Adjusting learning rate of group 0 to 1.0000e-01.
Epoch: 15, Train loss: 0.5280510003757477, Validation loss: 0.5985675247192382, Validation accuracy: 0.8084
Adjusting learning rate of group 0 to 1.0000e-01.
Epoch: 16, Train loss: 0.515100245513916, Validation loss: 0.6296571947097779, Validation accuracy: 0.7956
Adjusting learning rate of group 0 to 1.0000e-01.
Epoch: 17, Train loss: 0.49858311389923093, Validation loss: 0.6063711087226867, Validation accuracy: 0.8048
Adjusting learning rate of group 0 to 1.0000e-01.
Epoch: 18, Train loss: 0.47924200160980224, Validation loss: 0.7049063471794128, Validation accuracy: 0.7859
Adjusting learning rate of group 0 to 1.0000e-01.
Epoch: 19, Train loss: 0.4796828931427002, Validation loss: 0.692436552810669, Validation accuracy: 0.7698
Adjusting learning rate of group 0 to 1.0000e-01.
Epoch: 20, Train loss: 0.47004251417160037, Validation loss: 0.7201360911846161, Validation accuracy: 0.7875
Adjusting learning rate of group 0 to 1.0000e-01.
Epoch: 21, Train loss: 0.4548817617416382, Validation loss: 0.6838783318519592, Validation accuracy: 0.784
Adjusting learning rate of group 0 to 1.0000e-01.
Epoch: 22, Train loss: 0.4548601081848144, Validation loss: 0.7290385742664337, Validation accuracy: 0.7923
Adjusting learning rate of group 0 to 1.0000e-01.
Epoch: 23, Train loss: 0.44939871227264405, Validation loss: 0.7166999910354614, Validation accuracy: 0.7929
Adjusting learning rate of group 0 to 1.0000e-01.
Epoch: 24, Train loss: 0.4454430940246582, Validation loss: 0.5380140125274658, Validation accuracy: 0.8196
Adjusting learning rate of group 0 to 1.0000e-01.
Epoch: 25, Train loss: 0.43573904918670653, Validation loss: 0.6595308741569519, Validation accuracy: 0.7932
Adjusting learning rate of group 0 to 1.0000e-01.
Epoch: 26, Train loss: 0.43032502120018007, Validation loss: 0.6217146848678589, Validation accuracy: 0.8203
Adjusting learning rate of group 0 to 1.0000e-01.
Epoch: 27, Train loss: 0.42859041478157045, Validation loss: 0.5389584114074707, Validation accuracy: 0.8204
Adjusting learning rate of group 0 to 1.0000e-01.
Epoch: 28, Train loss: 0.41735365774154665, Validation loss: 0.5364164548873901, Validation accuracy: 0.8245
Adjusting learning rate of group 0 to 1.0000e-01.
Epoch: 29, Train loss: 0.4165763162612915, Validation loss: 0.5861574875831604, Validation accuracy: 0.8314
Adjusting learning rate of group 0 to 1.0000e-01.
Epoch: 30, Train loss: 0.4119384073829651, Validation loss: 0.513491856098175, Validation accuracy: 0.8315
Adjusting learning rate of group 0 to 1.0000e-01.
Epoch: 31, Train loss: 0.4163223369026184, Validation loss: 0.6074109683036805, Validation accuracy: 0.8033
Adjusting learning rate of group 0 to 1.0000e-01.
Epoch: 32, Train loss: 0.4119190073680878, Validation loss: 0.5422145606994629, Validation accuracy: 0.8296
Adjusting learning rate of group 0 to 1.0000e-01.
Epoch: 33, Train loss: 0.40053881162643434, Validation loss: 0.6005918419837951, Validation accuracy: 0.8145
Adjusting learning rate of group 0 to 1.0000e-01.
Epoch: 34, Train loss: 0.39466009476661684, Validation loss: 0.5744397486686706, Validation accuracy: 0.8186
Adjusting learning rate of group 0 to 1.0000e-01.
Epoch: 35, Train loss: 0.400041020860672, Validation loss: 0.5666411192893982, Validation accuracy: 0.8303
Adjusting learning rate of group 0 to 1.0000e-01.
Epoch: 36, Train loss: 0.3864572909832001, Validation loss: 0.6739759378433228, Validation accuracy: 0.8041
Adjusting learning rate of group 0 to 1.0000e-01.
Epoch: 37, Train loss: 0.38111177410125735, Validation loss: 0.5798098123550415, Validation accuracy: 0.8302
Adjusting learning rate of group 0 to 1.0000e-01.
Epoch: 38, Train loss: 0.3879977157306671, Validation loss: 0.6347024724960327, Validation accuracy: 0.813
Adjusting learning rate of group 0 to 1.0000e-01.
Epoch: 39, Train loss: 0.38612899981498716, Validation loss: 0.594009668970108, Validation accuracy: 0.837
Adjusting learning rate of group 0 to 1.0000e-01.
Epoch: 40, Train loss: 0.37897052913665774, Validation loss: 0.6694428294181823, Validation accuracy: 0.8254
Adjusting learning rate of group 0 to 1.0000e-01.
Epoch: 41, Train loss: 0.3860240012168884, Validation loss: 0.5962531905174255, Validation accuracy: 0.8285
Adjusting learning rate of group 0 to 1.0000e-01.
Epoch: 42, Train loss: 0.3807607623481751, Validation loss: 0.638871415233612, Validation accuracy: 0.7933
Adjusting learning rate of group 0 to 1.0000e-01.
Epoch: 43, Train loss: 0.37482622672080995, Validation loss: 0.4916525403022766, Validation accuracy: 0.8425
Adjusting learning rate of group 0 to 1.0000e-01.
Epoch: 44, Train loss: 0.372419137840271, Validation loss: 0.5247301706314087, Validation accuracy: 0.8344
Adjusting learning rate of group 0 to 1.0000e-01.
Epoch: 45, Train loss: 0.36221688997268675, Validation loss: 0.528793839931488, Validation accuracy: 0.8268
Adjusting learning rate of group 0 to 1.0000e-01.
Epoch: 46, Train loss: 0.3791436376953125, Validation loss: 0.4661047499656677, Validation accuracy: 0.8451
Adjusting learning rate of group 0 to 1.0000e-01.
Epoch: 47, Train loss: 0.3710330385112762, Validation loss: 0.5316067761421204, Validation accuracy: 0.8502
Adjusting learning rate of group 0 to 1.0000e-01.
Epoch: 48, Train loss: 0.3631658834171295, Validation loss: 0.5353469493389129, Validation accuracy: 0.8368
Adjusting learning rate of group 0 to 1.0000e-01.
Epoch: 49, Train loss: 0.3674193603515625, Validation loss: 0.714375957775116, Validation accuracy: 0.7905
Adjusting learning rate of group 0 to 1.0000e-01.
Epoch: 50, Train loss: 0.36530111555099487, Validation loss: 0.4728389500617981, Validation accuracy: 0.8478
Adjusting learning rate of group 0 to 1.0000e-01.
Epoch: 51, Train loss: 0.3654869332313538, Validation loss: 0.5149115588188171, Validation accuracy: 0.8329
Adjusting learning rate of group 0 to 1.0000e-01.
Epoch: 52, Train loss: 0.36438040823936463, Validation loss: 0.5010366044044494, Validation accuracy: 0.8362
Adjusting learning rate of group 0 to 1.0000e-01.
Epoch: 53, Train loss: 0.35847159048080446, Validation loss: 0.5157630701065063, Validation accuracy: 0.8455
Adjusting learning rate of group 0 to 1.0000e-01.
Epoch: 54, Train loss: 0.3619793740272522, Validation loss: 0.6472133986473083, Validation accuracy: 0.7936
Adjusting learning rate of group 0 to 1.0000e-01.
Epoch: 55, Train loss: 0.3538971918487549, Validation loss: 0.6378376173973084, Validation accuracy: 0.8126
Adjusting learning rate of group 0 to 1.0000e-01.
Epoch: 56, Train loss: 0.3577116398239136, Validation loss: 0.4690220144748688, Validation accuracy: 0.8525
Adjusting learning rate of group 0 to 1.0000e-01.
Epoch: 57, Train loss: 0.3588253774356842, Validation loss: 0.5243237436294556, Validation accuracy: 0.8312
Adjusting learning rate of group 0 to 1.0000e-01.
Epoch: 58, Train loss: 0.35844856964111327, Validation loss: 0.4934532304763794, Validation accuracy: 0.8457
Adjusting learning rate of group 0 to 1.0000e-01.
Epoch: 59, Train loss: 0.35158595881462096, Validation loss: 0.5170447196006774, Validation accuracy: 0.8493
Adjusting learning rate of group 0 to 1.0000e-01.
Epoch: 60, Train loss: 0.3496155041122436, Validation loss: 0.5885003795146942, Validation accuracy: 0.826
Adjusting learning rate of group 0 to 1.0000e-01.
Epoch: 61, Train loss: 0.34752992919921877, Validation loss: 0.5496712089538575, Validation accuracy: 0.8319
Adjusting learning rate of group 0 to 1.0000e-01.
Epoch: 62, Train loss: 0.35295723940849305, Validation loss: 0.5149333808898926, Validation accuracy: 0.8506
Adjusting learning rate of group 0 to 1.0000e-01.
Epoch: 63, Train loss: 0.3472795790100098, Validation loss: 0.4868499831199646, Validation accuracy: 0.8457
Adjusting learning rate of group 0 to 1.0000e-01.
Epoch: 64, Train loss: 0.35424716517448424, Validation loss: 0.5739810190200806, Validation accuracy: 0.8358
Adjusting learning rate of group 0 to 1.0000e-01.
Epoch: 65, Train loss: 0.342012350358963, Validation loss: 0.5332850008487702, Validation accuracy: 0.8329
Adjusting learning rate of group 0 to 1.0000e-01.
Epoch: 66, Train loss: 0.3391738363075256, Validation loss: 0.6080020458221436, Validation accuracy: 0.8347
Adjusting learning rate of group 0 to 1.0000e-01.
Epoch: 67, Train loss: 0.3480568786907196, Validation loss: 0.804822384595871, Validation accuracy: 0.7906
Adjusting learning rate of group 0 to 1.0000e-01.
Epoch: 68, Train loss: 0.3374704714012146, Validation loss: 0.4759692108154297, Validation accuracy: 0.8513
Adjusting learning rate of group 0 to 1.0000e-01.
Epoch: 69, Train loss: 0.33971670676231386, Validation loss: 0.7015236159324646, Validation accuracy: 0.7792
Adjusting learning rate of group 0 to 1.0000e-01.
Epoch: 70, Train loss: 0.34333792981147765, Validation loss: 0.5690352616548539, Validation accuracy: 0.8389
Adjusting learning rate of group 0 to 1.0000e-01.
Epoch: 71, Train loss: 0.3489073218345642, Validation loss: 0.7198280658721924, Validation accuracy: 0.8129
Adjusting learning rate of group 0 to 1.0000e-01.
Epoch: 72, Train loss: 0.33832269967079165, Validation loss: 0.4895742198944092, Validation accuracy: 0.8541
Adjusting learning rate of group 0 to 1.0000e-01.
Epoch: 73, Train loss: 0.3395880808067322, Validation loss: 0.4788165139198303, Validation accuracy: 0.8585
Adjusting learning rate of group 0 to 1.0000e-01.
Epoch: 74, Train loss: 0.3503015244102478, Validation loss: 0.47183662328720094, Validation accuracy: 0.8604
Adjusting learning rate of group 0 to 1.0000e-01.
Epoch: 75, Train loss: 0.33915584583759306, Validation loss: 0.4439564778327942, Validation accuracy: 0.862
Adjusting learning rate of group 0 to 1.0000e-01.
Epoch: 76, Train loss: 0.3342111974525452, Validation loss: 0.503887143611908, Validation accuracy: 0.8533
Adjusting learning rate of group 0 to 1.0000e-01.
Epoch: 77, Train loss: 0.336406227350235, Validation loss: 0.5959446744918824, Validation accuracy: 0.8239
Adjusting learning rate of group 0 to 1.0000e-01.
Epoch: 78, Train loss: 0.3376138794898987, Validation loss: 0.4599305602788925, Validation accuracy: 0.8661
Adjusting learning rate of group 0 to 1.0000e-01.
Epoch: 79, Train loss: 0.3381724521160126, Validation loss: 0.5442696969985962, Validation accuracy: 0.8408
Adjusting learning rate of group 0 to 1.0000e-01.
Epoch: 80, Train loss: 0.34156492639541625, Validation loss: 0.4726562228679657, Validation accuracy: 0.8577
Adjusting learning rate of group 0 to 1.0000e-01.
Epoch: 81, Train loss: 0.3357249177932739, Validation loss: 0.6754166326522827, Validation accuracy: 0.811
Adjusting learning rate of group 0 to 1.0000e-01.
Epoch: 82, Train loss: 0.33477425051689147, Validation loss: 0.680714907503128, Validation accuracy: 0.7899
Adjusting learning rate of group 0 to 1.0000e-01.
Epoch: 83, Train loss: 0.33380385661125184, Validation loss: 0.5610760312080383, Validation accuracy: 0.8502
Adjusting learning rate of group 0 to 1.0000e-01.
Epoch: 84, Train loss: 0.33905643277168274, Validation loss: 0.5393164963722229, Validation accuracy: 0.8332
Adjusting learning rate of group 0 to 1.0000e-01.
Epoch: 85, Train loss: 0.3347931386947632, Validation loss: 0.5393823942661286, Validation accuracy: 0.8463
Adjusting learning rate of group 0 to 1.0000e-01.
Epoch: 86, Train loss: 0.3346671595954895, Validation loss: 0.5570555294990539, Validation accuracy: 0.8424
Adjusting learning rate of group 0 to 1.0000e-01.
Epoch: 87, Train loss: 0.3352436772155762, Validation loss: 0.5004147737503052, Validation accuracy: 0.8532
Adjusting learning rate of group 0 to 1.0000e-01.
Epoch: 88, Train loss: 0.3274551562309265, Validation loss: 0.5464613295555115, Validation accuracy: 0.8374
Adjusting learning rate of group 0 to 1.0000e-01.
Epoch: 89, Train loss: 0.3404328440904617, Validation loss: 0.5372423686504364, Validation accuracy: 0.8349
Adjusting learning rate of group 0 to 1.0000e-01.
Epoch: 90, Train loss: 0.3299294760322571, Validation loss: 0.5350217971801757, Validation accuracy: 0.8452
Adjusting learning rate of group 0 to 1.0000e-01.
Epoch: 91, Train loss: 0.3284855661010742, Validation loss: 0.5046192902565002, Validation accuracy: 0.8523
Adjusting learning rate of group 0 to 1.0000e-01.
Epoch: 92, Train loss: 0.3243884058094025, Validation loss: 0.48844470062255857, Validation accuracy: 0.8578
Adjusting learning rate of group 0 to 1.0000e-01.
Epoch: 93, Train loss: 0.3148910347938538, Validation loss: 0.5713190519332886, Validation accuracy: 0.8232
Adjusting learning rate of group 0 to 1.0000e-01.
Epoch: 94, Train loss: 0.32805369209289553, Validation loss: 0.5025475517272949, Validation accuracy: 0.8544
Adjusting learning rate of group 0 to 1.0000e-01.
Epoch: 95, Train loss: 0.32947087757110594, Validation loss: 0.4342412048339844, Validation accuracy: 0.8586
Adjusting learning rate of group 0 to 1.0000e-01.
Epoch: 96, Train loss: 0.3297234808635712, Validation loss: 0.5397296005249024, Validation accuracy: 0.8401
Adjusting learning rate of group 0 to 1.0000e-01.
Epoch: 97, Train loss: 0.3303318383026123, Validation loss: 0.5252235347747802, Validation accuracy: 0.8399
Adjusting learning rate of group 0 to 1.0000e-01.
Epoch: 98, Train loss: 0.3238543134212494, Validation loss: 0.6292613360404968, Validation accuracy: 0.8073
Adjusting learning rate of group 0 to 1.0000e-01.
Epoch: 99, Train loss: 0.32596596143722534, Validation loss: 0.8338707659244537, Validation accuracy: 0.794
Adjusting learning rate of group 0 to 1.0000e-02.
Epoch: 100, Train loss: 0.3235691714525223, Validation loss: 0.5571098192214966, Validation accuracy: 0.8345
Adjusting learning rate of group 0 to 1.0000e-02.
Epoch: 101, Train loss: 0.1822261940574646, Validation loss: 0.3022815412044525, Validation accuracy: 0.9095
Adjusting learning rate of group 0 to 1.0000e-02.
Epoch: 102, Train loss: 0.14069194671154023, Validation loss: 0.3107336572170258, Validation accuracy: 0.9144
Adjusting learning rate of group 0 to 1.0000e-02.
Epoch: 103, Train loss: 0.127390715508461, Validation loss: 0.3089727523803711, Validation accuracy: 0.9131
Adjusting learning rate of group 0 to 1.0000e-02.
Epoch: 104, Train loss: 0.11780615757226943, Validation loss: 0.3244199563026428, Validation accuracy: 0.9149
Adjusting learning rate of group 0 to 1.0000e-02.
Epoch: 105, Train loss: 0.10818698687076568, Validation loss: 0.3044697607040405, Validation accuracy: 0.9177
Adjusting learning rate of group 0 to 1.0000e-02.
Epoch: 106, Train loss: 0.10357295535087585, Validation loss: 0.3094910523414612, Validation accuracy: 0.919
Adjusting learning rate of group 0 to 1.0000e-02.
Epoch: 107, Train loss: 0.09615949035644532, Validation loss: 0.3150404128074646, Validation accuracy: 0.9182
Adjusting learning rate of group 0 to 1.0000e-02.
Epoch: 108, Train loss: 0.09052550470590591, Validation loss: 0.3367243736743927, Validation accuracy: 0.9174
Adjusting learning rate of group 0 to 1.0000e-02.
Epoch: 109, Train loss: 0.09051891512393952, Validation loss: 0.3127339897155762, Validation accuracy: 0.9181
Adjusting learning rate of group 0 to 1.0000e-02.
Epoch: 110, Train loss: 0.08287301465988159, Validation loss: 0.3318938508987427, Validation accuracy: 0.9199
Adjusting learning rate of group 0 to 1.0000e-02.
Epoch: 111, Train loss: 0.08136325790882111, Validation loss: 0.33944560923576356, Validation accuracy: 0.9184
Adjusting learning rate of group 0 to 1.0000e-02.
Epoch: 112, Train loss: 0.07590976370334625, Validation loss: 0.36475161905288694, Validation accuracy: 0.9195
Adjusting learning rate of group 0 to 1.0000e-02.
Epoch: 113, Train loss: 0.07325244166612625, Validation loss: 0.33763189153671264, Validation accuracy: 0.9198
Adjusting learning rate of group 0 to 1.0000e-02.
Epoch: 114, Train loss: 0.0702993257188797, Validation loss: 0.37517445363998414, Validation accuracy: 0.9188
Adjusting learning rate of group 0 to 1.0000e-02.
Epoch: 115, Train loss: 0.0688352539730072, Validation loss: 0.3650763560295105, Validation accuracy: 0.9145
Adjusting learning rate of group 0 to 1.0000e-02.
Epoch: 116, Train loss: 0.06323238498449325, Validation loss: 0.37432505531311033, Validation accuracy: 0.9188
Adjusting learning rate of group 0 to 1.0000e-02.
Epoch: 117, Train loss: 0.06280384607851505, Validation loss: 0.3944627737045288, Validation accuracy: 0.918
Adjusting learning rate of group 0 to 1.0000e-02.
Epoch: 118, Train loss: 0.06102794350624084, Validation loss: 0.39971809377670287, Validation accuracy: 0.9163
Adjusting learning rate of group 0 to 1.0000e-02.
Epoch: 119, Train loss: 0.058929305854439736, Validation loss: 0.3925629014015198, Validation accuracy: 0.9194
Adjusting learning rate of group 0 to 1.0000e-02.
Epoch: 120, Train loss: 0.057245026482343676, Validation loss: 0.4258282226085663, Validation accuracy: 0.9146
Adjusting learning rate of group 0 to 1.0000e-02.
Epoch: 121, Train loss: 0.05404595530152321, Validation loss: 0.40935175247192385, Validation accuracy: 0.9171
Adjusting learning rate of group 0 to 1.0000e-02.
Epoch: 122, Train loss: 0.054461616327762606, Validation loss: 0.3972624481201172, Validation accuracy: 0.9185
Adjusting learning rate of group 0 to 1.0000e-02.
Epoch: 123, Train loss: 0.05256228186130524, Validation loss: 0.3871571135520935, Validation accuracy: 0.9173
Adjusting learning rate of group 0 to 1.0000e-02.
Epoch: 124, Train loss: 0.05282498777627945, Validation loss: 0.4191153073787689, Validation accuracy: 0.9167
Adjusting learning rate of group 0 to 1.0000e-02.
Epoch: 125, Train loss: 0.05399724955201149, Validation loss: 0.4471131011009216, Validation accuracy: 0.9146
Adjusting learning rate of group 0 to 1.0000e-02.
Epoch: 126, Train loss: 0.05025711369395256, Validation loss: 0.42400024509429934, Validation accuracy: 0.9178
Adjusting learning rate of group 0 to 1.0000e-02.
Epoch: 127, Train loss: 0.04623327357798815, Validation loss: 0.42403549308776856, Validation accuracy: 0.9171
Adjusting learning rate of group 0 to 1.0000e-02.
Epoch: 128, Train loss: 0.04878314070105553, Validation loss: 0.44248232345581057, Validation accuracy: 0.9167
Adjusting learning rate of group 0 to 1.0000e-02.
Epoch: 129, Train loss: 0.048827897027134894, Validation loss: 0.40844190683364867, Validation accuracy: 0.9188
Adjusting learning rate of group 0 to 1.0000e-02.
Epoch: 130, Train loss: 0.04640976761937141, Validation loss: 0.41955676689147947, Validation accuracy: 0.9197
Adjusting learning rate of group 0 to 1.0000e-02.
Epoch: 131, Train loss: 0.04660909858584404, Validation loss: 0.4139638653755188, Validation accuracy: 0.9199
Adjusting learning rate of group 0 to 1.0000e-02.
Epoch: 132, Train loss: 0.047960405274629594, Validation loss: 0.42710543508529664, Validation accuracy: 0.9182
Adjusting learning rate of group 0 to 1.0000e-02.
Epoch: 133, Train loss: 0.04512302726522088, Validation loss: 0.43791942138671874, Validation accuracy: 0.919
Adjusting learning rate of group 0 to 1.0000e-02.
Epoch: 134, Train loss: 0.048080375112295154, Validation loss: 0.4777904877185822, Validation accuracy: 0.9151
Adjusting learning rate of group 0 to 1.0000e-02.
Epoch: 135, Train loss: 0.044269093593358996, Validation loss: 0.46969408960342407, Validation accuracy: 0.9136
Adjusting learning rate of group 0 to 1.0000e-02.
Epoch: 136, Train loss: 0.0434519852206111, Validation loss: 0.464864952480793, Validation accuracy: 0.9134
Adjusting learning rate of group 0 to 1.0000e-02.
Epoch: 137, Train loss: 0.04487166125535965, Validation loss: 0.44723306217193604, Validation accuracy: 0.913
Adjusting learning rate of group 0 to 1.0000e-02.
Epoch: 138, Train loss: 0.04216130418002605, Validation loss: 0.481241349029541, Validation accuracy: 0.9158
Adjusting learning rate of group 0 to 1.0000e-02.
Epoch: 139, Train loss: 0.043215220195651056, Validation loss: 0.4872188236236572, Validation accuracy: 0.9143
Adjusting learning rate of group 0 to 1.0000e-02.
Epoch: 140, Train loss: 0.04206778970718384, Validation loss: 0.4860372610092163, Validation accuracy: 0.9122
Adjusting learning rate of group 0 to 1.0000e-02.
Epoch: 141, Train loss: 0.042979865301847456, Validation loss: 0.48276597452163694, Validation accuracy: 0.9176
Adjusting learning rate of group 0 to 1.0000e-02.
Epoch: 142, Train loss: 0.04542470330476761, Validation loss: 0.4622315187692642, Validation accuracy: 0.9146
Adjusting learning rate of group 0 to 1.0000e-02.
Epoch: 143, Train loss: 0.044063897790908815, Validation loss: 0.4504509099006653, Validation accuracy: 0.9177
Adjusting learning rate of group 0 to 1.0000e-02.
Epoch: 144, Train loss: 0.04169403344333172, Validation loss: 0.4795572570800781, Validation accuracy: 0.9141
Adjusting learning rate of group 0 to 1.0000e-02.
Epoch: 145, Train loss: 0.04375140795469284, Validation loss: 0.4604610913276672, Validation accuracy: 0.9132
Adjusting learning rate of group 0 to 1.0000e-02.
Epoch: 146, Train loss: 0.0419081594017148, Validation loss: 0.4658345486998558, Validation accuracy: 0.9147
Adjusting learning rate of group 0 to 1.0000e-02.
Epoch: 147, Train loss: 0.04286568001747131, Validation loss: 0.4651141652345657, Validation accuracy: 0.9177
Adjusting learning rate of group 0 to 1.0000e-02.
Epoch: 148, Train loss: 0.0449219759695977, Validation loss: 0.45754769386053085, Validation accuracy: 0.9155
Adjusting learning rate of group 0 to 1.0000e-02.
Epoch: 149, Train loss: 0.042577223804593084, Validation loss: 0.4477674387391657, Validation accuracy: 0.9161
Adjusting learning rate of group 0 to 1.0000e-03.
Epoch: 150, Train loss: 0.04427743071973324, Validation loss: 0.44493546276092527, Validation accuracy: 0.9152
Adjusting learning rate of group 0 to 1.0000e-03.
Epoch: 151, Train loss: 0.028090466412231327, Validation loss: 0.4036522011756897, Validation accuracy: 0.9231
Adjusting learning rate of group 0 to 1.0000e-03.
Epoch: 152, Train loss: 0.022690142225176096, Validation loss: 0.41066356110572816, Validation accuracy: 0.9238
Adjusting learning rate of group 0 to 1.0000e-03.
Epoch: 153, Train loss: 0.01854055247992277, Validation loss: 0.4210303936958313, Validation accuracy: 0.924
Adjusting learning rate of group 0 to 1.0000e-03.
Epoch: 154, Train loss: 0.016209479037970303, Validation loss: 0.43459340057373047, Validation accuracy: 0.9231
Adjusting learning rate of group 0 to 1.0000e-03.
Epoch: 155, Train loss: 0.015548178754895926, Validation loss: 0.44921388816833496, Validation accuracy: 0.923
Adjusting learning rate of group 0 to 1.0000e-03.
Epoch: 156, Train loss: 0.013913727596700192, Validation loss: 0.45710607070922854, Validation accuracy: 0.9244
Adjusting learning rate of group 0 to 1.0000e-03.
Epoch: 157, Train loss: 0.013276550001502038, Validation loss: 0.4606920467376709, Validation accuracy: 0.9242
Adjusting learning rate of group 0 to 1.0000e-03.
Epoch: 158, Train loss: 0.013264789606332778, Validation loss: 0.4681391366004944, Validation accuracy: 0.9263
Adjusting learning rate of group 0 to 1.0000e-03.
Epoch: 159, Train loss: 0.011570299098566175, Validation loss: 0.47705416040420534, Validation accuracy: 0.9228
Adjusting learning rate of group 0 to 1.0000e-03.
Epoch: 160, Train loss: 0.01163427375677973, Validation loss: 0.4831984958648682, Validation accuracy: 0.9232
Adjusting learning rate of group 0 to 1.0000e-03.
Epoch: 161, Train loss: 0.01083809064887464, Validation loss: 0.4905723405838013, Validation accuracy: 0.9233
Adjusting learning rate of group 0 to 1.0000e-03.
Epoch: 162, Train loss: 0.011413401552140713, Validation loss: 0.49761995487213134, Validation accuracy: 0.9244
Adjusting learning rate of group 0 to 1.0000e-03.
Epoch: 163, Train loss: 0.010536388702318072, Validation loss: 0.5006883670806884, Validation accuracy: 0.9236
Adjusting learning rate of group 0 to 1.0000e-03.
Epoch: 164, Train loss: 0.010106794062629341, Validation loss: 0.5075025671005249, Validation accuracy: 0.9252
Adjusting learning rate of group 0 to 1.0000e-03.
Epoch: 165, Train loss: 0.00968292050300166, Validation loss: 0.5092257189750672, Validation accuracy: 0.9244
Adjusting learning rate of group 0 to 1.0000e-03.
Epoch: 166, Train loss: 0.00934753971323371, Validation loss: 0.515614874458313, Validation accuracy: 0.9246
Adjusting learning rate of group 0 to 1.0000e-03.
Epoch: 167, Train loss: 0.009448961299080402, Validation loss: 0.5258862236022949, Validation accuracy: 0.9255
Adjusting learning rate of group 0 to 1.0000e-03.
Epoch: 168, Train loss: 0.008784280156753957, Validation loss: 0.5267930032253265, Validation accuracy: 0.9241
Adjusting learning rate of group 0 to 1.0000e-03.
Epoch: 169, Train loss: 0.008842855441272258, Validation loss: 0.5332475881099701, Validation accuracy: 0.9245
Adjusting learning rate of group 0 to 1.0000e-03.
Epoch: 170, Train loss: 0.008057961704283953, Validation loss: 0.5370832891464233, Validation accuracy: 0.9261
Adjusting learning rate of group 0 to 1.0000e-03.
Epoch: 171, Train loss: 0.008180860924236477, Validation loss: 0.5456836675643921, Validation accuracy: 0.9254
Adjusting learning rate of group 0 to 1.0000e-03.
Epoch: 172, Train loss: 0.009345075512602925, Validation loss: 0.5409688879013062, Validation accuracy: 0.9252
Adjusting learning rate of group 0 to 1.0000e-03.
Epoch: 173, Train loss: 0.008498090767040849, Validation loss: 0.541133688545227, Validation accuracy: 0.9255
Adjusting learning rate of group 0 to 1.0000e-03.
Epoch: 174, Train loss: 0.007289561492912471, Validation loss: 0.5538567860603333, Validation accuracy: 0.926
Adjusting learning rate of group 0 to 1.0000e-03.
Epoch: 175, Train loss: 0.007802458659522235, Validation loss: 0.5516502544403076, Validation accuracy: 0.9252
Adjusting learning rate of group 0 to 1.0000e-03.
Epoch: 176, Train loss: 0.007011442985292524, Validation loss: 0.5654757862091064, Validation accuracy: 0.9254
Adjusting learning rate of group 0 to 1.0000e-03.
Epoch: 177, Train loss: 0.00815642415991053, Validation loss: 0.560842188167572, Validation accuracy: 0.9272
Adjusting learning rate of group 0 to 1.0000e-03.
Epoch: 178, Train loss: 0.006491829216238111, Validation loss: 0.5669020403862, Validation accuracy: 0.9249
Adjusting learning rate of group 0 to 1.0000e-03.
Epoch: 179, Train loss: 0.006894430620316416, Validation loss: 0.5704376295089721, Validation accuracy: 0.9243
Adjusting learning rate of group 0 to 1.0000e-03.
Epoch: 180, Train loss: 0.006790779479369521, Validation loss: 0.56706183385849, Validation accuracy: 0.9254
Adjusting learning rate of group 0 to 1.0000e-03.
Epoch: 181, Train loss: 0.0069150705457851295, Validation loss: 0.5681822166442871, Validation accuracy: 0.9242
Adjusting learning rate of group 0 to 1.0000e-03.
Epoch: 182, Train loss: 0.006911298373918981, Validation loss: 0.5720924311637878, Validation accuracy: 0.9245
Adjusting learning rate of group 0 to 1.0000e-03.
Epoch: 183, Train loss: 0.0065471282346639785, Validation loss: 0.5701217120170593, Validation accuracy: 0.9248
Adjusting learning rate of group 0 to 1.0000e-03.
Epoch: 184, Train loss: 0.006313806916326285, Validation loss: 0.5784506724357605, Validation accuracy: 0.9254
Adjusting learning rate of group 0 to 1.0000e-03.
Epoch: 185, Train loss: 0.006509835996329785, Validation loss: 0.5867721495628357, Validation accuracy: 0.9254
Adjusting learning rate of group 0 to 1.0000e-03.
Epoch: 186, Train loss: 0.006923796540349722, Validation loss: 0.5853463664531707, Validation accuracy: 0.9249
Adjusting learning rate of group 0 to 1.0000e-03.
Epoch: 187, Train loss: 0.0069902292975969615, Validation loss: 0.5844142528533935, Validation accuracy: 0.9249
Adjusting learning rate of group 0 to 1.0000e-03.
Epoch: 188, Train loss: 0.006576155647486448, Validation loss: 0.5751773603439331, Validation accuracy: 0.9254
Adjusting learning rate of group 0 to 1.0000e-03.
Epoch: 189, Train loss: 0.006914930250849575, Validation loss: 0.5872547967910766, Validation accuracy: 0.925
Adjusting learning rate of group 0 to 1.0000e-03.
Epoch: 190, Train loss: 0.006140475792037323, Validation loss: 0.5882760046958924, Validation accuracy: 0.9247
Adjusting learning rate of group 0 to 1.0000e-03.
Epoch: 191, Train loss: 0.005438562564216554, Validation loss: 0.5902298087120056, Validation accuracy: 0.9265
Adjusting learning rate of group 0 to 1.0000e-03.
Epoch: 192, Train loss: 0.005926288317679428, Validation loss: 0.5944934943199157, Validation accuracy: 0.9271
Adjusting learning rate of group 0 to 1.0000e-03.
Epoch: 193, Train loss: 0.005088392586936243, Validation loss: 0.5938794986724854, Validation accuracy: 0.9263
Adjusting learning rate of group 0 to 1.0000e-03.
Epoch: 194, Train loss: 0.0059014239931525665, Validation loss: 0.5971857556343079, Validation accuracy: 0.9263
Adjusting learning rate of group 0 to 1.0000e-03.
Epoch: 195, Train loss: 0.00545304596748203, Validation loss: 0.6070798603534698, Validation accuracy: 0.9259
Adjusting learning rate of group 0 to 1.0000e-03.
Epoch: 196, Train loss: 0.005336183397863061, Validation loss: 0.6020500325202942, Validation accuracy: 0.9251
Adjusting learning rate of group 0 to 1.0000e-03.
Epoch: 197, Train loss: 0.00466215717446059, Validation loss: 0.6050954460144043, Validation accuracy: 0.9259
Adjusting learning rate of group 0 to 1.0000e-03.
Epoch: 198, Train loss: 0.005470023012999445, Validation loss: 0.6114397780418396, Validation accuracy: 0.9251
Adjusting learning rate of group 0 to 1.0000e-03.
Epoch: 199, Train loss: 0.005239822620563209, Validation loss: 0.6096303385734558, Validation accuracy: 0.926
Accuracy: 0.926, Parameters: 342
