['ResNet-TRL-Ringed.py', '--core_ranks', '4', '3', '2', '--ring_ranks', '3', '7', '7', '--seed', '15', '--device', 'cuda:3']
Initializing dataloader
Files already downloaded and verified
Files already downloaded and verified
Dataloader has initialized
Initializing model
Adjusting learning rate of group 0 to 1.0000e-02.
Model initialized
Testing model
Tests passed
Adjusting learning rate of group 0 to 2.0000e-02.
Epoch: 0, Train loss: 1.8815322289276124, Validation loss: 1.54239398021698, Validation accuracy: 0.4333
Adjusting learning rate of group 0 to 3.0000e-02.
Epoch: 1, Train loss: 1.5426198834991456, Validation loss: 1.3062232425689697, Validation accuracy: 0.5277
Adjusting learning rate of group 0 to 4.0000e-02.
Epoch: 2, Train loss: 1.3234932160568238, Validation loss: 1.169522811794281, Validation accuracy: 0.5775
Adjusting learning rate of group 0 to 5.0000e-02.
Epoch: 3, Train loss: 1.1077783222961426, Validation loss: 0.9992704132080078, Validation accuracy: 0.6458
Adjusting learning rate of group 0 to 6.0000e-02.
Epoch: 4, Train loss: 0.9604192531204223, Validation loss: 0.8716772731781006, Validation accuracy: 0.6972
Adjusting learning rate of group 0 to 7.0000e-02.
Epoch: 5, Train loss: 0.8422572172355652, Validation loss: 0.9383651388168335, Validation accuracy: 0.6648
Adjusting learning rate of group 0 to 8.0000e-02.
Epoch: 6, Train loss: 0.7709523625564575, Validation loss: 0.7700436502456665, Validation accuracy: 0.7465
Adjusting learning rate of group 0 to 9.0000e-02.
Epoch: 7, Train loss: 0.6977252866172791, Validation loss: 0.7564997324943542, Validation accuracy: 0.7585
Adjusting learning rate of group 0 to 1.0000e-01.
Epoch: 8, Train loss: 0.6605902141189576, Validation loss: 0.7113119430065155, Validation accuracy: 0.7602
Adjusting learning rate of group 0 to 1.0000e-01.
Epoch: 9, Train loss: 0.6446660761833191, Validation loss: 0.6932637642860413, Validation accuracy: 0.781
Adjusting learning rate of group 0 to 1.0000e-01.
Epoch: 10, Train loss: 0.5972212208175659, Validation loss: 0.7078523725509643, Validation accuracy: 0.7816
Adjusting learning rate of group 0 to 1.0000e-01.
Epoch: 11, Train loss: 0.560584063911438, Validation loss: 0.7513218752861023, Validation accuracy: 0.7671
Adjusting learning rate of group 0 to 1.0000e-01.
Epoch: 12, Train loss: 0.5428460453987122, Validation loss: 0.6480593456268311, Validation accuracy: 0.8025
Adjusting learning rate of group 0 to 1.0000e-01.
Epoch: 13, Train loss: 0.5233791951942444, Validation loss: 0.7669859952926635, Validation accuracy: 0.7662
Adjusting learning rate of group 0 to 1.0000e-01.
Epoch: 14, Train loss: 0.5098457747459412, Validation loss: 0.7230521287918091, Validation accuracy: 0.7495
Adjusting learning rate of group 0 to 1.0000e-01.
Epoch: 15, Train loss: 0.4845825534439087, Validation loss: 0.6507380459308624, Validation accuracy: 0.7992
Adjusting learning rate of group 0 to 1.0000e-01.
Epoch: 16, Train loss: 0.48232926260948183, Validation loss: 0.6041328247070312, Validation accuracy: 0.8146
Adjusting learning rate of group 0 to 1.0000e-01.
Epoch: 17, Train loss: 0.4657700264644623, Validation loss: 0.7611789224624633, Validation accuracy: 0.7829
Adjusting learning rate of group 0 to 1.0000e-01.
Epoch: 18, Train loss: 0.4542693776512146, Validation loss: 0.8059078866958618, Validation accuracy: 0.7653
Adjusting learning rate of group 0 to 1.0000e-01.
Epoch: 19, Train loss: 0.4469128745651245, Validation loss: 0.6190076941013336, Validation accuracy: 0.7956
Adjusting learning rate of group 0 to 1.0000e-01.
Epoch: 20, Train loss: 0.43298081125259397, Validation loss: 0.6687812064170837, Validation accuracy: 0.7831
Adjusting learning rate of group 0 to 1.0000e-01.
Epoch: 21, Train loss: 0.42557678663253784, Validation loss: 0.6262896330833435, Validation accuracy: 0.8065
Adjusting learning rate of group 0 to 1.0000e-01.
Epoch: 22, Train loss: 0.42393702187538146, Validation loss: 0.5240025852203369, Validation accuracy: 0.8349
Adjusting learning rate of group 0 to 1.0000e-01.
Epoch: 23, Train loss: 0.4221065849304199, Validation loss: 0.540410297870636, Validation accuracy: 0.8186
Adjusting learning rate of group 0 to 1.0000e-01.
Epoch: 24, Train loss: 0.4127323631095886, Validation loss: 0.6752224844932556, Validation accuracy: 0.7919
Adjusting learning rate of group 0 to 1.0000e-01.
Epoch: 25, Train loss: 0.4066176991844177, Validation loss: 0.5993235213279724, Validation accuracy: 0.8043
Adjusting learning rate of group 0 to 1.0000e-01.
Epoch: 26, Train loss: 0.3979035097694397, Validation loss: 0.603117283153534, Validation accuracy: 0.8213
Adjusting learning rate of group 0 to 1.0000e-01.
Epoch: 27, Train loss: 0.39809735417366027, Validation loss: 0.5909270935058594, Validation accuracy: 0.8179
Adjusting learning rate of group 0 to 1.0000e-01.
Epoch: 28, Train loss: 0.39355622993469236, Validation loss: 0.6124216479301453, Validation accuracy: 0.803
Adjusting learning rate of group 0 to 1.0000e-01.
Epoch: 29, Train loss: 0.3864336127185822, Validation loss: 0.447319699716568, Validation accuracy: 0.8542
Adjusting learning rate of group 0 to 1.0000e-01.
Epoch: 30, Train loss: 0.3797824507236481, Validation loss: 0.5454208081722259, Validation accuracy: 0.8248
Adjusting learning rate of group 0 to 1.0000e-01.
Epoch: 31, Train loss: 0.37916482745170593, Validation loss: 0.6128336009979248, Validation accuracy: 0.8179
Adjusting learning rate of group 0 to 1.0000e-01.
Epoch: 32, Train loss: 0.37760595191955565, Validation loss: 0.5225043545722962, Validation accuracy: 0.8375
Adjusting learning rate of group 0 to 1.0000e-01.
Epoch: 33, Train loss: 0.3755907195281982, Validation loss: 0.4784234206199646, Validation accuracy: 0.8456
Adjusting learning rate of group 0 to 1.0000e-01.
Epoch: 34, Train loss: 0.3689212491035461, Validation loss: 0.6593956741333008, Validation accuracy: 0.813
Adjusting learning rate of group 0 to 1.0000e-01.
Epoch: 35, Train loss: 0.3672302470397949, Validation loss: 0.5034166913032532, Validation accuracy: 0.8462
Adjusting learning rate of group 0 to 1.0000e-01.
Epoch: 36, Train loss: 0.3636412473487854, Validation loss: 0.5481458724975586, Validation accuracy: 0.8341
Adjusting learning rate of group 0 to 1.0000e-01.
Epoch: 37, Train loss: 0.3639441605472565, Validation loss: 0.6019545526504516, Validation accuracy: 0.8209
Adjusting learning rate of group 0 to 1.0000e-01.
Epoch: 38, Train loss: 0.35747060742378234, Validation loss: 0.6211145476341248, Validation accuracy: 0.8198
Adjusting learning rate of group 0 to 1.0000e-01.
Epoch: 39, Train loss: 0.35791478094100954, Validation loss: 0.5199428157806396, Validation accuracy: 0.8388
Adjusting learning rate of group 0 to 1.0000e-01.
Epoch: 40, Train loss: 0.35675455209732054, Validation loss: 0.4718013407230377, Validation accuracy: 0.8504
Adjusting learning rate of group 0 to 1.0000e-01.
Epoch: 41, Train loss: 0.3514984162092209, Validation loss: 0.511149094581604, Validation accuracy: 0.8376
Adjusting learning rate of group 0 to 1.0000e-01.
Epoch: 42, Train loss: 0.345912553691864, Validation loss: 0.5468716804027557, Validation accuracy: 0.8299
Adjusting learning rate of group 0 to 1.0000e-01.
Epoch: 43, Train loss: 0.35308893661499025, Validation loss: 0.45854502415657045, Validation accuracy: 0.8495
Adjusting learning rate of group 0 to 1.0000e-01.
Epoch: 44, Train loss: 0.35277576771259306, Validation loss: 0.5346579809904098, Validation accuracy: 0.8419
Adjusting learning rate of group 0 to 1.0000e-01.
Epoch: 45, Train loss: 0.34358889946460724, Validation loss: 0.6072991755485535, Validation accuracy: 0.8446
Adjusting learning rate of group 0 to 1.0000e-01.
Epoch: 46, Train loss: 0.3432044470500946, Validation loss: 0.44213536748886106, Validation accuracy: 0.8528
Adjusting learning rate of group 0 to 1.0000e-01.
Epoch: 47, Train loss: 0.33763197181224824, Validation loss: 0.4819152406692505, Validation accuracy: 0.8509
Adjusting learning rate of group 0 to 1.0000e-01.
Epoch: 48, Train loss: 0.3391283261108398, Validation loss: 0.5260578194618225, Validation accuracy: 0.8392
Adjusting learning rate of group 0 to 1.0000e-01.
Epoch: 49, Train loss: 0.33363536936759947, Validation loss: 0.5033841994285584, Validation accuracy: 0.8403
Adjusting learning rate of group 0 to 1.0000e-01.
Epoch: 50, Train loss: 0.3347236642742157, Validation loss: 0.5616504110336303, Validation accuracy: 0.8278
Adjusting learning rate of group 0 to 1.0000e-01.
Epoch: 51, Train loss: 0.33351722640037534, Validation loss: 0.5024348103523254, Validation accuracy: 0.8544
Adjusting learning rate of group 0 to 1.0000e-01.
Epoch: 52, Train loss: 0.33396181199073793, Validation loss: 0.4698952805519104, Validation accuracy: 0.8474
Adjusting learning rate of group 0 to 1.0000e-01.
Epoch: 53, Train loss: 0.32564497239112855, Validation loss: 0.4921564477920532, Validation accuracy: 0.8379
Adjusting learning rate of group 0 to 1.0000e-01.
Epoch: 54, Train loss: 0.3283286797809601, Validation loss: 0.5533133373260498, Validation accuracy: 0.8385
Adjusting learning rate of group 0 to 1.0000e-01.
Epoch: 55, Train loss: 0.3372791460609436, Validation loss: 0.5759923632621765, Validation accuracy: 0.8313
Adjusting learning rate of group 0 to 1.0000e-01.
Epoch: 56, Train loss: 0.3300911173248291, Validation loss: 0.7145987378120422, Validation accuracy: 0.8098
Adjusting learning rate of group 0 to 1.0000e-01.
Epoch: 57, Train loss: 0.3266215698432922, Validation loss: 0.5248253251552581, Validation accuracy: 0.8364
Adjusting learning rate of group 0 to 1.0000e-01.
Epoch: 58, Train loss: 0.3301846097946167, Validation loss: 0.5120845849990845, Validation accuracy: 0.8453
Adjusting learning rate of group 0 to 1.0000e-01.
Epoch: 59, Train loss: 0.32856936366558076, Validation loss: 0.47909916892051696, Validation accuracy: 0.8507
Adjusting learning rate of group 0 to 1.0000e-01.
Epoch: 60, Train loss: 0.3233846671104431, Validation loss: 0.5407710463523865, Validation accuracy: 0.8379
Adjusting learning rate of group 0 to 1.0000e-01.
Epoch: 61, Train loss: 0.32866916219711306, Validation loss: 0.5919725842475891, Validation accuracy: 0.8239
Adjusting learning rate of group 0 to 1.0000e-01.
Epoch: 62, Train loss: 0.3189540145301819, Validation loss: 0.47700291051864624, Validation accuracy: 0.8458
Adjusting learning rate of group 0 to 1.0000e-01.
Epoch: 63, Train loss: 0.3141737385368347, Validation loss: 0.5159635865211487, Validation accuracy: 0.843
Adjusting learning rate of group 0 to 1.0000e-01.
Epoch: 64, Train loss: 0.31817815638542174, Validation loss: 0.8448403600692749, Validation accuracy: 0.7766
Adjusting learning rate of group 0 to 1.0000e-01.
Epoch: 65, Train loss: 0.32152466682434083, Validation loss: 0.5997792804718017, Validation accuracy: 0.8201
Adjusting learning rate of group 0 to 1.0000e-01.
Epoch: 66, Train loss: 0.318760597448349, Validation loss: 0.488829474067688, Validation accuracy: 0.8459
Adjusting learning rate of group 0 to 1.0000e-01.
Epoch: 67, Train loss: 0.31434784653663633, Validation loss: 0.4803487844467163, Validation accuracy: 0.8475
Adjusting learning rate of group 0 to 1.0000e-01.
Epoch: 68, Train loss: 0.31934834762573244, Validation loss: 0.49662708148956297, Validation accuracy: 0.8411
Adjusting learning rate of group 0 to 1.0000e-01.
Epoch: 69, Train loss: 0.31462970296859744, Validation loss: 0.559401309299469, Validation accuracy: 0.8429
Adjusting learning rate of group 0 to 1.0000e-01.
Epoch: 70, Train loss: 0.3161462527179718, Validation loss: 0.4469126913547516, Validation accuracy: 0.8599
Adjusting learning rate of group 0 to 1.0000e-01.
Epoch: 71, Train loss: 0.310379951133728, Validation loss: 0.48632880544662477, Validation accuracy: 0.8432
Adjusting learning rate of group 0 to 1.0000e-01.
Epoch: 72, Train loss: 0.3173221835899353, Validation loss: 0.4161246960639954, Validation accuracy: 0.8646
Adjusting learning rate of group 0 to 1.0000e-01.
Epoch: 73, Train loss: 0.31869522466659544, Validation loss: 0.432241330242157, Validation accuracy: 0.8676
Adjusting learning rate of group 0 to 1.0000e-01.
Epoch: 74, Train loss: 0.30902138763427733, Validation loss: 0.5546994295120239, Validation accuracy: 0.8356
Adjusting learning rate of group 0 to 1.0000e-01.
Epoch: 75, Train loss: 0.3198614176225662, Validation loss: 0.6015435907840728, Validation accuracy: 0.8209
Adjusting learning rate of group 0 to 1.0000e-01.
Epoch: 76, Train loss: 0.30842980417251586, Validation loss: 0.48290773944854737, Validation accuracy: 0.8596
Adjusting learning rate of group 0 to 1.0000e-01.
Epoch: 77, Train loss: 0.30857947947502135, Validation loss: 0.5268641098499298, Validation accuracy: 0.8449
Adjusting learning rate of group 0 to 1.0000e-01.
Epoch: 78, Train loss: 0.3148097534894943, Validation loss: 0.5450724123001098, Validation accuracy: 0.8352
Adjusting learning rate of group 0 to 1.0000e-01.
Epoch: 79, Train loss: 0.31167574583053587, Validation loss: 0.4697267711639404, Validation accuracy: 0.858
Adjusting learning rate of group 0 to 1.0000e-01.
Epoch: 80, Train loss: 0.30785222606658935, Validation loss: 0.4743411141395569, Validation accuracy: 0.8533
Adjusting learning rate of group 0 to 1.0000e-01.
Epoch: 81, Train loss: 0.3024709403038025, Validation loss: 0.45047483949661254, Validation accuracy: 0.8556
Adjusting learning rate of group 0 to 1.0000e-01.
Epoch: 82, Train loss: 0.31381881212234497, Validation loss: 0.5485285333395005, Validation accuracy: 0.8447
Adjusting learning rate of group 0 to 1.0000e-01.
Epoch: 83, Train loss: 0.30891448771953584, Validation loss: 0.41094448041915893, Validation accuracy: 0.8712
Adjusting learning rate of group 0 to 1.0000e-01.
Epoch: 84, Train loss: 0.30733808863639833, Validation loss: 0.5499141562461853, Validation accuracy: 0.8361
Adjusting learning rate of group 0 to 1.0000e-01.
Epoch: 85, Train loss: 0.3087037770843506, Validation loss: 0.4131915941238403, Validation accuracy: 0.8717
Adjusting learning rate of group 0 to 1.0000e-01.
Epoch: 86, Train loss: 0.29914797656059267, Validation loss: 0.5728362725496292, Validation accuracy: 0.853
Adjusting learning rate of group 0 to 1.0000e-01.
Epoch: 87, Train loss: 0.3090442257499695, Validation loss: 0.5231933148860931, Validation accuracy: 0.8428
Adjusting learning rate of group 0 to 1.0000e-01.
Epoch: 88, Train loss: 0.3052607041597366, Validation loss: 0.4365221115112305, Validation accuracy: 0.8602
Adjusting learning rate of group 0 to 1.0000e-01.
Epoch: 89, Train loss: 0.31008159298896787, Validation loss: 0.4553195118427277, Validation accuracy: 0.8549
Adjusting learning rate of group 0 to 1.0000e-01.
Epoch: 90, Train loss: 0.2976911006164551, Validation loss: 0.4108549880027771, Validation accuracy: 0.8696
Adjusting learning rate of group 0 to 1.0000e-01.
Epoch: 91, Train loss: 0.3064395715427399, Validation loss: 0.5186344389915466, Validation accuracy: 0.8464
Adjusting learning rate of group 0 to 1.0000e-01.
Epoch: 92, Train loss: 0.3051712694644928, Validation loss: 0.47667762627601623, Validation accuracy: 0.849
Adjusting learning rate of group 0 to 1.0000e-01.
Epoch: 93, Train loss: 0.3066493541288376, Validation loss: 0.45555374512672425, Validation accuracy: 0.861
Adjusting learning rate of group 0 to 1.0000e-01.
Epoch: 94, Train loss: 0.3103712766361237, Validation loss: 0.4817189189910889, Validation accuracy: 0.8535
Adjusting learning rate of group 0 to 1.0000e-01.
Epoch: 95, Train loss: 0.2990549047756195, Validation loss: 0.5872925552368164, Validation accuracy: 0.8214
Adjusting learning rate of group 0 to 1.0000e-01.
Epoch: 96, Train loss: 0.3021080683660507, Validation loss: 0.3667875202655792, Validation accuracy: 0.8822
Adjusting learning rate of group 0 to 1.0000e-01.
Epoch: 97, Train loss: 0.29989702424049375, Validation loss: 0.4795261474132538, Validation accuracy: 0.8514
Adjusting learning rate of group 0 to 1.0000e-01.
Epoch: 98, Train loss: 0.3013291699409485, Validation loss: 0.46678062353134153, Validation accuracy: 0.8644
Adjusting learning rate of group 0 to 1.0000e-01.
Epoch: 99, Train loss: 0.2997112051010132, Validation loss: 0.6394624316692352, Validation accuracy: 0.8226
Adjusting learning rate of group 0 to 1.0000e-02.
Epoch: 100, Train loss: 0.29957039966583254, Validation loss: 1.0325836867332459, Validation accuracy: 0.7616
Adjusting learning rate of group 0 to 1.0000e-02.
Epoch: 101, Train loss: 0.16602882499575614, Validation loss: 0.2818806387424469, Validation accuracy: 0.9171
Adjusting learning rate of group 0 to 1.0000e-02.
Epoch: 102, Train loss: 0.12857479169845581, Validation loss: 0.26444182839393615, Validation accuracy: 0.9243
Adjusting learning rate of group 0 to 1.0000e-02.
Epoch: 103, Train loss: 0.11403988200426102, Validation loss: 0.2671880091190338, Validation accuracy: 0.9245
Adjusting learning rate of group 0 to 1.0000e-02.
Epoch: 104, Train loss: 0.10314366893291474, Validation loss: 0.26311480960845945, Validation accuracy: 0.9229
Adjusting learning rate of group 0 to 1.0000e-02.
Epoch: 105, Train loss: 0.09434412559270859, Validation loss: 0.27899157071113584, Validation accuracy: 0.9244
Adjusting learning rate of group 0 to 1.0000e-02.
Epoch: 106, Train loss: 0.09117441392183304, Validation loss: 0.27541733283996583, Validation accuracy: 0.9253
Adjusting learning rate of group 0 to 1.0000e-02.
Epoch: 107, Train loss: 0.08694304699659347, Validation loss: 0.27171753377914426, Validation accuracy: 0.9267
Adjusting learning rate of group 0 to 1.0000e-02.
Epoch: 108, Train loss: 0.08059406467914582, Validation loss: 0.28596795418262483, Validation accuracy: 0.9267
Adjusting learning rate of group 0 to 1.0000e-02.
Epoch: 109, Train loss: 0.07451516773223876, Validation loss: 0.2997707417488098, Validation accuracy: 0.9235
Adjusting learning rate of group 0 to 1.0000e-02.
Epoch: 110, Train loss: 0.07214444306612015, Validation loss: 0.29605924525260924, Validation accuracy: 0.9269
Adjusting learning rate of group 0 to 1.0000e-02.
Epoch: 111, Train loss: 0.06881771561145783, Validation loss: 0.3166477220535278, Validation accuracy: 0.921
Adjusting learning rate of group 0 to 1.0000e-02.
Epoch: 112, Train loss: 0.06489429600954055, Validation loss: 0.30758661236763, Validation accuracy: 0.9238
Adjusting learning rate of group 0 to 1.0000e-02.
Epoch: 113, Train loss: 0.06187539972782135, Validation loss: 0.3234763126194477, Validation accuracy: 0.9238
Adjusting learning rate of group 0 to 1.0000e-02.
Epoch: 114, Train loss: 0.059543206578493116, Validation loss: 0.3190756817102432, Validation accuracy: 0.9247
Adjusting learning rate of group 0 to 1.0000e-02.
Epoch: 115, Train loss: 0.06020119126081467, Validation loss: 0.3148682667732239, Validation accuracy: 0.9248
Adjusting learning rate of group 0 to 1.0000e-02.
Epoch: 116, Train loss: 0.056005377457141875, Validation loss: 0.3255794996023178, Validation accuracy: 0.9242
Adjusting learning rate of group 0 to 1.0000e-02.
Epoch: 117, Train loss: 0.0526889105618, Validation loss: 0.33665357407331464, Validation accuracy: 0.9251
Adjusting learning rate of group 0 to 1.0000e-02.
Epoch: 118, Train loss: 0.05053197649955749, Validation loss: 0.34484894561767576, Validation accuracy: 0.9269
Adjusting learning rate of group 0 to 1.0000e-02.
Epoch: 119, Train loss: 0.052490758466720584, Validation loss: 0.33581346127986905, Validation accuracy: 0.9242
Adjusting learning rate of group 0 to 1.0000e-02.
Epoch: 120, Train loss: 0.04790229804217815, Validation loss: 0.34326472117900847, Validation accuracy: 0.9216
Adjusting learning rate of group 0 to 1.0000e-02.
Epoch: 121, Train loss: 0.04769212914049625, Validation loss: 0.37131853523254393, Validation accuracy: 0.9242
Adjusting learning rate of group 0 to 1.0000e-02.
Epoch: 122, Train loss: 0.049490838735103605, Validation loss: 0.35678850915431976, Validation accuracy: 0.9219
Adjusting learning rate of group 0 to 1.0000e-02.
Epoch: 123, Train loss: 0.045608282678723334, Validation loss: 0.3562712010383606, Validation accuracy: 0.9238
Adjusting learning rate of group 0 to 1.0000e-02.
Epoch: 124, Train loss: 0.04276645443916321, Validation loss: 0.37010200166702273, Validation accuracy: 0.9232
Adjusting learning rate of group 0 to 1.0000e-02.
Epoch: 125, Train loss: 0.04277539965867996, Validation loss: 0.3573989273071289, Validation accuracy: 0.9274
Adjusting learning rate of group 0 to 1.0000e-02.
Epoch: 126, Train loss: 0.039161971565485, Validation loss: 0.3832022661089897, Validation accuracy: 0.9247
Adjusting learning rate of group 0 to 1.0000e-02.
Epoch: 127, Train loss: 0.04588205068230629, Validation loss: 0.36217494373321535, Validation accuracy: 0.922
Adjusting learning rate of group 0 to 1.0000e-02.
Epoch: 128, Train loss: 0.042237031001448634, Validation loss: 0.37114790258407593, Validation accuracy: 0.9258
Adjusting learning rate of group 0 to 1.0000e-02.
Epoch: 129, Train loss: 0.038984637352228166, Validation loss: 0.39194917526245115, Validation accuracy: 0.9251
Adjusting learning rate of group 0 to 1.0000e-02.
Epoch: 130, Train loss: 0.04030096648097038, Validation loss: 0.38749158282279966, Validation accuracy: 0.9209
Adjusting learning rate of group 0 to 1.0000e-02.
Epoch: 131, Train loss: 0.03887553926736116, Validation loss: 0.3910779772043228, Validation accuracy: 0.9261
Adjusting learning rate of group 0 to 1.0000e-02.
Epoch: 132, Train loss: 0.03917029759764672, Validation loss: 0.40278009514808655, Validation accuracy: 0.9214
Adjusting learning rate of group 0 to 1.0000e-02.
Epoch: 133, Train loss: 0.037407103114128114, Validation loss: 0.4024690373659134, Validation accuracy: 0.9246
Adjusting learning rate of group 0 to 1.0000e-02.
Epoch: 134, Train loss: 0.03841578923746943, Validation loss: 0.40178022232055666, Validation accuracy: 0.9227
Adjusting learning rate of group 0 to 1.0000e-02.
Epoch: 135, Train loss: 0.03719138249754906, Validation loss: 0.38992124910354614, Validation accuracy: 0.925
Adjusting learning rate of group 0 to 1.0000e-02.
Epoch: 136, Train loss: 0.037223943337202074, Validation loss: 0.37365357885360717, Validation accuracy: 0.9252
Adjusting learning rate of group 0 to 1.0000e-02.
Epoch: 137, Train loss: 0.03529812097668648, Validation loss: 0.44458918561935423, Validation accuracy: 0.9178
Adjusting learning rate of group 0 to 1.0000e-02.
Epoch: 138, Train loss: 0.036253889864981174, Validation loss: 0.406039346408844, Validation accuracy: 0.9253
Adjusting learning rate of group 0 to 1.0000e-02.
Epoch: 139, Train loss: 0.038636306728422644, Validation loss: 0.4080174161911011, Validation accuracy: 0.9219
Adjusting learning rate of group 0 to 1.0000e-02.
Epoch: 140, Train loss: 0.03673880427330732, Validation loss: 0.4334456438064575, Validation accuracy: 0.9215
Adjusting learning rate of group 0 to 1.0000e-02.
Epoch: 141, Train loss: 0.03557768371462822, Validation loss: 0.40786016187667845, Validation accuracy: 0.9197
Adjusting learning rate of group 0 to 1.0000e-02.
Epoch: 142, Train loss: 0.03785232891023159, Validation loss: 0.4381770435333252, Validation accuracy: 0.9166
Adjusting learning rate of group 0 to 1.0000e-02.
Epoch: 143, Train loss: 0.036285596600472925, Validation loss: 0.4160149739265442, Validation accuracy: 0.9197
Adjusting learning rate of group 0 to 1.0000e-02.
Epoch: 144, Train loss: 0.03710314854711294, Validation loss: 0.4131593719482422, Validation accuracy: 0.9255
Adjusting learning rate of group 0 to 1.0000e-02.
Epoch: 145, Train loss: 0.03789535150527954, Validation loss: 0.41596451177597044, Validation accuracy: 0.9204
Adjusting learning rate of group 0 to 1.0000e-02.
Epoch: 146, Train loss: 0.03799490252479911, Validation loss: 0.39303674025535584, Validation accuracy: 0.9227
Adjusting learning rate of group 0 to 1.0000e-02.
Epoch: 147, Train loss: 0.03578611834943295, Validation loss: 0.42888213529586794, Validation accuracy: 0.9219
Adjusting learning rate of group 0 to 1.0000e-02.
Epoch: 148, Train loss: 0.0353789518943429, Validation loss: 0.4272603801727295, Validation accuracy: 0.9174
Adjusting learning rate of group 0 to 1.0000e-02.
Epoch: 149, Train loss: 0.03701800341963768, Validation loss: 0.41598523836135864, Validation accuracy: 0.9206
Adjusting learning rate of group 0 to 1.0000e-03.
Epoch: 150, Train loss: 0.03525019198149443, Validation loss: 0.3980008198618889, Validation accuracy: 0.9241
Adjusting learning rate of group 0 to 1.0000e-03.
Epoch: 151, Train loss: 0.022411288532614707, Validation loss: 0.38056719267368316, Validation accuracy: 0.9289
Adjusting learning rate of group 0 to 1.0000e-03.
Epoch: 152, Train loss: 0.01837250527776778, Validation loss: 0.3808465136051178, Validation accuracy: 0.9301
Adjusting learning rate of group 0 to 1.0000e-03.
Epoch: 153, Train loss: 0.015792765794098378, Validation loss: 0.3842418009757996, Validation accuracy: 0.9303
Adjusting learning rate of group 0 to 1.0000e-03.
Epoch: 154, Train loss: 0.014081825334876777, Validation loss: 0.3887655866861343, Validation accuracy: 0.9287
Adjusting learning rate of group 0 to 1.0000e-03.
Epoch: 155, Train loss: 0.012670643783658743, Validation loss: 0.3927005119800568, Validation accuracy: 0.9302
Adjusting learning rate of group 0 to 1.0000e-03.
Epoch: 156, Train loss: 0.01247165552817285, Validation loss: 0.4015490038394928, Validation accuracy: 0.9295
Adjusting learning rate of group 0 to 1.0000e-03.
Epoch: 157, Train loss: 0.011257257359996439, Validation loss: 0.3993373981714249, Validation accuracy: 0.9305
Adjusting learning rate of group 0 to 1.0000e-03.
Epoch: 158, Train loss: 0.009729874327555298, Validation loss: 0.4085966975927353, Validation accuracy: 0.9313
Adjusting learning rate of group 0 to 1.0000e-03.
Epoch: 159, Train loss: 0.010562352845221758, Validation loss: 0.40584580459594727, Validation accuracy: 0.932
Adjusting learning rate of group 0 to 1.0000e-03.
Epoch: 160, Train loss: 0.009568252923190594, Validation loss: 0.4149143022298813, Validation accuracy: 0.9316
Adjusting learning rate of group 0 to 1.0000e-03.
Epoch: 161, Train loss: 0.009504850489646196, Validation loss: 0.4135089030742645, Validation accuracy: 0.9307
Adjusting learning rate of group 0 to 1.0000e-03.
Epoch: 162, Train loss: 0.009539147556126117, Validation loss: 0.4127926429271698, Validation accuracy: 0.9309
Adjusting learning rate of group 0 to 1.0000e-03.
Epoch: 163, Train loss: 0.008587954147607088, Validation loss: 0.4169216970682144, Validation accuracy: 0.9305
Adjusting learning rate of group 0 to 1.0000e-03.
Epoch: 164, Train loss: 0.008477947843130678, Validation loss: 0.4182257373571396, Validation accuracy: 0.9315
Adjusting learning rate of group 0 to 1.0000e-03.
Epoch: 165, Train loss: 0.00854526308875531, Validation loss: 0.4230474280357361, Validation accuracy: 0.9317
Adjusting learning rate of group 0 to 1.0000e-03.
Epoch: 166, Train loss: 0.007233409445509315, Validation loss: 0.4304799798488617, Validation accuracy: 0.931
Adjusting learning rate of group 0 to 1.0000e-03.
Epoch: 167, Train loss: 0.007937545325681567, Validation loss: 0.4293811010837555, Validation accuracy: 0.9298
Adjusting learning rate of group 0 to 1.0000e-03.
Epoch: 168, Train loss: 0.007648367796316743, Validation loss: 0.43746853115558626, Validation accuracy: 0.9304
Adjusting learning rate of group 0 to 1.0000e-03.
Epoch: 169, Train loss: 0.006971069104485214, Validation loss: 0.44455818905830385, Validation accuracy: 0.9304
Adjusting learning rate of group 0 to 1.0000e-03.
Epoch: 170, Train loss: 0.00680017499640584, Validation loss: 0.44645632610321045, Validation accuracy: 0.9303
Adjusting learning rate of group 0 to 1.0000e-03.
Epoch: 171, Train loss: 0.006984549905173481, Validation loss: 0.44633697996139526, Validation accuracy: 0.93
Adjusting learning rate of group 0 to 1.0000e-03.
Epoch: 172, Train loss: 0.006995208320883102, Validation loss: 0.449614790391922, Validation accuracy: 0.93
Adjusting learning rate of group 0 to 1.0000e-03.
Epoch: 173, Train loss: 0.006884382695294917, Validation loss: 0.4433475042104721, Validation accuracy: 0.9308
Adjusting learning rate of group 0 to 1.0000e-03.
Epoch: 174, Train loss: 0.006450009777117521, Validation loss: 0.45211105537414553, Validation accuracy: 0.931
Adjusting learning rate of group 0 to 1.0000e-03.
Epoch: 175, Train loss: 0.006642642018720508, Validation loss: 0.4479220990657806, Validation accuracy: 0.9309
Adjusting learning rate of group 0 to 1.0000e-03.
Epoch: 176, Train loss: 0.006119678483307362, Validation loss: 0.4497561019420624, Validation accuracy: 0.931
Adjusting learning rate of group 0 to 1.0000e-03.
Epoch: 177, Train loss: 0.005758772219270468, Validation loss: 0.4523777738571167, Validation accuracy: 0.931
Adjusting learning rate of group 0 to 1.0000e-03.
Epoch: 178, Train loss: 0.006369927220121026, Validation loss: 0.4533109320163727, Validation accuracy: 0.9313
Adjusting learning rate of group 0 to 1.0000e-03.
Epoch: 179, Train loss: 0.006259410769492388, Validation loss: 0.4583389030456543, Validation accuracy: 0.9294
Adjusting learning rate of group 0 to 1.0000e-03.
Epoch: 180, Train loss: 0.005045384772717953, Validation loss: 0.4593141773223877, Validation accuracy: 0.9305
Adjusting learning rate of group 0 to 1.0000e-03.
Epoch: 181, Train loss: 0.005541864694301039, Validation loss: 0.4629904818058014, Validation accuracy: 0.9317
Adjusting learning rate of group 0 to 1.0000e-03.
Epoch: 182, Train loss: 0.006029318759478629, Validation loss: 0.46728998432159424, Validation accuracy: 0.9307
Adjusting learning rate of group 0 to 1.0000e-03.
Epoch: 183, Train loss: 0.005550691694021225, Validation loss: 0.46269391231536866, Validation accuracy: 0.9308
Adjusting learning rate of group 0 to 1.0000e-03.
Epoch: 184, Train loss: 0.005436012326385826, Validation loss: 0.468944668006897, Validation accuracy: 0.9307
Adjusting learning rate of group 0 to 1.0000e-03.
Epoch: 185, Train loss: 0.005070962384250015, Validation loss: 0.4639090062618256, Validation accuracy: 0.9317
Adjusting learning rate of group 0 to 1.0000e-03.
Epoch: 186, Train loss: 0.005195293149501085, Validation loss: 0.4667042325258255, Validation accuracy: 0.9308
Adjusting learning rate of group 0 to 1.0000e-03.
Epoch: 187, Train loss: 0.0053792193234153095, Validation loss: 0.4759801609992981, Validation accuracy: 0.9313
Adjusting learning rate of group 0 to 1.0000e-03.
Epoch: 188, Train loss: 0.005517422135807574, Validation loss: 0.4689974449634552, Validation accuracy: 0.932
Adjusting learning rate of group 0 to 1.0000e-03.
Epoch: 189, Train loss: 0.005454211272597313, Validation loss: 0.47268662345409396, Validation accuracy: 0.9319
Adjusting learning rate of group 0 to 1.0000e-03.
Epoch: 190, Train loss: 0.0048333871173486115, Validation loss: 0.46418818645477294, Validation accuracy: 0.932
Adjusting learning rate of group 0 to 1.0000e-03.
Epoch: 191, Train loss: 0.00498889026042074, Validation loss: 0.47424089698791505, Validation accuracy: 0.9308
Adjusting learning rate of group 0 to 1.0000e-03.
Epoch: 192, Train loss: 0.00467246327849105, Validation loss: 0.4732249507427216, Validation accuracy: 0.9328
Adjusting learning rate of group 0 to 1.0000e-03.
Epoch: 193, Train loss: 0.004938737930431962, Validation loss: 0.4743089635848999, Validation accuracy: 0.9319
Adjusting learning rate of group 0 to 1.0000e-03.
Epoch: 194, Train loss: 0.004271833292283118, Validation loss: 0.47946300406455994, Validation accuracy: 0.931
Adjusting learning rate of group 0 to 1.0000e-03.
Epoch: 195, Train loss: 0.005144556574635207, Validation loss: 0.4803072418212891, Validation accuracy: 0.9319
Adjusting learning rate of group 0 to 1.0000e-03.
Epoch: 196, Train loss: 0.004311520258467644, Validation loss: 0.48319959602355955, Validation accuracy: 0.9317
Adjusting learning rate of group 0 to 1.0000e-03.
Epoch: 197, Train loss: 0.004362984682675451, Validation loss: 0.48075151553153994, Validation accuracy: 0.9326
Adjusting learning rate of group 0 to 1.0000e-03.
Epoch: 198, Train loss: 0.004539464413989335, Validation loss: 0.4780149336338043, Validation accuracy: 0.9326
Adjusting learning rate of group 0 to 1.0000e-03.
Epoch: 199, Train loss: 0.004441040107756853, Validation loss: 0.4827146272659302, Validation accuracy: 0.9317
Accuracy: 0.9317, Parameters: 6914
