['ResNet-TRL-Ringed.py', '--core_ranks', '2', '1', '2', '--ring_ranks', '11', '2', '4', '--seed', '1', '--device=cuda:2']
Initializing dataloader
Files already downloaded and verified
Files already downloaded and verified
Dataloader has initialized
Initializing model
Adjusting learning rate of group 0 to 1.0000e-02.
Model initialized
Testing model
Tests passed
Adjusting learning rate of group 0 to 2.0000e-02.
Epoch: 0, Train loss: 1.873915196876526, Validation loss: 1.5569529516220093, Validation accuracy: 0.4034
Adjusting learning rate of group 0 to 3.0000e-02.
Epoch: 1, Train loss: 1.5253788466644287, Validation loss: 1.4460985828399657, Validation accuracy: 0.4788
Adjusting learning rate of group 0 to 4.0000e-02.
Epoch: 2, Train loss: 1.2837898244476318, Validation loss: 1.363665319252014, Validation accuracy: 0.5384
Adjusting learning rate of group 0 to 5.0000e-02.
Epoch: 3, Train loss: 1.112939786262512, Validation loss: 1.204099228477478, Validation accuracy: 0.594
Adjusting learning rate of group 0 to 6.0000e-02.
Epoch: 4, Train loss: 0.9945922852897644, Validation loss: 0.918318235206604, Validation accuracy: 0.6786
Adjusting learning rate of group 0 to 7.0000e-02.
Epoch: 5, Train loss: 0.8904592964172363, Validation loss: 1.0608252517700196, Validation accuracy: 0.6801
Adjusting learning rate of group 0 to 8.0000e-02.
Epoch: 6, Train loss: 0.822685639629364, Validation loss: 1.1177089574813843, Validation accuracy: 0.6538
Adjusting learning rate of group 0 to 9.0000e-02.
Epoch: 7, Train loss: 0.7533919547843934, Validation loss: 0.8483923790931701, Validation accuracy: 0.7267
Adjusting learning rate of group 0 to 1.0000e-01.
Epoch: 8, Train loss: 0.7236571846961976, Validation loss: 0.936671522140503, Validation accuracy: 0.7097
Adjusting learning rate of group 0 to 1.0000e-01.
Epoch: 9, Train loss: 0.6934209141349792, Validation loss: 0.8291353757858276, Validation accuracy: 0.7477
Adjusting learning rate of group 0 to 1.0000e-01.
Epoch: 10, Train loss: 0.6498858996963501, Validation loss: 0.7707866770744324, Validation accuracy: 0.7559
Adjusting learning rate of group 0 to 1.0000e-01.
Epoch: 11, Train loss: 0.6209209112167359, Validation loss: 1.0449590468406678, Validation accuracy: 0.7358
Adjusting learning rate of group 0 to 1.0000e-01.
Epoch: 12, Train loss: 0.5968632374382019, Validation loss: 0.667640157032013, Validation accuracy: 0.7937
Adjusting learning rate of group 0 to 1.0000e-01.
Epoch: 13, Train loss: 0.5779502092838288, Validation loss: 0.9525520484924317, Validation accuracy: 0.7297
Adjusting learning rate of group 0 to 1.0000e-01.
Epoch: 14, Train loss: 0.5574618282699585, Validation loss: 0.8129834463119506, Validation accuracy: 0.7388
Adjusting learning rate of group 0 to 1.0000e-01.
Epoch: 15, Train loss: 0.5579846594810486, Validation loss: 1.1301854526519775, Validation accuracy: 0.6913
Adjusting learning rate of group 0 to 1.0000e-01.
Epoch: 16, Train loss: 0.5380017308998107, Validation loss: 0.7008463300704956, Validation accuracy: 0.8001
Adjusting learning rate of group 0 to 1.0000e-01.
Epoch: 17, Train loss: 0.5178597302246094, Validation loss: 0.6780438715457916, Validation accuracy: 0.7897
Adjusting learning rate of group 0 to 1.0000e-01.
Epoch: 18, Train loss: 0.5160675385665894, Validation loss: 0.6039704420089722, Validation accuracy: 0.8168
Adjusting learning rate of group 0 to 1.0000e-01.
Epoch: 19, Train loss: 0.5054272874450684, Validation loss: 0.7301708114624024, Validation accuracy: 0.7724
Adjusting learning rate of group 0 to 1.0000e-01.
Epoch: 20, Train loss: 0.4971530768203735, Validation loss: 0.8314492374420166, Validation accuracy: 0.7502
Adjusting learning rate of group 0 to 1.0000e-01.
Epoch: 21, Train loss: 0.47764476405143735, Validation loss: 0.793846047592163, Validation accuracy: 0.7933
Adjusting learning rate of group 0 to 1.0000e-01.
Epoch: 22, Train loss: 0.4833139828395844, Validation loss: 0.8533886768341065, Validation accuracy: 0.7588
Adjusting learning rate of group 0 to 1.0000e-01.
Epoch: 23, Train loss: 0.4720056812477112, Validation loss: 0.646233646774292, Validation accuracy: 0.7999
Adjusting learning rate of group 0 to 1.0000e-01.
Epoch: 24, Train loss: 0.46459529384613035, Validation loss: 0.6493569205284119, Validation accuracy: 0.8018
Adjusting learning rate of group 0 to 1.0000e-01.
Epoch: 25, Train loss: 0.4570105366706848, Validation loss: 0.6828044006347657, Validation accuracy: 0.7969
Adjusting learning rate of group 0 to 1.0000e-01.
Epoch: 26, Train loss: 0.46598082670211793, Validation loss: 0.5777807020187378, Validation accuracy: 0.8266
Adjusting learning rate of group 0 to 1.0000e-01.
Epoch: 27, Train loss: 0.45481420369148257, Validation loss: 0.686740424156189, Validation accuracy: 0.802
Adjusting learning rate of group 0 to 1.0000e-01.
Epoch: 28, Train loss: 0.442044234790802, Validation loss: 0.6462368905067444, Validation accuracy: 0.8157
Adjusting learning rate of group 0 to 1.0000e-01.
Epoch: 29, Train loss: 0.43631003734588625, Validation loss: 0.6878348171234131, Validation accuracy: 0.8109
Adjusting learning rate of group 0 to 1.0000e-01.
Epoch: 30, Train loss: 0.42850384517669676, Validation loss: 0.865097451376915, Validation accuracy: 0.7809
Adjusting learning rate of group 0 to 1.0000e-01.
Epoch: 31, Train loss: 0.4371876424217224, Validation loss: 0.515576594877243, Validation accuracy: 0.8314
Adjusting learning rate of group 0 to 1.0000e-01.
Epoch: 32, Train loss: 0.4304272788906097, Validation loss: 0.5804217268943787, Validation accuracy: 0.8214
Adjusting learning rate of group 0 to 1.0000e-01.
Epoch: 33, Train loss: 0.4302975932121277, Validation loss: 0.7976533166885376, Validation accuracy: 0.8009
Adjusting learning rate of group 0 to 1.0000e-01.
Epoch: 34, Train loss: 0.4236300005912781, Validation loss: 0.5864676687240601, Validation accuracy: 0.8316
Adjusting learning rate of group 0 to 1.0000e-01.
Epoch: 35, Train loss: 0.4179257445049286, Validation loss: 0.5957769504547119, Validation accuracy: 0.8321
Adjusting learning rate of group 0 to 1.0000e-01.
Epoch: 36, Train loss: 0.41691205434799194, Validation loss: 0.5894520105838775, Validation accuracy: 0.8169
Adjusting learning rate of group 0 to 1.0000e-01.
Epoch: 37, Train loss: 0.42286040374755857, Validation loss: 0.5904485434532165, Validation accuracy: 0.8281
Adjusting learning rate of group 0 to 1.0000e-01.
Epoch: 38, Train loss: 0.4134150323677063, Validation loss: 0.7079505475997925, Validation accuracy: 0.7958
Adjusting learning rate of group 0 to 1.0000e-01.
Epoch: 39, Train loss: 0.4087606649494171, Validation loss: 0.6102975217819214, Validation accuracy: 0.8051
Adjusting learning rate of group 0 to 1.0000e-01.
Epoch: 40, Train loss: 0.40693828498840334, Validation loss: 0.7154144869327546, Validation accuracy: 0.8022
Adjusting learning rate of group 0 to 1.0000e-01.
Epoch: 41, Train loss: 0.40891364791870116, Validation loss: 0.5252774864196778, Validation accuracy: 0.842
Adjusting learning rate of group 0 to 1.0000e-01.
Epoch: 42, Train loss: 0.4010927986049652, Validation loss: 0.4811048523426056, Validation accuracy: 0.8488
Adjusting learning rate of group 0 to 1.0000e-01.
Epoch: 43, Train loss: 0.40031283253669736, Validation loss: 0.561016129398346, Validation accuracy: 0.8377
Adjusting learning rate of group 0 to 1.0000e-01.
Epoch: 44, Train loss: 0.3970050988006592, Validation loss: 0.7643308428764344, Validation accuracy: 0.7662
Adjusting learning rate of group 0 to 1.0000e-01.
Epoch: 45, Train loss: 0.3990416315937042, Validation loss: 0.6891452902793884, Validation accuracy: 0.8304
Adjusting learning rate of group 0 to 1.0000e-01.
Epoch: 46, Train loss: 0.40086868797302244, Validation loss: 0.5173562335014343, Validation accuracy: 0.8507
Adjusting learning rate of group 0 to 1.0000e-01.
Epoch: 47, Train loss: 0.39154928378105164, Validation loss: 0.6934835705757141, Validation accuracy: 0.7993
Adjusting learning rate of group 0 to 1.0000e-01.
Epoch: 48, Train loss: 0.3894485094261169, Validation loss: 0.5259276168823243, Validation accuracy: 0.8401
Adjusting learning rate of group 0 to 1.0000e-01.
Epoch: 49, Train loss: 0.38484715211868287, Validation loss: 0.49118795394897463, Validation accuracy: 0.8477
Adjusting learning rate of group 0 to 1.0000e-01.
Epoch: 50, Train loss: 0.3789722306728363, Validation loss: 0.5642990109443664, Validation accuracy: 0.8347
Adjusting learning rate of group 0 to 1.0000e-01.
Epoch: 51, Train loss: 0.39107224363327026, Validation loss: 0.5398964044570923, Validation accuracy: 0.8384
Adjusting learning rate of group 0 to 1.0000e-01.
Epoch: 52, Train loss: 0.38344815051078796, Validation loss: 0.943950184249878, Validation accuracy: 0.7736
Adjusting learning rate of group 0 to 1.0000e-01.
Epoch: 53, Train loss: 0.3877245899963379, Validation loss: 0.6472457713603973, Validation accuracy: 0.8088
Adjusting learning rate of group 0 to 1.0000e-01.
Epoch: 54, Train loss: 0.3824945542049408, Validation loss: 0.5943616899490356, Validation accuracy: 0.8281
Adjusting learning rate of group 0 to 1.0000e-01.
Epoch: 55, Train loss: 0.377431037273407, Validation loss: 0.6012045299530029, Validation accuracy: 0.8404
Adjusting learning rate of group 0 to 1.0000e-01.
Epoch: 56, Train loss: 0.38354060564041137, Validation loss: 0.743037089729309, Validation accuracy: 0.8155
Adjusting learning rate of group 0 to 1.0000e-01.
Epoch: 57, Train loss: 0.3760593931865692, Validation loss: 0.6588827979564666, Validation accuracy: 0.8218
Adjusting learning rate of group 0 to 1.0000e-01.
Epoch: 58, Train loss: 0.37430352787017823, Validation loss: 0.6684825382232666, Validation accuracy: 0.8068
Adjusting learning rate of group 0 to 1.0000e-01.
Epoch: 59, Train loss: 0.3806977047252655, Validation loss: 0.7410890329360962, Validation accuracy: 0.7951
Adjusting learning rate of group 0 to 1.0000e-01.
Epoch: 60, Train loss: 0.37790995315551756, Validation loss: 0.5975858222007752, Validation accuracy: 0.8278
Adjusting learning rate of group 0 to 1.0000e-01.
Epoch: 61, Train loss: 0.3767666271877289, Validation loss: 0.814449079322815, Validation accuracy: 0.8023
Adjusting learning rate of group 0 to 1.0000e-01.
Epoch: 62, Train loss: 0.38352297149658204, Validation loss: 0.5127496047973633, Validation accuracy: 0.8495
Adjusting learning rate of group 0 to 1.0000e-01.
Epoch: 63, Train loss: 0.3744061916065216, Validation loss: 0.5966607678413391, Validation accuracy: 0.8287
Adjusting learning rate of group 0 to 1.0000e-01.
Epoch: 64, Train loss: 0.3816843040847778, Validation loss: 0.47633738021850586, Validation accuracy: 0.8458
Adjusting learning rate of group 0 to 1.0000e-01.
Epoch: 65, Train loss: 0.3746149145078659, Validation loss: 0.5115472491741181, Validation accuracy: 0.8552
Adjusting learning rate of group 0 to 1.0000e-01.
Epoch: 66, Train loss: 0.3673074010181427, Validation loss: 0.5219752985954285, Validation accuracy: 0.8393
Adjusting learning rate of group 0 to 1.0000e-01.
Epoch: 67, Train loss: 0.3740244441127777, Validation loss: 0.6646714214801789, Validation accuracy: 0.7843
Adjusting learning rate of group 0 to 1.0000e-01.
Epoch: 68, Train loss: 0.3680919682121277, Validation loss: 0.5543104300498962, Validation accuracy: 0.8247
Adjusting learning rate of group 0 to 1.0000e-01.
Epoch: 69, Train loss: 0.36473553552627563, Validation loss: 0.5587778150558471, Validation accuracy: 0.8303
Adjusting learning rate of group 0 to 1.0000e-01.
Epoch: 70, Train loss: 0.36942167318344116, Validation loss: 0.5425018314838409, Validation accuracy: 0.8309
Adjusting learning rate of group 0 to 1.0000e-01.
Epoch: 71, Train loss: 0.3625272817707062, Validation loss: 0.5513795561790467, Validation accuracy: 0.8304
Adjusting learning rate of group 0 to 1.0000e-01.
Epoch: 72, Train loss: 0.3603415694999695, Validation loss: 0.5641719036102295, Validation accuracy: 0.8254
Adjusting learning rate of group 0 to 1.0000e-01.
Epoch: 73, Train loss: 0.3594986534690857, Validation loss: 0.4717600429534912, Validation accuracy: 0.864
Adjusting learning rate of group 0 to 1.0000e-01.
Epoch: 74, Train loss: 0.36977648606300356, Validation loss: 0.583654770731926, Validation accuracy: 0.8325
Adjusting learning rate of group 0 to 1.0000e-01.
Epoch: 75, Train loss: 0.36253405099868774, Validation loss: 0.5646257932662964, Validation accuracy: 0.8222
Adjusting learning rate of group 0 to 1.0000e-01.
Epoch: 76, Train loss: 0.3646605733299255, Validation loss: 0.5838033167839051, Validation accuracy: 0.8273
Adjusting learning rate of group 0 to 1.0000e-01.
Epoch: 77, Train loss: 0.36923077549934386, Validation loss: 0.7977434804916382, Validation accuracy: 0.7807
Adjusting learning rate of group 0 to 1.0000e-01.
Epoch: 78, Train loss: 0.3625383541679382, Validation loss: 0.6729995912551879, Validation accuracy: 0.8241
Adjusting learning rate of group 0 to 1.0000e-01.
Epoch: 79, Train loss: 0.3598052423667908, Validation loss: 0.5956779529571533, Validation accuracy: 0.8372
Adjusting learning rate of group 0 to 1.0000e-01.
Epoch: 80, Train loss: 0.35375486862659455, Validation loss: 0.48676379413604737, Validation accuracy: 0.855
Adjusting learning rate of group 0 to 1.0000e-01.
Epoch: 81, Train loss: 0.3587230135536194, Validation loss: 0.5269777750015259, Validation accuracy: 0.845
Adjusting learning rate of group 0 to 1.0000e-01.
Epoch: 82, Train loss: 0.35698903532981874, Validation loss: 0.541534363603592, Validation accuracy: 0.8372
Adjusting learning rate of group 0 to 1.0000e-01.
Epoch: 83, Train loss: 0.34756352603912355, Validation loss: 0.6711604516983032, Validation accuracy: 0.8202
Adjusting learning rate of group 0 to 1.0000e-01.
Epoch: 84, Train loss: 0.35484195236206056, Validation loss: 0.5943676478385925, Validation accuracy: 0.8311
Adjusting learning rate of group 0 to 1.0000e-01.
Epoch: 85, Train loss: 0.36890790007591245, Validation loss: 0.6898356883049012, Validation accuracy: 0.8277
Adjusting learning rate of group 0 to 1.0000e-01.
Epoch: 86, Train loss: 0.35045825536727904, Validation loss: 0.5482062097549438, Validation accuracy: 0.836
Adjusting learning rate of group 0 to 1.0000e-01.
Epoch: 87, Train loss: 0.3537548382949829, Validation loss: 0.6109104125022888, Validation accuracy: 0.8097
Adjusting learning rate of group 0 to 1.0000e-01.
Epoch: 88, Train loss: 0.36526162700653075, Validation loss: 0.46623987468481065, Validation accuracy: 0.8585
Adjusting learning rate of group 0 to 1.0000e-01.
Epoch: 89, Train loss: 0.34910679034233094, Validation loss: 0.4791639544010162, Validation accuracy: 0.8574
Adjusting learning rate of group 0 to 1.0000e-01.
Epoch: 90, Train loss: 0.34811895277023314, Validation loss: 0.5061678432464599, Validation accuracy: 0.8419
Adjusting learning rate of group 0 to 1.0000e-01.
Epoch: 91, Train loss: 0.3514443112564087, Validation loss: 0.646852294921875, Validation accuracy: 0.8244
Adjusting learning rate of group 0 to 1.0000e-01.
Epoch: 92, Train loss: 0.3562605940914154, Validation loss: 0.4787698112010956, Validation accuracy: 0.8507
Adjusting learning rate of group 0 to 1.0000e-01.
Epoch: 93, Train loss: 0.3553631612968445, Validation loss: 0.5236307737112045, Validation accuracy: 0.8544
Adjusting learning rate of group 0 to 1.0000e-01.
Epoch: 94, Train loss: 0.34653808760643007, Validation loss: 0.7048896656990051, Validation accuracy: 0.8025
Adjusting learning rate of group 0 to 1.0000e-01.
Epoch: 95, Train loss: 0.36557131421089173, Validation loss: 0.45400080757141115, Validation accuracy: 0.8647
Adjusting learning rate of group 0 to 1.0000e-01.
Epoch: 96, Train loss: 0.35914089011192324, Validation loss: 0.4786419304847717, Validation accuracy: 0.8468
Adjusting learning rate of group 0 to 1.0000e-01.
Epoch: 97, Train loss: 0.34531376169204714, Validation loss: 0.5370441722869873, Validation accuracy: 0.8291
Adjusting learning rate of group 0 to 1.0000e-01.
Epoch: 98, Train loss: 0.3503031742572784, Validation loss: 0.6552826274871826, Validation accuracy: 0.8197
Adjusting learning rate of group 0 to 1.0000e-01.
Epoch: 99, Train loss: 0.3574746680498123, Validation loss: 0.5409222489833831, Validation accuracy: 0.8469
Adjusting learning rate of group 0 to 1.0000e-02.
Epoch: 100, Train loss: 0.3486394080352783, Validation loss: 0.586300615119934, Validation accuracy: 0.8285
Adjusting learning rate of group 0 to 1.0000e-02.
Epoch: 101, Train loss: 0.2022821837902069, Validation loss: 0.315330890750885, Validation accuracy: 0.9097
Adjusting learning rate of group 0 to 1.0000e-02.
Epoch: 102, Train loss: 0.15833928990364074, Validation loss: 0.3062757219314575, Validation accuracy: 0.9141
Adjusting learning rate of group 0 to 1.0000e-02.
Epoch: 103, Train loss: 0.1410924939060211, Validation loss: 0.30101321048736573, Validation accuracy: 0.9153
Adjusting learning rate of group 0 to 1.0000e-02.
Epoch: 104, Train loss: 0.1338956747531891, Validation loss: 0.30328031244277953, Validation accuracy: 0.9134
Adjusting learning rate of group 0 to 1.0000e-02.
Epoch: 105, Train loss: 0.1253725155878067, Validation loss: 0.30411361207962034, Validation accuracy: 0.9182
Adjusting learning rate of group 0 to 1.0000e-02.
Epoch: 106, Train loss: 0.11668563003063202, Validation loss: 0.329335431098938, Validation accuracy: 0.9173
Adjusting learning rate of group 0 to 1.0000e-02.
Epoch: 107, Train loss: 0.11167059783816338, Validation loss: 0.31931930589675905, Validation accuracy: 0.9183
Adjusting learning rate of group 0 to 1.0000e-02.
Epoch: 108, Train loss: 0.10504579821586608, Validation loss: 0.32640673389434816, Validation accuracy: 0.9186
Adjusting learning rate of group 0 to 1.0000e-02.
Epoch: 109, Train loss: 0.10078752302408218, Validation loss: 0.33011922788619996, Validation accuracy: 0.9186
Adjusting learning rate of group 0 to 1.0000e-02.
Epoch: 110, Train loss: 0.09665100955963135, Validation loss: 0.3235296601295471, Validation accuracy: 0.9201
Adjusting learning rate of group 0 to 1.0000e-02.
Epoch: 111, Train loss: 0.09144172114014626, Validation loss: 0.3491859696388245, Validation accuracy: 0.9172
Adjusting learning rate of group 0 to 1.0000e-02.
Epoch: 112, Train loss: 0.08779214660406112, Validation loss: 0.3437020718574524, Validation accuracy: 0.9166
Adjusting learning rate of group 0 to 1.0000e-02.
Epoch: 113, Train loss: 0.08664022043347358, Validation loss: 0.3626065486907959, Validation accuracy: 0.9162
Adjusting learning rate of group 0 to 1.0000e-02.
Epoch: 114, Train loss: 0.08179047069907189, Validation loss: 0.34427140684127805, Validation accuracy: 0.9199
Adjusting learning rate of group 0 to 1.0000e-02.
Epoch: 115, Train loss: 0.0793911897444725, Validation loss: 0.3664542210578918, Validation accuracy: 0.919
Adjusting learning rate of group 0 to 1.0000e-02.
Epoch: 116, Train loss: 0.07539527835130691, Validation loss: 0.365324666595459, Validation accuracy: 0.9178
Adjusting learning rate of group 0 to 1.0000e-02.
Epoch: 117, Train loss: 0.07686493621468544, Validation loss: 0.3680626499176025, Validation accuracy: 0.9172
Adjusting learning rate of group 0 to 1.0000e-02.
Epoch: 118, Train loss: 0.07150869756937027, Validation loss: 0.388432093334198, Validation accuracy: 0.9143
Adjusting learning rate of group 0 to 1.0000e-02.
Epoch: 119, Train loss: 0.07089503837108611, Validation loss: 0.3942616349220276, Validation accuracy: 0.9156
Adjusting learning rate of group 0 to 1.0000e-02.
Epoch: 120, Train loss: 0.06825532629728318, Validation loss: 0.3941663751602173, Validation accuracy: 0.9135
Adjusting learning rate of group 0 to 1.0000e-02.
Epoch: 121, Train loss: 0.06501781970620156, Validation loss: 0.3915776448249817, Validation accuracy: 0.9185
Adjusting learning rate of group 0 to 1.0000e-02.
Epoch: 122, Train loss: 0.06432285666942597, Validation loss: 0.41863115062713624, Validation accuracy: 0.917
Adjusting learning rate of group 0 to 1.0000e-02.
Epoch: 123, Train loss: 0.06369541678667069, Validation loss: 0.38907081985473635, Validation accuracy: 0.9172
Adjusting learning rate of group 0 to 1.0000e-02.
Epoch: 124, Train loss: 0.06148178942918778, Validation loss: 0.41175294399261475, Validation accuracy: 0.9176
Adjusting learning rate of group 0 to 1.0000e-02.
Epoch: 125, Train loss: 0.061795553002357485, Validation loss: 0.41641138820648194, Validation accuracy: 0.912
Adjusting learning rate of group 0 to 1.0000e-02.
Epoch: 126, Train loss: 0.058617353471517565, Validation loss: 0.40843106098175047, Validation accuracy: 0.9156
Adjusting learning rate of group 0 to 1.0000e-02.
Epoch: 127, Train loss: 0.057358759855031964, Validation loss: 0.43589975357055666, Validation accuracy: 0.9169
Adjusting learning rate of group 0 to 1.0000e-02.
Epoch: 128, Train loss: 0.058270609396696094, Validation loss: 0.4085652891159058, Validation accuracy: 0.9135
Adjusting learning rate of group 0 to 1.0000e-02.
Epoch: 129, Train loss: 0.05670951335310936, Validation loss: 0.4254664461135864, Validation accuracy: 0.9146
Adjusting learning rate of group 0 to 1.0000e-02.
Epoch: 130, Train loss: 0.05580911159515381, Validation loss: 0.397056085395813, Validation accuracy: 0.9193
Adjusting learning rate of group 0 to 1.0000e-02.
Epoch: 131, Train loss: 0.05417961468964815, Validation loss: 0.43088999481201173, Validation accuracy: 0.9123
Adjusting learning rate of group 0 to 1.0000e-02.
Epoch: 132, Train loss: 0.05252733552455902, Validation loss: 0.45281735124588013, Validation accuracy: 0.9153
Adjusting learning rate of group 0 to 1.0000e-02.
Epoch: 133, Train loss: 0.0536084887111187, Validation loss: 0.46347778759002684, Validation accuracy: 0.9129
Adjusting learning rate of group 0 to 1.0000e-02.
Epoch: 134, Train loss: 0.052646434079408645, Validation loss: 0.4374534462928772, Validation accuracy: 0.9156
Adjusting learning rate of group 0 to 1.0000e-02.
Epoch: 135, Train loss: 0.05293466262459755, Validation loss: 0.4519085521697998, Validation accuracy: 0.9179
Adjusting learning rate of group 0 to 1.0000e-02.
Epoch: 136, Train loss: 0.05323353746056557, Validation loss: 0.4511490242958069, Validation accuracy: 0.9167
Adjusting learning rate of group 0 to 1.0000e-02.
Epoch: 137, Train loss: 0.05154266130208969, Validation loss: 0.4595492671966553, Validation accuracy: 0.9166
Adjusting learning rate of group 0 to 1.0000e-02.
Epoch: 138, Train loss: 0.0541938731944561, Validation loss: 0.42243673810958865, Validation accuracy: 0.9148
Adjusting learning rate of group 0 to 1.0000e-02.
Epoch: 139, Train loss: 0.052024468344449994, Validation loss: 0.4544258625030518, Validation accuracy: 0.9181
Adjusting learning rate of group 0 to 1.0000e-02.
Epoch: 140, Train loss: 0.05081531416028738, Validation loss: 0.44356252443790434, Validation accuracy: 0.9169
Adjusting learning rate of group 0 to 1.0000e-02.
Epoch: 141, Train loss: 0.05044471489779651, Validation loss: 0.4626816679954529, Validation accuracy: 0.9143
Adjusting learning rate of group 0 to 1.0000e-02.
Epoch: 142, Train loss: 0.04988085481643677, Validation loss: 0.47485867557525635, Validation accuracy: 0.9124
Adjusting learning rate of group 0 to 1.0000e-02.
Epoch: 143, Train loss: 0.048411784900426864, Validation loss: 0.4636875417709351, Validation accuracy: 0.9137
Adjusting learning rate of group 0 to 1.0000e-02.
Epoch: 144, Train loss: 0.050477867270708084, Validation loss: 0.4719169193267822, Validation accuracy: 0.9174
Adjusting learning rate of group 0 to 1.0000e-02.
Epoch: 145, Train loss: 0.04855127967596054, Validation loss: 0.5013262792587281, Validation accuracy: 0.9124
Adjusting learning rate of group 0 to 1.0000e-02.
Epoch: 146, Train loss: 0.051723879352211954, Validation loss: 0.5119914361953736, Validation accuracy: 0.9113
Adjusting learning rate of group 0 to 1.0000e-02.
Epoch: 147, Train loss: 0.04687470812678337, Validation loss: 0.4670457778930664, Validation accuracy: 0.9152
Adjusting learning rate of group 0 to 1.0000e-02.
Epoch: 148, Train loss: 0.0485212089368701, Validation loss: 0.4746257484436035, Validation accuracy: 0.9094
Adjusting learning rate of group 0 to 1.0000e-02.
Epoch: 149, Train loss: 0.0486053314602375, Validation loss: 0.4903198471069336, Validation accuracy: 0.9066
Adjusting learning rate of group 0 to 1.0000e-03.
Epoch: 150, Train loss: 0.05002479093790054, Validation loss: 0.4556293660163879, Validation accuracy: 0.9153
Adjusting learning rate of group 0 to 1.0000e-03.
Epoch: 151, Train loss: 0.03012312981426716, Validation loss: 0.42964601068496705, Validation accuracy: 0.9214
Adjusting learning rate of group 0 to 1.0000e-03.
Epoch: 152, Train loss: 0.02523581097751856, Validation loss: 0.4441556550979614, Validation accuracy: 0.9227
Adjusting learning rate of group 0 to 1.0000e-03.
Epoch: 153, Train loss: 0.022193479156792165, Validation loss: 0.45600519390106203, Validation accuracy: 0.9227
Adjusting learning rate of group 0 to 1.0000e-03.
Epoch: 154, Train loss: 0.0196275349098444, Validation loss: 0.4665448232650757, Validation accuracy: 0.9232
Adjusting learning rate of group 0 to 1.0000e-03.
Epoch: 155, Train loss: 0.018812546656876802, Validation loss: 0.46490064964294436, Validation accuracy: 0.9227
Adjusting learning rate of group 0 to 1.0000e-03.
Epoch: 156, Train loss: 0.01781707461334765, Validation loss: 0.47702113761901854, Validation accuracy: 0.9237
Adjusting learning rate of group 0 to 1.0000e-03.
Epoch: 157, Train loss: 0.01717674553744495, Validation loss: 0.47666192626953124, Validation accuracy: 0.923
Adjusting learning rate of group 0 to 1.0000e-03.
Epoch: 158, Train loss: 0.015157596470713616, Validation loss: 0.4902706413269043, Validation accuracy: 0.9238
Adjusting learning rate of group 0 to 1.0000e-03.
Epoch: 159, Train loss: 0.015081692673712968, Validation loss: 0.4966881320953369, Validation accuracy: 0.9239
Adjusting learning rate of group 0 to 1.0000e-03.
Epoch: 160, Train loss: 0.013129485440701246, Validation loss: 0.5037288444519042, Validation accuracy: 0.9239
Adjusting learning rate of group 0 to 1.0000e-03.
Epoch: 161, Train loss: 0.014801393102258444, Validation loss: 0.5114848501205445, Validation accuracy: 0.9235
Adjusting learning rate of group 0 to 1.0000e-03.
Epoch: 162, Train loss: 0.014306524655371904, Validation loss: 0.5125397924423217, Validation accuracy: 0.9226
Adjusting learning rate of group 0 to 1.0000e-03.
Epoch: 163, Train loss: 0.014100922007597983, Validation loss: 0.5118726247787475, Validation accuracy: 0.9242
Adjusting learning rate of group 0 to 1.0000e-03.
Epoch: 164, Train loss: 0.014727469609826804, Validation loss: 0.5135938758850098, Validation accuracy: 0.925
Adjusting learning rate of group 0 to 1.0000e-03.
Epoch: 165, Train loss: 0.01337099628739059, Validation loss: 0.522287484550476, Validation accuracy: 0.9231
Adjusting learning rate of group 0 to 1.0000e-03.
Epoch: 166, Train loss: 0.012013580678477883, Validation loss: 0.5321563159942627, Validation accuracy: 0.9246
Adjusting learning rate of group 0 to 1.0000e-03.
Epoch: 167, Train loss: 0.01226433181282133, Validation loss: 0.5241990665435791, Validation accuracy: 0.9249
Adjusting learning rate of group 0 to 1.0000e-03.
Epoch: 168, Train loss: 0.011968174120932817, Validation loss: 0.528920355796814, Validation accuracy: 0.924
Adjusting learning rate of group 0 to 1.0000e-03.
Epoch: 169, Train loss: 0.011214770097658039, Validation loss: 0.5448404531478882, Validation accuracy: 0.9252
Adjusting learning rate of group 0 to 1.0000e-03.
Epoch: 170, Train loss: 0.011056406503785402, Validation loss: 0.5436698564529419, Validation accuracy: 0.9232
Adjusting learning rate of group 0 to 1.0000e-03.
Epoch: 171, Train loss: 0.010582277442328631, Validation loss: 0.544531084060669, Validation accuracy: 0.924
Adjusting learning rate of group 0 to 1.0000e-03.
Epoch: 172, Train loss: 0.011231797621492297, Validation loss: 0.5459928091049194, Validation accuracy: 0.923
Adjusting learning rate of group 0 to 1.0000e-03.
Epoch: 173, Train loss: 0.010037017894610763, Validation loss: 0.5588272975921631, Validation accuracy: 0.9259
Adjusting learning rate of group 0 to 1.0000e-03.
Epoch: 174, Train loss: 0.010506107885017992, Validation loss: 0.559960410118103, Validation accuracy: 0.9228
Adjusting learning rate of group 0 to 1.0000e-03.
Epoch: 175, Train loss: 0.00923176022529602, Validation loss: 0.5641306900024414, Validation accuracy: 0.9244
Adjusting learning rate of group 0 to 1.0000e-03.
Epoch: 176, Train loss: 0.009369121498391033, Validation loss: 0.5709185218811035, Validation accuracy: 0.924
Adjusting learning rate of group 0 to 1.0000e-03.
Epoch: 177, Train loss: 0.008447879834733904, Validation loss: 0.5713465311050415, Validation accuracy: 0.9223
Adjusting learning rate of group 0 to 1.0000e-03.
Epoch: 178, Train loss: 0.010796728154011071, Validation loss: 0.5638595697402954, Validation accuracy: 0.9234
Adjusting learning rate of group 0 to 1.0000e-03.
Epoch: 179, Train loss: 0.010090487612746656, Validation loss: 0.5654465105056763, Validation accuracy: 0.9231
Adjusting learning rate of group 0 to 1.0000e-03.
Epoch: 180, Train loss: 0.009538009211849422, Validation loss: 0.579642520904541, Validation accuracy: 0.9233
Adjusting learning rate of group 0 to 1.0000e-03.
Epoch: 181, Train loss: 0.008257037845179439, Validation loss: 0.5777616924285889, Validation accuracy: 0.9246
Adjusting learning rate of group 0 to 1.0000e-03.
Epoch: 182, Train loss: 0.008933768670409918, Validation loss: 0.5799892412185669, Validation accuracy: 0.924
Adjusting learning rate of group 0 to 1.0000e-03.
Epoch: 183, Train loss: 0.00830075030577369, Validation loss: 0.5731863702774048, Validation accuracy: 0.9255
Adjusting learning rate of group 0 to 1.0000e-03.
Epoch: 184, Train loss: 0.008515855306424201, Validation loss: 0.5903897752761841, Validation accuracy: 0.9254
Adjusting learning rate of group 0 to 1.0000e-03.
Epoch: 185, Train loss: 0.009317628221064807, Validation loss: 0.5959466108322143, Validation accuracy: 0.9255
Adjusting learning rate of group 0 to 1.0000e-03.
Epoch: 186, Train loss: 0.00814108833990991, Validation loss: 0.5908259754180908, Validation accuracy: 0.925
Adjusting learning rate of group 0 to 1.0000e-03.
Epoch: 187, Train loss: 0.008714266035333276, Validation loss: 0.5889142410278321, Validation accuracy: 0.9248
Adjusting learning rate of group 0 to 1.0000e-03.
Epoch: 188, Train loss: 0.008428681638911367, Validation loss: 0.5955167284011841, Validation accuracy: 0.9251
Adjusting learning rate of group 0 to 1.0000e-03.
Epoch: 189, Train loss: 0.00956903599280864, Validation loss: 0.5920980661392212, Validation accuracy: 0.924
Adjusting learning rate of group 0 to 1.0000e-03.
Epoch: 190, Train loss: 0.007858209406547249, Validation loss: 0.5894214012145996, Validation accuracy: 0.9243
Adjusting learning rate of group 0 to 1.0000e-03.
Epoch: 191, Train loss: 0.009047991915792227, Validation loss: 0.5888269540786744, Validation accuracy: 0.9234
Adjusting learning rate of group 0 to 1.0000e-03.
Epoch: 192, Train loss: 0.007042077526059002, Validation loss: 0.6022687335968018, Validation accuracy: 0.9242
Adjusting learning rate of group 0 to 1.0000e-03.
Epoch: 193, Train loss: 0.008001298094727098, Validation loss: 0.5850016185760498, Validation accuracy: 0.9249
Adjusting learning rate of group 0 to 1.0000e-03.
Epoch: 194, Train loss: 0.00813895877070725, Validation loss: 0.5977268356323242, Validation accuracy: 0.9247
Adjusting learning rate of group 0 to 1.0000e-03.
Epoch: 195, Train loss: 0.007308990732673556, Validation loss: 0.5997802795410156, Validation accuracy: 0.9248
Adjusting learning rate of group 0 to 1.0000e-03.
Epoch: 196, Train loss: 0.007791852219291032, Validation loss: 0.6122175497055053, Validation accuracy: 0.9232
Adjusting learning rate of group 0 to 1.0000e-03.
Epoch: 197, Train loss: 0.007214368815030903, Validation loss: 0.6060119510650634, Validation accuracy: 0.9238
Adjusting learning rate of group 0 to 1.0000e-03.
Epoch: 198, Train loss: 0.006740008158273995, Validation loss: 0.6141438861846924, Validation accuracy: 0.9223
Adjusting learning rate of group 0 to 1.0000e-03.
Epoch: 199, Train loss: 0.006625084423460066, Validation loss: 0.6134322828292846, Validation accuracy: 0.9231
Accuracy: 0.9231, Parameters: 5986
