['ResNet-Tensorized.py', '--ranks', '10', '10', '--space_rank', '9', '--seed', '1', '--device=cuda:2', '--filename=resnet-tensorized-tt.11']
Initializing dataloader
Files already downloaded and verified
Files already downloaded and verified
Dataloader has initialized
Initializing model
Adjusting learning rate of group 0 to 1.0000e-02.
Model initialized
Testing model
Tests passed
Adjusting learning rate of group 0 to 2.0000e-02.
Epoch: 0, Train loss: 1.7441480382919312, Validation loss: 1.6598807750701905, Validation accuracy: 0.4222
Adjusting learning rate of group 0 to 3.0000e-02.
Epoch: 1, Train loss: 1.3660679336357118, Validation loss: 1.2673626235961915, Validation accuracy: 0.5532
Adjusting learning rate of group 0 to 4.0000e-02.
Epoch: 2, Train loss: 1.120995163459778, Validation loss: 1.1290621390342712, Validation accuracy: 0.6262
Adjusting learning rate of group 0 to 5.0000e-02.
Epoch: 3, Train loss: 0.9475515540885925, Validation loss: 1.7408952533721924, Validation accuracy: 0.5185
Adjusting learning rate of group 0 to 6.0000e-02.
Epoch: 4, Train loss: 0.8409905041694641, Validation loss: 1.2893099683761597, Validation accuracy: 0.6093
Adjusting learning rate of group 0 to 7.0000e-02.
Epoch: 5, Train loss: 0.7774520704650879, Validation loss: 1.0835907434940337, Validation accuracy: 0.6655
Adjusting learning rate of group 0 to 8.0000e-02.
Epoch: 6, Train loss: 0.7395506345748901, Validation loss: 0.9054403442382812, Validation accuracy: 0.6907
Adjusting learning rate of group 0 to 9.0000e-02.
Epoch: 7, Train loss: 0.6940309590911865, Validation loss: 0.9431999171733856, Validation accuracy: 0.712
Adjusting learning rate of group 0 to 1.0000e-01.
Epoch: 8, Train loss: 0.6824176872253418, Validation loss: 1.0340953910827637, Validation accuracy: 0.6828
Adjusting learning rate of group 0 to 1.0000e-01.
Epoch: 9, Train loss: 0.6637945640945434, Validation loss: 0.838694428062439, Validation accuracy: 0.7211
Adjusting learning rate of group 0 to 1.0000e-01.
Epoch: 10, Train loss: 0.6340975672340393, Validation loss: 0.8110078310966492, Validation accuracy: 0.7417
Adjusting learning rate of group 0 to 1.0000e-01.
Epoch: 11, Train loss: 0.6173700616645813, Validation loss: 0.9839732891082764, Validation accuracy: 0.6919
Adjusting learning rate of group 0 to 1.0000e-01.
Epoch: 12, Train loss: 0.5997347254562377, Validation loss: 0.7184601352691651, Validation accuracy: 0.7623
Adjusting learning rate of group 0 to 1.0000e-01.
Epoch: 13, Train loss: 0.5843267942619323, Validation loss: 1.304651512336731, Validation accuracy: 0.641
Adjusting learning rate of group 0 to 1.0000e-01.
Epoch: 14, Train loss: 0.5709969219779968, Validation loss: 0.7297276931762695, Validation accuracy: 0.757
Adjusting learning rate of group 0 to 1.0000e-01.
Epoch: 15, Train loss: 0.5609397005462646, Validation loss: 0.6974505493164063, Validation accuracy: 0.7679
Adjusting learning rate of group 0 to 1.0000e-01.
Epoch: 16, Train loss: 0.5563845985412598, Validation loss: 0.7437431547164917, Validation accuracy: 0.755
Adjusting learning rate of group 0 to 1.0000e-01.
Epoch: 17, Train loss: 0.544664896812439, Validation loss: 0.6743702731132507, Validation accuracy: 0.7739
Adjusting learning rate of group 0 to 1.0000e-01.
Epoch: 18, Train loss: 0.540232723865509, Validation loss: 0.7627722539901733, Validation accuracy: 0.7408
Adjusting learning rate of group 0 to 1.0000e-01.
Epoch: 19, Train loss: 0.5363455278205872, Validation loss: 0.8553706802368164, Validation accuracy: 0.7248
Adjusting learning rate of group 0 to 1.0000e-01.
Epoch: 20, Train loss: 0.5254941943645477, Validation loss: 0.733581704902649, Validation accuracy: 0.7597
Adjusting learning rate of group 0 to 1.0000e-01.
Epoch: 21, Train loss: 0.5175735042381286, Validation loss: 0.7198046684741974, Validation accuracy: 0.7702
Adjusting learning rate of group 0 to 1.0000e-01.
Epoch: 22, Train loss: 0.5124309324836731, Validation loss: 0.6247069044113159, Validation accuracy: 0.7967
Adjusting learning rate of group 0 to 1.0000e-01.
Epoch: 23, Train loss: 0.515097697544098, Validation loss: 0.78836968832016, Validation accuracy: 0.7614
Adjusting learning rate of group 0 to 1.0000e-01.
Epoch: 24, Train loss: 0.5069633211612702, Validation loss: 0.6812824657917023, Validation accuracy: 0.7816
Adjusting learning rate of group 0 to 1.0000e-01.
Epoch: 25, Train loss: 0.4974877230834961, Validation loss: 0.6318665079593658, Validation accuracy: 0.7904
Adjusting learning rate of group 0 to 1.0000e-01.
Epoch: 26, Train loss: 0.5009598531150817, Validation loss: 0.669144718170166, Validation accuracy: 0.7849
Adjusting learning rate of group 0 to 1.0000e-01.
Epoch: 27, Train loss: 0.49634031440734866, Validation loss: 0.6200755403518676, Validation accuracy: 0.7993
Adjusting learning rate of group 0 to 1.0000e-01.
Epoch: 28, Train loss: 0.4930018984031677, Validation loss: 0.7452309951782227, Validation accuracy: 0.7505
Adjusting learning rate of group 0 to 1.0000e-01.
Epoch: 29, Train loss: 0.4920031846523285, Validation loss: 0.678845090007782, Validation accuracy: 0.7732
Adjusting learning rate of group 0 to 1.0000e-01.
Epoch: 30, Train loss: 0.49116254232406614, Validation loss: 0.57505646109581, Validation accuracy: 0.8113
Adjusting learning rate of group 0 to 1.0000e-01.
Epoch: 31, Train loss: 0.4846983700370789, Validation loss: 0.5913297696590424, Validation accuracy: 0.8067
Adjusting learning rate of group 0 to 1.0000e-01.
Epoch: 32, Train loss: 0.47965480381011966, Validation loss: 0.7688906733512878, Validation accuracy: 0.7509
Adjusting learning rate of group 0 to 1.0000e-01.
Epoch: 33, Train loss: 0.48204985818862917, Validation loss: 0.615387728023529, Validation accuracy: 0.7981
Adjusting learning rate of group 0 to 1.0000e-01.
Epoch: 34, Train loss: 0.4730632987785339, Validation loss: 0.6818629438400269, Validation accuracy: 0.7797
Adjusting learning rate of group 0 to 1.0000e-01.
Epoch: 35, Train loss: 0.4710768186569214, Validation loss: 0.7245834050178528, Validation accuracy: 0.7743
Adjusting learning rate of group 0 to 1.0000e-01.
Epoch: 36, Train loss: 0.46829652212142947, Validation loss: 0.6088301953315735, Validation accuracy: 0.7963
Adjusting learning rate of group 0 to 1.0000e-01.
Epoch: 37, Train loss: 0.47296944207191466, Validation loss: 0.5499421491622924, Validation accuracy: 0.8114
Adjusting learning rate of group 0 to 1.0000e-01.
Epoch: 38, Train loss: 0.4612858430480957, Validation loss: 0.7492170411109924, Validation accuracy: 0.772
Adjusting learning rate of group 0 to 1.0000e-01.
Epoch: 39, Train loss: 0.4649451042747498, Validation loss: 0.5210425085544587, Validation accuracy: 0.8198
Adjusting learning rate of group 0 to 1.0000e-01.
Epoch: 40, Train loss: 0.4657407647323608, Validation loss: 0.7337065546035767, Validation accuracy: 0.7542
Adjusting learning rate of group 0 to 1.0000e-01.
Epoch: 41, Train loss: 0.46292026281356813, Validation loss: 0.5732913719654084, Validation accuracy: 0.8131
Adjusting learning rate of group 0 to 1.0000e-01.
Epoch: 42, Train loss: 0.45926637271881104, Validation loss: 0.8113844524383544, Validation accuracy: 0.7577
Adjusting learning rate of group 0 to 1.0000e-01.
Epoch: 43, Train loss: 0.4600509768486023, Validation loss: 0.5453745861053467, Validation accuracy: 0.815
Adjusting learning rate of group 0 to 1.0000e-01.
Epoch: 44, Train loss: 0.4555952723503113, Validation loss: 0.5693023143768311, Validation accuracy: 0.8134
Adjusting learning rate of group 0 to 1.0000e-01.
Epoch: 45, Train loss: 0.4481592176628113, Validation loss: 0.560147215795517, Validation accuracy: 0.8015
Adjusting learning rate of group 0 to 1.0000e-01.
Epoch: 46, Train loss: 0.45734207507133484, Validation loss: 0.8211671674728394, Validation accuracy: 0.7489
Adjusting learning rate of group 0 to 1.0000e-01.
Epoch: 47, Train loss: 0.4478478905200958, Validation loss: 0.6704181531429291, Validation accuracy: 0.7832
Adjusting learning rate of group 0 to 1.0000e-01.
Epoch: 48, Train loss: 0.45034808967590334, Validation loss: 0.6645147807598114, Validation accuracy: 0.7858
Adjusting learning rate of group 0 to 1.0000e-01.
Epoch: 49, Train loss: 0.45068398193359377, Validation loss: 0.6835853615760803, Validation accuracy: 0.7784
Adjusting learning rate of group 0 to 1.0000e-01.
Epoch: 50, Train loss: 0.44793278730392455, Validation loss: 0.6881467713832855, Validation accuracy: 0.7682
Adjusting learning rate of group 0 to 1.0000e-01.
Epoch: 51, Train loss: 0.4440503506469727, Validation loss: 0.5200339091777801, Validation accuracy: 0.8294
Adjusting learning rate of group 0 to 1.0000e-01.
Epoch: 52, Train loss: 0.44332986419677733, Validation loss: 0.5614337166786194, Validation accuracy: 0.809
Adjusting learning rate of group 0 to 1.0000e-01.
Epoch: 53, Train loss: 0.443761851234436, Validation loss: 0.599557871055603, Validation accuracy: 0.8061
Adjusting learning rate of group 0 to 1.0000e-01.
Epoch: 54, Train loss: 0.44223263998031614, Validation loss: 0.5868838710308075, Validation accuracy: 0.7981
Adjusting learning rate of group 0 to 1.0000e-01.
Epoch: 55, Train loss: 0.4418618707847595, Validation loss: 0.6199938814163208, Validation accuracy: 0.8017
Adjusting learning rate of group 0 to 1.0000e-01.
Epoch: 56, Train loss: 0.44841848809242246, Validation loss: 0.6114892464160919, Validation accuracy: 0.8059
Adjusting learning rate of group 0 to 1.0000e-01.
Epoch: 57, Train loss: 0.440445049200058, Validation loss: 0.7161556483268737, Validation accuracy: 0.774
Adjusting learning rate of group 0 to 1.0000e-01.
Epoch: 58, Train loss: 0.44004174697875975, Validation loss: 0.7964425867080689, Validation accuracy: 0.7492
Adjusting learning rate of group 0 to 1.0000e-01.
Epoch: 59, Train loss: 0.43933796424865723, Validation loss: 0.6878370199203491, Validation accuracy: 0.7739
Adjusting learning rate of group 0 to 1.0000e-01.
Epoch: 60, Train loss: 0.43659282899856566, Validation loss: 0.6505495832443238, Validation accuracy: 0.7865
Adjusting learning rate of group 0 to 1.0000e-01.
Epoch: 61, Train loss: 0.43913084077835085, Validation loss: 0.7236066906929016, Validation accuracy: 0.7853
Adjusting learning rate of group 0 to 1.0000e-01.
Epoch: 62, Train loss: 0.432641646566391, Validation loss: 0.9816405354499816, Validation accuracy: 0.7156
Adjusting learning rate of group 0 to 1.0000e-01.
Epoch: 63, Train loss: 0.435233708782196, Validation loss: 0.60377483959198, Validation accuracy: 0.8099
Adjusting learning rate of group 0 to 1.0000e-01.
Epoch: 64, Train loss: 0.43361000741958616, Validation loss: 0.8150694686889648, Validation accuracy: 0.7601
Adjusting learning rate of group 0 to 1.0000e-01.
Epoch: 65, Train loss: 0.430829182882309, Validation loss: 0.6792979238510132, Validation accuracy: 0.7777
Adjusting learning rate of group 0 to 1.0000e-01.
Epoch: 66, Train loss: 0.4256955308151245, Validation loss: 0.7039513004302979, Validation accuracy: 0.786
Adjusting learning rate of group 0 to 1.0000e-01.
Epoch: 67, Train loss: 0.4293095317840576, Validation loss: 0.962539144897461, Validation accuracy: 0.7396
Adjusting learning rate of group 0 to 1.0000e-01.
Epoch: 68, Train loss: 0.42715582449913025, Validation loss: 0.5537002199172973, Validation accuracy: 0.8169
Adjusting learning rate of group 0 to 1.0000e-01.
Epoch: 69, Train loss: 0.4289681365680695, Validation loss: 0.5628238240242004, Validation accuracy: 0.8192
Adjusting learning rate of group 0 to 1.0000e-01.
Epoch: 70, Train loss: 0.4262009902000427, Validation loss: 0.6730251878738404, Validation accuracy: 0.7844
Adjusting learning rate of group 0 to 1.0000e-01.
Epoch: 71, Train loss: 0.42296516859054567, Validation loss: 0.5179875483512878, Validation accuracy: 0.8259
Adjusting learning rate of group 0 to 1.0000e-01.
Epoch: 72, Train loss: 0.4191425175857544, Validation loss: 0.551113699579239, Validation accuracy: 0.8155
Adjusting learning rate of group 0 to 1.0000e-01.
Epoch: 73, Train loss: 0.426521409778595, Validation loss: 0.6208353082180024, Validation accuracy: 0.8
Adjusting learning rate of group 0 to 1.0000e-01.
Epoch: 74, Train loss: 0.4287529498577118, Validation loss: 0.6240722305297851, Validation accuracy: 0.7904
Adjusting learning rate of group 0 to 1.0000e-01.
Epoch: 75, Train loss: 0.4228713785171509, Validation loss: 0.681104903459549, Validation accuracy: 0.7838
Adjusting learning rate of group 0 to 1.0000e-01.
Epoch: 76, Train loss: 0.42204291409492495, Validation loss: 0.7319777361869813, Validation accuracy: 0.7743
Adjusting learning rate of group 0 to 1.0000e-01.
Epoch: 77, Train loss: 0.42131518902778625, Validation loss: 0.588891274547577, Validation accuracy: 0.806
Adjusting learning rate of group 0 to 1.0000e-01.
Epoch: 78, Train loss: 0.4208360946083069, Validation loss: 0.5937897936820984, Validation accuracy: 0.8011
Adjusting learning rate of group 0 to 1.0000e-01.
Epoch: 79, Train loss: 0.4194487996673584, Validation loss: 0.5864676111221313, Validation accuracy: 0.802
Adjusting learning rate of group 0 to 1.0000e-01.
Epoch: 80, Train loss: 0.42611220512390136, Validation loss: 1.0285700092315673, Validation accuracy: 0.7096
Adjusting learning rate of group 0 to 1.0000e-01.
Epoch: 81, Train loss: 0.41793666711807254, Validation loss: 0.717217206954956, Validation accuracy: 0.7713
Adjusting learning rate of group 0 to 1.0000e-01.
Epoch: 82, Train loss: 0.41769911184310915, Validation loss: 0.5072218623161316, Validation accuracy: 0.8331
Adjusting learning rate of group 0 to 1.0000e-01.
Epoch: 83, Train loss: 0.4133608872318268, Validation loss: 0.5607410517215728, Validation accuracy: 0.8181
Adjusting learning rate of group 0 to 1.0000e-01.
Epoch: 84, Train loss: 0.41219586133003233, Validation loss: 0.5978391697883606, Validation accuracy: 0.8036
Adjusting learning rate of group 0 to 1.0000e-01.
Epoch: 85, Train loss: 0.41480073053359984, Validation loss: 0.7974326278686523, Validation accuracy: 0.762
Adjusting learning rate of group 0 to 1.0000e-01.
Epoch: 86, Train loss: 0.4204076653671265, Validation loss: 0.6641056354045868, Validation accuracy: 0.7918
Adjusting learning rate of group 0 to 1.0000e-01.
Epoch: 87, Train loss: 0.41557046751022336, Validation loss: 0.5922613143444061, Validation accuracy: 0.8105
Adjusting learning rate of group 0 to 1.0000e-01.
Epoch: 88, Train loss: 0.4114888835334778, Validation loss: 0.5580732081890106, Validation accuracy: 0.811
Adjusting learning rate of group 0 to 1.0000e-01.
Epoch: 89, Train loss: 0.41769389295578, Validation loss: 0.6345344718933106, Validation accuracy: 0.8084
Adjusting learning rate of group 0 to 1.0000e-01.
Epoch: 90, Train loss: 0.4126270446205139, Validation loss: 0.7250791255950928, Validation accuracy: 0.7762
Adjusting learning rate of group 0 to 1.0000e-01.
Epoch: 91, Train loss: 0.4113731322193146, Validation loss: 0.6060667187690735, Validation accuracy: 0.807
Adjusting learning rate of group 0 to 1.0000e-01.
Epoch: 92, Train loss: 0.41333291788101195, Validation loss: 0.5545128937721252, Validation accuracy: 0.8149
Adjusting learning rate of group 0 to 1.0000e-01.
Epoch: 93, Train loss: 0.41456795707702637, Validation loss: 0.5252688257694245, Validation accuracy: 0.8209
Adjusting learning rate of group 0 to 1.0000e-01.
Epoch: 94, Train loss: 0.4107603400039673, Validation loss: 0.7453946071624756, Validation accuracy: 0.7658
Adjusting learning rate of group 0 to 1.0000e-01.
Epoch: 95, Train loss: 0.42238607093811037, Validation loss: 0.5872794459819793, Validation accuracy: 0.8123
Adjusting learning rate of group 0 to 1.0000e-01.
Epoch: 96, Train loss: 0.41280802176475523, Validation loss: 0.8055583442687988, Validation accuracy: 0.7549
Adjusting learning rate of group 0 to 1.0000e-01.
Epoch: 97, Train loss: 0.4162029327392578, Validation loss: 0.7523506019592285, Validation accuracy: 0.7729
Adjusting learning rate of group 0 to 1.0000e-01.
Epoch: 98, Train loss: 0.41131649466514586, Validation loss: 0.4957553816795349, Validation accuracy: 0.8382
Adjusting learning rate of group 0 to 1.0000e-01.
Epoch: 99, Train loss: 0.4086104736709595, Validation loss: 0.5241857532501221, Validation accuracy: 0.8269
Adjusting learning rate of group 0 to 1.0000e-02.
Epoch: 100, Train loss: 0.4082903631019592, Validation loss: 0.5954811383247376, Validation accuracy: 0.8143
Adjusting learning rate of group 0 to 1.0000e-02.
Epoch: 101, Train loss: 0.2868926627445221, Validation loss: 0.3196391881465912, Validation accuracy: 0.8925
Adjusting learning rate of group 0 to 1.0000e-02.
Epoch: 102, Train loss: 0.24503340793609618, Validation loss: 0.31398234648704526, Validation accuracy: 0.895
Adjusting learning rate of group 0 to 1.0000e-02.
Epoch: 103, Train loss: 0.23005243052005767, Validation loss: 0.3132156138420105, Validation accuracy: 0.8957
Adjusting learning rate of group 0 to 1.0000e-02.
Epoch: 104, Train loss: 0.22277383248329163, Validation loss: 0.30283060986995697, Validation accuracy: 0.8983
Adjusting learning rate of group 0 to 1.0000e-02.
Epoch: 105, Train loss: 0.21685153632164, Validation loss: 0.30141244111061094, Validation accuracy: 0.9013
Adjusting learning rate of group 0 to 1.0000e-02.
Epoch: 106, Train loss: 0.2083879893541336, Validation loss: 0.30205145416259765, Validation accuracy: 0.9006
Adjusting learning rate of group 0 to 1.0000e-02.
Epoch: 107, Train loss: 0.20198040170669557, Validation loss: 0.3049267340660095, Validation accuracy: 0.8991
Adjusting learning rate of group 0 to 1.0000e-02.
Epoch: 108, Train loss: 0.19956888900756836, Validation loss: 0.30699532284736636, Validation accuracy: 0.8993
Adjusting learning rate of group 0 to 1.0000e-02.
Epoch: 109, Train loss: 0.19429766814231872, Validation loss: 0.3070687466621399, Validation accuracy: 0.9001
Adjusting learning rate of group 0 to 1.0000e-02.
Epoch: 110, Train loss: 0.19287391412734986, Validation loss: 0.3057256472110748, Validation accuracy: 0.8996
Adjusting learning rate of group 0 to 1.0000e-02.
Epoch: 111, Train loss: 0.18781642872810364, Validation loss: 0.3022461874961853, Validation accuracy: 0.902
Adjusting learning rate of group 0 to 1.0000e-02.
Epoch: 112, Train loss: 0.18371338219642638, Validation loss: 0.31188776397705076, Validation accuracy: 0.9001
Adjusting learning rate of group 0 to 1.0000e-02.
Epoch: 113, Train loss: 0.18487872876167297, Validation loss: 0.2994726864337921, Validation accuracy: 0.9007
Adjusting learning rate of group 0 to 1.0000e-02.
Epoch: 114, Train loss: 0.18238492901802064, Validation loss: 0.3099362924575806, Validation accuracy: 0.9036
Adjusting learning rate of group 0 to 1.0000e-02.
Epoch: 115, Train loss: 0.17731744272232056, Validation loss: 0.3206005741119385, Validation accuracy: 0.8992
Adjusting learning rate of group 0 to 1.0000e-02.
Epoch: 116, Train loss: 0.1764376465320587, Validation loss: 0.3151592363357544, Validation accuracy: 0.9011
Adjusting learning rate of group 0 to 1.0000e-02.
Epoch: 117, Train loss: 0.17533251682043074, Validation loss: 0.3328763137340546, Validation accuracy: 0.8966
Adjusting learning rate of group 0 to 1.0000e-02.
Epoch: 118, Train loss: 0.17053985520601272, Validation loss: 0.32631072211265566, Validation accuracy: 0.897
Adjusting learning rate of group 0 to 1.0000e-02.
Epoch: 119, Train loss: 0.16794318541526795, Validation loss: 0.336913374042511, Validation accuracy: 0.8947
Adjusting learning rate of group 0 to 1.0000e-02.
Epoch: 120, Train loss: 0.1709213939523697, Validation loss: 0.31805556836128235, Validation accuracy: 0.9008
Adjusting learning rate of group 0 to 1.0000e-02.
Epoch: 121, Train loss: 0.1690419459939003, Validation loss: 0.32953586831092835, Validation accuracy: 0.8955
Adjusting learning rate of group 0 to 1.0000e-02.
Epoch: 122, Train loss: 0.16704343151330947, Validation loss: 0.32606744523048403, Validation accuracy: 0.9002
Adjusting learning rate of group 0 to 1.0000e-02.
Epoch: 123, Train loss: 0.1642098986673355, Validation loss: 0.33212038140296934, Validation accuracy: 0.9013
Adjusting learning rate of group 0 to 1.0000e-02.
Epoch: 124, Train loss: 0.1637703412294388, Validation loss: 0.33956363987922666, Validation accuracy: 0.8977
Adjusting learning rate of group 0 to 1.0000e-02.
Epoch: 125, Train loss: 0.16277439851284028, Validation loss: 0.33066193299293517, Validation accuracy: 0.8992
Adjusting learning rate of group 0 to 1.0000e-02.
Epoch: 126, Train loss: 0.16255990405082701, Validation loss: 0.336171993970871, Validation accuracy: 0.8977
Adjusting learning rate of group 0 to 1.0000e-02.
Epoch: 127, Train loss: 0.16194938900470734, Validation loss: 0.34864257025718687, Validation accuracy: 0.8937
Adjusting learning rate of group 0 to 1.0000e-02.
Epoch: 128, Train loss: 0.16049978449344635, Validation loss: 0.34371568388938906, Validation accuracy: 0.8974
Adjusting learning rate of group 0 to 1.0000e-02.
Epoch: 129, Train loss: 0.1593469336414337, Validation loss: 0.33033726167678834, Validation accuracy: 0.9014
Adjusting learning rate of group 0 to 1.0000e-02.
Epoch: 130, Train loss: 0.159528690328598, Validation loss: 0.33638657002449035, Validation accuracy: 0.8997
Adjusting learning rate of group 0 to 1.0000e-02.
Epoch: 131, Train loss: 0.16071669399499894, Validation loss: 0.3319506392478943, Validation accuracy: 0.8975
Adjusting learning rate of group 0 to 1.0000e-02.
Epoch: 132, Train loss: 0.16089812947273255, Validation loss: 0.3480722354412079, Validation accuracy: 0.8931
Adjusting learning rate of group 0 to 1.0000e-02.
Epoch: 133, Train loss: 0.15796009920120238, Validation loss: 0.3535028482913971, Validation accuracy: 0.893
Adjusting learning rate of group 0 to 1.0000e-02.
Epoch: 134, Train loss: 0.15614273334026338, Validation loss: 0.3598611508369446, Validation accuracy: 0.8922
Adjusting learning rate of group 0 to 1.0000e-02.
Epoch: 135, Train loss: 0.15741399260520936, Validation loss: 0.3469898696422577, Validation accuracy: 0.8949
Adjusting learning rate of group 0 to 1.0000e-02.
Epoch: 136, Train loss: 0.1596984408092499, Validation loss: 0.3520738301277161, Validation accuracy: 0.8938
Adjusting learning rate of group 0 to 1.0000e-02.
Epoch: 137, Train loss: 0.15641322806835176, Validation loss: 0.34122665758132936, Validation accuracy: 0.897
Adjusting learning rate of group 0 to 1.0000e-02.
Epoch: 138, Train loss: 0.15633811490297317, Validation loss: 0.3339232336997986, Validation accuracy: 0.8983
Adjusting learning rate of group 0 to 1.0000e-02.
Epoch: 139, Train loss: 0.157087888174057, Validation loss: 0.36891578707695005, Validation accuracy: 0.8912
Adjusting learning rate of group 0 to 1.0000e-02.
Epoch: 140, Train loss: 0.15539041783809662, Validation loss: 0.3368953054904938, Validation accuracy: 0.8979
Adjusting learning rate of group 0 to 1.0000e-02.
Epoch: 141, Train loss: 0.1565624672460556, Validation loss: 0.35042925453186036, Validation accuracy: 0.8916
Adjusting learning rate of group 0 to 1.0000e-02.
Epoch: 142, Train loss: 0.15306307538986205, Validation loss: 0.33930798120498656, Validation accuracy: 0.8981
Adjusting learning rate of group 0 to 1.0000e-02.
Epoch: 143, Train loss: 0.15413694649219514, Validation loss: 0.34723884258270266, Validation accuracy: 0.8956
Adjusting learning rate of group 0 to 1.0000e-02.
Epoch: 144, Train loss: 0.1536749428653717, Validation loss: 0.369964687538147, Validation accuracy: 0.8911
Adjusting learning rate of group 0 to 1.0000e-02.
Epoch: 145, Train loss: 0.15380500363826752, Validation loss: 0.3431171226501465, Validation accuracy: 0.897
Adjusting learning rate of group 0 to 1.0000e-02.
Epoch: 146, Train loss: 0.15562025264263152, Validation loss: 0.37144734992980954, Validation accuracy: 0.891
Adjusting learning rate of group 0 to 1.0000e-02.
Epoch: 147, Train loss: 0.15485837240219116, Validation loss: 0.36921596183776856, Validation accuracy: 0.8849
Adjusting learning rate of group 0 to 1.0000e-02.
Epoch: 148, Train loss: 0.15604040214776993, Validation loss: 0.34874192576408386, Validation accuracy: 0.8903
Adjusting learning rate of group 0 to 1.0000e-02.
Epoch: 149, Train loss: 0.1558126496708393, Validation loss: 0.3524339897871017, Validation accuracy: 0.8956
Adjusting learning rate of group 0 to 1.0000e-03.
Epoch: 150, Train loss: 0.1583447469162941, Validation loss: 0.39225116176605224, Validation accuracy: 0.8823
Adjusting learning rate of group 0 to 1.0000e-03.
Epoch: 151, Train loss: 0.12342887509346008, Validation loss: 0.3201880399227142, Validation accuracy: 0.9043
Adjusting learning rate of group 0 to 1.0000e-03.
Epoch: 152, Train loss: 0.11134309412956238, Validation loss: 0.3209118335723877, Validation accuracy: 0.9021
Adjusting learning rate of group 0 to 1.0000e-03.
Epoch: 153, Train loss: 0.10516439837932587, Validation loss: 0.3174896111965179, Validation accuracy: 0.9038
Adjusting learning rate of group 0 to 1.0000e-03.
Epoch: 154, Train loss: 0.10074592339992523, Validation loss: 0.31608772749900815, Validation accuracy: 0.905
Adjusting learning rate of group 0 to 1.0000e-03.
Epoch: 155, Train loss: 0.09986225754737854, Validation loss: 0.3180699255466461, Validation accuracy: 0.9058
Adjusting learning rate of group 0 to 1.0000e-03.
Epoch: 156, Train loss: 0.09860176765441894, Validation loss: 0.3210696156024933, Validation accuracy: 0.9043
Adjusting learning rate of group 0 to 1.0000e-03.
Epoch: 157, Train loss: 0.09586565162658692, Validation loss: 0.32123095421791076, Validation accuracy: 0.9057
Adjusting learning rate of group 0 to 1.0000e-03.
Epoch: 158, Train loss: 0.0935730441904068, Validation loss: 0.32319787197113037, Validation accuracy: 0.9061
Adjusting learning rate of group 0 to 1.0000e-03.
Epoch: 159, Train loss: 0.09320729620695115, Validation loss: 0.32403341512680056, Validation accuracy: 0.9058
Adjusting learning rate of group 0 to 1.0000e-03.
Epoch: 160, Train loss: 0.09499322103023529, Validation loss: 0.32200501346588134, Validation accuracy: 0.9049
Adjusting learning rate of group 0 to 1.0000e-03.
Epoch: 161, Train loss: 0.09188611832141876, Validation loss: 0.32498112921714783, Validation accuracy: 0.905
Adjusting learning rate of group 0 to 1.0000e-03.
Epoch: 162, Train loss: 0.09260675609588623, Validation loss: 0.3288950257301331, Validation accuracy: 0.9052
Adjusting learning rate of group 0 to 1.0000e-03.
Epoch: 163, Train loss: 0.08969584847927094, Validation loss: 0.3297291425228119, Validation accuracy: 0.9059
Adjusting learning rate of group 0 to 1.0000e-03.
Epoch: 164, Train loss: 0.08810120189428329, Validation loss: 0.3295792274475098, Validation accuracy: 0.9053
Adjusting learning rate of group 0 to 1.0000e-03.
Epoch: 165, Train loss: 0.08863887800216674, Validation loss: 0.33031604504585266, Validation accuracy: 0.9038
Adjusting learning rate of group 0 to 1.0000e-03.
Epoch: 166, Train loss: 0.08750786175727844, Validation loss: 0.33076625638008117, Validation accuracy: 0.9046
Adjusting learning rate of group 0 to 1.0000e-03.
Epoch: 167, Train loss: 0.08760375380277634, Validation loss: 0.33549768528938295, Validation accuracy: 0.9029
Adjusting learning rate of group 0 to 1.0000e-03.
Epoch: 168, Train loss: 0.08677506542682648, Validation loss: 0.3362684854507446, Validation accuracy: 0.904
Adjusting learning rate of group 0 to 1.0000e-03.
Epoch: 169, Train loss: 0.08643246941566467, Validation loss: 0.3383313171863556, Validation accuracy: 0.904
Adjusting learning rate of group 0 to 1.0000e-03.
Epoch: 170, Train loss: 0.08560122029781342, Validation loss: 0.3361655370235443, Validation accuracy: 0.9039
Adjusting learning rate of group 0 to 1.0000e-03.
Epoch: 171, Train loss: 0.08666358889579773, Validation loss: 0.3403014265537262, Validation accuracy: 0.9026
Adjusting learning rate of group 0 to 1.0000e-03.
Epoch: 172, Train loss: 0.08617717409133911, Validation loss: 0.3382552976608276, Validation accuracy: 0.9045
Adjusting learning rate of group 0 to 1.0000e-03.
Epoch: 173, Train loss: 0.084796418364048, Validation loss: 0.33838652725219726, Validation accuracy: 0.9042
Adjusting learning rate of group 0 to 1.0000e-03.
Epoch: 174, Train loss: 0.0848151038980484, Validation loss: 0.33882597780227663, Validation accuracy: 0.9035
Adjusting learning rate of group 0 to 1.0000e-03.
Epoch: 175, Train loss: 0.08203062231421471, Validation loss: 0.3398962336063385, Validation accuracy: 0.9033
Adjusting learning rate of group 0 to 1.0000e-03.
Epoch: 176, Train loss: 0.08244902844905853, Validation loss: 0.3393042658805847, Validation accuracy: 0.9032
Adjusting learning rate of group 0 to 1.0000e-03.
Epoch: 177, Train loss: 0.083513298432827, Validation loss: 0.3401163302898407, Validation accuracy: 0.9049
Adjusting learning rate of group 0 to 1.0000e-03.
Epoch: 178, Train loss: 0.08175005649089813, Validation loss: 0.34019963541030884, Validation accuracy: 0.9045
Adjusting learning rate of group 0 to 1.0000e-03.
Epoch: 179, Train loss: 0.08238183730363846, Validation loss: 0.3457320532798767, Validation accuracy: 0.9024
Adjusting learning rate of group 0 to 1.0000e-03.
Epoch: 180, Train loss: 0.08076169287204743, Validation loss: 0.34565806379318237, Validation accuracy: 0.9028
Adjusting learning rate of group 0 to 1.0000e-03.
Epoch: 181, Train loss: 0.08219843480110169, Validation loss: 0.3484367399215698, Validation accuracy: 0.9021
Adjusting learning rate of group 0 to 1.0000e-03.
Epoch: 182, Train loss: 0.08100062020778656, Validation loss: 0.34606757645606995, Validation accuracy: 0.904
Adjusting learning rate of group 0 to 1.0000e-03.
Epoch: 183, Train loss: 0.08065643510937691, Validation loss: 0.35050579752922056, Validation accuracy: 0.9034
Adjusting learning rate of group 0 to 1.0000e-03.
Epoch: 184, Train loss: 0.07904029667139054, Validation loss: 0.3477685198307037, Validation accuracy: 0.9048
Adjusting learning rate of group 0 to 1.0000e-03.
Epoch: 185, Train loss: 0.0806892410492897, Validation loss: 0.3512244423866272, Validation accuracy: 0.9027
Adjusting learning rate of group 0 to 1.0000e-03.
Epoch: 186, Train loss: 0.08023188923358918, Validation loss: 0.34850616855621336, Validation accuracy: 0.9027
Adjusting learning rate of group 0 to 1.0000e-03.
Epoch: 187, Train loss: 0.0794336570763588, Validation loss: 0.3487716673374176, Validation accuracy: 0.9039
Adjusting learning rate of group 0 to 1.0000e-03.
Epoch: 188, Train loss: 0.0757689402294159, Validation loss: 0.34935001006126404, Validation accuracy: 0.9035
Adjusting learning rate of group 0 to 1.0000e-03.
Epoch: 189, Train loss: 0.07882749745368957, Validation loss: 0.3521346833229065, Validation accuracy: 0.9041
Adjusting learning rate of group 0 to 1.0000e-03.
Epoch: 190, Train loss: 0.0770658050942421, Validation loss: 0.35159316639900207, Validation accuracy: 0.904
Adjusting learning rate of group 0 to 1.0000e-03.
Epoch: 191, Train loss: 0.07698482954978943, Validation loss: 0.3578060956478119, Validation accuracy: 0.9037
Adjusting learning rate of group 0 to 1.0000e-03.
Epoch: 192, Train loss: 0.07798231463432312, Validation loss: 0.35288026752471924, Validation accuracy: 0.905
Adjusting learning rate of group 0 to 1.0000e-03.
Epoch: 193, Train loss: 0.07702859151363373, Validation loss: 0.3551629473686218, Validation accuracy: 0.9037
Adjusting learning rate of group 0 to 1.0000e-03.
Epoch: 194, Train loss: 0.07676229653835297, Validation loss: 0.3563786869049072, Validation accuracy: 0.9047
Adjusting learning rate of group 0 to 1.0000e-03.
Epoch: 195, Train loss: 0.0759993455350399, Validation loss: 0.36047419304847717, Validation accuracy: 0.9036
Adjusting learning rate of group 0 to 1.0000e-03.
Epoch: 196, Train loss: 0.07677726834058761, Validation loss: 0.3575473823547363, Validation accuracy: 0.9039
Adjusting learning rate of group 0 to 1.0000e-03.
Epoch: 197, Train loss: 0.07630257388472557, Validation loss: 0.35793915243148805, Validation accuracy: 0.9027
Adjusting learning rate of group 0 to 1.0000e-03.
Epoch: 198, Train loss: 0.07625292429924012, Validation loss: 0.35776508231163023, Validation accuracy: 0.9028
Adjusting learning rate of group 0 to 1.0000e-03.
Epoch: 199, Train loss: 0.07662823156356811, Validation loss: 0.357747012424469, Validation accuracy: 0.9029
Accuracy: 0.9029
