['ResNet-TRL-Tensorized-Full.py', '--ranks', '[[8, 1, 1, 1, 1], [1, 8, 1, 1, 2], [1, 1, 8, 1, 2], [1, 1, 1, 8, 3], [1, 2, 2, 3, 10]]', '--seed', '3', '--device', 'cuda:3']
Initializing dataloader
Files already downloaded and verified
Files already downloaded and verified
Dataloader has initialized
Initializing model
Adjusting learning rate of group 0 to 1.0000e-02.
Model initialized
Testing model
Tests passed
Adjusting learning rate of group 0 to 2.0000e-02.
Epoch: 0, Train loss: 1.8865887487030029, Validation loss: 1.5513207382202148, Validation accuracy: 0.4315
Adjusting learning rate of group 0 to 3.0000e-02.
Epoch: 1, Train loss: 1.4556669662475585, Validation loss: 1.3218635276794433, Validation accuracy: 0.5194
Adjusting learning rate of group 0 to 4.0000e-02.
Epoch: 2, Train loss: 1.2103340837097167, Validation loss: 1.0555994709014893, Validation accuracy: 0.6248
Adjusting learning rate of group 0 to 5.0000e-02.
Epoch: 3, Train loss: 1.0537058280563354, Validation loss: 0.9427225609779358, Validation accuracy: 0.658
Adjusting learning rate of group 0 to 6.0000e-02.
Epoch: 4, Train loss: 0.9506182178878784, Validation loss: 1.0112079678535462, Validation accuracy: 0.6519
Adjusting learning rate of group 0 to 7.0000e-02.
Epoch: 5, Train loss: 0.8695223599243164, Validation loss: 0.873461283493042, Validation accuracy: 0.6965
Adjusting learning rate of group 0 to 8.0000e-02.
Epoch: 6, Train loss: 0.8031809916305542, Validation loss: 0.7983623881340027, Validation accuracy: 0.7355
Adjusting learning rate of group 0 to 9.0000e-02.
Epoch: 7, Train loss: 0.7600794591331482, Validation loss: 0.8741747344970703, Validation accuracy: 0.7151
Adjusting learning rate of group 0 to 1.0000e-01.
Epoch: 8, Train loss: 0.7129294885826111, Validation loss: 0.7180287445306778, Validation accuracy: 0.7684
Adjusting learning rate of group 0 to 1.0000e-01.
Epoch: 9, Train loss: 0.6874277242851258, Validation loss: 0.6943678327560425, Validation accuracy: 0.7635
Adjusting learning rate of group 0 to 1.0000e-01.
Epoch: 10, Train loss: 0.6467000053215027, Validation loss: 0.7252139375209808, Validation accuracy: 0.7619
Adjusting learning rate of group 0 to 1.0000e-01.
Epoch: 11, Train loss: 0.6057275337791442, Validation loss: 0.9863856622695922, Validation accuracy: 0.7088
Adjusting learning rate of group 0 to 1.0000e-01.
Epoch: 12, Train loss: 0.5843624828338623, Validation loss: 0.6706616886138916, Validation accuracy: 0.7846
Adjusting learning rate of group 0 to 1.0000e-01.
Epoch: 13, Train loss: 0.5647469577980041, Validation loss: 0.7179064064502716, Validation accuracy: 0.7552
Adjusting learning rate of group 0 to 1.0000e-01.
Epoch: 14, Train loss: 0.5540722100639344, Validation loss: 0.628263829612732, Validation accuracy: 0.7903
Adjusting learning rate of group 0 to 1.0000e-01.
Epoch: 15, Train loss: 0.5329016776657104, Validation loss: 0.8365441452980041, Validation accuracy: 0.7519
Adjusting learning rate of group 0 to 1.0000e-01.
Epoch: 16, Train loss: 0.5170397003555298, Validation loss: 0.9554867772102356, Validation accuracy: 0.7174
Adjusting learning rate of group 0 to 1.0000e-01.
Epoch: 17, Train loss: 0.5042210995578766, Validation loss: 0.6090135827541351, Validation accuracy: 0.801
Adjusting learning rate of group 0 to 1.0000e-01.
Epoch: 18, Train loss: 0.49463585313797, Validation loss: 0.6081672127723694, Validation accuracy: 0.8008
Adjusting learning rate of group 0 to 1.0000e-01.
Epoch: 19, Train loss: 0.48554939407348635, Validation loss: 0.6866057153701782, Validation accuracy: 0.7883
Adjusting learning rate of group 0 to 1.0000e-01.
Epoch: 20, Train loss: 0.47992701515197755, Validation loss: 0.7693983297348023, Validation accuracy: 0.7339
Adjusting learning rate of group 0 to 1.0000e-01.
Epoch: 21, Train loss: 0.4745068707084656, Validation loss: 0.5640767270565032, Validation accuracy: 0.8183
Adjusting learning rate of group 0 to 1.0000e-01.
Epoch: 22, Train loss: 0.4563146388149261, Validation loss: 0.6534595386505127, Validation accuracy: 0.7877
Adjusting learning rate of group 0 to 1.0000e-01.
Epoch: 23, Train loss: 0.4563062131690979, Validation loss: 0.542400393486023, Validation accuracy: 0.8217
Adjusting learning rate of group 0 to 1.0000e-01.
Epoch: 24, Train loss: 0.444100071105957, Validation loss: 0.6177312656402588, Validation accuracy: 0.796
Adjusting learning rate of group 0 to 1.0000e-01.
Epoch: 25, Train loss: 0.42682075099945066, Validation loss: 0.7130934372663498, Validation accuracy: 0.807
Adjusting learning rate of group 0 to 1.0000e-01.
Epoch: 26, Train loss: 0.43924857610702517, Validation loss: 0.5202137858390808, Validation accuracy: 0.8274
Adjusting learning rate of group 0 to 1.0000e-01.
Epoch: 27, Train loss: 0.4259601312923431, Validation loss: 0.5730883981227874, Validation accuracy: 0.7993
Adjusting learning rate of group 0 to 1.0000e-01.
Epoch: 28, Train loss: 0.4224497186088562, Validation loss: 0.5524007033348084, Validation accuracy: 0.8217
Adjusting learning rate of group 0 to 1.0000e-01.
Epoch: 29, Train loss: 0.4212885035419464, Validation loss: 0.5696710789203644, Validation accuracy: 0.8157
Adjusting learning rate of group 0 to 1.0000e-01.
Epoch: 30, Train loss: 0.4205975335121155, Validation loss: 0.5641824631690979, Validation accuracy: 0.816
Adjusting learning rate of group 0 to 1.0000e-01.
Epoch: 31, Train loss: 0.4191528395271301, Validation loss: 0.539564024066925, Validation accuracy: 0.8398
Adjusting learning rate of group 0 to 1.0000e-01.
Epoch: 32, Train loss: 0.40968913217544556, Validation loss: 0.5203662237167358, Validation accuracy: 0.8271
Adjusting learning rate of group 0 to 1.0000e-01.
Epoch: 33, Train loss: 0.4091219782781601, Validation loss: 0.5865026713371276, Validation accuracy: 0.816
Adjusting learning rate of group 0 to 1.0000e-01.
Epoch: 34, Train loss: 0.4073868718719482, Validation loss: 0.7432315961837769, Validation accuracy: 0.7791
Adjusting learning rate of group 0 to 1.0000e-01.
Epoch: 35, Train loss: 0.39959136200904843, Validation loss: 0.5757511855125427, Validation accuracy: 0.8151
Adjusting learning rate of group 0 to 1.0000e-01.
Epoch: 36, Train loss: 0.40618886365890505, Validation loss: 0.48793179988861085, Validation accuracy: 0.8441
Adjusting learning rate of group 0 to 1.0000e-01.
Epoch: 37, Train loss: 0.3943134070777893, Validation loss: 0.6593238821029663, Validation accuracy: 0.7992
Adjusting learning rate of group 0 to 1.0000e-01.
Epoch: 38, Train loss: 0.3884408170223236, Validation loss: 0.5108442512512207, Validation accuracy: 0.8385
Adjusting learning rate of group 0 to 1.0000e-01.
Epoch: 39, Train loss: 0.39697015780448913, Validation loss: 0.74912092461586, Validation accuracy: 0.7818
Adjusting learning rate of group 0 to 1.0000e-01.
Epoch: 40, Train loss: 0.37389002347946165, Validation loss: 0.4907658507108688, Validation accuracy: 0.8451
Adjusting learning rate of group 0 to 1.0000e-01.
Epoch: 41, Train loss: 0.38096149780273436, Validation loss: 0.4870389796733856, Validation accuracy: 0.8392
Adjusting learning rate of group 0 to 1.0000e-01.
Epoch: 42, Train loss: 0.3885654652404785, Validation loss: 0.641974831032753, Validation accuracy: 0.8164
Adjusting learning rate of group 0 to 1.0000e-01.
Epoch: 43, Train loss: 0.3760957305622101, Validation loss: 0.5139386717796326, Validation accuracy: 0.8462
Adjusting learning rate of group 0 to 1.0000e-01.
Epoch: 44, Train loss: 0.37232633176803587, Validation loss: 0.5775794458389282, Validation accuracy: 0.8158
Adjusting learning rate of group 0 to 1.0000e-01.
Epoch: 45, Train loss: 0.3703225171852112, Validation loss: 0.5128463324069977, Validation accuracy: 0.8337
Adjusting learning rate of group 0 to 1.0000e-01.
Epoch: 46, Train loss: 0.37280329153060915, Validation loss: 0.6627956263542175, Validation accuracy: 0.808
Adjusting learning rate of group 0 to 1.0000e-01.
Epoch: 47, Train loss: 0.36952992185592654, Validation loss: 0.5564339447021485, Validation accuracy: 0.8197
Adjusting learning rate of group 0 to 1.0000e-01.
Epoch: 48, Train loss: 0.3682463328361511, Validation loss: 0.5026027276992798, Validation accuracy: 0.8393
Adjusting learning rate of group 0 to 1.0000e-01.
Epoch: 49, Train loss: 0.36692151162147524, Validation loss: 0.5527346026420593, Validation accuracy: 0.8172
Adjusting learning rate of group 0 to 1.0000e-01.
Epoch: 50, Train loss: 0.364197009305954, Validation loss: 0.5915798825263977, Validation accuracy: 0.8331
Adjusting learning rate of group 0 to 1.0000e-01.
Epoch: 51, Train loss: 0.35666835753440856, Validation loss: 0.5487647225379944, Validation accuracy: 0.8184
Adjusting learning rate of group 0 to 1.0000e-01.
Epoch: 52, Train loss: 0.35876955689430234, Validation loss: 0.6317394033432007, Validation accuracy: 0.8144
Adjusting learning rate of group 0 to 1.0000e-01.
Epoch: 53, Train loss: 0.35830887090682983, Validation loss: 0.5074229163169861, Validation accuracy: 0.8363
Adjusting learning rate of group 0 to 1.0000e-01.
Epoch: 54, Train loss: 0.36253580614089964, Validation loss: 0.4998995011329651, Validation accuracy: 0.8421
Adjusting learning rate of group 0 to 1.0000e-01.
Epoch: 55, Train loss: 0.35017642453193665, Validation loss: 0.48479464111328124, Validation accuracy: 0.8405
Adjusting learning rate of group 0 to 1.0000e-01.
Epoch: 56, Train loss: 0.3555337905979156, Validation loss: 0.6716731156349182, Validation accuracy: 0.809
Adjusting learning rate of group 0 to 1.0000e-01.
Epoch: 57, Train loss: 0.3650402547073364, Validation loss: 0.5830018925189971, Validation accuracy: 0.8248
Adjusting learning rate of group 0 to 1.0000e-01.
Epoch: 58, Train loss: 0.3589361965370178, Validation loss: 0.7944601139068603, Validation accuracy: 0.7689
Adjusting learning rate of group 0 to 1.0000e-01.
Epoch: 59, Train loss: 0.3496324505233765, Validation loss: 0.4696183766841888, Validation accuracy: 0.857
Adjusting learning rate of group 0 to 1.0000e-01.
Epoch: 60, Train loss: 0.3563900580406189, Validation loss: 0.6248307554244995, Validation accuracy: 0.8017
Adjusting learning rate of group 0 to 1.0000e-01.
Epoch: 61, Train loss: 0.3519086584758759, Validation loss: 0.4945829755783081, Validation accuracy: 0.8444
Adjusting learning rate of group 0 to 1.0000e-01.
Epoch: 62, Train loss: 0.3419044768333435, Validation loss: 0.6347931007862091, Validation accuracy: 0.8099
Adjusting learning rate of group 0 to 1.0000e-01.
Epoch: 63, Train loss: 0.35297533338546755, Validation loss: 0.5502410084724426, Validation accuracy: 0.8559
Adjusting learning rate of group 0 to 1.0000e-01.
Epoch: 64, Train loss: 0.3487530996990204, Validation loss: 0.5844467809677124, Validation accuracy: 0.8258
Adjusting learning rate of group 0 to 1.0000e-01.
Epoch: 65, Train loss: 0.3546939729499817, Validation loss: 0.703663782119751, Validation accuracy: 0.7979
Adjusting learning rate of group 0 to 1.0000e-01.
Epoch: 66, Train loss: 0.3473083756685257, Validation loss: 0.572114402627945, Validation accuracy: 0.8205
Adjusting learning rate of group 0 to 1.0000e-01.
Epoch: 67, Train loss: 0.3471189302253723, Validation loss: 0.604681220626831, Validation accuracy: 0.8269
Adjusting learning rate of group 0 to 1.0000e-01.
Epoch: 68, Train loss: 0.3507982907867432, Validation loss: 0.4930364800453186, Validation accuracy: 0.8504
Adjusting learning rate of group 0 to 1.0000e-01.
Epoch: 69, Train loss: 0.34484990938186644, Validation loss: 0.45854769942760465, Validation accuracy: 0.8581
Adjusting learning rate of group 0 to 1.0000e-01.
Epoch: 70, Train loss: 0.34736863782882693, Validation loss: 0.6481493021965027, Validation accuracy: 0.8088
Adjusting learning rate of group 0 to 1.0000e-01.
Epoch: 71, Train loss: 0.34324346488952634, Validation loss: 0.5268995566368103, Validation accuracy: 0.8369
Adjusting learning rate of group 0 to 1.0000e-01.
Epoch: 72, Train loss: 0.34098437554359434, Validation loss: 0.5235897060394287, Validation accuracy: 0.8476
Adjusting learning rate of group 0 to 1.0000e-01.
Epoch: 73, Train loss: 0.33949121748924255, Validation loss: 0.5700933440685272, Validation accuracy: 0.8354
Adjusting learning rate of group 0 to 1.0000e-01.
Epoch: 74, Train loss: 0.3433156333351135, Validation loss: 0.5864462456703186, Validation accuracy: 0.8137
Adjusting learning rate of group 0 to 1.0000e-01.
Epoch: 75, Train loss: 0.33563001704216006, Validation loss: 0.5372393888473511, Validation accuracy: 0.8473
Adjusting learning rate of group 0 to 1.0000e-01.
Epoch: 76, Train loss: 0.33643455021858215, Validation loss: 0.5214301117897033, Validation accuracy: 0.8424
Adjusting learning rate of group 0 to 1.0000e-01.
Epoch: 77, Train loss: 0.3371120701026917, Validation loss: 0.5498475043296814, Validation accuracy: 0.8282
Adjusting learning rate of group 0 to 1.0000e-01.
Epoch: 78, Train loss: 0.33806523188591003, Validation loss: 0.49835058341026306, Validation accuracy: 0.8453
Adjusting learning rate of group 0 to 1.0000e-01.
Epoch: 79, Train loss: 0.33821364002227783, Validation loss: 0.6389960025787353, Validation accuracy: 0.8182
Adjusting learning rate of group 0 to 1.0000e-01.
Epoch: 80, Train loss: 0.3449117750883102, Validation loss: 0.49659799299240115, Validation accuracy: 0.845
Adjusting learning rate of group 0 to 1.0000e-01.
Epoch: 81, Train loss: 0.3347805019187927, Validation loss: 0.4494687699317932, Validation accuracy: 0.8587
Adjusting learning rate of group 0 to 1.0000e-01.
Epoch: 82, Train loss: 0.3278129273223877, Validation loss: 0.6285006916046143, Validation accuracy: 0.8161
Adjusting learning rate of group 0 to 1.0000e-01.
Epoch: 83, Train loss: 0.33774948146820066, Validation loss: 0.4361511743068695, Validation accuracy: 0.8558
Adjusting learning rate of group 0 to 1.0000e-01.
Epoch: 84, Train loss: 0.32733948331832885, Validation loss: 0.5554444059371948, Validation accuracy: 0.8245
Adjusting learning rate of group 0 to 1.0000e-01.
Epoch: 85, Train loss: 0.3322397459220886, Validation loss: 0.513319730758667, Validation accuracy: 0.8354
Adjusting learning rate of group 0 to 1.0000e-01.
Epoch: 86, Train loss: 0.33611852792739866, Validation loss: 0.5002015975952149, Validation accuracy: 0.8505
Adjusting learning rate of group 0 to 1.0000e-01.
Epoch: 87, Train loss: 0.3261272776412964, Validation loss: 0.5332684931755066, Validation accuracy: 0.8256
Adjusting learning rate of group 0 to 1.0000e-01.
Epoch: 88, Train loss: 0.3218739436149597, Validation loss: 0.46442885975837706, Validation accuracy: 0.8617
Adjusting learning rate of group 0 to 1.0000e-01.
Epoch: 89, Train loss: 0.3329010980796814, Validation loss: 0.4984428482055664, Validation accuracy: 0.8555
Adjusting learning rate of group 0 to 1.0000e-01.
Epoch: 90, Train loss: 0.32518441000938414, Validation loss: 0.8099671407699585, Validation accuracy: 0.8069
Adjusting learning rate of group 0 to 1.0000e-01.
Epoch: 91, Train loss: 0.33816059100151064, Validation loss: 0.44966823997497557, Validation accuracy: 0.8561
Adjusting learning rate of group 0 to 1.0000e-01.
Epoch: 92, Train loss: 0.3332146758842468, Validation loss: 0.7380663778305053, Validation accuracy: 0.7823
Adjusting learning rate of group 0 to 1.0000e-01.
Epoch: 93, Train loss: 0.32517115815162656, Validation loss: 0.5326546653985977, Validation accuracy: 0.8403
Adjusting learning rate of group 0 to 1.0000e-01.
Epoch: 94, Train loss: 0.3233735614776611, Validation loss: 0.4396039698123932, Validation accuracy: 0.858
Adjusting learning rate of group 0 to 1.0000e-01.
Epoch: 95, Train loss: 0.3231866355133057, Validation loss: 0.5815011627197265, Validation accuracy: 0.8362
Adjusting learning rate of group 0 to 1.0000e-01.
Epoch: 96, Train loss: 0.3261199900054932, Validation loss: 0.47520654191970824, Validation accuracy: 0.8444
Adjusting learning rate of group 0 to 1.0000e-01.
Epoch: 97, Train loss: 0.3216092105674744, Validation loss: 0.45411895828247073, Validation accuracy: 0.853
Adjusting learning rate of group 0 to 1.0000e-01.
Epoch: 98, Train loss: 0.3183931189250946, Validation loss: 0.4995358013153076, Validation accuracy: 0.8349
Adjusting learning rate of group 0 to 1.0000e-01.
Epoch: 99, Train loss: 0.3160718817138672, Validation loss: 0.5274651943206787, Validation accuracy: 0.8503
Adjusting learning rate of group 0 to 1.0000e-02.
Epoch: 100, Train loss: 0.3183174378204346, Validation loss: 0.7132165043830871, Validation accuracy: 0.794
Adjusting learning rate of group 0 to 1.0000e-02.
Epoch: 101, Train loss: 0.18710575933456422, Validation loss: 0.27975016107559203, Validation accuracy: 0.912
Adjusting learning rate of group 0 to 1.0000e-02.
Epoch: 102, Train loss: 0.14772307923793793, Validation loss: 0.27377773199081423, Validation accuracy: 0.916
Adjusting learning rate of group 0 to 1.0000e-02.
Epoch: 103, Train loss: 0.13247811868190765, Validation loss: 0.2842337537765503, Validation accuracy: 0.917
Adjusting learning rate of group 0 to 1.0000e-02.
Epoch: 104, Train loss: 0.12362416162490844, Validation loss: 0.2738566560745239, Validation accuracy: 0.917
Adjusting learning rate of group 0 to 1.0000e-02.
Epoch: 105, Train loss: 0.11567772894978523, Validation loss: 0.2830664962768555, Validation accuracy: 0.9173
Adjusting learning rate of group 0 to 1.0000e-02.
Epoch: 106, Train loss: 0.1067190695977211, Validation loss: 0.2821821412563324, Validation accuracy: 0.9222
Adjusting learning rate of group 0 to 1.0000e-02.
Epoch: 107, Train loss: 0.10184301442623138, Validation loss: 0.2815169512748718, Validation accuracy: 0.9192
Adjusting learning rate of group 0 to 1.0000e-02.
Epoch: 108, Train loss: 0.09749586044788361, Validation loss: 0.2866529287338257, Validation accuracy: 0.9196
Adjusting learning rate of group 0 to 1.0000e-02.
Epoch: 109, Train loss: 0.09388012435436249, Validation loss: 0.2949877103805542, Validation accuracy: 0.9204
Adjusting learning rate of group 0 to 1.0000e-02.
Epoch: 110, Train loss: 0.08861243893623352, Validation loss: 0.27915052256584166, Validation accuracy: 0.9211
Adjusting learning rate of group 0 to 1.0000e-02.
Epoch: 111, Train loss: 0.08626493795156479, Validation loss: 0.3186231353759766, Validation accuracy: 0.9138
Adjusting learning rate of group 0 to 1.0000e-02.
Epoch: 112, Train loss: 0.08222254772901536, Validation loss: 0.29995794830322264, Validation accuracy: 0.9214
Adjusting learning rate of group 0 to 1.0000e-02.
Epoch: 113, Train loss: 0.07798324110984803, Validation loss: 0.3047119812965393, Validation accuracy: 0.9202
Adjusting learning rate of group 0 to 1.0000e-02.
Epoch: 114, Train loss: 0.07690055056810378, Validation loss: 0.3100501718521118, Validation accuracy: 0.919
Adjusting learning rate of group 0 to 1.0000e-02.
Epoch: 115, Train loss: 0.073951665879488, Validation loss: 0.3152000094413757, Validation accuracy: 0.9216
Adjusting learning rate of group 0 to 1.0000e-02.
Epoch: 116, Train loss: 0.07399295954227447, Validation loss: 0.3171808564186096, Validation accuracy: 0.9193
Adjusting learning rate of group 0 to 1.0000e-02.
Epoch: 117, Train loss: 0.07083852571487427, Validation loss: 0.3231264357566834, Validation accuracy: 0.9228
Adjusting learning rate of group 0 to 1.0000e-02.
Epoch: 118, Train loss: 0.06694990843176842, Validation loss: 0.3374678810119629, Validation accuracy: 0.9194
Adjusting learning rate of group 0 to 1.0000e-02.
Epoch: 119, Train loss: 0.06444993440628052, Validation loss: 0.3394446119785309, Validation accuracy: 0.9198
Adjusting learning rate of group 0 to 1.0000e-02.
Epoch: 120, Train loss: 0.06397100670218468, Validation loss: 0.33119282779693604, Validation accuracy: 0.9224
Adjusting learning rate of group 0 to 1.0000e-02.
Epoch: 121, Train loss: 0.06392410717487335, Validation loss: 0.33660549459457395, Validation accuracy: 0.9202
Adjusting learning rate of group 0 to 1.0000e-02.
Epoch: 122, Train loss: 0.06180042832136154, Validation loss: 0.3477900001049042, Validation accuracy: 0.9186
Adjusting learning rate of group 0 to 1.0000e-02.
Epoch: 123, Train loss: 0.060826059699058535, Validation loss: 0.3619253417015076, Validation accuracy: 0.9179
Adjusting learning rate of group 0 to 1.0000e-02.
Epoch: 124, Train loss: 0.061829333800077435, Validation loss: 0.3296958419799805, Validation accuracy: 0.9208
Adjusting learning rate of group 0 to 1.0000e-02.
Epoch: 125, Train loss: 0.05868238355517388, Validation loss: 0.3579611002922058, Validation accuracy: 0.9168
Adjusting learning rate of group 0 to 1.0000e-02.
Epoch: 126, Train loss: 0.05874661322832107, Validation loss: 0.36764775457382204, Validation accuracy: 0.916
Adjusting learning rate of group 0 to 1.0000e-02.
Epoch: 127, Train loss: 0.055246916925907136, Validation loss: 0.3697353139877319, Validation accuracy: 0.9119
Adjusting learning rate of group 0 to 1.0000e-02.
Epoch: 128, Train loss: 0.056207751089334484, Validation loss: 0.3528892414093018, Validation accuracy: 0.9214
Adjusting learning rate of group 0 to 1.0000e-02.
Epoch: 129, Train loss: 0.05406200642466545, Validation loss: 0.36972647342681886, Validation accuracy: 0.9161
Adjusting learning rate of group 0 to 1.0000e-02.
Epoch: 130, Train loss: 0.05345260738015175, Validation loss: 0.3599516404151917, Validation accuracy: 0.9172
Adjusting learning rate of group 0 to 1.0000e-02.
Epoch: 131, Train loss: 0.05273106676101685, Validation loss: 0.40557445247173307, Validation accuracy: 0.9153
Adjusting learning rate of group 0 to 1.0000e-02.
Epoch: 132, Train loss: 0.05476128648519516, Validation loss: 0.3731151036739349, Validation accuracy: 0.9153
Adjusting learning rate of group 0 to 1.0000e-02.
Epoch: 133, Train loss: 0.05256161150574684, Validation loss: 0.387090185880661, Validation accuracy: 0.9156
Adjusting learning rate of group 0 to 1.0000e-02.
Epoch: 134, Train loss: 0.052834611290693285, Validation loss: 0.3839412267684936, Validation accuracy: 0.9169
Adjusting learning rate of group 0 to 1.0000e-02.
Epoch: 135, Train loss: 0.050383495081663135, Validation loss: 0.3823095561981201, Validation accuracy: 0.9141
Adjusting learning rate of group 0 to 1.0000e-02.
Epoch: 136, Train loss: 0.051380671002864836, Validation loss: 0.38540458288192747, Validation accuracy: 0.9175
Adjusting learning rate of group 0 to 1.0000e-02.
Epoch: 137, Train loss: 0.05060557340025902, Validation loss: 0.4053758783340454, Validation accuracy: 0.9192
Adjusting learning rate of group 0 to 1.0000e-02.
Epoch: 138, Train loss: 0.0515796507948637, Validation loss: 0.3800515082359314, Validation accuracy: 0.9184
Adjusting learning rate of group 0 to 1.0000e-02.
Epoch: 139, Train loss: 0.04897028765916824, Validation loss: 0.4071563594818115, Validation accuracy: 0.9171
Adjusting learning rate of group 0 to 1.0000e-02.
Epoch: 140, Train loss: 0.051373309617638585, Validation loss: 0.40456587047576903, Validation accuracy: 0.9162
Adjusting learning rate of group 0 to 1.0000e-02.
Epoch: 141, Train loss: 0.052368762813806535, Validation loss: 0.39553298492431643, Validation accuracy: 0.9147
Adjusting learning rate of group 0 to 1.0000e-02.
Epoch: 142, Train loss: 0.04994690701186657, Validation loss: 0.36653094968795774, Validation accuracy: 0.9168
Adjusting learning rate of group 0 to 1.0000e-02.
Epoch: 143, Train loss: 0.04941711978435517, Validation loss: 0.3574179644584656, Validation accuracy: 0.9184
Adjusting learning rate of group 0 to 1.0000e-02.
Epoch: 144, Train loss: 0.048453658834695816, Validation loss: 0.3990463030338287, Validation accuracy: 0.9154
Adjusting learning rate of group 0 to 1.0000e-02.
Epoch: 145, Train loss: 0.049746716043949125, Validation loss: 0.382648002243042, Validation accuracy: 0.9175
Adjusting learning rate of group 0 to 1.0000e-02.
Epoch: 146, Train loss: 0.0496030732268095, Validation loss: 0.40021386528015135, Validation accuracy: 0.9129
Adjusting learning rate of group 0 to 1.0000e-02.
Epoch: 147, Train loss: 0.05014381688833237, Validation loss: 0.41121169300079347, Validation accuracy: 0.9099
Adjusting learning rate of group 0 to 1.0000e-02.
Epoch: 148, Train loss: 0.0477717563778162, Validation loss: 0.405773615694046, Validation accuracy: 0.9175
Adjusting learning rate of group 0 to 1.0000e-02.
Epoch: 149, Train loss: 0.05196761048555374, Validation loss: 0.37513048248291014, Validation accuracy: 0.9177
Adjusting learning rate of group 0 to 1.0000e-03.
Epoch: 150, Train loss: 0.0467225666642189, Validation loss: 0.4112113202571869, Validation accuracy: 0.9096
Adjusting learning rate of group 0 to 1.0000e-03.
Epoch: 151, Train loss: 0.03323558596134186, Validation loss: 0.3567296084403992, Validation accuracy: 0.9246
Adjusting learning rate of group 0 to 1.0000e-03.
Epoch: 152, Train loss: 0.023291362704932688, Validation loss: 0.37588013706207274, Validation accuracy: 0.9242
Adjusting learning rate of group 0 to 1.0000e-03.
Epoch: 153, Train loss: 0.019941608023643493, Validation loss: 0.39308342599868773, Validation accuracy: 0.9245
Adjusting learning rate of group 0 to 1.0000e-03.
Epoch: 154, Train loss: 0.01912214754998684, Validation loss: 0.4007793406486511, Validation accuracy: 0.9258
Adjusting learning rate of group 0 to 1.0000e-03.
Epoch: 155, Train loss: 0.016517637931108473, Validation loss: 0.4039721950531006, Validation accuracy: 0.9244
Adjusting learning rate of group 0 to 1.0000e-03.
Epoch: 156, Train loss: 0.016823133245110512, Validation loss: 0.41028174571990966, Validation accuracy: 0.9262
Adjusting learning rate of group 0 to 1.0000e-03.
Epoch: 157, Train loss: 0.01398164313107729, Validation loss: 0.41667444467544557, Validation accuracy: 0.9262
Adjusting learning rate of group 0 to 1.0000e-03.
Epoch: 158, Train loss: 0.01346317200794816, Validation loss: 0.43244660387039185, Validation accuracy: 0.9262
Adjusting learning rate of group 0 to 1.0000e-03.
Epoch: 159, Train loss: 0.014090609525647014, Validation loss: 0.4406762082099915, Validation accuracy: 0.9246
Adjusting learning rate of group 0 to 1.0000e-03.
Epoch: 160, Train loss: 0.013302604700922966, Validation loss: 0.4409329031944275, Validation accuracy: 0.9252
Adjusting learning rate of group 0 to 1.0000e-03.
Epoch: 161, Train loss: 0.013121675314139575, Validation loss: 0.44568871002197263, Validation accuracy: 0.9265
Adjusting learning rate of group 0 to 1.0000e-03.
Epoch: 162, Train loss: 0.011990437036380171, Validation loss: 0.4556900316238403, Validation accuracy: 0.9257
Adjusting learning rate of group 0 to 1.0000e-03.
Epoch: 163, Train loss: 0.011480943514704705, Validation loss: 0.45925169496536256, Validation accuracy: 0.9256
Adjusting learning rate of group 0 to 1.0000e-03.
Epoch: 164, Train loss: 0.010146018916629255, Validation loss: 0.46735772457122804, Validation accuracy: 0.9262
Adjusting learning rate of group 0 to 1.0000e-03.
Epoch: 165, Train loss: 0.011371441593803466, Validation loss: 0.46963234300613405, Validation accuracy: 0.9259
Adjusting learning rate of group 0 to 1.0000e-03.
Epoch: 166, Train loss: 0.012642388458847999, Validation loss: 0.47063853359222413, Validation accuracy: 0.926
Adjusting learning rate of group 0 to 1.0000e-03.
Epoch: 167, Train loss: 0.010532412484362721, Validation loss: 0.47286347742080687, Validation accuracy: 0.9275
Adjusting learning rate of group 0 to 1.0000e-03.
Epoch: 168, Train loss: 0.010102672233497725, Validation loss: 0.47198945798873904, Validation accuracy: 0.9271
Adjusting learning rate of group 0 to 1.0000e-03.
Epoch: 169, Train loss: 0.010352598803676664, Validation loss: 0.4802345658302307, Validation accuracy: 0.9275
Adjusting learning rate of group 0 to 1.0000e-03.
Epoch: 170, Train loss: 0.011412987211830913, Validation loss: 0.48136831283569337, Validation accuracy: 0.927
Adjusting learning rate of group 0 to 1.0000e-03.
Epoch: 171, Train loss: 0.009938261015079915, Validation loss: 0.4728402177810669, Validation accuracy: 0.9278
Adjusting learning rate of group 0 to 1.0000e-03.
Epoch: 172, Train loss: 0.009877785422354936, Validation loss: 0.4857063487052917, Validation accuracy: 0.926
Adjusting learning rate of group 0 to 1.0000e-03.
Epoch: 173, Train loss: 0.008919969369247556, Validation loss: 0.49375248651504516, Validation accuracy: 0.9261
Adjusting learning rate of group 0 to 1.0000e-03.
Epoch: 174, Train loss: 0.009442858527973294, Validation loss: 0.48764979419708254, Validation accuracy: 0.9271
Adjusting learning rate of group 0 to 1.0000e-03.
Epoch: 175, Train loss: 0.009412154650175943, Validation loss: 0.4954455138206482, Validation accuracy: 0.9276
Adjusting learning rate of group 0 to 1.0000e-03.
Epoch: 176, Train loss: 0.009147248588316143, Validation loss: 0.5030105436325073, Validation accuracy: 0.9271
Adjusting learning rate of group 0 to 1.0000e-03.
Epoch: 177, Train loss: 0.009289423055713996, Validation loss: 0.505503626537323, Validation accuracy: 0.9277
Adjusting learning rate of group 0 to 1.0000e-03.
Epoch: 178, Train loss: 0.00823430991910398, Validation loss: 0.5134610076904297, Validation accuracy: 0.9277
Adjusting learning rate of group 0 to 1.0000e-03.
Epoch: 179, Train loss: 0.009318462261827663, Validation loss: 0.5115524914741516, Validation accuracy: 0.9275
Adjusting learning rate of group 0 to 1.0000e-03.
Epoch: 180, Train loss: 0.007705712983720005, Validation loss: 0.5126967754364014, Validation accuracy: 0.9269
Adjusting learning rate of group 0 to 1.0000e-03.
Epoch: 181, Train loss: 0.008548303877077997, Validation loss: 0.5087839780807495, Validation accuracy: 0.9272
Adjusting learning rate of group 0 to 1.0000e-03.
Epoch: 182, Train loss: 0.007895235602166503, Validation loss: 0.5117784867286682, Validation accuracy: 0.9274
Adjusting learning rate of group 0 to 1.0000e-03.
Epoch: 183, Train loss: 0.006574429331952706, Validation loss: 0.5178355953216552, Validation accuracy: 0.9263
Adjusting learning rate of group 0 to 1.0000e-03.
Epoch: 184, Train loss: 0.007355264658862725, Validation loss: 0.513475021648407, Validation accuracy: 0.9276
Adjusting learning rate of group 0 to 1.0000e-03.
Epoch: 185, Train loss: 0.006609939551856369, Validation loss: 0.5335302743911743, Validation accuracy: 0.9265
Adjusting learning rate of group 0 to 1.0000e-03.
Epoch: 186, Train loss: 0.007856140322834253, Validation loss: 0.5259941171646119, Validation accuracy: 0.9263
Adjusting learning rate of group 0 to 1.0000e-03.
Epoch: 187, Train loss: 0.007730413404847205, Validation loss: 0.5184816022872925, Validation accuracy: 0.9266
Adjusting learning rate of group 0 to 1.0000e-03.
Epoch: 188, Train loss: 0.007705077035427094, Validation loss: 0.5300736270904541, Validation accuracy: 0.9272
Adjusting learning rate of group 0 to 1.0000e-03.
Epoch: 189, Train loss: 0.007445310503691435, Validation loss: 0.5240725448608399, Validation accuracy: 0.9279
Adjusting learning rate of group 0 to 1.0000e-03.
Epoch: 190, Train loss: 0.0068253954209014775, Validation loss: 0.5307811519622803, Validation accuracy: 0.9267
Adjusting learning rate of group 0 to 1.0000e-03.
Epoch: 191, Train loss: 0.007032648243624717, Validation loss: 0.5286114081382751, Validation accuracy: 0.9262
Adjusting learning rate of group 0 to 1.0000e-03.
Epoch: 192, Train loss: 0.007039243654049933, Validation loss: 0.5356673252105713, Validation accuracy: 0.9265
Adjusting learning rate of group 0 to 1.0000e-03.
Epoch: 193, Train loss: 0.006488077999982051, Validation loss: 0.5396024154663086, Validation accuracy: 0.9263
Adjusting learning rate of group 0 to 1.0000e-03.
Epoch: 194, Train loss: 0.006712300453800708, Validation loss: 0.5407661616325379, Validation accuracy: 0.9281
Adjusting learning rate of group 0 to 1.0000e-03.
Epoch: 195, Train loss: 0.006871478544529528, Validation loss: 0.5408739517211915, Validation accuracy: 0.9282
Adjusting learning rate of group 0 to 1.0000e-03.
Epoch: 196, Train loss: 0.006325073325634003, Validation loss: 0.541483518409729, Validation accuracy: 0.9287
Adjusting learning rate of group 0 to 1.0000e-03.
Epoch: 197, Train loss: 0.00668543535463512, Validation loss: 0.5466219299316406, Validation accuracy: 0.9279
Adjusting learning rate of group 0 to 1.0000e-03.
Epoch: 198, Train loss: 0.006321114036999643, Validation loss: 0.5434315968036652, Validation accuracy: 0.9287
Adjusting learning rate of group 0 to 1.0000e-03.
Epoch: 199, Train loss: 0.006470973985325545, Validation loss: 0.551369463634491, Validation accuracy: 0.927
Accuracy: 0.927, Parameters: 194
