['ResNet-TRL-Ringed.py', '--core_ranks', '3', '1', '2', '--ring_ranks', '3', '2', '3', '--seed', '9', '--device', 'cuda:3']
Initializing dataloader
Files already downloaded and verified
Files already downloaded and verified
Dataloader has initialized
Initializing model
Adjusting learning rate of group 0 to 1.0000e-02.
Model initialized
Testing model
Tests passed
Adjusting learning rate of group 0 to 2.0000e-02.
Epoch: 0, Train loss: 1.8375736851119995, Validation loss: 1.5457758909225463, Validation accuracy: 0.4188
Adjusting learning rate of group 0 to 3.0000e-02.
Epoch: 1, Train loss: 1.4594736499023437, Validation loss: 1.3213755279541015, Validation accuracy: 0.5484
Adjusting learning rate of group 0 to 4.0000e-02.
Epoch: 2, Train loss: 1.2010307065582275, Validation loss: 1.0990802848815917, Validation accuracy: 0.6035
Adjusting learning rate of group 0 to 5.0000e-02.
Epoch: 3, Train loss: 1.041439404373169, Validation loss: 1.0359298866271973, Validation accuracy: 0.6546
Adjusting learning rate of group 0 to 6.0000e-02.
Epoch: 4, Train loss: 0.9207089946746826, Validation loss: 1.050498171043396, Validation accuracy: 0.6558
Adjusting learning rate of group 0 to 7.0000e-02.
Epoch: 5, Train loss: 0.8352274441146851, Validation loss: 0.864105818271637, Validation accuracy: 0.7171
Adjusting learning rate of group 0 to 8.0000e-02.
Epoch: 6, Train loss: 0.7571123043441772, Validation loss: 0.8300898016929626, Validation accuracy: 0.716
Adjusting learning rate of group 0 to 9.0000e-02.
Epoch: 7, Train loss: 0.7222365402603149, Validation loss: 0.7448287342071533, Validation accuracy: 0.7464
Adjusting learning rate of group 0 to 1.0000e-01.
Epoch: 8, Train loss: 0.6814547019386291, Validation loss: 0.7503410605430603, Validation accuracy: 0.7574
Adjusting learning rate of group 0 to 1.0000e-01.
Epoch: 9, Train loss: 0.6475193671989441, Validation loss: 0.6766822950363159, Validation accuracy: 0.7775
Adjusting learning rate of group 0 to 1.0000e-01.
Epoch: 10, Train loss: 0.6162384621810914, Validation loss: 0.7436210107803345, Validation accuracy: 0.7535
Adjusting learning rate of group 0 to 1.0000e-01.
Epoch: 11, Train loss: 0.5759405520248413, Validation loss: 0.6427487851142883, Validation accuracy: 0.8021
Adjusting learning rate of group 0 to 1.0000e-01.
Epoch: 12, Train loss: 0.560505933713913, Validation loss: 0.8178353965759277, Validation accuracy: 0.7529
Adjusting learning rate of group 0 to 1.0000e-01.
Epoch: 13, Train loss: 0.5319528360366821, Validation loss: 0.7733361552238465, Validation accuracy: 0.7868
Adjusting learning rate of group 0 to 1.0000e-01.
Epoch: 14, Train loss: 0.5248259642601013, Validation loss: 0.7080071244239807, Validation accuracy: 0.7865
Adjusting learning rate of group 0 to 1.0000e-01.
Epoch: 15, Train loss: 0.5100287117958069, Validation loss: 0.6857705200195312, Validation accuracy: 0.7815
Adjusting learning rate of group 0 to 1.0000e-01.
Epoch: 16, Train loss: 0.49991548774719236, Validation loss: 0.574380171585083, Validation accuracy: 0.8139
Adjusting learning rate of group 0 to 1.0000e-01.
Epoch: 17, Train loss: 0.48245086011886595, Validation loss: 0.5918658458709717, Validation accuracy: 0.8115
Adjusting learning rate of group 0 to 1.0000e-01.
Epoch: 18, Train loss: 0.4772691184043884, Validation loss: 0.5562197350502014, Validation accuracy: 0.8172
Adjusting learning rate of group 0 to 1.0000e-01.
Epoch: 19, Train loss: 0.4679343568229675, Validation loss: 0.7042304173946381, Validation accuracy: 0.8085
Adjusting learning rate of group 0 to 1.0000e-01.
Epoch: 20, Train loss: 0.4626409540367126, Validation loss: 0.7287562278747559, Validation accuracy: 0.8026
Adjusting learning rate of group 0 to 1.0000e-01.
Epoch: 21, Train loss: 0.4462130102348328, Validation loss: 0.648397652053833, Validation accuracy: 0.8099
Adjusting learning rate of group 0 to 1.0000e-01.
Epoch: 22, Train loss: 0.4406579003429413, Validation loss: 0.6372838221549988, Validation accuracy: 0.7997
Adjusting learning rate of group 0 to 1.0000e-01.
Epoch: 23, Train loss: 0.43826468856811523, Validation loss: 0.7983364261627197, Validation accuracy: 0.7952
Adjusting learning rate of group 0 to 1.0000e-01.
Epoch: 24, Train loss: 0.4310215708065033, Validation loss: 0.6506092708587646, Validation accuracy: 0.8118
Adjusting learning rate of group 0 to 1.0000e-01.
Epoch: 25, Train loss: 0.4243437534236908, Validation loss: 0.5481203248977661, Validation accuracy: 0.8256
Adjusting learning rate of group 0 to 1.0000e-01.
Epoch: 26, Train loss: 0.418726648311615, Validation loss: 0.8453261683464051, Validation accuracy: 0.775
Adjusting learning rate of group 0 to 1.0000e-01.
Epoch: 27, Train loss: 0.407913444480896, Validation loss: 0.5914668488502502, Validation accuracy: 0.8196
Adjusting learning rate of group 0 to 1.0000e-01.
Epoch: 28, Train loss: 0.4029454099464416, Validation loss: 0.6578765038490295, Validation accuracy: 0.7844
Adjusting learning rate of group 0 to 1.0000e-01.
Epoch: 29, Train loss: 0.4121227561950684, Validation loss: 0.6093746646881103, Validation accuracy: 0.817
Adjusting learning rate of group 0 to 1.0000e-01.
Epoch: 30, Train loss: 0.40890856674194337, Validation loss: 0.5822276258468628, Validation accuracy: 0.8161
Adjusting learning rate of group 0 to 1.0000e-01.
Epoch: 31, Train loss: 0.4088900050354004, Validation loss: 0.8563061876296997, Validation accuracy: 0.796
Adjusting learning rate of group 0 to 1.0000e-01.
Epoch: 32, Train loss: 0.38838165983200074, Validation loss: 0.4906402283668518, Validation accuracy: 0.852
Adjusting learning rate of group 0 to 1.0000e-01.
Epoch: 33, Train loss: 0.3891625774860382, Validation loss: 0.6154875907897949, Validation accuracy: 0.8254
Adjusting learning rate of group 0 to 1.0000e-01.
Epoch: 34, Train loss: 0.3950358073806763, Validation loss: 0.5872694623470306, Validation accuracy: 0.8257
Adjusting learning rate of group 0 to 1.0000e-01.
Epoch: 35, Train loss: 0.39214902685165404, Validation loss: 0.5607016173362732, Validation accuracy: 0.8258
Adjusting learning rate of group 0 to 1.0000e-01.
Epoch: 36, Train loss: 0.39749508548736573, Validation loss: 0.46851133394241334, Validation accuracy: 0.8479
Adjusting learning rate of group 0 to 1.0000e-01.
Epoch: 37, Train loss: 0.3902906642436981, Validation loss: 0.6400501062393188, Validation accuracy: 0.8273
Adjusting learning rate of group 0 to 1.0000e-01.
Epoch: 38, Train loss: 0.3685657633304596, Validation loss: 0.680921565246582, Validation accuracy: 0.7995
Adjusting learning rate of group 0 to 1.0000e-01.
Epoch: 39, Train loss: 0.3776569445037842, Validation loss: 0.5612275633811951, Validation accuracy: 0.8297
Adjusting learning rate of group 0 to 1.0000e-01.
Epoch: 40, Train loss: 0.37571735380172727, Validation loss: 0.6795011991500854, Validation accuracy: 0.8027
Adjusting learning rate of group 0 to 1.0000e-01.
Epoch: 41, Train loss: 0.38439149320602417, Validation loss: 0.6249027769088745, Validation accuracy: 0.8164
Adjusting learning rate of group 0 to 1.0000e-01.
Epoch: 42, Train loss: 0.36656978275299074, Validation loss: 0.5844080905914306, Validation accuracy: 0.8473
Adjusting learning rate of group 0 to 1.0000e-01.
Epoch: 43, Train loss: 0.37858240013122557, Validation loss: 0.6632611956596375, Validation accuracy: 0.8078
Adjusting learning rate of group 0 to 1.0000e-01.
Epoch: 44, Train loss: 0.3714631299972534, Validation loss: 0.5237990770339965, Validation accuracy: 0.8321
Adjusting learning rate of group 0 to 1.0000e-01.
Epoch: 45, Train loss: 0.36780458124160764, Validation loss: 0.508280251121521, Validation accuracy: 0.8471
Adjusting learning rate of group 0 to 1.0000e-01.
Epoch: 46, Train loss: 0.36253599660873415, Validation loss: 0.4400471067428589, Validation accuracy: 0.8519
Adjusting learning rate of group 0 to 1.0000e-01.
Epoch: 47, Train loss: 0.3623042779445648, Validation loss: 0.5114926788330079, Validation accuracy: 0.8423
Adjusting learning rate of group 0 to 1.0000e-01.
Epoch: 48, Train loss: 0.3597166116142273, Validation loss: 0.6572504618644714, Validation accuracy: 0.8056
Adjusting learning rate of group 0 to 1.0000e-01.
Epoch: 49, Train loss: 0.3596256877708435, Validation loss: 0.7756345186233521, Validation accuracy: 0.7655
Adjusting learning rate of group 0 to 1.0000e-01.
Epoch: 50, Train loss: 0.3591994386100769, Validation loss: 0.7434396362304687, Validation accuracy: 0.7899
Adjusting learning rate of group 0 to 1.0000e-01.
Epoch: 51, Train loss: 0.35804600816726684, Validation loss: 0.6548287687301636, Validation accuracy: 0.8143
Adjusting learning rate of group 0 to 1.0000e-01.
Epoch: 52, Train loss: 0.3593345237350464, Validation loss: 0.5057594855308533, Validation accuracy: 0.8343
Adjusting learning rate of group 0 to 1.0000e-01.
Epoch: 53, Train loss: 0.35853815388679505, Validation loss: 0.6384937863826752, Validation accuracy: 0.8397
Adjusting learning rate of group 0 to 1.0000e-01.
Epoch: 54, Train loss: 0.3515968065071106, Validation loss: 0.49718574638366697, Validation accuracy: 0.8422
Adjusting learning rate of group 0 to 1.0000e-01.
Epoch: 55, Train loss: 0.356700871295929, Validation loss: 0.5535509510993958, Validation accuracy: 0.8269
Adjusting learning rate of group 0 to 1.0000e-01.
Epoch: 56, Train loss: 0.3578679214572906, Validation loss: 0.5607737935066223, Validation accuracy: 0.8209
Adjusting learning rate of group 0 to 1.0000e-01.
Epoch: 57, Train loss: 0.3554812607192993, Validation loss: 0.5046675919055938, Validation accuracy: 0.8424
Adjusting learning rate of group 0 to 1.0000e-01.
Epoch: 58, Train loss: 0.350612490978241, Validation loss: 0.46369302706718446, Validation accuracy: 0.8503
Adjusting learning rate of group 0 to 1.0000e-01.
Epoch: 59, Train loss: 0.33825492395401, Validation loss: 0.6329429291725158, Validation accuracy: 0.8202
Adjusting learning rate of group 0 to 1.0000e-01.
Epoch: 60, Train loss: 0.3457660931968689, Validation loss: 0.5578370645046234, Validation accuracy: 0.8364
Adjusting learning rate of group 0 to 1.0000e-01.
Epoch: 61, Train loss: 0.342716991147995, Validation loss: 0.5785241129875183, Validation accuracy: 0.8349
Adjusting learning rate of group 0 to 1.0000e-01.
Epoch: 62, Train loss: 0.3419455144405365, Validation loss: 0.4845242026329041, Validation accuracy: 0.8496
Adjusting learning rate of group 0 to 1.0000e-01.
Epoch: 63, Train loss: 0.34955406507492065, Validation loss: 0.7894626068115235, Validation accuracy: 0.798
Adjusting learning rate of group 0 to 1.0000e-01.
Epoch: 64, Train loss: 0.34648619020462035, Validation loss: 0.5279905453681946, Validation accuracy: 0.8344
Adjusting learning rate of group 0 to 1.0000e-01.
Epoch: 65, Train loss: 0.3397809617805481, Validation loss: 0.5130975727081298, Validation accuracy: 0.8365
Adjusting learning rate of group 0 to 1.0000e-01.
Epoch: 66, Train loss: 0.3454183474063873, Validation loss: 0.4732883351325989, Validation accuracy: 0.8584
Adjusting learning rate of group 0 to 1.0000e-01.
Epoch: 67, Train loss: 0.34096923908233645, Validation loss: 0.5483945946455002, Validation accuracy: 0.8411
Adjusting learning rate of group 0 to 1.0000e-01.
Epoch: 68, Train loss: 0.3414814784908295, Validation loss: 1.0603427367210387, Validation accuracy: 0.7549
Adjusting learning rate of group 0 to 1.0000e-01.
Epoch: 69, Train loss: 0.33839312259197235, Validation loss: 0.5583420274734497, Validation accuracy: 0.8548
Adjusting learning rate of group 0 to 1.0000e-01.
Epoch: 70, Train loss: 0.34059853607177737, Validation loss: 1.0628467683792113, Validation accuracy: 0.7571
Adjusting learning rate of group 0 to 1.0000e-01.
Epoch: 71, Train loss: 0.34197769786834714, Validation loss: 0.6081328343391419, Validation accuracy: 0.8293
Adjusting learning rate of group 0 to 1.0000e-01.
Epoch: 72, Train loss: 0.33827882725715636, Validation loss: 0.4847922245025635, Validation accuracy: 0.859
Adjusting learning rate of group 0 to 1.0000e-01.
Epoch: 73, Train loss: 0.3335475612831116, Validation loss: 0.6003909046173096, Validation accuracy: 0.8275
Adjusting learning rate of group 0 to 1.0000e-01.
Epoch: 74, Train loss: 0.3413971360588074, Validation loss: 0.6815907771110534, Validation accuracy: 0.8362
Adjusting learning rate of group 0 to 1.0000e-01.
Epoch: 75, Train loss: 0.33384431515693663, Validation loss: 0.6665942316055298, Validation accuracy: 0.8281
Adjusting learning rate of group 0 to 1.0000e-01.
Epoch: 76, Train loss: 0.3333643456077576, Validation loss: 0.5845122137069703, Validation accuracy: 0.8213
Adjusting learning rate of group 0 to 1.0000e-01.
Epoch: 77, Train loss: 0.33821498476982115, Validation loss: 0.4819154900550842, Validation accuracy: 0.8556
Adjusting learning rate of group 0 to 1.0000e-01.
Epoch: 78, Train loss: 0.3349075556087494, Validation loss: 0.8359921943664551, Validation accuracy: 0.7913
Adjusting learning rate of group 0 to 1.0000e-01.
Epoch: 79, Train loss: 0.3365898364257813, Validation loss: 0.5273066422224045, Validation accuracy: 0.8379
Adjusting learning rate of group 0 to 1.0000e-01.
Epoch: 80, Train loss: 0.33322005091667173, Validation loss: 0.5324928927421569, Validation accuracy: 0.8504
Adjusting learning rate of group 0 to 1.0000e-01.
Epoch: 81, Train loss: 0.3267995188331604, Validation loss: 0.6306393918991089, Validation accuracy: 0.8365
Adjusting learning rate of group 0 to 1.0000e-01.
Epoch: 82, Train loss: 0.3248237777709961, Validation loss: 0.5647678890228272, Validation accuracy: 0.834
Adjusting learning rate of group 0 to 1.0000e-01.
Epoch: 83, Train loss: 0.3304455380821228, Validation loss: 0.5225464453339577, Validation accuracy: 0.8556
Adjusting learning rate of group 0 to 1.0000e-01.
Epoch: 84, Train loss: 0.3342503207397461, Validation loss: 0.4756355428695679, Validation accuracy: 0.8512
Adjusting learning rate of group 0 to 1.0000e-01.
Epoch: 85, Train loss: 0.3369682934474945, Validation loss: 0.7088620899677277, Validation accuracy: 0.8052
Adjusting learning rate of group 0 to 1.0000e-01.
Epoch: 86, Train loss: 0.32010766448020933, Validation loss: 0.720768756866455, Validation accuracy: 0.8055
Adjusting learning rate of group 0 to 1.0000e-01.
Epoch: 87, Train loss: 0.32574818161010743, Validation loss: 0.6538709360837937, Validation accuracy: 0.8098
Adjusting learning rate of group 0 to 1.0000e-01.
Epoch: 88, Train loss: 0.3215959976005554, Validation loss: 0.47098154220581057, Validation accuracy: 0.8493
Adjusting learning rate of group 0 to 1.0000e-01.
Epoch: 89, Train loss: 0.3292182321548462, Validation loss: 0.5028040209770203, Validation accuracy: 0.8506
Adjusting learning rate of group 0 to 1.0000e-01.
Epoch: 90, Train loss: 0.3233853828144074, Validation loss: 0.610060445022583, Validation accuracy: 0.8358
Adjusting learning rate of group 0 to 1.0000e-01.
Epoch: 91, Train loss: 0.32033211444854737, Validation loss: 0.6047263572692871, Validation accuracy: 0.8363
Adjusting learning rate of group 0 to 1.0000e-01.
Epoch: 92, Train loss: 0.3227109333324432, Validation loss: 0.5820423799991608, Validation accuracy: 0.8302
Adjusting learning rate of group 0 to 1.0000e-01.
Epoch: 93, Train loss: 0.31991391248703005, Validation loss: 0.5655429777145385, Validation accuracy: 0.838
Adjusting learning rate of group 0 to 1.0000e-01.
Epoch: 94, Train loss: 0.3364248190498352, Validation loss: 0.4953240200996399, Validation accuracy: 0.8437
Adjusting learning rate of group 0 to 1.0000e-01.
Epoch: 95, Train loss: 0.3234746182060242, Validation loss: 0.4501256854057312, Validation accuracy: 0.8581
Adjusting learning rate of group 0 to 1.0000e-01.
Epoch: 96, Train loss: 0.3363406927394867, Validation loss: 0.5142810711860657, Validation accuracy: 0.8409
Adjusting learning rate of group 0 to 1.0000e-01.
Epoch: 97, Train loss: 0.31521192870140075, Validation loss: 0.7037342712402344, Validation accuracy: 0.8118
Adjusting learning rate of group 0 to 1.0000e-01.
Epoch: 98, Train loss: 0.32702025568008425, Validation loss: 0.5009732703208923, Validation accuracy: 0.8581
Adjusting learning rate of group 0 to 1.0000e-01.
Epoch: 99, Train loss: 0.33221630601882934, Validation loss: 0.5538463644981384, Validation accuracy: 0.8281
Adjusting learning rate of group 0 to 1.0000e-02.
Epoch: 100, Train loss: 0.32022592368602754, Validation loss: 0.5394970384597778, Validation accuracy: 0.8518
Adjusting learning rate of group 0 to 1.0000e-02.
Epoch: 101, Train loss: 0.18838364382266998, Validation loss: 0.2948849754810333, Validation accuracy: 0.9149
Adjusting learning rate of group 0 to 1.0000e-02.
Epoch: 102, Train loss: 0.1412895971059799, Validation loss: 0.3022493700027466, Validation accuracy: 0.9143
Adjusting learning rate of group 0 to 1.0000e-02.
Epoch: 103, Train loss: 0.128165224108696, Validation loss: 0.2921043828964233, Validation accuracy: 0.9166
Adjusting learning rate of group 0 to 1.0000e-02.
Epoch: 104, Train loss: 0.11682341208457947, Validation loss: 0.30083506507873536, Validation accuracy: 0.9168
Adjusting learning rate of group 0 to 1.0000e-02.
Epoch: 105, Train loss: 0.1079053055357933, Validation loss: 0.29077366876602173, Validation accuracy: 0.9183
Adjusting learning rate of group 0 to 1.0000e-02.
Epoch: 106, Train loss: 0.10236746076107026, Validation loss: 0.2964287765979767, Validation accuracy: 0.9209
Adjusting learning rate of group 0 to 1.0000e-02.
Epoch: 107, Train loss: 0.0950253802037239, Validation loss: 0.3055955868244171, Validation accuracy: 0.9217
Adjusting learning rate of group 0 to 1.0000e-02.
Epoch: 108, Train loss: 0.08880517582535744, Validation loss: 0.32223199038505557, Validation accuracy: 0.9207
Adjusting learning rate of group 0 to 1.0000e-02.
Epoch: 109, Train loss: 0.08638021822929383, Validation loss: 0.3387958625793457, Validation accuracy: 0.9182
Adjusting learning rate of group 0 to 1.0000e-02.
Epoch: 110, Train loss: 0.08179719552516937, Validation loss: 0.35547325315475464, Validation accuracy: 0.915
Adjusting learning rate of group 0 to 1.0000e-02.
Epoch: 111, Train loss: 0.07990452871203423, Validation loss: 0.3348883928775787, Validation accuracy: 0.9199
Adjusting learning rate of group 0 to 1.0000e-02.
Epoch: 112, Train loss: 0.07649523924589158, Validation loss: 0.33673603715896605, Validation accuracy: 0.9177
Adjusting learning rate of group 0 to 1.0000e-02.
Epoch: 113, Train loss: 0.07365264084339142, Validation loss: 0.3371834673881531, Validation accuracy: 0.92
Adjusting learning rate of group 0 to 1.0000e-02.
Epoch: 114, Train loss: 0.07016613639712334, Validation loss: 0.35047097873687744, Validation accuracy: 0.9198
Adjusting learning rate of group 0 to 1.0000e-02.
Epoch: 115, Train loss: 0.06655882321119308, Validation loss: 0.35017145624160767, Validation accuracy: 0.9212
Adjusting learning rate of group 0 to 1.0000e-02.
Epoch: 116, Train loss: 0.06524293547153473, Validation loss: 0.34935505332946776, Validation accuracy: 0.9199
Adjusting learning rate of group 0 to 1.0000e-02.
Epoch: 117, Train loss: 0.06264154144644737, Validation loss: 0.37073892250061036, Validation accuracy: 0.9195
Adjusting learning rate of group 0 to 1.0000e-02.
Epoch: 118, Train loss: 0.06200767868041992, Validation loss: 0.3763693525314331, Validation accuracy: 0.9171
Adjusting learning rate of group 0 to 1.0000e-02.
Epoch: 119, Train loss: 0.05916989876866341, Validation loss: 0.3806058596611023, Validation accuracy: 0.9195
Adjusting learning rate of group 0 to 1.0000e-02.
Epoch: 120, Train loss: 0.05440094838619232, Validation loss: 0.3900556902885437, Validation accuracy: 0.918
Adjusting learning rate of group 0 to 1.0000e-02.
Epoch: 121, Train loss: 0.055683033590316774, Validation loss: 0.38837116527557375, Validation accuracy: 0.92
Adjusting learning rate of group 0 to 1.0000e-02.
Epoch: 122, Train loss: 0.05379614450097084, Validation loss: 0.385513249540329, Validation accuracy: 0.921
Adjusting learning rate of group 0 to 1.0000e-02.
Epoch: 123, Train loss: 0.05267022303462029, Validation loss: 0.3919018566608429, Validation accuracy: 0.9184
Adjusting learning rate of group 0 to 1.0000e-02.
Epoch: 124, Train loss: 0.052675468773841855, Validation loss: 0.3889750203132629, Validation accuracy: 0.9181
Adjusting learning rate of group 0 to 1.0000e-02.
Epoch: 125, Train loss: 0.050789240115880964, Validation loss: 0.3858783902168274, Validation accuracy: 0.9201
Adjusting learning rate of group 0 to 1.0000e-02.
Epoch: 126, Train loss: 0.047850391510725024, Validation loss: 0.4174866678714752, Validation accuracy: 0.9176
Adjusting learning rate of group 0 to 1.0000e-02.
Epoch: 127, Train loss: 0.048761853443086145, Validation loss: 0.4011382881164551, Validation accuracy: 0.9182
Adjusting learning rate of group 0 to 1.0000e-02.
Epoch: 128, Train loss: 0.04644750149905682, Validation loss: 0.420296178817749, Validation accuracy: 0.918
Adjusting learning rate of group 0 to 1.0000e-02.
Epoch: 129, Train loss: 0.04633175882935524, Validation loss: 0.43069585747718814, Validation accuracy: 0.9196
Adjusting learning rate of group 0 to 1.0000e-02.
Epoch: 130, Train loss: 0.047027090398669244, Validation loss: 0.4037693736076355, Validation accuracy: 0.9199
Adjusting learning rate of group 0 to 1.0000e-02.
Epoch: 131, Train loss: 0.04504988728821278, Validation loss: 0.44568412709236144, Validation accuracy: 0.9157
Adjusting learning rate of group 0 to 1.0000e-02.
Epoch: 132, Train loss: 0.047595508637428285, Validation loss: 0.4173623188495636, Validation accuracy: 0.9176
Adjusting learning rate of group 0 to 1.0000e-02.
Epoch: 133, Train loss: 0.04623492332443595, Validation loss: 0.4467674578666687, Validation accuracy: 0.9171
Adjusting learning rate of group 0 to 1.0000e-02.
Epoch: 134, Train loss: 0.044144510769844054, Validation loss: 0.44226860065460205, Validation accuracy: 0.919
Adjusting learning rate of group 0 to 1.0000e-02.
Epoch: 135, Train loss: 0.042254632626771926, Validation loss: 0.5238978464126587, Validation accuracy: 0.9072
Adjusting learning rate of group 0 to 1.0000e-02.
Epoch: 136, Train loss: 0.04734891271173954, Validation loss: 0.4499277064800262, Validation accuracy: 0.9149
Adjusting learning rate of group 0 to 1.0000e-02.
Epoch: 137, Train loss: 0.043011011857464906, Validation loss: 0.46282910528182986, Validation accuracy: 0.9151
Adjusting learning rate of group 0 to 1.0000e-02.
Epoch: 138, Train loss: 0.041480284591913226, Validation loss: 0.4353377325057983, Validation accuracy: 0.9189
Adjusting learning rate of group 0 to 1.0000e-02.
Epoch: 139, Train loss: 0.04305304585933685, Validation loss: 0.43507482528686525, Validation accuracy: 0.9155
Adjusting learning rate of group 0 to 1.0000e-02.
Epoch: 140, Train loss: 0.04357994994699955, Validation loss: 0.439983856010437, Validation accuracy: 0.9148
Adjusting learning rate of group 0 to 1.0000e-02.
Epoch: 141, Train loss: 0.04177946810424328, Validation loss: 0.44628263611793517, Validation accuracy: 0.9169
Adjusting learning rate of group 0 to 1.0000e-02.
Epoch: 142, Train loss: 0.04066283685207367, Validation loss: 0.45325107145309446, Validation accuracy: 0.9164
Adjusting learning rate of group 0 to 1.0000e-02.
Epoch: 143, Train loss: 0.042738017673194406, Validation loss: 0.43232862339019773, Validation accuracy: 0.9167
Adjusting learning rate of group 0 to 1.0000e-02.
Epoch: 144, Train loss: 0.03971416855886579, Validation loss: 0.4549486387372017, Validation accuracy: 0.9153
Adjusting learning rate of group 0 to 1.0000e-02.
Epoch: 145, Train loss: 0.041022300367951396, Validation loss: 0.4742562937021256, Validation accuracy: 0.9149
Adjusting learning rate of group 0 to 1.0000e-02.
Epoch: 146, Train loss: 0.041262733850777146, Validation loss: 0.4463679629892111, Validation accuracy: 0.917
Adjusting learning rate of group 0 to 1.0000e-02.
Epoch: 147, Train loss: 0.04328629569530487, Validation loss: 0.4327093014717102, Validation accuracy: 0.9182
Adjusting learning rate of group 0 to 1.0000e-02.
Epoch: 148, Train loss: 0.041900441125035284, Validation loss: 0.44700825757980345, Validation accuracy: 0.9155
Adjusting learning rate of group 0 to 1.0000e-02.
Epoch: 149, Train loss: 0.041882174187898635, Validation loss: 0.46811451559066775, Validation accuracy: 0.9071
Adjusting learning rate of group 0 to 1.0000e-03.
Epoch: 150, Train loss: 0.03996832052230835, Validation loss: 0.4345373640060425, Validation accuracy: 0.9176
Adjusting learning rate of group 0 to 1.0000e-03.
Epoch: 151, Train loss: 0.027513537319898605, Validation loss: 0.3970933650970459, Validation accuracy: 0.9241
Adjusting learning rate of group 0 to 1.0000e-03.
Epoch: 152, Train loss: 0.02049938130646944, Validation loss: 0.4039539789199829, Validation accuracy: 0.9256
Adjusting learning rate of group 0 to 1.0000e-03.
Epoch: 153, Train loss: 0.01763075226634741, Validation loss: 0.40936277952194217, Validation accuracy: 0.9266
Adjusting learning rate of group 0 to 1.0000e-03.
Epoch: 154, Train loss: 0.01533025518298149, Validation loss: 0.4209185094833374, Validation accuracy: 0.9266
Adjusting learning rate of group 0 to 1.0000e-03.
Epoch: 155, Train loss: 0.014996566411405801, Validation loss: 0.43257663240432737, Validation accuracy: 0.9266
Adjusting learning rate of group 0 to 1.0000e-03.
Epoch: 156, Train loss: 0.013195290401130915, Validation loss: 0.43984984855651854, Validation accuracy: 0.9265
Adjusting learning rate of group 0 to 1.0000e-03.
Epoch: 157, Train loss: 0.012588366863429547, Validation loss: 0.4440060050010681, Validation accuracy: 0.9274
Adjusting learning rate of group 0 to 1.0000e-03.
Epoch: 158, Train loss: 0.011669996587634087, Validation loss: 0.4549257376670837, Validation accuracy: 0.9261
Adjusting learning rate of group 0 to 1.0000e-03.
Epoch: 159, Train loss: 0.011636125759519637, Validation loss: 0.460857630443573, Validation accuracy: 0.9264
Adjusting learning rate of group 0 to 1.0000e-03.
Epoch: 160, Train loss: 0.010368521136417985, Validation loss: 0.46597641324996947, Validation accuracy: 0.9263
Adjusting learning rate of group 0 to 1.0000e-03.
Epoch: 161, Train loss: 0.01083142939530313, Validation loss: 0.47718830604553225, Validation accuracy: 0.9267
Adjusting learning rate of group 0 to 1.0000e-03.
Epoch: 162, Train loss: 0.010576633257418871, Validation loss: 0.482876087474823, Validation accuracy: 0.9267
Adjusting learning rate of group 0 to 1.0000e-03.
Epoch: 163, Train loss: 0.009554072414785623, Validation loss: 0.4781222640991211, Validation accuracy: 0.9273
Adjusting learning rate of group 0 to 1.0000e-03.
Epoch: 164, Train loss: 0.009543871479555965, Validation loss: 0.493299898147583, Validation accuracy: 0.9267
Adjusting learning rate of group 0 to 1.0000e-03.
Epoch: 165, Train loss: 0.0090291523809731, Validation loss: 0.4914042260169983, Validation accuracy: 0.9275
Adjusting learning rate of group 0 to 1.0000e-03.
Epoch: 166, Train loss: 0.008710772291216999, Validation loss: 0.49626955490112307, Validation accuracy: 0.9275
Adjusting learning rate of group 0 to 1.0000e-03.
Epoch: 167, Train loss: 0.0094339806180913, Validation loss: 0.49616618824005126, Validation accuracy: 0.927
Adjusting learning rate of group 0 to 1.0000e-03.
Epoch: 168, Train loss: 0.009121813344676048, Validation loss: 0.5003288069725037, Validation accuracy: 0.9275
Adjusting learning rate of group 0 to 1.0000e-03.
Epoch: 169, Train loss: 0.008254439050629735, Validation loss: 0.5059452092170715, Validation accuracy: 0.9269
Adjusting learning rate of group 0 to 1.0000e-03.
Epoch: 170, Train loss: 0.008815045001623221, Validation loss: 0.5016758941650391, Validation accuracy: 0.9256
Adjusting learning rate of group 0 to 1.0000e-03.
Epoch: 171, Train loss: 0.008228848254270851, Validation loss: 0.5073646937370301, Validation accuracy: 0.9269
Adjusting learning rate of group 0 to 1.0000e-03.
Epoch: 172, Train loss: 0.008505694326795637, Validation loss: 0.5147842019081116, Validation accuracy: 0.9274
Adjusting learning rate of group 0 to 1.0000e-03.
Epoch: 173, Train loss: 0.007633414043486118, Validation loss: 0.5139094107627868, Validation accuracy: 0.9281
Adjusting learning rate of group 0 to 1.0000e-03.
Epoch: 174, Train loss: 0.007595371516495943, Validation loss: 0.5134607627868653, Validation accuracy: 0.9276
Adjusting learning rate of group 0 to 1.0000e-03.
Epoch: 175, Train loss: 0.006661097502671182, Validation loss: 0.5154989559173584, Validation accuracy: 0.9278
Adjusting learning rate of group 0 to 1.0000e-03.
Epoch: 176, Train loss: 0.00704929184038192, Validation loss: 0.5211559719562531, Validation accuracy: 0.927
Adjusting learning rate of group 0 to 1.0000e-03.
Epoch: 177, Train loss: 0.007259537666290999, Validation loss: 0.5277595285892487, Validation accuracy: 0.9258
Adjusting learning rate of group 0 to 1.0000e-03.
Epoch: 178, Train loss: 0.007012919965917245, Validation loss: 0.5276302597999573, Validation accuracy: 0.9275
Adjusting learning rate of group 0 to 1.0000e-03.
Epoch: 179, Train loss: 0.007266841021794826, Validation loss: 0.5297280993938446, Validation accuracy: 0.9261
Adjusting learning rate of group 0 to 1.0000e-03.
Epoch: 180, Train loss: 0.006124214345673099, Validation loss: 0.5361858404636383, Validation accuracy: 0.9267
Adjusting learning rate of group 0 to 1.0000e-03.
Epoch: 181, Train loss: 0.006533031084258109, Validation loss: 0.5443486331939698, Validation accuracy: 0.9267
Adjusting learning rate of group 0 to 1.0000e-03.
Epoch: 182, Train loss: 0.006368392271995545, Validation loss: 0.5432836652755737, Validation accuracy: 0.9266
Adjusting learning rate of group 0 to 1.0000e-03.
Epoch: 183, Train loss: 0.007139525758847594, Validation loss: 0.5410723076820374, Validation accuracy: 0.9265
Adjusting learning rate of group 0 to 1.0000e-03.
Epoch: 184, Train loss: 0.006696796564478427, Validation loss: 0.540123932170868, Validation accuracy: 0.9278
Adjusting learning rate of group 0 to 1.0000e-03.
Epoch: 185, Train loss: 0.0056755864341091365, Validation loss: 0.5417065356254578, Validation accuracy: 0.9264
Adjusting learning rate of group 0 to 1.0000e-03.
Epoch: 186, Train loss: 0.006353645378798246, Validation loss: 0.5412498744010925, Validation accuracy: 0.9277
Adjusting learning rate of group 0 to 1.0000e-03.
Epoch: 187, Train loss: 0.005634825399313122, Validation loss: 0.5558829267501831, Validation accuracy: 0.9268
Adjusting learning rate of group 0 to 1.0000e-03.
Epoch: 188, Train loss: 0.006275508026480674, Validation loss: 0.5539329889297485, Validation accuracy: 0.9273
Adjusting learning rate of group 0 to 1.0000e-03.
Epoch: 189, Train loss: 0.006227367194192484, Validation loss: 0.5522227477073669, Validation accuracy: 0.9268
Adjusting learning rate of group 0 to 1.0000e-03.
Epoch: 190, Train loss: 0.005259978514946998, Validation loss: 0.5567352818489075, Validation accuracy: 0.9261
Adjusting learning rate of group 0 to 1.0000e-03.
Epoch: 191, Train loss: 0.005070566327385604, Validation loss: 0.5629486580848694, Validation accuracy: 0.9276
Adjusting learning rate of group 0 to 1.0000e-03.
Epoch: 192, Train loss: 0.005499913664190098, Validation loss: 0.5598259201049804, Validation accuracy: 0.9266
Adjusting learning rate of group 0 to 1.0000e-03.
Epoch: 193, Train loss: 0.005213088053297251, Validation loss: 0.5685106519699097, Validation accuracy: 0.9265
Adjusting learning rate of group 0 to 1.0000e-03.
Epoch: 194, Train loss: 0.005138100287951529, Validation loss: 0.5678663698196411, Validation accuracy: 0.9263
Adjusting learning rate of group 0 to 1.0000e-03.
Epoch: 195, Train loss: 0.005563211451042443, Validation loss: 0.5667966099739075, Validation accuracy: 0.9268
Adjusting learning rate of group 0 to 1.0000e-03.
Epoch: 196, Train loss: 0.005074006602615118, Validation loss: 0.5634132844924927, Validation accuracy: 0.9267
Adjusting learning rate of group 0 to 1.0000e-03.
Epoch: 197, Train loss: 0.005467842021156103, Validation loss: 0.5706005182266235, Validation accuracy: 0.926
Adjusting learning rate of group 0 to 1.0000e-03.
Epoch: 198, Train loss: 0.005064437726233155, Validation loss: 0.5740977843284607, Validation accuracy: 0.9261
Adjusting learning rate of group 0 to 1.0000e-03.
Epoch: 199, Train loss: 0.005678018898330629, Validation loss: 0.5716748950004578, Validation accuracy: 0.9271
Accuracy: 0.9271, Parameters: 1942
