['ResNet-TRL-Ringed.py', '--core_ranks', '3', '4', '7', '--ring_ranks', '3', '2', '3', '--seed', '16', '--device', 'cuda:3']
Initializing dataloader
Files already downloaded and verified
Files already downloaded and verified
Dataloader has initialized
Initializing model
Adjusting learning rate of group 0 to 1.0000e-02.
Model initialized
Testing model
Tests passed
Adjusting learning rate of group 0 to 2.0000e-02.
Epoch: 0, Train loss: 1.8390461309432984, Validation loss: 1.4625351306915284, Validation accuracy: 0.4613
Adjusting learning rate of group 0 to 3.0000e-02.
Epoch: 1, Train loss: 1.4753564064788818, Validation loss: 1.3027117513656616, Validation accuracy: 0.5326
Adjusting learning rate of group 0 to 4.0000e-02.
Epoch: 2, Train loss: 1.259142197189331, Validation loss: 1.1766745320320129, Validation accuracy: 0.5792
Adjusting learning rate of group 0 to 5.0000e-02.
Epoch: 3, Train loss: 1.0572793090629578, Validation loss: 1.0927971339225768, Validation accuracy: 0.6225
Adjusting learning rate of group 0 to 6.0000e-02.
Epoch: 4, Train loss: 0.9207595941162109, Validation loss: 0.8305678656578064, Validation accuracy: 0.7139
Adjusting learning rate of group 0 to 7.0000e-02.
Epoch: 5, Train loss: 0.8245012345123292, Validation loss: 0.8937232124328613, Validation accuracy: 0.6981
Adjusting learning rate of group 0 to 8.0000e-02.
Epoch: 6, Train loss: 0.7483512969398498, Validation loss: 0.7540183917045593, Validation accuracy: 0.7453
Adjusting learning rate of group 0 to 9.0000e-02.
Epoch: 7, Train loss: 0.6887572490882874, Validation loss: 1.1082873265266417, Validation accuracy: 0.6605
Adjusting learning rate of group 0 to 1.0000e-01.
Epoch: 8, Train loss: 0.6642132226657868, Validation loss: 0.7325247086524963, Validation accuracy: 0.7608
Adjusting learning rate of group 0 to 1.0000e-01.
Epoch: 9, Train loss: 0.629381534948349, Validation loss: 0.8351862367630005, Validation accuracy: 0.758
Adjusting learning rate of group 0 to 1.0000e-01.
Epoch: 10, Train loss: 0.5905470266532898, Validation loss: 0.7643392679214478, Validation accuracy: 0.7537
Adjusting learning rate of group 0 to 1.0000e-01.
Epoch: 11, Train loss: 0.5555860034942627, Validation loss: 0.6181822547912598, Validation accuracy: 0.7928
Adjusting learning rate of group 0 to 1.0000e-01.
Epoch: 12, Train loss: 0.5367523117256164, Validation loss: 0.6259477608203888, Validation accuracy: 0.7989
Adjusting learning rate of group 0 to 1.0000e-01.
Epoch: 13, Train loss: 0.516412651348114, Validation loss: 0.6497687235832215, Validation accuracy: 0.7851
Adjusting learning rate of group 0 to 1.0000e-01.
Epoch: 14, Train loss: 0.5004528261852265, Validation loss: 0.6242165639400482, Validation accuracy: 0.7944
Adjusting learning rate of group 0 to 1.0000e-01.
Epoch: 15, Train loss: 0.47511277727127077, Validation loss: 0.5736912036895752, Validation accuracy: 0.8069
Adjusting learning rate of group 0 to 1.0000e-01.
Epoch: 16, Train loss: 0.4584315539741516, Validation loss: 0.628298433470726, Validation accuracy: 0.8045
Adjusting learning rate of group 0 to 1.0000e-01.
Epoch: 17, Train loss: 0.4488414794635773, Validation loss: 0.6813455270767212, Validation accuracy: 0.788
Adjusting learning rate of group 0 to 1.0000e-01.
Epoch: 18, Train loss: 0.44523528984069827, Validation loss: 0.6385196364402771, Validation accuracy: 0.8013
Adjusting learning rate of group 0 to 1.0000e-01.
Epoch: 19, Train loss: 0.4299796853542328, Validation loss: 0.5137667695045471, Validation accuracy: 0.8335
Adjusting learning rate of group 0 to 1.0000e-01.
Epoch: 20, Train loss: 0.43196425283432005, Validation loss: 0.6977084506034851, Validation accuracy: 0.79
Adjusting learning rate of group 0 to 1.0000e-01.
Epoch: 21, Train loss: 0.4202460210323334, Validation loss: 0.6853242515563965, Validation accuracy: 0.7956
Adjusting learning rate of group 0 to 1.0000e-01.
Epoch: 22, Train loss: 0.4186234669113159, Validation loss: 0.5629802987098694, Validation accuracy: 0.8139
Adjusting learning rate of group 0 to 1.0000e-01.
Epoch: 23, Train loss: 0.41117788381576537, Validation loss: 0.6385614968299865, Validation accuracy: 0.8047
Adjusting learning rate of group 0 to 1.0000e-01.
Epoch: 24, Train loss: 0.4063310012626648, Validation loss: 0.6233085952758789, Validation accuracy: 0.8101
Adjusting learning rate of group 0 to 1.0000e-01.
Epoch: 25, Train loss: 0.4086312209320068, Validation loss: 0.6302847039222718, Validation accuracy: 0.7954
Adjusting learning rate of group 0 to 1.0000e-01.
Epoch: 26, Train loss: 0.3920576993560791, Validation loss: 0.5088832485198974, Validation accuracy: 0.8425
Adjusting learning rate of group 0 to 1.0000e-01.
Epoch: 27, Train loss: 0.38729230558395383, Validation loss: 0.5240303094863892, Validation accuracy: 0.8306
Adjusting learning rate of group 0 to 1.0000e-01.
Epoch: 28, Train loss: 0.3843604249668121, Validation loss: 0.6884341222286224, Validation accuracy: 0.8032
Adjusting learning rate of group 0 to 1.0000e-01.
Epoch: 29, Train loss: 0.3833609686470032, Validation loss: 0.5039538569450378, Validation accuracy: 0.8341
Adjusting learning rate of group 0 to 1.0000e-01.
Epoch: 30, Train loss: 0.37449143202781676, Validation loss: 0.5404907711148262, Validation accuracy: 0.8343
Adjusting learning rate of group 0 to 1.0000e-01.
Epoch: 31, Train loss: 0.37116334487915037, Validation loss: 0.5422773222923278, Validation accuracy: 0.831
Adjusting learning rate of group 0 to 1.0000e-01.
Epoch: 32, Train loss: 0.3787679790019989, Validation loss: 0.6988175130844116, Validation accuracy: 0.7817
Adjusting learning rate of group 0 to 1.0000e-01.
Epoch: 33, Train loss: 0.36963730562210084, Validation loss: 0.4476584966659546, Validation accuracy: 0.8531
Adjusting learning rate of group 0 to 1.0000e-01.
Epoch: 34, Train loss: 0.36566076272964476, Validation loss: 0.5210629455566407, Validation accuracy: 0.8309
Adjusting learning rate of group 0 to 1.0000e-01.
Epoch: 35, Train loss: 0.36204658937454226, Validation loss: 0.5485327310442925, Validation accuracy: 0.8193
Adjusting learning rate of group 0 to 1.0000e-01.
Epoch: 36, Train loss: 0.3580233702659607, Validation loss: 0.47230531499385836, Validation accuracy: 0.8495
Adjusting learning rate of group 0 to 1.0000e-01.
Epoch: 37, Train loss: 0.3525306756401062, Validation loss: 0.6681562805652619, Validation accuracy: 0.7867
Adjusting learning rate of group 0 to 1.0000e-01.
Epoch: 38, Train loss: 0.3564407193183899, Validation loss: 0.4891750770568848, Validation accuracy: 0.8421
Adjusting learning rate of group 0 to 1.0000e-01.
Epoch: 39, Train loss: 0.3499971418428421, Validation loss: 0.46108511295318605, Validation accuracy: 0.8615
Adjusting learning rate of group 0 to 1.0000e-01.
Epoch: 40, Train loss: 0.3536303834915161, Validation loss: 0.5309438939332962, Validation accuracy: 0.8291
Adjusting learning rate of group 0 to 1.0000e-01.
Epoch: 41, Train loss: 0.3532235633087158, Validation loss: 0.5738207832336426, Validation accuracy: 0.8303
Adjusting learning rate of group 0 to 1.0000e-01.
Epoch: 42, Train loss: 0.3401774314785004, Validation loss: 0.5465153025627136, Validation accuracy: 0.8305
Adjusting learning rate of group 0 to 1.0000e-01.
Epoch: 43, Train loss: 0.3433190073299408, Validation loss: 0.6153145868301392, Validation accuracy: 0.8168
Adjusting learning rate of group 0 to 1.0000e-01.
Epoch: 44, Train loss: 0.34345094557762146, Validation loss: 0.5085283452987671, Validation accuracy: 0.8411
Adjusting learning rate of group 0 to 1.0000e-01.
Epoch: 45, Train loss: 0.33842275890350343, Validation loss: 0.505288594341278, Validation accuracy: 0.8377
Adjusting learning rate of group 0 to 1.0000e-01.
Epoch: 46, Train loss: 0.33263056058883667, Validation loss: 0.4650286614894867, Validation accuracy: 0.8548
Adjusting learning rate of group 0 to 1.0000e-01.
Epoch: 47, Train loss: 0.3324908361816406, Validation loss: 0.4059716239452362, Validation accuracy: 0.8692
Adjusting learning rate of group 0 to 1.0000e-01.
Epoch: 48, Train loss: 0.33400216779708863, Validation loss: 0.6652009444236755, Validation accuracy: 0.8089
Adjusting learning rate of group 0 to 1.0000e-01.
Epoch: 49, Train loss: 0.3393706248378754, Validation loss: 0.45307086267471314, Validation accuracy: 0.8532
Adjusting learning rate of group 0 to 1.0000e-01.
Epoch: 50, Train loss: 0.3379696178245544, Validation loss: 1.0767264589309693, Validation accuracy: 0.7507
Adjusting learning rate of group 0 to 1.0000e-01.
Epoch: 51, Train loss: 0.33631391984939574, Validation loss: 0.622016815662384, Validation accuracy: 0.8372
Adjusting learning rate of group 0 to 1.0000e-01.
Epoch: 52, Train loss: 0.32922174345970157, Validation loss: 0.47423844625949857, Validation accuracy: 0.8482
Adjusting learning rate of group 0 to 1.0000e-01.
Epoch: 53, Train loss: 0.32444732421875, Validation loss: 0.5643286991119385, Validation accuracy: 0.832
Adjusting learning rate of group 0 to 1.0000e-01.
Epoch: 54, Train loss: 0.32657755021095275, Validation loss: 0.6040808246612549, Validation accuracy: 0.8281
Adjusting learning rate of group 0 to 1.0000e-01.
Epoch: 55, Train loss: 0.3315161783027649, Validation loss: 0.4684929723739624, Validation accuracy: 0.8499
Adjusting learning rate of group 0 to 1.0000e-01.
Epoch: 56, Train loss: 0.3252432863140106, Validation loss: 0.5185823214054107, Validation accuracy: 0.8467
Adjusting learning rate of group 0 to 1.0000e-01.
Epoch: 57, Train loss: 0.32295345573425294, Validation loss: 0.5769367392539978, Validation accuracy: 0.8327
Adjusting learning rate of group 0 to 1.0000e-01.
Epoch: 58, Train loss: 0.3179180804729462, Validation loss: 0.45092634477615356, Validation accuracy: 0.8503
Adjusting learning rate of group 0 to 1.0000e-01.
Epoch: 59, Train loss: 0.32474401985168455, Validation loss: 0.5614955090045929, Validation accuracy: 0.821
Adjusting learning rate of group 0 to 1.0000e-01.
Epoch: 60, Train loss: 0.31843468430519106, Validation loss: 0.42446411204338075, Validation accuracy: 0.867
Adjusting learning rate of group 0 to 1.0000e-01.
Epoch: 61, Train loss: 0.32172347316741945, Validation loss: 0.5463797351837159, Validation accuracy: 0.8268
Adjusting learning rate of group 0 to 1.0000e-01.
Epoch: 62, Train loss: 0.32004709557056427, Validation loss: 0.44625726037025454, Validation accuracy: 0.8622
Adjusting learning rate of group 0 to 1.0000e-01.
Epoch: 63, Train loss: 0.317711907787323, Validation loss: 0.4882552730560303, Validation accuracy: 0.8453
Adjusting learning rate of group 0 to 1.0000e-01.
Epoch: 64, Train loss: 0.3177922326850891, Validation loss: 0.4630828565120697, Validation accuracy: 0.8558
Adjusting learning rate of group 0 to 1.0000e-01.
Epoch: 65, Train loss: 0.3241393683052063, Validation loss: 0.5142271286964416, Validation accuracy: 0.8512
Adjusting learning rate of group 0 to 1.0000e-01.
Epoch: 66, Train loss: 0.320030733833313, Validation loss: 0.4766684335231781, Validation accuracy: 0.8576
Adjusting learning rate of group 0 to 1.0000e-01.
Epoch: 67, Train loss: 0.3072085537147522, Validation loss: 0.581114402961731, Validation accuracy: 0.8413
Adjusting learning rate of group 0 to 1.0000e-01.
Epoch: 68, Train loss: 0.3123214533805847, Validation loss: 0.6001727207183838, Validation accuracy: 0.8274
Adjusting learning rate of group 0 to 1.0000e-01.
Epoch: 69, Train loss: 0.31087396032333375, Validation loss: 0.8206349769592285, Validation accuracy: 0.7709
Adjusting learning rate of group 0 to 1.0000e-01.
Epoch: 70, Train loss: 0.3127147498321533, Validation loss: 0.5085976236343384, Validation accuracy: 0.8438
Adjusting learning rate of group 0 to 1.0000e-01.
Epoch: 71, Train loss: 0.31058943398475647, Validation loss: 0.49507145271301267, Validation accuracy: 0.8504
Adjusting learning rate of group 0 to 1.0000e-01.
Epoch: 72, Train loss: 0.31138669095993043, Validation loss: 0.5494769096374512, Validation accuracy: 0.8434
Adjusting learning rate of group 0 to 1.0000e-01.
Epoch: 73, Train loss: 0.3095380015850067, Validation loss: 0.49165989632606505, Validation accuracy: 0.8463
Adjusting learning rate of group 0 to 1.0000e-01.
Epoch: 74, Train loss: 0.30773052465438844, Validation loss: 0.5042060655593872, Validation accuracy: 0.8543
Adjusting learning rate of group 0 to 1.0000e-01.
Epoch: 75, Train loss: 0.31285024708271025, Validation loss: 0.6373949529647828, Validation accuracy: 0.8036
Adjusting learning rate of group 0 to 1.0000e-01.
Epoch: 76, Train loss: 0.3077132453155518, Validation loss: 0.544728764629364, Validation accuracy: 0.8513
Adjusting learning rate of group 0 to 1.0000e-01.
Epoch: 77, Train loss: 0.30760426948547365, Validation loss: 0.6836618942260743, Validation accuracy: 0.824
Adjusting learning rate of group 0 to 1.0000e-01.
Epoch: 78, Train loss: 0.31136841038703916, Validation loss: 0.4881677752494812, Validation accuracy: 0.8575
Adjusting learning rate of group 0 to 1.0000e-01.
Epoch: 79, Train loss: 0.30777167894363405, Validation loss: 0.6323218223571777, Validation accuracy: 0.8045
Adjusting learning rate of group 0 to 1.0000e-01.
Epoch: 80, Train loss: 0.30297575922012326, Validation loss: 0.5083427432060241, Validation accuracy: 0.8446
Adjusting learning rate of group 0 to 1.0000e-01.
Epoch: 81, Train loss: 0.3084655818462372, Validation loss: 0.5003364234924317, Validation accuracy: 0.8459
Adjusting learning rate of group 0 to 1.0000e-01.
Epoch: 82, Train loss: 0.3045783943367004, Validation loss: 0.5160470438957214, Validation accuracy: 0.8401
Adjusting learning rate of group 0 to 1.0000e-01.
Epoch: 83, Train loss: 0.30252376749038695, Validation loss: 0.6248547127723694, Validation accuracy: 0.8209
Adjusting learning rate of group 0 to 1.0000e-01.
Epoch: 84, Train loss: 0.3076364824295044, Validation loss: 0.42579537601470946, Validation accuracy: 0.8581
Adjusting learning rate of group 0 to 1.0000e-01.
Epoch: 85, Train loss: 0.30863593078613283, Validation loss: 0.5834411332130433, Validation accuracy: 0.8176
Adjusting learning rate of group 0 to 1.0000e-01.
Epoch: 86, Train loss: 0.3003960014915466, Validation loss: 0.4752024102210999, Validation accuracy: 0.8559
Adjusting learning rate of group 0 to 1.0000e-01.
Epoch: 87, Train loss: 0.3069772671508789, Validation loss: 0.5971217648506164, Validation accuracy: 0.8407
Adjusting learning rate of group 0 to 1.0000e-01.
Epoch: 88, Train loss: 0.3013824400424957, Validation loss: 0.4943761543750763, Validation accuracy: 0.8456
Adjusting learning rate of group 0 to 1.0000e-01.
Epoch: 89, Train loss: 0.3011232109832764, Validation loss: 0.49909888525009155, Validation accuracy: 0.8596
Adjusting learning rate of group 0 to 1.0000e-01.
Epoch: 90, Train loss: 0.30546107391357424, Validation loss: 0.5768607803344726, Validation accuracy: 0.8299
Adjusting learning rate of group 0 to 1.0000e-01.
Epoch: 91, Train loss: 0.3065764316749573, Validation loss: 0.45272201747894286, Validation accuracy: 0.8677
Adjusting learning rate of group 0 to 1.0000e-01.
Epoch: 92, Train loss: 0.30191699502944946, Validation loss: 0.5199361641883851, Validation accuracy: 0.8475
Adjusting learning rate of group 0 to 1.0000e-01.
Epoch: 93, Train loss: 0.2998808405208588, Validation loss: 0.46114826521873475, Validation accuracy: 0.8435
Adjusting learning rate of group 0 to 1.0000e-01.
Epoch: 94, Train loss: 0.30162556102752686, Validation loss: 0.4358602138519287, Validation accuracy: 0.8624
Adjusting learning rate of group 0 to 1.0000e-01.
Epoch: 95, Train loss: 0.2958497292137146, Validation loss: 0.4093459674119949, Validation accuracy: 0.8745
Adjusting learning rate of group 0 to 1.0000e-01.
Epoch: 96, Train loss: 0.300351003074646, Validation loss: 0.4763205755233765, Validation accuracy: 0.8392
Adjusting learning rate of group 0 to 1.0000e-01.
Epoch: 97, Train loss: 0.30456774751663207, Validation loss: 0.5617775070428849, Validation accuracy: 0.8548
Adjusting learning rate of group 0 to 1.0000e-01.
Epoch: 98, Train loss: 0.29405491729736327, Validation loss: 0.4375574761390686, Validation accuracy: 0.8687
Adjusting learning rate of group 0 to 1.0000e-01.
Epoch: 99, Train loss: 0.29279770988464354, Validation loss: 0.5117273830413819, Validation accuracy: 0.8495
Adjusting learning rate of group 0 to 1.0000e-02.
Epoch: 100, Train loss: 0.2988007328605652, Validation loss: 0.4896701079368591, Validation accuracy: 0.851
Adjusting learning rate of group 0 to 1.0000e-02.
Epoch: 101, Train loss: 0.16541717486858368, Validation loss: 0.2883246717453003, Validation accuracy: 0.9145
Adjusting learning rate of group 0 to 1.0000e-02.
Epoch: 102, Train loss: 0.1287318851327896, Validation loss: 0.27799243540763857, Validation accuracy: 0.9175
Adjusting learning rate of group 0 to 1.0000e-02.
Epoch: 103, Train loss: 0.11083991059780121, Validation loss: 0.2798949549674988, Validation accuracy: 0.9188
Adjusting learning rate of group 0 to 1.0000e-02.
Epoch: 104, Train loss: 0.1035954862165451, Validation loss: 0.28155456829071046, Validation accuracy: 0.9207
Adjusting learning rate of group 0 to 1.0000e-02.
Epoch: 105, Train loss: 0.09771866180658341, Validation loss: 0.270119150018692, Validation accuracy: 0.921
Adjusting learning rate of group 0 to 1.0000e-02.
Epoch: 106, Train loss: 0.0896001293706894, Validation loss: 0.27810318875312806, Validation accuracy: 0.922
Adjusting learning rate of group 0 to 1.0000e-02.
Epoch: 107, Train loss: 0.08425625192642212, Validation loss: 0.2834637179851532, Validation accuracy: 0.9228
Adjusting learning rate of group 0 to 1.0000e-02.
Epoch: 108, Train loss: 0.08068376937389374, Validation loss: 0.2834325904369354, Validation accuracy: 0.9221
Adjusting learning rate of group 0 to 1.0000e-02.
Epoch: 109, Train loss: 0.07581177858829498, Validation loss: 0.3012586147785187, Validation accuracy: 0.9216
Adjusting learning rate of group 0 to 1.0000e-02.
Epoch: 110, Train loss: 0.07377701328516006, Validation loss: 0.2930535005092621, Validation accuracy: 0.9215
Adjusting learning rate of group 0 to 1.0000e-02.
Epoch: 111, Train loss: 0.06941285030722619, Validation loss: 0.3007471842765808, Validation accuracy: 0.9223
Adjusting learning rate of group 0 to 1.0000e-02.
Epoch: 112, Train loss: 0.0668088736820221, Validation loss: 0.3078328975915909, Validation accuracy: 0.9203
Adjusting learning rate of group 0 to 1.0000e-02.
Epoch: 113, Train loss: 0.0643897792840004, Validation loss: 0.306605902338028, Validation accuracy: 0.9221
Adjusting learning rate of group 0 to 1.0000e-02.
Epoch: 114, Train loss: 0.05917945390224457, Validation loss: 0.32066265335083005, Validation accuracy: 0.9202
Adjusting learning rate of group 0 to 1.0000e-02.
Epoch: 115, Train loss: 0.057212890628129245, Validation loss: 0.3222266603946686, Validation accuracy: 0.9237
Adjusting learning rate of group 0 to 1.0000e-02.
Epoch: 116, Train loss: 0.05586452324151993, Validation loss: 0.3257263686656952, Validation accuracy: 0.9188
Adjusting learning rate of group 0 to 1.0000e-02.
Epoch: 117, Train loss: 0.05259323343813419, Validation loss: 0.34734698724746704, Validation accuracy: 0.9203
Adjusting learning rate of group 0 to 1.0000e-02.
Epoch: 118, Train loss: 0.05217284263253212, Validation loss: 0.3459218611717224, Validation accuracy: 0.9201
Adjusting learning rate of group 0 to 1.0000e-02.
Epoch: 119, Train loss: 0.05126003609538078, Validation loss: 0.348126359128952, Validation accuracy: 0.921
Adjusting learning rate of group 0 to 1.0000e-02.
Epoch: 120, Train loss: 0.04825619529485702, Validation loss: 0.3353565976142883, Validation accuracy: 0.9242
Adjusting learning rate of group 0 to 1.0000e-02.
Epoch: 121, Train loss: 0.04872812654018402, Validation loss: 0.3721873945236206, Validation accuracy: 0.9221
Adjusting learning rate of group 0 to 1.0000e-02.
Epoch: 122, Train loss: 0.04649375722169876, Validation loss: 0.3683260714530945, Validation accuracy: 0.9212
Adjusting learning rate of group 0 to 1.0000e-02.
Epoch: 123, Train loss: 0.0439423761433363, Validation loss: 0.3594784983634949, Validation accuracy: 0.9223
Adjusting learning rate of group 0 to 1.0000e-02.
Epoch: 124, Train loss: 0.043722418913841245, Validation loss: 0.3616117611885071, Validation accuracy: 0.9221
Adjusting learning rate of group 0 to 1.0000e-02.
Epoch: 125, Train loss: 0.04349387589454651, Validation loss: 0.3864220217704773, Validation accuracy: 0.9178
Adjusting learning rate of group 0 to 1.0000e-02.
Epoch: 126, Train loss: 0.04123355024456978, Validation loss: 0.3893624243736267, Validation accuracy: 0.9191
Adjusting learning rate of group 0 to 1.0000e-02.
Epoch: 127, Train loss: 0.04227154791712761, Validation loss: 0.3982653223991394, Validation accuracy: 0.9179
Adjusting learning rate of group 0 to 1.0000e-02.
Epoch: 128, Train loss: 0.0375508889657259, Validation loss: 0.4233200960159302, Validation accuracy: 0.9192
Adjusting learning rate of group 0 to 1.0000e-02.
Epoch: 129, Train loss: 0.04249524169385433, Validation loss: 0.39624107999801633, Validation accuracy: 0.9172
Adjusting learning rate of group 0 to 1.0000e-02.
Epoch: 130, Train loss: 0.04178224486708641, Validation loss: 0.3877201131820679, Validation accuracy: 0.9179
Adjusting learning rate of group 0 to 1.0000e-02.
Epoch: 131, Train loss: 0.04118362840294838, Validation loss: 0.42333737330436705, Validation accuracy: 0.9142
Adjusting learning rate of group 0 to 1.0000e-02.
Epoch: 132, Train loss: 0.03637169540926814, Validation loss: 0.3823919306755066, Validation accuracy: 0.9209
Adjusting learning rate of group 0 to 1.0000e-02.
Epoch: 133, Train loss: 0.03795936779975891, Validation loss: 0.4102972825050354, Validation accuracy: 0.9218
Adjusting learning rate of group 0 to 1.0000e-02.
Epoch: 134, Train loss: 0.04000245583117008, Validation loss: 0.40539543142318724, Validation accuracy: 0.9166
Adjusting learning rate of group 0 to 1.0000e-02.
Epoch: 135, Train loss: 0.03907406483143568, Validation loss: 0.4072233880996704, Validation accuracy: 0.9172
Adjusting learning rate of group 0 to 1.0000e-02.
Epoch: 136, Train loss: 0.038318108124136926, Validation loss: 0.3796487747192383, Validation accuracy: 0.9223
Adjusting learning rate of group 0 to 1.0000e-02.
Epoch: 137, Train loss: 0.03768194365143776, Validation loss: 0.39860003099441527, Validation accuracy: 0.9207
Adjusting learning rate of group 0 to 1.0000e-02.
Epoch: 138, Train loss: 0.036832952277064325, Validation loss: 0.41273703536987305, Validation accuracy: 0.9215
Adjusting learning rate of group 0 to 1.0000e-02.
Epoch: 139, Train loss: 0.03439818075925112, Validation loss: 0.3976741696834564, Validation accuracy: 0.9215
Adjusting learning rate of group 0 to 1.0000e-02.
Epoch: 140, Train loss: 0.03672649456322193, Validation loss: 0.40419529790878295, Validation accuracy: 0.9211
Adjusting learning rate of group 0 to 1.0000e-02.
Epoch: 141, Train loss: 0.03633274067312479, Validation loss: 0.4207842618942261, Validation accuracy: 0.9136
Adjusting learning rate of group 0 to 1.0000e-02.
Epoch: 142, Train loss: 0.03658109704524279, Validation loss: 0.39641110215187075, Validation accuracy: 0.9173
Adjusting learning rate of group 0 to 1.0000e-02.
Epoch: 143, Train loss: 0.03813877931594849, Validation loss: 0.41020070662498476, Validation accuracy: 0.9172
Adjusting learning rate of group 0 to 1.0000e-02.
Epoch: 144, Train loss: 0.03630966471970081, Validation loss: 0.4008015447616577, Validation accuracy: 0.9176
Adjusting learning rate of group 0 to 1.0000e-02.
Epoch: 145, Train loss: 0.03557146213054657, Validation loss: 0.4275291025161743, Validation accuracy: 0.9189
Adjusting learning rate of group 0 to 1.0000e-02.
Epoch: 146, Train loss: 0.036951265460252763, Validation loss: 0.39356589212417603, Validation accuracy: 0.9204
Adjusting learning rate of group 0 to 1.0000e-02.
Epoch: 147, Train loss: 0.03662254076465964, Validation loss: 0.4790504328727722, Validation accuracy: 0.9117
Adjusting learning rate of group 0 to 1.0000e-02.
Epoch: 148, Train loss: 0.03579875863313675, Validation loss: 0.441599135017395, Validation accuracy: 0.9154
Adjusting learning rate of group 0 to 1.0000e-02.
Epoch: 149, Train loss: 0.03356583100795746, Validation loss: 0.44802221808433534, Validation accuracy: 0.9154
Adjusting learning rate of group 0 to 1.0000e-03.
Epoch: 150, Train loss: 0.03816015321433544, Validation loss: 0.3930878164291382, Validation accuracy: 0.9206
Adjusting learning rate of group 0 to 1.0000e-03.
Epoch: 151, Train loss: 0.02313895914465189, Validation loss: 0.36685959820747377, Validation accuracy: 0.9266
Adjusting learning rate of group 0 to 1.0000e-03.
Epoch: 152, Train loss: 0.01707320807904005, Validation loss: 0.36987149538993835, Validation accuracy: 0.9264
Adjusting learning rate of group 0 to 1.0000e-03.
Epoch: 153, Train loss: 0.014495262953341007, Validation loss: 0.37697920613288877, Validation accuracy: 0.9267
Adjusting learning rate of group 0 to 1.0000e-03.
Epoch: 154, Train loss: 0.01415462010383606, Validation loss: 0.3866294211387634, Validation accuracy: 0.9271
Adjusting learning rate of group 0 to 1.0000e-03.
Epoch: 155, Train loss: 0.012519476027339696, Validation loss: 0.3892573902606964, Validation accuracy: 0.9266
Adjusting learning rate of group 0 to 1.0000e-03.
Epoch: 156, Train loss: 0.011847111258804797, Validation loss: 0.39474569029808043, Validation accuracy: 0.927
Adjusting learning rate of group 0 to 1.0000e-03.
Epoch: 157, Train loss: 0.010287964710891247, Validation loss: 0.40046714067459105, Validation accuracy: 0.9271
Adjusting learning rate of group 0 to 1.0000e-03.
Epoch: 158, Train loss: 0.010607729327604174, Validation loss: 0.4070463727474213, Validation accuracy: 0.9263
Adjusting learning rate of group 0 to 1.0000e-03.
Epoch: 159, Train loss: 0.010227511855363846, Validation loss: 0.40838587193489073, Validation accuracy: 0.9257
Adjusting learning rate of group 0 to 1.0000e-03.
Epoch: 160, Train loss: 0.009433196699097753, Validation loss: 0.4109083827018738, Validation accuracy: 0.9258
Adjusting learning rate of group 0 to 1.0000e-03.
Epoch: 161, Train loss: 0.008749397890940308, Validation loss: 0.41681614890098573, Validation accuracy: 0.9263
Adjusting learning rate of group 0 to 1.0000e-03.
Epoch: 162, Train loss: 0.008084519602330401, Validation loss: 0.42090993533134463, Validation accuracy: 0.9263
Adjusting learning rate of group 0 to 1.0000e-03.
Epoch: 163, Train loss: 0.009663430698215961, Validation loss: 0.4258594153165817, Validation accuracy: 0.9257
Adjusting learning rate of group 0 to 1.0000e-03.
Epoch: 164, Train loss: 0.009121241424856708, Validation loss: 0.42479191865921023, Validation accuracy: 0.9275
Adjusting learning rate of group 0 to 1.0000e-03.
Epoch: 165, Train loss: 0.008155527888387441, Validation loss: 0.42633303053379057, Validation accuracy: 0.9263
Adjusting learning rate of group 0 to 1.0000e-03.
Epoch: 166, Train loss: 0.008300064378716051, Validation loss: 0.4282933639764786, Validation accuracy: 0.927
Adjusting learning rate of group 0 to 1.0000e-03.
Epoch: 167, Train loss: 0.008630211540237069, Validation loss: 0.42831318454742434, Validation accuracy: 0.9256
Adjusting learning rate of group 0 to 1.0000e-03.
Epoch: 168, Train loss: 0.007823525803964585, Validation loss: 0.43697333731651306, Validation accuracy: 0.9277
Adjusting learning rate of group 0 to 1.0000e-03.
Epoch: 169, Train loss: 0.008317592025324703, Validation loss: 0.437130144405365, Validation accuracy: 0.9276
Adjusting learning rate of group 0 to 1.0000e-03.
Epoch: 170, Train loss: 0.007444003109084442, Validation loss: 0.43739688086509704, Validation accuracy: 0.9269
Adjusting learning rate of group 0 to 1.0000e-03.
Epoch: 171, Train loss: 0.007478144190087914, Validation loss: 0.44041955223083495, Validation accuracy: 0.9274
Adjusting learning rate of group 0 to 1.0000e-03.
Epoch: 172, Train loss: 0.007125606649890542, Validation loss: 0.44121530091762545, Validation accuracy: 0.9276
Adjusting learning rate of group 0 to 1.0000e-03.
Epoch: 173, Train loss: 0.006098769214637577, Validation loss: 0.45263050837516783, Validation accuracy: 0.9271
Adjusting learning rate of group 0 to 1.0000e-03.
Epoch: 174, Train loss: 0.006451892154049128, Validation loss: 0.44879061193466185, Validation accuracy: 0.9277
Adjusting learning rate of group 0 to 1.0000e-03.
Epoch: 175, Train loss: 0.006525961988419295, Validation loss: 0.44972789914608, Validation accuracy: 0.9284
Adjusting learning rate of group 0 to 1.0000e-03.
Epoch: 176, Train loss: 0.00676433164127171, Validation loss: 0.4511226805686951, Validation accuracy: 0.9272
Adjusting learning rate of group 0 to 1.0000e-03.
Epoch: 177, Train loss: 0.005849902153387666, Validation loss: 0.45586395807266233, Validation accuracy: 0.9282
Adjusting learning rate of group 0 to 1.0000e-03.
Epoch: 178, Train loss: 0.005700188543070108, Validation loss: 0.46042986841201783, Validation accuracy: 0.9282
Adjusting learning rate of group 0 to 1.0000e-03.
Epoch: 179, Train loss: 0.0061092355889221656, Validation loss: 0.45959731884002686, Validation accuracy: 0.9284
Adjusting learning rate of group 0 to 1.0000e-03.
Epoch: 180, Train loss: 0.00611332544118166, Validation loss: 0.4580647360801697, Validation accuracy: 0.9284
Adjusting learning rate of group 0 to 1.0000e-03.
Epoch: 181, Train loss: 0.00545641720386222, Validation loss: 0.45757365436553954, Validation accuracy: 0.9279
Adjusting learning rate of group 0 to 1.0000e-03.
Epoch: 182, Train loss: 0.005561270666979253, Validation loss: 0.4678344428062439, Validation accuracy: 0.9265
Adjusting learning rate of group 0 to 1.0000e-03.
Epoch: 183, Train loss: 0.005477832571882755, Validation loss: 0.4606796480178833, Validation accuracy: 0.9292
Adjusting learning rate of group 0 to 1.0000e-03.
Epoch: 184, Train loss: 0.005790542398951948, Validation loss: 0.4641844584465027, Validation accuracy: 0.9281
Adjusting learning rate of group 0 to 1.0000e-03.
Epoch: 185, Train loss: 0.005594617530126125, Validation loss: 0.46894370174407957, Validation accuracy: 0.9286
Adjusting learning rate of group 0 to 1.0000e-03.
Epoch: 186, Train loss: 0.005006715465839952, Validation loss: 0.4699615886211395, Validation accuracy: 0.9278
Adjusting learning rate of group 0 to 1.0000e-03.
Epoch: 187, Train loss: 0.0051420276415999975, Validation loss: 0.47666171021461484, Validation accuracy: 0.9292
Adjusting learning rate of group 0 to 1.0000e-03.
Epoch: 188, Train loss: 0.005165112689118833, Validation loss: 0.4734631404876709, Validation accuracy: 0.9294
Adjusting learning rate of group 0 to 1.0000e-03.
Epoch: 189, Train loss: 0.005575849058115855, Validation loss: 0.47589905066490173, Validation accuracy: 0.9277
Adjusting learning rate of group 0 to 1.0000e-03.
Epoch: 190, Train loss: 0.005676495441771112, Validation loss: 0.4768064807891846, Validation accuracy: 0.9269
Adjusting learning rate of group 0 to 1.0000e-03.
Epoch: 191, Train loss: 0.004786439610794187, Validation loss: 0.4799940134525299, Validation accuracy: 0.9279
Adjusting learning rate of group 0 to 1.0000e-03.
Epoch: 192, Train loss: 0.005134596968237311, Validation loss: 0.47496114482879637, Validation accuracy: 0.9292
Adjusting learning rate of group 0 to 1.0000e-03.
Epoch: 193, Train loss: 0.004824051008978859, Validation loss: 0.48020555720329283, Validation accuracy: 0.9282
Adjusting learning rate of group 0 to 1.0000e-03.
Epoch: 194, Train loss: 0.004470059392955154, Validation loss: 0.4893944025993347, Validation accuracy: 0.9281
Adjusting learning rate of group 0 to 1.0000e-03.
Epoch: 195, Train loss: 0.004738405871093273, Validation loss: 0.4820483503818512, Validation accuracy: 0.9268
Adjusting learning rate of group 0 to 1.0000e-03.
Epoch: 196, Train loss: 0.005074520004834049, Validation loss: 0.4824060747146606, Validation accuracy: 0.9275
Adjusting learning rate of group 0 to 1.0000e-03.
Epoch: 197, Train loss: 0.005667047948781401, Validation loss: 0.49029693121910095, Validation accuracy: 0.9268
Adjusting learning rate of group 0 to 1.0000e-03.
Epoch: 198, Train loss: 0.005164486737735569, Validation loss: 0.48776571860313417, Validation accuracy: 0.9279
Adjusting learning rate of group 0 to 1.0000e-03.
Epoch: 199, Train loss: 0.004832942732488736, Validation loss: 0.48950823974609375, Validation accuracy: 0.9276
Accuracy: 0.9276, Parameters: 3106
