['ResNet-TRL-Ringed.py', '--ring_ranks', '4', '1', '5', '--core_ranks', '3', '1', '2', '--seed', '12345', '--device=cuda:2', '--filename', 'resnet-trl-linked-as-greedy.5.2']
Initializing dataloader
Files already downloaded and verified
Files already downloaded and verified
Dataloader has initialized
Initializing model
Adjusting learning rate of group 0 to 1.0000e-02.
Model initialized
Testing model
Tests passed
Adjusting learning rate of group 0 to 2.0000e-02.
Epoch: 0, Train loss: 1.753903977394104, Validation loss: 1.4680552251815795, Validation accuracy: 0.4648
Adjusting learning rate of group 0 to 3.0000e-02.
Epoch: 1, Train loss: 1.3916038399505615, Validation loss: 1.1663955688476562, Validation accuracy: 0.5746
Adjusting learning rate of group 0 to 4.0000e-02.
Epoch: 2, Train loss: 1.1522505696105958, Validation loss: 1.0791022369384766, Validation accuracy: 0.6117
Adjusting learning rate of group 0 to 5.0000e-02.
Epoch: 3, Train loss: 1.013314317035675, Validation loss: 0.9338398619651794, Validation accuracy: 0.676
Adjusting learning rate of group 0 to 6.0000e-02.
Epoch: 4, Train loss: 0.9248546191596985, Validation loss: 0.9105666917800903, Validation accuracy: 0.6902
Adjusting learning rate of group 0 to 7.0000e-02.
Epoch: 5, Train loss: 0.8346136895179749, Validation loss: 0.9713018140792846, Validation accuracy: 0.7018
Adjusting learning rate of group 0 to 8.0000e-02.
Epoch: 6, Train loss: 0.7758460253715516, Validation loss: 0.9706638168334961, Validation accuracy: 0.7201
Adjusting learning rate of group 0 to 9.0000e-02.
Epoch: 7, Train loss: 0.7269574159622192, Validation loss: 0.8043875318527222, Validation accuracy: 0.7246
Adjusting learning rate of group 0 to 1.0000e-01.
Epoch: 8, Train loss: 0.6920317238044739, Validation loss: 1.0156366247177124, Validation accuracy: 0.6725
Adjusting learning rate of group 0 to 1.0000e-01.
Epoch: 9, Train loss: 0.6671325020980835, Validation loss: 0.8334995753288269, Validation accuracy: 0.7325
Adjusting learning rate of group 0 to 1.0000e-01.
Epoch: 10, Train loss: 0.6135590310668946, Validation loss: 0.6936947079658509, Validation accuracy: 0.7817
Adjusting learning rate of group 0 to 1.0000e-01.
Epoch: 11, Train loss: 0.6030524816513062, Validation loss: 0.787653272151947, Validation accuracy: 0.7413
Adjusting learning rate of group 0 to 1.0000e-01.
Epoch: 12, Train loss: 0.5673357143592834, Validation loss: 0.6702632947444915, Validation accuracy: 0.7882
Adjusting learning rate of group 0 to 1.0000e-01.
Epoch: 13, Train loss: 0.5597337086868286, Validation loss: 0.9001866243362426, Validation accuracy: 0.7349
Adjusting learning rate of group 0 to 1.0000e-01.
Epoch: 14, Train loss: 0.53134221326828, Validation loss: 0.5674948645591735, Validation accuracy: 0.8264
Adjusting learning rate of group 0 to 1.0000e-01.
Epoch: 15, Train loss: 0.5213442290496826, Validation loss: 0.7427797513008118, Validation accuracy: 0.764
Adjusting learning rate of group 0 to 1.0000e-01.
Epoch: 16, Train loss: 0.5089838032531738, Validation loss: 0.8548249980926513, Validation accuracy: 0.7425
Adjusting learning rate of group 0 to 1.0000e-01.
Epoch: 17, Train loss: 0.5044084155654908, Validation loss: 0.6778841430664062, Validation accuracy: 0.8077
Adjusting learning rate of group 0 to 1.0000e-01.
Epoch: 18, Train loss: 0.4874999573612213, Validation loss: 0.7307041907310485, Validation accuracy: 0.8043
Adjusting learning rate of group 0 to 1.0000e-01.
Epoch: 19, Train loss: 0.48316672533035276, Validation loss: 0.5989393908500671, Validation accuracy: 0.8269
Adjusting learning rate of group 0 to 1.0000e-01.
Epoch: 20, Train loss: 0.4645397577095032, Validation loss: 0.6955958565711975, Validation accuracy: 0.8039
Adjusting learning rate of group 0 to 1.0000e-01.
Epoch: 21, Train loss: 0.4697407012462616, Validation loss: 0.6090903179168701, Validation accuracy: 0.8087
Adjusting learning rate of group 0 to 1.0000e-01.
Epoch: 22, Train loss: 0.4565920671272278, Validation loss: 0.6618372985839843, Validation accuracy: 0.8095
Adjusting learning rate of group 0 to 1.0000e-01.
Epoch: 23, Train loss: 0.45335840335845945, Validation loss: 0.7098952987194062, Validation accuracy: 0.7924
Adjusting learning rate of group 0 to 1.0000e-01.
Epoch: 24, Train loss: 0.4448590530014038, Validation loss: 0.5421443801879883, Validation accuracy: 0.8297
Adjusting learning rate of group 0 to 1.0000e-01.
Epoch: 25, Train loss: 0.43823190185546873, Validation loss: 0.6447728079795837, Validation accuracy: 0.8018
Adjusting learning rate of group 0 to 1.0000e-01.
Epoch: 26, Train loss: 0.4427690933132172, Validation loss: 0.792650955581665, Validation accuracy: 0.7846
Adjusting learning rate of group 0 to 1.0000e-01.
Epoch: 27, Train loss: 0.42673921798706055, Validation loss: 0.5485127510070801, Validation accuracy: 0.8349
Adjusting learning rate of group 0 to 1.0000e-01.
Epoch: 28, Train loss: 0.4265026030921936, Validation loss: 0.5498550275802613, Validation accuracy: 0.8327
Adjusting learning rate of group 0 to 1.0000e-01.
Epoch: 29, Train loss: 0.4297575112724304, Validation loss: 0.6283224778175354, Validation accuracy: 0.8209
Adjusting learning rate of group 0 to 1.0000e-01.
Epoch: 30, Train loss: 0.4162496023750305, Validation loss: 0.4947021231651306, Validation accuracy: 0.8323
Adjusting learning rate of group 0 to 1.0000e-01.
Epoch: 31, Train loss: 0.4135431476211548, Validation loss: 0.6185426635742187, Validation accuracy: 0.823
Adjusting learning rate of group 0 to 1.0000e-01.
Epoch: 32, Train loss: 0.40837457523822784, Validation loss: 0.5397917695522308, Validation accuracy: 0.8291
Adjusting learning rate of group 0 to 1.0000e-01.
Epoch: 33, Train loss: 0.40748370631217956, Validation loss: 0.5619495331764222, Validation accuracy: 0.8212
Adjusting learning rate of group 0 to 1.0000e-01.
Epoch: 34, Train loss: 0.40218076154708865, Validation loss: 0.6064584276199341, Validation accuracy: 0.8209
Adjusting learning rate of group 0 to 1.0000e-01.
Epoch: 35, Train loss: 0.40481213819503786, Validation loss: 0.5357912211418152, Validation accuracy: 0.8197
Adjusting learning rate of group 0 to 1.0000e-01.
Epoch: 36, Train loss: 0.4063830924224853, Validation loss: 0.6462017394304276, Validation accuracy: 0.8185
Adjusting learning rate of group 0 to 1.0000e-01.
Epoch: 37, Train loss: 0.39089586935043336, Validation loss: 0.4860540885925293, Validation accuracy: 0.848
Adjusting learning rate of group 0 to 1.0000e-01.
Epoch: 38, Train loss: 0.39662712823867796, Validation loss: 0.7086046904563904, Validation accuracy: 0.803
Adjusting learning rate of group 0 to 1.0000e-01.
Epoch: 39, Train loss: 0.38514078589439393, Validation loss: 0.6627119572639465, Validation accuracy: 0.8189
Adjusting learning rate of group 0 to 1.0000e-01.
Epoch: 40, Train loss: 0.41025056173324587, Validation loss: 0.6996377516746521, Validation accuracy: 0.776
Adjusting learning rate of group 0 to 1.0000e-01.
Epoch: 41, Train loss: 0.39234796290397644, Validation loss: 0.6826508710861207, Validation accuracy: 0.8165
Adjusting learning rate of group 0 to 1.0000e-01.
Epoch: 42, Train loss: 0.38781131902694704, Validation loss: 0.6238359070777894, Validation accuracy: 0.8244
Adjusting learning rate of group 0 to 1.0000e-01.
Epoch: 43, Train loss: 0.3846958736228943, Validation loss: 0.5584446029663086, Validation accuracy: 0.8332
Adjusting learning rate of group 0 to 1.0000e-01.
Epoch: 44, Train loss: 0.3811678871536255, Validation loss: 0.5284676919937134, Validation accuracy: 0.8317
Adjusting learning rate of group 0 to 1.0000e-01.
Epoch: 45, Train loss: 0.382239050951004, Validation loss: 0.4283344867706299, Validation accuracy: 0.8582
Adjusting learning rate of group 0 to 1.0000e-01.
Epoch: 46, Train loss: 0.38439792472839357, Validation loss: 0.6440016467094422, Validation accuracy: 0.8013
Adjusting learning rate of group 0 to 1.0000e-01.
Epoch: 47, Train loss: 0.3776851271533966, Validation loss: 0.47170047330856324, Validation accuracy: 0.8422
Adjusting learning rate of group 0 to 1.0000e-01.
Epoch: 48, Train loss: 0.37337327120780944, Validation loss: 0.6827430029869079, Validation accuracy: 0.8074
Adjusting learning rate of group 0 to 1.0000e-01.
Epoch: 49, Train loss: 0.37756017078399656, Validation loss: 0.5576682565689087, Validation accuracy: 0.8338
Adjusting learning rate of group 0 to 1.0000e-01.
Epoch: 50, Train loss: 0.36590632088661196, Validation loss: 0.5709385577201843, Validation accuracy: 0.8206
Adjusting learning rate of group 0 to 1.0000e-01.
Epoch: 51, Train loss: 0.3713481256389618, Validation loss: 0.5372885165452957, Validation accuracy: 0.8355
Adjusting learning rate of group 0 to 1.0000e-01.
Epoch: 52, Train loss: 0.37463049463272097, Validation loss: 0.5951262537002564, Validation accuracy: 0.8308
Adjusting learning rate of group 0 to 1.0000e-01.
Epoch: 53, Train loss: 0.3678703868865967, Validation loss: 0.6437073283195496, Validation accuracy: 0.8317
Adjusting learning rate of group 0 to 1.0000e-01.
Epoch: 54, Train loss: 0.3749124080657959, Validation loss: 0.5207780294418335, Validation accuracy: 0.8464
Adjusting learning rate of group 0 to 1.0000e-01.
Epoch: 55, Train loss: 0.36356281087875364, Validation loss: 0.4882666337966919, Validation accuracy: 0.8543
Adjusting learning rate of group 0 to 1.0000e-01.
Epoch: 56, Train loss: 0.3680269799900055, Validation loss: 0.52740303606987, Validation accuracy: 0.8334
Adjusting learning rate of group 0 to 1.0000e-01.
Epoch: 57, Train loss: 0.35880719005584716, Validation loss: 0.4790558762073517, Validation accuracy: 0.8429
Adjusting learning rate of group 0 to 1.0000e-01.
Epoch: 58, Train loss: 0.36619941455841065, Validation loss: 0.6107691469192504, Validation accuracy: 0.8046
Adjusting learning rate of group 0 to 1.0000e-01.
Epoch: 59, Train loss: 0.37251396456718444, Validation loss: 0.5681820878028869, Validation accuracy: 0.8312
Adjusting learning rate of group 0 to 1.0000e-01.
Epoch: 60, Train loss: 0.3608759232521057, Validation loss: 0.6855394412994384, Validation accuracy: 0.8103
Adjusting learning rate of group 0 to 1.0000e-01.
Epoch: 61, Train loss: 0.35422512681007384, Validation loss: 0.6395626866340637, Validation accuracy: 0.8225
Adjusting learning rate of group 0 to 1.0000e-01.
Epoch: 62, Train loss: 0.3593588203239441, Validation loss: 0.5085282574176788, Validation accuracy: 0.8409
Adjusting learning rate of group 0 to 1.0000e-01.
Epoch: 63, Train loss: 0.3530025862979889, Validation loss: 0.5426839044570922, Validation accuracy: 0.8428
Adjusting learning rate of group 0 to 1.0000e-01.
Epoch: 64, Train loss: 0.3489352387523651, Validation loss: 0.5205269235610962, Validation accuracy: 0.8381
Adjusting learning rate of group 0 to 1.0000e-01.
Epoch: 65, Train loss: 0.3522552356624603, Validation loss: 0.49177582817077636, Validation accuracy: 0.8432
Adjusting learning rate of group 0 to 1.0000e-01.
Epoch: 66, Train loss: 0.36334121601581576, Validation loss: 0.511938272857666, Validation accuracy: 0.8409
Adjusting learning rate of group 0 to 1.0000e-01.
Epoch: 67, Train loss: 0.3520597763347626, Validation loss: 0.5051530438899994, Validation accuracy: 0.8368
Adjusting learning rate of group 0 to 1.0000e-01.
Epoch: 68, Train loss: 0.3551862952041626, Validation loss: 0.5720574424743652, Validation accuracy: 0.8298
Adjusting learning rate of group 0 to 1.0000e-01.
Epoch: 69, Train loss: 0.3493701504325867, Validation loss: 0.5550228393554687, Validation accuracy: 0.8331
Adjusting learning rate of group 0 to 1.0000e-01.
Epoch: 70, Train loss: 0.36428330023765565, Validation loss: 0.5141925854682923, Validation accuracy: 0.8502
Adjusting learning rate of group 0 to 1.0000e-01.
Epoch: 71, Train loss: 0.35043022912979127, Validation loss: 0.526620511341095, Validation accuracy: 0.8271
Adjusting learning rate of group 0 to 1.0000e-01.
Epoch: 72, Train loss: 0.3439730059337616, Validation loss: 0.45940935754776, Validation accuracy: 0.8503
Adjusting learning rate of group 0 to 1.0000e-01.
Epoch: 73, Train loss: 0.34279394666671753, Validation loss: 0.4561257748365402, Validation accuracy: 0.8578
Adjusting learning rate of group 0 to 1.0000e-01.
Epoch: 74, Train loss: 0.3423195290660858, Validation loss: 0.48202102813720704, Validation accuracy: 0.8492
Adjusting learning rate of group 0 to 1.0000e-01.
Epoch: 75, Train loss: 0.3543823229980469, Validation loss: 0.5050903206348419, Validation accuracy: 0.8509
Adjusting learning rate of group 0 to 1.0000e-01.
Epoch: 76, Train loss: 0.3444812224197388, Validation loss: 0.6093902854919434, Validation accuracy: 0.8245
Adjusting learning rate of group 0 to 1.0000e-01.
Epoch: 77, Train loss: 0.34366123547554017, Validation loss: 0.48491721076965333, Validation accuracy: 0.8606
Adjusting learning rate of group 0 to 1.0000e-01.
Epoch: 78, Train loss: 0.35134623929977415, Validation loss: 0.5439153432369233, Validation accuracy: 0.8325
Adjusting learning rate of group 0 to 1.0000e-01.
Epoch: 79, Train loss: 0.34176489756584166, Validation loss: 0.5256758968830109, Validation accuracy: 0.85
Adjusting learning rate of group 0 to 1.0000e-01.
Epoch: 80, Train loss: 0.34715167159080507, Validation loss: 0.4709644731044769, Validation accuracy: 0.8671
Adjusting learning rate of group 0 to 1.0000e-01.
Epoch: 81, Train loss: 0.3440465517139435, Validation loss: 0.5465751721382142, Validation accuracy: 0.8361
Adjusting learning rate of group 0 to 1.0000e-01.
Epoch: 82, Train loss: 0.33801584896087644, Validation loss: 0.47868860211372377, Validation accuracy: 0.8337
Adjusting learning rate of group 0 to 1.0000e-01.
Epoch: 83, Train loss: 0.3472488242912293, Validation loss: 0.5374622178554535, Validation accuracy: 0.8457
Adjusting learning rate of group 0 to 1.0000e-01.
Epoch: 84, Train loss: 0.350336270608902, Validation loss: 0.5593489070892333, Validation accuracy: 0.8347
Adjusting learning rate of group 0 to 1.0000e-01.
Epoch: 85, Train loss: 0.33819298331260683, Validation loss: 0.6166786610603332, Validation accuracy: 0.8245
Adjusting learning rate of group 0 to 1.0000e-01.
Epoch: 86, Train loss: 0.33455899030685426, Validation loss: 0.5134875268936158, Validation accuracy: 0.8403
Adjusting learning rate of group 0 to 1.0000e-01.
Epoch: 87, Train loss: 0.3388594868373871, Validation loss: 0.4550901775360107, Validation accuracy: 0.8588
Adjusting learning rate of group 0 to 1.0000e-01.
Epoch: 88, Train loss: 0.3317028250026703, Validation loss: 0.49498508615493775, Validation accuracy: 0.8589
Adjusting learning rate of group 0 to 1.0000e-01.
Epoch: 89, Train loss: 0.33084359498023985, Validation loss: 0.5015120954990387, Validation accuracy: 0.8514
Adjusting learning rate of group 0 to 1.0000e-01.
Epoch: 90, Train loss: 0.33537353135585785, Validation loss: 0.5292478791236878, Validation accuracy: 0.8526
Adjusting learning rate of group 0 to 1.0000e-01.
Epoch: 91, Train loss: 0.3435246919250488, Validation loss: 0.456682107591629, Validation accuracy: 0.8582
Adjusting learning rate of group 0 to 1.0000e-01.
Epoch: 92, Train loss: 0.33770664684295654, Validation loss: 0.608973660850525, Validation accuracy: 0.8188
Adjusting learning rate of group 0 to 1.0000e-01.
Epoch: 93, Train loss: 0.3299144201087952, Validation loss: 0.7890939489364625, Validation accuracy: 0.7978
Adjusting learning rate of group 0 to 1.0000e-01.
Epoch: 94, Train loss: 0.33299190001487733, Validation loss: 0.4429798400878906, Validation accuracy: 0.8619
Adjusting learning rate of group 0 to 1.0000e-01.
Epoch: 95, Train loss: 0.32902898179054263, Validation loss: 0.6186811493158341, Validation accuracy: 0.8329
Adjusting learning rate of group 0 to 1.0000e-01.
Epoch: 96, Train loss: 0.3330700034427643, Validation loss: 0.7140238698482514, Validation accuracy: 0.8409
Adjusting learning rate of group 0 to 1.0000e-01.
Epoch: 97, Train loss: 0.3371417854499817, Validation loss: 0.5603599967002869, Validation accuracy: 0.8416
Adjusting learning rate of group 0 to 1.0000e-01.
Epoch: 98, Train loss: 0.33941012283325195, Validation loss: 0.5038433542311191, Validation accuracy: 0.8491
Adjusting learning rate of group 0 to 1.0000e-01.
Epoch: 99, Train loss: 0.3302258686351776, Validation loss: 0.6075108302116394, Validation accuracy: 0.8167
Adjusting learning rate of group 0 to 1.0000e-02.
Epoch: 100, Train loss: 0.32868784957885744, Validation loss: 0.5224266308307648, Validation accuracy: 0.8324
Adjusting learning rate of group 0 to 1.0000e-02.
Epoch: 101, Train loss: 0.18625935752868653, Validation loss: 0.30007420635223386, Validation accuracy: 0.9091
Adjusting learning rate of group 0 to 1.0000e-02.
Epoch: 102, Train loss: 0.1463013865494728, Validation loss: 0.290463089799881, Validation accuracy: 0.9136
Adjusting learning rate of group 0 to 1.0000e-02.
Epoch: 103, Train loss: 0.13077607659339904, Validation loss: 0.28676052293777465, Validation accuracy: 0.9145
Adjusting learning rate of group 0 to 1.0000e-02.
Epoch: 104, Train loss: 0.1199036091208458, Validation loss: 0.3016256310582161, Validation accuracy: 0.918
Adjusting learning rate of group 0 to 1.0000e-02.
Epoch: 105, Train loss: 0.11244011544704437, Validation loss: 0.29546283583641053, Validation accuracy: 0.9171
Adjusting learning rate of group 0 to 1.0000e-02.
Epoch: 106, Train loss: 0.10515209885597229, Validation loss: 0.29424260668754576, Validation accuracy: 0.9177
Adjusting learning rate of group 0 to 1.0000e-02.
Epoch: 107, Train loss: 0.10292559285640716, Validation loss: 0.3056853382587433, Validation accuracy: 0.9194
Adjusting learning rate of group 0 to 1.0000e-02.
Epoch: 108, Train loss: 0.09578623042821884, Validation loss: 0.30411103373765946, Validation accuracy: 0.9188
Adjusting learning rate of group 0 to 1.0000e-02.
Epoch: 109, Train loss: 0.08910485609531403, Validation loss: 0.3108087765455246, Validation accuracy: 0.9183
Adjusting learning rate of group 0 to 1.0000e-02.
Epoch: 110, Train loss: 0.0851681954562664, Validation loss: 0.31604278307557104, Validation accuracy: 0.9184
Adjusting learning rate of group 0 to 1.0000e-02.
Epoch: 111, Train loss: 0.08049601743221282, Validation loss: 0.3449609032988548, Validation accuracy: 0.9185
Adjusting learning rate of group 0 to 1.0000e-02.
Epoch: 112, Train loss: 0.07928743121623993, Validation loss: 0.3362465258717537, Validation accuracy: 0.9188
Adjusting learning rate of group 0 to 1.0000e-02.
Epoch: 113, Train loss: 0.07573406669378281, Validation loss: 0.3339192610502243, Validation accuracy: 0.9207
Adjusting learning rate of group 0 to 1.0000e-02.
Epoch: 114, Train loss: 0.07238408118247985, Validation loss: 0.33159242120981214, Validation accuracy: 0.9173
Adjusting learning rate of group 0 to 1.0000e-02.
Epoch: 115, Train loss: 0.07225605466604233, Validation loss: 0.32523565567731855, Validation accuracy: 0.9197
Adjusting learning rate of group 0 to 1.0000e-02.
Epoch: 116, Train loss: 0.06850698606491089, Validation loss: 0.34343850193023684, Validation accuracy: 0.9198
Adjusting learning rate of group 0 to 1.0000e-02.
Epoch: 117, Train loss: 0.061924756993055344, Validation loss: 0.3536798242330551, Validation accuracy: 0.918
Adjusting learning rate of group 0 to 1.0000e-02.
Epoch: 118, Train loss: 0.061291250751018524, Validation loss: 0.3653188529133797, Validation accuracy: 0.915
Adjusting learning rate of group 0 to 1.0000e-02.
Epoch: 119, Train loss: 0.06295504544496536, Validation loss: 0.36745350923538206, Validation accuracy: 0.9153
Adjusting learning rate of group 0 to 1.0000e-02.
Epoch: 120, Train loss: 0.06005007017850876, Validation loss: 0.35466101231575015, Validation accuracy: 0.9189
Adjusting learning rate of group 0 to 1.0000e-02.
Epoch: 121, Train loss: 0.0582896529507637, Validation loss: 0.3931506688833237, Validation accuracy: 0.9163
Adjusting learning rate of group 0 to 1.0000e-02.
Epoch: 122, Train loss: 0.056895915823578835, Validation loss: 0.3608232460975647, Validation accuracy: 0.9209
Adjusting learning rate of group 0 to 1.0000e-02.
Epoch: 123, Train loss: 0.0539518615090847, Validation loss: 0.3708282064795494, Validation accuracy: 0.9208
Adjusting learning rate of group 0 to 1.0000e-02.
Epoch: 124, Train loss: 0.05479258390545845, Validation loss: 0.3625471890509129, Validation accuracy: 0.9201
Adjusting learning rate of group 0 to 1.0000e-02.
Epoch: 125, Train loss: 0.05219327399879694, Validation loss: 0.39080493688583373, Validation accuracy: 0.9174
Adjusting learning rate of group 0 to 1.0000e-02.
Epoch: 126, Train loss: 0.05000744462490082, Validation loss: 0.38503991816043853, Validation accuracy: 0.9184
Adjusting learning rate of group 0 to 1.0000e-02.
Epoch: 127, Train loss: 0.05319802438378334, Validation loss: 0.39963653259277343, Validation accuracy: 0.9154
Adjusting learning rate of group 0 to 1.0000e-02.
Epoch: 128, Train loss: 0.05216338732004166, Validation loss: 0.3945038805246353, Validation accuracy: 0.9166
Adjusting learning rate of group 0 to 1.0000e-02.
Epoch: 129, Train loss: 0.04869892127990723, Validation loss: 0.4049027434587479, Validation accuracy: 0.917
Adjusting learning rate of group 0 to 1.0000e-02.
Epoch: 130, Train loss: 0.04677493453145027, Validation loss: 0.4145297293365002, Validation accuracy: 0.9183
Adjusting learning rate of group 0 to 1.0000e-02.
Epoch: 131, Train loss: 0.047085102097392084, Validation loss: 0.39953454774413255, Validation accuracy: 0.9129
Adjusting learning rate of group 0 to 1.0000e-02.
Epoch: 132, Train loss: 0.04548190106987953, Validation loss: 0.42627839619591834, Validation accuracy: 0.9125
Adjusting learning rate of group 0 to 1.0000e-02.
Epoch: 133, Train loss: 0.04734572100102902, Validation loss: 0.39351780354976656, Validation accuracy: 0.9179
Adjusting learning rate of group 0 to 1.0000e-02.
Epoch: 134, Train loss: 0.044481040663719176, Validation loss: 0.414443163394928, Validation accuracy: 0.9184
Adjusting learning rate of group 0 to 1.0000e-02.
Epoch: 135, Train loss: 0.04642226991415024, Validation loss: 0.43468041724562645, Validation accuracy: 0.9147
Adjusting learning rate of group 0 to 1.0000e-02.
Epoch: 136, Train loss: 0.049446674667596814, Validation loss: 0.45748019330501555, Validation accuracy: 0.9125
Adjusting learning rate of group 0 to 1.0000e-02.
Epoch: 137, Train loss: 0.04250947780609131, Validation loss: 0.4657461362361908, Validation accuracy: 0.9146
Adjusting learning rate of group 0 to 1.0000e-02.
Epoch: 138, Train loss: 0.045088680737018584, Validation loss: 0.40971712965965273, Validation accuracy: 0.9137
Adjusting learning rate of group 0 to 1.0000e-02.
Epoch: 139, Train loss: 0.04422595491304994, Validation loss: 0.408553661942482, Validation accuracy: 0.9202
Adjusting learning rate of group 0 to 1.0000e-02.
Epoch: 140, Train loss: 0.04104822398662567, Validation loss: 0.4243441905260086, Validation accuracy: 0.9158
Adjusting learning rate of group 0 to 1.0000e-02.
Epoch: 141, Train loss: 0.04499098964303732, Validation loss: 0.430767475271225, Validation accuracy: 0.9126
Adjusting learning rate of group 0 to 1.0000e-02.
Epoch: 142, Train loss: 0.0426211084830761, Validation loss: 0.4318748716831207, Validation accuracy: 0.9136
Adjusting learning rate of group 0 to 1.0000e-02.
Epoch: 143, Train loss: 0.04620203085541725, Validation loss: 0.41975967302322387, Validation accuracy: 0.9148
Adjusting learning rate of group 0 to 1.0000e-02.
Epoch: 144, Train loss: 0.04373766594111919, Validation loss: 0.4094039102315903, Validation accuracy: 0.9131
Adjusting learning rate of group 0 to 1.0000e-02.
Epoch: 145, Train loss: 0.04321819518089295, Validation loss: 0.4167161179691553, Validation accuracy: 0.913
Adjusting learning rate of group 0 to 1.0000e-02.
Epoch: 146, Train loss: 0.04081069727957249, Validation loss: 0.4554241799186915, Validation accuracy: 0.9123
Adjusting learning rate of group 0 to 1.0000e-02.
Epoch: 147, Train loss: 0.04254231250882149, Validation loss: 0.4520171277999878, Validation accuracy: 0.9153
Adjusting learning rate of group 0 to 1.0000e-02.
Epoch: 148, Train loss: 0.04602487348169088, Validation loss: 0.41640485248565673, Validation accuracy: 0.9151
Adjusting learning rate of group 0 to 1.0000e-02.
Epoch: 149, Train loss: 0.04193826820194721, Validation loss: 0.40823416719436645, Validation accuracy: 0.914
Adjusting learning rate of group 0 to 1.0000e-03.
Epoch: 150, Train loss: 0.045305026288032534, Validation loss: 0.40925314931869505, Validation accuracy: 0.9149
Adjusting learning rate of group 0 to 1.0000e-03.
Epoch: 151, Train loss: 0.031165810203552247, Validation loss: 0.368832086199522, Validation accuracy: 0.9223
Adjusting learning rate of group 0 to 1.0000e-03.
Epoch: 152, Train loss: 0.02232052121192217, Validation loss: 0.3785324591517448, Validation accuracy: 0.9226
Adjusting learning rate of group 0 to 1.0000e-03.
Epoch: 153, Train loss: 0.018329857985377312, Validation loss: 0.39226388487815855, Validation accuracy: 0.9261
Adjusting learning rate of group 0 to 1.0000e-03.
Epoch: 154, Train loss: 0.01826983169913292, Validation loss: 0.393497179287672, Validation accuracy: 0.9266
Adjusting learning rate of group 0 to 1.0000e-03.
Epoch: 155, Train loss: 0.016759175965934993, Validation loss: 0.39922237147688866, Validation accuracy: 0.9263
Adjusting learning rate of group 0 to 1.0000e-03.
Epoch: 156, Train loss: 0.015423695708215236, Validation loss: 0.4071535950064659, Validation accuracy: 0.9252
Adjusting learning rate of group 0 to 1.0000e-03.
Epoch: 157, Train loss: 0.014218544811978937, Validation loss: 0.41677944432497027, Validation accuracy: 0.9259
Adjusting learning rate of group 0 to 1.0000e-03.
Epoch: 158, Train loss: 0.014136751126646996, Validation loss: 0.4309589845895767, Validation accuracy: 0.9256
Adjusting learning rate of group 0 to 1.0000e-03.
Epoch: 159, Train loss: 0.012884467791616916, Validation loss: 0.43633742513656615, Validation accuracy: 0.9258
Adjusting learning rate of group 0 to 1.0000e-03.
Epoch: 160, Train loss: 0.012725945039242506, Validation loss: 0.4418863694548607, Validation accuracy: 0.9259
Adjusting learning rate of group 0 to 1.0000e-03.
Epoch: 161, Train loss: 0.011572237648852169, Validation loss: 0.441181201171875, Validation accuracy: 0.9264
Adjusting learning rate of group 0 to 1.0000e-03.
Epoch: 162, Train loss: 0.010793282070122659, Validation loss: 0.45261774904727936, Validation accuracy: 0.9273
Adjusting learning rate of group 0 to 1.0000e-03.
Epoch: 163, Train loss: 0.01095035881171003, Validation loss: 0.46019748468399047, Validation accuracy: 0.9263
Adjusting learning rate of group 0 to 1.0000e-03.
Epoch: 164, Train loss: 0.010555593168362975, Validation loss: 0.4635230272293091, Validation accuracy: 0.9266
Adjusting learning rate of group 0 to 1.0000e-03.
Epoch: 165, Train loss: 0.00916872455380857, Validation loss: 0.4661448803901672, Validation accuracy: 0.9261
Adjusting learning rate of group 0 to 1.0000e-03.
Epoch: 166, Train loss: 0.009442386629134417, Validation loss: 0.46645957095623014, Validation accuracy: 0.9256
Adjusting learning rate of group 0 to 1.0000e-03.
Epoch: 167, Train loss: 0.009472173425890506, Validation loss: 0.4719986619472504, Validation accuracy: 0.9266
Adjusting learning rate of group 0 to 1.0000e-03.
Epoch: 168, Train loss: 0.009206456361375749, Validation loss: 0.4778135564088821, Validation accuracy: 0.9261
Adjusting learning rate of group 0 to 1.0000e-03.
Epoch: 169, Train loss: 0.008573357444740831, Validation loss: 0.48490556707382204, Validation accuracy: 0.9269
Adjusting learning rate of group 0 to 1.0000e-03.
Epoch: 170, Train loss: 0.00909385707411915, Validation loss: 0.4847727653980255, Validation accuracy: 0.9274
Adjusting learning rate of group 0 to 1.0000e-03.
Epoch: 171, Train loss: 0.009057773662433028, Validation loss: 0.48414001591205597, Validation accuracy: 0.9284
Adjusting learning rate of group 0 to 1.0000e-03.
Epoch: 172, Train loss: 0.00848594856891781, Validation loss: 0.4890885076999664, Validation accuracy: 0.9279
Adjusting learning rate of group 0 to 1.0000e-03.
Epoch: 173, Train loss: 0.00855801464639604, Validation loss: 0.49417227013111115, Validation accuracy: 0.9269
Adjusting learning rate of group 0 to 1.0000e-03.
Epoch: 174, Train loss: 0.008321726740188896, Validation loss: 0.5015697504281997, Validation accuracy: 0.9269
Adjusting learning rate of group 0 to 1.0000e-03.
Epoch: 175, Train loss: 0.008140307095516473, Validation loss: 0.4936109697341919, Validation accuracy: 0.9267
Adjusting learning rate of group 0 to 1.0000e-03.
Epoch: 176, Train loss: 0.007194570741690695, Validation loss: 0.4999168737530708, Validation accuracy: 0.9261
Adjusting learning rate of group 0 to 1.0000e-03.
Epoch: 177, Train loss: 0.0071801040519028905, Validation loss: 0.5033623445987702, Validation accuracy: 0.9276
Adjusting learning rate of group 0 to 1.0000e-03.
Epoch: 178, Train loss: 0.007730161734931171, Validation loss: 0.5071775359630585, Validation accuracy: 0.9267
Adjusting learning rate of group 0 to 1.0000e-03.
Epoch: 179, Train loss: 0.007375200712960214, Validation loss: 0.5115311568975449, Validation accuracy: 0.9273
Adjusting learning rate of group 0 to 1.0000e-03.
Epoch: 180, Train loss: 0.008024371272716671, Validation loss: 0.510543539762497, Validation accuracy: 0.9267
Adjusting learning rate of group 0 to 1.0000e-03.
Epoch: 181, Train loss: 0.007558453319501132, Validation loss: 0.5181115708827972, Validation accuracy: 0.9282
Adjusting learning rate of group 0 to 1.0000e-03.
Epoch: 182, Train loss: 0.00691365766659379, Validation loss: 0.5190511962890625, Validation accuracy: 0.9276
Adjusting learning rate of group 0 to 1.0000e-03.
Epoch: 183, Train loss: 0.006841958039738238, Validation loss: 0.525760537314415, Validation accuracy: 0.9266
Adjusting learning rate of group 0 to 1.0000e-03.
Epoch: 184, Train loss: 0.0062137004442233594, Validation loss: 0.5146073224067688, Validation accuracy: 0.9264
Adjusting learning rate of group 0 to 1.0000e-03.
Epoch: 185, Train loss: 0.006427704047318548, Validation loss: 0.5150943162918091, Validation accuracy: 0.9275
Adjusting learning rate of group 0 to 1.0000e-03.
Epoch: 186, Train loss: 0.007060076584853232, Validation loss: 0.5281957317829132, Validation accuracy: 0.9283
Adjusting learning rate of group 0 to 1.0000e-03.
Epoch: 187, Train loss: 0.0064560738367959855, Validation loss: 0.5259023930072785, Validation accuracy: 0.9274
Adjusting learning rate of group 0 to 1.0000e-03.
Epoch: 188, Train loss: 0.006740179220763967, Validation loss: 0.5267397877931594, Validation accuracy: 0.9282
Adjusting learning rate of group 0 to 1.0000e-03.
Epoch: 189, Train loss: 0.00595911377822049, Validation loss: 0.5243535709619522, Validation accuracy: 0.9273
Adjusting learning rate of group 0 to 1.0000e-03.
Epoch: 190, Train loss: 0.00619049070591107, Validation loss: 0.5283452115297318, Validation accuracy: 0.9273
Adjusting learning rate of group 0 to 1.0000e-03.
Epoch: 191, Train loss: 0.006547187168877572, Validation loss: 0.5313351627349854, Validation accuracy: 0.9281
Adjusting learning rate of group 0 to 1.0000e-03.
Epoch: 192, Train loss: 0.006338859768193215, Validation loss: 0.5329962817668915, Validation accuracy: 0.9273
Adjusting learning rate of group 0 to 1.0000e-03.
Epoch: 193, Train loss: 0.005988701634621248, Validation loss: 0.5379222933292389, Validation accuracy: 0.9276
Adjusting learning rate of group 0 to 1.0000e-03.
Epoch: 194, Train loss: 0.0068413006800133735, Validation loss: 0.5484198524951934, Validation accuracy: 0.9258
Adjusting learning rate of group 0 to 1.0000e-03.
Epoch: 195, Train loss: 0.0055354178367182615, Validation loss: 0.5482306365728379, Validation accuracy: 0.9269
Adjusting learning rate of group 0 to 1.0000e-03.
Epoch: 196, Train loss: 0.0060789475287310775, Validation loss: 0.5444092557191849, Validation accuracy: 0.9263
Adjusting learning rate of group 0 to 1.0000e-03.
Epoch: 197, Train loss: 0.005487226202879101, Validation loss: 0.5477982722520828, Validation accuracy: 0.928
Adjusting learning rate of group 0 to 1.0000e-03.
Epoch: 198, Train loss: 0.005480103105297312, Validation loss: 0.5475628273248673, Validation accuracy: 0.926
Adjusting learning rate of group 0 to 1.0000e-03.
Epoch: 199, Train loss: 0.005249650033218786, Validation loss: 0.5416612994194031, Validation accuracy: 0.9265
Accuracy: 0.9265
