['ResNet-train.py', '--network', 'resnet', '--classifier', 'full', '--tensorization', '4', '4', '4', '4', '4', '4', '--ranks', '[[4, 3, 1, 1, 1, 1, 3], [3, 4, 1, 1, 2, 2, 1], [1, 1, 4, 2, 2, 2, 1], [1, 1, 2, 4, 2, 3, 1], [1, 2, 2, 2, 4, 2, 2], [1, 2, 2, 3, 2, 4, 3], [3, 1, 1, 1, 2, 3, 10]]', '--seed', '1', '--device', 'cuda:2']
Initializing dataloader
Files already downloaded and verified
Files already downloaded and verified
Dataloader has initialized
Initializing model
Adjusting learning rate of group 0 to 1.0000e-02.
Model initialized
Testing model
Tests passed
Adjusting learning rate of group 0 to 2.0000e-02.
Epoch: 0, Train loss: 1.895967197189331, Validation loss: 1.497234729194641, Validation accuracy: 0.4493
Adjusting learning rate of group 0 to 3.0000e-02.
Epoch: 1, Train loss: 1.4523148396301269, Validation loss: 1.2979103010177613, Validation accuracy: 0.5433
Adjusting learning rate of group 0 to 4.0000e-02.
Epoch: 2, Train loss: 1.2099244149780273, Validation loss: 1.0224075876235963, Validation accuracy: 0.6347
Adjusting learning rate of group 0 to 5.0000e-02.
Epoch: 3, Train loss: 1.0030314099311828, Validation loss: 0.91684834690094, Validation accuracy: 0.6803
Adjusting learning rate of group 0 to 6.0000e-02.
Epoch: 4, Train loss: 0.8629756607818604, Validation loss: 0.9559332173347473, Validation accuracy: 0.6657
Adjusting learning rate of group 0 to 7.0000e-02.
Epoch: 5, Train loss: 0.7669012809753418, Validation loss: 0.8122240220069885, Validation accuracy: 0.7221
Adjusting learning rate of group 0 to 8.0000e-02.
Epoch: 6, Train loss: 0.7014687738990784, Validation loss: 0.7951573748588562, Validation accuracy: 0.7414
Adjusting learning rate of group 0 to 9.0000e-02.
Epoch: 7, Train loss: 0.6617779977798461, Validation loss: 0.8170283613204956, Validation accuracy: 0.7428
Adjusting learning rate of group 0 to 1.0000e-01.
Epoch: 8, Train loss: 0.620340866947174, Validation loss: 0.7172243436813355, Validation accuracy: 0.7645
Adjusting learning rate of group 0 to 1.0000e-01.
Epoch: 9, Train loss: 0.6035044436264038, Validation loss: 0.8105049397945404, Validation accuracy: 0.7399
Adjusting learning rate of group 0 to 1.0000e-01.
Epoch: 10, Train loss: 0.5638341215705872, Validation loss: 0.649438789844513, Validation accuracy: 0.7778
Adjusting learning rate of group 0 to 1.0000e-01.
Epoch: 11, Train loss: 0.5307791481971741, Validation loss: 0.6922759783744812, Validation accuracy: 0.7654
Adjusting learning rate of group 0 to 1.0000e-01.
Epoch: 12, Train loss: 0.507439016904831, Validation loss: 0.5547599572181702, Validation accuracy: 0.8249
Adjusting learning rate of group 0 to 1.0000e-01.
Epoch: 13, Train loss: 0.4995278288078308, Validation loss: 0.5648278633117676, Validation accuracy: 0.8122
Adjusting learning rate of group 0 to 1.0000e-01.
Epoch: 14, Train loss: 0.4825602459716797, Validation loss: 0.4997220186710358, Validation accuracy: 0.8332
Adjusting learning rate of group 0 to 1.0000e-01.
Epoch: 15, Train loss: 0.4647786960506439, Validation loss: 0.5561658607959747, Validation accuracy: 0.8242
Adjusting learning rate of group 0 to 1.0000e-01.
Epoch: 16, Train loss: 0.4441230784225464, Validation loss: 0.5870665905952454, Validation accuracy: 0.8063
Adjusting learning rate of group 0 to 1.0000e-01.
Epoch: 17, Train loss: 0.44080989332199094, Validation loss: 0.6158955420970916, Validation accuracy: 0.799
Adjusting learning rate of group 0 to 1.0000e-01.
Epoch: 18, Train loss: 0.43052826325416566, Validation loss: 0.6641895678520202, Validation accuracy: 0.7936
Adjusting learning rate of group 0 to 1.0000e-01.
Epoch: 19, Train loss: 0.42369277536392214, Validation loss: 0.5564894631385803, Validation accuracy: 0.8212
Adjusting learning rate of group 0 to 1.0000e-01.
Epoch: 20, Train loss: 0.4195988849639893, Validation loss: 0.6496500065803528, Validation accuracy: 0.8221
Adjusting learning rate of group 0 to 1.0000e-01.
Epoch: 21, Train loss: 0.4095541673469543, Validation loss: 0.6347111783981323, Validation accuracy: 0.8236
Adjusting learning rate of group 0 to 1.0000e-01.
Epoch: 22, Train loss: 0.40057083210945127, Validation loss: 0.5654837280273437, Validation accuracy: 0.8177
Adjusting learning rate of group 0 to 1.0000e-01.
Epoch: 23, Train loss: 0.39157267663955686, Validation loss: 0.6078851803302765, Validation accuracy: 0.8059
Adjusting learning rate of group 0 to 1.0000e-01.
Epoch: 24, Train loss: 0.38801197357177736, Validation loss: 0.5591144539356232, Validation accuracy: 0.8116
Adjusting learning rate of group 0 to 1.0000e-01.
Epoch: 25, Train loss: 0.3888611794090271, Validation loss: 0.5868755623340607, Validation accuracy: 0.8061
Adjusting learning rate of group 0 to 1.0000e-01.
Epoch: 26, Train loss: 0.385929162979126, Validation loss: 0.6696592847824097, Validation accuracy: 0.8163
Adjusting learning rate of group 0 to 1.0000e-01.
Epoch: 27, Train loss: 0.3856624996852875, Validation loss: 0.5734018930435181, Validation accuracy: 0.8361
Adjusting learning rate of group 0 to 1.0000e-01.
Epoch: 28, Train loss: 0.3704983406257629, Validation loss: 0.5378506031274796, Validation accuracy: 0.8304
Adjusting learning rate of group 0 to 1.0000e-01.
Epoch: 29, Train loss: 0.36438093294143675, Validation loss: 0.6375685831069946, Validation accuracy: 0.7965
Adjusting learning rate of group 0 to 1.0000e-01.
Epoch: 30, Train loss: 0.3602179716110229, Validation loss: 0.48705260457992555, Validation accuracy: 0.8449
Adjusting learning rate of group 0 to 1.0000e-01.
Epoch: 31, Train loss: 0.3624491339492798, Validation loss: 0.46329013290405274, Validation accuracy: 0.8472
Adjusting learning rate of group 0 to 1.0000e-01.
Epoch: 32, Train loss: 0.35501176160812375, Validation loss: 0.5822082936286926, Validation accuracy: 0.8182
Adjusting learning rate of group 0 to 1.0000e-01.
Epoch: 33, Train loss: 0.35311353957176206, Validation loss: 0.5776155143737793, Validation accuracy: 0.8293
Adjusting learning rate of group 0 to 1.0000e-01.
Epoch: 34, Train loss: 0.34597973140716554, Validation loss: 0.49536296186447143, Validation accuracy: 0.846
Adjusting learning rate of group 0 to 1.0000e-01.
Epoch: 35, Train loss: 0.3512375178527832, Validation loss: 0.6109437450408935, Validation accuracy: 0.8332
Adjusting learning rate of group 0 to 1.0000e-01.
Epoch: 36, Train loss: 0.3496300985908508, Validation loss: 0.5381761288642883, Validation accuracy: 0.8362
Adjusting learning rate of group 0 to 1.0000e-01.
Epoch: 37, Train loss: 0.35301792051315306, Validation loss: 0.5147924585342407, Validation accuracy: 0.8338
Adjusting learning rate of group 0 to 1.0000e-01.
Epoch: 38, Train loss: 0.3447288175678253, Validation loss: 0.5329768895149231, Validation accuracy: 0.8292
Adjusting learning rate of group 0 to 1.0000e-01.
Epoch: 39, Train loss: 0.3357560170555115, Validation loss: 0.4814036196708679, Validation accuracy: 0.84
Adjusting learning rate of group 0 to 1.0000e-01.
Epoch: 40, Train loss: 0.33995098940849305, Validation loss: 0.6356837000846863, Validation accuracy: 0.8085
Adjusting learning rate of group 0 to 1.0000e-01.
Epoch: 41, Train loss: 0.3363634736251831, Validation loss: 0.5526860145568848, Validation accuracy: 0.8221
Adjusting learning rate of group 0 to 1.0000e-01.
Epoch: 42, Train loss: 0.3336895363044739, Validation loss: 0.6508645347595214, Validation accuracy: 0.8207
Adjusting learning rate of group 0 to 1.0000e-01.
Epoch: 43, Train loss: 0.33560252225875853, Validation loss: 0.4181585506439209, Validation accuracy: 0.8632
Adjusting learning rate of group 0 to 1.0000e-01.
Epoch: 44, Train loss: 0.32805975076675414, Validation loss: 0.4850085256576538, Validation accuracy: 0.8401
Adjusting learning rate of group 0 to 1.0000e-01.
Epoch: 45, Train loss: 0.32396517213821413, Validation loss: 0.5838242771148682, Validation accuracy: 0.8299
Adjusting learning rate of group 0 to 1.0000e-01.
Epoch: 46, Train loss: 0.33169925848007203, Validation loss: 0.5266724688529968, Validation accuracy: 0.8465
Adjusting learning rate of group 0 to 1.0000e-01.
Epoch: 47, Train loss: 0.32927591979026793, Validation loss: 0.6640322542190552, Validation accuracy: 0.8278
Adjusting learning rate of group 0 to 1.0000e-01.
Epoch: 48, Train loss: 0.3292745514631271, Validation loss: 0.4545717674255371, Validation accuracy: 0.8523
Adjusting learning rate of group 0 to 1.0000e-01.
Epoch: 49, Train loss: 0.32904344420433046, Validation loss: 0.4557204776763916, Validation accuracy: 0.8443
Adjusting learning rate of group 0 to 1.0000e-01.
Epoch: 50, Train loss: 0.32190104078292847, Validation loss: 0.4934248432636261, Validation accuracy: 0.8444
Adjusting learning rate of group 0 to 1.0000e-01.
Epoch: 51, Train loss: 0.3267543053817749, Validation loss: 0.5055136872291565, Validation accuracy: 0.8352
Adjusting learning rate of group 0 to 1.0000e-01.
Epoch: 52, Train loss: 0.3148837989807129, Validation loss: 0.44322482595443724, Validation accuracy: 0.8613
Adjusting learning rate of group 0 to 1.0000e-01.
Epoch: 53, Train loss: 0.3170339449119568, Validation loss: 0.48599645795822144, Validation accuracy: 0.8461
Adjusting learning rate of group 0 to 1.0000e-01.
Epoch: 54, Train loss: 0.3176984929847717, Validation loss: 0.5024362607002258, Validation accuracy: 0.838
Adjusting learning rate of group 0 to 1.0000e-01.
Epoch: 55, Train loss: 0.3188468187713623, Validation loss: 0.408434531545639, Validation accuracy: 0.8607
Adjusting learning rate of group 0 to 1.0000e-01.
Epoch: 56, Train loss: 0.31579682379722596, Validation loss: 0.6193795166969299, Validation accuracy: 0.8257
Adjusting learning rate of group 0 to 1.0000e-01.
Epoch: 57, Train loss: 0.31097799144744875, Validation loss: 0.44892190160751344, Validation accuracy: 0.8568
Adjusting learning rate of group 0 to 1.0000e-01.
Epoch: 58, Train loss: 0.3080755886173248, Validation loss: 0.5114743857383728, Validation accuracy: 0.8395
Adjusting learning rate of group 0 to 1.0000e-01.
Epoch: 59, Train loss: 0.30749567439079284, Validation loss: 0.4875777656555176, Validation accuracy: 0.8522
Adjusting learning rate of group 0 to 1.0000e-01.
Epoch: 60, Train loss: 0.3171538291168213, Validation loss: 0.46489756412506106, Validation accuracy: 0.8516
Adjusting learning rate of group 0 to 1.0000e-01.
Epoch: 61, Train loss: 0.31361149471282956, Validation loss: 0.683935066318512, Validation accuracy: 0.8012
Adjusting learning rate of group 0 to 1.0000e-01.
Epoch: 62, Train loss: 0.3049631734466553, Validation loss: 0.4736594174385071, Validation accuracy: 0.8657
Adjusting learning rate of group 0 to 1.0000e-01.
Epoch: 63, Train loss: 0.31281630630016327, Validation loss: 0.620209932756424, Validation accuracy: 0.8149
Adjusting learning rate of group 0 to 1.0000e-01.
Epoch: 64, Train loss: 0.3054710769176483, Validation loss: 0.4681024571418762, Validation accuracy: 0.8538
Adjusting learning rate of group 0 to 1.0000e-01.
Epoch: 65, Train loss: 0.30888433488845823, Validation loss: 0.48368105192184446, Validation accuracy: 0.8499
Adjusting learning rate of group 0 to 1.0000e-01.
Epoch: 66, Train loss: 0.31086986686229706, Validation loss: 0.5786125958442688, Validation accuracy: 0.8352
Adjusting learning rate of group 0 to 1.0000e-01.
Epoch: 67, Train loss: 0.3031374771595001, Validation loss: 0.439949013710022, Validation accuracy: 0.8567
Adjusting learning rate of group 0 to 1.0000e-01.
Epoch: 68, Train loss: 0.3030835065078735, Validation loss: 0.5565818092823028, Validation accuracy: 0.84
Adjusting learning rate of group 0 to 1.0000e-01.
Epoch: 69, Train loss: 0.2961446337556839, Validation loss: 0.5153847806930542, Validation accuracy: 0.8473
Adjusting learning rate of group 0 to 1.0000e-01.
Epoch: 70, Train loss: 0.3046873549747467, Validation loss: 0.5661431509017945, Validation accuracy: 0.809
Adjusting learning rate of group 0 to 1.0000e-01.
Epoch: 71, Train loss: 0.310010702753067, Validation loss: 0.4125057881355286, Validation accuracy: 0.8605
Adjusting learning rate of group 0 to 1.0000e-01.
Epoch: 72, Train loss: 0.2985479470062256, Validation loss: 0.4339142148017883, Validation accuracy: 0.8585
Adjusting learning rate of group 0 to 1.0000e-01.
Epoch: 73, Train loss: 0.3041294838428497, Validation loss: 0.44369397993087767, Validation accuracy: 0.8635
Adjusting learning rate of group 0 to 1.0000e-01.
Epoch: 74, Train loss: 0.29238913821220397, Validation loss: 0.5243787271499634, Validation accuracy: 0.8339
Adjusting learning rate of group 0 to 1.0000e-01.
Epoch: 75, Train loss: 0.30460987085342406, Validation loss: 0.4687290341377258, Validation accuracy: 0.8535
Adjusting learning rate of group 0 to 1.0000e-01.
Epoch: 76, Train loss: 0.3008836798477173, Validation loss: 0.6565386512756347, Validation accuracy: 0.7993
Adjusting learning rate of group 0 to 1.0000e-01.
Epoch: 77, Train loss: 0.2931592631435394, Validation loss: 0.494698600435257, Validation accuracy: 0.8649
Adjusting learning rate of group 0 to 1.0000e-01.
Epoch: 78, Train loss: 0.29866472301483155, Validation loss: 0.4110038401603699, Validation accuracy: 0.8647
Adjusting learning rate of group 0 to 1.0000e-01.
Epoch: 79, Train loss: 0.29399076194763185, Validation loss: 0.369461906337738, Validation accuracy: 0.8761
Adjusting learning rate of group 0 to 1.0000e-01.
Epoch: 80, Train loss: 0.29766282430648805, Validation loss: 0.43660082931518557, Validation accuracy: 0.8652
Adjusting learning rate of group 0 to 1.0000e-01.
Epoch: 81, Train loss: 0.2951251500248909, Validation loss: 0.8265805449962615, Validation accuracy: 0.7826
Adjusting learning rate of group 0 to 1.0000e-01.
Epoch: 82, Train loss: 0.2959331417274475, Validation loss: 0.45965194311141966, Validation accuracy: 0.8547
Adjusting learning rate of group 0 to 1.0000e-01.
Epoch: 83, Train loss: 0.2900339145374298, Validation loss: 0.5514891807079315, Validation accuracy: 0.8224
Adjusting learning rate of group 0 to 1.0000e-01.
Epoch: 84, Train loss: 0.2911854357242584, Validation loss: 0.579529250907898, Validation accuracy: 0.8247
Adjusting learning rate of group 0 to 1.0000e-01.
Epoch: 85, Train loss: 0.2930947088623047, Validation loss: 0.5027671162128449, Validation accuracy: 0.8425
Adjusting learning rate of group 0 to 1.0000e-01.
Epoch: 86, Train loss: 0.2909691639041901, Validation loss: 0.7005188441276551, Validation accuracy: 0.8097
Adjusting learning rate of group 0 to 1.0000e-01.
Epoch: 87, Train loss: 0.2943043218231201, Validation loss: 0.6295902750015259, Validation accuracy: 0.8392
Adjusting learning rate of group 0 to 1.0000e-01.
Epoch: 88, Train loss: 0.28940544939041135, Validation loss: 0.420115465593338, Validation accuracy: 0.8595
Adjusting learning rate of group 0 to 1.0000e-01.
Epoch: 89, Train loss: 0.2857484213352203, Validation loss: 0.4913801334381104, Validation accuracy: 0.8441
Adjusting learning rate of group 0 to 1.0000e-01.
Epoch: 90, Train loss: 0.29305276861190793, Validation loss: 0.4342217051029205, Validation accuracy: 0.8708
Adjusting learning rate of group 0 to 1.0000e-01.
Epoch: 91, Train loss: 0.2900583928489685, Validation loss: 0.4924707695484161, Validation accuracy: 0.842
Adjusting learning rate of group 0 to 1.0000e-01.
Epoch: 92, Train loss: 0.2859893984889984, Validation loss: 0.5214869961738586, Validation accuracy: 0.8457
Adjusting learning rate of group 0 to 1.0000e-01.
Epoch: 93, Train loss: 0.28510813689231873, Validation loss: 0.48233500270843505, Validation accuracy: 0.8468
Adjusting learning rate of group 0 to 1.0000e-01.
Epoch: 94, Train loss: 0.2857359315395355, Validation loss: 0.6301040679931641, Validation accuracy: 0.8198
Adjusting learning rate of group 0 to 1.0000e-01.
Epoch: 95, Train loss: 0.2960586480236053, Validation loss: 0.5004246301174163, Validation accuracy: 0.8468
Adjusting learning rate of group 0 to 1.0000e-01.
Epoch: 96, Train loss: 0.2904622202348709, Validation loss: 0.49892585320472715, Validation accuracy: 0.853
Adjusting learning rate of group 0 to 1.0000e-01.
Epoch: 97, Train loss: 0.2902514967918396, Validation loss: 0.4563213260650635, Validation accuracy: 0.8534
Adjusting learning rate of group 0 to 1.0000e-01.
Epoch: 98, Train loss: 0.28459764808177945, Validation loss: 0.574137648820877, Validation accuracy: 0.8307
Adjusting learning rate of group 0 to 1.0000e-01.
Epoch: 99, Train loss: 0.2864613275718689, Validation loss: 0.42269833946228025, Validation accuracy: 0.8697
Adjusting learning rate of group 0 to 1.0000e-02.
Epoch: 100, Train loss: 0.2859061044692993, Validation loss: 0.42765373792648315, Validation accuracy: 0.8645
Adjusting learning rate of group 0 to 1.0000e-02.
Epoch: 101, Train loss: 0.16303258744239807, Validation loss: 0.2755606863975525, Validation accuracy: 0.9171
Adjusting learning rate of group 0 to 1.0000e-02.
Epoch: 102, Train loss: 0.12131813881874084, Validation loss: 0.2785446830272675, Validation accuracy: 0.9216
Adjusting learning rate of group 0 to 1.0000e-02.
Epoch: 103, Train loss: 0.1102788649392128, Validation loss: 0.26984412727355955, Validation accuracy: 0.9232
Adjusting learning rate of group 0 to 1.0000e-02.
Epoch: 104, Train loss: 0.10202305116176605, Validation loss: 0.27385707302093504, Validation accuracy: 0.9243
Adjusting learning rate of group 0 to 1.0000e-02.
Epoch: 105, Train loss: 0.09295828125476838, Validation loss: 0.276615713596344, Validation accuracy: 0.9231
Adjusting learning rate of group 0 to 1.0000e-02.
Epoch: 106, Train loss: 0.08751752156853676, Validation loss: 0.28018776488304137, Validation accuracy: 0.9237
Adjusting learning rate of group 0 to 1.0000e-02.
Epoch: 107, Train loss: 0.08217914460659027, Validation loss: 0.2768144181728363, Validation accuracy: 0.9251
Adjusting learning rate of group 0 to 1.0000e-02.
Epoch: 108, Train loss: 0.07748591583192349, Validation loss: 0.2915314667701721, Validation accuracy: 0.9272
Adjusting learning rate of group 0 to 1.0000e-02.
Epoch: 109, Train loss: 0.07398042742490768, Validation loss: 0.2916494863510132, Validation accuracy: 0.9242
Adjusting learning rate of group 0 to 1.0000e-02.
Epoch: 110, Train loss: 0.069411120595932, Validation loss: 0.3168590697288513, Validation accuracy: 0.9228
Adjusting learning rate of group 0 to 1.0000e-02.
Epoch: 111, Train loss: 0.06560890366911888, Validation loss: 0.33914694595336914, Validation accuracy: 0.924
Adjusting learning rate of group 0 to 1.0000e-02.
Epoch: 112, Train loss: 0.06200235929965973, Validation loss: 0.3364800281524658, Validation accuracy: 0.9233
Adjusting learning rate of group 0 to 1.0000e-02.
Epoch: 113, Train loss: 0.06029268908023834, Validation loss: 0.325234965133667, Validation accuracy: 0.9237
Adjusting learning rate of group 0 to 1.0000e-02.
Epoch: 114, Train loss: 0.056624182803332805, Validation loss: 0.32834315137863157, Validation accuracy: 0.9229
Adjusting learning rate of group 0 to 1.0000e-02.
Epoch: 115, Train loss: 0.05430227255046367, Validation loss: 0.3435034230232239, Validation accuracy: 0.9264
Adjusting learning rate of group 0 to 1.0000e-02.
Epoch: 116, Train loss: 0.05278576899290085, Validation loss: 0.35024251317977906, Validation accuracy: 0.9248
Adjusting learning rate of group 0 to 1.0000e-02.
Epoch: 117, Train loss: 0.0504208703494072, Validation loss: 0.3425103820800781, Validation accuracy: 0.925
Adjusting learning rate of group 0 to 1.0000e-02.
Epoch: 118, Train loss: 0.05072420475065708, Validation loss: 0.35890690288543703, Validation accuracy: 0.9245
Adjusting learning rate of group 0 to 1.0000e-02.
Epoch: 119, Train loss: 0.04785096916854382, Validation loss: 0.3596014274597168, Validation accuracy: 0.922
Adjusting learning rate of group 0 to 1.0000e-02.
Epoch: 120, Train loss: 0.04802826241403818, Validation loss: 0.3537477054595947, Validation accuracy: 0.9227
Adjusting learning rate of group 0 to 1.0000e-02.
Epoch: 121, Train loss: 0.0478989200437069, Validation loss: 0.3749549808502197, Validation accuracy: 0.9228
Adjusting learning rate of group 0 to 1.0000e-02.
Epoch: 122, Train loss: 0.04552713029265404, Validation loss: 0.37607504234313965, Validation accuracy: 0.9216
Adjusting learning rate of group 0 to 1.0000e-02.
Epoch: 123, Train loss: 0.04171251381218433, Validation loss: 0.3650289164543152, Validation accuracy: 0.9241
Adjusting learning rate of group 0 to 1.0000e-02.
Epoch: 124, Train loss: 0.04404246164888143, Validation loss: 0.40979238233566284, Validation accuracy: 0.9208
Adjusting learning rate of group 0 to 1.0000e-02.
Epoch: 125, Train loss: 0.044101134238243106, Validation loss: 0.3546719247817993, Validation accuracy: 0.9242
Adjusting learning rate of group 0 to 1.0000e-02.
Epoch: 126, Train loss: 0.041558850349187854, Validation loss: 0.38574681243896486, Validation accuracy: 0.9258
Adjusting learning rate of group 0 to 1.0000e-02.
Epoch: 127, Train loss: 0.041668796994686126, Validation loss: 0.3811113557815552, Validation accuracy: 0.925
Adjusting learning rate of group 0 to 1.0000e-02.
Epoch: 128, Train loss: 0.042457220915555954, Validation loss: 0.3829144469261169, Validation accuracy: 0.9215
Adjusting learning rate of group 0 to 1.0000e-02.
Epoch: 129, Train loss: 0.03996437570869923, Validation loss: 0.4158709385871887, Validation accuracy: 0.9237
Adjusting learning rate of group 0 to 1.0000e-02.
Epoch: 130, Train loss: 0.03790023976504803, Validation loss: 0.41085044679641725, Validation accuracy: 0.9214
Adjusting learning rate of group 0 to 1.0000e-02.
Epoch: 131, Train loss: 0.039031588672399524, Validation loss: 0.3956298454284668, Validation accuracy: 0.9217
Adjusting learning rate of group 0 to 1.0000e-02.
Epoch: 132, Train loss: 0.03877789858937263, Validation loss: 0.38791843156814576, Validation accuracy: 0.9213
Adjusting learning rate of group 0 to 1.0000e-02.
Epoch: 133, Train loss: 0.03944913531899452, Validation loss: 0.37168874950408937, Validation accuracy: 0.9235
Adjusting learning rate of group 0 to 1.0000e-02.
Epoch: 134, Train loss: 0.03942893649727106, Validation loss: 0.42581885538101194, Validation accuracy: 0.9171
Adjusting learning rate of group 0 to 1.0000e-02.
Epoch: 135, Train loss: 0.03726632600545883, Validation loss: 0.4331088896751404, Validation accuracy: 0.92
Adjusting learning rate of group 0 to 1.0000e-02.
Epoch: 136, Train loss: 0.03605827394351363, Validation loss: 0.41519196758270266, Validation accuracy: 0.9208
Adjusting learning rate of group 0 to 1.0000e-02.
Epoch: 137, Train loss: 0.03733497807681561, Validation loss: 0.4294633133888245, Validation accuracy: 0.9201
Adjusting learning rate of group 0 to 1.0000e-02.
Epoch: 138, Train loss: 0.037160169041603804, Validation loss: 0.4457876873970032, Validation accuracy: 0.9197
Adjusting learning rate of group 0 to 1.0000e-02.
Epoch: 139, Train loss: 0.038402572596669196, Validation loss: 0.40822582960128784, Validation accuracy: 0.9179
Adjusting learning rate of group 0 to 1.0000e-02.
Epoch: 140, Train loss: 0.03717850853055715, Validation loss: 0.4388779232025147, Validation accuracy: 0.9188
Adjusting learning rate of group 0 to 1.0000e-02.
Epoch: 141, Train loss: 0.03948967942416668, Validation loss: 0.38405445976257324, Validation accuracy: 0.9242
Adjusting learning rate of group 0 to 1.0000e-02.
Epoch: 142, Train loss: 0.034452444557845595, Validation loss: 0.4162181959152222, Validation accuracy: 0.9198
Adjusting learning rate of group 0 to 1.0000e-02.
Epoch: 143, Train loss: 0.03829526728689671, Validation loss: 0.4133577220916748, Validation accuracy: 0.9191
Adjusting learning rate of group 0 to 1.0000e-02.
Epoch: 144, Train loss: 0.035190975778698924, Validation loss: 0.4481368009567261, Validation accuracy: 0.9175
Adjusting learning rate of group 0 to 1.0000e-02.
Epoch: 145, Train loss: 0.03494792175114155, Validation loss: 0.4329620080947876, Validation accuracy: 0.9213
Adjusting learning rate of group 0 to 1.0000e-02.
Epoch: 146, Train loss: 0.03659671544492245, Validation loss: 0.42594369955062866, Validation accuracy: 0.9212
Adjusting learning rate of group 0 to 1.0000e-02.
Epoch: 147, Train loss: 0.03442258103221655, Validation loss: 0.4464911275863647, Validation accuracy: 0.9161
Adjusting learning rate of group 0 to 1.0000e-02.
Epoch: 148, Train loss: 0.03931320037484169, Validation loss: 0.47208757877349855, Validation accuracy: 0.9151
Adjusting learning rate of group 0 to 1.0000e-02.
Epoch: 149, Train loss: 0.036234012415409085, Validation loss: 0.45558702573776244, Validation accuracy: 0.918
Adjusting learning rate of group 0 to 1.0000e-03.
Epoch: 150, Train loss: 0.0350749291536212, Validation loss: 0.47361609287261963, Validation accuracy: 0.9147
Adjusting learning rate of group 0 to 1.0000e-03.
Epoch: 151, Train loss: 0.022187950739935042, Validation loss: 0.4077759136199951, Validation accuracy: 0.9257
Adjusting learning rate of group 0 to 1.0000e-03.
Epoch: 152, Train loss: 0.017509983814582228, Validation loss: 0.41648507499694826, Validation accuracy: 0.9267
Adjusting learning rate of group 0 to 1.0000e-03.
Epoch: 153, Train loss: 0.014060680282190442, Validation loss: 0.43145806407928466, Validation accuracy: 0.927
Adjusting learning rate of group 0 to 1.0000e-03.
Epoch: 154, Train loss: 0.012342050389647485, Validation loss: 0.44266656465530396, Validation accuracy: 0.9295
Adjusting learning rate of group 0 to 1.0000e-03.
Epoch: 155, Train loss: 0.011284752510040998, Validation loss: 0.4587210337638855, Validation accuracy: 0.9279
Adjusting learning rate of group 0 to 1.0000e-03.
Epoch: 156, Train loss: 0.010972882582694292, Validation loss: 0.4623470097541809, Validation accuracy: 0.9285
Adjusting learning rate of group 0 to 1.0000e-03.
Epoch: 157, Train loss: 0.011903269944004714, Validation loss: 0.455582735824585, Validation accuracy: 0.9298
Adjusting learning rate of group 0 to 1.0000e-03.
Epoch: 158, Train loss: 0.009370357104726135, Validation loss: 0.4716674161911011, Validation accuracy: 0.9303
Adjusting learning rate of group 0 to 1.0000e-03.
Epoch: 159, Train loss: 0.00923661756195128, Validation loss: 0.47822317152023314, Validation accuracy: 0.9291
Adjusting learning rate of group 0 to 1.0000e-03.
Epoch: 160, Train loss: 0.008303896414637565, Validation loss: 0.48747477350234986, Validation accuracy: 0.9294
Adjusting learning rate of group 0 to 1.0000e-03.
Epoch: 161, Train loss: 0.008822512402767315, Validation loss: 0.48635726995468137, Validation accuracy: 0.9296
Adjusting learning rate of group 0 to 1.0000e-03.
Epoch: 162, Train loss: 0.00841765327790752, Validation loss: 0.499458212184906, Validation accuracy: 0.9294
Adjusting learning rate of group 0 to 1.0000e-03.
Epoch: 163, Train loss: 0.008270878703668714, Validation loss: 0.5049002918243408, Validation accuracy: 0.9288
Adjusting learning rate of group 0 to 1.0000e-03.
Epoch: 164, Train loss: 0.007169629771318286, Validation loss: 0.5044928299903869, Validation accuracy: 0.9287
Adjusting learning rate of group 0 to 1.0000e-03.
Epoch: 165, Train loss: 0.007560298394970596, Validation loss: 0.5071997498512268, Validation accuracy: 0.9305
Adjusting learning rate of group 0 to 1.0000e-03.
Epoch: 166, Train loss: 0.0069971041449531915, Validation loss: 0.5144335078239441, Validation accuracy: 0.9296
Adjusting learning rate of group 0 to 1.0000e-03.
Epoch: 167, Train loss: 0.006498295442331582, Validation loss: 0.5203915292739868, Validation accuracy: 0.9296
Adjusting learning rate of group 0 to 1.0000e-03.
Epoch: 168, Train loss: 0.007456556612215936, Validation loss: 0.5295165205955505, Validation accuracy: 0.9294
Adjusting learning rate of group 0 to 1.0000e-03.
Epoch: 169, Train loss: 0.006535806475719437, Validation loss: 0.5307074646949768, Validation accuracy: 0.9294
Adjusting learning rate of group 0 to 1.0000e-03.
Epoch: 170, Train loss: 0.006344330495577305, Validation loss: 0.5384788539886475, Validation accuracy: 0.9301
Adjusting learning rate of group 0 to 1.0000e-03.
Epoch: 171, Train loss: 0.006457524846622255, Validation loss: 0.540303627872467, Validation accuracy: 0.9298
Adjusting learning rate of group 0 to 1.0000e-03.
Epoch: 172, Train loss: 0.006186828262899071, Validation loss: 0.5355643977165222, Validation accuracy: 0.9308
Adjusting learning rate of group 0 to 1.0000e-03.
Epoch: 173, Train loss: 0.006004914166675881, Validation loss: 0.5422441336631775, Validation accuracy: 0.9301
Adjusting learning rate of group 0 to 1.0000e-03.
Epoch: 174, Train loss: 0.005671941993106157, Validation loss: 0.5399568379402161, Validation accuracy: 0.9302
Adjusting learning rate of group 0 to 1.0000e-03.
Epoch: 175, Train loss: 0.005890202466472983, Validation loss: 0.5471212262153625, Validation accuracy: 0.9294
Adjusting learning rate of group 0 to 1.0000e-03.
Epoch: 176, Train loss: 0.005525199280157685, Validation loss: 0.5585207152366638, Validation accuracy: 0.9298
Adjusting learning rate of group 0 to 1.0000e-03.
Epoch: 177, Train loss: 0.0060576591094769535, Validation loss: 0.5660394425392151, Validation accuracy: 0.9288
Adjusting learning rate of group 0 to 1.0000e-03.
Epoch: 178, Train loss: 0.005943968119937927, Validation loss: 0.5599701597213745, Validation accuracy: 0.9278
Adjusting learning rate of group 0 to 1.0000e-03.
Epoch: 179, Train loss: 0.004796546378750354, Validation loss: 0.5663180258750915, Validation accuracy: 0.9289
Adjusting learning rate of group 0 to 1.0000e-03.
Epoch: 180, Train loss: 0.005306260662097484, Validation loss: 0.5637209092140197, Validation accuracy: 0.9292
Adjusting learning rate of group 0 to 1.0000e-03.
Epoch: 181, Train loss: 0.005650616997694597, Validation loss: 0.5692383474349976, Validation accuracy: 0.9295
Adjusting learning rate of group 0 to 1.0000e-03.
Epoch: 182, Train loss: 0.005571594559205696, Validation loss: 0.5691490510940552, Validation accuracy: 0.93
Adjusting learning rate of group 0 to 1.0000e-03.
Epoch: 183, Train loss: 0.005604856113316491, Validation loss: 0.5773849565505982, Validation accuracy: 0.9285
Adjusting learning rate of group 0 to 1.0000e-03.
Epoch: 184, Train loss: 0.005077694799415767, Validation loss: 0.5744363179206848, Validation accuracy: 0.9284
Adjusting learning rate of group 0 to 1.0000e-03.
Epoch: 185, Train loss: 0.004680839476911351, Validation loss: 0.5764569039344788, Validation accuracy: 0.9284
Adjusting learning rate of group 0 to 1.0000e-03.
Epoch: 186, Train loss: 0.004750210561808198, Validation loss: 0.5827003413200379, Validation accuracy: 0.9278
Adjusting learning rate of group 0 to 1.0000e-03.
Epoch: 187, Train loss: 0.004325224733420182, Validation loss: 0.587478320980072, Validation accuracy: 0.929
Adjusting learning rate of group 0 to 1.0000e-03.
Epoch: 188, Train loss: 0.004971456970474682, Validation loss: 0.5883890344619751, Validation accuracy: 0.9294
Adjusting learning rate of group 0 to 1.0000e-03.
Epoch: 189, Train loss: 0.004935114888306707, Validation loss: 0.5733163072586059, Validation accuracy: 0.9288
Adjusting learning rate of group 0 to 1.0000e-03.
Epoch: 190, Train loss: 0.004205648275411222, Validation loss: 0.5742976049423217, Validation accuracy: 0.9295
Adjusting learning rate of group 0 to 1.0000e-03.
Epoch: 191, Train loss: 0.0048016607332788406, Validation loss: 0.5806825114250183, Validation accuracy: 0.9302
Adjusting learning rate of group 0 to 1.0000e-03.
Epoch: 192, Train loss: 0.0049709356208518145, Validation loss: 0.5743358166694641, Validation accuracy: 0.9304
Adjusting learning rate of group 0 to 1.0000e-03.
Epoch: 193, Train loss: 0.003390366697777063, Validation loss: 0.5986582578659058, Validation accuracy: 0.9282
Adjusting learning rate of group 0 to 1.0000e-03.
Epoch: 194, Train loss: 0.004071277607874945, Validation loss: 0.5920042064666748, Validation accuracy: 0.9296
Adjusting learning rate of group 0 to 1.0000e-03.
Epoch: 195, Train loss: 0.004143787419318687, Validation loss: 0.5975807963371277, Validation accuracy: 0.9287
Adjusting learning rate of group 0 to 1.0000e-03.
Epoch: 196, Train loss: 0.00448410438652616, Validation loss: 0.600644535446167, Validation accuracy: 0.9286
Adjusting learning rate of group 0 to 1.0000e-03.
Epoch: 197, Train loss: 0.004640088090384379, Validation loss: 0.5995525428771973, Validation accuracy: 0.9286
Adjusting learning rate of group 0 to 1.0000e-03.
Epoch: 198, Train loss: 0.003826317165740766, Validation loss: 0.6103838333129883, Validation accuracy: 0.9292
Adjusting learning rate of group 0 to 1.0000e-03.
Epoch: 199, Train loss: 0.00409872279636329, Validation loss: 0.6016172172546387, Validation accuracy: 0.9291
Accuracy: 0.9291, Parameters: 770
