['ResNet-train.py', '--network', 'resnet', '--classifier', 'full', '--tensorization', '2', '2', '2', '2', '2', '2', '2', '2', '2', '2', '2', '2', '--ranks', '[[2, 1, 1, 1, 2, 1, 1, 1, 1, 1, 1, 1, 1], [1, 2, 1, 1, 1, 1, 1, 1, 1, 1, 1, 1, 1], [1, 1, 2, 1, 1, 1, 1, 1, 1, 1, 1, 1, 1], [1, 1, 1, 2, 1, 1, 1, 1, 1, 1, 1, 1, 2], [2, 1, 1, 1, 2, 2, 1, 1, 1, 1, 1, 1, 2], [1, 1, 1, 1, 2, 2, 1, 1, 1, 1, 1, 1, 1], [1, 1, 1, 1, 1, 1, 2, 1, 1, 1, 1, 1, 1], [1, 1, 1, 1, 1, 1, 1, 2, 1, 1, 1, 1, 1], [1, 1, 1, 1, 1, 1, 1, 1, 2, 1, 1, 1, 1], [1, 1, 1, 1, 1, 1, 1, 1, 1, 2, 1, 1, 1], [1, 1, 1, 1, 1, 1, 1, 1, 1, 1, 2, 1, 1], [1, 1, 1, 1, 1, 1, 1, 1, 1, 1, 1, 2, 1], [1, 1, 1, 2, 2, 1, 1, 1, 1, 1, 1, 1, 10]]', '--seed', '5', '--device', 'cuda:2']
Initializing dataloader
Files already downloaded and verified
Files already downloaded and verified
Dataloader has initialized
Initializing model
Adjusting learning rate of group 0 to 1.0000e-02.
Model initialized
Testing model
Tests passed
Adjusting learning rate of group 0 to 2.0000e-02.
Epoch: 0, Train loss: 2.0422842304992677, Validation loss: 1.6838131587982177, Validation accuracy: 0.3783
Adjusting learning rate of group 0 to 3.0000e-02.
Epoch: 1, Train loss: 1.5274674312973022, Validation loss: 1.2928505025863648, Validation accuracy: 0.5422
Adjusting learning rate of group 0 to 4.0000e-02.
Epoch: 2, Train loss: 1.2473154977416991, Validation loss: 1.2111085430145263, Validation accuracy: 0.5578
Adjusting learning rate of group 0 to 5.0000e-02.
Epoch: 3, Train loss: 1.070189822368622, Validation loss: 1.0761071858406066, Validation accuracy: 0.641
Adjusting learning rate of group 0 to 6.0000e-02.
Epoch: 4, Train loss: 0.9447497062301635, Validation loss: 1.6107638025283812, Validation accuracy: 0.5615
Adjusting learning rate of group 0 to 7.0000e-02.
Epoch: 5, Train loss: 0.8802676127243042, Validation loss: 0.9480478904724121, Validation accuracy: 0.6955
Adjusting learning rate of group 0 to 8.0000e-02.
Epoch: 6, Train loss: 0.8312217818641663, Validation loss: 1.1673136165618896, Validation accuracy: 0.6499
Adjusting learning rate of group 0 to 9.0000e-02.
Epoch: 7, Train loss: 0.79854824136734, Validation loss: 1.0456183530807495, Validation accuracy: 0.6788
Adjusting learning rate of group 0 to 1.0000e-01.
Epoch: 8, Train loss: 0.7861310084915161, Validation loss: 0.7311421550750733, Validation accuracy: 0.7599
Adjusting learning rate of group 0 to 1.0000e-01.
Epoch: 9, Train loss: 0.7673696337127686, Validation loss: 0.7478867053031921, Validation accuracy: 0.7529
Adjusting learning rate of group 0 to 1.0000e-01.
Epoch: 10, Train loss: 0.721273749370575, Validation loss: 1.2782616888046265, Validation accuracy: 0.7526
Adjusting learning rate of group 0 to 1.0000e-01.
Epoch: 11, Train loss: 0.7308516283035278, Validation loss: 1.0191714120864868, Validation accuracy: 0.7265
Adjusting learning rate of group 0 to 1.0000e-01.
Epoch: 12, Train loss: 0.8015128475189209, Validation loss: 1.0575123211860658, Validation accuracy: 0.6492
Adjusting learning rate of group 0 to 1.0000e-01.
Epoch: 13, Train loss: 0.6818744325065613, Validation loss: 1.2917818801879883, Validation accuracy: 0.7667
Adjusting learning rate of group 0 to 1.0000e-01.
Epoch: 14, Train loss: 0.6079376601219177, Validation loss: 0.623443331336975, Validation accuracy: 0.7911
Adjusting learning rate of group 0 to 1.0000e-01.
Epoch: 15, Train loss: 0.6747720652770997, Validation loss: 0.6918539295196533, Validation accuracy: 0.7702
Adjusting learning rate of group 0 to 1.0000e-01.
Epoch: 16, Train loss: 0.5972901150894165, Validation loss: 0.6814062460899353, Validation accuracy: 0.7893
Adjusting learning rate of group 0 to 1.0000e-01.
Epoch: 17, Train loss: 0.6085916390800477, Validation loss: 0.6188385021209717, Validation accuracy: 0.8116
Adjusting learning rate of group 0 to 1.0000e-01.
Epoch: 18, Train loss: 0.5760474632263184, Validation loss: 0.7223355033874511, Validation accuracy: 0.7744
Adjusting learning rate of group 0 to 1.0000e-01.
Epoch: 19, Train loss: 0.5951496914291382, Validation loss: 0.7626440195083618, Validation accuracy: 0.7837
Adjusting learning rate of group 0 to 1.0000e-01.
Epoch: 20, Train loss: 0.5595585806655884, Validation loss: 0.6773855985641479, Validation accuracy: 0.7992
Adjusting learning rate of group 0 to 1.0000e-01.
Epoch: 21, Train loss: 0.55687712474823, Validation loss: 0.7046539843559265, Validation accuracy: 0.7745
Adjusting learning rate of group 0 to 1.0000e-01.
Epoch: 22, Train loss: 0.55183810754776, Validation loss: 0.6615265235900879, Validation accuracy: 0.7802
Adjusting learning rate of group 0 to 1.0000e-01.
Epoch: 23, Train loss: 0.5274316380500793, Validation loss: 1.2166717895507813, Validation accuracy: 0.7412
Adjusting learning rate of group 0 to 1.0000e-01.
Epoch: 24, Train loss: 0.5126227869033814, Validation loss: 1.0118686955451965, Validation accuracy: 0.7099
Adjusting learning rate of group 0 to 1.0000e-01.
Epoch: 25, Train loss: 0.5798855079841614, Validation loss: 0.7357843717575073, Validation accuracy: 0.7618
Adjusting learning rate of group 0 to 1.0000e-01.
Epoch: 26, Train loss: 0.5517781018829345, Validation loss: 0.9443596259117126, Validation accuracy: 0.6942
Adjusting learning rate of group 0 to 1.0000e-01.
Epoch: 27, Train loss: 0.48653783487319946, Validation loss: 0.6051013247489929, Validation accuracy: 0.8192
Adjusting learning rate of group 0 to 1.0000e-01.
Epoch: 28, Train loss: 0.5026399115943909, Validation loss: 0.6317961522102356, Validation accuracy: 0.8149
Adjusting learning rate of group 0 to 1.0000e-01.
Epoch: 29, Train loss: 0.4910784533500671, Validation loss: 0.7039404964447021, Validation accuracy: 0.8021
Adjusting learning rate of group 0 to 1.0000e-01.
Epoch: 30, Train loss: 0.4809601799297333, Validation loss: 0.48580364408493043, Validation accuracy: 0.8529
Adjusting learning rate of group 0 to 1.0000e-01.
Epoch: 31, Train loss: 0.532628648815155, Validation loss: 0.7490514056205749, Validation accuracy: 0.801
Adjusting learning rate of group 0 to 1.0000e-01.
Epoch: 32, Train loss: 0.49736624861717227, Validation loss: 0.5791777626037597, Validation accuracy: 0.8139
Adjusting learning rate of group 0 to 1.0000e-01.
Epoch: 33, Train loss: 0.4940781464958191, Validation loss: 0.6377535108566285, Validation accuracy: 0.8282
Adjusting learning rate of group 0 to 1.0000e-01.
Epoch: 34, Train loss: 0.5177288834381103, Validation loss: 0.7308087668418884, Validation accuracy: 0.7806
Adjusting learning rate of group 0 to 1.0000e-01.
Epoch: 35, Train loss: 0.48194376430511476, Validation loss: 0.602045503616333, Validation accuracy: 0.8212
Adjusting learning rate of group 0 to 1.0000e-01.
Epoch: 36, Train loss: 0.5017164485645295, Validation loss: 0.8451413468360901, Validation accuracy: 0.7971
Adjusting learning rate of group 0 to 1.0000e-01.
Epoch: 37, Train loss: 0.4849444754600525, Validation loss: 0.7214267278671265, Validation accuracy: 0.7927
Adjusting learning rate of group 0 to 1.0000e-01.
Epoch: 38, Train loss: 0.4917588368415832, Validation loss: 0.4924797187805176, Validation accuracy: 0.841
Adjusting learning rate of group 0 to 1.0000e-01.
Epoch: 39, Train loss: 0.4716017441940308, Validation loss: 0.5591219037055969, Validation accuracy: 0.8156
Adjusting learning rate of group 0 to 1.0000e-01.
Epoch: 40, Train loss: 0.458512140045166, Validation loss: 0.8715108295440673, Validation accuracy: 0.7795
Adjusting learning rate of group 0 to 1.0000e-01.
Epoch: 41, Train loss: 0.5265731747436524, Validation loss: 0.5878168120861054, Validation accuracy: 0.8247
Adjusting learning rate of group 0 to 1.0000e-01.
Epoch: 42, Train loss: 0.45539236721038817, Validation loss: 0.6568163595199585, Validation accuracy: 0.8029
Adjusting learning rate of group 0 to 1.0000e-01.
Epoch: 43, Train loss: 0.4725670499801636, Validation loss: 0.606241954088211, Validation accuracy: 0.8376
Adjusting learning rate of group 0 to 1.0000e-01.
Epoch: 44, Train loss: 0.44758809896469115, Validation loss: 0.5019257138729095, Validation accuracy: 0.8392
Adjusting learning rate of group 0 to 1.0000e-01.
Epoch: 45, Train loss: 0.44471776844978333, Validation loss: 0.5805826449394226, Validation accuracy: 0.8155
Adjusting learning rate of group 0 to 1.0000e-01.
Epoch: 46, Train loss: 0.4584377192115784, Validation loss: 0.7464432315826416, Validation accuracy: 0.7664
Adjusting learning rate of group 0 to 1.0000e-01.
Epoch: 47, Train loss: 0.44348730667114256, Validation loss: 0.6840848761558532, Validation accuracy: 0.8322
Adjusting learning rate of group 0 to 1.0000e-01.
Epoch: 48, Train loss: 0.48538264223098754, Validation loss: 0.5543548860549927, Validation accuracy: 0.8294
Adjusting learning rate of group 0 to 1.0000e-01.
Epoch: 49, Train loss: 0.4350001210212707, Validation loss: 0.6126563810348511, Validation accuracy: 0.8065
Adjusting learning rate of group 0 to 1.0000e-01.
Epoch: 50, Train loss: 0.44456229864120483, Validation loss: 0.6115303371429444, Validation accuracy: 0.8432
Adjusting learning rate of group 0 to 1.0000e-01.
Epoch: 51, Train loss: 0.4215874797821045, Validation loss: 0.4656981449127197, Validation accuracy: 0.853
Adjusting learning rate of group 0 to 1.0000e-01.
Epoch: 52, Train loss: 0.4445973145580292, Validation loss: 0.47504372901916503, Validation accuracy: 0.8518
Adjusting learning rate of group 0 to 1.0000e-01.
Epoch: 53, Train loss: 0.42555637509346006, Validation loss: 0.6172842579841614, Validation accuracy: 0.8137
Adjusting learning rate of group 0 to 1.0000e-01.
Epoch: 54, Train loss: 0.4430364253139496, Validation loss: 0.540193368434906, Validation accuracy: 0.8359
Adjusting learning rate of group 0 to 1.0000e-01.
Epoch: 55, Train loss: 0.46502030626297, Validation loss: 0.5559267436981201, Validation accuracy: 0.8322
Adjusting learning rate of group 0 to 1.0000e-01.
Epoch: 56, Train loss: 0.43560726697921753, Validation loss: 0.563045154762268, Validation accuracy: 0.8163
Adjusting learning rate of group 0 to 1.0000e-01.
Epoch: 57, Train loss: 0.4137034556007385, Validation loss: 0.6332481769561767, Validation accuracy: 0.8125
Adjusting learning rate of group 0 to 1.0000e-01.
Epoch: 58, Train loss: 0.43266638048171996, Validation loss: 0.5923629759788513, Validation accuracy: 0.8101
Adjusting learning rate of group 0 to 1.0000e-01.
Epoch: 59, Train loss: 0.4468265352535248, Validation loss: 0.5847019174575806, Validation accuracy: 0.8298
Adjusting learning rate of group 0 to 1.0000e-01.
Epoch: 60, Train loss: 0.4150929099655151, Validation loss: 0.6788066617965698, Validation accuracy: 0.7883
Adjusting learning rate of group 0 to 1.0000e-01.
Epoch: 61, Train loss: 0.44255379108428955, Validation loss: 0.5632650391578674, Validation accuracy: 0.8232
Adjusting learning rate of group 0 to 1.0000e-01.
Epoch: 62, Train loss: 0.42063623359680175, Validation loss: 0.5391259972572326, Validation accuracy: 0.8256
Adjusting learning rate of group 0 to 1.0000e-01.
Epoch: 63, Train loss: 0.41016169576644895, Validation loss: 0.5440115489959717, Validation accuracy: 0.8359
Adjusting learning rate of group 0 to 1.0000e-01.
Epoch: 64, Train loss: 0.424143760433197, Validation loss: 0.5852482442855835, Validation accuracy: 0.8156
Adjusting learning rate of group 0 to 1.0000e-01.
Epoch: 65, Train loss: 0.4510492948913574, Validation loss: 1.7990639797210692, Validation accuracy: 0.6383
Adjusting learning rate of group 0 to 1.0000e-01.
Epoch: 66, Train loss: 0.44941829822540286, Validation loss: 0.6811816291809082, Validation accuracy: 0.8297
Adjusting learning rate of group 0 to 1.0000e-01.
Epoch: 67, Train loss: 0.43657737398147584, Validation loss: 0.48267897377014163, Validation accuracy: 0.841
Adjusting learning rate of group 0 to 1.0000e-01.
Epoch: 68, Train loss: 0.4068227025604248, Validation loss: 0.4641154685974121, Validation accuracy: 0.8547
Adjusting learning rate of group 0 to 1.0000e-01.
Epoch: 69, Train loss: 0.3923997605800629, Validation loss: 0.4574117524147034, Validation accuracy: 0.8561
Adjusting learning rate of group 0 to 1.0000e-01.
Epoch: 70, Train loss: 0.4660148465824127, Validation loss: 0.5268048101425171, Validation accuracy: 0.8475
Adjusting learning rate of group 0 to 1.0000e-01.
Epoch: 71, Train loss: 0.43286752672195433, Validation loss: 0.46978585238456727, Validation accuracy: 0.854
Adjusting learning rate of group 0 to 1.0000e-01.
Epoch: 72, Train loss: 0.3970500821876526, Validation loss: 0.4828432898521423, Validation accuracy: 0.8421
Adjusting learning rate of group 0 to 1.0000e-01.
Epoch: 73, Train loss: 0.4255092745399475, Validation loss: 1.0020596328735352, Validation accuracy: 0.832
Adjusting learning rate of group 0 to 1.0000e-01.
Epoch: 74, Train loss: 0.41696977993011475, Validation loss: 0.8184395874977112, Validation accuracy: 0.7629
Adjusting learning rate of group 0 to 1.0000e-01.
Epoch: 75, Train loss: 0.41503791063308715, Validation loss: 0.6952954300880432, Validation accuracy: 0.8063
Adjusting learning rate of group 0 to 1.0000e-01.
Epoch: 76, Train loss: 0.4138449821472168, Validation loss: 0.648225469493866, Validation accuracy: 0.7974
Adjusting learning rate of group 0 to 1.0000e-01.
Epoch: 77, Train loss: 0.4218496065425873, Validation loss: 0.4839583611965179, Validation accuracy: 0.8534
Adjusting learning rate of group 0 to 1.0000e-01.
Epoch: 78, Train loss: 0.4021429472351074, Validation loss: 0.47738158712387085, Validation accuracy: 0.8569
Adjusting learning rate of group 0 to 1.0000e-01.
Epoch: 79, Train loss: 0.38897444200515746, Validation loss: 0.5744869324684143, Validation accuracy: 0.8105
Adjusting learning rate of group 0 to 1.0000e-01.
Epoch: 80, Train loss: 0.41154156938552855, Validation loss: 0.6131636168479919, Validation accuracy: 0.83
Adjusting learning rate of group 0 to 1.0000e-01.
Epoch: 81, Train loss: 0.4286896676445007, Validation loss: 0.4544169795036316, Validation accuracy: 0.8546
Adjusting learning rate of group 0 to 1.0000e-01.
Epoch: 82, Train loss: 0.39434819398880006, Validation loss: 0.8440305644989013, Validation accuracy: 0.7851
Adjusting learning rate of group 0 to 1.0000e-01.
Epoch: 83, Train loss: 0.39289089796066284, Validation loss: 0.4798941340446472, Validation accuracy: 0.8442
Adjusting learning rate of group 0 to 1.0000e-01.
Epoch: 84, Train loss: 0.381547580537796, Validation loss: 0.6302133706092834, Validation accuracy: 0.8363
Adjusting learning rate of group 0 to 1.0000e-01.
Epoch: 85, Train loss: 0.4312539470672607, Validation loss: 0.6492595089912414, Validation accuracy: 0.8125
Adjusting learning rate of group 0 to 1.0000e-01.
Epoch: 86, Train loss: 0.39089033246040344, Validation loss: 0.5210870503425599, Validation accuracy: 0.8458
Adjusting learning rate of group 0 to 1.0000e-01.
Epoch: 87, Train loss: 0.40923172658920287, Validation loss: 0.7506992172241211, Validation accuracy: 0.8229
Adjusting learning rate of group 0 to 1.0000e-01.
Epoch: 88, Train loss: 0.4064830483341217, Validation loss: 0.6817856307029724, Validation accuracy: 0.8095
Adjusting learning rate of group 0 to 1.0000e-01.
Epoch: 89, Train loss: 0.4012065607261658, Validation loss: 0.6063304762840271, Validation accuracy: 0.8088
Adjusting learning rate of group 0 to 1.0000e-01.
Epoch: 90, Train loss: 0.4088690903568268, Validation loss: 0.5601872903823852, Validation accuracy: 0.823
Adjusting learning rate of group 0 to 1.0000e-01.
Epoch: 91, Train loss: 0.39398238929748536, Validation loss: 0.5049971698284149, Validation accuracy: 0.8508
Adjusting learning rate of group 0 to 1.0000e-01.
Epoch: 92, Train loss: 0.3998048889541626, Validation loss: 0.491807919383049, Validation accuracy: 0.8427
Adjusting learning rate of group 0 to 1.0000e-01.
Epoch: 93, Train loss: 0.3815010077095032, Validation loss: 0.5897471338272094, Validation accuracy: 0.8116
Adjusting learning rate of group 0 to 1.0000e-01.
Epoch: 94, Train loss: 0.4024073465633392, Validation loss: 0.44923634252548217, Validation accuracy: 0.8486
Adjusting learning rate of group 0 to 1.0000e-01.
Epoch: 95, Train loss: 0.38123778436660766, Validation loss: 0.4921011073112488, Validation accuracy: 0.8465
Adjusting learning rate of group 0 to 1.0000e-01.
Epoch: 96, Train loss: 0.39680121970176696, Validation loss: 0.7151727613449097, Validation accuracy: 0.8253
Adjusting learning rate of group 0 to 1.0000e-01.
Epoch: 97, Train loss: 0.3871472401618958, Validation loss: 0.7189330535888672, Validation accuracy: 0.8634
Adjusting learning rate of group 0 to 1.0000e-01.
Epoch: 98, Train loss: 0.4231506592655182, Validation loss: 0.5259434368133545, Validation accuracy: 0.8351
Adjusting learning rate of group 0 to 1.0000e-01.
Epoch: 99, Train loss: 0.3970170063209534, Validation loss: 0.5342429055213929, Validation accuracy: 0.857
Adjusting learning rate of group 0 to 1.0000e-02.
Epoch: 100, Train loss: 0.3935394410991669, Validation loss: 0.5485479821205139, Validation accuracy: 0.8376
Adjusting learning rate of group 0 to 1.0000e-02.
Epoch: 101, Train loss: 0.2273300479412079, Validation loss: 0.2939500074386597, Validation accuracy: 0.9069
Adjusting learning rate of group 0 to 1.0000e-02.
Epoch: 102, Train loss: 0.18355128880500793, Validation loss: 0.30569628839492796, Validation accuracy: 0.908
Adjusting learning rate of group 0 to 1.0000e-02.
Epoch: 103, Train loss: 0.1648752434873581, Validation loss: 0.2814345688343048, Validation accuracy: 0.9126
Adjusting learning rate of group 0 to 1.0000e-02.
Epoch: 104, Train loss: 0.1544826929664612, Validation loss: 0.27658390393257143, Validation accuracy: 0.9156
Adjusting learning rate of group 0 to 1.0000e-02.
Epoch: 105, Train loss: 0.14839429089546205, Validation loss: 0.30153507652282713, Validation accuracy: 0.917
Adjusting learning rate of group 0 to 1.0000e-02.
Epoch: 106, Train loss: 0.14016211668491363, Validation loss: 0.2953492257118225, Validation accuracy: 0.9174
Adjusting learning rate of group 0 to 1.0000e-02.
Epoch: 107, Train loss: 0.13386954503059387, Validation loss: 0.314717510509491, Validation accuracy: 0.9151
Adjusting learning rate of group 0 to 1.0000e-02.
Epoch: 108, Train loss: 0.1282825875544548, Validation loss: 0.31557453622817994, Validation accuracy: 0.9175
Adjusting learning rate of group 0 to 1.0000e-02.
Epoch: 109, Train loss: 0.12227376157283783, Validation loss: 0.31052422099113464, Validation accuracy: 0.92
Adjusting learning rate of group 0 to 1.0000e-02.
Epoch: 110, Train loss: 0.11950591285467148, Validation loss: 0.2934781368255615, Validation accuracy: 0.9171
Adjusting learning rate of group 0 to 1.0000e-02.
Epoch: 111, Train loss: 0.11282448091506958, Validation loss: 0.3100461275100708, Validation accuracy: 0.9193
Adjusting learning rate of group 0 to 1.0000e-02.
Epoch: 112, Train loss: 0.10960966668844223, Validation loss: 0.32762445669174195, Validation accuracy: 0.9168
Adjusting learning rate of group 0 to 1.0000e-02.
Epoch: 113, Train loss: 0.10723284424304962, Validation loss: 0.31599418420791625, Validation accuracy: 0.9191
Adjusting learning rate of group 0 to 1.0000e-02.
Epoch: 114, Train loss: 0.10396759813308716, Validation loss: 0.29730592613220214, Validation accuracy: 0.9205
Adjusting learning rate of group 0 to 1.0000e-02.
Epoch: 115, Train loss: 0.09748172051429749, Validation loss: 0.323952863740921, Validation accuracy: 0.9173
Adjusting learning rate of group 0 to 1.0000e-02.
Epoch: 116, Train loss: 0.09550577853679657, Validation loss: 0.385972074508667, Validation accuracy: 0.9181
Adjusting learning rate of group 0 to 1.0000e-02.
Epoch: 117, Train loss: 0.09036000594139099, Validation loss: 0.34331935300827027, Validation accuracy: 0.9177
Adjusting learning rate of group 0 to 1.0000e-02.
Epoch: 118, Train loss: 0.09145990894317627, Validation loss: 0.3619954119682312, Validation accuracy: 0.9169
Adjusting learning rate of group 0 to 1.0000e-02.
Epoch: 119, Train loss: 0.08876298499703407, Validation loss: 0.3506082413673401, Validation accuracy: 0.9203
Adjusting learning rate of group 0 to 1.0000e-02.
Epoch: 120, Train loss: 0.08742033981919288, Validation loss: 0.32347289772033694, Validation accuracy: 0.9173
Adjusting learning rate of group 0 to 1.0000e-02.
Epoch: 121, Train loss: 0.0833179285812378, Validation loss: 0.34480644025802615, Validation accuracy: 0.9173
Adjusting learning rate of group 0 to 1.0000e-02.
Epoch: 122, Train loss: 0.0838048286998272, Validation loss: 0.35954982924461365, Validation accuracy: 0.9209
Adjusting learning rate of group 0 to 1.0000e-02.
Epoch: 123, Train loss: 0.08217518115282059, Validation loss: 0.3837459503173828, Validation accuracy: 0.9213
Adjusting learning rate of group 0 to 1.0000e-02.
Epoch: 124, Train loss: 0.07893540519237519, Validation loss: 0.35878425550460813, Validation accuracy: 0.9198
Adjusting learning rate of group 0 to 1.0000e-02.
Epoch: 125, Train loss: 0.07595329345345497, Validation loss: 0.35358809061050417, Validation accuracy: 0.9179
Adjusting learning rate of group 0 to 1.0000e-02.
Epoch: 126, Train loss: 0.07240920765399933, Validation loss: 0.38460713291168214, Validation accuracy: 0.9187
Adjusting learning rate of group 0 to 1.0000e-02.
Epoch: 127, Train loss: 0.07492201978594065, Validation loss: 0.3903295660972595, Validation accuracy: 0.9208
Adjusting learning rate of group 0 to 1.0000e-02.
Epoch: 128, Train loss: 0.07206256911754608, Validation loss: 0.37564349994659424, Validation accuracy: 0.9211
Adjusting learning rate of group 0 to 1.0000e-02.
Epoch: 129, Train loss: 0.06898302260875702, Validation loss: 0.41591183280944827, Validation accuracy: 0.9157
Adjusting learning rate of group 0 to 1.0000e-02.
Epoch: 130, Train loss: 0.07265384519577027, Validation loss: 0.38815025033950806, Validation accuracy: 0.9175
Adjusting learning rate of group 0 to 1.0000e-02.
Epoch: 131, Train loss: 0.06831638267874718, Validation loss: 0.3756112048149109, Validation accuracy: 0.9195
Adjusting learning rate of group 0 to 1.0000e-02.
Epoch: 132, Train loss: 0.06667349278450012, Validation loss: 0.4313467237472534, Validation accuracy: 0.9155
Adjusting learning rate of group 0 to 1.0000e-02.
Epoch: 133, Train loss: 0.06869816406130791, Validation loss: 0.4004157561302185, Validation accuracy: 0.9176
Adjusting learning rate of group 0 to 1.0000e-02.
Epoch: 134, Train loss: 0.06734446417331695, Validation loss: 0.40324422597885135, Validation accuracy: 0.9155
Adjusting learning rate of group 0 to 1.0000e-02.
Epoch: 135, Train loss: 0.06683571158528329, Validation loss: 0.42609694757461547, Validation accuracy: 0.9156
Adjusting learning rate of group 0 to 1.0000e-02.
Epoch: 136, Train loss: 0.06345221968650817, Validation loss: 0.43957980995178225, Validation accuracy: 0.9194
Adjusting learning rate of group 0 to 1.0000e-02.
Epoch: 137, Train loss: 0.06632958388209342, Validation loss: 0.38391669125556943, Validation accuracy: 0.9187
Adjusting learning rate of group 0 to 1.0000e-02.
Epoch: 138, Train loss: 0.06517752214193344, Validation loss: 0.45124138612747194, Validation accuracy: 0.9168
Adjusting learning rate of group 0 to 1.0000e-02.
Epoch: 139, Train loss: 0.06233774224996567, Validation loss: 0.44772146968841553, Validation accuracy: 0.9192
Adjusting learning rate of group 0 to 1.0000e-02.
Epoch: 140, Train loss: 0.062187486317157745, Validation loss: 0.4208015948295593, Validation accuracy: 0.9165
Adjusting learning rate of group 0 to 1.0000e-02.
Epoch: 141, Train loss: 0.0630574211525917, Validation loss: 0.3953261673927307, Validation accuracy: 0.9145
Adjusting learning rate of group 0 to 1.0000e-02.
Epoch: 142, Train loss: 0.0637166434955597, Validation loss: 0.4649408255577087, Validation accuracy: 0.9137
Adjusting learning rate of group 0 to 1.0000e-02.
Epoch: 143, Train loss: 0.06536266126871108, Validation loss: 0.37711300535202025, Validation accuracy: 0.9213
Adjusting learning rate of group 0 to 1.0000e-02.
Epoch: 144, Train loss: 0.06365210551500321, Validation loss: 0.5294399993896485, Validation accuracy: 0.9138
Adjusting learning rate of group 0 to 1.0000e-02.
Epoch: 145, Train loss: 0.061470294056534765, Validation loss: 0.439377379989624, Validation accuracy: 0.9137
Adjusting learning rate of group 0 to 1.0000e-02.
Epoch: 146, Train loss: 0.060716193998456, Validation loss: 0.42829931240081787, Validation accuracy: 0.9172
Adjusting learning rate of group 0 to 1.0000e-02.
Epoch: 147, Train loss: 0.06277821633577346, Validation loss: 0.4424132112503052, Validation accuracy: 0.9187
Adjusting learning rate of group 0 to 1.0000e-02.
Epoch: 148, Train loss: 0.06011810199975967, Validation loss: 0.4360260049819946, Validation accuracy: 0.9147
Adjusting learning rate of group 0 to 1.0000e-02.
Epoch: 149, Train loss: 0.061045852438211444, Validation loss: 0.4766983960151672, Validation accuracy: 0.9148
Adjusting learning rate of group 0 to 1.0000e-03.
Epoch: 150, Train loss: 0.05913361332535744, Validation loss: 0.4188994435787201, Validation accuracy: 0.9188
Adjusting learning rate of group 0 to 1.0000e-03.
Epoch: 151, Train loss: 0.04302309568941593, Validation loss: 0.44662831468582154, Validation accuracy: 0.9223
Adjusting learning rate of group 0 to 1.0000e-03.
Epoch: 152, Train loss: 0.032089947721660135, Validation loss: 0.46368024597167967, Validation accuracy: 0.9232
Adjusting learning rate of group 0 to 1.0000e-03.
Epoch: 153, Train loss: 0.029384159143567085, Validation loss: 0.4891722496032715, Validation accuracy: 0.9247
Adjusting learning rate of group 0 to 1.0000e-03.
Epoch: 154, Train loss: 0.024944272402375938, Validation loss: 0.5247890668869019, Validation accuracy: 0.9245
Adjusting learning rate of group 0 to 1.0000e-03.
Epoch: 155, Train loss: 0.024141217096596956, Validation loss: 0.5217026357650757, Validation accuracy: 0.9246
Adjusting learning rate of group 0 to 1.0000e-03.
Epoch: 156, Train loss: 0.02232868463218212, Validation loss: 0.5365788381576538, Validation accuracy: 0.9244
Adjusting learning rate of group 0 to 1.0000e-03.
Epoch: 157, Train loss: 0.02044193434640765, Validation loss: 0.5454585483551025, Validation accuracy: 0.924
Adjusting learning rate of group 0 to 1.0000e-03.
Epoch: 158, Train loss: 0.021719382281787693, Validation loss: 0.536353639793396, Validation accuracy: 0.9239
Adjusting learning rate of group 0 to 1.0000e-03.
Epoch: 159, Train loss: 0.020301263229474426, Validation loss: 0.5431433330535889, Validation accuracy: 0.9238
Adjusting learning rate of group 0 to 1.0000e-03.
Epoch: 160, Train loss: 0.020597910677343605, Validation loss: 0.5521169755935669, Validation accuracy: 0.9246
Adjusting learning rate of group 0 to 1.0000e-03.
Epoch: 161, Train loss: 0.01923237244360149, Validation loss: 0.5523812692642212, Validation accuracy: 0.9231
Adjusting learning rate of group 0 to 1.0000e-03.
Epoch: 162, Train loss: 0.01852025747396052, Validation loss: 0.5760712781906128, Validation accuracy: 0.9227
Adjusting learning rate of group 0 to 1.0000e-03.
Epoch: 163, Train loss: 0.018295166398063303, Validation loss: 0.5777993857383728, Validation accuracy: 0.9222
Adjusting learning rate of group 0 to 1.0000e-03.
Epoch: 164, Train loss: 0.0175513475997746, Validation loss: 0.5840251138687134, Validation accuracy: 0.9236
Adjusting learning rate of group 0 to 1.0000e-03.
Epoch: 165, Train loss: 0.017296863690763713, Validation loss: 0.5768691627502441, Validation accuracy: 0.9248
Adjusting learning rate of group 0 to 1.0000e-03.
Epoch: 166, Train loss: 0.015693905906826257, Validation loss: 0.5942057258605957, Validation accuracy: 0.9258
Adjusting learning rate of group 0 to 1.0000e-03.
Epoch: 167, Train loss: 0.016412163514383137, Validation loss: 0.5899073888778686, Validation accuracy: 0.9252
Adjusting learning rate of group 0 to 1.0000e-03.
Epoch: 168, Train loss: 0.01713820337459445, Validation loss: 0.5712275094985962, Validation accuracy: 0.9249
Adjusting learning rate of group 0 to 1.0000e-03.
Epoch: 169, Train loss: 0.014229109902083873, Validation loss: 0.6086703401565552, Validation accuracy: 0.9237
Adjusting learning rate of group 0 to 1.0000e-03.
Epoch: 170, Train loss: 0.015598191646467894, Validation loss: 0.5946167462348938, Validation accuracy: 0.9235
Adjusting learning rate of group 0 to 1.0000e-03.
Epoch: 171, Train loss: 0.01542756502494216, Validation loss: 0.6050885398864746, Validation accuracy: 0.9244
Adjusting learning rate of group 0 to 1.0000e-03.
Epoch: 172, Train loss: 0.014936194510795177, Validation loss: 0.6081488203048706, Validation accuracy: 0.9235
Adjusting learning rate of group 0 to 1.0000e-03.
Epoch: 173, Train loss: 0.012717863718308508, Validation loss: 0.6393214622497558, Validation accuracy: 0.9254
Adjusting learning rate of group 0 to 1.0000e-03.
Epoch: 174, Train loss: 0.013925693803429604, Validation loss: 0.6137473925590515, Validation accuracy: 0.9242
Adjusting learning rate of group 0 to 1.0000e-03.
Epoch: 175, Train loss: 0.014608390389047564, Validation loss: 0.615286252784729, Validation accuracy: 0.9247
Adjusting learning rate of group 0 to 1.0000e-03.
Epoch: 176, Train loss: 0.013252687674779445, Validation loss: 0.6257743679046631, Validation accuracy: 0.9254
Adjusting learning rate of group 0 to 1.0000e-03.
Epoch: 177, Train loss: 0.012612144470792263, Validation loss: 0.6459219223022461, Validation accuracy: 0.925
Adjusting learning rate of group 0 to 1.0000e-03.
Epoch: 178, Train loss: 0.012774810791015626, Validation loss: 0.6491254216194153, Validation accuracy: 0.9251
Adjusting learning rate of group 0 to 1.0000e-03.
Epoch: 179, Train loss: 0.011384453358985483, Validation loss: 0.667496594619751, Validation accuracy: 0.9266
Adjusting learning rate of group 0 to 1.0000e-03.
Epoch: 180, Train loss: 0.012464713938403874, Validation loss: 0.6735409310340882, Validation accuracy: 0.9252
Adjusting learning rate of group 0 to 1.0000e-03.
Epoch: 181, Train loss: 0.012883967198431491, Validation loss: 0.6595082384109497, Validation accuracy: 0.9268
Adjusting learning rate of group 0 to 1.0000e-03.
Epoch: 182, Train loss: 0.011933869581148029, Validation loss: 0.6621606210708618, Validation accuracy: 0.9264
Adjusting learning rate of group 0 to 1.0000e-03.
Epoch: 183, Train loss: 0.012743975928500295, Validation loss: 0.6631143575668335, Validation accuracy: 0.9249
Adjusting learning rate of group 0 to 1.0000e-03.
Epoch: 184, Train loss: 0.010729077699054032, Validation loss: 0.6840849306106568, Validation accuracy: 0.9251
Adjusting learning rate of group 0 to 1.0000e-03.
Epoch: 185, Train loss: 0.012608502027131617, Validation loss: 0.6786641941070557, Validation accuracy: 0.9231
Adjusting learning rate of group 0 to 1.0000e-03.
Epoch: 186, Train loss: 0.011405212027328089, Validation loss: 0.6626203718185425, Validation accuracy: 0.9248
Adjusting learning rate of group 0 to 1.0000e-03.
Epoch: 187, Train loss: 0.011610350135192274, Validation loss: 0.6606401987075806, Validation accuracy: 0.9257
Adjusting learning rate of group 0 to 1.0000e-03.
Epoch: 188, Train loss: 0.011562064680419861, Validation loss: 0.66782157497406, Validation accuracy: 0.9241
Adjusting learning rate of group 0 to 1.0000e-03.
Epoch: 189, Train loss: 0.010725267025083304, Validation loss: 0.7060383131027221, Validation accuracy: 0.9218
Adjusting learning rate of group 0 to 1.0000e-03.
Epoch: 190, Train loss: 0.012426779308244587, Validation loss: 0.6778805950164795, Validation accuracy: 0.9224
Adjusting learning rate of group 0 to 1.0000e-03.
Epoch: 191, Train loss: 0.008944409986918327, Validation loss: 0.7043723251342774, Validation accuracy: 0.9251
Adjusting learning rate of group 0 to 1.0000e-03.
Epoch: 192, Train loss: 0.010371275367885829, Validation loss: 0.703244769859314, Validation accuracy: 0.9241
Adjusting learning rate of group 0 to 1.0000e-03.
Epoch: 193, Train loss: 0.010850145409889518, Validation loss: 0.6939863468170167, Validation accuracy: 0.9252
Adjusting learning rate of group 0 to 1.0000e-03.
Epoch: 194, Train loss: 0.010721088541829958, Validation loss: 0.6985616603851318, Validation accuracy: 0.9237
Adjusting learning rate of group 0 to 1.0000e-03.
Epoch: 195, Train loss: 0.010573718026317656, Validation loss: 0.6865111106872559, Validation accuracy: 0.9254
Adjusting learning rate of group 0 to 1.0000e-03.
Epoch: 196, Train loss: 0.00886540888454765, Validation loss: 0.7159146877288818, Validation accuracy: 0.9251
Adjusting learning rate of group 0 to 1.0000e-03.
Epoch: 197, Train loss: 0.009564698417969048, Validation loss: 0.7105471111297608, Validation accuracy: 0.9259
Adjusting learning rate of group 0 to 1.0000e-03.
Epoch: 198, Train loss: 0.010333860980515601, Validation loss: 0.6900588218688964, Validation accuracy: 0.9254
Adjusting learning rate of group 0 to 1.0000e-03.
Epoch: 199, Train loss: 0.009817523803766817, Validation loss: 0.6927406227111816, Validation accuracy: 0.925
Accuracy: 0.925, Parameters: 94
