['ResNet-TRL-Ringed.py', '--core_ranks', '3', '4', '7', '--ring_ranks', '7', '2', '3', '--seed', '16', '--device', 'cuda:3']
Initializing dataloader
Files already downloaded and verified
Files already downloaded and verified
Dataloader has initialized
Initializing model
Adjusting learning rate of group 0 to 1.0000e-02.
Model initialized
Testing model
Tests passed
Adjusting learning rate of group 0 to 2.0000e-02.
Epoch: 0, Train loss: 1.7992753923797606, Validation loss: 1.4323001111984253, Validation accuracy: 0.4802
Adjusting learning rate of group 0 to 3.0000e-02.
Epoch: 1, Train loss: 1.4454231940078734, Validation loss: 1.2722980557441712, Validation accuracy: 0.5439
Adjusting learning rate of group 0 to 4.0000e-02.
Epoch: 2, Train loss: 1.1782351269912719, Validation loss: 1.0663478934288024, Validation accuracy: 0.6205
Adjusting learning rate of group 0 to 5.0000e-02.
Epoch: 3, Train loss: 0.9979814964675904, Validation loss: 0.998758996963501, Validation accuracy: 0.6536
Adjusting learning rate of group 0 to 6.0000e-02.
Epoch: 4, Train loss: 0.8644564947128296, Validation loss: 0.9155073719024658, Validation accuracy: 0.6895
Adjusting learning rate of group 0 to 7.0000e-02.
Epoch: 5, Train loss: 0.7943625946044922, Validation loss: 0.8970515434265137, Validation accuracy: 0.7006
Adjusting learning rate of group 0 to 8.0000e-02.
Epoch: 6, Train loss: 0.7237196475601196, Validation loss: 0.8848025486946106, Validation accuracy: 0.7174
Adjusting learning rate of group 0 to 9.0000e-02.
Epoch: 7, Train loss: 0.6740512229919433, Validation loss: 0.6637308644294739, Validation accuracy: 0.7795
Adjusting learning rate of group 0 to 1.0000e-01.
Epoch: 8, Train loss: 0.6423199285316468, Validation loss: 0.7419661435127258, Validation accuracy: 0.7588
Adjusting learning rate of group 0 to 1.0000e-01.
Epoch: 9, Train loss: 0.6187484652709961, Validation loss: 0.6570343178749084, Validation accuracy: 0.7805
Adjusting learning rate of group 0 to 1.0000e-01.
Epoch: 10, Train loss: 0.5864357058334351, Validation loss: 0.6900169610023499, Validation accuracy: 0.7768
Adjusting learning rate of group 0 to 1.0000e-01.
Epoch: 11, Train loss: 0.5462025375938415, Validation loss: 0.7293875984191894, Validation accuracy: 0.7722
Adjusting learning rate of group 0 to 1.0000e-01.
Epoch: 12, Train loss: 0.5253045276832581, Validation loss: 0.6898851524353027, Validation accuracy: 0.786
Adjusting learning rate of group 0 to 1.0000e-01.
Epoch: 13, Train loss: 0.5013157627391815, Validation loss: 0.7028555368423461, Validation accuracy: 0.786
Adjusting learning rate of group 0 to 1.0000e-01.
Epoch: 14, Train loss: 0.4923226000213623, Validation loss: 0.813517537689209, Validation accuracy: 0.7623
Adjusting learning rate of group 0 to 1.0000e-01.
Epoch: 15, Train loss: 0.48339466020584104, Validation loss: 0.6029194105148316, Validation accuracy: 0.808
Adjusting learning rate of group 0 to 1.0000e-01.
Epoch: 16, Train loss: 0.46628705339431764, Validation loss: 0.7536953083992004, Validation accuracy: 0.7699
Adjusting learning rate of group 0 to 1.0000e-01.
Epoch: 17, Train loss: 0.4629465007400513, Validation loss: 0.8131196697235108, Validation accuracy: 0.758
Adjusting learning rate of group 0 to 1.0000e-01.
Epoch: 18, Train loss: 0.44203367429733276, Validation loss: 0.623880813217163, Validation accuracy: 0.8083
Adjusting learning rate of group 0 to 1.0000e-01.
Epoch: 19, Train loss: 0.4386807067298889, Validation loss: 0.6546045648574829, Validation accuracy: 0.8078
Adjusting learning rate of group 0 to 1.0000e-01.
Epoch: 20, Train loss: 0.4323293813657761, Validation loss: 0.5433976060867309, Validation accuracy: 0.838
Adjusting learning rate of group 0 to 1.0000e-01.
Epoch: 21, Train loss: 0.42207352313041685, Validation loss: 0.5547432674407959, Validation accuracy: 0.8185
Adjusting learning rate of group 0 to 1.0000e-01.
Epoch: 22, Train loss: 0.4230458461761475, Validation loss: 0.6432798196792603, Validation accuracy: 0.7951
Adjusting learning rate of group 0 to 1.0000e-01.
Epoch: 23, Train loss: 0.414484662437439, Validation loss: 0.6373486303329468, Validation accuracy: 0.8098
Adjusting learning rate of group 0 to 1.0000e-01.
Epoch: 24, Train loss: 0.40019956518173216, Validation loss: 0.500407916021347, Validation accuracy: 0.8383
Adjusting learning rate of group 0 to 1.0000e-01.
Epoch: 25, Train loss: 0.39922322607040406, Validation loss: 0.5699572551727294, Validation accuracy: 0.83
Adjusting learning rate of group 0 to 1.0000e-01.
Epoch: 26, Train loss: 0.40675629189491275, Validation loss: 0.52276489610672, Validation accuracy: 0.8298
Adjusting learning rate of group 0 to 1.0000e-01.
Epoch: 27, Train loss: 0.39637366471290586, Validation loss: 0.5002189239501953, Validation accuracy: 0.8409
Adjusting learning rate of group 0 to 1.0000e-01.
Epoch: 28, Train loss: 0.3806442289161682, Validation loss: 0.5965052656173706, Validation accuracy: 0.8255
Adjusting learning rate of group 0 to 1.0000e-01.
Epoch: 29, Train loss: 0.3830007234764099, Validation loss: 0.5786015564918519, Validation accuracy: 0.8204
Adjusting learning rate of group 0 to 1.0000e-01.
Epoch: 30, Train loss: 0.3699270954990387, Validation loss: 0.6578773509979248, Validation accuracy: 0.7947
Adjusting learning rate of group 0 to 1.0000e-01.
Epoch: 31, Train loss: 0.3772121871852875, Validation loss: 0.4904906039237976, Validation accuracy: 0.8539
Adjusting learning rate of group 0 to 1.0000e-01.
Epoch: 32, Train loss: 0.37364973134994506, Validation loss: 0.7974526264190673, Validation accuracy: 0.7831
Adjusting learning rate of group 0 to 1.0000e-01.
Epoch: 33, Train loss: 0.36474218400001523, Validation loss: 0.6840234099388123, Validation accuracy: 0.8091
Adjusting learning rate of group 0 to 1.0000e-01.
Epoch: 34, Train loss: 0.36322351644515993, Validation loss: 0.5246851570129395, Validation accuracy: 0.8318
Adjusting learning rate of group 0 to 1.0000e-01.
Epoch: 35, Train loss: 0.37040052139282226, Validation loss: 0.6278386121749878, Validation accuracy: 0.7916
Adjusting learning rate of group 0 to 1.0000e-01.
Epoch: 36, Train loss: 0.3624794503593445, Validation loss: 0.7498198951721191, Validation accuracy: 0.8076
Adjusting learning rate of group 0 to 1.0000e-01.
Epoch: 37, Train loss: 0.35741775173187257, Validation loss: 0.5180881467819214, Validation accuracy: 0.8402
Adjusting learning rate of group 0 to 1.0000e-01.
Epoch: 38, Train loss: 0.35812937356948854, Validation loss: 0.5552797339439393, Validation accuracy: 0.8227
Adjusting learning rate of group 0 to 1.0000e-01.
Epoch: 39, Train loss: 0.35374299100875856, Validation loss: 0.546598933506012, Validation accuracy: 0.8396
Adjusting learning rate of group 0 to 1.0000e-01.
Epoch: 40, Train loss: 0.3550350735473633, Validation loss: 0.48527421464920045, Validation accuracy: 0.8501
Adjusting learning rate of group 0 to 1.0000e-01.
Epoch: 41, Train loss: 0.34626641088485716, Validation loss: 0.4988645937919617, Validation accuracy: 0.8351
Adjusting learning rate of group 0 to 1.0000e-01.
Epoch: 42, Train loss: 0.34779433252334596, Validation loss: 0.5733496328353882, Validation accuracy: 0.8277
Adjusting learning rate of group 0 to 1.0000e-01.
Epoch: 43, Train loss: 0.33943807786941527, Validation loss: 0.4982039352416992, Validation accuracy: 0.8477
Adjusting learning rate of group 0 to 1.0000e-01.
Epoch: 44, Train loss: 0.3417035279369354, Validation loss: 0.5530428787708283, Validation accuracy: 0.8328
Adjusting learning rate of group 0 to 1.0000e-01.
Epoch: 45, Train loss: 0.3410639235115051, Validation loss: 0.47354888849258425, Validation accuracy: 0.8429
Adjusting learning rate of group 0 to 1.0000e-01.
Epoch: 46, Train loss: 0.3456229205703735, Validation loss: 0.6920766823768616, Validation accuracy: 0.8151
Adjusting learning rate of group 0 to 1.0000e-01.
Epoch: 47, Train loss: 0.3384912208747864, Validation loss: 0.548540396642685, Validation accuracy: 0.8392
Adjusting learning rate of group 0 to 1.0000e-01.
Epoch: 48, Train loss: 0.34370043128967287, Validation loss: 0.4983289408683777, Validation accuracy: 0.8489
Adjusting learning rate of group 0 to 1.0000e-01.
Epoch: 49, Train loss: 0.33699420078277587, Validation loss: 0.5152874080657959, Validation accuracy: 0.8387
Adjusting learning rate of group 0 to 1.0000e-01.
Epoch: 50, Train loss: 0.3271958867073059, Validation loss: 0.7149637941360474, Validation accuracy: 0.8084
Adjusting learning rate of group 0 to 1.0000e-01.
Epoch: 51, Train loss: 0.3312170245933533, Validation loss: 0.7425210206985474, Validation accuracy: 0.794
Adjusting learning rate of group 0 to 1.0000e-01.
Epoch: 52, Train loss: 0.3322707752227783, Validation loss: 0.5084138338088989, Validation accuracy: 0.8414
Adjusting learning rate of group 0 to 1.0000e-01.
Epoch: 53, Train loss: 0.33616244035720827, Validation loss: 0.5062283884048462, Validation accuracy: 0.8457
Adjusting learning rate of group 0 to 1.0000e-01.
Epoch: 54, Train loss: 0.32654504368305204, Validation loss: 0.48573624992370606, Validation accuracy: 0.8434
Adjusting learning rate of group 0 to 1.0000e-01.
Epoch: 55, Train loss: 0.33432594324111936, Validation loss: 0.5757169410705566, Validation accuracy: 0.8242
Adjusting learning rate of group 0 to 1.0000e-01.
Epoch: 56, Train loss: 0.3249160193538666, Validation loss: 0.5678557933807373, Validation accuracy: 0.8315
Adjusting learning rate of group 0 to 1.0000e-01.
Epoch: 57, Train loss: 0.32597270566940306, Validation loss: 0.5380176080703736, Validation accuracy: 0.8519
Adjusting learning rate of group 0 to 1.0000e-01.
Epoch: 58, Train loss: 0.32744244230270386, Validation loss: 0.7294007696151733, Validation accuracy: 0.7938
Adjusting learning rate of group 0 to 1.0000e-01.
Epoch: 59, Train loss: 0.3240200382804871, Validation loss: 0.49698742694854736, Validation accuracy: 0.8524
Adjusting learning rate of group 0 to 1.0000e-01.
Epoch: 60, Train loss: 0.32431551838874817, Validation loss: 0.49000419311523435, Validation accuracy: 0.8529
Adjusting learning rate of group 0 to 1.0000e-01.
Epoch: 61, Train loss: 0.3254460719776154, Validation loss: 0.577405467414856, Validation accuracy: 0.8241
Adjusting learning rate of group 0 to 1.0000e-01.
Epoch: 62, Train loss: 0.3209497313642502, Validation loss: 0.4366703988075256, Validation accuracy: 0.8623
Adjusting learning rate of group 0 to 1.0000e-01.
Epoch: 63, Train loss: 0.3239645788764954, Validation loss: 0.4498451879501343, Validation accuracy: 0.8636
Adjusting learning rate of group 0 to 1.0000e-01.
Epoch: 64, Train loss: 0.3158937304878235, Validation loss: 0.4875867407798767, Validation accuracy: 0.8371
Adjusting learning rate of group 0 to 1.0000e-01.
Epoch: 65, Train loss: 0.3190539558982849, Validation loss: 0.4917716293811798, Validation accuracy: 0.8414
Adjusting learning rate of group 0 to 1.0000e-01.
Epoch: 66, Train loss: 0.3226104909896851, Validation loss: 0.5766969486236573, Validation accuracy: 0.8407
Adjusting learning rate of group 0 to 1.0000e-01.
Epoch: 67, Train loss: 0.3185011080646515, Validation loss: 0.5350495429992675, Validation accuracy: 0.8447
Adjusting learning rate of group 0 to 1.0000e-01.
Epoch: 68, Train loss: 0.3188450361919403, Validation loss: 0.649709298658371, Validation accuracy: 0.8055
Adjusting learning rate of group 0 to 1.0000e-01.
Epoch: 69, Train loss: 0.3187997529029846, Validation loss: 0.5794795314788819, Validation accuracy: 0.8236
Adjusting learning rate of group 0 to 1.0000e-01.
Epoch: 70, Train loss: 0.320079961938858, Validation loss: 0.4744557179927826, Validation accuracy: 0.8535
Adjusting learning rate of group 0 to 1.0000e-01.
Epoch: 71, Train loss: 0.3134042649745941, Validation loss: 0.469533398103714, Validation accuracy: 0.8602
Adjusting learning rate of group 0 to 1.0000e-01.
Epoch: 72, Train loss: 0.3117067070674896, Validation loss: 1.0351412942886353, Validation accuracy: 0.7481
Adjusting learning rate of group 0 to 1.0000e-01.
Epoch: 73, Train loss: 0.3198043981456757, Validation loss: 0.47057625913619994, Validation accuracy: 0.856
Adjusting learning rate of group 0 to 1.0000e-01.
Epoch: 74, Train loss: 0.3162866461658478, Validation loss: 0.5206085870742798, Validation accuracy: 0.8403
Adjusting learning rate of group 0 to 1.0000e-01.
Epoch: 75, Train loss: 0.31532020213603973, Validation loss: 0.6815543042182922, Validation accuracy: 0.8084
Adjusting learning rate of group 0 to 1.0000e-01.
Epoch: 76, Train loss: 0.31121709232330325, Validation loss: 0.48725591325759887, Validation accuracy: 0.8492
Adjusting learning rate of group 0 to 1.0000e-01.
Epoch: 77, Train loss: 0.30899521063804625, Validation loss: 0.6746877838134766, Validation accuracy: 0.8102
Adjusting learning rate of group 0 to 1.0000e-01.
Epoch: 78, Train loss: 0.3095489492607117, Validation loss: 0.45000295524597167, Validation accuracy: 0.8563
Adjusting learning rate of group 0 to 1.0000e-01.
Epoch: 79, Train loss: 0.3119888999271393, Validation loss: 0.5105467775344849, Validation accuracy: 0.8466
Adjusting learning rate of group 0 to 1.0000e-01.
Epoch: 80, Train loss: 0.30708228929519654, Validation loss: 0.471151228427887, Validation accuracy: 0.8494
Adjusting learning rate of group 0 to 1.0000e-01.
Epoch: 81, Train loss: 0.3085055604171753, Validation loss: 0.5232810781478882, Validation accuracy: 0.8358
Adjusting learning rate of group 0 to 1.0000e-01.
Epoch: 82, Train loss: 0.3128904469871521, Validation loss: 0.5757896482944489, Validation accuracy: 0.813
Adjusting learning rate of group 0 to 1.0000e-01.
Epoch: 83, Train loss: 0.30917844561576846, Validation loss: 0.39083314027786253, Validation accuracy: 0.8744
Adjusting learning rate of group 0 to 1.0000e-01.
Epoch: 84, Train loss: 0.30984499372959134, Validation loss: 0.43663288946151735, Validation accuracy: 0.8578
Adjusting learning rate of group 0 to 1.0000e-01.
Epoch: 85, Train loss: 0.30651555737495423, Validation loss: 0.4949828643798828, Validation accuracy: 0.8593
Adjusting learning rate of group 0 to 1.0000e-01.
Epoch: 86, Train loss: 0.30631358332633973, Validation loss: 0.5148552188396454, Validation accuracy: 0.8466
Adjusting learning rate of group 0 to 1.0000e-01.
Epoch: 87, Train loss: 0.30647197796821596, Validation loss: 0.6145298902511597, Validation accuracy: 0.8179
Adjusting learning rate of group 0 to 1.0000e-01.
Epoch: 88, Train loss: 0.2993384654521942, Validation loss: 0.4674375697135925, Validation accuracy: 0.8633
Adjusting learning rate of group 0 to 1.0000e-01.
Epoch: 89, Train loss: 0.3024604274559021, Validation loss: 0.5795208607673645, Validation accuracy: 0.8521
Adjusting learning rate of group 0 to 1.0000e-01.
Epoch: 90, Train loss: 0.3051747062206268, Validation loss: 0.561471756362915, Validation accuracy: 0.8182
Adjusting learning rate of group 0 to 1.0000e-01.
Epoch: 91, Train loss: 0.30370970140457154, Validation loss: 0.5110126958370209, Validation accuracy: 0.8479
Adjusting learning rate of group 0 to 1.0000e-01.
Epoch: 92, Train loss: 0.3006244122505188, Validation loss: 0.45836058750152586, Validation accuracy: 0.8477
Adjusting learning rate of group 0 to 1.0000e-01.
Epoch: 93, Train loss: 0.3060349819755554, Validation loss: 0.4600027178764343, Validation accuracy: 0.8518
Adjusting learning rate of group 0 to 1.0000e-01.
Epoch: 94, Train loss: 0.2971204263305664, Validation loss: 0.5102858945846558, Validation accuracy: 0.8447
Adjusting learning rate of group 0 to 1.0000e-01.
Epoch: 95, Train loss: 0.2972733627653122, Validation loss: 0.7188858600616455, Validation accuracy: 0.7881
Adjusting learning rate of group 0 to 1.0000e-01.
Epoch: 96, Train loss: 0.30604249206542966, Validation loss: 0.6440694355010986, Validation accuracy: 0.8159
Adjusting learning rate of group 0 to 1.0000e-01.
Epoch: 97, Train loss: 0.3073490334415436, Validation loss: 0.4547691863059998, Validation accuracy: 0.8554
Adjusting learning rate of group 0 to 1.0000e-01.
Epoch: 98, Train loss: 0.3081537363243103, Validation loss: 0.5039565190315246, Validation accuracy: 0.8338
Adjusting learning rate of group 0 to 1.0000e-01.
Epoch: 99, Train loss: 0.2959826941013336, Validation loss: 0.47888050308227537, Validation accuracy: 0.857
Adjusting learning rate of group 0 to 1.0000e-02.
Epoch: 100, Train loss: 0.29919701500892637, Validation loss: 0.5377752290725708, Validation accuracy: 0.8352
Adjusting learning rate of group 0 to 1.0000e-02.
Epoch: 101, Train loss: 0.16881359277248384, Validation loss: 0.2826866578578949, Validation accuracy: 0.9156
Adjusting learning rate of group 0 to 1.0000e-02.
Epoch: 102, Train loss: 0.13071616243839265, Validation loss: 0.2816985375881195, Validation accuracy: 0.9204
Adjusting learning rate of group 0 to 1.0000e-02.
Epoch: 103, Train loss: 0.11511677952528, Validation loss: 0.28586145915985106, Validation accuracy: 0.9189
Adjusting learning rate of group 0 to 1.0000e-02.
Epoch: 104, Train loss: 0.10483286907196045, Validation loss: 0.2904552758216858, Validation accuracy: 0.9189
Adjusting learning rate of group 0 to 1.0000e-02.
Epoch: 105, Train loss: 0.09943087434768677, Validation loss: 0.2985361200809479, Validation accuracy: 0.9197
Adjusting learning rate of group 0 to 1.0000e-02.
Epoch: 106, Train loss: 0.0927853365278244, Validation loss: 0.2955661482810974, Validation accuracy: 0.9207
Adjusting learning rate of group 0 to 1.0000e-02.
Epoch: 107, Train loss: 0.08873968605041505, Validation loss: 0.2937828565597534, Validation accuracy: 0.9208
Adjusting learning rate of group 0 to 1.0000e-02.
Epoch: 108, Train loss: 0.0807958230137825, Validation loss: 0.3114098358154297, Validation accuracy: 0.9182
Adjusting learning rate of group 0 to 1.0000e-02.
Epoch: 109, Train loss: 0.07715890772581101, Validation loss: 0.31256662282943726, Validation accuracy: 0.919
Adjusting learning rate of group 0 to 1.0000e-02.
Epoch: 110, Train loss: 0.07087413157165051, Validation loss: 0.3108270634651184, Validation accuracy: 0.9211
Adjusting learning rate of group 0 to 1.0000e-02.
Epoch: 111, Train loss: 0.07069882329225541, Validation loss: 0.3148472566604614, Validation accuracy: 0.9218
Adjusting learning rate of group 0 to 1.0000e-02.
Epoch: 112, Train loss: 0.06702773065805435, Validation loss: 0.31944879360198974, Validation accuracy: 0.9229
Adjusting learning rate of group 0 to 1.0000e-02.
Epoch: 113, Train loss: 0.0657766502904892, Validation loss: 0.31620668087005616, Validation accuracy: 0.9234
Adjusting learning rate of group 0 to 1.0000e-02.
Epoch: 114, Train loss: 0.06278021279096603, Validation loss: 0.332035048866272, Validation accuracy: 0.9222
Adjusting learning rate of group 0 to 1.0000e-02.
Epoch: 115, Train loss: 0.058010704427957534, Validation loss: 0.3408342049598694, Validation accuracy: 0.9209
Adjusting learning rate of group 0 to 1.0000e-02.
Epoch: 116, Train loss: 0.05595467139244079, Validation loss: 0.3428242286682129, Validation accuracy: 0.9207
Adjusting learning rate of group 0 to 1.0000e-02.
Epoch: 117, Train loss: 0.05685924043297767, Validation loss: 0.3478782616615295, Validation accuracy: 0.9217
Adjusting learning rate of group 0 to 1.0000e-02.
Epoch: 118, Train loss: 0.053189217445850374, Validation loss: 0.3573569279670715, Validation accuracy: 0.9204
Adjusting learning rate of group 0 to 1.0000e-02.
Epoch: 119, Train loss: 0.052749168988466266, Validation loss: 0.3707546347618103, Validation accuracy: 0.9187
Adjusting learning rate of group 0 to 1.0000e-02.
Epoch: 120, Train loss: 0.051019407991170884, Validation loss: 0.3714444212913513, Validation accuracy: 0.9195
Adjusting learning rate of group 0 to 1.0000e-02.
Epoch: 121, Train loss: 0.05035858908951282, Validation loss: 0.362427809715271, Validation accuracy: 0.9221
Adjusting learning rate of group 0 to 1.0000e-02.
Epoch: 122, Train loss: 0.0485857478749752, Validation loss: 0.37774661478996274, Validation accuracy: 0.9228
Adjusting learning rate of group 0 to 1.0000e-02.
Epoch: 123, Train loss: 0.04633848277926445, Validation loss: 0.38516086740493777, Validation accuracy: 0.9194
Adjusting learning rate of group 0 to 1.0000e-02.
Epoch: 124, Train loss: 0.04565057773411274, Validation loss: 0.3866879725933075, Validation accuracy: 0.9189
Adjusting learning rate of group 0 to 1.0000e-02.
Epoch: 125, Train loss: 0.04255997891187668, Validation loss: 0.3939556303024292, Validation accuracy: 0.9184
Adjusting learning rate of group 0 to 1.0000e-02.
Epoch: 126, Train loss: 0.044377631633281706, Validation loss: 0.3963067816734314, Validation accuracy: 0.9223
Adjusting learning rate of group 0 to 1.0000e-02.
Epoch: 127, Train loss: 0.04364041567474604, Validation loss: 0.41232024478912355, Validation accuracy: 0.9165
Adjusting learning rate of group 0 to 1.0000e-02.
Epoch: 128, Train loss: 0.0424519149518013, Validation loss: 0.41370055351257323, Validation accuracy: 0.9169
Adjusting learning rate of group 0 to 1.0000e-02.
Epoch: 129, Train loss: 0.04063000107884407, Validation loss: 0.420852724647522, Validation accuracy: 0.918
Adjusting learning rate of group 0 to 1.0000e-02.
Epoch: 130, Train loss: 0.0425047200396657, Validation loss: 0.4095711228847504, Validation accuracy: 0.9196
Adjusting learning rate of group 0 to 1.0000e-02.
Epoch: 131, Train loss: 0.04090129484474659, Validation loss: 0.4237766144752502, Validation accuracy: 0.9181
Adjusting learning rate of group 0 to 1.0000e-02.
Epoch: 132, Train loss: 0.03915803254365921, Validation loss: 0.4198000088691711, Validation accuracy: 0.9203
Adjusting learning rate of group 0 to 1.0000e-02.
Epoch: 133, Train loss: 0.03982128715515137, Validation loss: 0.42995669498443606, Validation accuracy: 0.9202
Adjusting learning rate of group 0 to 1.0000e-02.
Epoch: 134, Train loss: 0.0389847169470787, Validation loss: 0.42944558181762693, Validation accuracy: 0.9189
Adjusting learning rate of group 0 to 1.0000e-02.
Epoch: 135, Train loss: 0.04033512742757797, Validation loss: 0.41743591403961183, Validation accuracy: 0.9171
Adjusting learning rate of group 0 to 1.0000e-02.
Epoch: 136, Train loss: 0.03790879743814468, Validation loss: 0.4463921918869019, Validation accuracy: 0.9171
Adjusting learning rate of group 0 to 1.0000e-02.
Epoch: 137, Train loss: 0.03921451677680016, Validation loss: 0.44391972646713257, Validation accuracy: 0.9152
Adjusting learning rate of group 0 to 1.0000e-02.
Epoch: 138, Train loss: 0.036408024888634684, Validation loss: 0.4620744558811188, Validation accuracy: 0.9124
Adjusting learning rate of group 0 to 1.0000e-02.
Epoch: 139, Train loss: 0.037503246600478886, Validation loss: 0.43859757118225096, Validation accuracy: 0.9194
Adjusting learning rate of group 0 to 1.0000e-02.
Epoch: 140, Train loss: 0.038836855964064596, Validation loss: 0.44611244201660155, Validation accuracy: 0.9162
Adjusting learning rate of group 0 to 1.0000e-02.
Epoch: 141, Train loss: 0.03528465941786766, Validation loss: 0.4244307373046875, Validation accuracy: 0.9204
Adjusting learning rate of group 0 to 1.0000e-02.
Epoch: 142, Train loss: 0.037574925132989885, Validation loss: 0.46530084266662597, Validation accuracy: 0.9142
Adjusting learning rate of group 0 to 1.0000e-02.
Epoch: 143, Train loss: 0.03925052374362945, Validation loss: 0.42130271444320677, Validation accuracy: 0.9196
Adjusting learning rate of group 0 to 1.0000e-02.
Epoch: 144, Train loss: 0.03844631592392921, Validation loss: 0.41473210792541504, Validation accuracy: 0.9183
Adjusting learning rate of group 0 to 1.0000e-02.
Epoch: 145, Train loss: 0.038079498977065085, Validation loss: 0.4114649471282959, Validation accuracy: 0.917
Adjusting learning rate of group 0 to 1.0000e-02.
Epoch: 146, Train loss: 0.03823128891795874, Validation loss: 0.46031372785568236, Validation accuracy: 0.9154
Adjusting learning rate of group 0 to 1.0000e-02.
Epoch: 147, Train loss: 0.035553103358149526, Validation loss: 0.4178904135704041, Validation accuracy: 0.9203
Adjusting learning rate of group 0 to 1.0000e-02.
Epoch: 148, Train loss: 0.03603904317855835, Validation loss: 0.4487000772476196, Validation accuracy: 0.9158
Adjusting learning rate of group 0 to 1.0000e-02.
Epoch: 149, Train loss: 0.03708047325193882, Validation loss: 0.42958510732650756, Validation accuracy: 0.9131
Adjusting learning rate of group 0 to 1.0000e-03.
Epoch: 150, Train loss: 0.03438028202593327, Validation loss: 0.4417221487045288, Validation accuracy: 0.9175
Adjusting learning rate of group 0 to 1.0000e-03.
Epoch: 151, Train loss: 0.024343245370090007, Validation loss: 0.3998011987686157, Validation accuracy: 0.9226
Adjusting learning rate of group 0 to 1.0000e-03.
Epoch: 152, Train loss: 0.018522069799154998, Validation loss: 0.402357178735733, Validation accuracy: 0.9234
Adjusting learning rate of group 0 to 1.0000e-03.
Epoch: 153, Train loss: 0.015496707349903882, Validation loss: 0.4029137137889862, Validation accuracy: 0.9235
Adjusting learning rate of group 0 to 1.0000e-03.
Epoch: 154, Train loss: 0.014733820385225117, Validation loss: 0.40938269877433775, Validation accuracy: 0.9242
Adjusting learning rate of group 0 to 1.0000e-03.
Epoch: 155, Train loss: 0.014305074524655938, Validation loss: 0.4112719127178192, Validation accuracy: 0.9258
Adjusting learning rate of group 0 to 1.0000e-03.
Epoch: 156, Train loss: 0.012176942570023238, Validation loss: 0.41754084944725034, Validation accuracy: 0.925
Adjusting learning rate of group 0 to 1.0000e-03.
Epoch: 157, Train loss: 0.011934609262272716, Validation loss: 0.4212570799827576, Validation accuracy: 0.925
Adjusting learning rate of group 0 to 1.0000e-03.
Epoch: 158, Train loss: 0.0115176097920537, Validation loss: 0.42395844316482545, Validation accuracy: 0.9266
Adjusting learning rate of group 0 to 1.0000e-03.
Epoch: 159, Train loss: 0.011735104751884938, Validation loss: 0.4290679560661316, Validation accuracy: 0.926
Adjusting learning rate of group 0 to 1.0000e-03.
Epoch: 160, Train loss: 0.011036009173542262, Validation loss: 0.4313614956855774, Validation accuracy: 0.9263
Adjusting learning rate of group 0 to 1.0000e-03.
Epoch: 161, Train loss: 0.009816990872882306, Validation loss: 0.43740620522499085, Validation accuracy: 0.9261
Adjusting learning rate of group 0 to 1.0000e-03.
Epoch: 162, Train loss: 0.009345790043938904, Validation loss: 0.4420926345825195, Validation accuracy: 0.9258
Adjusting learning rate of group 0 to 1.0000e-03.
Epoch: 163, Train loss: 0.009009797636698931, Validation loss: 0.44304944925308226, Validation accuracy: 0.9265
Adjusting learning rate of group 0 to 1.0000e-03.
Epoch: 164, Train loss: 0.009722890489064157, Validation loss: 0.449808590221405, Validation accuracy: 0.9271
Adjusting learning rate of group 0 to 1.0000e-03.
Epoch: 165, Train loss: 0.008553334030881524, Validation loss: 0.4506451051712036, Validation accuracy: 0.9268
Adjusting learning rate of group 0 to 1.0000e-03.
Epoch: 166, Train loss: 0.008671297571025789, Validation loss: 0.45825463099479674, Validation accuracy: 0.9272
Adjusting learning rate of group 0 to 1.0000e-03.
Epoch: 167, Train loss: 0.007955187306553126, Validation loss: 0.4564922103881836, Validation accuracy: 0.9279
Adjusting learning rate of group 0 to 1.0000e-03.
Epoch: 168, Train loss: 0.007824244264662265, Validation loss: 0.46103356647491456, Validation accuracy: 0.9258
Adjusting learning rate of group 0 to 1.0000e-03.
Epoch: 169, Train loss: 0.007558943664506078, Validation loss: 0.4661110692024231, Validation accuracy: 0.9265
Adjusting learning rate of group 0 to 1.0000e-03.
Epoch: 170, Train loss: 0.007970621970184147, Validation loss: 0.46964338512420656, Validation accuracy: 0.9259
Adjusting learning rate of group 0 to 1.0000e-03.
Epoch: 171, Train loss: 0.00785391350388527, Validation loss: 0.468766269159317, Validation accuracy: 0.9249
Adjusting learning rate of group 0 to 1.0000e-03.
Epoch: 172, Train loss: 0.006829617710690945, Validation loss: 0.4679945897102356, Validation accuracy: 0.925
Adjusting learning rate of group 0 to 1.0000e-03.
Epoch: 173, Train loss: 0.00721357020938769, Validation loss: 0.47183489990234373, Validation accuracy: 0.9258
Adjusting learning rate of group 0 to 1.0000e-03.
Epoch: 174, Train loss: 0.006679752505905926, Validation loss: 0.47352825965881346, Validation accuracy: 0.9258
Adjusting learning rate of group 0 to 1.0000e-03.
Epoch: 175, Train loss: 0.006704811191447079, Validation loss: 0.4742042561531067, Validation accuracy: 0.9274
Adjusting learning rate of group 0 to 1.0000e-03.
Epoch: 176, Train loss: 0.006583606354407966, Validation loss: 0.47368365087509157, Validation accuracy: 0.927
Adjusting learning rate of group 0 to 1.0000e-03.
Epoch: 177, Train loss: 0.007299911923408509, Validation loss: 0.48408041162490845, Validation accuracy: 0.9253
Adjusting learning rate of group 0 to 1.0000e-03.
Epoch: 178, Train loss: 0.007009910720367916, Validation loss: 0.4848323187828064, Validation accuracy: 0.9271
Adjusting learning rate of group 0 to 1.0000e-03.
Epoch: 179, Train loss: 0.006640904546584934, Validation loss: 0.4813742473602295, Validation accuracy: 0.927
Adjusting learning rate of group 0 to 1.0000e-03.
Epoch: 180, Train loss: 0.006316472446620465, Validation loss: 0.48521953625679015, Validation accuracy: 0.9262
Adjusting learning rate of group 0 to 1.0000e-03.
Epoch: 181, Train loss: 0.006158523383680731, Validation loss: 0.4875725732803345, Validation accuracy: 0.926
Adjusting learning rate of group 0 to 1.0000e-03.
Epoch: 182, Train loss: 0.006132286501619965, Validation loss: 0.4903060199737549, Validation accuracy: 0.9267
Adjusting learning rate of group 0 to 1.0000e-03.
Epoch: 183, Train loss: 0.006259174709804356, Validation loss: 0.4909321571826935, Validation accuracy: 0.9267
Adjusting learning rate of group 0 to 1.0000e-03.
Epoch: 184, Train loss: 0.006122745948741212, Validation loss: 0.494192223405838, Validation accuracy: 0.9271
Adjusting learning rate of group 0 to 1.0000e-03.
Epoch: 185, Train loss: 0.006118783389739692, Validation loss: 0.49340855522155763, Validation accuracy: 0.9267
Adjusting learning rate of group 0 to 1.0000e-03.
Epoch: 186, Train loss: 0.005873820827109739, Validation loss: 0.4925461582660675, Validation accuracy: 0.9273
Adjusting learning rate of group 0 to 1.0000e-03.
Epoch: 187, Train loss: 0.0053344159947056324, Validation loss: 0.49670348014831545, Validation accuracy: 0.9268
Adjusting learning rate of group 0 to 1.0000e-03.
Epoch: 188, Train loss: 0.0057349159331433475, Validation loss: 0.4964850323677063, Validation accuracy: 0.9262
Adjusting learning rate of group 0 to 1.0000e-03.
Epoch: 189, Train loss: 0.005444929987750947, Validation loss: 0.4959774873256683, Validation accuracy: 0.9275
Adjusting learning rate of group 0 to 1.0000e-03.
Epoch: 190, Train loss: 0.0047401835471391675, Validation loss: 0.5004554805755616, Validation accuracy: 0.9275
Adjusting learning rate of group 0 to 1.0000e-03.
Epoch: 191, Train loss: 0.006065762698613107, Validation loss: 0.5045809153556824, Validation accuracy: 0.9264
Adjusting learning rate of group 0 to 1.0000e-03.
Epoch: 192, Train loss: 0.0057296705018728975, Validation loss: 0.508412228679657, Validation accuracy: 0.9265
Adjusting learning rate of group 0 to 1.0000e-03.
Epoch: 193, Train loss: 0.005663659105440602, Validation loss: 0.5040435141563415, Validation accuracy: 0.9289
Adjusting learning rate of group 0 to 1.0000e-03.
Epoch: 194, Train loss: 0.005100091704195365, Validation loss: 0.5064307807922364, Validation accuracy: 0.9273
Adjusting learning rate of group 0 to 1.0000e-03.
Epoch: 195, Train loss: 0.005951557032410055, Validation loss: 0.5051608518600463, Validation accuracy: 0.9267
Adjusting learning rate of group 0 to 1.0000e-03.
Epoch: 196, Train loss: 0.004222895535007119, Validation loss: 0.5122689489364624, Validation accuracy: 0.9281
Adjusting learning rate of group 0 to 1.0000e-03.
Epoch: 197, Train loss: 0.005087484743623063, Validation loss: 0.5133975056648254, Validation accuracy: 0.9273
Adjusting learning rate of group 0 to 1.0000e-03.
Epoch: 198, Train loss: 0.00514372069619596, Validation loss: 0.5122345039367676, Validation accuracy: 0.9277
Adjusting learning rate of group 0 to 1.0000e-03.
Epoch: 199, Train loss: 0.004938888577856124, Validation loss: 0.5160848434448242, Validation accuracy: 0.9283
Accuracy: 0.9283, Parameters: 5666
