['ResNet-train.py', '--network', 'resnet110', '--classifier', 'gap', '--tensorization', '64', '8', '8', '--ranks', '', '--seed', '21', '--device', 'cuda:0']
Initializing dataloader
Files already downloaded and verified
Files already downloaded and verified
Dataloader has initialized
Initializing model
Adjusting learning rate of group 0 to 1.0000e-02.
Model initialized
Testing model
Tests passed
Adjusting learning rate of group 0 to 2.0000e-02.
Epoch: 0, Train loss: 1.7830325861358642, Validation loss: 1.4730401151657104, Validation accuracy: 0.4809
Adjusting learning rate of group 0 to 3.0000e-02.
Epoch: 1, Train loss: 1.3049060973358155, Validation loss: 1.1718754194259644, Validation accuracy: 0.5885
Adjusting learning rate of group 0 to 4.0000e-02.
Epoch: 2, Train loss: 1.0571651749801636, Validation loss: 0.9040818445205688, Validation accuracy: 0.6865
Adjusting learning rate of group 0 to 5.0000e-02.
Epoch: 3, Train loss: 0.8753153248214721, Validation loss: 0.9749744054794311, Validation accuracy: 0.6786
Adjusting learning rate of group 0 to 6.0000e-02.
Epoch: 4, Train loss: 0.7487273512268067, Validation loss: 0.8133518490314484, Validation accuracy: 0.7278
Adjusting learning rate of group 0 to 7.0000e-02.
Epoch: 5, Train loss: 0.6830068580436707, Validation loss: 0.8671608694553375, Validation accuracy: 0.7133
Adjusting learning rate of group 0 to 8.0000e-02.
Epoch: 6, Train loss: 0.6411770491409302, Validation loss: 0.6487270501136779, Validation accuracy: 0.7851
Adjusting learning rate of group 0 to 9.0000e-02.
Epoch: 7, Train loss: 0.6165112859916687, Validation loss: 0.6908075786590576, Validation accuracy: 0.7714
Adjusting learning rate of group 0 to 1.0000e-01.
Epoch: 8, Train loss: 0.5622688970184326, Validation loss: 0.7852592236042023, Validation accuracy: 0.75
Adjusting learning rate of group 0 to 1.0000e-01.
Epoch: 9, Train loss: 0.5333959904289246, Validation loss: 0.5755284247398377, Validation accuracy: 0.8099
Adjusting learning rate of group 0 to 1.0000e-01.
Epoch: 10, Train loss: 0.49095631513595583, Validation loss: 0.5962518474578857, Validation accuracy: 0.7996
Adjusting learning rate of group 0 to 1.0000e-01.
Epoch: 11, Train loss: 0.4585953114414215, Validation loss: 0.6145543541908264, Validation accuracy: 0.8058
Adjusting learning rate of group 0 to 1.0000e-01.
Epoch: 12, Train loss: 0.43429258564949036, Validation loss: 0.5228805944442749, Validation accuracy: 0.821
Adjusting learning rate of group 0 to 1.0000e-01.
Epoch: 13, Train loss: 0.4166197638130188, Validation loss: 0.7436373566150666, Validation accuracy: 0.7645
Adjusting learning rate of group 0 to 1.0000e-01.
Epoch: 14, Train loss: 0.403288028345108, Validation loss: 0.5392266422271729, Validation accuracy: 0.8232
Adjusting learning rate of group 0 to 1.0000e-01.
Epoch: 15, Train loss: 0.39003234746932985, Validation loss: 0.48340894684791563, Validation accuracy: 0.837
Adjusting learning rate of group 0 to 1.0000e-01.
Epoch: 16, Train loss: 0.37674954335212707, Validation loss: 0.6684850183486939, Validation accuracy: 0.7895
Adjusting learning rate of group 0 to 1.0000e-01.
Epoch: 17, Train loss: 0.36410534352302554, Validation loss: 0.5495549968719482, Validation accuracy: 0.8271
Adjusting learning rate of group 0 to 1.0000e-01.
Epoch: 18, Train loss: 0.36318432191848754, Validation loss: 0.4598073610305786, Validation accuracy: 0.8442
Adjusting learning rate of group 0 to 1.0000e-01.
Epoch: 19, Train loss: 0.34354753282546996, Validation loss: 0.5383641072273254, Validation accuracy: 0.8256
Adjusting learning rate of group 0 to 1.0000e-01.
Epoch: 20, Train loss: 0.3412559342384338, Validation loss: 0.5679883332252502, Validation accuracy: 0.8241
Adjusting learning rate of group 0 to 1.0000e-01.
Epoch: 21, Train loss: 0.3325243506240845, Validation loss: 0.4727323218345642, Validation accuracy: 0.8414
Adjusting learning rate of group 0 to 1.0000e-01.
Epoch: 22, Train loss: 0.3284546949672699, Validation loss: 0.5291680482387543, Validation accuracy: 0.8279
Adjusting learning rate of group 0 to 1.0000e-01.
Epoch: 23, Train loss: 0.32234982829093933, Validation loss: 0.6053896073341369, Validation accuracy: 0.8131
Adjusting learning rate of group 0 to 1.0000e-01.
Epoch: 24, Train loss: 0.31875700981140137, Validation loss: 0.4998245127677918, Validation accuracy: 0.839
Adjusting learning rate of group 0 to 1.0000e-01.
Epoch: 25, Train loss: 0.3101225769519806, Validation loss: 0.5355517776489258, Validation accuracy: 0.8299
Adjusting learning rate of group 0 to 1.0000e-01.
Epoch: 26, Train loss: 0.31104915018081664, Validation loss: 0.5466903447151185, Validation accuracy: 0.8331
Adjusting learning rate of group 0 to 1.0000e-01.
Epoch: 27, Train loss: 0.3061940261745453, Validation loss: 0.45257539043426515, Validation accuracy: 0.8542
Adjusting learning rate of group 0 to 1.0000e-01.
Epoch: 28, Train loss: 0.30346911339759824, Validation loss: 0.5666734227180481, Validation accuracy: 0.8283
Adjusting learning rate of group 0 to 1.0000e-01.
Epoch: 29, Train loss: 0.30093297982215883, Validation loss: 0.4170932845115662, Validation accuracy: 0.8624
Adjusting learning rate of group 0 to 1.0000e-01.
Epoch: 30, Train loss: 0.2958506105709076, Validation loss: 0.49917737932205203, Validation accuracy: 0.8374
Adjusting learning rate of group 0 to 1.0000e-01.
Epoch: 31, Train loss: 0.29132730872154233, Validation loss: 0.5673006594657898, Validation accuracy: 0.8245
Adjusting learning rate of group 0 to 1.0000e-01.
Epoch: 32, Train loss: 0.28689273370742796, Validation loss: 0.467467564868927, Validation accuracy: 0.8431
Adjusting learning rate of group 0 to 1.0000e-01.
Epoch: 33, Train loss: 0.28480634439468383, Validation loss: 0.4390134067058563, Validation accuracy: 0.8542
Adjusting learning rate of group 0 to 1.0000e-01.
Epoch: 34, Train loss: 0.27388538459777834, Validation loss: 0.5322845136165619, Validation accuracy: 0.8331
Adjusting learning rate of group 0 to 1.0000e-01.
Epoch: 35, Train loss: 0.2822915470790863, Validation loss: 0.4950175800800323, Validation accuracy: 0.838
Adjusting learning rate of group 0 to 1.0000e-01.
Epoch: 36, Train loss: 0.2828028811836243, Validation loss: 0.40542089314460755, Validation accuracy: 0.8722
Adjusting learning rate of group 0 to 1.0000e-01.
Epoch: 37, Train loss: 0.2670189833545685, Validation loss: 0.5745555163383483, Validation accuracy: 0.8246
Adjusting learning rate of group 0 to 1.0000e-01.
Epoch: 38, Train loss: 0.2775830884742737, Validation loss: 0.5549993869781494, Validation accuracy: 0.8366
Adjusting learning rate of group 0 to 1.0000e-01.
Epoch: 39, Train loss: 0.26826990736961365, Validation loss: 0.5079768563270569, Validation accuracy: 0.8437
Adjusting learning rate of group 0 to 1.0000e-01.
Epoch: 40, Train loss: 0.2709035815525055, Validation loss: 0.5732997122287751, Validation accuracy: 0.8272
Adjusting learning rate of group 0 to 1.0000e-01.
Epoch: 41, Train loss: 0.2623458380937576, Validation loss: 0.49939355278015135, Validation accuracy: 0.8429
Adjusting learning rate of group 0 to 1.0000e-01.
Epoch: 42, Train loss: 0.2568590236949921, Validation loss: 0.5572519234657287, Validation accuracy: 0.8313
Adjusting learning rate of group 0 to 1.0000e-01.
Epoch: 43, Train loss: 0.2725894322967529, Validation loss: 0.4855419877529144, Validation accuracy: 0.8424
Adjusting learning rate of group 0 to 1.0000e-01.
Epoch: 44, Train loss: 0.2607206067752838, Validation loss: 0.47963712949752807, Validation accuracy: 0.8555
Adjusting learning rate of group 0 to 1.0000e-01.
Epoch: 45, Train loss: 0.26302199124336245, Validation loss: 0.49771313676834106, Validation accuracy: 0.8529
Adjusting learning rate of group 0 to 1.0000e-01.
Epoch: 46, Train loss: 0.25930649930000305, Validation loss: 0.5541144474506379, Validation accuracy: 0.8367
Adjusting learning rate of group 0 to 1.0000e-01.
Epoch: 47, Train loss: 0.25582804805755616, Validation loss: 0.5023474658727646, Validation accuracy: 0.8464
Adjusting learning rate of group 0 to 1.0000e-01.
Epoch: 48, Train loss: 0.2506717261123657, Validation loss: 0.7459788677215576, Validation accuracy: 0.7857
Adjusting learning rate of group 0 to 1.0000e-01.
Epoch: 49, Train loss: 0.24748485108852386, Validation loss: 0.38548944687843323, Validation accuracy: 0.8725
Adjusting learning rate of group 0 to 1.0000e-01.
Epoch: 50, Train loss: 0.2459445802307129, Validation loss: 0.3745595954418182, Validation accuracy: 0.8735
Adjusting learning rate of group 0 to 1.0000e-01.
Epoch: 51, Train loss: 0.251419229927063, Validation loss: 0.5129077351570129, Validation accuracy: 0.8403
Adjusting learning rate of group 0 to 1.0000e-01.
Epoch: 52, Train loss: 0.24665623243331908, Validation loss: 0.48427505378723146, Validation accuracy: 0.8523
Adjusting learning rate of group 0 to 1.0000e-01.
Epoch: 53, Train loss: 0.24620885164260864, Validation loss: 0.37392350463867186, Validation accuracy: 0.8751
Adjusting learning rate of group 0 to 1.0000e-01.
Epoch: 54, Train loss: 0.2430808042049408, Validation loss: 0.4211669008255005, Validation accuracy: 0.868
Adjusting learning rate of group 0 to 1.0000e-01.
Epoch: 55, Train loss: 0.24469531705856323, Validation loss: 0.43889132232666017, Validation accuracy: 0.8659
Adjusting learning rate of group 0 to 1.0000e-01.
Epoch: 56, Train loss: 0.24085351707935332, Validation loss: 0.49969987440109254, Validation accuracy: 0.8481
Adjusting learning rate of group 0 to 1.0000e-01.
Epoch: 57, Train loss: 0.25044200234413144, Validation loss: 0.5372636598110199, Validation accuracy: 0.8395
Adjusting learning rate of group 0 to 1.0000e-01.
Epoch: 58, Train loss: 0.2455664304971695, Validation loss: 0.5191259444236755, Validation accuracy: 0.8309
Adjusting learning rate of group 0 to 1.0000e-01.
Epoch: 59, Train loss: 0.24506130810737609, Validation loss: 0.5500003825187683, Validation accuracy: 0.8348
Adjusting learning rate of group 0 to 1.0000e-01.
Epoch: 60, Train loss: 0.24058750281333924, Validation loss: 0.4042066697597504, Validation accuracy: 0.872
Adjusting learning rate of group 0 to 1.0000e-01.
Epoch: 61, Train loss: 0.24096448277950286, Validation loss: 0.6607459518432617, Validation accuracy: 0.8141
Adjusting learning rate of group 0 to 1.0000e-01.
Epoch: 62, Train loss: 0.23800136150360107, Validation loss: 0.40215298805236815, Validation accuracy: 0.8702
Adjusting learning rate of group 0 to 1.0000e-01.
Epoch: 63, Train loss: 0.23649048547267915, Validation loss: 0.382377329492569, Validation accuracy: 0.8759
Adjusting learning rate of group 0 to 1.0000e-01.
Epoch: 64, Train loss: 0.23603710926055907, Validation loss: 0.46832866525650024, Validation accuracy: 0.851
Adjusting learning rate of group 0 to 1.0000e-01.
Epoch: 65, Train loss: 0.23795539895057677, Validation loss: 0.6334067792892456, Validation accuracy: 0.8211
Adjusting learning rate of group 0 to 1.0000e-01.
Epoch: 66, Train loss: 0.2328954210138321, Validation loss: 0.46104907784461974, Validation accuracy: 0.86
Adjusting learning rate of group 0 to 1.0000e-01.
Epoch: 67, Train loss: 0.2311296140885353, Validation loss: 0.38527581615448, Validation accuracy: 0.8768
Adjusting learning rate of group 0 to 1.0000e-01.
Epoch: 68, Train loss: 0.2274895254611969, Validation loss: 0.6765938842773438, Validation accuracy: 0.8031
Adjusting learning rate of group 0 to 1.0000e-01.
Epoch: 69, Train loss: 0.23063512763023378, Validation loss: 0.6606300158500671, Validation accuracy: 0.8141
Adjusting learning rate of group 0 to 1.0000e-01.
Epoch: 70, Train loss: 0.2385276272583008, Validation loss: 0.38816834564208985, Validation accuracy: 0.8763
