['ResNet-Tensorized.py', '--ranks', '64', '--space_rank', '9', '--seed', '12347', '--device=cuda:2', '--filename=resnet-tensorized-tt.6', '--resume', '--n_epochs', '300', '--milestones', '150', '225']
Initializing dataloader
Files already downloaded and verified
Files already downloaded and verified
Dataloader has initialized
Initializing model
Adjusting learning rate of group 0 to 1.0000e-02.
Model initialized
Testing model
Tests passed
Adjusting learning rate of group 0 to 2.0000e-02.
Epoch: 112, Train loss: 0.2042603111743927, Validation loss: 0.2610620755672455, Validation accuracy: 0.9107
Adjusting learning rate of group 0 to 3.0000e-02.
Epoch: 113, Train loss: 0.1699277009010315, Validation loss: 0.2698133303642273, Validation accuracy: 0.9115
Adjusting learning rate of group 0 to 4.0000e-02.
Epoch: 114, Train loss: 0.16306201971054077, Validation loss: 0.2978312925338745, Validation accuracy: 0.902
Adjusting learning rate of group 0 to 5.0000e-02.
Epoch: 115, Train loss: 0.18063181846618653, Validation loss: 0.34549615154266355, Validation accuracy: 0.8916
Adjusting learning rate of group 0 to 6.0000e-02.
Epoch: 116, Train loss: 0.20431817261219024, Validation loss: 0.3416691545009613, Validation accuracy: 0.8861
Adjusting learning rate of group 0 to 7.0000e-02.
Epoch: 117, Train loss: 0.2364206056690216, Validation loss: 0.388645698261261, Validation accuracy: 0.8782
Adjusting learning rate of group 0 to 8.0000e-02.
Epoch: 118, Train loss: 0.26422937716007233, Validation loss: 0.44334690003395083, Validation accuracy: 0.862
Adjusting learning rate of group 0 to 9.0000e-02.
Epoch: 119, Train loss: 0.289162970161438, Validation loss: 0.5960900266647339, Validation accuracy: 0.8248
Adjusting learning rate of group 0 to 1.0000e-01.
Epoch: 120, Train loss: 0.31926965995788575, Validation loss: 0.6731179441452027, Validation accuracy: 0.8047
Adjusting learning rate of group 0 to 1.0000e-01.
Epoch: 121, Train loss: 0.3357517834854126, Validation loss: 0.7254776139259338, Validation accuracy: 0.7812
Adjusting learning rate of group 0 to 1.0000e-01.
Epoch: 122, Train loss: 0.32767728850364686, Validation loss: 0.618078180217743, Validation accuracy: 0.8075
Adjusting learning rate of group 0 to 1.0000e-01.
Epoch: 123, Train loss: 0.3187324472808838, Validation loss: 0.4921024175643921, Validation accuracy: 0.8351
Adjusting learning rate of group 0 to 1.0000e-01.
Epoch: 124, Train loss: 0.32426347579956055, Validation loss: 0.5156980957984925, Validation accuracy: 0.8378
Adjusting learning rate of group 0 to 1.0000e-01.
Epoch: 125, Train loss: 0.3207499516487122, Validation loss: 0.4659126832962036, Validation accuracy: 0.8436
Adjusting learning rate of group 0 to 1.0000e-01.
Epoch: 126, Train loss: 0.31662487342357637, Validation loss: 0.5170164120674133, Validation accuracy: 0.8324
Adjusting learning rate of group 0 to 1.0000e-01.
Epoch: 127, Train loss: 0.3222213730239868, Validation loss: 0.47919059982299805, Validation accuracy: 0.8401
Adjusting learning rate of group 0 to 1.0000e-01.
Epoch: 128, Train loss: 0.3190978070831299, Validation loss: 0.5473014237403869, Validation accuracy: 0.8324
Adjusting learning rate of group 0 to 1.0000e-01.
Epoch: 129, Train loss: 0.31250288280010224, Validation loss: 0.45016073803901674, Validation accuracy: 0.8553
Adjusting learning rate of group 0 to 1.0000e-01.
Epoch: 130, Train loss: 0.31722234018325807, Validation loss: 0.5676776761054992, Validation accuracy: 0.8289
Adjusting learning rate of group 0 to 1.0000e-01.
Epoch: 131, Train loss: 0.3178901100873947, Validation loss: 0.7254338933944702, Validation accuracy: 0.7836
Adjusting learning rate of group 0 to 1.0000e-01.
Epoch: 132, Train loss: 0.31044606223106386, Validation loss: 0.5552283065795899, Validation accuracy: 0.8309
Adjusting learning rate of group 0 to 1.0000e-01.
Epoch: 133, Train loss: 0.3144841910362244, Validation loss: 0.5016561076641083, Validation accuracy: 0.8327
Adjusting learning rate of group 0 to 1.0000e-01.
Epoch: 134, Train loss: 0.31232769718647, Validation loss: 0.39437895634174347, Validation accuracy: 0.8692
Adjusting learning rate of group 0 to 1.0000e-01.
Epoch: 135, Train loss: 0.3156151205635071, Validation loss: 0.571221832561493, Validation accuracy: 0.8186
Adjusting learning rate of group 0 to 1.0000e-01.
Epoch: 136, Train loss: 0.3109886941432953, Validation loss: 0.495330157828331, Validation accuracy: 0.8378
Adjusting learning rate of group 0 to 1.0000e-01.
Epoch: 137, Train loss: 0.315615070810318, Validation loss: 0.4950079879760742, Validation accuracy: 0.8385
Adjusting learning rate of group 0 to 1.0000e-01.
Epoch: 138, Train loss: 0.3083172898864746, Validation loss: 0.4229114709854126, Validation accuracy: 0.8642
Adjusting learning rate of group 0 to 1.0000e-01.
Epoch: 139, Train loss: 0.3104274953842163, Validation loss: 0.5764433726787567, Validation accuracy: 0.8176
Adjusting learning rate of group 0 to 1.0000e-01.
Epoch: 140, Train loss: 0.3094807904911041, Validation loss: 0.6117535762310028, Validation accuracy: 0.8138
Adjusting learning rate of group 0 to 1.0000e-01.
Epoch: 141, Train loss: 0.30856565320968626, Validation loss: 0.4489948417186737, Validation accuracy: 0.8539
Adjusting learning rate of group 0 to 1.0000e-01.
Epoch: 142, Train loss: 0.31529689791679383, Validation loss: 0.4502530421257019, Validation accuracy: 0.8538
Adjusting learning rate of group 0 to 1.0000e-01.
Epoch: 143, Train loss: 0.3131312423801422, Validation loss: 0.4290086699962616, Validation accuracy: 0.8585
Adjusting learning rate of group 0 to 1.0000e-01.
Epoch: 144, Train loss: 0.3060536209964752, Validation loss: 0.44132528657913206, Validation accuracy: 0.8492
Adjusting learning rate of group 0 to 1.0000e-01.
Epoch: 145, Train loss: 0.31347953587055205, Validation loss: 0.48686791429519655, Validation accuracy: 0.8392
Adjusting learning rate of group 0 to 1.0000e-01.
Epoch: 146, Train loss: 0.31317834241867065, Validation loss: 0.4479905475139618, Validation accuracy: 0.852
Adjusting learning rate of group 0 to 1.0000e-01.
Epoch: 147, Train loss: 0.31304500361442567, Validation loss: 0.48495087480545046, Validation accuracy: 0.842
Adjusting learning rate of group 0 to 1.0000e-01.
Epoch: 148, Train loss: 0.3110389300060272, Validation loss: 0.44529142574071884, Validation accuracy: 0.8565
Adjusting learning rate of group 0 to 1.0000e-01.
Epoch: 149, Train loss: 0.31092490488052366, Validation loss: 0.5067522303581238, Validation accuracy: 0.8287
Adjusting learning rate of group 0 to 1.0000e-01.
Epoch: 150, Train loss: 0.30346482510566714, Validation loss: 0.4258678659439087, Validation accuracy: 0.8532
Adjusting learning rate of group 0 to 1.0000e-01.
Epoch: 151, Train loss: 0.3104238815784454, Validation loss: 0.5062294333934784, Validation accuracy: 0.84
Adjusting learning rate of group 0 to 1.0000e-01.
Epoch: 152, Train loss: 0.3103825120258331, Validation loss: 0.42838468968868254, Validation accuracy: 0.8559
Adjusting learning rate of group 0 to 1.0000e-01.
Epoch: 153, Train loss: 0.31027657165527345, Validation loss: 0.39649232218265534, Validation accuracy: 0.8652
Adjusting learning rate of group 0 to 1.0000e-01.
Epoch: 154, Train loss: 0.30890439569473266, Validation loss: 0.41227152967453, Validation accuracy: 0.8643
Adjusting learning rate of group 0 to 1.0000e-01.
Epoch: 155, Train loss: 0.3055223011302948, Validation loss: 0.46269712171554567, Validation accuracy: 0.8494
Adjusting learning rate of group 0 to 1.0000e-01.
Epoch: 156, Train loss: 0.31240766553878785, Validation loss: 0.42826909222602844, Validation accuracy: 0.8523
Adjusting learning rate of group 0 to 1.0000e-01.
Epoch: 157, Train loss: 0.31517363286972044, Validation loss: 0.5619085403442383, Validation accuracy: 0.8248
Adjusting learning rate of group 0 to 1.0000e-01.
Epoch: 158, Train loss: 0.3100989863586426, Validation loss: 0.4595872766017914, Validation accuracy: 0.8516
Adjusting learning rate of group 0 to 1.0000e-01.
Epoch: 159, Train loss: 0.3081164451217651, Validation loss: 0.5787143762588501, Validation accuracy: 0.8188
Adjusting learning rate of group 0 to 1.0000e-01.
Epoch: 160, Train loss: 0.307759667634964, Validation loss: 0.41053852138519287, Validation accuracy: 0.8633
Adjusting learning rate of group 0 to 1.0000e-01.
Epoch: 161, Train loss: 0.3036026293468475, Validation loss: 0.5260014015197754, Validation accuracy: 0.8362
Adjusting learning rate of group 0 to 1.0000e-01.
Epoch: 162, Train loss: 0.306896550283432, Validation loss: 0.45701903276443484, Validation accuracy: 0.8539
Adjusting learning rate of group 0 to 1.0000e-01.
Epoch: 163, Train loss: 0.3102962212562561, Validation loss: 0.5595703804016113, Validation accuracy: 0.823
Adjusting learning rate of group 0 to 1.0000e-01.
Epoch: 164, Train loss: 0.3074736606407166, Validation loss: 0.43285217819213867, Validation accuracy: 0.8649
Adjusting learning rate of group 0 to 1.0000e-01.
Epoch: 165, Train loss: 0.3136091031074524, Validation loss: 0.4571488095164299, Validation accuracy: 0.8525
Adjusting learning rate of group 0 to 1.0000e-01.
Epoch: 166, Train loss: 0.30590661264419555, Validation loss: 0.433375337600708, Validation accuracy: 0.8609
Adjusting learning rate of group 0 to 1.0000e-01.
Epoch: 167, Train loss: 0.3140853443336487, Validation loss: 0.5620029380083084, Validation accuracy: 0.8281
Adjusting learning rate of group 0 to 1.0000e-01.
Epoch: 168, Train loss: 0.30804948766708373, Validation loss: 0.4740179955482483, Validation accuracy: 0.8455
Adjusting learning rate of group 0 to 1.0000e-01.
Epoch: 169, Train loss: 0.3068141802406311, Validation loss: 0.4640543231010437, Validation accuracy: 0.8436
Adjusting learning rate of group 0 to 1.0000e-01.
Epoch: 170, Train loss: 0.306866531419754, Validation loss: 0.4124393267631531, Validation accuracy: 0.856
Adjusting learning rate of group 0 to 1.0000e-01.
Epoch: 171, Train loss: 0.3136331557559967, Validation loss: 0.5803398247241974, Validation accuracy: 0.8173
Adjusting learning rate of group 0 to 1.0000e-01.
Epoch: 172, Train loss: 0.30896196682929994, Validation loss: 0.5262162888526917, Validation accuracy: 0.8344
Adjusting learning rate of group 0 to 1.0000e-01.
Epoch: 173, Train loss: 0.30695028256416323, Validation loss: 0.6806881032943726, Validation accuracy: 0.8003
Adjusting learning rate of group 0 to 1.0000e-01.
Epoch: 174, Train loss: 0.3103285217666626, Validation loss: 0.4161782368659973, Validation accuracy: 0.8628
Adjusting learning rate of group 0 to 1.0000e-01.
Epoch: 175, Train loss: 0.30943413022995, Validation loss: 0.4486150589942932, Validation accuracy: 0.8501
Adjusting learning rate of group 0 to 1.0000e-01.
Epoch: 176, Train loss: 0.31460367522239685, Validation loss: 0.40569178733825684, Validation accuracy: 0.8623
Adjusting learning rate of group 0 to 1.0000e-01.
Epoch: 177, Train loss: 0.2954821618366241, Validation loss: 0.4779276143550873, Validation accuracy: 0.8383
Adjusting learning rate of group 0 to 1.0000e-01.
Epoch: 178, Train loss: 0.3095790093231201, Validation loss: 0.5456411144733428, Validation accuracy: 0.8251
Adjusting learning rate of group 0 to 1.0000e-01.
Epoch: 179, Train loss: 0.3097777051448822, Validation loss: 0.49198823285102844, Validation accuracy: 0.8477
Adjusting learning rate of group 0 to 1.0000e-01.
Epoch: 180, Train loss: 0.3026303904914856, Validation loss: 0.4142681339740753, Validation accuracy: 0.8658
Adjusting learning rate of group 0 to 1.0000e-01.
Epoch: 181, Train loss: 0.3079195521259308, Validation loss: 0.4602107051849365, Validation accuracy: 0.8479
Adjusting learning rate of group 0 to 1.0000e-01.
Epoch: 182, Train loss: 0.3041616793632507, Validation loss: 0.40591244263648985, Validation accuracy: 0.8645
Adjusting learning rate of group 0 to 1.0000e-01.
Epoch: 183, Train loss: 0.30810678881645204, Validation loss: 0.4523386176586151, Validation accuracy: 0.8492
Adjusting learning rate of group 0 to 1.0000e-01.
Epoch: 184, Train loss: 0.3035085866355896, Validation loss: 0.49858955101966856, Validation accuracy: 0.8425
Adjusting learning rate of group 0 to 1.0000e-01.
Epoch: 185, Train loss: 0.3016113236808777, Validation loss: 0.5607582520961761, Validation accuracy: 0.8357
Adjusting learning rate of group 0 to 1.0000e-01.
Epoch: 186, Train loss: 0.3076175272274017, Validation loss: 0.5278137407779694, Validation accuracy: 0.8233
Adjusting learning rate of group 0 to 1.0000e-01.
Epoch: 187, Train loss: 0.3056753514671326, Validation loss: 0.5731724120140076, Validation accuracy: 0.8225
Adjusting learning rate of group 0 to 1.0000e-01.
Epoch: 188, Train loss: 0.30821556875228884, Validation loss: 0.5376097881317139, Validation accuracy: 0.8316
Adjusting learning rate of group 0 to 1.0000e-01.
Epoch: 189, Train loss: 0.30503540610790253, Validation loss: 0.6591260189056396, Validation accuracy: 0.8005
Adjusting learning rate of group 0 to 1.0000e-01.
Epoch: 190, Train loss: 0.30495162343025206, Validation loss: 0.5019770293712617, Validation accuracy: 0.837
Adjusting learning rate of group 0 to 1.0000e-01.
Epoch: 191, Train loss: 0.3040480661725998, Validation loss: 0.5309739934921265, Validation accuracy: 0.833
Adjusting learning rate of group 0 to 1.0000e-01.
Epoch: 192, Train loss: 0.30556211495399477, Validation loss: 0.4708875696182251, Validation accuracy: 0.8482
Adjusting learning rate of group 0 to 1.0000e-01.
Epoch: 193, Train loss: 0.30666577969551084, Validation loss: 0.5004657320976257, Validation accuracy: 0.8388
Adjusting learning rate of group 0 to 1.0000e-01.
Epoch: 194, Train loss: 0.3049283346366882, Validation loss: 0.4957834867477417, Validation accuracy: 0.8438
Adjusting learning rate of group 0 to 1.0000e-01.
Epoch: 195, Train loss: 0.30261257068634034, Validation loss: 0.4620260432243347, Validation accuracy: 0.8487
Adjusting learning rate of group 0 to 1.0000e-01.
Epoch: 196, Train loss: 0.3051944826602936, Validation loss: 1.076406418800354, Validation accuracy: 0.7099
Adjusting learning rate of group 0 to 1.0000e-01.
Epoch: 197, Train loss: 0.30341907393455503, Validation loss: 0.4854774730443954, Validation accuracy: 0.8509
Adjusting learning rate of group 0 to 1.0000e-01.
Epoch: 198, Train loss: 0.3047942279148102, Validation loss: 0.4226316398739815, Validation accuracy: 0.8612
Adjusting learning rate of group 0 to 1.0000e-01.
Epoch: 199, Train loss: 0.30546986417770383, Validation loss: 0.39526668796539305, Validation accuracy: 0.871
Adjusting learning rate of group 0 to 1.0000e-01.
Epoch: 200, Train loss: 0.3046919328212738, Validation loss: 0.4438366005897522, Validation accuracy: 0.8569
Adjusting learning rate of group 0 to 1.0000e-01.
Epoch: 201, Train loss: 0.30409484809875487, Validation loss: 0.5390912035942078, Validation accuracy: 0.8287
Adjusting learning rate of group 0 to 1.0000e-01.
Epoch: 202, Train loss: 0.30042465089797976, Validation loss: 0.5276107811450959, Validation accuracy: 0.8297
Adjusting learning rate of group 0 to 1.0000e-01.
Epoch: 203, Train loss: 0.30127282034873965, Validation loss: 0.40489497718811035, Validation accuracy: 0.8675
Adjusting learning rate of group 0 to 1.0000e-01.
Epoch: 204, Train loss: 0.30486480642318725, Validation loss: 0.5205517970561981, Validation accuracy: 0.8343
Adjusting learning rate of group 0 to 1.0000e-01.
Epoch: 205, Train loss: 0.2976114277076721, Validation loss: 0.5380399092674255, Validation accuracy: 0.8393
Adjusting learning rate of group 0 to 1.0000e-01.
Epoch: 206, Train loss: 0.3042026171207428, Validation loss: 0.533482676744461, Validation accuracy: 0.8384
Adjusting learning rate of group 0 to 1.0000e-01.
Epoch: 207, Train loss: 0.30381931549072266, Validation loss: 0.4094482451915741, Validation accuracy: 0.8618
Adjusting learning rate of group 0 to 1.0000e-01.
Epoch: 208, Train loss: 0.3021640904712677, Validation loss: 0.4126385746717453, Validation accuracy: 0.8653
Adjusting learning rate of group 0 to 1.0000e-01.
Epoch: 209, Train loss: 0.29850674648284914, Validation loss: 0.43057705872058866, Validation accuracy: 0.8557
Adjusting learning rate of group 0 to 1.0000e-01.
Epoch: 210, Train loss: 0.3030901851081848, Validation loss: 0.4799215240240097, Validation accuracy: 0.8537
Adjusting learning rate of group 0 to 1.0000e-01.
Epoch: 211, Train loss: 0.29785960264205935, Validation loss: 0.4749712759971619, Validation accuracy: 0.8517
Adjusting learning rate of group 0 to 1.0000e-01.
Epoch: 212, Train loss: 0.3059535301780701, Validation loss: 0.40364447050094604, Validation accuracy: 0.8635
Adjusting learning rate of group 0 to 1.0000e-01.
Epoch: 213, Train loss: 0.30696944482803346, Validation loss: 0.45939561004638674, Validation accuracy: 0.8457
Adjusting learning rate of group 0 to 1.0000e-01.
Epoch: 214, Train loss: 0.3058437273979187, Validation loss: 0.5659563374519349, Validation accuracy: 0.8245
Adjusting learning rate of group 0 to 1.0000e-01.
Epoch: 215, Train loss: 0.30174217042922974, Validation loss: 0.4509772993564606, Validation accuracy: 0.8465
Adjusting learning rate of group 0 to 1.0000e-01.
Epoch: 216, Train loss: 0.2993908955192566, Validation loss: 0.4566389605522156, Validation accuracy: 0.8486
Adjusting learning rate of group 0 to 1.0000e-01.
Epoch: 217, Train loss: 0.29912648307800294, Validation loss: 0.5679754852771759, Validation accuracy: 0.8207
Adjusting learning rate of group 0 to 1.0000e-01.
Epoch: 218, Train loss: 0.3015822659111023, Validation loss: 0.41997350659370425, Validation accuracy: 0.8641
Adjusting learning rate of group 0 to 1.0000e-01.
Epoch: 219, Train loss: 0.30429685062408446, Validation loss: 0.5218784725427628, Validation accuracy: 0.8247
Adjusting learning rate of group 0 to 1.0000e-01.
Epoch: 220, Train loss: 0.2973711147785187, Validation loss: 0.42121694812774657, Validation accuracy: 0.8642
Adjusting learning rate of group 0 to 1.0000e-01.
Epoch: 221, Train loss: 0.2925686172389984, Validation loss: 0.5649229399204254, Validation accuracy: 0.8233
Adjusting learning rate of group 0 to 1.0000e-01.
Epoch: 222, Train loss: 0.2995322122001648, Validation loss: 0.429139831495285, Validation accuracy: 0.8628
Adjusting learning rate of group 0 to 1.0000e-01.
Epoch: 223, Train loss: 0.3020109120845795, Validation loss: 0.44750264501571657, Validation accuracy: 0.8542
Adjusting learning rate of group 0 to 1.0000e-01.
Epoch: 224, Train loss: 0.3011621292591095, Validation loss: 0.45256244459152223, Validation accuracy: 0.8479
Adjusting learning rate of group 0 to 1.0000e-01.
Epoch: 225, Train loss: 0.2959011567974091, Validation loss: 0.4701405156135559, Validation accuracy: 0.8495
Adjusting learning rate of group 0 to 1.0000e-01.
Epoch: 226, Train loss: 0.30117479515075685, Validation loss: 0.46248709058761595, Validation accuracy: 0.8479
Adjusting learning rate of group 0 to 1.0000e-01.
Epoch: 227, Train loss: 0.3025400809764862, Validation loss: 0.5796008361339569, Validation accuracy: 0.8133
Adjusting learning rate of group 0 to 1.0000e-01.
Epoch: 228, Train loss: 0.2996720463275909, Validation loss: 0.4656920060157776, Validation accuracy: 0.8478
Adjusting learning rate of group 0 to 1.0000e-01.
Epoch: 229, Train loss: 0.29685617243289947, Validation loss: 0.4294262165307999, Validation accuracy: 0.8552
Adjusting learning rate of group 0 to 1.0000e-01.
Epoch: 230, Train loss: 0.29980930901527403, Validation loss: 0.46298101704120637, Validation accuracy: 0.845
Adjusting learning rate of group 0 to 1.0000e-01.
Epoch: 231, Train loss: 0.29951223178863523, Validation loss: 0.46320999474525454, Validation accuracy: 0.8497
Adjusting learning rate of group 0 to 1.0000e-01.
Epoch: 232, Train loss: 0.3015013049030304, Validation loss: 0.509281180047989, Validation accuracy: 0.8415
Adjusting learning rate of group 0 to 1.0000e-01.
Epoch: 233, Train loss: 0.301752373790741, Validation loss: 0.49726718661785124, Validation accuracy: 0.8364
Adjusting learning rate of group 0 to 1.0000e-01.
Epoch: 234, Train loss: 0.29595407405376434, Validation loss: 0.42855001640319823, Validation accuracy: 0.8541
Adjusting learning rate of group 0 to 1.0000e-01.
Epoch: 235, Train loss: 0.301842670841217, Validation loss: 0.44026896691322326, Validation accuracy: 0.8535
Adjusting learning rate of group 0 to 1.0000e-01.
Epoch: 236, Train loss: 0.30161872359275815, Validation loss: 0.43335320386886594, Validation accuracy: 0.8587
Adjusting learning rate of group 0 to 1.0000e-01.
Epoch: 237, Train loss: 0.30126873289585115, Validation loss: 0.4783166456222534, Validation accuracy: 0.8443
Adjusting learning rate of group 0 to 1.0000e-01.
Epoch: 238, Train loss: 0.29386994512557985, Validation loss: 0.4272094663619995, Validation accuracy: 0.8657
Adjusting learning rate of group 0 to 1.0000e-01.
Epoch: 239, Train loss: 0.2985302513313293, Validation loss: 0.44224543623924256, Validation accuracy: 0.8574
Adjusting learning rate of group 0 to 1.0000e-01.
Epoch: 240, Train loss: 0.2973594759941101, Validation loss: 0.457210232925415, Validation accuracy: 0.853
Adjusting learning rate of group 0 to 1.0000e-01.
Epoch: 241, Train loss: 0.30860217831134795, Validation loss: 0.394706099653244, Validation accuracy: 0.8712
Adjusting learning rate of group 0 to 1.0000e-01.
Epoch: 242, Train loss: 0.2992766084384918, Validation loss: 0.4101207542419434, Validation accuracy: 0.861
Adjusting learning rate of group 0 to 1.0000e-01.
Epoch: 243, Train loss: 0.30149093965530394, Validation loss: 0.5281935860157013, Validation accuracy: 0.8263
Adjusting learning rate of group 0 to 1.0000e-01.
Epoch: 244, Train loss: 0.2949879590034485, Validation loss: 0.4105845654964447, Validation accuracy: 0.8663
Adjusting learning rate of group 0 to 1.0000e-01.
Epoch: 245, Train loss: 0.30320898599624635, Validation loss: 0.4612413019180298, Validation accuracy: 0.842
Adjusting learning rate of group 0 to 1.0000e-01.
Epoch: 246, Train loss: 0.2949624178171158, Validation loss: 0.4192989723682404, Validation accuracy: 0.8575
Adjusting learning rate of group 0 to 1.0000e-01.
Epoch: 247, Train loss: 0.2998238936042786, Validation loss: 0.6076412906169891, Validation accuracy: 0.812
Adjusting learning rate of group 0 to 1.0000e-01.
Epoch: 248, Train loss: 0.2922628600215912, Validation loss: 0.44757079958915713, Validation accuracy: 0.8504
Adjusting learning rate of group 0 to 1.0000e-01.
Epoch: 249, Train loss: 0.3040162607383728, Validation loss: 0.4492274712562561, Validation accuracy: 0.8479
Adjusting learning rate of group 0 to 1.0000e-01.
Epoch: 250, Train loss: 0.30330512348651884, Validation loss: 0.42637642192840575, Validation accuracy: 0.8587
Adjusting learning rate of group 0 to 1.0000e-01.
Epoch: 251, Train loss: 0.30215524152755735, Validation loss: 0.4391609020233154, Validation accuracy: 0.8609
Adjusting learning rate of group 0 to 1.0000e-01.
Epoch: 252, Train loss: 0.2923702314281464, Validation loss: 0.5301220917224884, Validation accuracy: 0.8418
Adjusting learning rate of group 0 to 1.0000e-01.
Epoch: 253, Train loss: 0.291108091878891, Validation loss: 0.4106843241453171, Validation accuracy: 0.861
Adjusting learning rate of group 0 to 1.0000e-01.
Epoch: 254, Train loss: 0.30423106120109555, Validation loss: 0.456225341796875, Validation accuracy: 0.8496
Adjusting learning rate of group 0 to 1.0000e-01.
Epoch: 255, Train loss: 0.295440086479187, Validation loss: 0.4988048516750336, Validation accuracy: 0.8427
Adjusting learning rate of group 0 to 1.0000e-01.
Epoch: 256, Train loss: 0.2950014464855194, Validation loss: 0.4058878251552582, Validation accuracy: 0.8619
Adjusting learning rate of group 0 to 1.0000e-01.
Epoch: 257, Train loss: 0.299534189157486, Validation loss: 0.4192368201732635, Validation accuracy: 0.864
Adjusting learning rate of group 0 to 1.0000e-01.
Epoch: 258, Train loss: 0.29799544424057006, Validation loss: 0.4556066916465759, Validation accuracy: 0.8546
Adjusting learning rate of group 0 to 1.0000e-01.
Epoch: 259, Train loss: 0.2958640931224823, Validation loss: 0.45858212213516236, Validation accuracy: 0.847
Adjusting learning rate of group 0 to 1.0000e-01.
Epoch: 260, Train loss: 0.2961333529758453, Validation loss: 0.4657375566005707, Validation accuracy: 0.8471
Adjusting learning rate of group 0 to 1.0000e-01.
Epoch: 261, Train loss: 0.29355481048583987, Validation loss: 0.5781733632564545, Validation accuracy: 0.8206
Adjusting learning rate of group 0 to 1.0000e-02.
Epoch: 262, Train loss: 0.29570904576301577, Validation loss: 0.5039179708480835, Validation accuracy: 0.8437
Adjusting learning rate of group 0 to 1.0000e-02.
Epoch: 263, Train loss: 0.18047637773513794, Validation loss: 0.2514944241642952, Validation accuracy: 0.9154
Adjusting learning rate of group 0 to 1.0000e-02.
Epoch: 264, Train loss: 0.14507885398983955, Validation loss: 0.25029437960386275, Validation accuracy: 0.9176
Adjusting learning rate of group 0 to 1.0000e-02.
Epoch: 265, Train loss: 0.12973770520210265, Validation loss: 0.24298528702259065, Validation accuracy: 0.9206
Adjusting learning rate of group 0 to 1.0000e-02.
Epoch: 266, Train loss: 0.12377830354213715, Validation loss: 0.24201493196487428, Validation accuracy: 0.919
Adjusting learning rate of group 0 to 1.0000e-02.
Epoch: 267, Train loss: 0.11583661940097809, Validation loss: 0.2428648590564728, Validation accuracy: 0.9227
Adjusting learning rate of group 0 to 1.0000e-02.
Epoch: 268, Train loss: 0.10773319021701813, Validation loss: 0.24598482766747476, Validation accuracy: 0.9223
Adjusting learning rate of group 0 to 1.0000e-02.
Epoch: 269, Train loss: 0.102870515666008, Validation loss: 0.24289750576615335, Validation accuracy: 0.9215
Adjusting learning rate of group 0 to 1.0000e-02.
Epoch: 270, Train loss: 0.09963231594800949, Validation loss: 0.24505831169486045, Validation accuracy: 0.9224
Adjusting learning rate of group 0 to 1.0000e-02.
Epoch: 271, Train loss: 0.0914284234547615, Validation loss: 0.25574808000326155, Validation accuracy: 0.9208
Adjusting learning rate of group 0 to 1.0000e-02.
Epoch: 272, Train loss: 0.09059739243626594, Validation loss: 0.25248616647720334, Validation accuracy: 0.921
Adjusting learning rate of group 0 to 1.0000e-02.
Epoch: 273, Train loss: 0.08678550569772721, Validation loss: 0.2501588584661484, Validation accuracy: 0.9227
Adjusting learning rate of group 0 to 1.0000e-02.
Epoch: 274, Train loss: 0.08449322337150574, Validation loss: 0.2548288582444191, Validation accuracy: 0.9203
Adjusting learning rate of group 0 to 1.0000e-02.
Epoch: 275, Train loss: 0.08207992247343063, Validation loss: 0.25814324712753295, Validation accuracy: 0.919
Adjusting learning rate of group 0 to 1.0000e-02.
Epoch: 276, Train loss: 0.0776464482665062, Validation loss: 0.2547800503283739, Validation accuracy: 0.9248
Adjusting learning rate of group 0 to 1.0000e-02.
Epoch: 277, Train loss: 0.07622344282507897, Validation loss: 0.25485759139060976, Validation accuracy: 0.9225
Adjusting learning rate of group 0 to 1.0000e-02.
Epoch: 278, Train loss: 0.07419230810046196, Validation loss: 0.2708235679864883, Validation accuracy: 0.9222
Adjusting learning rate of group 0 to 1.0000e-02.
Epoch: 279, Train loss: 0.06992638089179992, Validation loss: 0.26269012022018434, Validation accuracy: 0.9211
Adjusting learning rate of group 0 to 1.0000e-02.
Epoch: 280, Train loss: 0.07224210386753083, Validation loss: 0.2625245582461357, Validation accuracy: 0.9214
Adjusting learning rate of group 0 to 1.0000e-02.
Epoch: 281, Train loss: 0.06883691534042359, Validation loss: 0.2700565566599369, Validation accuracy: 0.9209
Adjusting learning rate of group 0 to 1.0000e-02.
Epoch: 282, Train loss: 0.06555116131305695, Validation loss: 0.2749932345211506, Validation accuracy: 0.9238
Adjusting learning rate of group 0 to 1.0000e-02.
Epoch: 283, Train loss: 0.06505334383487701, Validation loss: 0.2788492459356785, Validation accuracy: 0.9213
Adjusting learning rate of group 0 to 1.0000e-02.
Epoch: 284, Train loss: 0.06353198214054108, Validation loss: 0.2889966625571251, Validation accuracy: 0.9209
Adjusting learning rate of group 0 to 1.0000e-02.
Epoch: 285, Train loss: 0.06263996503829956, Validation loss: 0.2905234029531479, Validation accuracy: 0.9204
Adjusting learning rate of group 0 to 1.0000e-02.
Epoch: 286, Train loss: 0.05910659915566444, Validation loss: 0.2899469880580902, Validation accuracy: 0.9181
Adjusting learning rate of group 0 to 1.0000e-02.
Epoch: 287, Train loss: 0.05973534960508346, Validation loss: 0.27837604348659517, Validation accuracy: 0.9242
Adjusting learning rate of group 0 to 1.0000e-02.
Epoch: 288, Train loss: 0.05678250128269195, Validation loss: 0.29178908972740175, Validation accuracy: 0.922
Adjusting learning rate of group 0 to 1.0000e-02.
Epoch: 289, Train loss: 0.0575972989320755, Validation loss: 0.2857238790273666, Validation accuracy: 0.922
Adjusting learning rate of group 0 to 1.0000e-02.
Epoch: 290, Train loss: 0.05805267649292946, Validation loss: 0.2901242614746094, Validation accuracy: 0.9228
Adjusting learning rate of group 0 to 1.0000e-02.
Epoch: 291, Train loss: 0.05770186508774757, Validation loss: 0.28808853607177737, Validation accuracy: 0.9201
Adjusting learning rate of group 0 to 1.0000e-02.
Epoch: 292, Train loss: 0.05530131595134735, Validation loss: 0.2959713755130768, Validation accuracy: 0.9213
Adjusting learning rate of group 0 to 1.0000e-02.
Epoch: 293, Train loss: 0.054300439381599425, Validation loss: 0.30298942457437517, Validation accuracy: 0.9186
Adjusting learning rate of group 0 to 1.0000e-02.
Epoch: 294, Train loss: 0.055138483682870866, Validation loss: 0.30414551475048063, Validation accuracy: 0.917
Adjusting learning rate of group 0 to 1.0000e-02.
Epoch: 295, Train loss: 0.05244597164273262, Validation loss: 0.3128535811662674, Validation accuracy: 0.918
Adjusting learning rate of group 0 to 1.0000e-02.
Epoch: 296, Train loss: 0.053414197742939, Validation loss: 0.2964450797915459, Validation accuracy: 0.9201
Adjusting learning rate of group 0 to 1.0000e-02.
Epoch: 297, Train loss: 0.054130945489406584, Validation loss: 0.295429621887207, Validation accuracy: 0.921
Adjusting learning rate of group 0 to 1.0000e-02.
Epoch: 298, Train loss: 0.05526109290361404, Validation loss: 0.3038826411128044, Validation accuracy: 0.9175
Adjusting learning rate of group 0 to 1.0000e-02.
Epoch: 299, Train loss: 0.05274128500342369, Validation loss: 0.29944712303876875, Validation accuracy: 0.9199
Accuracy: 0.9199
