['ResNet-Tensorized.py', '--ranks', '32', '16', '--space_rank', '9', '--seed', '12348', '--device=cuda:2', '--filename=resnet-tensorized-tt.7']
Initializing dataloader
Files already downloaded and verified
Files already downloaded and verified
Dataloader has initialized
Initializing model
Adjusting learning rate of group 0 to 1.0000e-02.
Model initialized
Testing model
Tests passed
Adjusting learning rate of group 0 to 2.0000e-02.
Epoch: 0, Train loss: 1.7065024350357056, Validation loss: 1.4466202405929565, Validation accuracy: 0.4739
Adjusting learning rate of group 0 to 3.0000e-02.
Epoch: 1, Train loss: 1.2665954023742676, Validation loss: 1.114534281349182, Validation accuracy: 0.6055
Adjusting learning rate of group 0 to 4.0000e-02.
Epoch: 2, Train loss: 1.0331321362686157, Validation loss: 0.9774193712234497, Validation accuracy: 0.6649
Adjusting learning rate of group 0 to 5.0000e-02.
Epoch: 3, Train loss: 0.8756861239242554, Validation loss: 0.8868339719772339, Validation accuracy: 0.6996
Adjusting learning rate of group 0 to 6.0000e-02.
Epoch: 4, Train loss: 0.763608124332428, Validation loss: 0.8965801237106323, Validation accuracy: 0.7008
Adjusting learning rate of group 0 to 7.0000e-02.
Epoch: 5, Train loss: 0.7047762602615356, Validation loss: 0.8623467593193054, Validation accuracy: 0.7161
Adjusting learning rate of group 0 to 8.0000e-02.
Epoch: 6, Train loss: 0.6587347615623474, Validation loss: 0.7702720404624939, Validation accuracy: 0.7447
Adjusting learning rate of group 0 to 9.0000e-02.
Epoch: 7, Train loss: 0.6289770393753051, Validation loss: 0.7021462270736695, Validation accuracy: 0.7557
Adjusting learning rate of group 0 to 1.0000e-01.
Epoch: 8, Train loss: 0.6084240288448334, Validation loss: 0.7406515248298645, Validation accuracy: 0.7535
Adjusting learning rate of group 0 to 1.0000e-01.
Epoch: 9, Train loss: 0.5935141637420654, Validation loss: 0.71469456615448, Validation accuracy: 0.755
Adjusting learning rate of group 0 to 1.0000e-01.
Epoch: 10, Train loss: 0.56722128698349, Validation loss: 0.7412642799377441, Validation accuracy: 0.7514
Adjusting learning rate of group 0 to 1.0000e-01.
Epoch: 11, Train loss: 0.5442298238372802, Validation loss: 0.863004210472107, Validation accuracy: 0.7407
Adjusting learning rate of group 0 to 1.0000e-01.
Epoch: 12, Train loss: 0.52881540517807, Validation loss: 0.6612303130149841, Validation accuracy: 0.777
Adjusting learning rate of group 0 to 1.0000e-01.
Epoch: 13, Train loss: 0.5181921720504761, Validation loss: 0.6033870768547058, Validation accuracy: 0.7973
Adjusting learning rate of group 0 to 1.0000e-01.
Epoch: 14, Train loss: 0.5014636420822144, Validation loss: 0.6289942887306214, Validation accuracy: 0.7883
Adjusting learning rate of group 0 to 1.0000e-01.
Epoch: 15, Train loss: 0.49509526584625246, Validation loss: 0.6480317609786987, Validation accuracy: 0.7836
Adjusting learning rate of group 0 to 1.0000e-01.
Epoch: 16, Train loss: 0.4879718402862549, Validation loss: 0.7801040367126465, Validation accuracy: 0.7561
Adjusting learning rate of group 0 to 1.0000e-01.
Epoch: 17, Train loss: 0.4803993617916107, Validation loss: 0.6964614137649536, Validation accuracy: 0.7737
Adjusting learning rate of group 0 to 1.0000e-01.
Epoch: 18, Train loss: 0.482543134727478, Validation loss: 0.6876445827007294, Validation accuracy: 0.7761
Adjusting learning rate of group 0 to 1.0000e-01.
Epoch: 19, Train loss: 0.4652206305408478, Validation loss: 0.6036592295646668, Validation accuracy: 0.7953
Adjusting learning rate of group 0 to 1.0000e-01.
Epoch: 20, Train loss: 0.46974826859474184, Validation loss: 0.682491161441803, Validation accuracy: 0.7776
Adjusting learning rate of group 0 to 1.0000e-01.
Epoch: 21, Train loss: 0.45479727312088014, Validation loss: 0.5889784278869629, Validation accuracy: 0.805
Adjusting learning rate of group 0 to 1.0000e-01.
Epoch: 22, Train loss: 0.4564081220340729, Validation loss: 0.5715067122459412, Validation accuracy: 0.8093
Adjusting learning rate of group 0 to 1.0000e-01.
Epoch: 23, Train loss: 0.44951869473457334, Validation loss: 0.7001585555076599, Validation accuracy: 0.7704
Adjusting learning rate of group 0 to 1.0000e-01.
Epoch: 24, Train loss: 0.4496506116771698, Validation loss: 0.6570083477020263, Validation accuracy: 0.7861
Adjusting learning rate of group 0 to 1.0000e-01.
Epoch: 25, Train loss: 0.4504526662826538, Validation loss: 0.6854241181850433, Validation accuracy: 0.7869
Adjusting learning rate of group 0 to 1.0000e-01.
Epoch: 26, Train loss: 0.43483736265182493, Validation loss: 0.6430141592979431, Validation accuracy: 0.7972
Adjusting learning rate of group 0 to 1.0000e-01.
Epoch: 27, Train loss: 0.43551637479782107, Validation loss: 0.5886350952148437, Validation accuracy: 0.8026
Adjusting learning rate of group 0 to 1.0000e-01.
Epoch: 28, Train loss: 0.43552251474380493, Validation loss: 0.6162050202846527, Validation accuracy: 0.7924
Adjusting learning rate of group 0 to 1.0000e-01.
Epoch: 29, Train loss: 0.4328688479042053, Validation loss: 0.6313775707244873, Validation accuracy: 0.7944
Adjusting learning rate of group 0 to 1.0000e-01.
Epoch: 30, Train loss: 0.42279625701904294, Validation loss: 0.7227842627525329, Validation accuracy: 0.767
Adjusting learning rate of group 0 to 1.0000e-01.
Epoch: 31, Train loss: 0.42412583984375, Validation loss: 0.7099076218605042, Validation accuracy: 0.7754
Adjusting learning rate of group 0 to 1.0000e-01.
Epoch: 32, Train loss: 0.418883330488205, Validation loss: 0.5540779705047607, Validation accuracy: 0.82
Adjusting learning rate of group 0 to 1.0000e-01.
Epoch: 33, Train loss: 0.4206414910316467, Validation loss: 0.6465499951839447, Validation accuracy: 0.78
Adjusting learning rate of group 0 to 1.0000e-01.
Epoch: 34, Train loss: 0.41886826974868774, Validation loss: 0.6540492276191712, Validation accuracy: 0.792
Adjusting learning rate of group 0 to 1.0000e-01.
Epoch: 35, Train loss: 0.417276230506897, Validation loss: 0.5710237006187439, Validation accuracy: 0.8114
Adjusting learning rate of group 0 to 1.0000e-01.
Epoch: 36, Train loss: 0.4150540766048431, Validation loss: 0.591710537815094, Validation accuracy: 0.8015
Adjusting learning rate of group 0 to 1.0000e-01.
Epoch: 37, Train loss: 0.4052556027889252, Validation loss: 0.49302280564308165, Validation accuracy: 0.8282
Adjusting learning rate of group 0 to 1.0000e-01.
Epoch: 38, Train loss: 0.4023537943935394, Validation loss: 0.5153801676750183, Validation accuracy: 0.8371
Adjusting learning rate of group 0 to 1.0000e-01.
Epoch: 39, Train loss: 0.4085673268032074, Validation loss: 0.6019603397369385, Validation accuracy: 0.8049
Adjusting learning rate of group 0 to 1.0000e-01.
Epoch: 40, Train loss: 0.4062188657569885, Validation loss: 0.5543340775489807, Validation accuracy: 0.8183
Adjusting learning rate of group 0 to 1.0000e-01.
Epoch: 41, Train loss: 0.40639242891311644, Validation loss: 0.6368736481666565, Validation accuracy: 0.798
Adjusting learning rate of group 0 to 1.0000e-01.
Epoch: 42, Train loss: 0.3978833829307556, Validation loss: 0.677559820652008, Validation accuracy: 0.791
Adjusting learning rate of group 0 to 1.0000e-01.
Epoch: 43, Train loss: 0.4036376320075989, Validation loss: 0.5913597913742066, Validation accuracy: 0.8132
Adjusting learning rate of group 0 to 1.0000e-01.
Epoch: 44, Train loss: 0.4043065314769745, Validation loss: 0.5685644954681397, Validation accuracy: 0.8228
Adjusting learning rate of group 0 to 1.0000e-01.
Epoch: 45, Train loss: 0.4003586689186096, Validation loss: 0.547964062833786, Validation accuracy: 0.8186
Adjusting learning rate of group 0 to 1.0000e-01.
Epoch: 46, Train loss: 0.39619517694473266, Validation loss: 0.5852682051181793, Validation accuracy: 0.8138
Adjusting learning rate of group 0 to 1.0000e-01.
Epoch: 47, Train loss: 0.3977971177482605, Validation loss: 0.4826726174354553, Validation accuracy: 0.8418
Adjusting learning rate of group 0 to 1.0000e-01.
Epoch: 48, Train loss: 0.40180296788215636, Validation loss: 0.6127523565292359, Validation accuracy: 0.8035
Adjusting learning rate of group 0 to 1.0000e-01.
Epoch: 49, Train loss: 0.3947271455383301, Validation loss: 0.5276660756111144, Validation accuracy: 0.8266
Adjusting learning rate of group 0 to 1.0000e-01.
Epoch: 50, Train loss: 0.39643944581985474, Validation loss: 0.4699772650718689, Validation accuracy: 0.8419
Adjusting learning rate of group 0 to 1.0000e-01.
Epoch: 51, Train loss: 0.383913664894104, Validation loss: 0.5626158671379089, Validation accuracy: 0.813
Adjusting learning rate of group 0 to 1.0000e-01.
Epoch: 52, Train loss: 0.3913237783241272, Validation loss: 0.49630310497283936, Validation accuracy: 0.8273
Adjusting learning rate of group 0 to 1.0000e-01.
Epoch: 53, Train loss: 0.38555007616996767, Validation loss: 0.6007405272006988, Validation accuracy: 0.8057
Adjusting learning rate of group 0 to 1.0000e-01.
Epoch: 54, Train loss: 0.3764746810722351, Validation loss: 0.6004968717098236, Validation accuracy: 0.8085
Adjusting learning rate of group 0 to 1.0000e-01.
Epoch: 55, Train loss: 0.3836587432575226, Validation loss: 0.509435522556305, Validation accuracy: 0.8304
Adjusting learning rate of group 0 to 1.0000e-01.
Epoch: 56, Train loss: 0.38743102127075196, Validation loss: 0.5269578178405762, Validation accuracy: 0.8288
Adjusting learning rate of group 0 to 1.0000e-01.
Epoch: 57, Train loss: 0.3851733564949036, Validation loss: 0.554419847202301, Validation accuracy: 0.8254
Adjusting learning rate of group 0 to 1.0000e-01.
Epoch: 58, Train loss: 0.38697906282424926, Validation loss: 0.5423407982826233, Validation accuracy: 0.8208
Adjusting learning rate of group 0 to 1.0000e-01.
Epoch: 59, Train loss: 0.38203979407310484, Validation loss: 0.5593678737640381, Validation accuracy: 0.8055
Adjusting learning rate of group 0 to 1.0000e-01.
Epoch: 60, Train loss: 0.3767151540851593, Validation loss: 0.5712372336387634, Validation accuracy: 0.8154
Adjusting learning rate of group 0 to 1.0000e-01.
Epoch: 61, Train loss: 0.37557734307289126, Validation loss: 0.5425766417264938, Validation accuracy: 0.8324
Adjusting learning rate of group 0 to 1.0000e-01.
Epoch: 62, Train loss: 0.3776172640705109, Validation loss: 0.5366167203426361, Validation accuracy: 0.8236
Adjusting learning rate of group 0 to 1.0000e-01.
Epoch: 63, Train loss: 0.3781934502506256, Validation loss: 0.6261826753139496, Validation accuracy: 0.8017
Adjusting learning rate of group 0 to 1.0000e-01.
Epoch: 64, Train loss: 0.3738295753479004, Validation loss: 0.4781673360824585, Validation accuracy: 0.8449
Adjusting learning rate of group 0 to 1.0000e-01.
Epoch: 65, Train loss: 0.3799903136253357, Validation loss: 0.5882646530151368, Validation accuracy: 0.8094
Adjusting learning rate of group 0 to 1.0000e-01.
Epoch: 66, Train loss: 0.3761814877319336, Validation loss: 0.4680459308385849, Validation accuracy: 0.8448
Adjusting learning rate of group 0 to 1.0000e-01.
Epoch: 67, Train loss: 0.37654917699813845, Validation loss: 0.5348279133319854, Validation accuracy: 0.817
Adjusting learning rate of group 0 to 1.0000e-01.
Epoch: 68, Train loss: 0.37202729338645935, Validation loss: 0.5414460412025451, Validation accuracy: 0.8304
Adjusting learning rate of group 0 to 1.0000e-01.
Epoch: 69, Train loss: 0.3733846853637695, Validation loss: 0.5182593641281128, Validation accuracy: 0.8247
Adjusting learning rate of group 0 to 1.0000e-01.
Epoch: 70, Train loss: 0.372088972120285, Validation loss: 0.5683111557960511, Validation accuracy: 0.818
Adjusting learning rate of group 0 to 1.0000e-01.
Epoch: 71, Train loss: 0.37236231858253477, Validation loss: 0.5179418444156647, Validation accuracy: 0.8222
Adjusting learning rate of group 0 to 1.0000e-01.
Epoch: 72, Train loss: 0.3728846118736267, Validation loss: 0.5746628561019897, Validation accuracy: 0.8196
Adjusting learning rate of group 0 to 1.0000e-01.
Epoch: 73, Train loss: 0.37387037739753726, Validation loss: 0.49039657287597654, Validation accuracy: 0.8401
Adjusting learning rate of group 0 to 1.0000e-01.
Epoch: 74, Train loss: 0.3687108151435852, Validation loss: 0.4665782102584839, Validation accuracy: 0.8423
Adjusting learning rate of group 0 to 1.0000e-01.
Epoch: 75, Train loss: 0.371219769821167, Validation loss: 0.6607431344032287, Validation accuracy: 0.7901
Adjusting learning rate of group 0 to 1.0000e-01.
Epoch: 76, Train loss: 0.3699538017463684, Validation loss: 0.6414102851867676, Validation accuracy: 0.8022
Adjusting learning rate of group 0 to 1.0000e-01.
Epoch: 77, Train loss: 0.3694714330196381, Validation loss: 0.4949454526424408, Validation accuracy: 0.8336
Adjusting learning rate of group 0 to 1.0000e-01.
Epoch: 78, Train loss: 0.36880050437450407, Validation loss: 0.5231005712509156, Validation accuracy: 0.8251
Adjusting learning rate of group 0 to 1.0000e-01.
Epoch: 79, Train loss: 0.36780963517189025, Validation loss: 0.7187422780990601, Validation accuracy: 0.7806
Adjusting learning rate of group 0 to 1.0000e-01.
Epoch: 80, Train loss: 0.36841710701942443, Validation loss: 0.4741598523139954, Validation accuracy: 0.8464
Adjusting learning rate of group 0 to 1.0000e-01.
Epoch: 81, Train loss: 0.3668083892822266, Validation loss: 0.6263731192588806, Validation accuracy: 0.8043
Adjusting learning rate of group 0 to 1.0000e-01.
Epoch: 82, Train loss: 0.35421557579040525, Validation loss: 0.5293443096160889, Validation accuracy: 0.8409
Adjusting learning rate of group 0 to 1.0000e-01.
Epoch: 83, Train loss: 0.36319164052963254, Validation loss: 0.5431704689025879, Validation accuracy: 0.8297
Adjusting learning rate of group 0 to 1.0000e-01.
Epoch: 84, Train loss: 0.366326184091568, Validation loss: 0.6170788688182831, Validation accuracy: 0.8113
Adjusting learning rate of group 0 to 1.0000e-01.
Epoch: 85, Train loss: 0.36282097450256345, Validation loss: 0.7285325986862182, Validation accuracy: 0.7675
Adjusting learning rate of group 0 to 1.0000e-01.
Epoch: 86, Train loss: 0.3611464677619934, Validation loss: 0.4315013736248016, Validation accuracy: 0.8541
Adjusting learning rate of group 0 to 1.0000e-01.
Epoch: 87, Train loss: 0.3570304014968872, Validation loss: 0.5861481520175934, Validation accuracy: 0.8101
Adjusting learning rate of group 0 to 1.0000e-01.
Epoch: 88, Train loss: 0.3523874864768982, Validation loss: 0.5099227472305298, Validation accuracy: 0.8345
Adjusting learning rate of group 0 to 1.0000e-01.
Epoch: 89, Train loss: 0.360216979265213, Validation loss: 0.5688055309295654, Validation accuracy: 0.8084
Adjusting learning rate of group 0 to 1.0000e-01.
Epoch: 90, Train loss: 0.36463942224502566, Validation loss: 0.5397673865318299, Validation accuracy: 0.8207
Adjusting learning rate of group 0 to 1.0000e-01.
Epoch: 91, Train loss: 0.35846928176879883, Validation loss: 0.4407968319892883, Validation accuracy: 0.8501
Adjusting learning rate of group 0 to 1.0000e-01.
Epoch: 92, Train loss: 0.35688221786499025, Validation loss: 0.47126187477111814, Validation accuracy: 0.8445
Adjusting learning rate of group 0 to 1.0000e-01.
Epoch: 93, Train loss: 0.36050414655685425, Validation loss: 0.38811443519592287, Validation accuracy: 0.8683
Adjusting learning rate of group 0 to 1.0000e-01.
Epoch: 94, Train loss: 0.3532973311328888, Validation loss: 0.43928867616653444, Validation accuracy: 0.8489
Adjusting learning rate of group 0 to 1.0000e-01.
Epoch: 95, Train loss: 0.3585542969989777, Validation loss: 0.6544363982200623, Validation accuracy: 0.7947
Adjusting learning rate of group 0 to 1.0000e-01.
Epoch: 96, Train loss: 0.3585058795833588, Validation loss: 0.47767566833496095, Validation accuracy: 0.8484
Adjusting learning rate of group 0 to 1.0000e-01.
Epoch: 97, Train loss: 0.35697957523345947, Validation loss: 0.4422696994781494, Validation accuracy: 0.8564
Adjusting learning rate of group 0 to 1.0000e-01.
Epoch: 98, Train loss: 0.3551071576213837, Validation loss: 0.48287842764854433, Validation accuracy: 0.8376
Adjusting learning rate of group 0 to 1.0000e-01.
Epoch: 99, Train loss: 0.3558880188560486, Validation loss: 0.6470868235588074, Validation accuracy: 0.7858
Adjusting learning rate of group 0 to 1.0000e-02.
Epoch: 100, Train loss: 0.35162324491500857, Validation loss: 0.6028955038070679, Validation accuracy: 0.8103
Adjusting learning rate of group 0 to 1.0000e-02.
Epoch: 101, Train loss: 0.22819425095558166, Validation loss: 0.27246169910430906, Validation accuracy: 0.911
Adjusting learning rate of group 0 to 1.0000e-02.
Epoch: 102, Train loss: 0.18833006214618683, Validation loss: 0.26632722964286804, Validation accuracy: 0.9123
Adjusting learning rate of group 0 to 1.0000e-02.
Epoch: 103, Train loss: 0.17402337908267976, Validation loss: 0.2695108682632446, Validation accuracy: 0.9134
Adjusting learning rate of group 0 to 1.0000e-02.
Epoch: 104, Train loss: 0.1620069011926651, Validation loss: 0.26824420537948607, Validation accuracy: 0.9139
Adjusting learning rate of group 0 to 1.0000e-02.
Epoch: 105, Train loss: 0.15364044516563416, Validation loss: 0.2705331050872803, Validation accuracy: 0.9131
Adjusting learning rate of group 0 to 1.0000e-02.
Epoch: 106, Train loss: 0.14606336532592773, Validation loss: 0.2790021014690399, Validation accuracy: 0.9139
Adjusting learning rate of group 0 to 1.0000e-02.
Epoch: 107, Train loss: 0.14066871374607087, Validation loss: 0.2749002474308014, Validation accuracy: 0.9153
Adjusting learning rate of group 0 to 1.0000e-02.
Epoch: 108, Train loss: 0.13517150508880615, Validation loss: 0.2786630895853043, Validation accuracy: 0.9152
Adjusting learning rate of group 0 to 1.0000e-02.
Epoch: 109, Train loss: 0.1307921616101265, Validation loss: 0.27075140442848206, Validation accuracy: 0.9152
Adjusting learning rate of group 0 to 1.0000e-02.
Epoch: 110, Train loss: 0.12611273950576782, Validation loss: 0.2873401581764221, Validation accuracy: 0.9141
Adjusting learning rate of group 0 to 1.0000e-02.
Epoch: 111, Train loss: 0.12041397945404053, Validation loss: 0.2890509682416916, Validation accuracy: 0.9102
Adjusting learning rate of group 0 to 1.0000e-02.
Epoch: 112, Train loss: 0.11821465390205384, Validation loss: 0.27779516508579255, Validation accuracy: 0.916
Adjusting learning rate of group 0 to 1.0000e-02.
Epoch: 113, Train loss: 0.11423783984184264, Validation loss: 0.2916378637075424, Validation accuracy: 0.9151
Adjusting learning rate of group 0 to 1.0000e-02.
Epoch: 114, Train loss: 0.11243471574306488, Validation loss: 0.28975306096076964, Validation accuracy: 0.9126
Adjusting learning rate of group 0 to 1.0000e-02.
Epoch: 115, Train loss: 0.10868090162515641, Validation loss: 0.2906729699373245, Validation accuracy: 0.9137
Adjusting learning rate of group 0 to 1.0000e-02.
Epoch: 116, Train loss: 0.10946983269691467, Validation loss: 0.29351677250862124, Validation accuracy: 0.9119
Adjusting learning rate of group 0 to 1.0000e-02.
Epoch: 117, Train loss: 0.10579207298517228, Validation loss: 0.29013747043609617, Validation accuracy: 0.9144
Adjusting learning rate of group 0 to 1.0000e-02.
Epoch: 118, Train loss: 0.10328011836051941, Validation loss: 0.2920530298948288, Validation accuracy: 0.9161
Adjusting learning rate of group 0 to 1.0000e-02.
Epoch: 119, Train loss: 0.1018879507446289, Validation loss: 0.30388317484855654, Validation accuracy: 0.9123
Adjusting learning rate of group 0 to 1.0000e-02.
Epoch: 120, Train loss: 0.09806488216400147, Validation loss: 0.3067370457649231, Validation accuracy: 0.9128
Adjusting learning rate of group 0 to 1.0000e-02.
Epoch: 121, Train loss: 0.09723009802818298, Validation loss: 0.31051094574928284, Validation accuracy: 0.9089
Adjusting learning rate of group 0 to 1.0000e-02.
Epoch: 122, Train loss: 0.0967510024356842, Validation loss: 0.31448822712898256, Validation accuracy: 0.9114
Adjusting learning rate of group 0 to 1.0000e-02.
Epoch: 123, Train loss: 0.0942843599486351, Validation loss: 0.30533347759246826, Validation accuracy: 0.9157
Adjusting learning rate of group 0 to 1.0000e-02.
Epoch: 124, Train loss: 0.092255687789917, Validation loss: 0.31013446397781375, Validation accuracy: 0.9149
Adjusting learning rate of group 0 to 1.0000e-02.
Epoch: 125, Train loss: 0.09003976279497147, Validation loss: 0.3166534783363342, Validation accuracy: 0.9121
Adjusting learning rate of group 0 to 1.0000e-02.
Epoch: 126, Train loss: 0.0886658964061737, Validation loss: 0.3172569486618042, Validation accuracy: 0.9126
Adjusting learning rate of group 0 to 1.0000e-02.
Epoch: 127, Train loss: 0.09182460370063782, Validation loss: 0.3325716248989105, Validation accuracy: 0.9104
Adjusting learning rate of group 0 to 1.0000e-02.
Epoch: 128, Train loss: 0.0902285221529007, Validation loss: 0.3111061583518982, Validation accuracy: 0.9138
Adjusting learning rate of group 0 to 1.0000e-02.
Epoch: 129, Train loss: 0.08792929287433625, Validation loss: 0.3157334468841553, Validation accuracy: 0.9134
Adjusting learning rate of group 0 to 1.0000e-02.
Epoch: 130, Train loss: 0.08674543280601502, Validation loss: 0.30086024503707887, Validation accuracy: 0.9134
Adjusting learning rate of group 0 to 1.0000e-02.
Epoch: 131, Train loss: 0.08671725854873658, Validation loss: 0.3240789500236511, Validation accuracy: 0.9102
Adjusting learning rate of group 0 to 1.0000e-02.
Epoch: 132, Train loss: 0.08689808436870575, Validation loss: 0.3243452479362488, Validation accuracy: 0.9133
Adjusting learning rate of group 0 to 1.0000e-02.
Epoch: 133, Train loss: 0.0827584694492817, Validation loss: 0.3369923333406448, Validation accuracy: 0.9097
Adjusting learning rate of group 0 to 1.0000e-02.
Epoch: 134, Train loss: 0.08454203185558319, Validation loss: 0.3340299577951431, Validation accuracy: 0.908
Adjusting learning rate of group 0 to 1.0000e-02.
Epoch: 135, Train loss: 0.08149997239589692, Validation loss: 0.3170049125909805, Validation accuracy: 0.9152
Adjusting learning rate of group 0 to 1.0000e-02.
Epoch: 136, Train loss: 0.08119740087985992, Validation loss: 0.32274495735168457, Validation accuracy: 0.9128
Adjusting learning rate of group 0 to 1.0000e-02.
Epoch: 137, Train loss: 0.08186606456160546, Validation loss: 0.340254221534729, Validation accuracy: 0.9084
Adjusting learning rate of group 0 to 1.0000e-02.
Epoch: 138, Train loss: 0.08521391692399978, Validation loss: 0.33258978559970853, Validation accuracy: 0.9105
Adjusting learning rate of group 0 to 1.0000e-02.
Epoch: 139, Train loss: 0.082716225335598, Validation loss: 0.3410072700977325, Validation accuracy: 0.9091
Adjusting learning rate of group 0 to 1.0000e-02.
Epoch: 140, Train loss: 0.08449506451010703, Validation loss: 0.3239937815666199, Validation accuracy: 0.9126
Adjusting learning rate of group 0 to 1.0000e-02.
Epoch: 141, Train loss: 0.08401455782413483, Validation loss: 0.3314322298526764, Validation accuracy: 0.9133
Adjusting learning rate of group 0 to 1.0000e-02.
Epoch: 142, Train loss: 0.08104229858875274, Validation loss: 0.34737669038772584, Validation accuracy: 0.9122
Adjusting learning rate of group 0 to 1.0000e-02.
Epoch: 143, Train loss: 0.08674222086429596, Validation loss: 0.3332223096370697, Validation accuracy: 0.9078
Adjusting learning rate of group 0 to 1.0000e-02.
Epoch: 144, Train loss: 0.08227735946178437, Validation loss: 0.36166574271917346, Validation accuracy: 0.9071
Adjusting learning rate of group 0 to 1.0000e-02.
Epoch: 145, Train loss: 0.08240395508766174, Validation loss: 0.3429342796802521, Validation accuracy: 0.9085
Adjusting learning rate of group 0 to 1.0000e-02.
Epoch: 146, Train loss: 0.08305069196224213, Validation loss: 0.3391419215917587, Validation accuracy: 0.9057
Adjusting learning rate of group 0 to 1.0000e-02.
Epoch: 147, Train loss: 0.08219126585483551, Validation loss: 0.35002187788486483, Validation accuracy: 0.9091
Adjusting learning rate of group 0 to 1.0000e-02.
Epoch: 148, Train loss: 0.08043746479511261, Validation loss: 0.325874355173111, Validation accuracy: 0.9106
Adjusting learning rate of group 0 to 1.0000e-02.
Epoch: 149, Train loss: 0.07882705958843231, Validation loss: 0.3775687067985535, Validation accuracy: 0.9029
Adjusting learning rate of group 0 to 1.0000e-03.
Epoch: 150, Train loss: 0.08119896819591522, Validation loss: 0.353199161195755, Validation accuracy: 0.9021
Adjusting learning rate of group 0 to 1.0000e-03.
Epoch: 151, Train loss: 0.05953261542439461, Validation loss: 0.30844309948682785, Validation accuracy: 0.917
Adjusting learning rate of group 0 to 1.0000e-03.
Epoch: 152, Train loss: 0.04785220176935196, Validation loss: 0.3014009684324265, Validation accuracy: 0.9197
Adjusting learning rate of group 0 to 1.0000e-03.
Epoch: 153, Train loss: 0.04306240835845471, Validation loss: 0.30226296911239625, Validation accuracy: 0.9207
Adjusting learning rate of group 0 to 1.0000e-03.
Epoch: 154, Train loss: 0.04068431498765945, Validation loss: 0.30853198699951173, Validation accuracy: 0.919
Adjusting learning rate of group 0 to 1.0000e-03.
Epoch: 155, Train loss: 0.03689735325634479, Validation loss: 0.30498663123846054, Validation accuracy: 0.9193
Adjusting learning rate of group 0 to 1.0000e-03.
Epoch: 156, Train loss: 0.037541165144443514, Validation loss: 0.3100508326172829, Validation accuracy: 0.92
Adjusting learning rate of group 0 to 1.0000e-03.
Epoch: 157, Train loss: 0.036409392955601215, Validation loss: 0.30541129558086394, Validation accuracy: 0.9197
Adjusting learning rate of group 0 to 1.0000e-03.
Epoch: 158, Train loss: 0.0351242189514637, Validation loss: 0.3062307044267654, Validation accuracy: 0.9202
Adjusting learning rate of group 0 to 1.0000e-03.
Epoch: 159, Train loss: 0.034082348561286925, Validation loss: 0.3076477177977562, Validation accuracy: 0.9199
Adjusting learning rate of group 0 to 1.0000e-03.
Epoch: 160, Train loss: 0.03363980201363564, Validation loss: 0.3060737182915211, Validation accuracy: 0.9196
Adjusting learning rate of group 0 to 1.0000e-03.
Epoch: 161, Train loss: 0.03237819198131561, Validation loss: 0.3103474376857281, Validation accuracy: 0.9195
Adjusting learning rate of group 0 to 1.0000e-03.
Epoch: 162, Train loss: 0.03198625467300415, Validation loss: 0.3108217417776585, Validation accuracy: 0.9184
Adjusting learning rate of group 0 to 1.0000e-03.
Epoch: 163, Train loss: 0.03129054410636425, Validation loss: 0.31452723759412765, Validation accuracy: 0.918
Adjusting learning rate of group 0 to 1.0000e-03.
Epoch: 164, Train loss: 0.03138302882254124, Validation loss: 0.3131732210993767, Validation accuracy: 0.9183
Adjusting learning rate of group 0 to 1.0000e-03.
Epoch: 165, Train loss: 0.030953956962823867, Validation loss: 0.3198496217608452, Validation accuracy: 0.9202
Adjusting learning rate of group 0 to 1.0000e-03.
Epoch: 166, Train loss: 0.029511799004673957, Validation loss: 0.316841823720932, Validation accuracy: 0.9188
Adjusting learning rate of group 0 to 1.0000e-03.
Epoch: 167, Train loss: 0.02882077804416418, Validation loss: 0.315512594473362, Validation accuracy: 0.9185
Adjusting learning rate of group 0 to 1.0000e-03.
Epoch: 168, Train loss: 0.029425023735761644, Validation loss: 0.31837653061151505, Validation accuracy: 0.9187
Adjusting learning rate of group 0 to 1.0000e-03.
Epoch: 169, Train loss: 0.028465755454301835, Validation loss: 0.31869458096027375, Validation accuracy: 0.9197
Adjusting learning rate of group 0 to 1.0000e-03.
Epoch: 170, Train loss: 0.027840008437633516, Validation loss: 0.3223312855362892, Validation accuracy: 0.9201
Adjusting learning rate of group 0 to 1.0000e-03.
Epoch: 171, Train loss: 0.02711007700443268, Validation loss: 0.3195861034631729, Validation accuracy: 0.9195
Adjusting learning rate of group 0 to 1.0000e-03.
Epoch: 172, Train loss: 0.026118091362714767, Validation loss: 0.31979836350679397, Validation accuracy: 0.9196
Adjusting learning rate of group 0 to 1.0000e-03.
Epoch: 173, Train loss: 0.026644178795814513, Validation loss: 0.32162145133018494, Validation accuracy: 0.9208
Adjusting learning rate of group 0 to 1.0000e-03.
Epoch: 174, Train loss: 0.027056957669854165, Validation loss: 0.3218736846446991, Validation accuracy: 0.919
Adjusting learning rate of group 0 to 1.0000e-03.
Epoch: 175, Train loss: 0.02686248560667038, Validation loss: 0.32383978350162507, Validation accuracy: 0.9193
Adjusting learning rate of group 0 to 1.0000e-03.
Epoch: 176, Train loss: 0.02696783171236515, Validation loss: 0.3253375044345856, Validation accuracy: 0.9196
Adjusting learning rate of group 0 to 1.0000e-03.
Epoch: 177, Train loss: 0.026374795592427253, Validation loss: 0.3238262536644936, Validation accuracy: 0.9203
Adjusting learning rate of group 0 to 1.0000e-03.
Epoch: 178, Train loss: 0.026184221209287643, Validation loss: 0.3248196218252182, Validation accuracy: 0.9191
Adjusting learning rate of group 0 to 1.0000e-03.
Epoch: 179, Train loss: 0.025207169424295427, Validation loss: 0.3241542173743248, Validation accuracy: 0.9206
Adjusting learning rate of group 0 to 1.0000e-03.
Epoch: 180, Train loss: 0.026845653642416, Validation loss: 0.32508407422304153, Validation accuracy: 0.9191
Adjusting learning rate of group 0 to 1.0000e-03.
Epoch: 181, Train loss: 0.024873542461395264, Validation loss: 0.3257641021490097, Validation accuracy: 0.9189
Adjusting learning rate of group 0 to 1.0000e-03.
Epoch: 182, Train loss: 0.02456090973138809, Validation loss: 0.32320849841833116, Validation accuracy: 0.9193
Adjusting learning rate of group 0 to 1.0000e-03.
Epoch: 183, Train loss: 0.024046558762788772, Validation loss: 0.325961595249176, Validation accuracy: 0.919
Adjusting learning rate of group 0 to 1.0000e-03.
Epoch: 184, Train loss: 0.023367359822392464, Validation loss: 0.32992333385944367, Validation accuracy: 0.9189
Adjusting learning rate of group 0 to 1.0000e-03.
Epoch: 185, Train loss: 0.023521976351737976, Validation loss: 0.32923442981243134, Validation accuracy: 0.9177
Adjusting learning rate of group 0 to 1.0000e-03.
Epoch: 186, Train loss: 0.02380573108702898, Validation loss: 0.32764423882961274, Validation accuracy: 0.9185
Adjusting learning rate of group 0 to 1.0000e-03.
Epoch: 187, Train loss: 0.023283897239565848, Validation loss: 0.326687082695961, Validation accuracy: 0.9192
Adjusting learning rate of group 0 to 1.0000e-03.
Epoch: 188, Train loss: 0.02335811867237091, Validation loss: 0.3345131859302521, Validation accuracy: 0.9186
Adjusting learning rate of group 0 to 1.0000e-03.
Epoch: 189, Train loss: 0.023267335808873177, Validation loss: 0.3325544195175171, Validation accuracy: 0.9177
Adjusting learning rate of group 0 to 1.0000e-03.
Epoch: 190, Train loss: 0.02294020955145359, Validation loss: 0.32990401017665866, Validation accuracy: 0.9197
Adjusting learning rate of group 0 to 1.0000e-03.
Epoch: 191, Train loss: 0.022817786151170732, Validation loss: 0.33183443497419357, Validation accuracy: 0.9173
Adjusting learning rate of group 0 to 1.0000e-03.
Epoch: 192, Train loss: 0.02206971521526575, Validation loss: 0.3300388400435448, Validation accuracy: 0.9179
Adjusting learning rate of group 0 to 1.0000e-03.
Epoch: 193, Train loss: 0.02163902776181698, Validation loss: 0.33583717173337935, Validation accuracy: 0.9184
Adjusting learning rate of group 0 to 1.0000e-03.
Epoch: 194, Train loss: 0.022587475451231003, Validation loss: 0.33618983891010285, Validation accuracy: 0.918
Adjusting learning rate of group 0 to 1.0000e-03.
Epoch: 195, Train loss: 0.021902448576688768, Validation loss: 0.33212738016843796, Validation accuracy: 0.9193
Adjusting learning rate of group 0 to 1.0000e-03.
Epoch: 196, Train loss: 0.022838998744487762, Validation loss: 0.3346266306757927, Validation accuracy: 0.9194
Adjusting learning rate of group 0 to 1.0000e-03.
Epoch: 197, Train loss: 0.021987738933563233, Validation loss: 0.3332104828834534, Validation accuracy: 0.9202
Adjusting learning rate of group 0 to 1.0000e-03.
Epoch: 198, Train loss: 0.021504884420633315, Validation loss: 0.3360849376320839, Validation accuracy: 0.9199
Adjusting learning rate of group 0 to 1.0000e-03.
Epoch: 199, Train loss: 0.021607286534011363, Validation loss: 0.3369382459878921, Validation accuracy: 0.9178
Accuracy: 0.9178
