['ResNet-train.py', '--network', 'resnet', '--classifier', 'full', '--tensorization', '4', '4', '4', '4', '4', '4', '--ranks', '[[4, 2, 1, 1, 1, 1, 3], [2, 4, 1, 1, 1, 2, 1], [1, 1, 4, 2, 2, 2, 1], [1, 1, 2, 4, 2, 2, 1], [1, 1, 2, 2, 4, 2, 2], [1, 2, 2, 2, 2, 4, 3], [3, 1, 1, 1, 2, 3, 10]]', '--seed', '12', '--device', 'cuda:3']
Initializing dataloader
Files already downloaded and verified
Files already downloaded and verified
Dataloader has initialized
Initializing model
Adjusting learning rate of group 0 to 1.0000e-02.
Model initialized
Testing model
Tests passed
Adjusting learning rate of group 0 to 2.0000e-02.
Epoch: 0, Train loss: 1.8244809550857544, Validation loss: 1.4822968023300171, Validation accuracy: 0.4525
Adjusting learning rate of group 0 to 3.0000e-02.
Epoch: 1, Train loss: 1.3814188747406007, Validation loss: 1.2406651565551758, Validation accuracy: 0.5531
Adjusting learning rate of group 0 to 4.0000e-02.
Epoch: 2, Train loss: 1.131632481880188, Validation loss: 1.0323672734260558, Validation accuracy: 0.625
Adjusting learning rate of group 0 to 5.0000e-02.
Epoch: 3, Train loss: 0.9261262263298035, Validation loss: 1.0779298175811767, Validation accuracy: 0.6451
Adjusting learning rate of group 0 to 6.0000e-02.
Epoch: 4, Train loss: 0.816523030872345, Validation loss: 0.7694555747032166, Validation accuracy: 0.7293
Adjusting learning rate of group 0 to 7.0000e-02.
Epoch: 5, Train loss: 0.7465694934654236, Validation loss: 0.7974843042373657, Validation accuracy: 0.7344
Adjusting learning rate of group 0 to 8.0000e-02.
Epoch: 6, Train loss: 0.6877272787094116, Validation loss: 0.7426370259284973, Validation accuracy: 0.7676
Adjusting learning rate of group 0 to 9.0000e-02.
Epoch: 7, Train loss: 0.654642363357544, Validation loss: 0.7705255249977112, Validation accuracy: 0.746
Adjusting learning rate of group 0 to 1.0000e-01.
Epoch: 8, Train loss: 0.6173628857040405, Validation loss: 1.190272660923004, Validation accuracy: 0.6393
Adjusting learning rate of group 0 to 1.0000e-01.
Epoch: 9, Train loss: 0.6115868607711792, Validation loss: 0.7873031648635864, Validation accuracy: 0.7495
Adjusting learning rate of group 0 to 1.0000e-01.
Epoch: 10, Train loss: 0.5587416748809815, Validation loss: 0.7553122883796692, Validation accuracy: 0.7814
Adjusting learning rate of group 0 to 1.0000e-01.
Epoch: 11, Train loss: 0.5476482517910004, Validation loss: 0.60492838306427, Validation accuracy: 0.7962
Adjusting learning rate of group 0 to 1.0000e-01.
Epoch: 12, Train loss: 0.5103564184951782, Validation loss: 0.7332232014656067, Validation accuracy: 0.7673
Adjusting learning rate of group 0 to 1.0000e-01.
Epoch: 13, Train loss: 0.5033490960311889, Validation loss: 0.5629500909805298, Validation accuracy: 0.8089
Adjusting learning rate of group 0 to 1.0000e-01.
Epoch: 14, Train loss: 0.47921518451690676, Validation loss: 0.7241145820617676, Validation accuracy: 0.7698
Adjusting learning rate of group 0 to 1.0000e-01.
Epoch: 15, Train loss: 0.46511773077964785, Validation loss: 0.6042088268280029, Validation accuracy: 0.8128
Adjusting learning rate of group 0 to 1.0000e-01.
Epoch: 16, Train loss: 0.4475792856025696, Validation loss: 0.5854809429168701, Validation accuracy: 0.8202
Adjusting learning rate of group 0 to 1.0000e-01.
Epoch: 17, Train loss: 0.4416833955001831, Validation loss: 0.7261354808807373, Validation accuracy: 0.7929
Adjusting learning rate of group 0 to 1.0000e-01.
Epoch: 18, Train loss: 0.4323346852874756, Validation loss: 0.6128343446731568, Validation accuracy: 0.8105
Adjusting learning rate of group 0 to 1.0000e-01.
Epoch: 19, Train loss: 0.4330883512878418, Validation loss: 0.696952857875824, Validation accuracy: 0.7887
Adjusting learning rate of group 0 to 1.0000e-01.
Epoch: 20, Train loss: 0.41480956132888797, Validation loss: 0.5048901107788086, Validation accuracy: 0.8359
Adjusting learning rate of group 0 to 1.0000e-01.
Epoch: 21, Train loss: 0.41128272619247436, Validation loss: 0.4711176124572754, Validation accuracy: 0.8437
Adjusting learning rate of group 0 to 1.0000e-01.
Epoch: 22, Train loss: 0.3996578290176392, Validation loss: 0.661417743897438, Validation accuracy: 0.822
Adjusting learning rate of group 0 to 1.0000e-01.
Epoch: 23, Train loss: 0.39300144256591796, Validation loss: 0.49709360699653626, Validation accuracy: 0.8388
Adjusting learning rate of group 0 to 1.0000e-01.
Epoch: 24, Train loss: 0.3978793417453766, Validation loss: 0.6247914668083191, Validation accuracy: 0.7971
Adjusting learning rate of group 0 to 1.0000e-01.
Epoch: 25, Train loss: 0.38192908303260803, Validation loss: 0.6177086626052857, Validation accuracy: 0.8125
Adjusting learning rate of group 0 to 1.0000e-01.
Epoch: 26, Train loss: 0.38844714102745054, Validation loss: 0.5512869471549988, Validation accuracy: 0.8435
Adjusting learning rate of group 0 to 1.0000e-01.
Epoch: 27, Train loss: 0.3790835935783386, Validation loss: 0.5527819592714309, Validation accuracy: 0.8231
Adjusting learning rate of group 0 to 1.0000e-01.
Epoch: 28, Train loss: 0.3776074373626709, Validation loss: 0.5842008154869079, Validation accuracy: 0.8175
Adjusting learning rate of group 0 to 1.0000e-01.
Epoch: 29, Train loss: 0.36736734756469724, Validation loss: 0.5513266642570496, Validation accuracy: 0.8193
Adjusting learning rate of group 0 to 1.0000e-01.
Epoch: 30, Train loss: 0.3724029699897766, Validation loss: 0.4677500862121582, Validation accuracy: 0.8559
Adjusting learning rate of group 0 to 1.0000e-01.
Epoch: 31, Train loss: 0.36950216084480286, Validation loss: 0.6167136619567871, Validation accuracy: 0.8078
Adjusting learning rate of group 0 to 1.0000e-01.
Epoch: 32, Train loss: 0.3591748207855225, Validation loss: 0.5851225919723511, Validation accuracy: 0.852
Adjusting learning rate of group 0 to 1.0000e-01.
Epoch: 33, Train loss: 0.3575484823513031, Validation loss: 0.5702179777145385, Validation accuracy: 0.8264
Adjusting learning rate of group 0 to 1.0000e-01.
Epoch: 34, Train loss: 0.3460101787376404, Validation loss: 0.5483401991844177, Validation accuracy: 0.8258
Adjusting learning rate of group 0 to 1.0000e-01.
Epoch: 35, Train loss: 0.3481170506668091, Validation loss: 0.4767177083492279, Validation accuracy: 0.8356
Adjusting learning rate of group 0 to 1.0000e-01.
Epoch: 36, Train loss: 0.3520951827049255, Validation loss: 0.5606890230178833, Validation accuracy: 0.8397
Adjusting learning rate of group 0 to 1.0000e-01.
Epoch: 37, Train loss: 0.3478054852104187, Validation loss: 0.5726132354736329, Validation accuracy: 0.8397
Adjusting learning rate of group 0 to 1.0000e-01.
Epoch: 38, Train loss: 0.3482947363758087, Validation loss: 0.5171466264724731, Validation accuracy: 0.8414
Adjusting learning rate of group 0 to 1.0000e-01.
Epoch: 39, Train loss: 0.335595636548996, Validation loss: 0.4531756155014038, Validation accuracy: 0.8536
Adjusting learning rate of group 0 to 1.0000e-01.
Epoch: 40, Train loss: 0.3463757039928436, Validation loss: 0.4980259865760803, Validation accuracy: 0.8527
Adjusting learning rate of group 0 to 1.0000e-01.
Epoch: 41, Train loss: 0.3400819002723694, Validation loss: 0.5190071192741395, Validation accuracy: 0.8452
Adjusting learning rate of group 0 to 1.0000e-01.
Epoch: 42, Train loss: 0.3415228634357452, Validation loss: 0.5100190844535828, Validation accuracy: 0.8424
Adjusting learning rate of group 0 to 1.0000e-01.
Epoch: 43, Train loss: 0.3298437070274353, Validation loss: 0.4982974911689758, Validation accuracy: 0.8532
Adjusting learning rate of group 0 to 1.0000e-01.
Epoch: 44, Train loss: 0.3336822583961487, Validation loss: 0.5627041279792786, Validation accuracy: 0.8444
Adjusting learning rate of group 0 to 1.0000e-01.
Epoch: 45, Train loss: 0.326822726726532, Validation loss: 0.5503137886047363, Validation accuracy: 0.8146
Adjusting learning rate of group 0 to 1.0000e-01.
Epoch: 46, Train loss: 0.3239660680818558, Validation loss: 0.5412848391532898, Validation accuracy: 0.8316
Adjusting learning rate of group 0 to 1.0000e-01.
Epoch: 47, Train loss: 0.3260939761400223, Validation loss: 0.50509616522789, Validation accuracy: 0.854
Adjusting learning rate of group 0 to 1.0000e-01.
Epoch: 48, Train loss: 0.32225527307510377, Validation loss: 0.4524783775806427, Validation accuracy: 0.8573
Adjusting learning rate of group 0 to 1.0000e-01.
Epoch: 49, Train loss: 0.3322468898868561, Validation loss: 0.6348721264839172, Validation accuracy: 0.8098
Adjusting learning rate of group 0 to 1.0000e-01.
Epoch: 50, Train loss: 0.3269290090560913, Validation loss: 0.4967349946498871, Validation accuracy: 0.8401
Adjusting learning rate of group 0 to 1.0000e-01.
Epoch: 51, Train loss: 0.3194954502916336, Validation loss: 0.49299392910003664, Validation accuracy: 0.8452
Adjusting learning rate of group 0 to 1.0000e-01.
Epoch: 52, Train loss: 0.3157635189628601, Validation loss: 0.5155713568687439, Validation accuracy: 0.8328
Adjusting learning rate of group 0 to 1.0000e-01.
Epoch: 53, Train loss: 0.31929355414390564, Validation loss: 0.5779415719032288, Validation accuracy: 0.8323
Adjusting learning rate of group 0 to 1.0000e-01.
Epoch: 54, Train loss: 0.3213877329826355, Validation loss: 0.47914693608284, Validation accuracy: 0.8547
Adjusting learning rate of group 0 to 1.0000e-01.
Epoch: 55, Train loss: 0.31633850074768066, Validation loss: 0.6275737353324891, Validation accuracy: 0.8326
Adjusting learning rate of group 0 to 1.0000e-01.
Epoch: 56, Train loss: 0.32022247811317445, Validation loss: 0.5884856191635132, Validation accuracy: 0.8199
Adjusting learning rate of group 0 to 1.0000e-01.
Epoch: 57, Train loss: 0.31676156717300413, Validation loss: 0.6177026082515716, Validation accuracy: 0.8271
Adjusting learning rate of group 0 to 1.0000e-01.
Epoch: 58, Train loss: 0.31720812892436984, Validation loss: 0.48786672554016114, Validation accuracy: 0.8574
Adjusting learning rate of group 0 to 1.0000e-01.
Epoch: 59, Train loss: 0.31722703734874724, Validation loss: 0.5468374285697937, Validation accuracy: 0.8416
Adjusting learning rate of group 0 to 1.0000e-01.
Epoch: 60, Train loss: 0.32160921127319336, Validation loss: 0.4341606318950653, Validation accuracy: 0.8648
Adjusting learning rate of group 0 to 1.0000e-01.
Epoch: 61, Train loss: 0.3041951935195923, Validation loss: 0.4646330649852753, Validation accuracy: 0.86
Adjusting learning rate of group 0 to 1.0000e-01.
Epoch: 62, Train loss: 0.3098527651977539, Validation loss: 0.4280541521072388, Validation accuracy: 0.87
Adjusting learning rate of group 0 to 1.0000e-01.
Epoch: 63, Train loss: 0.3040316745948792, Validation loss: 0.6119858819007874, Validation accuracy: 0.8137
Adjusting learning rate of group 0 to 1.0000e-01.
Epoch: 64, Train loss: 0.30846614640235903, Validation loss: 0.634862897348404, Validation accuracy: 0.8112
Adjusting learning rate of group 0 to 1.0000e-01.
Epoch: 65, Train loss: 0.3203150194644928, Validation loss: 0.5233022354125977, Validation accuracy: 0.8417
Adjusting learning rate of group 0 to 1.0000e-01.
Epoch: 66, Train loss: 0.306146730427742, Validation loss: 0.3969168402671814, Validation accuracy: 0.873
Adjusting learning rate of group 0 to 1.0000e-01.
Epoch: 67, Train loss: 0.3037811880302429, Validation loss: 0.40787400426864623, Validation accuracy: 0.8718
Adjusting learning rate of group 0 to 1.0000e-01.
Epoch: 68, Train loss: 0.3031383727645874, Validation loss: 0.5332627358913422, Validation accuracy: 0.8337
Adjusting learning rate of group 0 to 1.0000e-01.
Epoch: 69, Train loss: 0.30467178044319154, Validation loss: 0.6090928869247436, Validation accuracy: 0.8228
Adjusting learning rate of group 0 to 1.0000e-01.
Epoch: 70, Train loss: 0.2991949698352814, Validation loss: 0.5714032249927521, Validation accuracy: 0.8255
Adjusting learning rate of group 0 to 1.0000e-01.
Epoch: 71, Train loss: 0.3052898097276688, Validation loss: 0.5344253149986267, Validation accuracy: 0.8448
Adjusting learning rate of group 0 to 1.0000e-01.
Epoch: 72, Train loss: 0.2996155519580841, Validation loss: 0.47862972230911255, Validation accuracy: 0.8424
Adjusting learning rate of group 0 to 1.0000e-01.
Epoch: 73, Train loss: 0.308220682849884, Validation loss: 0.5402932157516479, Validation accuracy: 0.8358
Adjusting learning rate of group 0 to 1.0000e-01.
Epoch: 74, Train loss: 0.29796305013656615, Validation loss: 0.4548070520401001, Validation accuracy: 0.8597
Adjusting learning rate of group 0 to 1.0000e-01.
Epoch: 75, Train loss: 0.29398515771865846, Validation loss: 0.5490910408496856, Validation accuracy: 0.8409
Adjusting learning rate of group 0 to 1.0000e-01.
Epoch: 76, Train loss: 0.29467279074668884, Validation loss: 0.444184894657135, Validation accuracy: 0.8509
Adjusting learning rate of group 0 to 1.0000e-01.
Epoch: 77, Train loss: 0.30310812740325926, Validation loss: 0.5336764227867127, Validation accuracy: 0.8445
Adjusting learning rate of group 0 to 1.0000e-01.
Epoch: 78, Train loss: 0.29811783123016355, Validation loss: 0.5318860719680786, Validation accuracy: 0.8452
Adjusting learning rate of group 0 to 1.0000e-01.
Epoch: 79, Train loss: 0.2953066180038452, Validation loss: 0.41663151988983155, Validation accuracy: 0.8744
Adjusting learning rate of group 0 to 1.0000e-01.
Epoch: 80, Train loss: 0.300224032497406, Validation loss: 0.5032907895088196, Validation accuracy: 0.8389
Adjusting learning rate of group 0 to 1.0000e-01.
Epoch: 81, Train loss: 0.3025821824836731, Validation loss: 0.43224299564361574, Validation accuracy: 0.8572
Adjusting learning rate of group 0 to 1.0000e-01.
Epoch: 82, Train loss: 0.29565454022407534, Validation loss: 0.5463819235801697, Validation accuracy: 0.8579
Adjusting learning rate of group 0 to 1.0000e-01.
Epoch: 83, Train loss: 0.29149576116561887, Validation loss: 0.50838738489151, Validation accuracy: 0.8345
Adjusting learning rate of group 0 to 1.0000e-01.
Epoch: 84, Train loss: 0.2918504689121246, Validation loss: 0.42959604773521426, Validation accuracy: 0.8603
Adjusting learning rate of group 0 to 1.0000e-01.
Epoch: 85, Train loss: 0.2931435915851593, Validation loss: 0.4606210036277771, Validation accuracy: 0.8603
Adjusting learning rate of group 0 to 1.0000e-01.
Epoch: 86, Train loss: 0.30042824226379394, Validation loss: 0.5157087644577026, Validation accuracy: 0.8319
Adjusting learning rate of group 0 to 1.0000e-01.
Epoch: 87, Train loss: 0.29399272850036623, Validation loss: 0.4310883728981018, Validation accuracy: 0.8666
Adjusting learning rate of group 0 to 1.0000e-01.
Epoch: 88, Train loss: 0.3019566739368439, Validation loss: 0.5286525985717774, Validation accuracy: 0.8445
Adjusting learning rate of group 0 to 1.0000e-01.
Epoch: 89, Train loss: 0.2907402543258667, Validation loss: 0.4785468276977539, Validation accuracy: 0.8494
Adjusting learning rate of group 0 to 1.0000e-01.
Epoch: 90, Train loss: 0.28987384508132935, Validation loss: 0.4820670645713806, Validation accuracy: 0.8603
Adjusting learning rate of group 0 to 1.0000e-01.
Epoch: 91, Train loss: 0.2922174265289307, Validation loss: 0.4722511032581329, Validation accuracy: 0.8443
Adjusting learning rate of group 0 to 1.0000e-01.
Epoch: 92, Train loss: 0.2918946409225464, Validation loss: 0.4825820827007294, Validation accuracy: 0.8444
Adjusting learning rate of group 0 to 1.0000e-01.
Epoch: 93, Train loss: 0.2973937572669983, Validation loss: 0.5239935048103332, Validation accuracy: 0.842
Adjusting learning rate of group 0 to 1.0000e-01.
Epoch: 94, Train loss: 0.2908446370792389, Validation loss: 0.4780800570487976, Validation accuracy: 0.8578
Adjusting learning rate of group 0 to 1.0000e-01.
Epoch: 95, Train loss: 0.28407993372917173, Validation loss: 0.5327504007339477, Validation accuracy: 0.8439
Adjusting learning rate of group 0 to 1.0000e-01.
Epoch: 96, Train loss: 0.29208841590881346, Validation loss: 0.4665044312477112, Validation accuracy: 0.8617
Adjusting learning rate of group 0 to 1.0000e-01.
Epoch: 97, Train loss: 0.28282339675903323, Validation loss: 0.6298287259101868, Validation accuracy: 0.8307
Adjusting learning rate of group 0 to 1.0000e-01.
Epoch: 98, Train loss: 0.2952995135974884, Validation loss: 0.47425861110687256, Validation accuracy: 0.8486
Adjusting learning rate of group 0 to 1.0000e-01.
Epoch: 99, Train loss: 0.28708393993377684, Validation loss: 0.5005586651802063, Validation accuracy: 0.8546
Adjusting learning rate of group 0 to 1.0000e-02.
Epoch: 100, Train loss: 0.29044453758239747, Validation loss: 0.5845985825538635, Validation accuracy: 0.8408
Adjusting learning rate of group 0 to 1.0000e-02.
Epoch: 101, Train loss: 0.16204376341581345, Validation loss: 0.2929715754508972, Validation accuracy: 0.9143
Adjusting learning rate of group 0 to 1.0000e-02.
Epoch: 102, Train loss: 0.12674485038280486, Validation loss: 0.2804274571418762, Validation accuracy: 0.9169
Adjusting learning rate of group 0 to 1.0000e-02.
Epoch: 103, Train loss: 0.11388898384094238, Validation loss: 0.27300276889801023, Validation accuracy: 0.92
Adjusting learning rate of group 0 to 1.0000e-02.
Epoch: 104, Train loss: 0.10177653735160827, Validation loss: 0.28325429496765137, Validation accuracy: 0.919
Adjusting learning rate of group 0 to 1.0000e-02.
Epoch: 105, Train loss: 0.09451707448005676, Validation loss: 0.2842708890914917, Validation accuracy: 0.9226
Adjusting learning rate of group 0 to 1.0000e-02.
Epoch: 106, Train loss: 0.08739454854726791, Validation loss: 0.2921068197250366, Validation accuracy: 0.9216
Adjusting learning rate of group 0 to 1.0000e-02.
Epoch: 107, Train loss: 0.08383382938861847, Validation loss: 0.28867360982894896, Validation accuracy: 0.9229
Adjusting learning rate of group 0 to 1.0000e-02.
Epoch: 108, Train loss: 0.07656114449501038, Validation loss: 0.3229355762958527, Validation accuracy: 0.9205
Adjusting learning rate of group 0 to 1.0000e-02.
Epoch: 109, Train loss: 0.07299404502987862, Validation loss: 0.3252264262676239, Validation accuracy: 0.9223
Adjusting learning rate of group 0 to 1.0000e-02.
Epoch: 110, Train loss: 0.06969064930438995, Validation loss: 0.31787420358657836, Validation accuracy: 0.9226
Adjusting learning rate of group 0 to 1.0000e-02.
Epoch: 111, Train loss: 0.06600395342350006, Validation loss: 0.3142062915802002, Validation accuracy: 0.9209
Adjusting learning rate of group 0 to 1.0000e-02.
Epoch: 112, Train loss: 0.06266668140411377, Validation loss: 0.32379195466041566, Validation accuracy: 0.9235
Adjusting learning rate of group 0 to 1.0000e-02.
Epoch: 113, Train loss: 0.05991565403223038, Validation loss: 0.33833959889411924, Validation accuracy: 0.9215
Adjusting learning rate of group 0 to 1.0000e-02.
Epoch: 114, Train loss: 0.05876789809346199, Validation loss: 0.33673408145904543, Validation accuracy: 0.9204
Adjusting learning rate of group 0 to 1.0000e-02.
Epoch: 115, Train loss: 0.05613442304372788, Validation loss: 0.351550288772583, Validation accuracy: 0.9228
Adjusting learning rate of group 0 to 1.0000e-02.
Epoch: 116, Train loss: 0.052468100368976596, Validation loss: 0.33851984357833864, Validation accuracy: 0.923
Adjusting learning rate of group 0 to 1.0000e-02.
Epoch: 117, Train loss: 0.0516885168749094, Validation loss: 0.37873702249526975, Validation accuracy: 0.9196
Adjusting learning rate of group 0 to 1.0000e-02.
Epoch: 118, Train loss: 0.04947117725014687, Validation loss: 0.355227445602417, Validation accuracy: 0.9222
Adjusting learning rate of group 0 to 1.0000e-02.
Epoch: 119, Train loss: 0.049116036447286605, Validation loss: 0.3602768734931946, Validation accuracy: 0.9223
Adjusting learning rate of group 0 to 1.0000e-02.
Epoch: 120, Train loss: 0.04861227575659752, Validation loss: 0.3714127920150757, Validation accuracy: 0.92
Adjusting learning rate of group 0 to 1.0000e-02.
Epoch: 121, Train loss: 0.04794975457549095, Validation loss: 0.37739612140655515, Validation accuracy: 0.9236
Adjusting learning rate of group 0 to 1.0000e-02.
Epoch: 122, Train loss: 0.04681003820419311, Validation loss: 0.36472496309280394, Validation accuracy: 0.9203
Adjusting learning rate of group 0 to 1.0000e-02.
Epoch: 123, Train loss: 0.0431338018065691, Validation loss: 0.37944911484718324, Validation accuracy: 0.9207
Adjusting learning rate of group 0 to 1.0000e-02.
Epoch: 124, Train loss: 0.04336559264659882, Validation loss: 0.40194342546463013, Validation accuracy: 0.9205
Adjusting learning rate of group 0 to 1.0000e-02.
Epoch: 125, Train loss: 0.0426411955422163, Validation loss: 0.39529971647262574, Validation accuracy: 0.9199
Adjusting learning rate of group 0 to 1.0000e-02.
Epoch: 126, Train loss: 0.042005565834641455, Validation loss: 0.38754252014160157, Validation accuracy: 0.9201
Adjusting learning rate of group 0 to 1.0000e-02.
Epoch: 127, Train loss: 0.0406073904556036, Validation loss: 0.3981303153514862, Validation accuracy: 0.9222
Adjusting learning rate of group 0 to 1.0000e-02.
Epoch: 128, Train loss: 0.04295688597142697, Validation loss: 0.38776022443771363, Validation accuracy: 0.9228
Adjusting learning rate of group 0 to 1.0000e-02.
Epoch: 129, Train loss: 0.03954489705085754, Validation loss: 0.4090989616394043, Validation accuracy: 0.9194
Adjusting learning rate of group 0 to 1.0000e-02.
Epoch: 130, Train loss: 0.03951299393117428, Validation loss: 0.41815440340042115, Validation accuracy: 0.9199
Adjusting learning rate of group 0 to 1.0000e-02.
Epoch: 131, Train loss: 0.039606984025537965, Validation loss: 0.41160926246643065, Validation accuracy: 0.9197
Adjusting learning rate of group 0 to 1.0000e-02.
Epoch: 132, Train loss: 0.03594275311648846, Validation loss: 0.4365487665176392, Validation accuracy: 0.9205
Adjusting learning rate of group 0 to 1.0000e-02.
Epoch: 133, Train loss: 0.04100255380392075, Validation loss: 0.40992226524353026, Validation accuracy: 0.9242
Adjusting learning rate of group 0 to 1.0000e-02.
Epoch: 134, Train loss: 0.03881678625166416, Validation loss: 0.40707851753234864, Validation accuracy: 0.921
Adjusting learning rate of group 0 to 1.0000e-02.
Epoch: 135, Train loss: 0.037017436400055885, Validation loss: 0.4415297905921936, Validation accuracy: 0.9171
Adjusting learning rate of group 0 to 1.0000e-02.
Epoch: 136, Train loss: 0.037846245288848876, Validation loss: 0.46309769525527955, Validation accuracy: 0.9171
Adjusting learning rate of group 0 to 1.0000e-02.
Epoch: 137, Train loss: 0.040375971747636796, Validation loss: 0.4274991058349609, Validation accuracy: 0.9192
Adjusting learning rate of group 0 to 1.0000e-02.
Epoch: 138, Train loss: 0.03889776795327663, Validation loss: 0.4194435812950134, Validation accuracy: 0.9201
Adjusting learning rate of group 0 to 1.0000e-02.
Epoch: 139, Train loss: 0.035947794591784474, Validation loss: 0.4280161389350891, Validation accuracy: 0.9197
Adjusting learning rate of group 0 to 1.0000e-02.
Epoch: 140, Train loss: 0.03471503732174635, Validation loss: 0.481469348526001, Validation accuracy: 0.914
Adjusting learning rate of group 0 to 1.0000e-02.
Epoch: 141, Train loss: 0.03799488821163773, Validation loss: 0.4013196651935577, Validation accuracy: 0.9236
Adjusting learning rate of group 0 to 1.0000e-02.
Epoch: 142, Train loss: 0.03583420287013054, Validation loss: 0.45429489860534666, Validation accuracy: 0.917
Adjusting learning rate of group 0 to 1.0000e-02.
Epoch: 143, Train loss: 0.03597387124598026, Validation loss: 0.4486171091079712, Validation accuracy: 0.918
Adjusting learning rate of group 0 to 1.0000e-02.
Epoch: 144, Train loss: 0.03848616991609335, Validation loss: 0.42356785926818846, Validation accuracy: 0.9156
Adjusting learning rate of group 0 to 1.0000e-02.
Epoch: 145, Train loss: 0.0368440128159523, Validation loss: 0.43720347175598145, Validation accuracy: 0.9163
Adjusting learning rate of group 0 to 1.0000e-02.
Epoch: 146, Train loss: 0.038706120136380195, Validation loss: 0.4318006538391113, Validation accuracy: 0.9189
Adjusting learning rate of group 0 to 1.0000e-02.
Epoch: 147, Train loss: 0.03791133676528931, Validation loss: 0.4505963514328003, Validation accuracy: 0.9188
Adjusting learning rate of group 0 to 1.0000e-02.
Epoch: 148, Train loss: 0.036801108888983726, Validation loss: 0.4442837152481079, Validation accuracy: 0.916
Adjusting learning rate of group 0 to 1.0000e-02.
Epoch: 149, Train loss: 0.03640323751300573, Validation loss: 0.47467446165084837, Validation accuracy: 0.9144
Adjusting learning rate of group 0 to 1.0000e-03.
Epoch: 150, Train loss: 0.03878901340484619, Validation loss: 0.4247316346168518, Validation accuracy: 0.9173
Adjusting learning rate of group 0 to 1.0000e-03.
Epoch: 151, Train loss: 0.024449764378368856, Validation loss: 0.4010819256782532, Validation accuracy: 0.9239
Adjusting learning rate of group 0 to 1.0000e-03.
Epoch: 152, Train loss: 0.018299378662258385, Validation loss: 0.413350434589386, Validation accuracy: 0.9245
Adjusting learning rate of group 0 to 1.0000e-03.
Epoch: 153, Train loss: 0.015481799475252628, Validation loss: 0.4293191960334778, Validation accuracy: 0.9244
Adjusting learning rate of group 0 to 1.0000e-03.
Epoch: 154, Train loss: 0.014042263754308225, Validation loss: 0.44301246356964114, Validation accuracy: 0.926
Adjusting learning rate of group 0 to 1.0000e-03.
Epoch: 155, Train loss: 0.013677223508059978, Validation loss: 0.4496592242240906, Validation accuracy: 0.9258
Adjusting learning rate of group 0 to 1.0000e-03.
Epoch: 156, Train loss: 0.011450659311413765, Validation loss: 0.4666326654434204, Validation accuracy: 0.9261
Adjusting learning rate of group 0 to 1.0000e-03.
Epoch: 157, Train loss: 0.010624329155124724, Validation loss: 0.4761549882888794, Validation accuracy: 0.9263
Adjusting learning rate of group 0 to 1.0000e-03.
Epoch: 158, Train loss: 0.011472569478675722, Validation loss: 0.48231344547271726, Validation accuracy: 0.9268
Adjusting learning rate of group 0 to 1.0000e-03.
Epoch: 159, Train loss: 0.008844169553108513, Validation loss: 0.4905876090049744, Validation accuracy: 0.9264
Adjusting learning rate of group 0 to 1.0000e-03.
Epoch: 160, Train loss: 0.009579614093080164, Validation loss: 0.5014907764434815, Validation accuracy: 0.9277
Adjusting learning rate of group 0 to 1.0000e-03.
Epoch: 161, Train loss: 0.009021644852161408, Validation loss: 0.49875042171478273, Validation accuracy: 0.9273
Adjusting learning rate of group 0 to 1.0000e-03.
Epoch: 162, Train loss: 0.008680399569645524, Validation loss: 0.5099720644950867, Validation accuracy: 0.9261
Adjusting learning rate of group 0 to 1.0000e-03.
Epoch: 163, Train loss: 0.008584260482098907, Validation loss: 0.5156425773620605, Validation accuracy: 0.9262
Adjusting learning rate of group 0 to 1.0000e-03.
Epoch: 164, Train loss: 0.008444288536123931, Validation loss: 0.5170894111633301, Validation accuracy: 0.9275
Adjusting learning rate of group 0 to 1.0000e-03.
Epoch: 165, Train loss: 0.007662095066085458, Validation loss: 0.5226344073295593, Validation accuracy: 0.928
Adjusting learning rate of group 0 to 1.0000e-03.
Epoch: 166, Train loss: 0.007704437367096543, Validation loss: 0.5325076375961304, Validation accuracy: 0.9278
Adjusting learning rate of group 0 to 1.0000e-03.
Epoch: 167, Train loss: 0.007478898659050465, Validation loss: 0.5319700895309448, Validation accuracy: 0.9278
Adjusting learning rate of group 0 to 1.0000e-03.
Epoch: 168, Train loss: 0.006956026430893689, Validation loss: 0.537406256866455, Validation accuracy: 0.9288
Adjusting learning rate of group 0 to 1.0000e-03.
Epoch: 169, Train loss: 0.006677872267384082, Validation loss: 0.5465596286773682, Validation accuracy: 0.9275
Adjusting learning rate of group 0 to 1.0000e-03.
Epoch: 170, Train loss: 0.007362264434657991, Validation loss: 0.5484441982269287, Validation accuracy: 0.9272
Adjusting learning rate of group 0 to 1.0000e-03.
Epoch: 171, Train loss: 0.007175714805983007, Validation loss: 0.5440591366767883, Validation accuracy: 0.9281
Adjusting learning rate of group 0 to 1.0000e-03.
Epoch: 172, Train loss: 0.00653640243742615, Validation loss: 0.5423050669670105, Validation accuracy: 0.9275
Adjusting learning rate of group 0 to 1.0000e-03.
Epoch: 173, Train loss: 0.0059466689436603335, Validation loss: 0.5605977640151978, Validation accuracy: 0.9266
Adjusting learning rate of group 0 to 1.0000e-03.
Epoch: 174, Train loss: 0.005805388760901987, Validation loss: 0.5597271844863891, Validation accuracy: 0.9271
Adjusting learning rate of group 0 to 1.0000e-03.
Epoch: 175, Train loss: 0.005944977182596922, Validation loss: 0.5672651462554932, Validation accuracy: 0.9273
Adjusting learning rate of group 0 to 1.0000e-03.
Epoch: 176, Train loss: 0.006169274910544045, Validation loss: 0.5668604672431946, Validation accuracy: 0.9271
Adjusting learning rate of group 0 to 1.0000e-03.
Epoch: 177, Train loss: 0.006698798536192626, Validation loss: 0.5696508804321289, Validation accuracy: 0.928
Adjusting learning rate of group 0 to 1.0000e-03.
Epoch: 178, Train loss: 0.005970288446582854, Validation loss: 0.5633702390670776, Validation accuracy: 0.9276
Adjusting learning rate of group 0 to 1.0000e-03.
Epoch: 179, Train loss: 0.006625021131318062, Validation loss: 0.5674134502410889, Validation accuracy: 0.9288
Adjusting learning rate of group 0 to 1.0000e-03.
Epoch: 180, Train loss: 0.005563842277582735, Validation loss: 0.5757764301300049, Validation accuracy: 0.9281
Adjusting learning rate of group 0 to 1.0000e-03.
Epoch: 181, Train loss: 0.006064437224697321, Validation loss: 0.5715494510650635, Validation accuracy: 0.9282
Adjusting learning rate of group 0 to 1.0000e-03.
Epoch: 182, Train loss: 0.005142901047682389, Validation loss: 0.5840704177856445, Validation accuracy: 0.9289
Adjusting learning rate of group 0 to 1.0000e-03.
Epoch: 183, Train loss: 0.005259174704765901, Validation loss: 0.594572833442688, Validation accuracy: 0.9282
Adjusting learning rate of group 0 to 1.0000e-03.
Epoch: 184, Train loss: 0.00530067812750116, Validation loss: 0.5894670738220215, Validation accuracy: 0.9282
Adjusting learning rate of group 0 to 1.0000e-03.
Epoch: 185, Train loss: 0.0050632881162595, Validation loss: 0.5857980436325073, Validation accuracy: 0.9287
Adjusting learning rate of group 0 to 1.0000e-03.
Epoch: 186, Train loss: 0.005404041406764881, Validation loss: 0.5813516038894654, Validation accuracy: 0.9292
Adjusting learning rate of group 0 to 1.0000e-03.
Epoch: 187, Train loss: 0.006282360049607232, Validation loss: 0.5882029788970947, Validation accuracy: 0.9274
Adjusting learning rate of group 0 to 1.0000e-03.
Epoch: 188, Train loss: 0.004405414697499946, Validation loss: 0.5879848098754883, Validation accuracy: 0.9299
Adjusting learning rate of group 0 to 1.0000e-03.
Epoch: 189, Train loss: 0.004727915794281289, Validation loss: 0.5846583709716797, Validation accuracy: 0.9305
Adjusting learning rate of group 0 to 1.0000e-03.
Epoch: 190, Train loss: 0.004133433403149247, Validation loss: 0.5973058961868286, Validation accuracy: 0.9298
Adjusting learning rate of group 0 to 1.0000e-03.
Epoch: 191, Train loss: 0.004971050368366996, Validation loss: 0.593593502998352, Validation accuracy: 0.9297
Adjusting learning rate of group 0 to 1.0000e-03.
Epoch: 192, Train loss: 0.005334580869800411, Validation loss: 0.5982323822021485, Validation accuracy: 0.9299
Adjusting learning rate of group 0 to 1.0000e-03.
Epoch: 193, Train loss: 0.004651850521424785, Validation loss: 0.5955035348892211, Validation accuracy: 0.9306
Adjusting learning rate of group 0 to 1.0000e-03.
Epoch: 194, Train loss: 0.00517453946178779, Validation loss: 0.5945675983428955, Validation accuracy: 0.9296
Adjusting learning rate of group 0 to 1.0000e-03.
Epoch: 195, Train loss: 0.0047999549973476675, Validation loss: 0.5935703842163086, Validation accuracy: 0.9293
Adjusting learning rate of group 0 to 1.0000e-03.
Epoch: 196, Train loss: 0.004315335367548978, Validation loss: 0.5980193838119506, Validation accuracy: 0.9292
Adjusting learning rate of group 0 to 1.0000e-03.
Epoch: 197, Train loss: 0.0042765719060553235, Validation loss: 0.604485565662384, Validation accuracy: 0.9293
Adjusting learning rate of group 0 to 1.0000e-03.
Epoch: 198, Train loss: 0.003680189951052889, Validation loss: 0.6149349757194519, Validation accuracy: 0.9285
Adjusting learning rate of group 0 to 1.0000e-03.
Epoch: 199, Train loss: 0.004801212930786424, Validation loss: 0.6082090194702149, Validation accuracy: 0.9293
Accuracy: 0.9293, Parameters: 550
