['ResNet-train.py', '--network', 'resnet', '--classifier', 'gap', '--tensorization', '64', '8', '8', '--ranks', '', '--seed', '5', '--device', 'cuda:2']
Initializing dataloader
Files already downloaded and verified
Files already downloaded and verified
Dataloader has initialized
Initializing model
Adjusting learning rate of group 0 to 1.0000e-02.
Model initialized
Testing model
Tests passed
Adjusting learning rate of group 0 to 2.0000e-02.
Epoch: 0, Train loss: 1.623688338394165, Validation loss: 1.3871292348861695, Validation accuracy: 0.4975
Adjusting learning rate of group 0 to 3.0000e-02.
Epoch: 1, Train loss: 1.2329503876113892, Validation loss: 1.3185120471954346, Validation accuracy: 0.5504
Adjusting learning rate of group 0 to 4.0000e-02.
Epoch: 2, Train loss: 1.00482250623703, Validation loss: 1.2010381294250487, Validation accuracy: 0.6059
Adjusting learning rate of group 0 to 5.0000e-02.
Epoch: 3, Train loss: 0.839223442955017, Validation loss: 0.9456081721305847, Validation accuracy: 0.7037
Adjusting learning rate of group 0 to 6.0000e-02.
Epoch: 4, Train loss: 0.7310491243171692, Validation loss: 0.7954453311920165, Validation accuracy: 0.7331
Adjusting learning rate of group 0 to 7.0000e-02.
Epoch: 5, Train loss: 0.6587538496780395, Validation loss: 0.7817027567863465, Validation accuracy: 0.7382
Adjusting learning rate of group 0 to 8.0000e-02.
Epoch: 6, Train loss: 0.6073715229034424, Validation loss: 0.6465237133026123, Validation accuracy: 0.7822
Adjusting learning rate of group 0 to 9.0000e-02.
Epoch: 7, Train loss: 0.5626009368515015, Validation loss: 0.6682734601974487, Validation accuracy: 0.7834
Adjusting learning rate of group 0 to 1.0000e-01.
Epoch: 8, Train loss: 0.549774586277008, Validation loss: 0.6358251307487488, Validation accuracy: 0.7917
Adjusting learning rate of group 0 to 1.0000e-01.
Epoch: 9, Train loss: 0.5270660629081726, Validation loss: 0.6153403421878815, Validation accuracy: 0.7933
Adjusting learning rate of group 0 to 1.0000e-01.
Epoch: 10, Train loss: 0.4952994498062134, Validation loss: 0.8300703233718872, Validation accuracy: 0.7448
Adjusting learning rate of group 0 to 1.0000e-01.
Epoch: 11, Train loss: 0.4760270408821106, Validation loss: 0.614303476524353, Validation accuracy: 0.8005
Adjusting learning rate of group 0 to 1.0000e-01.
Epoch: 12, Train loss: 0.45478820543289183, Validation loss: 0.7668738924980164, Validation accuracy: 0.7567
