['ResNet-TRL-Ringed.py', '--core_ranks', '3', '3', '2', '--ring_ranks', '5', '5', '4', '--seed', '12', '--device', 'cuda:3']
Initializing dataloader
Files already downloaded and verified
Files already downloaded and verified
Dataloader has initialized
Initializing model
Adjusting learning rate of group 0 to 1.0000e-02.
Model initialized
Testing model
Tests passed
Adjusting learning rate of group 0 to 2.0000e-02.
Epoch: 0, Train loss: 1.9539520640563965, Validation loss: 1.5884830114364623, Validation accuracy: 0.4058
Adjusting learning rate of group 0 to 3.0000e-02.
Epoch: 1, Train loss: 1.5386657921981812, Validation loss: 1.3606875528335571, Validation accuracy: 0.4927
Adjusting learning rate of group 0 to 4.0000e-02.
Epoch: 2, Train loss: 1.3288114485549927, Validation loss: 1.1861814182281494, Validation accuracy: 0.5775
Adjusting learning rate of group 0 to 5.0000e-02.
Epoch: 3, Train loss: 1.0888340936088563, Validation loss: 0.9676681824684144, Validation accuracy: 0.6677
Adjusting learning rate of group 0 to 6.0000e-02.
Epoch: 4, Train loss: 0.9342441415023803, Validation loss: 0.946636074924469, Validation accuracy: 0.673
Adjusting learning rate of group 0 to 7.0000e-02.
Epoch: 5, Train loss: 0.8486570011711121, Validation loss: 0.806401315498352, Validation accuracy: 0.7285
Adjusting learning rate of group 0 to 8.0000e-02.
Epoch: 6, Train loss: 0.7579262475204468, Validation loss: 0.8151940607070923, Validation accuracy: 0.729
Adjusting learning rate of group 0 to 9.0000e-02.
Epoch: 7, Train loss: 0.7020721326255799, Validation loss: 0.7942937080383301, Validation accuracy: 0.7456
Adjusting learning rate of group 0 to 1.0000e-01.
Epoch: 8, Train loss: 0.6609169503593445, Validation loss: 0.6244014567375183, Validation accuracy: 0.7926
Adjusting learning rate of group 0 to 1.0000e-01.
Epoch: 9, Train loss: 0.630686883392334, Validation loss: 0.79319800491333, Validation accuracy: 0.7569
Adjusting learning rate of group 0 to 1.0000e-01.
Epoch: 10, Train loss: 0.5907883116149902, Validation loss: 0.6831442062377929, Validation accuracy: 0.7767
Adjusting learning rate of group 0 to 1.0000e-01.
Epoch: 11, Train loss: 0.5621496157741547, Validation loss: 0.6144858920097351, Validation accuracy: 0.7999
Adjusting learning rate of group 0 to 1.0000e-01.
Epoch: 12, Train loss: 0.5303481520271301, Validation loss: 0.650420595741272, Validation accuracy: 0.7928
Adjusting learning rate of group 0 to 1.0000e-01.
Epoch: 13, Train loss: 0.5227145085716247, Validation loss: 0.5313900875091553, Validation accuracy: 0.8185
Adjusting learning rate of group 0 to 1.0000e-01.
Epoch: 14, Train loss: 0.4896327346611023, Validation loss: 0.5460567644596099, Validation accuracy: 0.8161
Adjusting learning rate of group 0 to 1.0000e-01.
Epoch: 15, Train loss: 0.48307766988754275, Validation loss: 0.5888439518928528, Validation accuracy: 0.808
Adjusting learning rate of group 0 to 1.0000e-01.
Epoch: 16, Train loss: 0.46718375042915344, Validation loss: 0.5742630738258362, Validation accuracy: 0.818
Adjusting learning rate of group 0 to 1.0000e-01.
Epoch: 17, Train loss: 0.4455018185043335, Validation loss: 0.5539021535873413, Validation accuracy: 0.8232
Adjusting learning rate of group 0 to 1.0000e-01.
Epoch: 18, Train loss: 0.44596377215385435, Validation loss: 0.5016641463279724, Validation accuracy: 0.8381
Adjusting learning rate of group 0 to 1.0000e-01.
Epoch: 19, Train loss: 0.4422319058513641, Validation loss: 0.6317049612998963, Validation accuracy: 0.798
Adjusting learning rate of group 0 to 1.0000e-01.
Epoch: 20, Train loss: 0.4329649375724792, Validation loss: 0.5532821838378906, Validation accuracy: 0.8274
Adjusting learning rate of group 0 to 1.0000e-01.
Epoch: 21, Train loss: 0.416742412776947, Validation loss: 0.5463594016075134, Validation accuracy: 0.8168
Adjusting learning rate of group 0 to 1.0000e-01.
Epoch: 22, Train loss: 0.4161601560115814, Validation loss: 0.5356029265880585, Validation accuracy: 0.8274
Adjusting learning rate of group 0 to 1.0000e-01.
Epoch: 23, Train loss: 0.4064752421474457, Validation loss: 0.5593895316123962, Validation accuracy: 0.8335
Adjusting learning rate of group 0 to 1.0000e-01.
Epoch: 24, Train loss: 0.40194528259277346, Validation loss: 0.49302030339241026, Validation accuracy: 0.835
Adjusting learning rate of group 0 to 1.0000e-01.
Epoch: 25, Train loss: 0.3916054011154175, Validation loss: 0.5535468420982361, Validation accuracy: 0.8258
Adjusting learning rate of group 0 to 1.0000e-01.
Epoch: 26, Train loss: 0.39042598672866824, Validation loss: 0.49056861100196836, Validation accuracy: 0.8387
Adjusting learning rate of group 0 to 1.0000e-01.
Epoch: 27, Train loss: 0.3901610947227478, Validation loss: 0.47209325160980226, Validation accuracy: 0.8442
Adjusting learning rate of group 0 to 1.0000e-01.
Epoch: 28, Train loss: 0.38310976117134093, Validation loss: 0.6450970623970032, Validation accuracy: 0.818
Adjusting learning rate of group 0 to 1.0000e-01.
Epoch: 29, Train loss: 0.38336498096466065, Validation loss: 0.5109727116584778, Validation accuracy: 0.8371
Adjusting learning rate of group 0 to 1.0000e-01.
Epoch: 30, Train loss: 0.3836213219833374, Validation loss: 0.5402800938129425, Validation accuracy: 0.8273
Adjusting learning rate of group 0 to 1.0000e-01.
Epoch: 31, Train loss: 0.369004385471344, Validation loss: 0.5130486194610596, Validation accuracy: 0.8512
Adjusting learning rate of group 0 to 1.0000e-01.
Epoch: 32, Train loss: 0.3682510253047943, Validation loss: 0.5452295090675354, Validation accuracy: 0.8261
Adjusting learning rate of group 0 to 1.0000e-01.
Epoch: 33, Train loss: 0.365438592004776, Validation loss: 0.44145186433792116, Validation accuracy: 0.8566
Adjusting learning rate of group 0 to 1.0000e-01.
Epoch: 34, Train loss: 0.36659226353645324, Validation loss: 0.5920381651878357, Validation accuracy: 0.8205
Adjusting learning rate of group 0 to 1.0000e-01.
Epoch: 35, Train loss: 0.3673096374320984, Validation loss: 0.6102424874305725, Validation accuracy: 0.8273
Adjusting learning rate of group 0 to 1.0000e-01.
Epoch: 36, Train loss: 0.35783971929550173, Validation loss: 0.5396640655517578, Validation accuracy: 0.8316
Adjusting learning rate of group 0 to 1.0000e-01.
Epoch: 37, Train loss: 0.3513141279029846, Validation loss: 0.5633234951496124, Validation accuracy: 0.8199
Adjusting learning rate of group 0 to 1.0000e-01.
Epoch: 38, Train loss: 0.3552786501502991, Validation loss: 0.4646595701217651, Validation accuracy: 0.8516
Adjusting learning rate of group 0 to 1.0000e-01.
Epoch: 39, Train loss: 0.35152460896492005, Validation loss: 0.4716204277038574, Validation accuracy: 0.8439
Adjusting learning rate of group 0 to 1.0000e-01.
Epoch: 40, Train loss: 0.3493588461971283, Validation loss: 0.5845576923370361, Validation accuracy: 0.8287
Adjusting learning rate of group 0 to 1.0000e-01.
Epoch: 41, Train loss: 0.342406426782608, Validation loss: 0.5086983901023865, Validation accuracy: 0.8544
Adjusting learning rate of group 0 to 1.0000e-01.
Epoch: 42, Train loss: 0.34580037053108215, Validation loss: 0.5965847654342651, Validation accuracy: 0.8304
Adjusting learning rate of group 0 to 1.0000e-01.
Epoch: 43, Train loss: 0.34021870476722715, Validation loss: 0.48575454707145693, Validation accuracy: 0.8542
Adjusting learning rate of group 0 to 1.0000e-01.
Epoch: 44, Train loss: 0.3391100569486618, Validation loss: 0.4775517929077148, Validation accuracy: 0.8436
Adjusting learning rate of group 0 to 1.0000e-01.
Epoch: 45, Train loss: 0.3398678335952759, Validation loss: 0.41467690505981447, Validation accuracy: 0.8655
Adjusting learning rate of group 0 to 1.0000e-01.
Epoch: 46, Train loss: 0.3358153050804138, Validation loss: 0.43181767859458925, Validation accuracy: 0.8659
Adjusting learning rate of group 0 to 1.0000e-01.
Epoch: 47, Train loss: 0.3396452955055237, Validation loss: 0.5674665455818176, Validation accuracy: 0.8295
Adjusting learning rate of group 0 to 1.0000e-01.
Epoch: 48, Train loss: 0.337268458070755, Validation loss: 0.41006983976364136, Validation accuracy: 0.8703
Adjusting learning rate of group 0 to 1.0000e-01.
Epoch: 49, Train loss: 0.33659076999664306, Validation loss: 0.4146763372898102, Validation accuracy: 0.8661
Adjusting learning rate of group 0 to 1.0000e-01.
Epoch: 50, Train loss: 0.3336331328582764, Validation loss: 0.4836272030830383, Validation accuracy: 0.8443
Adjusting learning rate of group 0 to 1.0000e-01.
Epoch: 51, Train loss: 0.3333196089744568, Validation loss: 0.5805403776168824, Validation accuracy: 0.8267
Adjusting learning rate of group 0 to 1.0000e-01.
Epoch: 52, Train loss: 0.3340480143737793, Validation loss: 0.5070200904369354, Validation accuracy: 0.8416
Adjusting learning rate of group 0 to 1.0000e-01.
Epoch: 53, Train loss: 0.33109764265060426, Validation loss: 0.555554508304596, Validation accuracy: 0.8313
Adjusting learning rate of group 0 to 1.0000e-01.
Epoch: 54, Train loss: 0.3327976586437225, Validation loss: 0.5208076762676239, Validation accuracy: 0.8295
Adjusting learning rate of group 0 to 1.0000e-01.
Epoch: 55, Train loss: 0.32862099241256715, Validation loss: 0.5421710345745087, Validation accuracy: 0.8236
Adjusting learning rate of group 0 to 1.0000e-01.
Epoch: 56, Train loss: 0.33133204600334165, Validation loss: 0.48983312492370606, Validation accuracy: 0.8499
Adjusting learning rate of group 0 to 1.0000e-01.
Epoch: 57, Train loss: 0.32439827095985413, Validation loss: 0.4339105076789856, Validation accuracy: 0.8578
Adjusting learning rate of group 0 to 1.0000e-01.
Epoch: 58, Train loss: 0.3220765546989441, Validation loss: 0.49373629636764527, Validation accuracy: 0.8446
Adjusting learning rate of group 0 to 1.0000e-01.
Epoch: 59, Train loss: 0.3283344278383255, Validation loss: 0.573186864566803, Validation accuracy: 0.8222
Adjusting learning rate of group 0 to 1.0000e-01.
Epoch: 60, Train loss: 0.32363672141075134, Validation loss: 0.4370452802658081, Validation accuracy: 0.8652
Adjusting learning rate of group 0 to 1.0000e-01.
Epoch: 61, Train loss: 0.33239565101146695, Validation loss: 0.39347158908843993, Validation accuracy: 0.8691
Adjusting learning rate of group 0 to 1.0000e-01.
Epoch: 62, Train loss: 0.31436407371520997, Validation loss: 0.5974405286788941, Validation accuracy: 0.8249
Adjusting learning rate of group 0 to 1.0000e-01.
Epoch: 63, Train loss: 0.3220268423891067, Validation loss: 0.5146633200645446, Validation accuracy: 0.8494
Adjusting learning rate of group 0 to 1.0000e-01.
Epoch: 64, Train loss: 0.31861048349380494, Validation loss: 0.4158834224700928, Validation accuracy: 0.8664
Adjusting learning rate of group 0 to 1.0000e-01.
Epoch: 65, Train loss: 0.31997403909683225, Validation loss: 0.5489639879226684, Validation accuracy: 0.8352
Adjusting learning rate of group 0 to 1.0000e-01.
Epoch: 66, Train loss: 0.315499935836792, Validation loss: 0.5410192875385285, Validation accuracy: 0.8208
Adjusting learning rate of group 0 to 1.0000e-01.
Epoch: 67, Train loss: 0.3117007172966003, Validation loss: 0.478321848154068, Validation accuracy: 0.8556
Adjusting learning rate of group 0 to 1.0000e-01.
Epoch: 68, Train loss: 0.32134826937675476, Validation loss: 0.5899760195732117, Validation accuracy: 0.8236
Adjusting learning rate of group 0 to 1.0000e-01.
Epoch: 69, Train loss: 0.3120763336753845, Validation loss: 0.5709381718635559, Validation accuracy: 0.8267
Adjusting learning rate of group 0 to 1.0000e-01.
Epoch: 70, Train loss: 0.3242558452320099, Validation loss: 0.3872921424865723, Validation accuracy: 0.873
Adjusting learning rate of group 0 to 1.0000e-01.
Epoch: 71, Train loss: 0.3125864524459839, Validation loss: 0.48433460187911986, Validation accuracy: 0.8635
Adjusting learning rate of group 0 to 1.0000e-01.
Epoch: 72, Train loss: 0.3181959236240387, Validation loss: 0.45591668882369996, Validation accuracy: 0.8667
Adjusting learning rate of group 0 to 1.0000e-01.
Epoch: 73, Train loss: 0.3105498468208313, Validation loss: 0.47829801349639894, Validation accuracy: 0.8517
Adjusting learning rate of group 0 to 1.0000e-01.
Epoch: 74, Train loss: 0.3160169769716263, Validation loss: 0.456485813331604, Validation accuracy: 0.8585
Adjusting learning rate of group 0 to 1.0000e-01.
Epoch: 75, Train loss: 0.3132098230648041, Validation loss: 0.48915882267951966, Validation accuracy: 0.8539
Adjusting learning rate of group 0 to 1.0000e-01.
Epoch: 76, Train loss: 0.307588825378418, Validation loss: 0.44580405650138855, Validation accuracy: 0.855
Adjusting learning rate of group 0 to 1.0000e-01.
Epoch: 77, Train loss: 0.3179614408493042, Validation loss: 0.682885722732544, Validation accuracy: 0.8151
Adjusting learning rate of group 0 to 1.0000e-01.
Epoch: 78, Train loss: 0.3163149540233612, Validation loss: 0.5024026013374329, Validation accuracy: 0.8401
Adjusting learning rate of group 0 to 1.0000e-01.
Epoch: 79, Train loss: 0.30839202707290647, Validation loss: 0.4624723734855652, Validation accuracy: 0.8611
Adjusting learning rate of group 0 to 1.0000e-01.
Epoch: 80, Train loss: 0.317362637758255, Validation loss: 0.44016933908462524, Validation accuracy: 0.8562
Adjusting learning rate of group 0 to 1.0000e-01.
Epoch: 81, Train loss: 0.31186027156352997, Validation loss: 0.571478845691681, Validation accuracy: 0.8323
Adjusting learning rate of group 0 to 1.0000e-01.
Epoch: 82, Train loss: 0.30697719564437864, Validation loss: 0.5497198254585266, Validation accuracy: 0.8486
Adjusting learning rate of group 0 to 1.0000e-01.
Epoch: 83, Train loss: 0.3056182370662689, Validation loss: 0.4855191062927246, Validation accuracy: 0.8494
Adjusting learning rate of group 0 to 1.0000e-01.
Epoch: 84, Train loss: 0.3107669316291809, Validation loss: 0.6455308572769165, Validation accuracy: 0.8176
Adjusting learning rate of group 0 to 1.0000e-01.
Epoch: 85, Train loss: 0.30877375310897825, Validation loss: 0.5426013188362122, Validation accuracy: 0.8315
Adjusting learning rate of group 0 to 1.0000e-01.
Epoch: 86, Train loss: 0.2965798602485657, Validation loss: 0.526863185930252, Validation accuracy: 0.8405
Adjusting learning rate of group 0 to 1.0000e-01.
Epoch: 87, Train loss: 0.3091132334518433, Validation loss: 0.5805899366378784, Validation accuracy: 0.8365
Adjusting learning rate of group 0 to 1.0000e-01.
Epoch: 88, Train loss: 0.3085426661396027, Validation loss: 0.48050522813797, Validation accuracy: 0.8547
Adjusting learning rate of group 0 to 1.0000e-01.
Epoch: 89, Train loss: 0.31113794912338255, Validation loss: 0.42546947689056397, Validation accuracy: 0.8599
Adjusting learning rate of group 0 to 1.0000e-01.
Epoch: 90, Train loss: 0.300973065776825, Validation loss: 0.547411460018158, Validation accuracy: 0.8279
Adjusting learning rate of group 0 to 1.0000e-01.
Epoch: 91, Train loss: 0.3049399981689453, Validation loss: 0.58449924659729, Validation accuracy: 0.8329
Adjusting learning rate of group 0 to 1.0000e-01.
Epoch: 92, Train loss: 0.3049130012845993, Validation loss: 0.4423960341453552, Validation accuracy: 0.8664
Adjusting learning rate of group 0 to 1.0000e-01.
Epoch: 93, Train loss: 0.3072276759147644, Validation loss: 0.5287848987579346, Validation accuracy: 0.8425
Adjusting learning rate of group 0 to 1.0000e-01.
Epoch: 94, Train loss: 0.3049208470249176, Validation loss: 0.46719489760398863, Validation accuracy: 0.8575
Adjusting learning rate of group 0 to 1.0000e-01.
Epoch: 95, Train loss: 0.2983549962520599, Validation loss: 0.4923863739013672, Validation accuracy: 0.8501
Adjusting learning rate of group 0 to 1.0000e-01.
Epoch: 96, Train loss: 0.303328745265007, Validation loss: 0.4404605968475342, Validation accuracy: 0.8599
Adjusting learning rate of group 0 to 1.0000e-01.
Epoch: 97, Train loss: 0.29815461807250976, Validation loss: 0.45880086250305174, Validation accuracy: 0.8574
Adjusting learning rate of group 0 to 1.0000e-01.
Epoch: 98, Train loss: 0.29969041345596314, Validation loss: 0.4657479151725769, Validation accuracy: 0.8441
Adjusting learning rate of group 0 to 1.0000e-01.
Epoch: 99, Train loss: 0.2984885150814056, Validation loss: 0.39256068983078, Validation accuracy: 0.8696
Adjusting learning rate of group 0 to 1.0000e-02.
Epoch: 100, Train loss: 0.3037352559185028, Validation loss: 0.4555219206809998, Validation accuracy: 0.8527
Adjusting learning rate of group 0 to 1.0000e-02.
Epoch: 101, Train loss: 0.16903597493648528, Validation loss: 0.2857527072906494, Validation accuracy: 0.9124
Adjusting learning rate of group 0 to 1.0000e-02.
Epoch: 102, Train loss: 0.13180466359615325, Validation loss: 0.2782819121360779, Validation accuracy: 0.9164
Adjusting learning rate of group 0 to 1.0000e-02.
Epoch: 103, Train loss: 0.11650257498264313, Validation loss: 0.2732102807998657, Validation accuracy: 0.9191
Adjusting learning rate of group 0 to 1.0000e-02.
Epoch: 104, Train loss: 0.10544003309965133, Validation loss: 0.2812646282196045, Validation accuracy: 0.9207
Adjusting learning rate of group 0 to 1.0000e-02.
Epoch: 105, Train loss: 0.09499869390487671, Validation loss: 0.29247983798980715, Validation accuracy: 0.9197
Adjusting learning rate of group 0 to 1.0000e-02.
Epoch: 106, Train loss: 0.09199768485307694, Validation loss: 0.30072895269393923, Validation accuracy: 0.9212
Adjusting learning rate of group 0 to 1.0000e-02.
Epoch: 107, Train loss: 0.08687473761156202, Validation loss: 0.2958322006225586, Validation accuracy: 0.9207
Adjusting learning rate of group 0 to 1.0000e-02.
Epoch: 108, Train loss: 0.08192494320750236, Validation loss: 0.3085974719047546, Validation accuracy: 0.9207
Adjusting learning rate of group 0 to 1.0000e-02.
Epoch: 109, Train loss: 0.07725249487638473, Validation loss: 0.304630873298645, Validation accuracy: 0.9235
Adjusting learning rate of group 0 to 1.0000e-02.
Epoch: 110, Train loss: 0.07359037588119507, Validation loss: 0.3055687579154968, Validation accuracy: 0.9235
Adjusting learning rate of group 0 to 1.0000e-02.
Epoch: 111, Train loss: 0.06951355859041214, Validation loss: 0.3221169850349426, Validation accuracy: 0.921
Adjusting learning rate of group 0 to 1.0000e-02.
Epoch: 112, Train loss: 0.06775799646377563, Validation loss: 0.3270215382575989, Validation accuracy: 0.9219
Adjusting learning rate of group 0 to 1.0000e-02.
Epoch: 113, Train loss: 0.06617725475788117, Validation loss: 0.3215320197105408, Validation accuracy: 0.9225
Adjusting learning rate of group 0 to 1.0000e-02.
Epoch: 114, Train loss: 0.05960357277214527, Validation loss: 0.34024356575012205, Validation accuracy: 0.9213
Adjusting learning rate of group 0 to 1.0000e-02.
Epoch: 115, Train loss: 0.05897384697377682, Validation loss: 0.3470991773605347, Validation accuracy: 0.9243
Adjusting learning rate of group 0 to 1.0000e-02.
Epoch: 116, Train loss: 0.05653850021958351, Validation loss: 0.35627191944122316, Validation accuracy: 0.9171
Adjusting learning rate of group 0 to 1.0000e-02.
Epoch: 117, Train loss: 0.056234713847637174, Validation loss: 0.34172560386657713, Validation accuracy: 0.9247
Adjusting learning rate of group 0 to 1.0000e-02.
Epoch: 118, Train loss: 0.053553977179527285, Validation loss: 0.35381425561904906, Validation accuracy: 0.923
Adjusting learning rate of group 0 to 1.0000e-02.
Epoch: 119, Train loss: 0.05001086545348168, Validation loss: 0.37242213745117186, Validation accuracy: 0.9223
Adjusting learning rate of group 0 to 1.0000e-02.
Epoch: 120, Train loss: 0.04854543440282345, Validation loss: 0.3698316626548767, Validation accuracy: 0.9199
Adjusting learning rate of group 0 to 1.0000e-02.
Epoch: 121, Train loss: 0.047676954485177996, Validation loss: 0.37367829723358154, Validation accuracy: 0.9204
Adjusting learning rate of group 0 to 1.0000e-02.
Epoch: 122, Train loss: 0.045589456810355186, Validation loss: 0.38563283767700196, Validation accuracy: 0.9194
Adjusting learning rate of group 0 to 1.0000e-02.
Epoch: 123, Train loss: 0.04548716538250446, Validation loss: 0.3768349836349487, Validation accuracy: 0.921
Adjusting learning rate of group 0 to 1.0000e-02.
Epoch: 124, Train loss: 0.045090813374519347, Validation loss: 0.39680953369140626, Validation accuracy: 0.9179
Adjusting learning rate of group 0 to 1.0000e-02.
Epoch: 125, Train loss: 0.04426175597250462, Validation loss: 0.3776518218040466, Validation accuracy: 0.9207
Adjusting learning rate of group 0 to 1.0000e-02.
Epoch: 126, Train loss: 0.04251135927826166, Validation loss: 0.37950464029312136, Validation accuracy: 0.9215
Adjusting learning rate of group 0 to 1.0000e-02.
Epoch: 127, Train loss: 0.04302134142756462, Validation loss: 0.40336089992523194, Validation accuracy: 0.9175
Adjusting learning rate of group 0 to 1.0000e-02.
Epoch: 128, Train loss: 0.04150920218646526, Validation loss: 0.39317919864654544, Validation accuracy: 0.9217
Adjusting learning rate of group 0 to 1.0000e-02.
Epoch: 129, Train loss: 0.040113768211007116, Validation loss: 0.39643632431030273, Validation accuracy: 0.9229
Adjusting learning rate of group 0 to 1.0000e-02.
Epoch: 130, Train loss: 0.039054985437989236, Validation loss: 0.38445732917785647, Validation accuracy: 0.923
Adjusting learning rate of group 0 to 1.0000e-02.
Epoch: 131, Train loss: 0.04212868981003761, Validation loss: 0.3885843947410583, Validation accuracy: 0.9206
Adjusting learning rate of group 0 to 1.0000e-02.
Epoch: 132, Train loss: 0.039291462312340736, Validation loss: 0.382229504776001, Validation accuracy: 0.9204
Adjusting learning rate of group 0 to 1.0000e-02.
Epoch: 133, Train loss: 0.040654592218995096, Validation loss: 0.4014100986480713, Validation accuracy: 0.9203
Adjusting learning rate of group 0 to 1.0000e-02.
Epoch: 134, Train loss: 0.037796156764030454, Validation loss: 0.39467708377838134, Validation accuracy: 0.9215
Adjusting learning rate of group 0 to 1.0000e-02.
Epoch: 135, Train loss: 0.039119199671149255, Validation loss: 0.379449382019043, Validation accuracy: 0.9228
Adjusting learning rate of group 0 to 1.0000e-02.
Epoch: 136, Train loss: 0.04021632822751999, Validation loss: 0.41208543701171874, Validation accuracy: 0.918
Adjusting learning rate of group 0 to 1.0000e-02.
Epoch: 137, Train loss: 0.0375496010684967, Validation loss: 0.392297572517395, Validation accuracy: 0.9204
Adjusting learning rate of group 0 to 1.0000e-02.
Epoch: 138, Train loss: 0.03647952401697636, Validation loss: 0.38608709526062013, Validation accuracy: 0.9215
Adjusting learning rate of group 0 to 1.0000e-02.
Epoch: 139, Train loss: 0.036880412211418155, Validation loss: 0.4154444091796875, Validation accuracy: 0.9182
Adjusting learning rate of group 0 to 1.0000e-02.
Epoch: 140, Train loss: 0.03510243495881558, Validation loss: 0.41622581615447996, Validation accuracy: 0.9179
Adjusting learning rate of group 0 to 1.0000e-02.
Epoch: 141, Train loss: 0.03610902604311705, Validation loss: 0.4388505857467651, Validation accuracy: 0.9196
Adjusting learning rate of group 0 to 1.0000e-02.
Epoch: 142, Train loss: 0.03720840806901455, Validation loss: 0.39427844517230987, Validation accuracy: 0.9216
Adjusting learning rate of group 0 to 1.0000e-02.
Epoch: 143, Train loss: 0.03757151029586792, Validation loss: 0.39421852149963377, Validation accuracy: 0.9212
Adjusting learning rate of group 0 to 1.0000e-02.
Epoch: 144, Train loss: 0.038672687177062036, Validation loss: 0.40657855052948, Validation accuracy: 0.9198
Adjusting learning rate of group 0 to 1.0000e-02.
Epoch: 145, Train loss: 0.03797185832619667, Validation loss: 0.3880197467803955, Validation accuracy: 0.9211
Adjusting learning rate of group 0 to 1.0000e-02.
Epoch: 146, Train loss: 0.03541943926990032, Validation loss: 0.38551352519989013, Validation accuracy: 0.9235
Adjusting learning rate of group 0 to 1.0000e-02.
Epoch: 147, Train loss: 0.035891345765590665, Validation loss: 0.45989095821380616, Validation accuracy: 0.9139
Adjusting learning rate of group 0 to 1.0000e-02.
Epoch: 148, Train loss: 0.03584856935858727, Validation loss: 0.41898575038909913, Validation accuracy: 0.9182
Adjusting learning rate of group 0 to 1.0000e-02.
Epoch: 149, Train loss: 0.04096392682373524, Validation loss: 0.41547818775177003, Validation accuracy: 0.9198
Adjusting learning rate of group 0 to 1.0000e-03.
Epoch: 150, Train loss: 0.035613885155320164, Validation loss: 0.3757736707687378, Validation accuracy: 0.923
Adjusting learning rate of group 0 to 1.0000e-03.
Epoch: 151, Train loss: 0.02284989715754986, Validation loss: 0.36051703138351443, Validation accuracy: 0.9275
Adjusting learning rate of group 0 to 1.0000e-03.
Epoch: 152, Train loss: 0.016850630766153337, Validation loss: 0.36691084785461425, Validation accuracy: 0.9284
Adjusting learning rate of group 0 to 1.0000e-03.
Epoch: 153, Train loss: 0.015223639504164457, Validation loss: 0.37384159231185915, Validation accuracy: 0.927
Adjusting learning rate of group 0 to 1.0000e-03.
Epoch: 154, Train loss: 0.014025371602326631, Validation loss: 0.3752646754264832, Validation accuracy: 0.9287
Adjusting learning rate of group 0 to 1.0000e-03.
Epoch: 155, Train loss: 0.011793568470180035, Validation loss: 0.37704865980148317, Validation accuracy: 0.9299
Adjusting learning rate of group 0 to 1.0000e-03.
Epoch: 156, Train loss: 0.012940121047347784, Validation loss: 0.3830736847877502, Validation accuracy: 0.9282
Adjusting learning rate of group 0 to 1.0000e-03.
Epoch: 157, Train loss: 0.010840832570195198, Validation loss: 0.3916514783859253, Validation accuracy: 0.9287
Adjusting learning rate of group 0 to 1.0000e-03.
Epoch: 158, Train loss: 0.010175199081152678, Validation loss: 0.3941343463897705, Validation accuracy: 0.929
Adjusting learning rate of group 0 to 1.0000e-03.
Epoch: 159, Train loss: 0.010827874405682086, Validation loss: 0.3971792464256287, Validation accuracy: 0.9289
Adjusting learning rate of group 0 to 1.0000e-03.
Epoch: 160, Train loss: 0.00958338025264442, Validation loss: 0.39929935684204104, Validation accuracy: 0.9287
Adjusting learning rate of group 0 to 1.0000e-03.
Epoch: 161, Train loss: 0.00916829470179975, Validation loss: 0.4059011664390564, Validation accuracy: 0.9291
Adjusting learning rate of group 0 to 1.0000e-03.
Epoch: 162, Train loss: 0.009015093947649003, Validation loss: 0.4082522852897644, Validation accuracy: 0.9291
Adjusting learning rate of group 0 to 1.0000e-03.
Epoch: 163, Train loss: 0.008354063130691647, Validation loss: 0.40957366228103637, Validation accuracy: 0.9288
Adjusting learning rate of group 0 to 1.0000e-03.
Epoch: 164, Train loss: 0.008247160833626985, Validation loss: 0.4125455372810364, Validation accuracy: 0.9291
Adjusting learning rate of group 0 to 1.0000e-03.
Epoch: 165, Train loss: 0.008201024992391467, Validation loss: 0.418477721118927, Validation accuracy: 0.9275
Adjusting learning rate of group 0 to 1.0000e-03.
Epoch: 166, Train loss: 0.00772734990650788, Validation loss: 0.4165602761268616, Validation accuracy: 0.9283
Adjusting learning rate of group 0 to 1.0000e-03.
Epoch: 167, Train loss: 0.008679504430294038, Validation loss: 0.42238667545318603, Validation accuracy: 0.9282
Adjusting learning rate of group 0 to 1.0000e-03.
Epoch: 168, Train loss: 0.007280270632691681, Validation loss: 0.4281273549079895, Validation accuracy: 0.928
Adjusting learning rate of group 0 to 1.0000e-03.
Epoch: 169, Train loss: 0.007019976131767035, Validation loss: 0.4284904715538025, Validation accuracy: 0.9289
Adjusting learning rate of group 0 to 1.0000e-03.
Epoch: 170, Train loss: 0.0073358625158295035, Validation loss: 0.42734009304046633, Validation accuracy: 0.9291
Adjusting learning rate of group 0 to 1.0000e-03.
Epoch: 171, Train loss: 0.0076116095943376426, Validation loss: 0.4322391083717346, Validation accuracy: 0.9283
Adjusting learning rate of group 0 to 1.0000e-03.
Epoch: 172, Train loss: 0.006149166432395578, Validation loss: 0.433291818523407, Validation accuracy: 0.9289
Adjusting learning rate of group 0 to 1.0000e-03.
Epoch: 173, Train loss: 0.006737679048776627, Validation loss: 0.438778427028656, Validation accuracy: 0.9294
Adjusting learning rate of group 0 to 1.0000e-03.
Epoch: 174, Train loss: 0.006493566273385659, Validation loss: 0.4360319135665894, Validation accuracy: 0.9303
Adjusting learning rate of group 0 to 1.0000e-03.
Epoch: 175, Train loss: 0.006318351981565357, Validation loss: 0.44135492029190065, Validation accuracy: 0.9302
Adjusting learning rate of group 0 to 1.0000e-03.
Epoch: 176, Train loss: 0.006784694255087525, Validation loss: 0.4425239203453064, Validation accuracy: 0.9294
Adjusting learning rate of group 0 to 1.0000e-03.
Epoch: 177, Train loss: 0.00607118450473994, Validation loss: 0.447066147518158, Validation accuracy: 0.9294
Adjusting learning rate of group 0 to 1.0000e-03.
Epoch: 178, Train loss: 0.005949107504794374, Validation loss: 0.4526675231933594, Validation accuracy: 0.9294
Adjusting learning rate of group 0 to 1.0000e-03.
Epoch: 179, Train loss: 0.0062910784083418545, Validation loss: 0.4487189833641052, Validation accuracy: 0.9278
Adjusting learning rate of group 0 to 1.0000e-03.
Epoch: 180, Train loss: 0.0057677087204903365, Validation loss: 0.45313049030303953, Validation accuracy: 0.9285
Adjusting learning rate of group 0 to 1.0000e-03.
Epoch: 181, Train loss: 0.005823741037808358, Validation loss: 0.448345614528656, Validation accuracy: 0.9313
Adjusting learning rate of group 0 to 1.0000e-03.
Epoch: 182, Train loss: 0.005799054966084659, Validation loss: 0.45144547519683836, Validation accuracy: 0.9302
Adjusting learning rate of group 0 to 1.0000e-03.
Epoch: 183, Train loss: 0.005856466624829918, Validation loss: 0.4558949627876282, Validation accuracy: 0.9282
Adjusting learning rate of group 0 to 1.0000e-03.
Epoch: 184, Train loss: 0.00543319306243211, Validation loss: 0.4583210328102112, Validation accuracy: 0.9285
Adjusting learning rate of group 0 to 1.0000e-03.
Epoch: 185, Train loss: 0.005732360574491322, Validation loss: 0.4620956286430359, Validation accuracy: 0.9275
Adjusting learning rate of group 0 to 1.0000e-03.
Epoch: 186, Train loss: 0.0052440916091389955, Validation loss: 0.4593452174186707, Validation accuracy: 0.9302
Adjusting learning rate of group 0 to 1.0000e-03.
Epoch: 187, Train loss: 0.005240649615507573, Validation loss: 0.46532482404708864, Validation accuracy: 0.93
Adjusting learning rate of group 0 to 1.0000e-03.
Epoch: 188, Train loss: 0.004326416031233966, Validation loss: 0.4605740831375122, Validation accuracy: 0.9306
Adjusting learning rate of group 0 to 1.0000e-03.
Epoch: 189, Train loss: 0.005567402172964067, Validation loss: 0.4621157942771912, Validation accuracy: 0.9293
Adjusting learning rate of group 0 to 1.0000e-03.
Epoch: 190, Train loss: 0.00564739686100278, Validation loss: 0.46146602821350097, Validation accuracy: 0.9282
Adjusting learning rate of group 0 to 1.0000e-03.
Epoch: 191, Train loss: 0.004846639167126268, Validation loss: 0.467101574420929, Validation accuracy: 0.9284
Adjusting learning rate of group 0 to 1.0000e-03.
Epoch: 192, Train loss: 0.005443881964394823, Validation loss: 0.4668553391456604, Validation accuracy: 0.9297
Adjusting learning rate of group 0 to 1.0000e-03.
Epoch: 193, Train loss: 0.005056788367200643, Validation loss: 0.46791831550598145, Validation accuracy: 0.9305
Adjusting learning rate of group 0 to 1.0000e-03.
Epoch: 194, Train loss: 0.0042166462958883495, Validation loss: 0.47496968679428103, Validation accuracy: 0.9292
Adjusting learning rate of group 0 to 1.0000e-03.
Epoch: 195, Train loss: 0.004717960127337138, Validation loss: 0.47088871946334837, Validation accuracy: 0.9283
Adjusting learning rate of group 0 to 1.0000e-03.
Epoch: 196, Train loss: 0.004964863972626627, Validation loss: 0.47067055644989014, Validation accuracy: 0.9277
Adjusting learning rate of group 0 to 1.0000e-03.
Epoch: 197, Train loss: 0.004456639627330005, Validation loss: 0.4735681432723999, Validation accuracy: 0.9285
Adjusting learning rate of group 0 to 1.0000e-03.
Epoch: 198, Train loss: 0.004673802156150341, Validation loss: 0.4772668935775757, Validation accuracy: 0.9294
Adjusting learning rate of group 0 to 1.0000e-03.
Epoch: 199, Train loss: 0.003952390528954565, Validation loss: 0.48101631202697753, Validation accuracy: 0.9274
Accuracy: 0.9274, Parameters: 4950
