['ResNet-TRL-Ringed.py', '--core_ranks', '3', '1', '1', '--ring_ranks', '3', '1', '5', '--seed', '5', '--device', 'cuda:3']
Initializing dataloader
Files already downloaded and verified
Files already downloaded and verified
Dataloader has initialized
Initializing model
Adjusting learning rate of group 0 to 1.0000e-02.
Model initialized
Testing model
Tests passed
Adjusting learning rate of group 0 to 2.0000e-02.
Epoch: 0, Train loss: 1.8832543422698975, Validation loss: 1.6363555423736573, Validation accuracy: 0.3636
Adjusting learning rate of group 0 to 3.0000e-02.
Epoch: 1, Train loss: 1.6249892066955567, Validation loss: 1.5308803371429442, Validation accuracy: 0.4507
Adjusting learning rate of group 0 to 4.0000e-02.
Epoch: 2, Train loss: 1.4345774213027953, Validation loss: 1.4535471384048462, Validation accuracy: 0.4712
Adjusting learning rate of group 0 to 5.0000e-02.
Epoch: 3, Train loss: 1.2831795209503174, Validation loss: 1.3845643201828004, Validation accuracy: 0.5337
Adjusting learning rate of group 0 to 6.0000e-02.
Epoch: 4, Train loss: 1.1528068879699707, Validation loss: 1.114008053779602, Validation accuracy: 0.591
Adjusting learning rate of group 0 to 7.0000e-02.
Epoch: 5, Train loss: 1.0630739912223817, Validation loss: 1.0454689086914062, Validation accuracy: 0.6387
Adjusting learning rate of group 0 to 8.0000e-02.
Epoch: 6, Train loss: 0.9926791808891297, Validation loss: 0.99873925075531, Validation accuracy: 0.6695
Adjusting learning rate of group 0 to 9.0000e-02.
Epoch: 7, Train loss: 0.9218737045669556, Validation loss: 1.135097983932495, Validation accuracy: 0.6755
Adjusting learning rate of group 0 to 1.0000e-01.
Epoch: 8, Train loss: 0.8709425451469421, Validation loss: 0.8689521079063416, Validation accuracy: 0.7054
Adjusting learning rate of group 0 to 1.0000e-01.
Epoch: 9, Train loss: 0.8289017091369629, Validation loss: 0.8671459855079651, Validation accuracy: 0.714
Adjusting learning rate of group 0 to 1.0000e-01.
Epoch: 10, Train loss: 0.8078823895263672, Validation loss: 1.0274464078903198, Validation accuracy: 0.7044
Adjusting learning rate of group 0 to 1.0000e-01.
Epoch: 11, Train loss: 0.7522460766601563, Validation loss: 0.8245366639137268, Validation accuracy: 0.7542
Adjusting learning rate of group 0 to 1.0000e-01.
Epoch: 12, Train loss: 0.7363094247245788, Validation loss: 1.177266376876831, Validation accuracy: 0.6908
Adjusting learning rate of group 0 to 1.0000e-01.
Epoch: 13, Train loss: 0.6995935338592529, Validation loss: 0.7930118172645569, Validation accuracy: 0.7512
Adjusting learning rate of group 0 to 1.0000e-01.
Epoch: 14, Train loss: 0.6807713050842286, Validation loss: 0.805951026058197, Validation accuracy: 0.7563
Adjusting learning rate of group 0 to 1.0000e-01.
Epoch: 15, Train loss: 0.6595142211818695, Validation loss: 0.7943509979248047, Validation accuracy: 0.7691
Adjusting learning rate of group 0 to 1.0000e-01.
Epoch: 16, Train loss: 0.6295370495033265, Validation loss: 0.8233263438224793, Validation accuracy: 0.755
Adjusting learning rate of group 0 to 1.0000e-01.
Epoch: 17, Train loss: 0.614618139591217, Validation loss: 0.8393265758514404, Validation accuracy: 0.7453
Adjusting learning rate of group 0 to 1.0000e-01.
Epoch: 18, Train loss: 0.6210898750114441, Validation loss: 0.785809760761261, Validation accuracy: 0.7573
Adjusting learning rate of group 0 to 1.0000e-01.
Epoch: 19, Train loss: 0.604695293560028, Validation loss: 0.7413358172416687, Validation accuracy: 0.7661
Adjusting learning rate of group 0 to 1.0000e-01.
Epoch: 20, Train loss: 0.5777931485366822, Validation loss: 1.0819796960830688, Validation accuracy: 0.6831
Adjusting learning rate of group 0 to 1.0000e-01.
Epoch: 21, Train loss: 0.574941882801056, Validation loss: 0.9083165252685547, Validation accuracy: 0.7503
Adjusting learning rate of group 0 to 1.0000e-01.
Epoch: 22, Train loss: 0.5658843790817261, Validation loss: 0.8304439126968384, Validation accuracy: 0.7609
Adjusting learning rate of group 0 to 1.0000e-01.
Epoch: 23, Train loss: 0.5547464603614807, Validation loss: 0.6328727734565734, Validation accuracy: 0.8107
Adjusting learning rate of group 0 to 1.0000e-01.
Epoch: 24, Train loss: 0.547671344795227, Validation loss: 0.7475869702339173, Validation accuracy: 0.7638
Adjusting learning rate of group 0 to 1.0000e-01.
Epoch: 25, Train loss: 0.5400096788978577, Validation loss: 0.7995883296966553, Validation accuracy: 0.7866
Adjusting learning rate of group 0 to 1.0000e-01.
Epoch: 26, Train loss: 0.5438794785690307, Validation loss: 0.622582868719101, Validation accuracy: 0.8102
Adjusting learning rate of group 0 to 1.0000e-01.
Epoch: 27, Train loss: 0.5242525340652466, Validation loss: 0.7353411147594452, Validation accuracy: 0.7858
Adjusting learning rate of group 0 to 1.0000e-01.
Epoch: 28, Train loss: 0.5299450637054444, Validation loss: 0.8887835573196411, Validation accuracy: 0.7913
Adjusting learning rate of group 0 to 1.0000e-01.
Epoch: 29, Train loss: 0.5330536735439301, Validation loss: 0.6381218110084533, Validation accuracy: 0.8213
Adjusting learning rate of group 0 to 1.0000e-01.
Epoch: 30, Train loss: 0.5148457152175904, Validation loss: 0.8051211977958679, Validation accuracy: 0.7777
Adjusting learning rate of group 0 to 1.0000e-01.
Epoch: 31, Train loss: 0.5102143328762054, Validation loss: 0.591569981431961, Validation accuracy: 0.8092
Adjusting learning rate of group 0 to 1.0000e-01.
Epoch: 32, Train loss: 0.49877138523101805, Validation loss: 0.719568955039978, Validation accuracy: 0.7798
Adjusting learning rate of group 0 to 1.0000e-01.
Epoch: 33, Train loss: 0.49690496599197387, Validation loss: 0.6826767256736755, Validation accuracy: 0.787
Adjusting learning rate of group 0 to 1.0000e-01.
Epoch: 34, Train loss: 0.4948539454078674, Validation loss: 0.6632446509361267, Validation accuracy: 0.8
Adjusting learning rate of group 0 to 1.0000e-01.
Epoch: 35, Train loss: 0.49949157200813293, Validation loss: 0.6270561042785645, Validation accuracy: 0.8192
Adjusting learning rate of group 0 to 1.0000e-01.
Epoch: 36, Train loss: 0.4891639777565002, Validation loss: 0.7254572052240371, Validation accuracy: 0.8054
Adjusting learning rate of group 0 to 1.0000e-01.
Epoch: 37, Train loss: 0.49632516584396363, Validation loss: 0.7250112134933472, Validation accuracy: 0.7853
Adjusting learning rate of group 0 to 1.0000e-01.
Epoch: 38, Train loss: 0.4838000761604309, Validation loss: 0.8814164998054504, Validation accuracy: 0.7791
Adjusting learning rate of group 0 to 1.0000e-01.
Epoch: 39, Train loss: 0.483205055770874, Validation loss: 0.8502965626716614, Validation accuracy: 0.7631
Adjusting learning rate of group 0 to 1.0000e-01.
Epoch: 40, Train loss: 0.47611049549102785, Validation loss: 0.6529288768768311, Validation accuracy: 0.8113
Adjusting learning rate of group 0 to 1.0000e-01.
Epoch: 41, Train loss: 0.4733101392459869, Validation loss: 0.8337530287265777, Validation accuracy: 0.7983
Adjusting learning rate of group 0 to 1.0000e-01.
Epoch: 42, Train loss: 0.4848270574569702, Validation loss: 0.6374845445632935, Validation accuracy: 0.8018
Adjusting learning rate of group 0 to 1.0000e-01.
Epoch: 43, Train loss: 0.4766308378505707, Validation loss: 0.6893485166549682, Validation accuracy: 0.7979
Adjusting learning rate of group 0 to 1.0000e-01.
Epoch: 44, Train loss: 0.4731160822582245, Validation loss: 0.7198919185638428, Validation accuracy: 0.8224
Adjusting learning rate of group 0 to 1.0000e-01.
Epoch: 45, Train loss: 0.4616745885467529, Validation loss: 0.6293867913246155, Validation accuracy: 0.8009
Adjusting learning rate of group 0 to 1.0000e-01.
Epoch: 46, Train loss: 0.4801558852767944, Validation loss: 0.6989502828598022, Validation accuracy: 0.7848
Adjusting learning rate of group 0 to 1.0000e-01.
Epoch: 47, Train loss: 0.4590664073848724, Validation loss: 0.7228304601669312, Validation accuracy: 0.8175
Adjusting learning rate of group 0 to 1.0000e-01.
Epoch: 48, Train loss: 0.448744753074646, Validation loss: 0.595973596572876, Validation accuracy: 0.825
Adjusting learning rate of group 0 to 1.0000e-01.
Epoch: 49, Train loss: 0.4702706191635132, Validation loss: 1.0129612620353698, Validation accuracy: 0.7943
Adjusting learning rate of group 0 to 1.0000e-01.
Epoch: 50, Train loss: 0.4662332671928406, Validation loss: 0.6137526847839355, Validation accuracy: 0.8407
Adjusting learning rate of group 0 to 1.0000e-01.
Epoch: 51, Train loss: 0.453551224899292, Validation loss: 0.6005928215026856, Validation accuracy: 0.8295
Adjusting learning rate of group 0 to 1.0000e-01.
Epoch: 52, Train loss: 0.44568030208587645, Validation loss: 0.6855216797828674, Validation accuracy: 0.8104
Adjusting learning rate of group 0 to 1.0000e-01.
Epoch: 53, Train loss: 0.4533500815010071, Validation loss: 0.5972179239273071, Validation accuracy: 0.8155
Adjusting learning rate of group 0 to 1.0000e-01.
Epoch: 54, Train loss: 0.44402549308776856, Validation loss: 0.9085682305335998, Validation accuracy: 0.794
Adjusting learning rate of group 0 to 1.0000e-01.
Epoch: 55, Train loss: 0.43609961585998536, Validation loss: 0.751959361076355, Validation accuracy: 0.826
Adjusting learning rate of group 0 to 1.0000e-01.
Epoch: 56, Train loss: 0.4408446303844452, Validation loss: 0.7353860586166382, Validation accuracy: 0.8043
Adjusting learning rate of group 0 to 1.0000e-01.
Epoch: 57, Train loss: 0.45296623863220215, Validation loss: 0.5456445068359375, Validation accuracy: 0.8249
Adjusting learning rate of group 0 to 1.0000e-01.
Epoch: 58, Train loss: 0.44623432104110716, Validation loss: 0.7352604615211487, Validation accuracy: 0.8048
Adjusting learning rate of group 0 to 1.0000e-01.
Epoch: 59, Train loss: 0.456242124710083, Validation loss: 0.6023877638816834, Validation accuracy: 0.8077
Adjusting learning rate of group 0 to 1.0000e-01.
Epoch: 60, Train loss: 0.441611510925293, Validation loss: 0.5652212816238403, Validation accuracy: 0.8181
Adjusting learning rate of group 0 to 1.0000e-01.
Epoch: 61, Train loss: 0.44139009231567383, Validation loss: 0.7850367911338806, Validation accuracy: 0.8017
Adjusting learning rate of group 0 to 1.0000e-01.
Epoch: 62, Train loss: 0.42939032594680787, Validation loss: 0.5705020470142365, Validation accuracy: 0.8246
Adjusting learning rate of group 0 to 1.0000e-01.
Epoch: 63, Train loss: 0.43793999300956726, Validation loss: 0.7876200312614441, Validation accuracy: 0.8062
Adjusting learning rate of group 0 to 1.0000e-01.
Epoch: 64, Train loss: 0.4440612523555756, Validation loss: 0.5688257339000702, Validation accuracy: 0.8439
Adjusting learning rate of group 0 to 1.0000e-01.
Epoch: 65, Train loss: 0.43839350363731383, Validation loss: 0.6146410505771637, Validation accuracy: 0.8171
Adjusting learning rate of group 0 to 1.0000e-01.
Epoch: 66, Train loss: 0.42221755977630615, Validation loss: 0.6683721179008484, Validation accuracy: 0.8145
Adjusting learning rate of group 0 to 1.0000e-01.
Epoch: 67, Train loss: 0.4297573857593536, Validation loss: 0.5139214395046234, Validation accuracy: 0.8389
Adjusting learning rate of group 0 to 1.0000e-01.
Epoch: 68, Train loss: 0.42888458509445193, Validation loss: 0.6405230300903321, Validation accuracy: 0.8336
Adjusting learning rate of group 0 to 1.0000e-01.
Epoch: 69, Train loss: 0.4333846185207367, Validation loss: 0.5716628542900085, Validation accuracy: 0.8291
Adjusting learning rate of group 0 to 1.0000e-01.
Epoch: 70, Train loss: 0.42467366459846495, Validation loss: 0.6019035240173339, Validation accuracy: 0.8179
Adjusting learning rate of group 0 to 1.0000e-01.
Epoch: 71, Train loss: 0.41961136169433594, Validation loss: 0.5986921812057495, Validation accuracy: 0.8173
Adjusting learning rate of group 0 to 1.0000e-01.
Epoch: 72, Train loss: 0.42054221720695495, Validation loss: 0.806149550819397, Validation accuracy: 0.7486
Adjusting learning rate of group 0 to 1.0000e-01.
Epoch: 73, Train loss: 0.4198650252342224, Validation loss: 0.5767995426177979, Validation accuracy: 0.8232
Adjusting learning rate of group 0 to 1.0000e-01.
Epoch: 74, Train loss: 0.4256863857841492, Validation loss: 0.625630286693573, Validation accuracy: 0.8144
Adjusting learning rate of group 0 to 1.0000e-01.
Epoch: 75, Train loss: 0.4212238858413696, Validation loss: 0.6928772117614747, Validation accuracy: 0.8154
Adjusting learning rate of group 0 to 1.0000e-01.
Epoch: 76, Train loss: 0.4352633930110931, Validation loss: 0.5563689943313599, Validation accuracy: 0.8396
Adjusting learning rate of group 0 to 1.0000e-01.
Epoch: 77, Train loss: 0.4123292069244385, Validation loss: 0.5843239915847779, Validation accuracy: 0.8412
Adjusting learning rate of group 0 to 1.0000e-01.
Epoch: 78, Train loss: 0.43196358790397643, Validation loss: 0.809438621377945, Validation accuracy: 0.7985
Adjusting learning rate of group 0 to 1.0000e-01.
Epoch: 79, Train loss: 0.4225206723403931, Validation loss: 0.7226495398521423, Validation accuracy: 0.8128
Adjusting learning rate of group 0 to 1.0000e-01.
Epoch: 80, Train loss: 0.4109869624423981, Validation loss: 0.5591253172874451, Validation accuracy: 0.8379
Adjusting learning rate of group 0 to 1.0000e-01.
Epoch: 81, Train loss: 0.41854979211807253, Validation loss: 0.5619116000175476, Validation accuracy: 0.8504
Adjusting learning rate of group 0 to 1.0000e-01.
Epoch: 82, Train loss: 0.4137381562614441, Validation loss: 0.7962981569290161, Validation accuracy: 0.7907
Adjusting learning rate of group 0 to 1.0000e-01.
Epoch: 83, Train loss: 0.4259636475944519, Validation loss: 0.6329536980628967, Validation accuracy: 0.8035
Adjusting learning rate of group 0 to 1.0000e-01.
Epoch: 84, Train loss: 0.41551151374816897, Validation loss: 0.5187284620285034, Validation accuracy: 0.8413
Adjusting learning rate of group 0 to 1.0000e-01.
Epoch: 85, Train loss: 0.42098598474502563, Validation loss: 0.5823293003082275, Validation accuracy: 0.8396
Adjusting learning rate of group 0 to 1.0000e-01.
Epoch: 86, Train loss: 0.42271281997680665, Validation loss: 0.7805822628021241, Validation accuracy: 0.788
Adjusting learning rate of group 0 to 1.0000e-01.
Epoch: 87, Train loss: 0.4054734264087677, Validation loss: 0.5430259889602661, Validation accuracy: 0.8385
Adjusting learning rate of group 0 to 1.0000e-01.
Epoch: 88, Train loss: 0.411703686337471, Validation loss: 0.8316044010162353, Validation accuracy: 0.7892
Adjusting learning rate of group 0 to 1.0000e-01.
Epoch: 89, Train loss: 0.40838541474342344, Validation loss: 0.6945533842086792, Validation accuracy: 0.8072
Adjusting learning rate of group 0 to 1.0000e-01.
Epoch: 90, Train loss: 0.4032399863433838, Validation loss: 0.546647223854065, Validation accuracy: 0.8215
Adjusting learning rate of group 0 to 1.0000e-01.
Epoch: 91, Train loss: 0.40702840522766115, Validation loss: 0.5764306147098541, Validation accuracy: 0.8164
Adjusting learning rate of group 0 to 1.0000e-01.
Epoch: 92, Train loss: 0.4281482298946381, Validation loss: 0.5745227593421937, Validation accuracy: 0.8272
Adjusting learning rate of group 0 to 1.0000e-01.
Epoch: 93, Train loss: 0.41388763927459715, Validation loss: 0.6103854621887207, Validation accuracy: 0.8338
Adjusting learning rate of group 0 to 1.0000e-01.
Epoch: 94, Train loss: 0.40585752910614015, Validation loss: 1.2404041458129882, Validation accuracy: 0.7728
Adjusting learning rate of group 0 to 1.0000e-01.
Epoch: 95, Train loss: 0.4146225747871399, Validation loss: 0.6047349749565124, Validation accuracy: 0.8268
Adjusting learning rate of group 0 to 1.0000e-01.
Epoch: 96, Train loss: 0.41076610332489016, Validation loss: 0.644305410861969, Validation accuracy: 0.8211
Adjusting learning rate of group 0 to 1.0000e-01.
Epoch: 97, Train loss: 0.404508035197258, Validation loss: 0.7715343216896057, Validation accuracy: 0.798
Adjusting learning rate of group 0 to 1.0000e-01.
Epoch: 98, Train loss: 0.41757642688751223, Validation loss: 0.5388756724357605, Validation accuracy: 0.825
Adjusting learning rate of group 0 to 1.0000e-01.
Epoch: 99, Train loss: 0.4168396469116211, Validation loss: 0.6497837724685669, Validation accuracy: 0.806
Adjusting learning rate of group 0 to 1.0000e-02.
Epoch: 100, Train loss: 0.4192763502597809, Validation loss: 0.6262573092460633, Validation accuracy: 0.824
Adjusting learning rate of group 0 to 1.0000e-02.
Epoch: 101, Train loss: 0.24997725805282592, Validation loss: 0.3638203507423401, Validation accuracy: 0.899
Adjusting learning rate of group 0 to 1.0000e-02.
Epoch: 102, Train loss: 0.20168347966194153, Validation loss: 0.33194937031269073, Validation accuracy: 0.9044
Adjusting learning rate of group 0 to 1.0000e-02.
Epoch: 103, Train loss: 0.18551716511964797, Validation loss: 0.33541317431926726, Validation accuracy: 0.9072
Adjusting learning rate of group 0 to 1.0000e-02.
Epoch: 104, Train loss: 0.17503086275100707, Validation loss: 0.34817934336662293, Validation accuracy: 0.9049
Adjusting learning rate of group 0 to 1.0000e-02.
Epoch: 105, Train loss: 0.1659778845500946, Validation loss: 0.3350778601169586, Validation accuracy: 0.9069
Adjusting learning rate of group 0 to 1.0000e-02.
Epoch: 106, Train loss: 0.1527358639574051, Validation loss: 0.3416596026420593, Validation accuracy: 0.9087
Adjusting learning rate of group 0 to 1.0000e-02.
Epoch: 107, Train loss: 0.14658238085746766, Validation loss: 0.3394541935920715, Validation accuracy: 0.9122
Adjusting learning rate of group 0 to 1.0000e-02.
Epoch: 108, Train loss: 0.14149502367496491, Validation loss: 0.3502826498031616, Validation accuracy: 0.9112
Adjusting learning rate of group 0 to 1.0000e-02.
Epoch: 109, Train loss: 0.1384120861017704, Validation loss: 0.3564905403137207, Validation accuracy: 0.9111
Adjusting learning rate of group 0 to 1.0000e-02.
Epoch: 110, Train loss: 0.1323942726969719, Validation loss: 0.35591473875045776, Validation accuracy: 0.9092
Adjusting learning rate of group 0 to 1.0000e-02.
Epoch: 111, Train loss: 0.12688567910671233, Validation loss: 0.37104411067962645, Validation accuracy: 0.9112
Adjusting learning rate of group 0 to 1.0000e-02.
Epoch: 112, Train loss: 0.12058146586418152, Validation loss: 0.3536257663488388, Validation accuracy: 0.9122
Adjusting learning rate of group 0 to 1.0000e-02.
Epoch: 113, Train loss: 0.11933813651561737, Validation loss: 0.36876919202804564, Validation accuracy: 0.9096
Adjusting learning rate of group 0 to 1.0000e-02.
Epoch: 114, Train loss: 0.11559865122795104, Validation loss: 0.3622729455947876, Validation accuracy: 0.9095
Adjusting learning rate of group 0 to 1.0000e-02.
Epoch: 115, Train loss: 0.10968927684307099, Validation loss: 0.37244521484375, Validation accuracy: 0.9121
Adjusting learning rate of group 0 to 1.0000e-02.
Epoch: 116, Train loss: 0.10835807820081711, Validation loss: 0.375270373916626, Validation accuracy: 0.9125
Adjusting learning rate of group 0 to 1.0000e-02.
Epoch: 117, Train loss: 0.0996304860162735, Validation loss: 0.3916186695098877, Validation accuracy: 0.911
Adjusting learning rate of group 0 to 1.0000e-02.
Epoch: 118, Train loss: 0.10217790474891662, Validation loss: 0.3776362084388733, Validation accuracy: 0.9118
Adjusting learning rate of group 0 to 1.0000e-02.
Epoch: 119, Train loss: 0.10023701589345932, Validation loss: 0.37195933175086976, Validation accuracy: 0.9107
Adjusting learning rate of group 0 to 1.0000e-02.
Epoch: 120, Train loss: 0.0960402678513527, Validation loss: 0.44131096715927126, Validation accuracy: 0.908
Adjusting learning rate of group 0 to 1.0000e-02.
Epoch: 121, Train loss: 0.09477195528268814, Validation loss: 0.39510256271362304, Validation accuracy: 0.912
Adjusting learning rate of group 0 to 1.0000e-02.
Epoch: 122, Train loss: 0.09272694965839386, Validation loss: 0.3823769307136536, Validation accuracy: 0.9154
Adjusting learning rate of group 0 to 1.0000e-02.
Epoch: 123, Train loss: 0.09054751775026322, Validation loss: 0.4121439292907715, Validation accuracy: 0.9082
Adjusting learning rate of group 0 to 1.0000e-02.
Epoch: 124, Train loss: 0.08972137346744537, Validation loss: 0.40893703145980836, Validation accuracy: 0.914
Adjusting learning rate of group 0 to 1.0000e-02.
Epoch: 125, Train loss: 0.08492032681703568, Validation loss: 0.4225685439109802, Validation accuracy: 0.9108
Adjusting learning rate of group 0 to 1.0000e-02.
Epoch: 126, Train loss: 0.0827546678495407, Validation loss: 0.4338909564971924, Validation accuracy: 0.9086
Adjusting learning rate of group 0 to 1.0000e-02.
Epoch: 127, Train loss: 0.08390927639245988, Validation loss: 0.418808713054657, Validation accuracy: 0.91
Adjusting learning rate of group 0 to 1.0000e-02.
Epoch: 128, Train loss: 0.08251171992063522, Validation loss: 0.43852224988937377, Validation accuracy: 0.9107
Adjusting learning rate of group 0 to 1.0000e-02.
Epoch: 129, Train loss: 0.07953753204584121, Validation loss: 0.4356946150779724, Validation accuracy: 0.9093
Adjusting learning rate of group 0 to 1.0000e-02.
Epoch: 130, Train loss: 0.07992910259962081, Validation loss: 0.4535418787956238, Validation accuracy: 0.9088
Adjusting learning rate of group 0 to 1.0000e-02.
Epoch: 131, Train loss: 0.08233838370442391, Validation loss: 0.42893044795989993, Validation accuracy: 0.9112
Adjusting learning rate of group 0 to 1.0000e-02.
Epoch: 132, Train loss: 0.07742371873140336, Validation loss: 0.4464319390296936, Validation accuracy: 0.9101
Adjusting learning rate of group 0 to 1.0000e-02.
Epoch: 133, Train loss: 0.07418087759017944, Validation loss: 0.4650589810371399, Validation accuracy: 0.911
Adjusting learning rate of group 0 to 1.0000e-02.
Epoch: 134, Train loss: 0.07427396386981011, Validation loss: 0.461438809299469, Validation accuracy: 0.9095
Adjusting learning rate of group 0 to 1.0000e-02.
Epoch: 135, Train loss: 0.0742971201479435, Validation loss: 0.46987594299316404, Validation accuracy: 0.9091
Adjusting learning rate of group 0 to 1.0000e-02.
Epoch: 136, Train loss: 0.07433877962589264, Validation loss: 0.4565592445373535, Validation accuracy: 0.9098
Adjusting learning rate of group 0 to 1.0000e-02.
Epoch: 137, Train loss: 0.07133658153653145, Validation loss: 0.4558620747566223, Validation accuracy: 0.9128
Adjusting learning rate of group 0 to 1.0000e-02.
Epoch: 138, Train loss: 0.07041975504875184, Validation loss: 0.4876774443149567, Validation accuracy: 0.908
Adjusting learning rate of group 0 to 1.0000e-02.
Epoch: 139, Train loss: 0.07148321444034576, Validation loss: 0.4969191309928894, Validation accuracy: 0.9077
Adjusting learning rate of group 0 to 1.0000e-02.
Epoch: 140, Train loss: 0.07245792161226272, Validation loss: 0.45072857208251954, Validation accuracy: 0.9095
Adjusting learning rate of group 0 to 1.0000e-02.
Epoch: 141, Train loss: 0.07173388935804367, Validation loss: 0.4797520809650421, Validation accuracy: 0.907
Adjusting learning rate of group 0 to 1.0000e-02.
Epoch: 142, Train loss: 0.07035042623877526, Validation loss: 0.4755788040161133, Validation accuracy: 0.9097
Adjusting learning rate of group 0 to 1.0000e-02.
Epoch: 143, Train loss: 0.07104487707614898, Validation loss: 0.46217864990234375, Validation accuracy: 0.9118
Adjusting learning rate of group 0 to 1.0000e-02.
Epoch: 144, Train loss: 0.0717119938826561, Validation loss: 0.46158211331367494, Validation accuracy: 0.9135
Adjusting learning rate of group 0 to 1.0000e-02.
Epoch: 145, Train loss: 0.06749283589601517, Validation loss: 0.49947081480026245, Validation accuracy: 0.9082
Adjusting learning rate of group 0 to 1.0000e-02.
Epoch: 146, Train loss: 0.06935349265515804, Validation loss: 0.49357808876037595, Validation accuracy: 0.9088
Adjusting learning rate of group 0 to 1.0000e-02.
Epoch: 147, Train loss: 0.06649645997524262, Validation loss: 0.4890617088317871, Validation accuracy: 0.9131
Adjusting learning rate of group 0 to 1.0000e-02.
Epoch: 148, Train loss: 0.0691011502790451, Validation loss: 0.4717341037750244, Validation accuracy: 0.9085
Adjusting learning rate of group 0 to 1.0000e-02.
Epoch: 149, Train loss: 0.07249172105789184, Validation loss: 0.5007078046798706, Validation accuracy: 0.9063
Adjusting learning rate of group 0 to 1.0000e-03.
Epoch: 150, Train loss: 0.06844144486188888, Validation loss: 0.44893606300354005, Validation accuracy: 0.9131
Adjusting learning rate of group 0 to 1.0000e-03.
Epoch: 151, Train loss: 0.04859437058389187, Validation loss: 0.44230883045196534, Validation accuracy: 0.9155
Adjusting learning rate of group 0 to 1.0000e-03.
Epoch: 152, Train loss: 0.0373337149900198, Validation loss: 0.4620861766815186, Validation accuracy: 0.9194
Adjusting learning rate of group 0 to 1.0000e-03.
Epoch: 153, Train loss: 0.03379944997489452, Validation loss: 0.4796198187828064, Validation accuracy: 0.9173
Adjusting learning rate of group 0 to 1.0000e-03.
Epoch: 154, Train loss: 0.03147319455742836, Validation loss: 0.4909310106277466, Validation accuracy: 0.9178
Adjusting learning rate of group 0 to 1.0000e-03.
Epoch: 155, Train loss: 0.03054150472074747, Validation loss: 0.48958406829833984, Validation accuracy: 0.9191
Adjusting learning rate of group 0 to 1.0000e-03.
Epoch: 156, Train loss: 0.029905331635326146, Validation loss: 0.491253800201416, Validation accuracy: 0.9207
Adjusting learning rate of group 0 to 1.0000e-03.
Epoch: 157, Train loss: 0.02688195708334446, Validation loss: 0.504457068824768, Validation accuracy: 0.9202
Adjusting learning rate of group 0 to 1.0000e-03.
Epoch: 158, Train loss: 0.026347221158742905, Validation loss: 0.519377896308899, Validation accuracy: 0.918
Adjusting learning rate of group 0 to 1.0000e-03.
Epoch: 159, Train loss: 0.025495404675006866, Validation loss: 0.5193020329475403, Validation accuracy: 0.9203
Adjusting learning rate of group 0 to 1.0000e-03.
Epoch: 160, Train loss: 0.023047046450972556, Validation loss: 0.5254959546089172, Validation accuracy: 0.9208
Adjusting learning rate of group 0 to 1.0000e-03.
Epoch: 161, Train loss: 0.025131603897362947, Validation loss: 0.5319682348251342, Validation accuracy: 0.9196
Adjusting learning rate of group 0 to 1.0000e-03.
Epoch: 162, Train loss: 0.021800998356044293, Validation loss: 0.5488783522605896, Validation accuracy: 0.9191
Adjusting learning rate of group 0 to 1.0000e-03.
Epoch: 163, Train loss: 0.022003777950257063, Validation loss: 0.5575337282180786, Validation accuracy: 0.9193
Adjusting learning rate of group 0 to 1.0000e-03.
Epoch: 164, Train loss: 0.021893444581553338, Validation loss: 0.5567643998146057, Validation accuracy: 0.9212
Adjusting learning rate of group 0 to 1.0000e-03.
Epoch: 165, Train loss: 0.020409001620411874, Validation loss: 0.5642361582756042, Validation accuracy: 0.9197
Adjusting learning rate of group 0 to 1.0000e-03.
Epoch: 166, Train loss: 0.01964812824320048, Validation loss: 0.5711929668426514, Validation accuracy: 0.9196
Adjusting learning rate of group 0 to 1.0000e-03.
Epoch: 167, Train loss: 0.02172028434857726, Validation loss: 0.5684611282348633, Validation accuracy: 0.9199
Adjusting learning rate of group 0 to 1.0000e-03.
Epoch: 168, Train loss: 0.020383518691658973, Validation loss: 0.5718408887863159, Validation accuracy: 0.921
Adjusting learning rate of group 0 to 1.0000e-03.
Epoch: 169, Train loss: 0.019146139965653418, Validation loss: 0.5785728607177735, Validation accuracy: 0.9219
Adjusting learning rate of group 0 to 1.0000e-03.
Epoch: 170, Train loss: 0.018380192216336726, Validation loss: 0.5813122297286988, Validation accuracy: 0.9214
Adjusting learning rate of group 0 to 1.0000e-03.
Epoch: 171, Train loss: 0.017743270712420343, Validation loss: 0.5968589229583741, Validation accuracy: 0.9204
Adjusting learning rate of group 0 to 1.0000e-03.
Epoch: 172, Train loss: 0.018811753968298435, Validation loss: 0.5992987373352051, Validation accuracy: 0.9208
Adjusting learning rate of group 0 to 1.0000e-03.
Epoch: 173, Train loss: 0.018468738620579243, Validation loss: 0.59920297498703, Validation accuracy: 0.921
Adjusting learning rate of group 0 to 1.0000e-03.
Epoch: 174, Train loss: 0.01696971147418022, Validation loss: 0.6079860168457031, Validation accuracy: 0.9179
Adjusting learning rate of group 0 to 1.0000e-03.
Epoch: 175, Train loss: 0.017341508146375417, Validation loss: 0.6044949317932129, Validation accuracy: 0.9204
Adjusting learning rate of group 0 to 1.0000e-03.
Epoch: 176, Train loss: 0.016856518573984503, Validation loss: 0.611934240436554, Validation accuracy: 0.9199
Adjusting learning rate of group 0 to 1.0000e-03.
Epoch: 177, Train loss: 0.01817900820620358, Validation loss: 0.6136861343383789, Validation accuracy: 0.9219
Adjusting learning rate of group 0 to 1.0000e-03.
Epoch: 178, Train loss: 0.01795522576600313, Validation loss: 0.6157775165557862, Validation accuracy: 0.9199
Adjusting learning rate of group 0 to 1.0000e-03.
Epoch: 179, Train loss: 0.017452235791683198, Validation loss: 0.6060460465431213, Validation accuracy: 0.9212
Adjusting learning rate of group 0 to 1.0000e-03.
Epoch: 180, Train loss: 0.016925507580339907, Validation loss: 0.6270934042930603, Validation accuracy: 0.9205
Adjusting learning rate of group 0 to 1.0000e-03.
Epoch: 181, Train loss: 0.015167654819786549, Validation loss: 0.6181032432556153, Validation accuracy: 0.921
Adjusting learning rate of group 0 to 1.0000e-03.
Epoch: 182, Train loss: 0.015695520809441806, Validation loss: 0.6113723980903626, Validation accuracy: 0.9222
Adjusting learning rate of group 0 to 1.0000e-03.
Epoch: 183, Train loss: 0.017221339546591042, Validation loss: 0.6234892004013062, Validation accuracy: 0.921
Adjusting learning rate of group 0 to 1.0000e-03.
Epoch: 184, Train loss: 0.01565890264093876, Validation loss: 0.6197156066894531, Validation accuracy: 0.9218
Adjusting learning rate of group 0 to 1.0000e-03.
Epoch: 185, Train loss: 0.0160871944244951, Validation loss: 0.6196309310913086, Validation accuracy: 0.9233
Adjusting learning rate of group 0 to 1.0000e-03.
Epoch: 186, Train loss: 0.016296115703433752, Validation loss: 0.62078251247406, Validation accuracy: 0.9225
Adjusting learning rate of group 0 to 1.0000e-03.
Epoch: 187, Train loss: 0.014558262437134982, Validation loss: 0.6222960693359375, Validation accuracy: 0.9226
Adjusting learning rate of group 0 to 1.0000e-03.
Epoch: 188, Train loss: 0.01425058372952044, Validation loss: 0.6251157991409302, Validation accuracy: 0.9223
Adjusting learning rate of group 0 to 1.0000e-03.
Epoch: 189, Train loss: 0.014123576202169062, Validation loss: 0.6431699552536011, Validation accuracy: 0.9218
Adjusting learning rate of group 0 to 1.0000e-03.
Epoch: 190, Train loss: 0.014296007271707057, Validation loss: 0.6414045873641968, Validation accuracy: 0.923
Adjusting learning rate of group 0 to 1.0000e-03.
Epoch: 191, Train loss: 0.01372589192993939, Validation loss: 0.6488710065841675, Validation accuracy: 0.9229
Adjusting learning rate of group 0 to 1.0000e-03.
Epoch: 192, Train loss: 0.013640623432099819, Validation loss: 0.640178955078125, Validation accuracy: 0.9225
Adjusting learning rate of group 0 to 1.0000e-03.
Epoch: 193, Train loss: 0.014553802959993482, Validation loss: 0.6503472152709961, Validation accuracy: 0.9209
Adjusting learning rate of group 0 to 1.0000e-03.
Epoch: 194, Train loss: 0.013976642003208398, Validation loss: 0.6549117985725403, Validation accuracy: 0.9204
Adjusting learning rate of group 0 to 1.0000e-03.
Epoch: 195, Train loss: 0.01336172929227352, Validation loss: 0.6676143644332886, Validation accuracy: 0.9216
Adjusting learning rate of group 0 to 1.0000e-03.
Epoch: 196, Train loss: 0.013191254758052528, Validation loss: 0.6554130235671997, Validation accuracy: 0.922
Adjusting learning rate of group 0 to 1.0000e-03.
Epoch: 197, Train loss: 0.012892257999181747, Validation loss: 0.6788881874084473, Validation accuracy: 0.9217
Adjusting learning rate of group 0 to 1.0000e-03.
Epoch: 198, Train loss: 0.012980799292102456, Validation loss: 0.673948725605011, Validation accuracy: 0.9214
Adjusting learning rate of group 0 to 1.0000e-03.
Epoch: 199, Train loss: 0.013738982072770595, Validation loss: 0.6701009064674377, Validation accuracy: 0.9213
Accuracy: 0.9213, Parameters: 2984
