['ResNet-TRL-Ringed.py', '--core_ranks', '2', '1', '1', '--ring_ranks', '2', '1', '3', '--seed', '4', '--device', 'cuda:2']
Initializing dataloader
Files already downloaded and verified
Files already downloaded and verified
Dataloader has initialized
Initializing model
Adjusting learning rate of group 0 to 1.0000e-02.
Model initialized
Testing model
Tests passed
Adjusting learning rate of group 0 to 2.0000e-02.
Epoch: 0, Train loss: 1.9717061348724365, Validation loss: 1.6933843055725097, Validation accuracy: 0.3255
Adjusting learning rate of group 0 to 3.0000e-02.
Epoch: 1, Train loss: 1.6725054726791382, Validation loss: 1.5826894275665284, Validation accuracy: 0.3661
Adjusting learning rate of group 0 to 4.0000e-02.
Epoch: 2, Train loss: 1.531917601547241, Validation loss: 1.4556360324859619, Validation accuracy: 0.4464
Adjusting learning rate of group 0 to 5.0000e-02.
Epoch: 3, Train loss: 1.4051860861587524, Validation loss: 1.2994178333282471, Validation accuracy: 0.5072
Adjusting learning rate of group 0 to 6.0000e-02.
Epoch: 4, Train loss: 1.2696528776550293, Validation loss: 1.3762577533721925, Validation accuracy: 0.5576
Adjusting learning rate of group 0 to 7.0000e-02.
Epoch: 5, Train loss: 1.2005435760879517, Validation loss: 2.087857356262207, Validation accuracy: 0.5202
Adjusting learning rate of group 0 to 8.0000e-02.
Epoch: 6, Train loss: 1.1342175723075867, Validation loss: 1.4616783059120178, Validation accuracy: 0.5694
Adjusting learning rate of group 0 to 9.0000e-02.
Epoch: 7, Train loss: 1.0930685130310058, Validation loss: 1.2821130167007446, Validation accuracy: 0.6271
Adjusting learning rate of group 0 to 1.0000e-01.
Epoch: 8, Train loss: 1.0549088469314576, Validation loss: 1.2090093312263488, Validation accuracy: 0.6223
Adjusting learning rate of group 0 to 1.0000e-01.
Epoch: 9, Train loss: 1.0283347896575927, Validation loss: 2.017933174133301, Validation accuracy: 0.4153
Adjusting learning rate of group 0 to 1.0000e-01.
Epoch: 10, Train loss: 0.9919180650138855, Validation loss: 1.0537617786407472, Validation accuracy: 0.6805
Adjusting learning rate of group 0 to 1.0000e-01.
Epoch: 11, Train loss: 0.938689852733612, Validation loss: 0.9779222263336181, Validation accuracy: 0.6524
Adjusting learning rate of group 0 to 1.0000e-01.
Epoch: 12, Train loss: 0.912107102470398, Validation loss: 0.9673415613174439, Validation accuracy: 0.6911
Adjusting learning rate of group 0 to 1.0000e-01.
Epoch: 13, Train loss: 0.9123932333564758, Validation loss: 0.9823533903121948, Validation accuracy: 0.675
Adjusting learning rate of group 0 to 1.0000e-01.
Epoch: 14, Train loss: 0.8918861608886719, Validation loss: 1.6041560750961303, Validation accuracy: 0.6218
Adjusting learning rate of group 0 to 1.0000e-01.
Epoch: 15, Train loss: 0.8677854265975952, Validation loss: 1.3691955825805664, Validation accuracy: 0.6569
Adjusting learning rate of group 0 to 1.0000e-01.
Epoch: 16, Train loss: 0.8451452995300293, Validation loss: 1.1776933881759644, Validation accuracy: 0.6544
Adjusting learning rate of group 0 to 1.0000e-01.
Epoch: 17, Train loss: 0.8291830033683777, Validation loss: 0.8798979220390319, Validation accuracy: 0.7004
Adjusting learning rate of group 0 to 1.0000e-01.
Epoch: 18, Train loss: 0.8263235187339782, Validation loss: 0.9730088272094727, Validation accuracy: 0.7288
Adjusting learning rate of group 0 to 1.0000e-01.
Epoch: 19, Train loss: 0.8107536545944214, Validation loss: 0.9161753582000732, Validation accuracy: 0.7432
Adjusting learning rate of group 0 to 1.0000e-01.
Epoch: 20, Train loss: 0.7798661211776733, Validation loss: 1.361686651992798, Validation accuracy: 0.6329
Adjusting learning rate of group 0 to 1.0000e-01.
Epoch: 21, Train loss: 0.7885351906776428, Validation loss: 1.6075328454971314, Validation accuracy: 0.6666
Adjusting learning rate of group 0 to 1.0000e-01.
Epoch: 22, Train loss: 0.7865131490898132, Validation loss: 1.0366982277870178, Validation accuracy: 0.7502
Adjusting learning rate of group 0 to 1.0000e-01.
Epoch: 23, Train loss: 0.7592026711463928, Validation loss: 1.0273248453140258, Validation accuracy: 0.7332
Adjusting learning rate of group 0 to 1.0000e-01.
Epoch: 24, Train loss: 0.762516079788208, Validation loss: 1.0794688551902771, Validation accuracy: 0.7082
Adjusting learning rate of group 0 to 1.0000e-01.
Epoch: 25, Train loss: 0.7566445746994018, Validation loss: 1.1775229225158692, Validation accuracy: 0.7106
Adjusting learning rate of group 0 to 1.0000e-01.
Epoch: 26, Train loss: 0.752261078453064, Validation loss: 0.8323739789009095, Validation accuracy: 0.7501
Adjusting learning rate of group 0 to 1.0000e-01.
Epoch: 27, Train loss: 0.7380656170272827, Validation loss: 0.9203068784713745, Validation accuracy: 0.7226
Adjusting learning rate of group 0 to 1.0000e-01.
Epoch: 28, Train loss: 0.7427131934738159, Validation loss: 0.9682378654479981, Validation accuracy: 0.7192
Adjusting learning rate of group 0 to 1.0000e-01.
Epoch: 29, Train loss: 0.718261127281189, Validation loss: 0.7825113989830017, Validation accuracy: 0.7618
Adjusting learning rate of group 0 to 1.0000e-01.
Epoch: 30, Train loss: 0.715752963886261, Validation loss: 0.79730832529068, Validation accuracy: 0.7713
Adjusting learning rate of group 0 to 1.0000e-01.
Epoch: 31, Train loss: 0.6994171361160278, Validation loss: 1.2026399017333984, Validation accuracy: 0.7021
Adjusting learning rate of group 0 to 1.0000e-01.
Epoch: 32, Train loss: 0.7314041694831848, Validation loss: 0.7983521663665771, Validation accuracy: 0.772
Adjusting learning rate of group 0 to 1.0000e-01.
Epoch: 33, Train loss: 0.7217122088623047, Validation loss: 0.8424045204162598, Validation accuracy: 0.7371
Adjusting learning rate of group 0 to 1.0000e-01.
Epoch: 34, Train loss: 0.7227134663391114, Validation loss: 0.903426461982727, Validation accuracy: 0.7554
Adjusting learning rate of group 0 to 1.0000e-01.
Epoch: 35, Train loss: 0.7305021605300903, Validation loss: 0.910752110671997, Validation accuracy: 0.7302
Adjusting learning rate of group 0 to 1.0000e-01.
Epoch: 36, Train loss: 0.698699613456726, Validation loss: 1.0448438709259034, Validation accuracy: 0.7574
Adjusting learning rate of group 0 to 1.0000e-01.
Epoch: 37, Train loss: 0.6892714284706116, Validation loss: 0.9768605334281921, Validation accuracy: 0.7411
Adjusting learning rate of group 0 to 1.0000e-01.
Epoch: 38, Train loss: 0.6957245517921448, Validation loss: 0.9295825616836548, Validation accuracy: 0.7379
Adjusting learning rate of group 0 to 1.0000e-01.
Epoch: 39, Train loss: 0.6924331223297119, Validation loss: 0.7752199331283569, Validation accuracy: 0.766
Adjusting learning rate of group 0 to 1.0000e-01.
Epoch: 40, Train loss: 0.6937871710777282, Validation loss: 0.8405647411823273, Validation accuracy: 0.7499
Adjusting learning rate of group 0 to 1.0000e-01.
Epoch: 41, Train loss: 0.6936200689888, Validation loss: 0.8895610020637512, Validation accuracy: 0.777
Adjusting learning rate of group 0 to 1.0000e-01.
Epoch: 42, Train loss: 0.6884917123794556, Validation loss: 0.8840066805839538, Validation accuracy: 0.7654
Adjusting learning rate of group 0 to 1.0000e-01.
Epoch: 43, Train loss: 0.6890053555679321, Validation loss: 1.1175064615249635, Validation accuracy: 0.7435
Adjusting learning rate of group 0 to 1.0000e-01.
Epoch: 44, Train loss: 0.6679349481010437, Validation loss: 0.9875388872146607, Validation accuracy: 0.7197
Adjusting learning rate of group 0 to 1.0000e-01.
Epoch: 45, Train loss: 0.6764727419471741, Validation loss: 0.9463183966636658, Validation accuracy: 0.7915
Adjusting learning rate of group 0 to 1.0000e-01.
Epoch: 46, Train loss: 0.6688419780158996, Validation loss: 0.8394513459682464, Validation accuracy: 0.7696
Adjusting learning rate of group 0 to 1.0000e-01.
Epoch: 47, Train loss: 0.6652753628921508, Validation loss: 0.7590966044902802, Validation accuracy: 0.7816
Adjusting learning rate of group 0 to 1.0000e-01.
Epoch: 48, Train loss: 0.6670801247406006, Validation loss: 0.8862452958106994, Validation accuracy: 0.7507
Adjusting learning rate of group 0 to 1.0000e-01.
Epoch: 49, Train loss: 0.6743476345825196, Validation loss: 0.804416222858429, Validation accuracy: 0.7567
Adjusting learning rate of group 0 to 1.0000e-01.
Epoch: 50, Train loss: 0.6586769975471497, Validation loss: 1.1206884826660157, Validation accuracy: 0.7333
Adjusting learning rate of group 0 to 1.0000e-01.
Epoch: 51, Train loss: 0.6522174353599548, Validation loss: 0.78920246758461, Validation accuracy: 0.774
Adjusting learning rate of group 0 to 1.0000e-01.
Epoch: 52, Train loss: 0.6546327941322326, Validation loss: 0.820757475566864, Validation accuracy: 0.752
Adjusting learning rate of group 0 to 1.0000e-01.
Epoch: 53, Train loss: 0.684786585521698, Validation loss: 0.8305063782691956, Validation accuracy: 0.7733
Adjusting learning rate of group 0 to 1.0000e-01.
Epoch: 54, Train loss: 0.631185400390625, Validation loss: 0.7326826147079468, Validation accuracy: 0.8008
Adjusting learning rate of group 0 to 1.0000e-01.
Epoch: 55, Train loss: 0.6309603999900818, Validation loss: 0.8316520634174347, Validation accuracy: 0.7716
Adjusting learning rate of group 0 to 1.0000e-01.
Epoch: 56, Train loss: 0.658850484085083, Validation loss: 0.8312628790855408, Validation accuracy: 0.7817
Adjusting learning rate of group 0 to 1.0000e-01.
Epoch: 57, Train loss: 0.678034818019867, Validation loss: 0.8336175519227982, Validation accuracy: 0.799
Adjusting learning rate of group 0 to 1.0000e-01.
Epoch: 58, Train loss: 0.6557832749557495, Validation loss: 0.9141838150024414, Validation accuracy: 0.795
Adjusting learning rate of group 0 to 1.0000e-01.
Epoch: 59, Train loss: 0.6387409337234498, Validation loss: 1.0377492080688477, Validation accuracy: 0.723
Adjusting learning rate of group 0 to 1.0000e-01.
Epoch: 60, Train loss: 0.6391023351287842, Validation loss: 0.9742490913391113, Validation accuracy: 0.7563
Adjusting learning rate of group 0 to 1.0000e-01.
Epoch: 61, Train loss: 0.6301184392929077, Validation loss: 0.9114946014404297, Validation accuracy: 0.7382
Adjusting learning rate of group 0 to 1.0000e-01.
Epoch: 62, Train loss: 0.6619572826766967, Validation loss: 0.7941176445007324, Validation accuracy: 0.762
Adjusting learning rate of group 0 to 1.0000e-01.
Epoch: 63, Train loss: 0.6503571034049987, Validation loss: 0.7930984121322632, Validation accuracy: 0.7725
Adjusting learning rate of group 0 to 1.0000e-01.
Epoch: 64, Train loss: 0.6265524296665191, Validation loss: 0.9301212530612946, Validation accuracy: 0.7705
Adjusting learning rate of group 0 to 1.0000e-01.
Epoch: 65, Train loss: 0.6406537952613831, Validation loss: 0.7914677322387695, Validation accuracy: 0.7843
Adjusting learning rate of group 0 to 1.0000e-01.
Epoch: 66, Train loss: 0.6299720210647582, Validation loss: 0.7701096153259277, Validation accuracy: 0.7955
Adjusting learning rate of group 0 to 1.0000e-01.
Epoch: 67, Train loss: 0.6195852791404725, Validation loss: 0.8363802829265594, Validation accuracy: 0.8017
Adjusting learning rate of group 0 to 1.0000e-01.
Epoch: 68, Train loss: 0.6477442091369628, Validation loss: 0.7642837017059326, Validation accuracy: 0.7857
Adjusting learning rate of group 0 to 1.0000e-01.
Epoch: 69, Train loss: 0.65998398853302, Validation loss: 1.0969748000144959, Validation accuracy: 0.7446
Adjusting learning rate of group 0 to 1.0000e-01.
Epoch: 70, Train loss: 0.6642425228881836, Validation loss: 0.7517028985023498, Validation accuracy: 0.8097
Adjusting learning rate of group 0 to 1.0000e-01.
Epoch: 71, Train loss: 0.6075843995094299, Validation loss: 0.6798740100860595, Validation accuracy: 0.8228
Adjusting learning rate of group 0 to 1.0000e-01.
Epoch: 72, Train loss: 0.6285675479984284, Validation loss: 0.9806586030006409, Validation accuracy: 0.7991
Adjusting learning rate of group 0 to 1.0000e-01.
Epoch: 73, Train loss: 0.6249163023757934, Validation loss: 0.8041449606895447, Validation accuracy: 0.778
Adjusting learning rate of group 0 to 1.0000e-01.
Epoch: 74, Train loss: 0.6296214966773986, Validation loss: 1.0570972639083862, Validation accuracy: 0.7384
Adjusting learning rate of group 0 to 1.0000e-01.
Epoch: 75, Train loss: 0.6103015484523773, Validation loss: 1.2014613750457763, Validation accuracy: 0.7707
Adjusting learning rate of group 0 to 1.0000e-01.
Epoch: 76, Train loss: 0.6124113919258117, Validation loss: 1.2252597009658814, Validation accuracy: 0.696
Adjusting learning rate of group 0 to 1.0000e-01.
Epoch: 77, Train loss: 0.6441843080329895, Validation loss: 1.0984188163757325, Validation accuracy: 0.7386
Adjusting learning rate of group 0 to 1.0000e-01.
Epoch: 78, Train loss: 0.6209372931289673, Validation loss: 0.9878067708969116, Validation accuracy: 0.7097
Adjusting learning rate of group 0 to 1.0000e-01.
Epoch: 79, Train loss: 0.6203254666996002, Validation loss: 0.8267884122848511, Validation accuracy: 0.7887
Adjusting learning rate of group 0 to 1.0000e-01.
Epoch: 80, Train loss: 0.613847790927887, Validation loss: 0.91857327709198, Validation accuracy: 0.7821
Adjusting learning rate of group 0 to 1.0000e-01.
Epoch: 81, Train loss: 0.6217255857276917, Validation loss: 0.7289242680549621, Validation accuracy: 0.7855
Adjusting learning rate of group 0 to 1.0000e-01.
Epoch: 82, Train loss: 0.6105908806705475, Validation loss: 0.7662192728042603, Validation accuracy: 0.8012
Adjusting learning rate of group 0 to 1.0000e-01.
Epoch: 83, Train loss: 0.6233942922019958, Validation loss: 1.539525137424469, Validation accuracy: 0.6462
Adjusting learning rate of group 0 to 1.0000e-01.
Epoch: 84, Train loss: 0.621259971294403, Validation loss: 0.7049979412555695, Validation accuracy: 0.8111
Adjusting learning rate of group 0 to 1.0000e-01.
Epoch: 85, Train loss: 0.6247835089206696, Validation loss: 1.062171460723877, Validation accuracy: 0.7668
Adjusting learning rate of group 0 to 1.0000e-01.
Epoch: 86, Train loss: 0.6118994115638733, Validation loss: 0.8418748801231384, Validation accuracy: 0.8073
Adjusting learning rate of group 0 to 1.0000e-01.
Epoch: 87, Train loss: 0.6014517842292786, Validation loss: 1.0044787364006043, Validation accuracy: 0.7555
Adjusting learning rate of group 0 to 1.0000e-01.
Epoch: 88, Train loss: 0.613531081314087, Validation loss: 0.859431759929657, Validation accuracy: 0.779
Adjusting learning rate of group 0 to 1.0000e-01.
Epoch: 89, Train loss: 0.5948351525306702, Validation loss: 0.8520803792953491, Validation accuracy: 0.7984
Adjusting learning rate of group 0 to 1.0000e-01.
Epoch: 90, Train loss: 0.613436029510498, Validation loss: 0.7133569902420044, Validation accuracy: 0.7714
Adjusting learning rate of group 0 to 1.0000e-01.
Epoch: 91, Train loss: 0.6351390123176575, Validation loss: 0.7741496974945068, Validation accuracy: 0.7967
Adjusting learning rate of group 0 to 1.0000e-01.
Epoch: 92, Train loss: 0.6221350148391723, Validation loss: 0.8963780112266541, Validation accuracy: 0.7745
Adjusting learning rate of group 0 to 1.0000e-01.
Epoch: 93, Train loss: 0.5906250779151917, Validation loss: 0.8493070854187011, Validation accuracy: 0.8161
Adjusting learning rate of group 0 to 1.0000e-01.
Epoch: 94, Train loss: 0.6161958568572998, Validation loss: 0.7006069132804871, Validation accuracy: 0.7886
Adjusting learning rate of group 0 to 1.0000e-01.
Epoch: 95, Train loss: 0.6139212713813782, Validation loss: 0.9429499341964722, Validation accuracy: 0.7862
Adjusting learning rate of group 0 to 1.0000e-01.
Epoch: 96, Train loss: 0.6030191757202148, Validation loss: 0.7882926856040955, Validation accuracy: 0.8063
Adjusting learning rate of group 0 to 1.0000e-01.
Epoch: 97, Train loss: 0.591244949054718, Validation loss: 0.790249843120575, Validation accuracy: 0.7731
Adjusting learning rate of group 0 to 1.0000e-01.
Epoch: 98, Train loss: 0.5902000002098083, Validation loss: 1.1060174617767333, Validation accuracy: 0.723
Adjusting learning rate of group 0 to 1.0000e-01.
Epoch: 99, Train loss: 0.622261194858551, Validation loss: 0.797338731956482, Validation accuracy: 0.8121
Adjusting learning rate of group 0 to 1.0000e-02.
Epoch: 100, Train loss: 0.5905562547111511, Validation loss: 0.7912780689716339, Validation accuracy: 0.7931
Adjusting learning rate of group 0 to 1.0000e-02.
Epoch: 101, Train loss: 0.4048201967668533, Validation loss: 0.5199699355602264, Validation accuracy: 0.8691
Adjusting learning rate of group 0 to 1.0000e-02.
Epoch: 102, Train loss: 0.3352628330039978, Validation loss: 0.48595832056999205, Validation accuracy: 0.8751
Adjusting learning rate of group 0 to 1.0000e-02.
Epoch: 103, Train loss: 0.3142533369445801, Validation loss: 0.48686548116207123, Validation accuracy: 0.8799
Adjusting learning rate of group 0 to 1.0000e-02.
Epoch: 104, Train loss: 0.2979002561378479, Validation loss: 0.4859624864578247, Validation accuracy: 0.8816
Adjusting learning rate of group 0 to 1.0000e-02.
Epoch: 105, Train loss: 0.28000317308425904, Validation loss: 0.45559838193655017, Validation accuracy: 0.8854
Adjusting learning rate of group 0 to 1.0000e-02.
Epoch: 106, Train loss: 0.263915457572937, Validation loss: 0.4574031361341476, Validation accuracy: 0.8859
Adjusting learning rate of group 0 to 1.0000e-02.
Epoch: 107, Train loss: 0.25940128998756407, Validation loss: 0.4906170270204544, Validation accuracy: 0.8872
Adjusting learning rate of group 0 to 1.0000e-02.
Epoch: 108, Train loss: 0.2503561423969269, Validation loss: 0.47899913520812987, Validation accuracy: 0.8901
Adjusting learning rate of group 0 to 1.0000e-02.
Epoch: 109, Train loss: 0.2416893828725815, Validation loss: 0.5216151101589203, Validation accuracy: 0.8883
Adjusting learning rate of group 0 to 1.0000e-02.
Epoch: 110, Train loss: 0.23821058176517487, Validation loss: 0.4836310351848602, Validation accuracy: 0.8895
Adjusting learning rate of group 0 to 1.0000e-02.
Epoch: 111, Train loss: 0.2268714745235443, Validation loss: 0.499171747303009, Validation accuracy: 0.8907
Adjusting learning rate of group 0 to 1.0000e-02.
Epoch: 112, Train loss: 0.22443083351135254, Validation loss: 0.5100495161533356, Validation accuracy: 0.8902
Adjusting learning rate of group 0 to 1.0000e-02.
Epoch: 113, Train loss: 0.22028813784599305, Validation loss: 0.4954333750247955, Validation accuracy: 0.8901
Adjusting learning rate of group 0 to 1.0000e-02.
Epoch: 114, Train loss: 0.21039662559509278, Validation loss: 0.5092898679256439, Validation accuracy: 0.8892
Adjusting learning rate of group 0 to 1.0000e-02.
Epoch: 115, Train loss: 0.2059969813632965, Validation loss: 0.5322155565261841, Validation accuracy: 0.8925
Adjusting learning rate of group 0 to 1.0000e-02.
Epoch: 116, Train loss: 0.20076337252140045, Validation loss: 0.5210206615924835, Validation accuracy: 0.8921
Adjusting learning rate of group 0 to 1.0000e-02.
Epoch: 117, Train loss: 0.19796005284786225, Validation loss: 0.5371637719631195, Validation accuracy: 0.8921
Adjusting learning rate of group 0 to 1.0000e-02.
Epoch: 118, Train loss: 0.20014286678314208, Validation loss: 0.5303321410894394, Validation accuracy: 0.8899
Adjusting learning rate of group 0 to 1.0000e-02.
Epoch: 119, Train loss: 0.19326705424308777, Validation loss: 0.5682444528222084, Validation accuracy: 0.8971
Adjusting learning rate of group 0 to 1.0000e-02.
Epoch: 120, Train loss: 0.18896143925666808, Validation loss: 0.5529170619726181, Validation accuracy: 0.8937
Adjusting learning rate of group 0 to 1.0000e-02.
Epoch: 121, Train loss: 0.19064971331596375, Validation loss: 0.6174869500160217, Validation accuracy: 0.8822
Adjusting learning rate of group 0 to 1.0000e-02.
Epoch: 122, Train loss: 0.18390540224075316, Validation loss: 0.5530196889400483, Validation accuracy: 0.897
Adjusting learning rate of group 0 to 1.0000e-02.
Epoch: 123, Train loss: 0.17939763421058655, Validation loss: 0.5450943454265594, Validation accuracy: 0.8901
Adjusting learning rate of group 0 to 1.0000e-02.
Epoch: 124, Train loss: 0.17533469764709472, Validation loss: 0.5222786992549896, Validation accuracy: 0.8947
Adjusting learning rate of group 0 to 1.0000e-02.
Epoch: 125, Train loss: 0.17573028911590577, Validation loss: 0.570987858247757, Validation accuracy: 0.8907
Adjusting learning rate of group 0 to 1.0000e-02.
Epoch: 126, Train loss: 0.16983230650901796, Validation loss: 0.5417365616083145, Validation accuracy: 0.8976
Adjusting learning rate of group 0 to 1.0000e-02.
Epoch: 127, Train loss: 0.17180611355304717, Validation loss: 0.6030274346113205, Validation accuracy: 0.8939
Adjusting learning rate of group 0 to 1.0000e-02.
Epoch: 128, Train loss: 0.1710314240694046, Validation loss: 0.5710488182544708, Validation accuracy: 0.8958
Adjusting learning rate of group 0 to 1.0000e-02.
Epoch: 129, Train loss: 0.1684609463596344, Validation loss: 0.5947346296787261, Validation accuracy: 0.8956
Adjusting learning rate of group 0 to 1.0000e-02.
Epoch: 130, Train loss: 0.16852863944530488, Validation loss: 0.5863775213241578, Validation accuracy: 0.8949
Adjusting learning rate of group 0 to 1.0000e-02.
Epoch: 131, Train loss: 0.16822452869415283, Validation loss: 0.5924548317909241, Validation accuracy: 0.8942
Adjusting learning rate of group 0 to 1.0000e-02.
Epoch: 132, Train loss: 0.1687574604511261, Validation loss: 0.5867246654033661, Validation accuracy: 0.8977
Adjusting learning rate of group 0 to 1.0000e-02.
Epoch: 133, Train loss: 0.16515151774883272, Validation loss: 0.608303870010376, Validation accuracy: 0.8951
Adjusting learning rate of group 0 to 1.0000e-02.
Epoch: 134, Train loss: 0.15174281541347504, Validation loss: 0.5775166440963745, Validation accuracy: 0.9017
Adjusting learning rate of group 0 to 1.0000e-02.
Epoch: 135, Train loss: 0.16254564719438552, Validation loss: 0.6189944127559662, Validation accuracy: 0.893
Adjusting learning rate of group 0 to 1.0000e-02.
Epoch: 136, Train loss: 0.15941182097911835, Validation loss: 0.5746446546077728, Validation accuracy: 0.8932
Adjusting learning rate of group 0 to 1.0000e-02.
Epoch: 137, Train loss: 0.1544275340270996, Validation loss: 0.599004343175888, Validation accuracy: 0.8959
Adjusting learning rate of group 0 to 1.0000e-02.
Epoch: 138, Train loss: 0.1559985155916214, Validation loss: 0.6074794507980347, Validation accuracy: 0.8977
Adjusting learning rate of group 0 to 1.0000e-02.
Epoch: 139, Train loss: 0.17069419825553894, Validation loss: 0.5283364640235901, Validation accuracy: 0.8915
Adjusting learning rate of group 0 to 1.0000e-02.
Epoch: 140, Train loss: 0.16085373964309693, Validation loss: 0.5883045123100281, Validation accuracy: 0.8913
Adjusting learning rate of group 0 to 1.0000e-02.
Epoch: 141, Train loss: 0.1536784492778778, Validation loss: 0.6050239330291748, Validation accuracy: 0.8969
Adjusting learning rate of group 0 to 1.0000e-02.
Epoch: 142, Train loss: 0.15330855016708375, Validation loss: 0.6932020479202271, Validation accuracy: 0.8943
Adjusting learning rate of group 0 to 1.0000e-02.
Epoch: 143, Train loss: 0.16918644928455354, Validation loss: 0.5950240186691285, Validation accuracy: 0.8915
Adjusting learning rate of group 0 to 1.0000e-02.
Epoch: 144, Train loss: 0.15707426010370254, Validation loss: 0.5990680694580078, Validation accuracy: 0.8922
Adjusting learning rate of group 0 to 1.0000e-02.
Epoch: 145, Train loss: 0.15311908791542053, Validation loss: 0.6535531437158585, Validation accuracy: 0.8922
Adjusting learning rate of group 0 to 1.0000e-02.
Epoch: 146, Train loss: 0.15885768102645875, Validation loss: 0.651150478553772, Validation accuracy: 0.8952
Adjusting learning rate of group 0 to 1.0000e-02.
Epoch: 147, Train loss: 0.15055491564750673, Validation loss: 0.6668097937583923, Validation accuracy: 0.8954
Adjusting learning rate of group 0 to 1.0000e-02.
Epoch: 148, Train loss: 0.16541902134418487, Validation loss: 0.592157136631012, Validation accuracy: 0.891
Adjusting learning rate of group 0 to 1.0000e-02.
Epoch: 149, Train loss: 0.15577592103481291, Validation loss: 0.6134669236183167, Validation accuracy: 0.8929
Adjusting learning rate of group 0 to 1.0000e-03.
Epoch: 150, Train loss: 0.15214801173686981, Validation loss: 0.6005119540691376, Validation accuracy: 0.8995
Adjusting learning rate of group 0 to 1.0000e-03.
Epoch: 151, Train loss: 0.11604620487928391, Validation loss: 0.6180442362308503, Validation accuracy: 0.905
Adjusting learning rate of group 0 to 1.0000e-03.
Epoch: 152, Train loss: 0.0998320478129387, Validation loss: 0.6370327805519104, Validation accuracy: 0.905
Adjusting learning rate of group 0 to 1.0000e-03.
Epoch: 153, Train loss: 0.09398730224132539, Validation loss: 0.6385006701946259, Validation accuracy: 0.9064
Adjusting learning rate of group 0 to 1.0000e-03.
Epoch: 154, Train loss: 0.09412149386882782, Validation loss: 0.6356454309463501, Validation accuracy: 0.907
Adjusting learning rate of group 0 to 1.0000e-03.
Epoch: 155, Train loss: 0.08770019851863384, Validation loss: 0.6611943906784058, Validation accuracy: 0.9079
Adjusting learning rate of group 0 to 1.0000e-03.
Epoch: 156, Train loss: 0.08631384778499604, Validation loss: 0.6521505173683166, Validation accuracy: 0.9081
Adjusting learning rate of group 0 to 1.0000e-03.
Epoch: 157, Train loss: 0.08370430000066757, Validation loss: 0.6602146561622619, Validation accuracy: 0.9079
Adjusting learning rate of group 0 to 1.0000e-03.
Epoch: 158, Train loss: 0.08394867911100387, Validation loss: 0.6724375044822692, Validation accuracy: 0.908
Adjusting learning rate of group 0 to 1.0000e-03.
Epoch: 159, Train loss: 0.08002879959583283, Validation loss: 0.6802625204563141, Validation accuracy: 0.9093
Adjusting learning rate of group 0 to 1.0000e-03.
Epoch: 160, Train loss: 0.07685047446131706, Validation loss: 0.6991461690902709, Validation accuracy: 0.9092
Adjusting learning rate of group 0 to 1.0000e-03.
Epoch: 161, Train loss: 0.07483853760004043, Validation loss: 0.6982308915138244, Validation accuracy: 0.9097
Adjusting learning rate of group 0 to 1.0000e-03.
Epoch: 162, Train loss: 0.07389756932258607, Validation loss: 0.6926537104606628, Validation accuracy: 0.9084
Adjusting learning rate of group 0 to 1.0000e-03.
Epoch: 163, Train loss: 0.07230618345022201, Validation loss: 0.7167497869491577, Validation accuracy: 0.909
Adjusting learning rate of group 0 to 1.0000e-03.
Epoch: 164, Train loss: 0.07272159581899643, Validation loss: 0.7163126588821411, Validation accuracy: 0.909
Adjusting learning rate of group 0 to 1.0000e-03.
Epoch: 165, Train loss: 0.07013181073009968, Validation loss: 0.7426412172317505, Validation accuracy: 0.909
Adjusting learning rate of group 0 to 1.0000e-03.
Epoch: 166, Train loss: 0.07084339783191682, Validation loss: 0.7291153747558594, Validation accuracy: 0.9083
Adjusting learning rate of group 0 to 1.0000e-03.
Epoch: 167, Train loss: 0.06902047441840171, Validation loss: 0.729530635547638, Validation accuracy: 0.9094
Adjusting learning rate of group 0 to 1.0000e-03.
Epoch: 168, Train loss: 0.06655298384070396, Validation loss: 0.7705270612239837, Validation accuracy: 0.9088
Adjusting learning rate of group 0 to 1.0000e-03.
Epoch: 169, Train loss: 0.0684130855345726, Validation loss: 0.7418259345054626, Validation accuracy: 0.9096
Adjusting learning rate of group 0 to 1.0000e-03.
Epoch: 170, Train loss: 0.06558054258584976, Validation loss: 0.7749584266185761, Validation accuracy: 0.9092
Adjusting learning rate of group 0 to 1.0000e-03.
Epoch: 171, Train loss: 0.06583957253217697, Validation loss: 0.7458626941680908, Validation accuracy: 0.9113
Adjusting learning rate of group 0 to 1.0000e-03.
Epoch: 172, Train loss: 0.0651954893374443, Validation loss: 0.7503525973320008, Validation accuracy: 0.9096
Adjusting learning rate of group 0 to 1.0000e-03.
Epoch: 173, Train loss: 0.06158839835882187, Validation loss: 0.7529875075340271, Validation accuracy: 0.9109
Adjusting learning rate of group 0 to 1.0000e-03.
Epoch: 174, Train loss: 0.06406742828011512, Validation loss: 0.7750709521770477, Validation accuracy: 0.91
Adjusting learning rate of group 0 to 1.0000e-03.
Epoch: 175, Train loss: 0.06410301293551922, Validation loss: 0.7698203564167023, Validation accuracy: 0.91
Adjusting learning rate of group 0 to 1.0000e-03.
Epoch: 176, Train loss: 0.0607491516494751, Validation loss: 0.7985385274887085, Validation accuracy: 0.9086
Adjusting learning rate of group 0 to 1.0000e-03.
Epoch: 177, Train loss: 0.06192473791003227, Validation loss: 0.7795405252456665, Validation accuracy: 0.9101
Adjusting learning rate of group 0 to 1.0000e-03.
Epoch: 178, Train loss: 0.05925992321610451, Validation loss: 0.7869124523639679, Validation accuracy: 0.9084
Adjusting learning rate of group 0 to 1.0000e-03.
Epoch: 179, Train loss: 0.06062438658714295, Validation loss: 0.7975358513832093, Validation accuracy: 0.9082
Adjusting learning rate of group 0 to 1.0000e-03.
Epoch: 180, Train loss: 0.06111790842294693, Validation loss: 0.8082950602054596, Validation accuracy: 0.9099
Adjusting learning rate of group 0 to 1.0000e-03.
Epoch: 181, Train loss: 0.05913665948271751, Validation loss: 0.7820120230674744, Validation accuracy: 0.9102
Adjusting learning rate of group 0 to 1.0000e-03.
Epoch: 182, Train loss: 0.054383006134033206, Validation loss: 0.8204893693447113, Validation accuracy: 0.9099
Adjusting learning rate of group 0 to 1.0000e-03.
Epoch: 183, Train loss: 0.0575841760468483, Validation loss: 0.8359378930091858, Validation accuracy: 0.9093
Adjusting learning rate of group 0 to 1.0000e-03.
Epoch: 184, Train loss: 0.055816395136117934, Validation loss: 0.8236507480621338, Validation accuracy: 0.9079
Adjusting learning rate of group 0 to 1.0000e-03.
Epoch: 185, Train loss: 0.0547277544438839, Validation loss: 0.8276765881538392, Validation accuracy: 0.9098
Adjusting learning rate of group 0 to 1.0000e-03.
Epoch: 186, Train loss: 0.05467244867563248, Validation loss: 0.8035091813087464, Validation accuracy: 0.9097
Adjusting learning rate of group 0 to 1.0000e-03.
Epoch: 187, Train loss: 0.05344735171556473, Validation loss: 0.8326374485015869, Validation accuracy: 0.9089
Adjusting learning rate of group 0 to 1.0000e-03.
Epoch: 188, Train loss: 0.05505149235248566, Validation loss: 0.8463421286582947, Validation accuracy: 0.9087
Adjusting learning rate of group 0 to 1.0000e-03.
Epoch: 189, Train loss: 0.053113049077987674, Validation loss: 0.8467765331268311, Validation accuracy: 0.909
Adjusting learning rate of group 0 to 1.0000e-03.
Epoch: 190, Train loss: 0.05714301623702049, Validation loss: 0.8093575644493103, Validation accuracy: 0.9101
Adjusting learning rate of group 0 to 1.0000e-03.
Epoch: 191, Train loss: 0.05433550394058227, Validation loss: 0.8539964715957642, Validation accuracy: 0.9092
Adjusting learning rate of group 0 to 1.0000e-03.
Epoch: 192, Train loss: 0.054026137266159055, Validation loss: 0.8500988360404969, Validation accuracy: 0.9086
Adjusting learning rate of group 0 to 1.0000e-03.
Epoch: 193, Train loss: 0.05253238609969616, Validation loss: 0.870037520313263, Validation accuracy: 0.9086
Adjusting learning rate of group 0 to 1.0000e-03.
Epoch: 194, Train loss: 0.053313848984241484, Validation loss: 0.8536549335479736, Validation accuracy: 0.9095
Adjusting learning rate of group 0 to 1.0000e-03.
Epoch: 195, Train loss: 0.05026925821661949, Validation loss: 0.876520606136322, Validation accuracy: 0.9101
Adjusting learning rate of group 0 to 1.0000e-03.
Epoch: 196, Train loss: 0.05162298349142075, Validation loss: 0.8973922834396363, Validation accuracy: 0.91
Adjusting learning rate of group 0 to 1.0000e-03.
Epoch: 197, Train loss: 0.04846612174391746, Validation loss: 0.8867360263824463, Validation accuracy: 0.909
Adjusting learning rate of group 0 to 1.0000e-03.
Epoch: 198, Train loss: 0.050895451774597165, Validation loss: 0.8831998955726623, Validation accuracy: 0.9089
Adjusting learning rate of group 0 to 1.0000e-03.
Epoch: 199, Train loss: 0.05034590654015541, Validation loss: 0.8867345233917237, Validation accuracy: 0.9081
Accuracy: 0.9081, Parameters: 838
