['ResNet-TRL-Ringed.py', '--core_ranks', '3', '1', '1', '--ring_ranks', '3', '1', '9', '--seed', '5', '--device', 'cuda:3']
Initializing dataloader
Files already downloaded and verified
Files already downloaded and verified
Dataloader has initialized
Initializing model
Adjusting learning rate of group 0 to 1.0000e-02.
Model initialized
Testing model
Tests passed
Adjusting learning rate of group 0 to 2.0000e-02.
Epoch: 0, Train loss: 1.7981419398880005, Validation loss: 1.6026886348724365, Validation accuracy: 0.3925
Adjusting learning rate of group 0 to 3.0000e-02.
Epoch: 1, Train loss: 1.505822791748047, Validation loss: 1.3936069507598876, Validation accuracy: 0.4887
Adjusting learning rate of group 0 to 4.0000e-02.
Epoch: 2, Train loss: 1.2825618473434448, Validation loss: 1.5207622550964355, Validation accuracy: 0.4449
Adjusting learning rate of group 0 to 5.0000e-02.
Epoch: 3, Train loss: 1.1300956640243531, Validation loss: 1.09422607088089, Validation accuracy: 0.6344
Adjusting learning rate of group 0 to 6.0000e-02.
Epoch: 4, Train loss: 1.024964676322937, Validation loss: 0.9823394714355469, Validation accuracy: 0.6634
Adjusting learning rate of group 0 to 7.0000e-02.
Epoch: 5, Train loss: 0.954568544921875, Validation loss: 1.041690345287323, Validation accuracy: 0.6543
Adjusting learning rate of group 0 to 8.0000e-02.
Epoch: 6, Train loss: 0.8939023152542114, Validation loss: 1.0924912455558777, Validation accuracy: 0.6887
Adjusting learning rate of group 0 to 9.0000e-02.
Epoch: 7, Train loss: 0.8630394278717041, Validation loss: 1.0987123252868651, Validation accuracy: 0.6738
Adjusting learning rate of group 0 to 1.0000e-01.
Epoch: 8, Train loss: 0.7985464574050903, Validation loss: 0.9202454975128174, Validation accuracy: 0.7152
Adjusting learning rate of group 0 to 1.0000e-01.
Epoch: 9, Train loss: 0.774021162109375, Validation loss: 1.0873972677230834, Validation accuracy: 0.6723
Adjusting learning rate of group 0 to 1.0000e-01.
Epoch: 10, Train loss: 0.7340165565109253, Validation loss: 0.8620367626190185, Validation accuracy: 0.7271
Adjusting learning rate of group 0 to 1.0000e-01.
Epoch: 11, Train loss: 0.7140155341911316, Validation loss: 1.5744986856460572, Validation accuracy: 0.6285
Adjusting learning rate of group 0 to 1.0000e-01.
Epoch: 12, Train loss: 0.6823882018089295, Validation loss: 0.9189988508224487, Validation accuracy: 0.7267
Adjusting learning rate of group 0 to 1.0000e-01.
Epoch: 13, Train loss: 0.6579192202186585, Validation loss: 0.8332923949241638, Validation accuracy: 0.7532
Adjusting learning rate of group 0 to 1.0000e-01.
Epoch: 14, Train loss: 0.6563324995422364, Validation loss: 0.7696688793182374, Validation accuracy: 0.7795
Adjusting learning rate of group 0 to 1.0000e-01.
Epoch: 15, Train loss: 0.6261193568801879, Validation loss: 0.8253316781044007, Validation accuracy: 0.7876
Adjusting learning rate of group 0 to 1.0000e-01.
Epoch: 16, Train loss: 0.6030914491844177, Validation loss: 0.7388209050178528, Validation accuracy: 0.7669
Adjusting learning rate of group 0 to 1.0000e-01.
Epoch: 17, Train loss: 0.6029964349079132, Validation loss: 0.8238471885681152, Validation accuracy: 0.7807
Adjusting learning rate of group 0 to 1.0000e-01.
Epoch: 18, Train loss: 0.5821982501602173, Validation loss: 0.6427414999008179, Validation accuracy: 0.7964
Adjusting learning rate of group 0 to 1.0000e-01.
Epoch: 19, Train loss: 0.5892813161563873, Validation loss: 0.7535916030883789, Validation accuracy: 0.7877
Adjusting learning rate of group 0 to 1.0000e-01.
Epoch: 20, Train loss: 0.5767192059898376, Validation loss: 0.6866222749710083, Validation accuracy: 0.7926
Adjusting learning rate of group 0 to 1.0000e-01.
Epoch: 21, Train loss: 0.5655506355667115, Validation loss: 0.620841112613678, Validation accuracy: 0.8095
Adjusting learning rate of group 0 to 1.0000e-01.
Epoch: 22, Train loss: 0.5385836849784851, Validation loss: 0.9090701631546021, Validation accuracy: 0.7435
Adjusting learning rate of group 0 to 1.0000e-01.
Epoch: 23, Train loss: 0.5508436205482483, Validation loss: 0.6725977854728699, Validation accuracy: 0.7879
Adjusting learning rate of group 0 to 1.0000e-01.
Epoch: 24, Train loss: 0.544760046043396, Validation loss: 0.689749017715454, Validation accuracy: 0.7906
Adjusting learning rate of group 0 to 1.0000e-01.
Epoch: 25, Train loss: 0.5234392098617554, Validation loss: 0.7632901332855224, Validation accuracy: 0.7863
Adjusting learning rate of group 0 to 1.0000e-01.
Epoch: 26, Train loss: 0.5276556763267517, Validation loss: 0.7256338715553283, Validation accuracy: 0.7864
Adjusting learning rate of group 0 to 1.0000e-01.
Epoch: 27, Train loss: 0.5201936465454101, Validation loss: 0.7261074811935425, Validation accuracy: 0.7917
Adjusting learning rate of group 0 to 1.0000e-01.
Epoch: 28, Train loss: 0.524618395652771, Validation loss: 0.7701992274284363, Validation accuracy: 0.7737
Adjusting learning rate of group 0 to 1.0000e-01.
Epoch: 29, Train loss: 0.4994601189041138, Validation loss: 0.657722390460968, Validation accuracy: 0.8066
Adjusting learning rate of group 0 to 1.0000e-01.
Epoch: 30, Train loss: 0.5031132274246216, Validation loss: 0.6195387798309326, Validation accuracy: 0.8047
Adjusting learning rate of group 0 to 1.0000e-01.
Epoch: 31, Train loss: 0.5026985218238831, Validation loss: 0.7194240978240967, Validation accuracy: 0.7964
Adjusting learning rate of group 0 to 1.0000e-01.
Epoch: 32, Train loss: 0.492944146938324, Validation loss: 0.8873037487030029, Validation accuracy: 0.7589
Adjusting learning rate of group 0 to 1.0000e-01.
Epoch: 33, Train loss: 0.49443158134460446, Validation loss: 0.7773403182029724, Validation accuracy: 0.7978
Adjusting learning rate of group 0 to 1.0000e-01.
Epoch: 34, Train loss: 0.49590370445251464, Validation loss: 0.8082242906570435, Validation accuracy: 0.7814
Adjusting learning rate of group 0 to 1.0000e-01.
Epoch: 35, Train loss: 0.48218809560775755, Validation loss: 0.5991844142913818, Validation accuracy: 0.8159
Adjusting learning rate of group 0 to 1.0000e-01.
Epoch: 36, Train loss: 0.48278392957687377, Validation loss: 0.8349177362442016, Validation accuracy: 0.7709
Adjusting learning rate of group 0 to 1.0000e-01.
Epoch: 37, Train loss: 0.48596884616851804, Validation loss: 0.8122768590927124, Validation accuracy: 0.7851
Adjusting learning rate of group 0 to 1.0000e-01.
Epoch: 38, Train loss: 0.48344759616851807, Validation loss: 0.614505369901657, Validation accuracy: 0.8156
Adjusting learning rate of group 0 to 1.0000e-01.
Epoch: 39, Train loss: 0.4663373663520813, Validation loss: 0.7042993943214416, Validation accuracy: 0.8019
Adjusting learning rate of group 0 to 1.0000e-01.
Epoch: 40, Train loss: 0.4735305719184876, Validation loss: 0.827211476612091, Validation accuracy: 0.7808
Adjusting learning rate of group 0 to 1.0000e-01.
Epoch: 41, Train loss: 0.46786246809959414, Validation loss: 0.8874461450576783, Validation accuracy: 0.7846
Adjusting learning rate of group 0 to 1.0000e-01.
Epoch: 42, Train loss: 0.4694545915985107, Validation loss: 0.6265353650093078, Validation accuracy: 0.8193
Adjusting learning rate of group 0 to 1.0000e-01.
Epoch: 43, Train loss: 0.46994594009399415, Validation loss: 0.7909659968376159, Validation accuracy: 0.7696
Adjusting learning rate of group 0 to 1.0000e-01.
Epoch: 44, Train loss: 0.46312350412368775, Validation loss: 0.6470463129997254, Validation accuracy: 0.8023
Adjusting learning rate of group 0 to 1.0000e-01.
Epoch: 45, Train loss: 0.4663704060745239, Validation loss: 0.6124392673492431, Validation accuracy: 0.8111
Adjusting learning rate of group 0 to 1.0000e-01.
Epoch: 46, Train loss: 0.4565356975746155, Validation loss: 0.7224947719573974, Validation accuracy: 0.8002
Adjusting learning rate of group 0 to 1.0000e-01.
Epoch: 47, Train loss: 0.4656017317199707, Validation loss: 0.5795282284736634, Validation accuracy: 0.8319
Adjusting learning rate of group 0 to 1.0000e-01.
Epoch: 48, Train loss: 0.4578906669139862, Validation loss: 0.7244355780601501, Validation accuracy: 0.8061
Adjusting learning rate of group 0 to 1.0000e-01.
Epoch: 49, Train loss: 0.44459093861579896, Validation loss: 0.7551206205368042, Validation accuracy: 0.8009
Adjusting learning rate of group 0 to 1.0000e-01.
Epoch: 50, Train loss: 0.43855296293258667, Validation loss: 0.7179032263755798, Validation accuracy: 0.8174
Adjusting learning rate of group 0 to 1.0000e-01.
Epoch: 51, Train loss: 0.45064326219558715, Validation loss: 0.5912015755653381, Validation accuracy: 0.8406
Adjusting learning rate of group 0 to 1.0000e-01.
Epoch: 52, Train loss: 0.43856530912399294, Validation loss: 0.8957312606811524, Validation accuracy: 0.7878
Adjusting learning rate of group 0 to 1.0000e-01.
Epoch: 53, Train loss: 0.44135176700592044, Validation loss: 0.6168638292312623, Validation accuracy: 0.8161
Adjusting learning rate of group 0 to 1.0000e-01.
Epoch: 54, Train loss: 0.4580688701915741, Validation loss: 0.7167159423828126, Validation accuracy: 0.8369
Adjusting learning rate of group 0 to 1.0000e-01.
Epoch: 55, Train loss: 0.44862777395248415, Validation loss: 0.637785159778595, Validation accuracy: 0.8111
Adjusting learning rate of group 0 to 1.0000e-01.
Epoch: 56, Train loss: 0.43930174043655396, Validation loss: 0.8383841260910034, Validation accuracy: 0.8139
Adjusting learning rate of group 0 to 1.0000e-01.
Epoch: 57, Train loss: 0.4446720032310486, Validation loss: 0.8112120168685913, Validation accuracy: 0.7831
Adjusting learning rate of group 0 to 1.0000e-01.
Epoch: 58, Train loss: 0.43868245950698853, Validation loss: 0.5077785581588745, Validation accuracy: 0.8468
Adjusting learning rate of group 0 to 1.0000e-01.
Epoch: 59, Train loss: 0.4437697734451294, Validation loss: 0.6635276917457581, Validation accuracy: 0.82
Adjusting learning rate of group 0 to 1.0000e-01.
Epoch: 60, Train loss: 0.44300716850280764, Validation loss: 0.5965281213760376, Validation accuracy: 0.8287
Adjusting learning rate of group 0 to 1.0000e-01.
Epoch: 61, Train loss: 0.43133540981292723, Validation loss: 0.6161365314006806, Validation accuracy: 0.8102
Adjusting learning rate of group 0 to 1.0000e-01.
Epoch: 62, Train loss: 0.4425789480781555, Validation loss: 0.6539043975830078, Validation accuracy: 0.814
Adjusting learning rate of group 0 to 1.0000e-01.
Epoch: 63, Train loss: 0.42263920773506164, Validation loss: 0.5645053736686707, Validation accuracy: 0.832
Adjusting learning rate of group 0 to 1.0000e-01.
Epoch: 64, Train loss: 0.4391777062702179, Validation loss: 0.6506875958442688, Validation accuracy: 0.8128
Adjusting learning rate of group 0 to 1.0000e-01.
Epoch: 65, Train loss: 0.426743059425354, Validation loss: 0.5879990143775939, Validation accuracy: 0.8221
Adjusting learning rate of group 0 to 1.0000e-01.
Epoch: 66, Train loss: 0.42585338762283326, Validation loss: 0.8087820275306702, Validation accuracy: 0.7632
Adjusting learning rate of group 0 to 1.0000e-01.
Epoch: 67, Train loss: 0.4312517353630066, Validation loss: 0.7125980709075928, Validation accuracy: 0.804
Adjusting learning rate of group 0 to 1.0000e-01.
Epoch: 68, Train loss: 0.4259410894966125, Validation loss: 0.873322889328003, Validation accuracy: 0.7774
Adjusting learning rate of group 0 to 1.0000e-01.
Epoch: 69, Train loss: 0.4175711683368683, Validation loss: 0.6382797131538391, Validation accuracy: 0.8231
Adjusting learning rate of group 0 to 1.0000e-01.
Epoch: 70, Train loss: 0.4278370069408417, Validation loss: 0.7783965174674988, Validation accuracy: 0.7579
Adjusting learning rate of group 0 to 1.0000e-01.
Epoch: 71, Train loss: 0.42416210447311403, Validation loss: 0.6069664774894714, Validation accuracy: 0.8186
Adjusting learning rate of group 0 to 1.0000e-01.
Epoch: 72, Train loss: 0.43249115273475647, Validation loss: 0.5605744150161743, Validation accuracy: 0.8371
Adjusting learning rate of group 0 to 1.0000e-01.
Epoch: 73, Train loss: 0.41969562076568606, Validation loss: 0.5708605875968933, Validation accuracy: 0.8281
Adjusting learning rate of group 0 to 1.0000e-01.
Epoch: 74, Train loss: 0.4200318714141846, Validation loss: 0.9100363112926483, Validation accuracy: 0.8044
Adjusting learning rate of group 0 to 1.0000e-01.
Epoch: 75, Train loss: 0.4207216303253174, Validation loss: 0.6073540930271148, Validation accuracy: 0.815
Adjusting learning rate of group 0 to 1.0000e-01.
Epoch: 76, Train loss: 0.4292184153556824, Validation loss: 0.6618291128158569, Validation accuracy: 0.8126
Adjusting learning rate of group 0 to 1.0000e-01.
Epoch: 77, Train loss: 0.4194091230010986, Validation loss: 0.5865150799751282, Validation accuracy: 0.8293
Adjusting learning rate of group 0 to 1.0000e-01.
Epoch: 78, Train loss: 0.41358723583221435, Validation loss: 0.7249813289642334, Validation accuracy: 0.8266
Adjusting learning rate of group 0 to 1.0000e-01.
Epoch: 79, Train loss: 0.42093852705001833, Validation loss: 0.7455625531196595, Validation accuracy: 0.7947
Adjusting learning rate of group 0 to 1.0000e-01.
Epoch: 80, Train loss: 0.4157630976676941, Validation loss: 0.559545275592804, Validation accuracy: 0.8223
Adjusting learning rate of group 0 to 1.0000e-01.
Epoch: 81, Train loss: 0.4201386730384827, Validation loss: 0.5845709980010987, Validation accuracy: 0.8293
Adjusting learning rate of group 0 to 1.0000e-01.
Epoch: 82, Train loss: 0.41215150549888613, Validation loss: 0.640551519203186, Validation accuracy: 0.8135
Adjusting learning rate of group 0 to 1.0000e-01.
Epoch: 83, Train loss: 0.41335575660705565, Validation loss: 0.5860604399681091, Validation accuracy: 0.8174
Adjusting learning rate of group 0 to 1.0000e-01.
Epoch: 84, Train loss: 0.41403523721694946, Validation loss: 0.69474756026268, Validation accuracy: 0.7982
Adjusting learning rate of group 0 to 1.0000e-01.
Epoch: 85, Train loss: 0.4327859285926819, Validation loss: 0.6560196020126343, Validation accuracy: 0.8319
Adjusting learning rate of group 0 to 1.0000e-01.
Epoch: 86, Train loss: 0.4076748165988922, Validation loss: 0.6559139760017395, Validation accuracy: 0.819
Adjusting learning rate of group 0 to 1.0000e-01.
Epoch: 87, Train loss: 0.41498107179641724, Validation loss: 0.5965192752838134, Validation accuracy: 0.8216
Adjusting learning rate of group 0 to 1.0000e-01.
Epoch: 88, Train loss: 0.40598252528190615, Validation loss: 0.6180462054252625, Validation accuracy: 0.8285
Adjusting learning rate of group 0 to 1.0000e-01.
Epoch: 89, Train loss: 0.412661208820343, Validation loss: 0.7417251440048218, Validation accuracy: 0.7974
Adjusting learning rate of group 0 to 1.0000e-01.
Epoch: 90, Train loss: 0.42660381952285764, Validation loss: 0.7462654520988464, Validation accuracy: 0.7558
Adjusting learning rate of group 0 to 1.0000e-01.
Epoch: 91, Train loss: 0.40290272132873534, Validation loss: 0.48928571882247923, Validation accuracy: 0.8531
Adjusting learning rate of group 0 to 1.0000e-01.
Epoch: 92, Train loss: 0.40285880583763123, Validation loss: 0.6063199604034424, Validation accuracy: 0.8377
Adjusting learning rate of group 0 to 1.0000e-01.
Epoch: 93, Train loss: 0.39673656831741333, Validation loss: 0.6965621812343598, Validation accuracy: 0.8114
Adjusting learning rate of group 0 to 1.0000e-01.
Epoch: 94, Train loss: 0.4029917223548889, Validation loss: 0.593625341129303, Validation accuracy: 0.8372
Adjusting learning rate of group 0 to 1.0000e-01.
Epoch: 95, Train loss: 0.41299026235580444, Validation loss: 0.6002039910316467, Validation accuracy: 0.8318
Adjusting learning rate of group 0 to 1.0000e-01.
Epoch: 96, Train loss: 0.3997677543258667, Validation loss: 0.6045896986961364, Validation accuracy: 0.8288
Adjusting learning rate of group 0 to 1.0000e-01.
Epoch: 97, Train loss: 0.4104726069355011, Validation loss: 0.6923243339538574, Validation accuracy: 0.7989
Adjusting learning rate of group 0 to 1.0000e-01.
Epoch: 98, Train loss: 0.42569723510742186, Validation loss: 0.6522412425994873, Validation accuracy: 0.8329
Adjusting learning rate of group 0 to 1.0000e-01.
Epoch: 99, Train loss: 0.406557376127243, Validation loss: 0.7487634471893311, Validation accuracy: 0.7894
Adjusting learning rate of group 0 to 1.0000e-02.
Epoch: 100, Train loss: 0.41008715879440305, Validation loss: 0.5649374618530273, Validation accuracy: 0.8356
Adjusting learning rate of group 0 to 1.0000e-02.
Epoch: 101, Train loss: 0.24965935958862304, Validation loss: 0.36895495843887327, Validation accuracy: 0.8992
Adjusting learning rate of group 0 to 1.0000e-02.
Epoch: 102, Train loss: 0.20170530186653138, Validation loss: 0.34656793546676634, Validation accuracy: 0.9021
Adjusting learning rate of group 0 to 1.0000e-02.
Epoch: 103, Train loss: 0.1861574313688278, Validation loss: 0.34944370379447937, Validation accuracy: 0.903
Adjusting learning rate of group 0 to 1.0000e-02.
Epoch: 104, Train loss: 0.17299311602592468, Validation loss: 0.34532003965377805, Validation accuracy: 0.9055
Adjusting learning rate of group 0 to 1.0000e-02.
Epoch: 105, Train loss: 0.1624450385284424, Validation loss: 0.34239233169555666, Validation accuracy: 0.9089
Adjusting learning rate of group 0 to 1.0000e-02.
Epoch: 106, Train loss: 0.15458055629253387, Validation loss: 0.36297291655540465, Validation accuracy: 0.9066
Adjusting learning rate of group 0 to 1.0000e-02.
Epoch: 107, Train loss: 0.14925275870323182, Validation loss: 0.36596216430664064, Validation accuracy: 0.9095
Adjusting learning rate of group 0 to 1.0000e-02.
Epoch: 108, Train loss: 0.13890594613075255, Validation loss: 0.3784671727180481, Validation accuracy: 0.9118
Adjusting learning rate of group 0 to 1.0000e-02.
Epoch: 109, Train loss: 0.13463575086832047, Validation loss: 0.377969633102417, Validation accuracy: 0.9111
Adjusting learning rate of group 0 to 1.0000e-02.
Epoch: 110, Train loss: 0.1318597360086441, Validation loss: 0.3715541882514954, Validation accuracy: 0.9115
Adjusting learning rate of group 0 to 1.0000e-02.
Epoch: 111, Train loss: 0.12775410682201385, Validation loss: 0.36301581382751463, Validation accuracy: 0.9131
Adjusting learning rate of group 0 to 1.0000e-02.
Epoch: 112, Train loss: 0.12120391193389893, Validation loss: 0.38693032636642455, Validation accuracy: 0.9105
Adjusting learning rate of group 0 to 1.0000e-02.
Epoch: 113, Train loss: 0.11587812458992004, Validation loss: 0.380444948387146, Validation accuracy: 0.9152
Adjusting learning rate of group 0 to 1.0000e-02.
Epoch: 114, Train loss: 0.11326791802883149, Validation loss: 0.43142807245254516, Validation accuracy: 0.9104
Adjusting learning rate of group 0 to 1.0000e-02.
Epoch: 115, Train loss: 0.10843439664363862, Validation loss: 0.3961444850921631, Validation accuracy: 0.9133
Adjusting learning rate of group 0 to 1.0000e-02.
Epoch: 116, Train loss: 0.10492536512374878, Validation loss: 0.41311805248260497, Validation accuracy: 0.9144
Adjusting learning rate of group 0 to 1.0000e-02.
Epoch: 117, Train loss: 0.10114380710124969, Validation loss: 0.4265568146705627, Validation accuracy: 0.9124
Adjusting learning rate of group 0 to 1.0000e-02.
Epoch: 118, Train loss: 0.10236746838569641, Validation loss: 0.3977952794075012, Validation accuracy: 0.9117
Adjusting learning rate of group 0 to 1.0000e-02.
Epoch: 119, Train loss: 0.09823022500514984, Validation loss: 0.4006831774711609, Validation accuracy: 0.9096
Adjusting learning rate of group 0 to 1.0000e-02.
Epoch: 120, Train loss: 0.09704580764532089, Validation loss: 0.42937720527648926, Validation accuracy: 0.9124
Adjusting learning rate of group 0 to 1.0000e-02.
Epoch: 121, Train loss: 0.09037708350419998, Validation loss: 0.46858640089035036, Validation accuracy: 0.914
Adjusting learning rate of group 0 to 1.0000e-02.
Epoch: 122, Train loss: 0.08981707811832428, Validation loss: 0.4301320022583008, Validation accuracy: 0.9136
Adjusting learning rate of group 0 to 1.0000e-02.
Epoch: 123, Train loss: 0.09063629507303238, Validation loss: 0.462905473947525, Validation accuracy: 0.9105
Adjusting learning rate of group 0 to 1.0000e-02.
Epoch: 124, Train loss: 0.08812058067321778, Validation loss: 0.43021473379135133, Validation accuracy: 0.913
Adjusting learning rate of group 0 to 1.0000e-02.
Epoch: 125, Train loss: 0.08842579340219497, Validation loss: 0.44138776063919066, Validation accuracy: 0.9139
Adjusting learning rate of group 0 to 1.0000e-02.
Epoch: 126, Train loss: 0.08497390546560288, Validation loss: 0.46302719993591307, Validation accuracy: 0.9126
Adjusting learning rate of group 0 to 1.0000e-02.
Epoch: 127, Train loss: 0.08260379320144653, Validation loss: 0.43183202805519105, Validation accuracy: 0.9112
Adjusting learning rate of group 0 to 1.0000e-02.
Epoch: 128, Train loss: 0.07844679381370545, Validation loss: 0.45283785467147825, Validation accuracy: 0.9114
Adjusting learning rate of group 0 to 1.0000e-02.
Epoch: 129, Train loss: 0.08198413103342056, Validation loss: 0.4515258453369141, Validation accuracy: 0.9096
Adjusting learning rate of group 0 to 1.0000e-02.
Epoch: 130, Train loss: 0.0784093132352829, Validation loss: 0.43193749237060547, Validation accuracy: 0.9092
Adjusting learning rate of group 0 to 1.0000e-02.
Epoch: 131, Train loss: 0.07715756429433823, Validation loss: 0.4862008975982666, Validation accuracy: 0.9089
Adjusting learning rate of group 0 to 1.0000e-02.
Epoch: 132, Train loss: 0.07379023959398269, Validation loss: 0.47490560808181764, Validation accuracy: 0.9105
Adjusting learning rate of group 0 to 1.0000e-02.
Epoch: 133, Train loss: 0.07328274406671524, Validation loss: 0.4667863885879517, Validation accuracy: 0.9102
Adjusting learning rate of group 0 to 1.0000e-02.
Epoch: 134, Train loss: 0.07518703731417656, Validation loss: 0.4464617610931397, Validation accuracy: 0.9111
Adjusting learning rate of group 0 to 1.0000e-02.
Epoch: 135, Train loss: 0.07056502185225487, Validation loss: 0.45429178819656374, Validation accuracy: 0.9131
Adjusting learning rate of group 0 to 1.0000e-02.
Epoch: 136, Train loss: 0.07351653167009353, Validation loss: 0.49861102590560913, Validation accuracy: 0.9106
Adjusting learning rate of group 0 to 1.0000e-02.
Epoch: 137, Train loss: 0.07316328685998917, Validation loss: 0.44821138515472414, Validation accuracy: 0.9118
Adjusting learning rate of group 0 to 1.0000e-02.
Epoch: 138, Train loss: 0.07489213048696518, Validation loss: 0.528249040222168, Validation accuracy: 0.9088
Adjusting learning rate of group 0 to 1.0000e-02.
Epoch: 139, Train loss: 0.07163587005734444, Validation loss: 0.45371743535995485, Validation accuracy: 0.9141
Adjusting learning rate of group 0 to 1.0000e-02.
Epoch: 140, Train loss: 0.07177208785653115, Validation loss: 0.5130537432670593, Validation accuracy: 0.9075
Adjusting learning rate of group 0 to 1.0000e-02.
Epoch: 141, Train loss: 0.06884615539073945, Validation loss: 0.46891041641235354, Validation accuracy: 0.9119
Adjusting learning rate of group 0 to 1.0000e-02.
Epoch: 142, Train loss: 0.07188980915784836, Validation loss: 0.5029667249202728, Validation accuracy: 0.9041
Adjusting learning rate of group 0 to 1.0000e-02.
Epoch: 143, Train loss: 0.0743998733830452, Validation loss: 0.5899153774261474, Validation accuracy: 0.8978
Adjusting learning rate of group 0 to 1.0000e-02.
Epoch: 144, Train loss: 0.07024922093510627, Validation loss: 0.513593740940094, Validation accuracy: 0.911
Adjusting learning rate of group 0 to 1.0000e-02.
Epoch: 145, Train loss: 0.0704937396788597, Validation loss: 0.4486573634147644, Validation accuracy: 0.9124
Adjusting learning rate of group 0 to 1.0000e-02.
Epoch: 146, Train loss: 0.06642436509966851, Validation loss: 0.48079029750823976, Validation accuracy: 0.9149
Adjusting learning rate of group 0 to 1.0000e-02.
Epoch: 147, Train loss: 0.0684152105665207, Validation loss: 0.4578788311958313, Validation accuracy: 0.9135
Adjusting learning rate of group 0 to 1.0000e-02.
Epoch: 148, Train loss: 0.07275013723134995, Validation loss: 0.4500874375343323, Validation accuracy: 0.9142
Adjusting learning rate of group 0 to 1.0000e-02.
Epoch: 149, Train loss: 0.06866484107732773, Validation loss: 0.4878843542098999, Validation accuracy: 0.9102
Adjusting learning rate of group 0 to 1.0000e-03.
Epoch: 150, Train loss: 0.0713750414943695, Validation loss: 0.49911563320159913, Validation accuracy: 0.9059
Adjusting learning rate of group 0 to 1.0000e-03.
Epoch: 151, Train loss: 0.048946571041345595, Validation loss: 0.4525878437042236, Validation accuracy: 0.9192
Adjusting learning rate of group 0 to 1.0000e-03.
Epoch: 152, Train loss: 0.03808293730974197, Validation loss: 0.4834077251434326, Validation accuracy: 0.9199
Adjusting learning rate of group 0 to 1.0000e-03.
Epoch: 153, Train loss: 0.03615273560374975, Validation loss: 0.476895264339447, Validation accuracy: 0.9228
Adjusting learning rate of group 0 to 1.0000e-03.
Epoch: 154, Train loss: 0.031886861181259156, Validation loss: 0.49649077978134154, Validation accuracy: 0.9217
Adjusting learning rate of group 0 to 1.0000e-03.
Epoch: 155, Train loss: 0.030751861891001462, Validation loss: 0.5032087630271912, Validation accuracy: 0.9211
Adjusting learning rate of group 0 to 1.0000e-03.
Epoch: 156, Train loss: 0.028080736429989338, Validation loss: 0.5249630290031433, Validation accuracy: 0.921
Adjusting learning rate of group 0 to 1.0000e-03.
Epoch: 157, Train loss: 0.02749202777802944, Validation loss: 0.5259058897972106, Validation accuracy: 0.9214
Adjusting learning rate of group 0 to 1.0000e-03.
Epoch: 158, Train loss: 0.027318904636204244, Validation loss: 0.5387872372627258, Validation accuracy: 0.9217
Adjusting learning rate of group 0 to 1.0000e-03.
Epoch: 159, Train loss: 0.025757229032814504, Validation loss: 0.5398345246315003, Validation accuracy: 0.9219
Adjusting learning rate of group 0 to 1.0000e-03.
Epoch: 160, Train loss: 0.024841010470688343, Validation loss: 0.5423374877929688, Validation accuracy: 0.9216
Adjusting learning rate of group 0 to 1.0000e-03.
Epoch: 161, Train loss: 0.023355769251286983, Validation loss: 0.5509200805664063, Validation accuracy: 0.9227
Adjusting learning rate of group 0 to 1.0000e-03.
Epoch: 162, Train loss: 0.02322629628866911, Validation loss: 0.5637599229812622, Validation accuracy: 0.9213
Adjusting learning rate of group 0 to 1.0000e-03.
Epoch: 163, Train loss: 0.0228127010050416, Validation loss: 0.5623684585571289, Validation accuracy: 0.9226
Adjusting learning rate of group 0 to 1.0000e-03.
Epoch: 164, Train loss: 0.02229020586028695, Validation loss: 0.5740175243377685, Validation accuracy: 0.9213
Adjusting learning rate of group 0 to 1.0000e-03.
Epoch: 165, Train loss: 0.02071206178560853, Validation loss: 0.5812306708335876, Validation accuracy: 0.9218
Adjusting learning rate of group 0 to 1.0000e-03.
Epoch: 166, Train loss: 0.02180317105561495, Validation loss: 0.5919296654701233, Validation accuracy: 0.9202
Adjusting learning rate of group 0 to 1.0000e-03.
Epoch: 167, Train loss: 0.021433404865860938, Validation loss: 0.5805116230010986, Validation accuracy: 0.9222
Adjusting learning rate of group 0 to 1.0000e-03.
Epoch: 168, Train loss: 0.020793523550480603, Validation loss: 0.5956733680725098, Validation accuracy: 0.9213
Adjusting learning rate of group 0 to 1.0000e-03.
Epoch: 169, Train loss: 0.018645191190242768, Validation loss: 0.597304852104187, Validation accuracy: 0.921
Adjusting learning rate of group 0 to 1.0000e-03.
Epoch: 170, Train loss: 0.01932313695024699, Validation loss: 0.6066539483070373, Validation accuracy: 0.9223
Adjusting learning rate of group 0 to 1.0000e-03.
Epoch: 171, Train loss: 0.020237319676578044, Validation loss: 0.6019629991531372, Validation accuracy: 0.9217
Adjusting learning rate of group 0 to 1.0000e-03.
Epoch: 172, Train loss: 0.01760534267678857, Validation loss: 0.6110021793365479, Validation accuracy: 0.9219
Adjusting learning rate of group 0 to 1.0000e-03.
Epoch: 173, Train loss: 0.017847545432150363, Validation loss: 0.6121679001808167, Validation accuracy: 0.9226
Adjusting learning rate of group 0 to 1.0000e-03.
Epoch: 174, Train loss: 0.01699740716189146, Validation loss: 0.6198116289138794, Validation accuracy: 0.9219
Adjusting learning rate of group 0 to 1.0000e-03.
Epoch: 175, Train loss: 0.016152795532047747, Validation loss: 0.6206565395355225, Validation accuracy: 0.9229
Adjusting learning rate of group 0 to 1.0000e-03.
Epoch: 176, Train loss: 0.017225076125115157, Validation loss: 0.6243053705215454, Validation accuracy: 0.922
Adjusting learning rate of group 0 to 1.0000e-03.
Epoch: 177, Train loss: 0.018110082616508007, Validation loss: 0.6278699831008911, Validation accuracy: 0.9213
Adjusting learning rate of group 0 to 1.0000e-03.
Epoch: 178, Train loss: 0.01606735195785761, Validation loss: 0.6420000583648682, Validation accuracy: 0.9215
Adjusting learning rate of group 0 to 1.0000e-03.
Epoch: 179, Train loss: 0.016763595278412105, Validation loss: 0.6267813058853149, Validation accuracy: 0.9218
Adjusting learning rate of group 0 to 1.0000e-03.
Epoch: 180, Train loss: 0.016429573365971447, Validation loss: 0.6317491407394409, Validation accuracy: 0.9216
Adjusting learning rate of group 0 to 1.0000e-03.
Epoch: 181, Train loss: 0.015745454539954663, Validation loss: 0.6417944244384766, Validation accuracy: 0.9221
Adjusting learning rate of group 0 to 1.0000e-03.
Epoch: 182, Train loss: 0.016224870251268148, Validation loss: 0.6302644617080688, Validation accuracy: 0.9214
Adjusting learning rate of group 0 to 1.0000e-03.
Epoch: 183, Train loss: 0.014870955867692829, Validation loss: 0.6337815631866455, Validation accuracy: 0.9223
Adjusting learning rate of group 0 to 1.0000e-03.
Epoch: 184, Train loss: 0.014811968149095774, Validation loss: 0.6571129449844361, Validation accuracy: 0.9219
Adjusting learning rate of group 0 to 1.0000e-03.
Epoch: 185, Train loss: 0.014923201289754362, Validation loss: 0.6595457848548889, Validation accuracy: 0.9219
Adjusting learning rate of group 0 to 1.0000e-03.
Epoch: 186, Train loss: 0.015203929764032363, Validation loss: 0.6544284337997437, Validation accuracy: 0.9221
Adjusting learning rate of group 0 to 1.0000e-03.
Epoch: 187, Train loss: 0.014900104345232248, Validation loss: 0.6532442954063415, Validation accuracy: 0.9216
Adjusting learning rate of group 0 to 1.0000e-03.
Epoch: 188, Train loss: 0.014477192537039519, Validation loss: 0.6670443849563599, Validation accuracy: 0.9227
Adjusting learning rate of group 0 to 1.0000e-03.
Epoch: 189, Train loss: 0.014201728099733591, Validation loss: 0.6691623960494996, Validation accuracy: 0.921
Adjusting learning rate of group 0 to 1.0000e-03.
Epoch: 190, Train loss: 0.013332345613241196, Validation loss: 0.6702042675971985, Validation accuracy: 0.9209
Adjusting learning rate of group 0 to 1.0000e-03.
Epoch: 191, Train loss: 0.014813559582829476, Validation loss: 0.6767906246185302, Validation accuracy: 0.9212
Adjusting learning rate of group 0 to 1.0000e-03.
Epoch: 192, Train loss: 0.01338312821611762, Validation loss: 0.6774191181182861, Validation accuracy: 0.9215
Adjusting learning rate of group 0 to 1.0000e-03.
Epoch: 193, Train loss: 0.013713511682264506, Validation loss: 0.6815847806930542, Validation accuracy: 0.9213
Adjusting learning rate of group 0 to 1.0000e-03.
Epoch: 194, Train loss: 0.01244330799601972, Validation loss: 0.6863189247131347, Validation accuracy: 0.9209
Adjusting learning rate of group 0 to 1.0000e-03.
Epoch: 195, Train loss: 0.014622044173963369, Validation loss: 0.7009857774734497, Validation accuracy: 0.922
Adjusting learning rate of group 0 to 1.0000e-03.
Epoch: 196, Train loss: 0.014283725931197404, Validation loss: 0.692997384262085, Validation accuracy: 0.922
Adjusting learning rate of group 0 to 1.0000e-03.
Epoch: 197, Train loss: 0.012472723615802825, Validation loss: 0.7051485799789429, Validation accuracy: 0.9221
Adjusting learning rate of group 0 to 1.0000e-03.
Epoch: 198, Train loss: 0.012843340920582414, Validation loss: 0.6935075359344482, Validation accuracy: 0.9215
Adjusting learning rate of group 0 to 1.0000e-03.
Epoch: 199, Train loss: 0.012530500154122711, Validation loss: 0.700635475730896, Validation accuracy: 0.9217
Accuracy: 0.9217, Parameters: 5320
