['ResNet-train.py', '--network', 'resnet', '--classifier', 'full', '--tensorization', '2', '2', '2', '2', '2', '2', '2', '2', '2', '2', '2', '2', '--ranks', '[[2, 1, 1, 1, 1, 1, 2, 1, 1, 1, 1, 1, 1], [1, 2, 1, 1, 1, 1, 2, 1, 1, 1, 1, 1, 1], [1, 1, 2, 1, 1, 1, 1, 1, 1, 1, 1, 1, 1], [1, 1, 1, 2, 1, 1, 1, 1, 1, 1, 1, 1, 1], [1, 1, 1, 1, 2, 1, 1, 1, 2, 1, 1, 1, 1], [1, 1, 1, 1, 1, 2, 1, 1, 1, 1, 1, 1, 1], [2, 2, 1, 1, 1, 1, 2, 1, 1, 1, 1, 1, 1], [1, 1, 1, 1, 1, 1, 1, 2, 1, 1, 1, 1, 1], [1, 1, 1, 1, 2, 1, 1, 1, 2, 1, 1, 1, 1], [1, 1, 1, 1, 1, 1, 1, 1, 1, 2, 1, 1, 1], [1, 1, 1, 1, 1, 1, 1, 1, 1, 1, 2, 1, 1], [1, 1, 1, 1, 1, 1, 1, 1, 1, 1, 1, 2, 2], [1, 1, 1, 1, 1, 1, 1, 1, 1, 1, 1, 2, 10]]', '--seed', '7', '--device', 'cuda:1']
Initializing dataloader
Files already downloaded and verified
Files already downloaded and verified
Dataloader has initialized
Initializing model
Adjusting learning rate of group 0 to 1.0000e-02.
Model initialized
Testing model
Tests passed
Adjusting learning rate of group 0 to 2.0000e-02.
Epoch: 0, Train loss: 1.9999289657211303, Validation loss: 1.6971133449554443, Validation accuracy: 0.3282
Adjusting learning rate of group 0 to 3.0000e-02.
Epoch: 1, Train loss: 1.6234643550872803, Validation loss: 1.5562622396469117, Validation accuracy: 0.3845
Adjusting learning rate of group 0 to 4.0000e-02.
Epoch: 2, Train loss: 1.4633182764434813, Validation loss: 1.5028453344345092, Validation accuracy: 0.4568
Adjusting learning rate of group 0 to 5.0000e-02.
Epoch: 3, Train loss: 1.3626874467849732, Validation loss: 1.446268157196045, Validation accuracy: 0.4892
Adjusting learning rate of group 0 to 6.0000e-02.
Epoch: 4, Train loss: 1.260037963256836, Validation loss: 1.2853779151916505, Validation accuracy: 0.5506
Adjusting learning rate of group 0 to 7.0000e-02.
Epoch: 5, Train loss: 1.2185576346588134, Validation loss: 1.407568264579773, Validation accuracy: 0.5443
Adjusting learning rate of group 0 to 8.0000e-02.
Epoch: 6, Train loss: 1.1785744676208496, Validation loss: 1.2005507379531861, Validation accuracy: 0.5735
Adjusting learning rate of group 0 to 9.0000e-02.
Epoch: 7, Train loss: 1.1442855311584472, Validation loss: 1.1748670141220092, Validation accuracy: 0.5708
Adjusting learning rate of group 0 to 1.0000e-01.
Epoch: 8, Train loss: 1.123690856590271, Validation loss: 1.6872601495742798, Validation accuracy: 0.5328
Adjusting learning rate of group 0 to 1.0000e-01.
Epoch: 9, Train loss: 1.1239916101837157, Validation loss: 1.18464891872406, Validation accuracy: 0.5773
Adjusting learning rate of group 0 to 1.0000e-01.
Epoch: 10, Train loss: 1.3864325839996339, Validation loss: 1.0974922018051148, Validation accuracy: 0.6084
Adjusting learning rate of group 0 to 1.0000e-01.
Epoch: 11, Train loss: 1.1182928769683838, Validation loss: 1.04763468542099, Validation accuracy: 0.6394
Adjusting learning rate of group 0 to 1.0000e-01.
Epoch: 12, Train loss: 1.0860053834915162, Validation loss: 1.0147929801940918, Validation accuracy: 0.6487
Adjusting learning rate of group 0 to 1.0000e-01.
Epoch: 13, Train loss: 1.0303341804122925, Validation loss: 1.2516316593170167, Validation accuracy: 0.6015
Adjusting learning rate of group 0 to 1.0000e-01.
Epoch: 14, Train loss: 1.0025987351989747, Validation loss: 1.1856381704330445, Validation accuracy: 0.5744
Adjusting learning rate of group 0 to 1.0000e-01.
Epoch: 15, Train loss: 1.0043462726783752, Validation loss: 1.4699350561141968, Validation accuracy: 0.6559
Adjusting learning rate of group 0 to 1.0000e-01.
Epoch: 16, Train loss: 1.0186122629547119, Validation loss: 1.0866258562088014, Validation accuracy: 0.6497
Adjusting learning rate of group 0 to 1.0000e-01.
Epoch: 17, Train loss: 0.9655042417526245, Validation loss: 0.9694131757736206, Validation accuracy: 0.7129
Adjusting learning rate of group 0 to 1.0000e-01.
Epoch: 18, Train loss: 0.9757577544021606, Validation loss: 1.2937029289245605, Validation accuracy: 0.6932
Adjusting learning rate of group 0 to 1.0000e-01.
Epoch: 19, Train loss: 0.9638580045318603, Validation loss: 0.9008759622573852, Validation accuracy: 0.7389
Adjusting learning rate of group 0 to 1.0000e-01.
Epoch: 20, Train loss: 0.8971042655563355, Validation loss: 1.558091891670227, Validation accuracy: 0.6443
Adjusting learning rate of group 0 to 1.0000e-01.
Epoch: 21, Train loss: 0.9037325629043579, Validation loss: 0.9662346933364868, Validation accuracy: 0.687
Adjusting learning rate of group 0 to 1.0000e-01.
Epoch: 22, Train loss: 0.8982381091690064, Validation loss: 1.0781791933059692, Validation accuracy: 0.6668
Adjusting learning rate of group 0 to 1.0000e-01.
Epoch: 23, Train loss: 0.872076812171936, Validation loss: 1.1077631455421448, Validation accuracy: 0.7242
Adjusting learning rate of group 0 to 1.0000e-01.
Epoch: 24, Train loss: 0.8931799499702454, Validation loss: 0.8525130098342896, Validation accuracy: 0.717
Adjusting learning rate of group 0 to 1.0000e-01.
Epoch: 25, Train loss: 0.8328734913253785, Validation loss: 0.8977175464630127, Validation accuracy: 0.7118
Adjusting learning rate of group 0 to 1.0000e-01.
Epoch: 26, Train loss: 0.8856837172317504, Validation loss: 0.9472497069358826, Validation accuracy: 0.6679
Adjusting learning rate of group 0 to 1.0000e-01.
Epoch: 27, Train loss: 0.8870211287689209, Validation loss: 1.0926566164970397, Validation accuracy: 0.6154
Adjusting learning rate of group 0 to 1.0000e-01.
Epoch: 28, Train loss: 0.8947827434158325, Validation loss: 0.9481731906890869, Validation accuracy: 0.7326
Adjusting learning rate of group 0 to 1.0000e-01.
Epoch: 29, Train loss: 0.8379690574455261, Validation loss: 0.8937658979415893, Validation accuracy: 0.7148
Adjusting learning rate of group 0 to 1.0000e-01.
Epoch: 30, Train loss: 0.8547749897575379, Validation loss: 0.9102386837005615, Validation accuracy: 0.7346
Adjusting learning rate of group 0 to 1.0000e-01.
Epoch: 31, Train loss: 0.8123640463638305, Validation loss: 0.9300671602249145, Validation accuracy: 0.682
Adjusting learning rate of group 0 to 1.0000e-01.
Epoch: 32, Train loss: 0.87409233959198, Validation loss: 1.0553147378921508, Validation accuracy: 0.6821
Adjusting learning rate of group 0 to 1.0000e-01.
Epoch: 33, Train loss: 0.8645342336654663, Validation loss: 0.9927249592781067, Validation accuracy: 0.6906
Adjusting learning rate of group 0 to 1.0000e-01.
Epoch: 34, Train loss: 0.9177261333847045, Validation loss: 0.9331743045806885, Validation accuracy: 0.6944
Adjusting learning rate of group 0 to 1.0000e-01.
Epoch: 35, Train loss: 0.7786924085426331, Validation loss: 0.888909861946106, Validation accuracy: 0.7747
Adjusting learning rate of group 0 to 1.0000e-01.
Epoch: 36, Train loss: 0.8500578583145142, Validation loss: 1.9528118553161622, Validation accuracy: 0.6883
Adjusting learning rate of group 0 to 1.0000e-01.
Epoch: 37, Train loss: 0.8240656210327149, Validation loss: 0.9357722948074341, Validation accuracy: 0.7244
Adjusting learning rate of group 0 to 1.0000e-01.
Epoch: 38, Train loss: 0.8590881127929687, Validation loss: 0.8430670853614807, Validation accuracy: 0.7151
Adjusting learning rate of group 0 to 1.0000e-01.
Epoch: 39, Train loss: 0.7681599927902222, Validation loss: 0.8686071696281433, Validation accuracy: 0.7207
Adjusting learning rate of group 0 to 1.0000e-01.
Epoch: 40, Train loss: 0.7738273334121704, Validation loss: 0.8351124105453491, Validation accuracy: 0.7626
Adjusting learning rate of group 0 to 1.0000e-01.
Epoch: 41, Train loss: 0.807866713180542, Validation loss: 0.9519027304649353, Validation accuracy: 0.6786
Adjusting learning rate of group 0 to 1.0000e-01.
Epoch: 42, Train loss: 0.8684722711372376, Validation loss: 1.315825800895691, Validation accuracy: 0.6838
Adjusting learning rate of group 0 to 1.0000e-01.
Epoch: 43, Train loss: 0.7773744103813172, Validation loss: 1.1066715873718262, Validation accuracy: 0.6961
Adjusting learning rate of group 0 to 1.0000e-01.
Epoch: 44, Train loss: 0.7851153806495667, Validation loss: 0.8693864400863648, Validation accuracy: 0.7102
Adjusting learning rate of group 0 to 1.0000e-01.
Epoch: 45, Train loss: 0.7534728377342225, Validation loss: 0.7864321625709534, Validation accuracy: 0.7693
Adjusting learning rate of group 0 to 1.0000e-01.
Epoch: 46, Train loss: 0.7923391787338256, Validation loss: 1.0126342355728148, Validation accuracy: 0.7362
Adjusting learning rate of group 0 to 1.0000e-01.
Epoch: 47, Train loss: 0.792453312664032, Validation loss: 0.8276291924476623, Validation accuracy: 0.7841
Adjusting learning rate of group 0 to 1.0000e-01.
Epoch: 48, Train loss: 0.7759918711853028, Validation loss: 0.9469749026298523, Validation accuracy: 0.7375
Adjusting learning rate of group 0 to 1.0000e-01.
Epoch: 49, Train loss: 0.7538120700645446, Validation loss: 0.7332031684875489, Validation accuracy: 0.776
Adjusting learning rate of group 0 to 1.0000e-01.
Epoch: 50, Train loss: 0.7315544907951355, Validation loss: 0.9103628630638123, Validation accuracy: 0.7145
Adjusting learning rate of group 0 to 1.0000e-01.
Epoch: 51, Train loss: 0.790418699836731, Validation loss: 0.9695597990036011, Validation accuracy: 0.6833
Adjusting learning rate of group 0 to 1.0000e-01.
Epoch: 52, Train loss: 0.8591702087402344, Validation loss: 1.9758692008972167, Validation accuracy: 0.1906
Adjusting learning rate of group 0 to 1.0000e-01.
Epoch: 53, Train loss: 0.8800108395957946, Validation loss: 1.1127290378570556, Validation accuracy: 0.7059
Adjusting learning rate of group 0 to 1.0000e-01.
Epoch: 54, Train loss: 0.7271049192810058, Validation loss: 0.8709412261962891, Validation accuracy: 0.7845
Adjusting learning rate of group 0 to 1.0000e-01.
Epoch: 55, Train loss: 0.8086455950164795, Validation loss: 0.966641770362854, Validation accuracy: 0.6837
Adjusting learning rate of group 0 to 1.0000e-01.
Epoch: 56, Train loss: 0.8063688452911377, Validation loss: 0.9032968109130859, Validation accuracy: 0.7009
Adjusting learning rate of group 0 to 1.0000e-01.
Epoch: 57, Train loss: 0.7540119932937622, Validation loss: 1.0436799110412598, Validation accuracy: 0.6447
Adjusting learning rate of group 0 to 1.0000e-01.
Epoch: 58, Train loss: 0.7120919596481323, Validation loss: 0.7446306865692138, Validation accuracy: 0.7742
Adjusting learning rate of group 0 to 1.0000e-01.
Epoch: 59, Train loss: 0.8247075280380249, Validation loss: 0.8523977407455444, Validation accuracy: 0.7343
Adjusting learning rate of group 0 to 1.0000e-01.
Epoch: 60, Train loss: 0.8093105546951294, Validation loss: 0.9417863945960998, Validation accuracy: 0.7401
Adjusting learning rate of group 0 to 1.0000e-01.
Epoch: 61, Train loss: 0.7329170460891724, Validation loss: 0.8062419179916381, Validation accuracy: 0.7709
Adjusting learning rate of group 0 to 1.0000e-01.
Epoch: 62, Train loss: 0.7482094472694397, Validation loss: 0.8632300594329834, Validation accuracy: 0.7605
Adjusting learning rate of group 0 to 1.0000e-01.
Epoch: 63, Train loss: 0.7653216481399536, Validation loss: 0.9229542387008667, Validation accuracy: 0.7271
Adjusting learning rate of group 0 to 1.0000e-01.
Epoch: 64, Train loss: 0.7218399865150452, Validation loss: 1.1237727127075194, Validation accuracy: 0.7446
Adjusting learning rate of group 0 to 1.0000e-01.
Epoch: 65, Train loss: 0.7072432172203064, Validation loss: 0.721474994468689, Validation accuracy: 0.7757
Adjusting learning rate of group 0 to 1.0000e-01.
Epoch: 66, Train loss: 0.7723585700607299, Validation loss: 1.6005693035125732, Validation accuracy: 0.6325
Adjusting learning rate of group 0 to 1.0000e-01.
Epoch: 67, Train loss: 0.7693914818191528, Validation loss: 0.99309508228302, Validation accuracy: 0.7614
Adjusting learning rate of group 0 to 1.0000e-01.
Epoch: 68, Train loss: 0.7670469142150879, Validation loss: 1.3157559587478638, Validation accuracy: 0.5365
Adjusting learning rate of group 0 to 1.0000e-01.
Epoch: 69, Train loss: 0.7716537139892579, Validation loss: 1.3738416719436646, Validation accuracy: 0.4831
Adjusting learning rate of group 0 to 1.0000e-01.
Epoch: 70, Train loss: 0.779223780784607, Validation loss: 0.9813698932647705, Validation accuracy: 0.7316
Adjusting learning rate of group 0 to 1.0000e-01.
Epoch: 71, Train loss: 0.7272227845191955, Validation loss: 0.9604417778015136, Validation accuracy: 0.681
Adjusting learning rate of group 0 to 1.0000e-01.
Epoch: 72, Train loss: 0.8490610752868653, Validation loss: 0.9728505573272705, Validation accuracy: 0.7045
Adjusting learning rate of group 0 to 1.0000e-01.
Epoch: 73, Train loss: 0.8560524571228028, Validation loss: 0.8050566921234131, Validation accuracy: 0.7498
Adjusting learning rate of group 0 to 1.0000e-01.
Epoch: 74, Train loss: 0.7899742260932923, Validation loss: 1.1227044792175294, Validation accuracy: 0.6326
Adjusting learning rate of group 0 to 1.0000e-01.
Epoch: 75, Train loss: 0.8255165439605713, Validation loss: 0.8705539295196533, Validation accuracy: 0.7835
Adjusting learning rate of group 0 to 1.0000e-01.
Epoch: 76, Train loss: 0.8171162179946899, Validation loss: 0.8437441102027893, Validation accuracy: 0.7288
Adjusting learning rate of group 0 to 1.0000e-01.
Epoch: 77, Train loss: 0.7615300104713439, Validation loss: 3.0474937255859373, Validation accuracy: 0.5771
Adjusting learning rate of group 0 to 1.0000e-01.
Epoch: 78, Train loss: 1.7118462757110595, Validation loss: 2.3039825523376467, Validation accuracy: 0.1
Adjusting learning rate of group 0 to 1.0000e-01.
Epoch: 79, Train loss: 2.304034627380371, Validation loss: 2.304649151992798, Validation accuracy: 0.1
Adjusting learning rate of group 0 to 1.0000e-01.
Epoch: 80, Train loss: 2.282684552192688, Validation loss: 1.9629129238128662, Validation accuracy: 0.4681
Adjusting learning rate of group 0 to 1.0000e-01.
Epoch: 81, Train loss: 0.9520080919265748, Validation loss: 1.0250035682678222, Validation accuracy: 0.6857
Adjusting learning rate of group 0 to 1.0000e-01.
Epoch: 82, Train loss: 0.8936596034812927, Validation loss: 1.0045452732086182, Validation accuracy: 0.6362
Adjusting learning rate of group 0 to 1.0000e-01.
Epoch: 83, Train loss: 0.8877439686012268, Validation loss: 1.6917493087768554, Validation accuracy: 0.6873
Adjusting learning rate of group 0 to 1.0000e-01.
Epoch: 84, Train loss: 0.8866109651565551, Validation loss: 0.9606459138870239, Validation accuracy: 0.7641
Adjusting learning rate of group 0 to 1.0000e-01.
Epoch: 85, Train loss: 0.7870142727279663, Validation loss: 0.9133263586044311, Validation accuracy: 0.6971
Adjusting learning rate of group 0 to 1.0000e-01.
Epoch: 86, Train loss: 0.8018378839111329, Validation loss: 1.3512795051574706, Validation accuracy: 0.6665
Adjusting learning rate of group 0 to 1.0000e-01.
Epoch: 87, Train loss: 0.7704580108451843, Validation loss: 0.9331495265960693, Validation accuracy: 0.7233
Adjusting learning rate of group 0 to 1.0000e-01.
Epoch: 88, Train loss: 0.9750055761337281, Validation loss: 0.7549802463531494, Validation accuracy: 0.7792
Adjusting learning rate of group 0 to 1.0000e-01.
Epoch: 89, Train loss: 0.7881162953567505, Validation loss: 0.9262510448455811, Validation accuracy: 0.7613
Adjusting learning rate of group 0 to 1.0000e-01.
Epoch: 90, Train loss: 0.7716940601348877, Validation loss: 0.9254855439186096, Validation accuracy: 0.6796
Adjusting learning rate of group 0 to 1.0000e-01.
Epoch: 91, Train loss: 0.7710393063163757, Validation loss: 0.777394582939148, Validation accuracy: 0.7322
Adjusting learning rate of group 0 to 1.0000e-01.
Epoch: 92, Train loss: 0.8312952293777466, Validation loss: 1.1412894001007081, Validation accuracy: 0.6665
Adjusting learning rate of group 0 to 1.0000e-01.
Epoch: 93, Train loss: 0.7265340665245056, Validation loss: 0.9049785869598389, Validation accuracy: 0.7604
Adjusting learning rate of group 0 to 1.0000e-01.
Epoch: 94, Train loss: 0.8258357352256774, Validation loss: 0.8979870323181153, Validation accuracy: 0.7221
Adjusting learning rate of group 0 to 1.0000e-01.
Epoch: 95, Train loss: 0.8382174024391175, Validation loss: 0.9630281587600708, Validation accuracy: 0.7211
Adjusting learning rate of group 0 to 1.0000e-01.
Epoch: 96, Train loss: 0.7746624590301514, Validation loss: 0.8841717079162598, Validation accuracy: 0.7537
Adjusting learning rate of group 0 to 1.0000e-01.
Epoch: 97, Train loss: 0.7318663509941101, Validation loss: 0.796132414150238, Validation accuracy: 0.7602
Adjusting learning rate of group 0 to 1.0000e-01.
Epoch: 98, Train loss: 0.7533965728569031, Validation loss: 1.035232413291931, Validation accuracy: 0.652
Adjusting learning rate of group 0 to 1.0000e-01.
Epoch: 99, Train loss: 0.7675586660385132, Validation loss: 0.8029903644561768, Validation accuracy: 0.7516
Adjusting learning rate of group 0 to 1.0000e-02.
Epoch: 100, Train loss: 0.7020844390964508, Validation loss: 1.033322650718689, Validation accuracy: 0.7841
Adjusting learning rate of group 0 to 1.0000e-02.
Epoch: 101, Train loss: 0.4884869946670532, Validation loss: 0.5217268465042114, Validation accuracy: 0.8484
Adjusting learning rate of group 0 to 1.0000e-02.
Epoch: 102, Train loss: 0.4218047160243988, Validation loss: 0.5299732336044312, Validation accuracy: 0.8567
Adjusting learning rate of group 0 to 1.0000e-02.
Epoch: 103, Train loss: 0.4034179905128479, Validation loss: 0.48655334758758545, Validation accuracy: 0.854
Adjusting learning rate of group 0 to 1.0000e-02.
Epoch: 104, Train loss: 0.38207082462310793, Validation loss: 0.5150732675552369, Validation accuracy: 0.8625
Adjusting learning rate of group 0 to 1.0000e-02.
Epoch: 105, Train loss: 0.36975242197990416, Validation loss: 0.5150314086914063, Validation accuracy: 0.8666
Adjusting learning rate of group 0 to 1.0000e-02.
Epoch: 106, Train loss: 0.35835496282577517, Validation loss: 0.5283844017028808, Validation accuracy: 0.8668
Adjusting learning rate of group 0 to 1.0000e-02.
Epoch: 107, Train loss: 0.3548337663841248, Validation loss: 0.4810517643928528, Validation accuracy: 0.8634
Adjusting learning rate of group 0 to 1.0000e-02.
Epoch: 108, Train loss: 0.3393890010547638, Validation loss: 0.5654915518760681, Validation accuracy: 0.8717
Adjusting learning rate of group 0 to 1.0000e-02.
Epoch: 109, Train loss: 0.3257417757225037, Validation loss: 0.5680842412948608, Validation accuracy: 0.8753
Adjusting learning rate of group 0 to 1.0000e-02.
Epoch: 110, Train loss: 0.32289771743774415, Validation loss: 0.5381105030059814, Validation accuracy: 0.8684
Adjusting learning rate of group 0 to 1.0000e-02.
Epoch: 111, Train loss: 0.3175471641254425, Validation loss: 0.4815979413986206, Validation accuracy: 0.8673
Adjusting learning rate of group 0 to 1.0000e-02.
Epoch: 112, Train loss: 0.31101428724288943, Validation loss: 0.5144112934112549, Validation accuracy: 0.8803
Adjusting learning rate of group 0 to 1.0000e-02.
Epoch: 113, Train loss: 0.3056254875946045, Validation loss: 0.4933300672531128, Validation accuracy: 0.8716
Adjusting learning rate of group 0 to 1.0000e-02.
Epoch: 114, Train loss: 0.2999056434202194, Validation loss: 0.5375313628196716, Validation accuracy: 0.8728
Adjusting learning rate of group 0 to 1.0000e-02.
Epoch: 115, Train loss: 0.2943140107727051, Validation loss: 0.5053139970779419, Validation accuracy: 0.8745
Adjusting learning rate of group 0 to 1.0000e-02.
Epoch: 116, Train loss: 0.290813958530426, Validation loss: 0.5177211977958679, Validation accuracy: 0.8824
Adjusting learning rate of group 0 to 1.0000e-02.
Epoch: 117, Train loss: 0.279833814907074, Validation loss: 0.528638822555542, Validation accuracy: 0.8781
Adjusting learning rate of group 0 to 1.0000e-02.
Epoch: 118, Train loss: 0.2849987422704697, Validation loss: 0.5237463441848755, Validation accuracy: 0.8817
Adjusting learning rate of group 0 to 1.0000e-02.
Epoch: 119, Train loss: 0.27481750771522523, Validation loss: 0.5649552316665649, Validation accuracy: 0.8791
Adjusting learning rate of group 0 to 1.0000e-02.
Epoch: 120, Train loss: 0.2773879197788239, Validation loss: 0.5081009291648865, Validation accuracy: 0.8825
Adjusting learning rate of group 0 to 1.0000e-02.
Epoch: 121, Train loss: 0.273053292093277, Validation loss: 0.5144160999298095, Validation accuracy: 0.883
Adjusting learning rate of group 0 to 1.0000e-02.
Epoch: 122, Train loss: 0.26404476071834565, Validation loss: 0.5407484395980835, Validation accuracy: 0.8821
Adjusting learning rate of group 0 to 1.0000e-02.
Epoch: 123, Train loss: 0.2602398951101303, Validation loss: 0.5214537717819214, Validation accuracy: 0.8833
Adjusting learning rate of group 0 to 1.0000e-02.
Epoch: 124, Train loss: 0.25522213224887846, Validation loss: 0.5184116209983826, Validation accuracy: 0.8842
Adjusting learning rate of group 0 to 1.0000e-02.
Epoch: 125, Train loss: 0.24885633604049684, Validation loss: 0.5338308074951171, Validation accuracy: 0.8863
Adjusting learning rate of group 0 to 1.0000e-02.
Epoch: 126, Train loss: 0.2543897380065918, Validation loss: 0.5066396625518799, Validation accuracy: 0.8862
Adjusting learning rate of group 0 to 1.0000e-02.
Epoch: 127, Train loss: 0.24105148148059846, Validation loss: 0.5285541206359863, Validation accuracy: 0.8794
Adjusting learning rate of group 0 to 1.0000e-02.
Epoch: 128, Train loss: 0.24696344829559327, Validation loss: 0.5547554168701172, Validation accuracy: 0.8828
Adjusting learning rate of group 0 to 1.0000e-02.
Epoch: 129, Train loss: 0.24174265459537506, Validation loss: 0.5042057656288147, Validation accuracy: 0.8831
Adjusting learning rate of group 0 to 1.0000e-02.
Epoch: 130, Train loss: 0.2372938692522049, Validation loss: 0.5340456632614136, Validation accuracy: 0.8856
Adjusting learning rate of group 0 to 1.0000e-02.
Epoch: 131, Train loss: 0.2386093667793274, Validation loss: 0.5095614286422729, Validation accuracy: 0.8847
Adjusting learning rate of group 0 to 1.0000e-02.
Epoch: 132, Train loss: 0.23287283058166505, Validation loss: 0.5436658546447753, Validation accuracy: 0.8778
Adjusting learning rate of group 0 to 1.0000e-02.
Epoch: 133, Train loss: 0.23777724677085876, Validation loss: 0.5210946099758148, Validation accuracy: 0.8855
Adjusting learning rate of group 0 to 1.0000e-02.
Epoch: 134, Train loss: 0.22829778316497804, Validation loss: 0.5918956909179688, Validation accuracy: 0.8838
Adjusting learning rate of group 0 to 1.0000e-02.
Epoch: 135, Train loss: 0.23056021732330323, Validation loss: 0.6486718955993652, Validation accuracy: 0.8901
Adjusting learning rate of group 0 to 1.0000e-02.
Epoch: 136, Train loss: 0.23156518350124358, Validation loss: 0.5278950183868408, Validation accuracy: 0.8842
Adjusting learning rate of group 0 to 1.0000e-02.
Epoch: 137, Train loss: 0.21423200547218324, Validation loss: 0.5784630338668824, Validation accuracy: 0.8885
Adjusting learning rate of group 0 to 1.0000e-02.
Epoch: 138, Train loss: 0.23098757781028748, Validation loss: 0.5490595920562744, Validation accuracy: 0.8855
Adjusting learning rate of group 0 to 1.0000e-02.
Epoch: 139, Train loss: 0.23080797072410583, Validation loss: 0.5696870957374572, Validation accuracy: 0.8834
Adjusting learning rate of group 0 to 1.0000e-02.
Epoch: 140, Train loss: 0.2279606869983673, Validation loss: 0.5870888935089111, Validation accuracy: 0.8873
Adjusting learning rate of group 0 to 1.0000e-02.
Epoch: 141, Train loss: 0.21790300057411194, Validation loss: 0.5675369510650635, Validation accuracy: 0.8785
Adjusting learning rate of group 0 to 1.0000e-02.
Epoch: 142, Train loss: 0.21729586606025697, Validation loss: 0.5284397706985474, Validation accuracy: 0.8844
Adjusting learning rate of group 0 to 1.0000e-02.
Epoch: 143, Train loss: 0.2208805886030197, Validation loss: 0.6323300100326538, Validation accuracy: 0.8827
Adjusting learning rate of group 0 to 1.0000e-02.
Epoch: 144, Train loss: 0.22238014717578888, Validation loss: 0.6018666652679443, Validation accuracy: 0.8871
Adjusting learning rate of group 0 to 1.0000e-02.
Epoch: 145, Train loss: 0.2116944980287552, Validation loss: 0.5785074029922486, Validation accuracy: 0.8927
Adjusting learning rate of group 0 to 1.0000e-02.
Epoch: 146, Train loss: 0.21673003201007843, Validation loss: 0.5843912189483642, Validation accuracy: 0.8873
Adjusting learning rate of group 0 to 1.0000e-02.
Epoch: 147, Train loss: 0.23607757780075073, Validation loss: 0.5893863229751587, Validation accuracy: 0.8717
Adjusting learning rate of group 0 to 1.0000e-02.
Epoch: 148, Train loss: 0.22555437715530396, Validation loss: 0.5527887193679809, Validation accuracy: 0.8805
Adjusting learning rate of group 0 to 1.0000e-02.
Epoch: 149, Train loss: 0.22087696198940276, Validation loss: 0.5232306327819825, Validation accuracy: 0.8865
Adjusting learning rate of group 0 to 1.0000e-03.
Epoch: 150, Train loss: 0.21549930897712707, Validation loss: 0.5596477333068848, Validation accuracy: 0.8719
Adjusting learning rate of group 0 to 1.0000e-03.
Epoch: 151, Train loss: 0.1882376831150055, Validation loss: 0.5515852514266968, Validation accuracy: 0.8947
Adjusting learning rate of group 0 to 1.0000e-03.
Epoch: 152, Train loss: 0.15882018531560899, Validation loss: 0.5787023708343506, Validation accuracy: 0.8976
Adjusting learning rate of group 0 to 1.0000e-03.
Epoch: 153, Train loss: 0.1522534224176407, Validation loss: 0.5866470920562744, Validation accuracy: 0.8989
Adjusting learning rate of group 0 to 1.0000e-03.
Epoch: 154, Train loss: 0.1488063966178894, Validation loss: 0.5896525512695312, Validation accuracy: 0.8978
Adjusting learning rate of group 0 to 1.0000e-03.
Epoch: 155, Train loss: 0.14260111800193787, Validation loss: 0.612410622215271, Validation accuracy: 0.9
Adjusting learning rate of group 0 to 1.0000e-03.
Epoch: 156, Train loss: 0.14044316823363304, Validation loss: 0.6097287424087524, Validation accuracy: 0.8991
Adjusting learning rate of group 0 to 1.0000e-03.
Epoch: 157, Train loss: 0.13556747694015503, Validation loss: 0.6232490911483765, Validation accuracy: 0.9008
Adjusting learning rate of group 0 to 1.0000e-03.
Epoch: 158, Train loss: 0.13639110727548598, Validation loss: 0.5990193510055541, Validation accuracy: 0.8984
Adjusting learning rate of group 0 to 1.0000e-03.
Epoch: 159, Train loss: 0.1335025104689598, Validation loss: 0.6349341735839844, Validation accuracy: 0.901
Adjusting learning rate of group 0 to 1.0000e-03.
Epoch: 160, Train loss: 0.1265208952522278, Validation loss: 0.6401259239196777, Validation accuracy: 0.8996
Adjusting learning rate of group 0 to 1.0000e-03.
Epoch: 161, Train loss: 0.13080160435199736, Validation loss: 0.6082487787246704, Validation accuracy: 0.8998
Adjusting learning rate of group 0 to 1.0000e-03.
Epoch: 162, Train loss: 0.12972030978679658, Validation loss: 0.638245986366272, Validation accuracy: 0.8999
Adjusting learning rate of group 0 to 1.0000e-03.
Epoch: 163, Train loss: 0.1265886412715912, Validation loss: 0.6289335786819458, Validation accuracy: 0.9025
Adjusting learning rate of group 0 to 1.0000e-03.
Epoch: 164, Train loss: 0.1216246128463745, Validation loss: 0.6424949752807617, Validation accuracy: 0.8986
Adjusting learning rate of group 0 to 1.0000e-03.
Epoch: 165, Train loss: 0.12048121616363526, Validation loss: 0.6306980850219727, Validation accuracy: 0.8989
Adjusting learning rate of group 0 to 1.0000e-03.
Epoch: 166, Train loss: 0.11990296335220336, Validation loss: 0.6495649946212768, Validation accuracy: 0.8999
Adjusting learning rate of group 0 to 1.0000e-03.
Epoch: 167, Train loss: 0.12093457805633545, Validation loss: 0.6296386524200439, Validation accuracy: 0.9004
Adjusting learning rate of group 0 to 1.0000e-03.
Epoch: 168, Train loss: 0.12049958077430725, Validation loss: 0.6470221525192261, Validation accuracy: 0.9013
Adjusting learning rate of group 0 to 1.0000e-03.
Epoch: 169, Train loss: 0.11753788693904876, Validation loss: 0.650645207977295, Validation accuracy: 0.9006
Adjusting learning rate of group 0 to 1.0000e-03.
Epoch: 170, Train loss: 0.11797270302295684, Validation loss: 0.6530483030319214, Validation accuracy: 0.8992
Adjusting learning rate of group 0 to 1.0000e-03.
Epoch: 171, Train loss: 0.11630784470319748, Validation loss: 0.6561872549057007, Validation accuracy: 0.8989
Adjusting learning rate of group 0 to 1.0000e-03.
Epoch: 172, Train loss: 0.11491478266239166, Validation loss: 0.6796862705230713, Validation accuracy: 0.9001
Adjusting learning rate of group 0 to 1.0000e-03.
Epoch: 173, Train loss: 0.1159085241818428, Validation loss: 0.680717812538147, Validation accuracy: 0.9005
Adjusting learning rate of group 0 to 1.0000e-03.
Epoch: 174, Train loss: 0.11583380301952362, Validation loss: 0.6890525438308716, Validation accuracy: 0.8982
Adjusting learning rate of group 0 to 1.0000e-03.
Epoch: 175, Train loss: 0.11232878051757812, Validation loss: 0.6905045021057129, Validation accuracy: 0.9008
Adjusting learning rate of group 0 to 1.0000e-03.
Epoch: 176, Train loss: 0.11524901780843735, Validation loss: 0.671253596496582, Validation accuracy: 0.9008
Adjusting learning rate of group 0 to 1.0000e-03.
Epoch: 177, Train loss: 0.11129436646223068, Validation loss: 0.6986901010513306, Validation accuracy: 0.9029
Adjusting learning rate of group 0 to 1.0000e-03.
Epoch: 178, Train loss: 0.1099775792169571, Validation loss: 0.7033535236358642, Validation accuracy: 0.903
Adjusting learning rate of group 0 to 1.0000e-03.
Epoch: 179, Train loss: 0.11235465466499328, Validation loss: 0.6812866546630859, Validation accuracy: 0.9014
Adjusting learning rate of group 0 to 1.0000e-03.
Epoch: 180, Train loss: 0.10700543515443801, Validation loss: 0.7319139120101928, Validation accuracy: 0.9018
Adjusting learning rate of group 0 to 1.0000e-03.
Epoch: 181, Train loss: 0.10819239186763764, Validation loss: 0.7420830240249634, Validation accuracy: 0.9014
Adjusting learning rate of group 0 to 1.0000e-03.
Epoch: 182, Train loss: 0.10639323543548584, Validation loss: 0.7197066551208496, Validation accuracy: 0.9008
Adjusting learning rate of group 0 to 1.0000e-03.
Epoch: 183, Train loss: 0.10804020293951035, Validation loss: 0.7061019155502319, Validation accuracy: 0.9011
Adjusting learning rate of group 0 to 1.0000e-03.
Epoch: 184, Train loss: 0.10506891439437867, Validation loss: 0.7451313028335571, Validation accuracy: 0.9007
Adjusting learning rate of group 0 to 1.0000e-03.
Epoch: 185, Train loss: 0.10462694382667541, Validation loss: 0.7056423675537109, Validation accuracy: 0.9021
Adjusting learning rate of group 0 to 1.0000e-03.
Epoch: 186, Train loss: 0.10408963305234908, Validation loss: 0.758356086730957, Validation accuracy: 0.901
Adjusting learning rate of group 0 to 1.0000e-03.
Epoch: 187, Train loss: 0.10495151326656342, Validation loss: 0.7264013765335083, Validation accuracy: 0.9017
Adjusting learning rate of group 0 to 1.0000e-03.
Epoch: 188, Train loss: 0.10364120081424713, Validation loss: 0.7432190124511718, Validation accuracy: 0.9011
Adjusting learning rate of group 0 to 1.0000e-03.
Epoch: 189, Train loss: 0.101822880525589, Validation loss: 0.7362610033035278, Validation accuracy: 0.9024
Adjusting learning rate of group 0 to 1.0000e-03.
Epoch: 190, Train loss: 0.10111741134881973, Validation loss: 0.7333567167282105, Validation accuracy: 0.9008
Adjusting learning rate of group 0 to 1.0000e-03.
Epoch: 191, Train loss: 0.09920997567176819, Validation loss: 0.7606302986145019, Validation accuracy: 0.9006
Adjusting learning rate of group 0 to 1.0000e-03.
Epoch: 192, Train loss: 0.0996610910987854, Validation loss: 0.7498318149566651, Validation accuracy: 0.9008
Adjusting learning rate of group 0 to 1.0000e-03.
Epoch: 193, Train loss: 0.10141415801525117, Validation loss: 0.7301567632675171, Validation accuracy: 0.9013
Adjusting learning rate of group 0 to 1.0000e-03.
Epoch: 194, Train loss: 0.09821722372293472, Validation loss: 0.751934429359436, Validation accuracy: 0.9006
Adjusting learning rate of group 0 to 1.0000e-03.
Epoch: 195, Train loss: 0.097871738499403, Validation loss: 0.7569360225677491, Validation accuracy: 0.9013
Adjusting learning rate of group 0 to 1.0000e-03.
Epoch: 196, Train loss: 0.09769425417423248, Validation loss: 0.7545701704025268, Validation accuracy: 0.9026
Adjusting learning rate of group 0 to 1.0000e-03.
Epoch: 197, Train loss: 0.09908720824956894, Validation loss: 0.7663607116699219, Validation accuracy: 0.9019
Adjusting learning rate of group 0 to 1.0000e-03.
Epoch: 198, Train loss: 0.09781762991428375, Validation loss: 0.7463995555877686, Validation accuracy: 0.9021
Adjusting learning rate of group 0 to 1.0000e-03.
Epoch: 199, Train loss: 0.09574149384260178, Validation loss: 0.7737238555908204, Validation accuracy: 0.9013
Accuracy: 0.9013, Parameters: 70
