['ResNet-train.py', '--network', 'resnet', '--classifier', 'full', '--tensorization', '2', '2', '2', '2', '2', '2', '2', '2', '2', '2', '2', '2', '--ranks', '[[2, 4, 1, 1, 1, 1, 1, 1, 1, 1, 1, 1, 3], [4, 2, 2, 1, 1, 1, 1, 1, 1, 1, 1, 1, 1], [1, 2, 2, 1, 1, 1, 1, 1, 1, 1, 1, 1, 1], [1, 1, 1, 2, 1, 1, 1, 1, 1, 1, 1, 1, 3], [1, 1, 1, 1, 2, 1, 1, 1, 1, 1, 1, 1, 1], [1, 1, 1, 1, 1, 2, 1, 1, 1, 1, 1, 1, 1], [1, 1, 1, 1, 1, 1, 2, 1, 1, 1, 1, 1, 2], [1, 1, 1, 1, 1, 1, 1, 2, 1, 1, 1, 1, 1], [1, 1, 1, 1, 1, 1, 1, 1, 2, 1, 1, 1, 1], [1, 1, 1, 1, 1, 1, 1, 1, 1, 2, 1, 1, 3], [1, 1, 1, 1, 1, 1, 1, 1, 1, 1, 2, 2, 1], [1, 1, 1, 1, 1, 1, 1, 1, 1, 1, 2, 2, 1], [3, 1, 1, 3, 1, 1, 2, 1, 1, 3, 1, 1, 10]]', '--seed', '14', '--device', 'cuda:3']
Initializing dataloader
Files already downloaded and verified
Files already downloaded and verified
Dataloader has initialized
Initializing model
Adjusting learning rate of group 0 to 1.0000e-02.
Model initialized
Testing model
Tests passed
Adjusting learning rate of group 0 to 2.0000e-02.
Epoch: 0, Train loss: 1.883354041519165, Validation loss: 1.7456669620513916, Validation accuracy: 0.3837
Adjusting learning rate of group 0 to 3.0000e-02.
Epoch: 1, Train loss: 1.396549735031128, Validation loss: 1.280877265548706, Validation accuracy: 0.5421
Adjusting learning rate of group 0 to 4.0000e-02.
Epoch: 2, Train loss: 1.1189416703796387, Validation loss: 1.2676800662994385, Validation accuracy: 0.6008
Adjusting learning rate of group 0 to 5.0000e-02.
Epoch: 3, Train loss: 0.933245705089569, Validation loss: 0.8483287185668945, Validation accuracy: 0.7024
Adjusting learning rate of group 0 to 6.0000e-02.
Epoch: 4, Train loss: 0.8368046027755738, Validation loss: 1.0092529242515564, Validation accuracy: 0.662
Adjusting learning rate of group 0 to 7.0000e-02.
Epoch: 5, Train loss: 0.771936902885437, Validation loss: 1.0966439940452575, Validation accuracy: 0.7109
Adjusting learning rate of group 0 to 8.0000e-02.
Epoch: 6, Train loss: 0.7136817582893371, Validation loss: 0.7731675104141236, Validation accuracy: 0.7435
Adjusting learning rate of group 0 to 9.0000e-02.
Epoch: 7, Train loss: 0.6857725982475281, Validation loss: 0.7672489934921265, Validation accuracy: 0.7439
Adjusting learning rate of group 0 to 1.0000e-01.
Epoch: 8, Train loss: 0.648534858083725, Validation loss: 0.9975601173400879, Validation accuracy: 0.782
Adjusting learning rate of group 0 to 1.0000e-01.
Epoch: 9, Train loss: 0.6350362730979919, Validation loss: 0.8096826246261597, Validation accuracy: 0.7676
Adjusting learning rate of group 0 to 1.0000e-01.
Epoch: 10, Train loss: 0.6188385986328125, Validation loss: 0.6587166575431824, Validation accuracy: 0.7782
Adjusting learning rate of group 0 to 1.0000e-01.
Epoch: 11, Train loss: 0.558253576927185, Validation loss: 0.9833920469284058, Validation accuracy: 0.7864
Adjusting learning rate of group 0 to 1.0000e-01.
Epoch: 12, Train loss: 0.5814316096115112, Validation loss: 0.6744752784729003, Validation accuracy: 0.7721
Adjusting learning rate of group 0 to 1.0000e-01.
Epoch: 13, Train loss: 0.5601158260917664, Validation loss: 0.6046195168495179, Validation accuracy: 0.8132
Adjusting learning rate of group 0 to 1.0000e-01.
Epoch: 14, Train loss: 0.5349329157829285, Validation loss: 0.6736561629295349, Validation accuracy: 0.7928
Adjusting learning rate of group 0 to 1.0000e-01.
Epoch: 15, Train loss: 0.5168270131111145, Validation loss: 0.9613228587150574, Validation accuracy: 0.6735
Adjusting learning rate of group 0 to 1.0000e-01.
Epoch: 16, Train loss: 0.49304974573135374, Validation loss: 0.6472533572673798, Validation accuracy: 0.8111
Adjusting learning rate of group 0 to 1.0000e-01.
Epoch: 17, Train loss: 0.46969280555725096, Validation loss: 0.6817925845146179, Validation accuracy: 0.7824
Adjusting learning rate of group 0 to 1.0000e-01.
Epoch: 18, Train loss: 0.4891180188369751, Validation loss: 0.9332225154876709, Validation accuracy: 0.762
Adjusting learning rate of group 0 to 1.0000e-01.
Epoch: 19, Train loss: 0.48365187388420106, Validation loss: 1.0521678199768068, Validation accuracy: 0.7794
Adjusting learning rate of group 0 to 1.0000e-01.
Epoch: 20, Train loss: 0.45890125316619873, Validation loss: 0.6084833717346192, Validation accuracy: 0.8015
Adjusting learning rate of group 0 to 1.0000e-01.
Epoch: 21, Train loss: 0.4706658342552185, Validation loss: 0.650967857503891, Validation accuracy: 0.7843
Adjusting learning rate of group 0 to 1.0000e-01.
Epoch: 22, Train loss: 0.4436095214080811, Validation loss: 0.6954703825950622, Validation accuracy: 0.8158
Adjusting learning rate of group 0 to 1.0000e-01.
Epoch: 23, Train loss: 0.43706063354492186, Validation loss: 0.566684231185913, Validation accuracy: 0.8305
Adjusting learning rate of group 0 to 1.0000e-01.
Epoch: 24, Train loss: 0.43136188735961917, Validation loss: 0.5304203963756561, Validation accuracy: 0.8172
Adjusting learning rate of group 0 to 1.0000e-01.
Epoch: 25, Train loss: 0.4125417683029175, Validation loss: 0.561006227016449, Validation accuracy: 0.8405
Adjusting learning rate of group 0 to 1.0000e-01.
Epoch: 26, Train loss: 0.41966065530776975, Validation loss: 0.5733243690490722, Validation accuracy: 0.8184
Adjusting learning rate of group 0 to 1.0000e-01.
Epoch: 27, Train loss: 0.41723004123687746, Validation loss: 0.7362287537574768, Validation accuracy: 0.7947
Adjusting learning rate of group 0 to 1.0000e-01.
Epoch: 28, Train loss: 0.4090974695396423, Validation loss: 0.5229333682060242, Validation accuracy: 0.841
Adjusting learning rate of group 0 to 1.0000e-01.
Epoch: 29, Train loss: 0.41487724067687987, Validation loss: 0.6008596305847168, Validation accuracy: 0.8128
Adjusting learning rate of group 0 to 1.0000e-01.
Epoch: 30, Train loss: 0.4193292553329468, Validation loss: 0.5290210753440857, Validation accuracy: 0.8259
Adjusting learning rate of group 0 to 1.0000e-01.
Epoch: 31, Train loss: 0.41135159481048583, Validation loss: 0.9809378624916076, Validation accuracy: 0.7848
Adjusting learning rate of group 0 to 1.0000e-01.
Epoch: 32, Train loss: 0.40511548382759094, Validation loss: 0.6916494609832764, Validation accuracy: 0.8244
Adjusting learning rate of group 0 to 1.0000e-01.
Epoch: 33, Train loss: 0.39104555101394656, Validation loss: 0.49754409799575805, Validation accuracy: 0.8451
Adjusting learning rate of group 0 to 1.0000e-01.
Epoch: 34, Train loss: 0.3968255105781555, Validation loss: 0.6392121453285218, Validation accuracy: 0.8123
Adjusting learning rate of group 0 to 1.0000e-01.
Epoch: 35, Train loss: 0.38286194566726683, Validation loss: 0.4761836538314819, Validation accuracy: 0.8407
Adjusting learning rate of group 0 to 1.0000e-01.
Epoch: 36, Train loss: 0.3831888837909698, Validation loss: 0.4909664908409119, Validation accuracy: 0.847
Adjusting learning rate of group 0 to 1.0000e-01.
Epoch: 37, Train loss: 0.4218042001724243, Validation loss: 0.5877161365509033, Validation accuracy: 0.8342
Adjusting learning rate of group 0 to 1.0000e-01.
Epoch: 38, Train loss: 0.40034800094604495, Validation loss: 0.5767416810035706, Validation accuracy: 0.8416
Adjusting learning rate of group 0 to 1.0000e-01.
Epoch: 39, Train loss: 0.35499524434089663, Validation loss: 0.6151386297225953, Validation accuracy: 0.81
Adjusting learning rate of group 0 to 1.0000e-01.
Epoch: 40, Train loss: 0.37866350511550906, Validation loss: 0.4453676696777344, Validation accuracy: 0.8476
Adjusting learning rate of group 0 to 1.0000e-01.
Epoch: 41, Train loss: 0.3858649702358246, Validation loss: 0.8260765998840333, Validation accuracy: 0.7964
Adjusting learning rate of group 0 to 1.0000e-01.
Epoch: 42, Train loss: 0.3653334830093384, Validation loss: 0.7191498807907104, Validation accuracy: 0.8351
Adjusting learning rate of group 0 to 1.0000e-01.
Epoch: 43, Train loss: 0.3753388694190979, Validation loss: 0.5733717994689942, Validation accuracy: 0.8109
Adjusting learning rate of group 0 to 1.0000e-01.
Epoch: 44, Train loss: 0.3606641333580017, Validation loss: 0.5300560083866119, Validation accuracy: 0.8291
Adjusting learning rate of group 0 to 1.0000e-01.
Epoch: 45, Train loss: 0.3725133327484131, Validation loss: 0.6433142764091492, Validation accuracy: 0.8036
Adjusting learning rate of group 0 to 1.0000e-01.
Epoch: 46, Train loss: 0.37484175633430483, Validation loss: 0.5677251019477845, Validation accuracy: 0.8537
Adjusting learning rate of group 0 to 1.0000e-01.
Epoch: 47, Train loss: 0.37942652440071106, Validation loss: 0.4807378808021545, Validation accuracy: 0.8411
Adjusting learning rate of group 0 to 1.0000e-01.
Epoch: 48, Train loss: 0.34521246814727785, Validation loss: 0.39861954984664916, Validation accuracy: 0.8692
Adjusting learning rate of group 0 to 1.0000e-01.
Epoch: 49, Train loss: 0.37671322870254514, Validation loss: 0.621306874370575, Validation accuracy: 0.8218
Adjusting learning rate of group 0 to 1.0000e-01.
Epoch: 50, Train loss: 0.35527024477005004, Validation loss: 0.4219850303173065, Validation accuracy: 0.8559
Adjusting learning rate of group 0 to 1.0000e-01.
Epoch: 51, Train loss: 0.3725058378505707, Validation loss: 0.6733450508117675, Validation accuracy: 0.8027
Adjusting learning rate of group 0 to 1.0000e-01.
Epoch: 52, Train loss: 0.352668130607605, Validation loss: 0.6238583868980407, Validation accuracy: 0.845
Adjusting learning rate of group 0 to 1.0000e-01.
Epoch: 53, Train loss: 0.3473396620416641, Validation loss: 0.4339523965835571, Validation accuracy: 0.8637
Adjusting learning rate of group 0 to 1.0000e-01.
Epoch: 54, Train loss: 0.3398428538799286, Validation loss: 0.4364605152130127, Validation accuracy: 0.8561
Adjusting learning rate of group 0 to 1.0000e-01.
Epoch: 55, Train loss: 0.3750750311088562, Validation loss: 0.5028092045783996, Validation accuracy: 0.8346
Adjusting learning rate of group 0 to 1.0000e-01.
Epoch: 56, Train loss: 0.3547051992034912, Validation loss: 0.537835021018982, Validation accuracy: 0.8478
Adjusting learning rate of group 0 to 1.0000e-01.
Epoch: 57, Train loss: 0.3513633057975769, Validation loss: 0.46962216033935544, Validation accuracy: 0.8514
Adjusting learning rate of group 0 to 1.0000e-01.
Epoch: 58, Train loss: 0.3567139509296417, Validation loss: 0.5416381521224976, Validation accuracy: 0.8224
Adjusting learning rate of group 0 to 1.0000e-01.
Epoch: 59, Train loss: 0.3513319886302948, Validation loss: 0.444286554145813, Validation accuracy: 0.8535
Adjusting learning rate of group 0 to 1.0000e-01.
Epoch: 60, Train loss: 0.3523606559419632, Validation loss: 0.5419611597061157, Validation accuracy: 0.8397
Adjusting learning rate of group 0 to 1.0000e-01.
Epoch: 61, Train loss: 0.34249074006080626, Validation loss: 0.615720859336853, Validation accuracy: 0.8221
Adjusting learning rate of group 0 to 1.0000e-01.
Epoch: 62, Train loss: 0.3590292926979065, Validation loss: 0.5633505440711976, Validation accuracy: 0.825
Adjusting learning rate of group 0 to 1.0000e-01.
Epoch: 63, Train loss: 0.35218293992996214, Validation loss: 0.4525060161590576, Validation accuracy: 0.8635
Adjusting learning rate of group 0 to 1.0000e-01.
Epoch: 64, Train loss: 0.3713050446510315, Validation loss: 0.44139292783737183, Validation accuracy: 0.8567
Adjusting learning rate of group 0 to 1.0000e-01.
Epoch: 65, Train loss: 0.3437724011325836, Validation loss: 0.46578609733581544, Validation accuracy: 0.844
Adjusting learning rate of group 0 to 1.0000e-01.
Epoch: 66, Train loss: 0.3642861583995819, Validation loss: 0.9087897868156433, Validation accuracy: 0.7468
Adjusting learning rate of group 0 to 1.0000e-01.
Epoch: 67, Train loss: 0.34558096076965333, Validation loss: 0.40150042533874514, Validation accuracy: 0.8674
Adjusting learning rate of group 0 to 1.0000e-01.
Epoch: 68, Train loss: 0.3581087504196167, Validation loss: 0.7683622102737426, Validation accuracy: 0.82
Adjusting learning rate of group 0 to 1.0000e-01.
Epoch: 69, Train loss: 0.331638451795578, Validation loss: 0.5016413266181946, Validation accuracy: 0.8302
Adjusting learning rate of group 0 to 1.0000e-01.
Epoch: 70, Train loss: 0.3408387244987488, Validation loss: 0.592898851108551, Validation accuracy: 0.813
Adjusting learning rate of group 0 to 1.0000e-01.
Epoch: 71, Train loss: 0.3398515570259094, Validation loss: 0.455149990940094, Validation accuracy: 0.8673
Adjusting learning rate of group 0 to 1.0000e-01.
Epoch: 72, Train loss: 0.33296440883636474, Validation loss: 0.48745888977050783, Validation accuracy: 0.842
Adjusting learning rate of group 0 to 1.0000e-01.
Epoch: 73, Train loss: 0.3307169610786438, Validation loss: 0.5208258049488068, Validation accuracy: 0.8219
Adjusting learning rate of group 0 to 1.0000e-01.
Epoch: 74, Train loss: 0.34695691804885864, Validation loss: 0.6572994540214538, Validation accuracy: 0.7789
Adjusting learning rate of group 0 to 1.0000e-01.
Epoch: 75, Train loss: 0.35812812364578245, Validation loss: 0.43169358701705934, Validation accuracy: 0.8509
Adjusting learning rate of group 0 to 1.0000e-01.
Epoch: 76, Train loss: 0.34109630593299867, Validation loss: 0.4977728697776794, Validation accuracy: 0.8271
Adjusting learning rate of group 0 to 1.0000e-01.
Epoch: 77, Train loss: 0.33066387937545777, Validation loss: 0.5086541172027588, Validation accuracy: 0.8595
Adjusting learning rate of group 0 to 1.0000e-01.
Epoch: 78, Train loss: 0.3453424866771698, Validation loss: 0.6480225919723511, Validation accuracy: 0.8143
Adjusting learning rate of group 0 to 1.0000e-01.
Epoch: 79, Train loss: 0.31364459495544433, Validation loss: 0.4281269768714905, Validation accuracy: 0.8678
Adjusting learning rate of group 0 to 1.0000e-01.
Epoch: 80, Train loss: 0.34800930174827577, Validation loss: 0.5814034040451049, Validation accuracy: 0.8279
Adjusting learning rate of group 0 to 1.0000e-01.
Epoch: 81, Train loss: 0.32909492424011233, Validation loss: 0.6037715879440307, Validation accuracy: 0.848
Adjusting learning rate of group 0 to 1.0000e-01.
Epoch: 82, Train loss: 0.34035903628349307, Validation loss: 0.44065549545288085, Validation accuracy: 0.8509
Adjusting learning rate of group 0 to 1.0000e-01.
Epoch: 83, Train loss: 0.33027054657936095, Validation loss: 0.3956289509773254, Validation accuracy: 0.8671
Adjusting learning rate of group 0 to 1.0000e-01.
Epoch: 84, Train loss: 0.31938492402076724, Validation loss: 0.45279332966804503, Validation accuracy: 0.8587
Adjusting learning rate of group 0 to 1.0000e-01.
Epoch: 85, Train loss: 0.3412076235294342, Validation loss: 0.49820058870315553, Validation accuracy: 0.8328
Adjusting learning rate of group 0 to 1.0000e-01.
Epoch: 86, Train loss: 0.3336668258666992, Validation loss: 0.5530414276123047, Validation accuracy: 0.8351
Adjusting learning rate of group 0 to 1.0000e-01.
Epoch: 87, Train loss: 0.34812501062393186, Validation loss: 0.6617936521530151, Validation accuracy: 0.8489
Adjusting learning rate of group 0 to 1.0000e-01.
Epoch: 88, Train loss: 0.34788492774009705, Validation loss: 0.6343604635238648, Validation accuracy: 0.8391
Adjusting learning rate of group 0 to 1.0000e-01.
Epoch: 89, Train loss: 0.32918268404006956, Validation loss: 0.4990279091835022, Validation accuracy: 0.8346
Adjusting learning rate of group 0 to 1.0000e-01.
Epoch: 90, Train loss: 0.33152511001586915, Validation loss: 0.5353493854522705, Validation accuracy: 0.8354
Adjusting learning rate of group 0 to 1.0000e-01.
Epoch: 91, Train loss: 0.3240659893321991, Validation loss: 0.4935563726425171, Validation accuracy: 0.8345
Adjusting learning rate of group 0 to 1.0000e-01.
Epoch: 92, Train loss: 0.34085846863746644, Validation loss: 0.5055334078788757, Validation accuracy: 0.8329
Adjusting learning rate of group 0 to 1.0000e-01.
Epoch: 93, Train loss: 0.32907968198776244, Validation loss: 0.5189606536865234, Validation accuracy: 0.8368
Adjusting learning rate of group 0 to 1.0000e-01.
Epoch: 94, Train loss: 0.327296073884964, Validation loss: 0.5480079797744751, Validation accuracy: 0.8457
Adjusting learning rate of group 0 to 1.0000e-01.
Epoch: 95, Train loss: 0.32353046541213987, Validation loss: 0.5309874652862548, Validation accuracy: 0.8555
Adjusting learning rate of group 0 to 1.0000e-01.
Epoch: 96, Train loss: 0.31966151790618896, Validation loss: 0.4566698038101196, Validation accuracy: 0.8538
Adjusting learning rate of group 0 to 1.0000e-01.
Epoch: 97, Train loss: 0.3245706293106079, Validation loss: 0.5261686802387238, Validation accuracy: 0.8456
Adjusting learning rate of group 0 to 1.0000e-01.
Epoch: 98, Train loss: 0.33462292620658873, Validation loss: 0.49609663457870484, Validation accuracy: 0.841
Adjusting learning rate of group 0 to 1.0000e-01.
Epoch: 99, Train loss: 0.3122674405670166, Validation loss: 0.6131406479358673, Validation accuracy: 0.8649
Adjusting learning rate of group 0 to 1.0000e-02.
Epoch: 100, Train loss: 0.30420470474243166, Validation loss: 0.472557320022583, Validation accuracy: 0.8529
Adjusting learning rate of group 0 to 1.0000e-02.
Epoch: 101, Train loss: 0.176527605035305, Validation loss: 0.294837637424469, Validation accuracy: 0.9134
Adjusting learning rate of group 0 to 1.0000e-02.
Epoch: 102, Train loss: 0.14054249208450317, Validation loss: 0.2792811532020569, Validation accuracy: 0.919
Adjusting learning rate of group 0 to 1.0000e-02.
Epoch: 103, Train loss: 0.12403865339279174, Validation loss: 0.2670747662067413, Validation accuracy: 0.9187
Adjusting learning rate of group 0 to 1.0000e-02.
Epoch: 104, Train loss: 0.11598918816804886, Validation loss: 0.27683380613327024, Validation accuracy: 0.9237
Adjusting learning rate of group 0 to 1.0000e-02.
Epoch: 105, Train loss: 0.10960165244579315, Validation loss: 0.2649361270904541, Validation accuracy: 0.9232
Adjusting learning rate of group 0 to 1.0000e-02.
Epoch: 106, Train loss: 0.09976183289051056, Validation loss: 0.2786430640697479, Validation accuracy: 0.9218
Adjusting learning rate of group 0 to 1.0000e-02.
Epoch: 107, Train loss: 0.09603933410644531, Validation loss: 0.281142520570755, Validation accuracy: 0.9208
Adjusting learning rate of group 0 to 1.0000e-02.
Epoch: 108, Train loss: 0.09097241559743881, Validation loss: 0.27119411449432373, Validation accuracy: 0.9226
Adjusting learning rate of group 0 to 1.0000e-02.
Epoch: 109, Train loss: 0.08580201164722442, Validation loss: 0.2869132534980774, Validation accuracy: 0.9251
Adjusting learning rate of group 0 to 1.0000e-02.
Epoch: 110, Train loss: 0.08211506156921387, Validation loss: 0.3010866984367371, Validation accuracy: 0.9225
Adjusting learning rate of group 0 to 1.0000e-02.
Epoch: 111, Train loss: 0.08063399307250976, Validation loss: 0.28127511415481565, Validation accuracy: 0.9225
Adjusting learning rate of group 0 to 1.0000e-02.
Epoch: 112, Train loss: 0.0758902857375145, Validation loss: 0.2998820405960083, Validation accuracy: 0.9191
Adjusting learning rate of group 0 to 1.0000e-02.
Epoch: 113, Train loss: 0.0705942738199234, Validation loss: 0.30641929922103883, Validation accuracy: 0.921
Adjusting learning rate of group 0 to 1.0000e-02.
Epoch: 114, Train loss: 0.06920039173722267, Validation loss: 0.31425542936325074, Validation accuracy: 0.9224
Adjusting learning rate of group 0 to 1.0000e-02.
Epoch: 115, Train loss: 0.06680918338090182, Validation loss: 0.320055094909668, Validation accuracy: 0.9217
Adjusting learning rate of group 0 to 1.0000e-02.
Epoch: 116, Train loss: 0.06566490255713463, Validation loss: 0.34082517414093016, Validation accuracy: 0.9216
Adjusting learning rate of group 0 to 1.0000e-02.
Epoch: 117, Train loss: 0.06047942428350449, Validation loss: 0.38452852506637575, Validation accuracy: 0.926
Adjusting learning rate of group 0 to 1.0000e-02.
Epoch: 118, Train loss: 0.061051953995227816, Validation loss: 0.3319209593296051, Validation accuracy: 0.9222
Adjusting learning rate of group 0 to 1.0000e-02.
Epoch: 119, Train loss: 0.05925925385951996, Validation loss: 0.35978012990951536, Validation accuracy: 0.9259
Adjusting learning rate of group 0 to 1.0000e-02.
Epoch: 120, Train loss: 0.05865421533107758, Validation loss: 0.34105963468551637, Validation accuracy: 0.9213
Adjusting learning rate of group 0 to 1.0000e-02.
Epoch: 121, Train loss: 0.05639738718152046, Validation loss: 0.32607077093124387, Validation accuracy: 0.9222
Adjusting learning rate of group 0 to 1.0000e-02.
Epoch: 122, Train loss: 0.05620305157899857, Validation loss: 0.3836060535430908, Validation accuracy: 0.9208
Adjusting learning rate of group 0 to 1.0000e-02.
Epoch: 123, Train loss: 0.054563946769237516, Validation loss: 0.39743285036087034, Validation accuracy: 0.9167
Adjusting learning rate of group 0 to 1.0000e-02.
Epoch: 124, Train loss: 0.05434454394459724, Validation loss: 0.37000628581047057, Validation accuracy: 0.924
Adjusting learning rate of group 0 to 1.0000e-02.
Epoch: 125, Train loss: 0.051648115576505664, Validation loss: 0.36952502059936526, Validation accuracy: 0.9185
Adjusting learning rate of group 0 to 1.0000e-02.
Epoch: 126, Train loss: 0.052158502566814424, Validation loss: 0.3651228093147278, Validation accuracy: 0.921
Adjusting learning rate of group 0 to 1.0000e-02.
Epoch: 127, Train loss: 0.05096373398184776, Validation loss: 0.3637068716526031, Validation accuracy: 0.9193
Adjusting learning rate of group 0 to 1.0000e-02.
Epoch: 128, Train loss: 0.05045179471328855, Validation loss: 0.3469325080871582, Validation accuracy: 0.9233
Adjusting learning rate of group 0 to 1.0000e-02.
Epoch: 129, Train loss: 0.048220684041380885, Validation loss: 0.3457577437400818, Validation accuracy: 0.9216
Adjusting learning rate of group 0 to 1.0000e-02.
Epoch: 130, Train loss: 0.04815225394964218, Validation loss: 0.35583802547454835, Validation accuracy: 0.9232
Adjusting learning rate of group 0 to 1.0000e-02.
Epoch: 131, Train loss: 0.04655766349673271, Validation loss: 0.37036210255622865, Validation accuracy: 0.9199
Adjusting learning rate of group 0 to 1.0000e-02.
Epoch: 132, Train loss: 0.04706344952225685, Validation loss: 0.4341162703990936, Validation accuracy: 0.92
Adjusting learning rate of group 0 to 1.0000e-02.
Epoch: 133, Train loss: 0.04767529073834419, Validation loss: 0.39193371419906614, Validation accuracy: 0.9204
Adjusting learning rate of group 0 to 1.0000e-02.
Epoch: 134, Train loss: 0.048394150907993316, Validation loss: 0.39620862712860105, Validation accuracy: 0.9198
Adjusting learning rate of group 0 to 1.0000e-02.
Epoch: 135, Train loss: 0.04860290232658386, Validation loss: 0.33550381679534913, Validation accuracy: 0.9213
Adjusting learning rate of group 0 to 1.0000e-02.
Epoch: 136, Train loss: 0.045965292254388335, Validation loss: 0.39053430280685425, Validation accuracy: 0.9188
Adjusting learning rate of group 0 to 1.0000e-02.
Epoch: 137, Train loss: 0.045099314341545106, Validation loss: 0.42376012029647825, Validation accuracy: 0.9225
Adjusting learning rate of group 0 to 1.0000e-02.
Epoch: 138, Train loss: 0.04524387651085854, Validation loss: 0.3985654378890991, Validation accuracy: 0.9187
Adjusting learning rate of group 0 to 1.0000e-02.
Epoch: 139, Train loss: 0.04613208896368742, Validation loss: 0.362659703540802, Validation accuracy: 0.9213
Adjusting learning rate of group 0 to 1.0000e-02.
Epoch: 140, Train loss: 0.04451099006474018, Validation loss: 0.3162785578727722, Validation accuracy: 0.9219
Adjusting learning rate of group 0 to 1.0000e-02.
Epoch: 141, Train loss: 0.04376704468131065, Validation loss: 0.4080831594467163, Validation accuracy: 0.9196
Adjusting learning rate of group 0 to 1.0000e-02.
Epoch: 142, Train loss: 0.042780101829618215, Validation loss: 0.4339506086349487, Validation accuracy: 0.9204
Adjusting learning rate of group 0 to 1.0000e-02.
Epoch: 143, Train loss: 0.04771303962826729, Validation loss: 0.38811696062088014, Validation accuracy: 0.9186
Adjusting learning rate of group 0 to 1.0000e-02.
Epoch: 144, Train loss: 0.042449070920348164, Validation loss: 0.40925206775665285, Validation accuracy: 0.9164
Adjusting learning rate of group 0 to 1.0000e-02.
Epoch: 145, Train loss: 0.04493454294800758, Validation loss: 0.3876671886444092, Validation accuracy: 0.9159
Adjusting learning rate of group 0 to 1.0000e-02.
Epoch: 146, Train loss: 0.04520590138673782, Validation loss: 0.41657811460495, Validation accuracy: 0.9172
Adjusting learning rate of group 0 to 1.0000e-02.
Epoch: 147, Train loss: 0.0445897750633955, Validation loss: 0.37410181818008426, Validation accuracy: 0.9192
Adjusting learning rate of group 0 to 1.0000e-02.
Epoch: 148, Train loss: 0.04433693551778793, Validation loss: 0.42141103053092954, Validation accuracy: 0.922
Adjusting learning rate of group 0 to 1.0000e-02.
Epoch: 149, Train loss: 0.044350860109627244, Validation loss: 0.375230966758728, Validation accuracy: 0.9206
Adjusting learning rate of group 0 to 1.0000e-03.
Epoch: 150, Train loss: 0.045947961957752706, Validation loss: 0.41767708220481875, Validation accuracy: 0.9141
Adjusting learning rate of group 0 to 1.0000e-03.
Epoch: 151, Train loss: 0.027432838932722806, Validation loss: 0.42245508024692535, Validation accuracy: 0.9244
Adjusting learning rate of group 0 to 1.0000e-03.
Epoch: 152, Train loss: 0.019621130131408572, Validation loss: 0.43897641649246216, Validation accuracy: 0.927
Adjusting learning rate of group 0 to 1.0000e-03.
Epoch: 153, Train loss: 0.017507423426620664, Validation loss: 0.45401625204086304, Validation accuracy: 0.9262
Adjusting learning rate of group 0 to 1.0000e-03.
Epoch: 154, Train loss: 0.016148498769178985, Validation loss: 0.47451227831840515, Validation accuracy: 0.9265
Adjusting learning rate of group 0 to 1.0000e-03.
Epoch: 155, Train loss: 0.014918391928896308, Validation loss: 0.47684757437705994, Validation accuracy: 0.9252
Adjusting learning rate of group 0 to 1.0000e-03.
Epoch: 156, Train loss: 0.013207281323317438, Validation loss: 0.48515341424942016, Validation accuracy: 0.9259
Adjusting learning rate of group 0 to 1.0000e-03.
Epoch: 157, Train loss: 0.012643706274740398, Validation loss: 0.502668414402008, Validation accuracy: 0.9269
Adjusting learning rate of group 0 to 1.0000e-03.
Epoch: 158, Train loss: 0.012666544193215667, Validation loss: 0.5054448275089264, Validation accuracy: 0.9268
Adjusting learning rate of group 0 to 1.0000e-03.
Epoch: 159, Train loss: 0.012184909537415951, Validation loss: 0.4962696949481964, Validation accuracy: 0.9281
Adjusting learning rate of group 0 to 1.0000e-03.
Epoch: 160, Train loss: 0.010494782325997948, Validation loss: 0.5068376874923706, Validation accuracy: 0.9285
Adjusting learning rate of group 0 to 1.0000e-03.
Epoch: 161, Train loss: 0.01098957193031907, Validation loss: 0.5207147685050965, Validation accuracy: 0.9278
Adjusting learning rate of group 0 to 1.0000e-03.
Epoch: 162, Train loss: 0.01127009229293093, Validation loss: 0.5201385484695434, Validation accuracy: 0.9276
Adjusting learning rate of group 0 to 1.0000e-03.
Epoch: 163, Train loss: 0.009608430108111351, Validation loss: 0.5293104665756225, Validation accuracy: 0.9273
Adjusting learning rate of group 0 to 1.0000e-03.
Epoch: 164, Train loss: 0.011104736411087215, Validation loss: 0.5252584826469422, Validation accuracy: 0.9286
Adjusting learning rate of group 0 to 1.0000e-03.
Epoch: 165, Train loss: 0.010615742016229779, Validation loss: 0.5230968302249909, Validation accuracy: 0.9284
Adjusting learning rate of group 0 to 1.0000e-03.
Epoch: 166, Train loss: 0.008932575329411776, Validation loss: 0.5397258009910584, Validation accuracy: 0.9271
Adjusting learning rate of group 0 to 1.0000e-03.
Epoch: 167, Train loss: 0.009740421966332942, Validation loss: 0.5342667004585266, Validation accuracy: 0.9274
Adjusting learning rate of group 0 to 1.0000e-03.
Epoch: 168, Train loss: 0.008176048379857094, Validation loss: 0.5455839218139649, Validation accuracy: 0.9288
Adjusting learning rate of group 0 to 1.0000e-03.
Epoch: 169, Train loss: 0.008164210386499763, Validation loss: 0.5621212782859802, Validation accuracy: 0.9279
Adjusting learning rate of group 0 to 1.0000e-03.
Epoch: 170, Train loss: 0.008565031222198158, Validation loss: 0.5560775699615479, Validation accuracy: 0.927
Adjusting learning rate of group 0 to 1.0000e-03.
Epoch: 171, Train loss: 0.008485875793475425, Validation loss: 0.5548118776798249, Validation accuracy: 0.9271
Adjusting learning rate of group 0 to 1.0000e-03.
Epoch: 172, Train loss: 0.007609839952085167, Validation loss: 0.5765564436912537, Validation accuracy: 0.9288
Adjusting learning rate of group 0 to 1.0000e-03.
Epoch: 173, Train loss: 0.007317804511087015, Validation loss: 0.5742865809440613, Validation accuracy: 0.9282
Adjusting learning rate of group 0 to 1.0000e-03.
Epoch: 174, Train loss: 0.008433092249473556, Validation loss: 0.5719702061653137, Validation accuracy: 0.9266
Adjusting learning rate of group 0 to 1.0000e-03.
Epoch: 175, Train loss: 0.00833841083929874, Validation loss: 0.5585393475532532, Validation accuracy: 0.928
Adjusting learning rate of group 0 to 1.0000e-03.
Epoch: 176, Train loss: 0.007503790020952001, Validation loss: 0.5695643665313721, Validation accuracy: 0.9272
Adjusting learning rate of group 0 to 1.0000e-03.
Epoch: 177, Train loss: 0.008390600175866857, Validation loss: 0.5569116465568542, Validation accuracy: 0.927
Adjusting learning rate of group 0 to 1.0000e-03.
Epoch: 178, Train loss: 0.00831341678097844, Validation loss: 0.5480546617507934, Validation accuracy: 0.9282
Adjusting learning rate of group 0 to 1.0000e-03.
Epoch: 179, Train loss: 0.0067051749669760465, Validation loss: 0.5639856269359589, Validation accuracy: 0.9286
Adjusting learning rate of group 0 to 1.0000e-03.
Epoch: 180, Train loss: 0.0079946660913527, Validation loss: 0.5628945384979248, Validation accuracy: 0.9293
Adjusting learning rate of group 0 to 1.0000e-03.
Epoch: 181, Train loss: 0.0062420787085592745, Validation loss: 0.5791670631408692, Validation accuracy: 0.9291
Adjusting learning rate of group 0 to 1.0000e-03.
Epoch: 182, Train loss: 0.005834617161687929, Validation loss: 0.5890003582954407, Validation accuracy: 0.9283
Adjusting learning rate of group 0 to 1.0000e-03.
Epoch: 183, Train loss: 0.006231528523142915, Validation loss: 0.6064737215042114, Validation accuracy: 0.9284
Adjusting learning rate of group 0 to 1.0000e-03.
Epoch: 184, Train loss: 0.007600248390990309, Validation loss: 0.5862464058876038, Validation accuracy: 0.9283
Adjusting learning rate of group 0 to 1.0000e-03.
Epoch: 185, Train loss: 0.007192832125858404, Validation loss: 0.5794034214019775, Validation accuracy: 0.9287
Adjusting learning rate of group 0 to 1.0000e-03.
Epoch: 186, Train loss: 0.006570702559780329, Validation loss: 0.5972954884529114, Validation accuracy: 0.9274
Adjusting learning rate of group 0 to 1.0000e-03.
Epoch: 187, Train loss: 0.0065854783031973054, Validation loss: 0.5971263040542603, Validation accuracy: 0.9282
Adjusting learning rate of group 0 to 1.0000e-03.
Epoch: 188, Train loss: 0.006190170540120453, Validation loss: 0.5979337779998779, Validation accuracy: 0.9293
Adjusting learning rate of group 0 to 1.0000e-03.
Epoch: 189, Train loss: 0.006053432520837523, Validation loss: 0.6207376110076904, Validation accuracy: 0.9272
Adjusting learning rate of group 0 to 1.0000e-03.
Epoch: 190, Train loss: 0.006881002174569294, Validation loss: 0.5984531327724457, Validation accuracy: 0.9272
Adjusting learning rate of group 0 to 1.0000e-03.
Epoch: 191, Train loss: 0.005421559977857396, Validation loss: 0.6125034240722657, Validation accuracy: 0.9273
Adjusting learning rate of group 0 to 1.0000e-03.
Epoch: 192, Train loss: 0.0053622288340097295, Validation loss: 0.6374675139904022, Validation accuracy: 0.9282
Adjusting learning rate of group 0 to 1.0000e-03.
Epoch: 193, Train loss: 0.005973255732217804, Validation loss: 0.6277726961135864, Validation accuracy: 0.9291
Adjusting learning rate of group 0 to 1.0000e-03.
Epoch: 194, Train loss: 0.00625052119594533, Validation loss: 0.6222226959228515, Validation accuracy: 0.9293
Adjusting learning rate of group 0 to 1.0000e-03.
Epoch: 195, Train loss: 0.005782068752488122, Validation loss: 0.6073732632637024, Validation accuracy: 0.9292
Adjusting learning rate of group 0 to 1.0000e-03.
Epoch: 196, Train loss: 0.005858637797199189, Validation loss: 0.6086561450481415, Validation accuracy: 0.9294
Adjusting learning rate of group 0 to 1.0000e-03.
Epoch: 197, Train loss: 0.006881646887646056, Validation loss: 0.6037949892044068, Validation accuracy: 0.9287
Adjusting learning rate of group 0 to 1.0000e-03.
Epoch: 198, Train loss: 0.005823052132977173, Validation loss: 0.6078219004154205, Validation accuracy: 0.9284
Adjusting learning rate of group 0 to 1.0000e-03.
Epoch: 199, Train loss: 0.0053592408776131925, Validation loss: 0.6138227660655975, Validation accuracy: 0.9287
Accuracy: 0.9287, Parameters: 626
