['ResNet-TRL-Tensorized-Full.py', '--tensorization', '8', '8', '8', '8', '--ranks', '[[8, 3, 4, 5, 4], [3, 8, 3, 1, 4], [4, 3, 8, 1, 3], [5, 1, 1, 8, 2], [4, 4, 3, 2, 10]]', '--seed', '1', '--device', 'cuda:3']
Initializing dataloader
Files already downloaded and verified
Files already downloaded and verified
Dataloader has initialized
Initializing model
Adjusting learning rate of group 0 to 1.0000e-02.
Model initialized
Testing model
Tests passed
Adjusting learning rate of group 0 to 2.0000e-02.
Epoch: 0, Train loss: 1.8684000174331665, Validation loss: 1.5513394813537598, Validation accuracy: 0.4305
Adjusting learning rate of group 0 to 3.0000e-02.
Epoch: 1, Train loss: 1.4729775652313233, Validation loss: 1.2644451169967652, Validation accuracy: 0.5471
Adjusting learning rate of group 0 to 4.0000e-02.
Epoch: 2, Train loss: 1.210887466621399, Validation loss: 1.1254565482139587, Validation accuracy: 0.6082
Adjusting learning rate of group 0 to 5.0000e-02.
Epoch: 3, Train loss: 0.975331314868927, Validation loss: 0.9693345104217529, Validation accuracy: 0.666
Adjusting learning rate of group 0 to 6.0000e-02.
Epoch: 4, Train loss: 0.8376656939315796, Validation loss: 0.8320701316833496, Validation accuracy: 0.7177
Adjusting learning rate of group 0 to 7.0000e-02.
Epoch: 5, Train loss: 0.7498299055480957, Validation loss: 0.8999447763442994, Validation accuracy: 0.6938
Adjusting learning rate of group 0 to 8.0000e-02.
Epoch: 6, Train loss: 0.690753287639618, Validation loss: 0.7540976994037628, Validation accuracy: 0.7567
Adjusting learning rate of group 0 to 9.0000e-02.
Epoch: 7, Train loss: 0.6505588392448425, Validation loss: 0.8118176740646362, Validation accuracy: 0.7506
Adjusting learning rate of group 0 to 1.0000e-01.
Epoch: 8, Train loss: 0.6210989018821717, Validation loss: 0.8233846113204956, Validation accuracy: 0.7279
Adjusting learning rate of group 0 to 1.0000e-01.
Epoch: 9, Train loss: 0.5880711840438843, Validation loss: 0.905409190750122, Validation accuracy: 0.7348
Adjusting learning rate of group 0 to 1.0000e-01.
Epoch: 10, Train loss: 0.5549516393375397, Validation loss: 0.7051412853240967, Validation accuracy: 0.7609
Adjusting learning rate of group 0 to 1.0000e-01.
Epoch: 11, Train loss: 0.5226680690097809, Validation loss: 0.7167323163986206, Validation accuracy: 0.7726
Adjusting learning rate of group 0 to 1.0000e-01.
Epoch: 12, Train loss: 0.5063772388267517, Validation loss: 0.5816177626132966, Validation accuracy: 0.805
Adjusting learning rate of group 0 to 1.0000e-01.
Epoch: 13, Train loss: 0.48146287977218627, Validation loss: 0.6939947665214539, Validation accuracy: 0.7927
Adjusting learning rate of group 0 to 1.0000e-01.
Epoch: 14, Train loss: 0.47045664385795594, Validation loss: 0.6170210406303406, Validation accuracy: 0.8024
Adjusting learning rate of group 0 to 1.0000e-01.
Epoch: 15, Train loss: 0.4540896733188629, Validation loss: 0.859784316444397, Validation accuracy: 0.7538
Adjusting learning rate of group 0 to 1.0000e-01.
Epoch: 16, Train loss: 0.44640613376617433, Validation loss: 0.6099306139945984, Validation accuracy: 0.7969
Adjusting learning rate of group 0 to 1.0000e-01.
Epoch: 17, Train loss: 0.4311565532302856, Validation loss: 0.6580056625366211, Validation accuracy: 0.8115
Adjusting learning rate of group 0 to 1.0000e-01.
Epoch: 18, Train loss: 0.4238825480461121, Validation loss: 0.5898040453910828, Validation accuracy: 0.8143
Adjusting learning rate of group 0 to 1.0000e-01.
Epoch: 19, Train loss: 0.4276629556274414, Validation loss: 0.5849176505088806, Validation accuracy: 0.8214
Adjusting learning rate of group 0 to 1.0000e-01.
Epoch: 20, Train loss: 0.41525406807899473, Validation loss: 0.5002967557907104, Validation accuracy: 0.8438
Adjusting learning rate of group 0 to 1.0000e-01.
Epoch: 21, Train loss: 0.39954731749534605, Validation loss: 0.6518699516296387, Validation accuracy: 0.806
Adjusting learning rate of group 0 to 1.0000e-01.
Epoch: 22, Train loss: 0.3980426261711121, Validation loss: 0.4658380781173706, Validation accuracy: 0.8416
Adjusting learning rate of group 0 to 1.0000e-01.
Epoch: 23, Train loss: 0.39467697393417356, Validation loss: 0.4492510672569275, Validation accuracy: 0.8471
Adjusting learning rate of group 0 to 1.0000e-01.
Epoch: 24, Train loss: 0.3838346478176117, Validation loss: 0.5724760262489319, Validation accuracy: 0.8137
Adjusting learning rate of group 0 to 1.0000e-01.
Epoch: 25, Train loss: 0.38801042934417723, Validation loss: 0.6755376401901245, Validation accuracy: 0.8076
Adjusting learning rate of group 0 to 1.0000e-01.
Epoch: 26, Train loss: 0.38009355239868164, Validation loss: 0.5458160461902618, Validation accuracy: 0.8416
Adjusting learning rate of group 0 to 1.0000e-01.
Epoch: 27, Train loss: 0.3699957104206085, Validation loss: 0.5364574712753296, Validation accuracy: 0.8332
Adjusting learning rate of group 0 to 1.0000e-01.
Epoch: 28, Train loss: 0.36506612458229065, Validation loss: 0.7163703515052795, Validation accuracy: 0.7859
Adjusting learning rate of group 0 to 1.0000e-01.
Epoch: 29, Train loss: 0.36691920347213747, Validation loss: 0.5566012727737427, Validation accuracy: 0.8222
Adjusting learning rate of group 0 to 1.0000e-01.
Epoch: 30, Train loss: 0.36191258883476257, Validation loss: 0.5764126539230346, Validation accuracy: 0.834
Adjusting learning rate of group 0 to 1.0000e-01.
Epoch: 31, Train loss: 0.3615232800102234, Validation loss: 0.49873736462593077, Validation accuracy: 0.8516
Adjusting learning rate of group 0 to 1.0000e-01.
Epoch: 32, Train loss: 0.3537127397918701, Validation loss: 0.471461358165741, Validation accuracy: 0.8501
Adjusting learning rate of group 0 to 1.0000e-01.
Epoch: 33, Train loss: 0.3557815305042267, Validation loss: 0.5191885725975036, Validation accuracy: 0.8317
Adjusting learning rate of group 0 to 1.0000e-01.
Epoch: 34, Train loss: 0.3523201570701599, Validation loss: 0.5233141427993775, Validation accuracy: 0.8251
Adjusting learning rate of group 0 to 1.0000e-01.
Epoch: 35, Train loss: 0.3467645170402527, Validation loss: 0.47050868802070617, Validation accuracy: 0.8392
Adjusting learning rate of group 0 to 1.0000e-01.
Epoch: 36, Train loss: 0.34524321780204775, Validation loss: 0.4887634612560272, Validation accuracy: 0.8377
Adjusting learning rate of group 0 to 1.0000e-01.
Epoch: 37, Train loss: 0.33961086426734927, Validation loss: 0.5853458702087402, Validation accuracy: 0.8185
Adjusting learning rate of group 0 to 1.0000e-01.
Epoch: 38, Train loss: 0.3408639075756073, Validation loss: 0.5447467818498611, Validation accuracy: 0.8214
Adjusting learning rate of group 0 to 1.0000e-01.
Epoch: 39, Train loss: 0.3322677091217041, Validation loss: 0.5682798218250275, Validation accuracy: 0.8313
Adjusting learning rate of group 0 to 1.0000e-01.
Epoch: 40, Train loss: 0.3333962702655792, Validation loss: 0.5595179328203201, Validation accuracy: 0.8211
Adjusting learning rate of group 0 to 1.0000e-01.
Epoch: 41, Train loss: 0.33086391217231753, Validation loss: 0.523938453912735, Validation accuracy: 0.829
Adjusting learning rate of group 0 to 1.0000e-01.
Epoch: 42, Train loss: 0.32765933581352236, Validation loss: 0.626682260608673, Validation accuracy: 0.8301
Adjusting learning rate of group 0 to 1.0000e-01.
Epoch: 43, Train loss: 0.3298071723937988, Validation loss: 0.45766792693138125, Validation accuracy: 0.8627
Adjusting learning rate of group 0 to 1.0000e-01.
Epoch: 44, Train loss: 0.3225195009708405, Validation loss: 0.6513523527145386, Validation accuracy: 0.8177
Adjusting learning rate of group 0 to 1.0000e-01.
Epoch: 45, Train loss: 0.32671393083572386, Validation loss: 0.5475037860393525, Validation accuracy: 0.8383
Adjusting learning rate of group 0 to 1.0000e-01.
Epoch: 46, Train loss: 0.32790035185813904, Validation loss: 0.593192153930664, Validation accuracy: 0.8287
Adjusting learning rate of group 0 to 1.0000e-01.
Epoch: 47, Train loss: 0.3311042404174805, Validation loss: 0.6794498530387878, Validation accuracy: 0.809
Adjusting learning rate of group 0 to 1.0000e-01.
Epoch: 48, Train loss: 0.31832019441604614, Validation loss: 0.5240549721717834, Validation accuracy: 0.8399
Adjusting learning rate of group 0 to 1.0000e-01.
Epoch: 49, Train loss: 0.3144180333995819, Validation loss: 0.5329361851692199, Validation accuracy: 0.8397
Adjusting learning rate of group 0 to 1.0000e-01.
Epoch: 50, Train loss: 0.31840127953529357, Validation loss: 0.46671111369132995, Validation accuracy: 0.8495
Adjusting learning rate of group 0 to 1.0000e-01.
Epoch: 51, Train loss: 0.31233442333221434, Validation loss: 0.6265416273117066, Validation accuracy: 0.8138
Adjusting learning rate of group 0 to 1.0000e-01.
Epoch: 52, Train loss: 0.3158869561958313, Validation loss: 0.5653385646343231, Validation accuracy: 0.8229
Adjusting learning rate of group 0 to 1.0000e-01.
Epoch: 53, Train loss: 0.31169442612648013, Validation loss: 0.435811057472229, Validation accuracy: 0.8593
Adjusting learning rate of group 0 to 1.0000e-01.
Epoch: 54, Train loss: 0.3205899000072479, Validation loss: 0.4970956649780273, Validation accuracy: 0.8482
Adjusting learning rate of group 0 to 1.0000e-01.
Epoch: 55, Train loss: 0.30794666255950925, Validation loss: 0.5116638722419738, Validation accuracy: 0.8396
Adjusting learning rate of group 0 to 1.0000e-01.
Epoch: 56, Train loss: 0.3103659998607636, Validation loss: 0.5130521924018859, Validation accuracy: 0.8435
Adjusting learning rate of group 0 to 1.0000e-01.
Epoch: 57, Train loss: 0.3086547445201874, Validation loss: 0.5756860993385315, Validation accuracy: 0.8177
Adjusting learning rate of group 0 to 1.0000e-01.
Epoch: 58, Train loss: 0.31363419298171996, Validation loss: 0.5535788314819335, Validation accuracy: 0.8357
Adjusting learning rate of group 0 to 1.0000e-01.
Epoch: 59, Train loss: 0.30442776942253114, Validation loss: 0.6713747159004212, Validation accuracy: 0.8024
Adjusting learning rate of group 0 to 1.0000e-01.
Epoch: 60, Train loss: 0.31057918793678285, Validation loss: 0.46814808163642885, Validation accuracy: 0.8457
Adjusting learning rate of group 0 to 1.0000e-01.
Epoch: 61, Train loss: 0.31002801198005675, Validation loss: 0.49855826067924497, Validation accuracy: 0.8487
Adjusting learning rate of group 0 to 1.0000e-01.
Epoch: 62, Train loss: 0.3108214144897461, Validation loss: 0.4774144026756287, Validation accuracy: 0.8496
Adjusting learning rate of group 0 to 1.0000e-01.
Epoch: 63, Train loss: 0.3045466632556915, Validation loss: 0.5333078853845596, Validation accuracy: 0.855
Adjusting learning rate of group 0 to 1.0000e-01.
Epoch: 64, Train loss: 0.3044152883338928, Validation loss: 0.48324093856811523, Validation accuracy: 0.8502
Adjusting learning rate of group 0 to 1.0000e-01.
Epoch: 65, Train loss: 0.3040022154045105, Validation loss: 0.5420741997718811, Validation accuracy: 0.8455
Adjusting learning rate of group 0 to 1.0000e-01.
Epoch: 66, Train loss: 0.30346469876289367, Validation loss: 0.4759781179904938, Validation accuracy: 0.854
Adjusting learning rate of group 0 to 1.0000e-01.
Epoch: 67, Train loss: 0.30042127490997317, Validation loss: 0.4321305820465088, Validation accuracy: 0.8528
Adjusting learning rate of group 0 to 1.0000e-01.
Epoch: 68, Train loss: 0.3006620216178894, Validation loss: 0.5147446591377258, Validation accuracy: 0.8546
Adjusting learning rate of group 0 to 1.0000e-01.
Epoch: 69, Train loss: 0.3053575717258453, Validation loss: 0.4087630844593048, Validation accuracy: 0.8692
Adjusting learning rate of group 0 to 1.0000e-01.
Epoch: 70, Train loss: 0.29793307478904724, Validation loss: 0.5569319380760193, Validation accuracy: 0.8199
Adjusting learning rate of group 0 to 1.0000e-01.
Epoch: 71, Train loss: 0.2946136939716339, Validation loss: 0.43365072927474974, Validation accuracy: 0.8704
Adjusting learning rate of group 0 to 1.0000e-01.
Epoch: 72, Train loss: 0.30354682269573213, Validation loss: 0.6458840487480163, Validation accuracy: 0.8209
Adjusting learning rate of group 0 to 1.0000e-01.
Epoch: 73, Train loss: 0.305008480091095, Validation loss: 0.43999544696807863, Validation accuracy: 0.8588
Adjusting learning rate of group 0 to 1.0000e-01.
Epoch: 74, Train loss: 0.2936529271888733, Validation loss: 0.5126953389644623, Validation accuracy: 0.8392
Adjusting learning rate of group 0 to 1.0000e-01.
Epoch: 75, Train loss: 0.30001733310699463, Validation loss: 0.44265983407497406, Validation accuracy: 0.863
Adjusting learning rate of group 0 to 1.0000e-01.
Epoch: 76, Train loss: 0.28645252680778505, Validation loss: 0.49792965052127836, Validation accuracy: 0.8469
Adjusting learning rate of group 0 to 1.0000e-01.
Epoch: 77, Train loss: 0.29209138798713685, Validation loss: 0.4290000330924988, Validation accuracy: 0.8652
Adjusting learning rate of group 0 to 1.0000e-01.
Epoch: 78, Train loss: 0.2965453374671936, Validation loss: 0.4994025557994842, Validation accuracy: 0.8477
Adjusting learning rate of group 0 to 1.0000e-01.
Epoch: 79, Train loss: 0.29446106424808505, Validation loss: 0.4356055881023407, Validation accuracy: 0.8604
Adjusting learning rate of group 0 to 1.0000e-01.
Epoch: 80, Train loss: 0.28902544633865357, Validation loss: 0.422331031036377, Validation accuracy: 0.8659
Adjusting learning rate of group 0 to 1.0000e-01.
Epoch: 81, Train loss: 0.2919851185178757, Validation loss: 0.4827395015478134, Validation accuracy: 0.86
Adjusting learning rate of group 0 to 1.0000e-01.
Epoch: 82, Train loss: 0.29028574073314667, Validation loss: 0.4762269019126892, Validation accuracy: 0.8526
Adjusting learning rate of group 0 to 1.0000e-01.
Epoch: 83, Train loss: 0.29046829740524294, Validation loss: 0.44502320079803465, Validation accuracy: 0.8698
Adjusting learning rate of group 0 to 1.0000e-01.
Epoch: 84, Train loss: 0.290933020029068, Validation loss: 0.4989442850112915, Validation accuracy: 0.8441
Adjusting learning rate of group 0 to 1.0000e-01.
Epoch: 85, Train loss: 0.2978490589046478, Validation loss: 0.5047947062015533, Validation accuracy: 0.8589
Adjusting learning rate of group 0 to 1.0000e-01.
Epoch: 86, Train loss: 0.2891038556098938, Validation loss: 0.50580180311203, Validation accuracy: 0.8437
Adjusting learning rate of group 0 to 1.0000e-01.
Epoch: 87, Train loss: 0.2882773874092102, Validation loss: 0.4870498684883118, Validation accuracy: 0.8486
Adjusting learning rate of group 0 to 1.0000e-01.
Epoch: 88, Train loss: 0.28588560443878175, Validation loss: 0.4605506334066391, Validation accuracy: 0.8536
Adjusting learning rate of group 0 to 1.0000e-01.
Epoch: 89, Train loss: 0.2878394208908081, Validation loss: 0.5489971328735351, Validation accuracy: 0.8356
Adjusting learning rate of group 0 to 1.0000e-01.
Epoch: 90, Train loss: 0.2837155895614624, Validation loss: 0.717196042251587, Validation accuracy: 0.8128
Adjusting learning rate of group 0 to 1.0000e-01.
Epoch: 91, Train loss: 0.29348944193840026, Validation loss: 0.4149582376003265, Validation accuracy: 0.8697
Adjusting learning rate of group 0 to 1.0000e-01.
Epoch: 92, Train loss: 0.28573280071258544, Validation loss: 0.5116372688770294, Validation accuracy: 0.8369
Adjusting learning rate of group 0 to 1.0000e-01.
Epoch: 93, Train loss: 0.2845269251060486, Validation loss: 0.504286986732483, Validation accuracy: 0.8459
Adjusting learning rate of group 0 to 1.0000e-01.
Epoch: 94, Train loss: 0.28579030307769776, Validation loss: 0.4662073752403259, Validation accuracy: 0.867
Adjusting learning rate of group 0 to 1.0000e-01.
Epoch: 95, Train loss: 0.2876739344406128, Validation loss: 0.5206085942506791, Validation accuracy: 0.846
Adjusting learning rate of group 0 to 1.0000e-01.
Epoch: 96, Train loss: 0.2879153832435608, Validation loss: 0.6310888592243195, Validation accuracy: 0.8006
Adjusting learning rate of group 0 to 1.0000e-01.
Epoch: 97, Train loss: 0.2878178699874878, Validation loss: 0.5262088888168335, Validation accuracy: 0.8407
Adjusting learning rate of group 0 to 1.0000e-01.
Epoch: 98, Train loss: 0.28317493494033813, Validation loss: 0.4373116709709167, Validation accuracy: 0.8629
Adjusting learning rate of group 0 to 1.0000e-01.
Epoch: 99, Train loss: 0.28505457705020903, Validation loss: 0.5106128872394562, Validation accuracy: 0.8454
Adjusting learning rate of group 0 to 1.0000e-02.
Epoch: 100, Train loss: 0.29090204613685605, Validation loss: 0.5254872097969056, Validation accuracy: 0.8292
Adjusting learning rate of group 0 to 1.0000e-02.
Epoch: 101, Train loss: 0.16064471755981446, Validation loss: 0.2911717561244965, Validation accuracy: 0.9143
Adjusting learning rate of group 0 to 1.0000e-02.
Epoch: 102, Train loss: 0.12282809574604034, Validation loss: 0.28424549555778506, Validation accuracy: 0.9208
Adjusting learning rate of group 0 to 1.0000e-02.
Epoch: 103, Train loss: 0.1065715231847763, Validation loss: 0.29262395946979525, Validation accuracy: 0.9199
Adjusting learning rate of group 0 to 1.0000e-02.
Epoch: 104, Train loss: 0.09789219752550125, Validation loss: 0.2878185030937195, Validation accuracy: 0.9226
Adjusting learning rate of group 0 to 1.0000e-02.
Epoch: 105, Train loss: 0.08702434800624848, Validation loss: 0.2924936628341675, Validation accuracy: 0.923
Adjusting learning rate of group 0 to 1.0000e-02.
Epoch: 106, Train loss: 0.08380182568788529, Validation loss: 0.2911448470115662, Validation accuracy: 0.9241
Adjusting learning rate of group 0 to 1.0000e-02.
Epoch: 107, Train loss: 0.07766281711697579, Validation loss: 0.300627462387085, Validation accuracy: 0.9234
Adjusting learning rate of group 0 to 1.0000e-02.
Epoch: 108, Train loss: 0.07363122496128083, Validation loss: 0.30542996685504914, Validation accuracy: 0.9247
Adjusting learning rate of group 0 to 1.0000e-02.
Epoch: 109, Train loss: 0.0715138152050972, Validation loss: 0.304260235786438, Validation accuracy: 0.9231
Adjusting learning rate of group 0 to 1.0000e-02.
Epoch: 110, Train loss: 0.06453429554700851, Validation loss: 0.3244228600025177, Validation accuracy: 0.9231
Adjusting learning rate of group 0 to 1.0000e-02.
Epoch: 111, Train loss: 0.06203175105571747, Validation loss: 0.3325410110473633, Validation accuracy: 0.9235
Adjusting learning rate of group 0 to 1.0000e-02.
Epoch: 112, Train loss: 0.0620827592921257, Validation loss: 0.3284795596599579, Validation accuracy: 0.9228
Adjusting learning rate of group 0 to 1.0000e-02.
Epoch: 113, Train loss: 0.05915787847042084, Validation loss: 0.34250893545150757, Validation accuracy: 0.922
Adjusting learning rate of group 0 to 1.0000e-02.
Epoch: 114, Train loss: 0.05409090633034706, Validation loss: 0.3545525003194809, Validation accuracy: 0.9245
Adjusting learning rate of group 0 to 1.0000e-02.
Epoch: 115, Train loss: 0.05388920393884182, Validation loss: 0.35091615071296695, Validation accuracy: 0.9218
Adjusting learning rate of group 0 to 1.0000e-02.
Epoch: 116, Train loss: 0.04923475509524346, Validation loss: 0.35308463757038117, Validation accuracy: 0.9219
Adjusting learning rate of group 0 to 1.0000e-02.
Epoch: 117, Train loss: 0.048308726906180384, Validation loss: 0.38179126806259156, Validation accuracy: 0.9209
Adjusting learning rate of group 0 to 1.0000e-02.
Epoch: 118, Train loss: 0.045346171135902405, Validation loss: 0.3895345188140869, Validation accuracy: 0.9213
Adjusting learning rate of group 0 to 1.0000e-02.
Epoch: 119, Train loss: 0.046070549466609954, Validation loss: 0.3844015771508217, Validation accuracy: 0.9235
Adjusting learning rate of group 0 to 1.0000e-02.
Epoch: 120, Train loss: 0.04371076135367155, Validation loss: 0.4053558254957199, Validation accuracy: 0.9216
Adjusting learning rate of group 0 to 1.0000e-02.
Epoch: 121, Train loss: 0.04222925090670586, Validation loss: 0.3977344354391098, Validation accuracy: 0.922
Adjusting learning rate of group 0 to 1.0000e-02.
Epoch: 122, Train loss: 0.04094768018126488, Validation loss: 0.3946175009131432, Validation accuracy: 0.9197
Adjusting learning rate of group 0 to 1.0000e-02.
Epoch: 123, Train loss: 0.04121624669909477, Validation loss: 0.3831471113324165, Validation accuracy: 0.9237
Adjusting learning rate of group 0 to 1.0000e-02.
Epoch: 124, Train loss: 0.0386235518810153, Validation loss: 0.40023113701865076, Validation accuracy: 0.922
Adjusting learning rate of group 0 to 1.0000e-02.
Epoch: 125, Train loss: 0.038778719564825294, Validation loss: 0.3869579575777054, Validation accuracy: 0.9193
Adjusting learning rate of group 0 to 1.0000e-02.
Epoch: 126, Train loss: 0.0386377422875166, Validation loss: 0.40588508393764494, Validation accuracy: 0.9204
Adjusting learning rate of group 0 to 1.0000e-02.
Epoch: 127, Train loss: 0.03713168132454157, Validation loss: 0.42420265085697173, Validation accuracy: 0.921
Adjusting learning rate of group 0 to 1.0000e-02.
Epoch: 128, Train loss: 0.038576360064446924, Validation loss: 0.4132141446262598, Validation accuracy: 0.9177
Adjusting learning rate of group 0 to 1.0000e-02.
Epoch: 129, Train loss: 0.0383299169921875, Validation loss: 0.42692435495853426, Validation accuracy: 0.9174
Adjusting learning rate of group 0 to 1.0000e-02.
Epoch: 130, Train loss: 0.03735461462616921, Validation loss: 0.41756382620334626, Validation accuracy: 0.9195
Adjusting learning rate of group 0 to 1.0000e-02.
Epoch: 131, Train loss: 0.03677199328124523, Validation loss: 0.44360959157794716, Validation accuracy: 0.9167
Adjusting learning rate of group 0 to 1.0000e-02.
Epoch: 132, Train loss: 0.03568295007750392, Validation loss: 0.42459164521172643, Validation accuracy: 0.9181
Adjusting learning rate of group 0 to 1.0000e-02.
Epoch: 133, Train loss: 0.03590305770576, Validation loss: 0.4222529407978058, Validation accuracy: 0.9214
Adjusting learning rate of group 0 to 1.0000e-02.
Epoch: 134, Train loss: 0.03200072784602642, Validation loss: 0.4554078285455704, Validation accuracy: 0.9174
Adjusting learning rate of group 0 to 1.0000e-02.
Epoch: 135, Train loss: 0.03708760476231575, Validation loss: 0.4125524698257446, Validation accuracy: 0.9202
Adjusting learning rate of group 0 to 1.0000e-02.
Epoch: 136, Train loss: 0.03570664127886295, Validation loss: 0.4332816276013851, Validation accuracy: 0.92
Adjusting learning rate of group 0 to 1.0000e-02.
Epoch: 137, Train loss: 0.03635436362743378, Validation loss: 0.4115537179946899, Validation accuracy: 0.9211
Adjusting learning rate of group 0 to 1.0000e-02.
Epoch: 138, Train loss: 0.036333876304626464, Validation loss: 0.45472687859535216, Validation accuracy: 0.9159
Adjusting learning rate of group 0 to 1.0000e-02.
Epoch: 139, Train loss: 0.035467529698610306, Validation loss: 0.46022053565979004, Validation accuracy: 0.9164
Adjusting learning rate of group 0 to 1.0000e-02.
Epoch: 140, Train loss: 0.03500961203157902, Validation loss: 0.41321380999088286, Validation accuracy: 0.9202
Adjusting learning rate of group 0 to 1.0000e-02.
Epoch: 141, Train loss: 0.034919175822138784, Validation loss: 0.41730741329193116, Validation accuracy: 0.9202
Adjusting learning rate of group 0 to 1.0000e-02.
Epoch: 142, Train loss: 0.0346105022072792, Validation loss: 0.4626973643779755, Validation accuracy: 0.9175
Adjusting learning rate of group 0 to 1.0000e-02.
Epoch: 143, Train loss: 0.034877414109110834, Validation loss: 0.4584994623452425, Validation accuracy: 0.9152
Adjusting learning rate of group 0 to 1.0000e-02.
Epoch: 144, Train loss: 0.032643865890800955, Validation loss: 0.45201547948122023, Validation accuracy: 0.921
Adjusting learning rate of group 0 to 1.0000e-02.
Epoch: 145, Train loss: 0.0366445477950573, Validation loss: 0.43950042308568954, Validation accuracy: 0.9171
Adjusting learning rate of group 0 to 1.0000e-02.
Epoch: 146, Train loss: 0.0356646318346262, Validation loss: 0.4483557391405106, Validation accuracy: 0.9149
Adjusting learning rate of group 0 to 1.0000e-02.
Epoch: 147, Train loss: 0.035444198496639726, Validation loss: 0.42712274453639987, Validation accuracy: 0.9187
Adjusting learning rate of group 0 to 1.0000e-02.
Epoch: 148, Train loss: 0.03467476668834686, Validation loss: 0.5021670687437058, Validation accuracy: 0.9139
Adjusting learning rate of group 0 to 1.0000e-02.
Epoch: 149, Train loss: 0.03631624161541462, Validation loss: 0.43952759482860565, Validation accuracy: 0.9183
Adjusting learning rate of group 0 to 1.0000e-03.
Epoch: 150, Train loss: 0.036874390278458596, Validation loss: 0.424045124900341, Validation accuracy: 0.921
Adjusting learning rate of group 0 to 1.0000e-03.
Epoch: 151, Train loss: 0.022858878866136075, Validation loss: 0.39538000369071963, Validation accuracy: 0.9274
Adjusting learning rate of group 0 to 1.0000e-03.
Epoch: 152, Train loss: 0.015856663382947445, Validation loss: 0.4022279684782028, Validation accuracy: 0.9276
Adjusting learning rate of group 0 to 1.0000e-03.
Epoch: 153, Train loss: 0.013707176793664694, Validation loss: 0.40589846539497376, Validation accuracy: 0.9283
Adjusting learning rate of group 0 to 1.0000e-03.
Epoch: 154, Train loss: 0.012045338731259108, Validation loss: 0.4105103873729706, Validation accuracy: 0.9292
Adjusting learning rate of group 0 to 1.0000e-03.
Epoch: 155, Train loss: 0.011094788747653366, Validation loss: 0.42010541019439696, Validation accuracy: 0.9292
Adjusting learning rate of group 0 to 1.0000e-03.
Epoch: 156, Train loss: 0.01134813752233982, Validation loss: 0.42478658607006076, Validation accuracy: 0.9282
Adjusting learning rate of group 0 to 1.0000e-03.
Epoch: 157, Train loss: 0.010333815178275108, Validation loss: 0.42863980704545973, Validation accuracy: 0.929
Adjusting learning rate of group 0 to 1.0000e-03.
Epoch: 158, Train loss: 0.009156698080450297, Validation loss: 0.4380947585582733, Validation accuracy: 0.9298
Adjusting learning rate of group 0 to 1.0000e-03.
Epoch: 159, Train loss: 0.009186965337730944, Validation loss: 0.4412879005908966, Validation accuracy: 0.9284
Adjusting learning rate of group 0 to 1.0000e-03.
Epoch: 160, Train loss: 0.008630470690950751, Validation loss: 0.4491189982175827, Validation accuracy: 0.9283
Adjusting learning rate of group 0 to 1.0000e-03.
Epoch: 161, Train loss: 0.0077116111350804565, Validation loss: 0.45242972373962403, Validation accuracy: 0.9279
Adjusting learning rate of group 0 to 1.0000e-03.
Epoch: 162, Train loss: 0.008071353330239653, Validation loss: 0.46067529711723326, Validation accuracy: 0.9288
Adjusting learning rate of group 0 to 1.0000e-03.
Epoch: 163, Train loss: 0.008156899284068495, Validation loss: 0.4588343660712242, Validation accuracy: 0.9289
Adjusting learning rate of group 0 to 1.0000e-03.
Epoch: 164, Train loss: 0.007347447222173214, Validation loss: 0.46415578269958496, Validation accuracy: 0.9291
Adjusting learning rate of group 0 to 1.0000e-03.
Epoch: 165, Train loss: 0.007954143154881894, Validation loss: 0.46886538019180296, Validation accuracy: 0.9293
Adjusting learning rate of group 0 to 1.0000e-03.
Epoch: 166, Train loss: 0.007738117641787976, Validation loss: 0.4728375442504883, Validation accuracy: 0.9299
Adjusting learning rate of group 0 to 1.0000e-03.
Epoch: 167, Train loss: 0.007072798748537898, Validation loss: 0.4764040216445923, Validation accuracy: 0.9287
Adjusting learning rate of group 0 to 1.0000e-03.
Epoch: 168, Train loss: 0.006498236828967929, Validation loss: 0.47724589591026306, Validation accuracy: 0.9297
Adjusting learning rate of group 0 to 1.0000e-03.
Epoch: 169, Train loss: 0.006408000976014882, Validation loss: 0.47696586265563967, Validation accuracy: 0.9304
Adjusting learning rate of group 0 to 1.0000e-03.
Epoch: 170, Train loss: 0.00645539001468569, Validation loss: 0.4842973559617996, Validation accuracy: 0.9301
Adjusting learning rate of group 0 to 1.0000e-03.
Epoch: 171, Train loss: 0.005871149080004543, Validation loss: 0.4806397979974747, Validation accuracy: 0.9302
Adjusting learning rate of group 0 to 1.0000e-03.
Epoch: 172, Train loss: 0.006059179446920753, Validation loss: 0.486586395072937, Validation accuracy: 0.9304
Adjusting learning rate of group 0 to 1.0000e-03.
Epoch: 173, Train loss: 0.005978296140376479, Validation loss: 0.48787093238830564, Validation accuracy: 0.9307
Adjusting learning rate of group 0 to 1.0000e-03.
Epoch: 174, Train loss: 0.0056559018234908585, Validation loss: 0.49018455057144167, Validation accuracy: 0.9305
Adjusting learning rate of group 0 to 1.0000e-03.
Epoch: 175, Train loss: 0.005934996936898679, Validation loss: 0.49109924550056455, Validation accuracy: 0.9324
Adjusting learning rate of group 0 to 1.0000e-03.
Epoch: 176, Train loss: 0.005922775170728564, Validation loss: 0.4983777705192566, Validation accuracy: 0.9308
Adjusting learning rate of group 0 to 1.0000e-03.
Epoch: 177, Train loss: 0.005343723039664328, Validation loss: 0.5007169441699981, Validation accuracy: 0.9304
Adjusting learning rate of group 0 to 1.0000e-03.
Epoch: 178, Train loss: 0.004914698451831937, Validation loss: 0.4993469066143036, Validation accuracy: 0.9299
Adjusting learning rate of group 0 to 1.0000e-03.
Epoch: 179, Train loss: 0.005026363857295364, Validation loss: 0.5025509353160859, Validation accuracy: 0.9302
Adjusting learning rate of group 0 to 1.0000e-03.
Epoch: 180, Train loss: 0.004853602442126721, Validation loss: 0.5070219234466553, Validation accuracy: 0.9305
Adjusting learning rate of group 0 to 1.0000e-03.
Epoch: 181, Train loss: 0.005094053851701319, Validation loss: 0.5091500276088715, Validation accuracy: 0.9308
Adjusting learning rate of group 0 to 1.0000e-03.
Epoch: 182, Train loss: 0.004704649812765419, Validation loss: 0.5105768073558807, Validation accuracy: 0.9299
Adjusting learning rate of group 0 to 1.0000e-03.
Epoch: 183, Train loss: 0.005127124425433576, Validation loss: 0.5177372959136963, Validation accuracy: 0.9297
Adjusting learning rate of group 0 to 1.0000e-03.
Epoch: 184, Train loss: 0.004945742911826819, Validation loss: 0.5193262767076492, Validation accuracy: 0.9295
Adjusting learning rate of group 0 to 1.0000e-03.
Epoch: 185, Train loss: 0.005522160103544593, Validation loss: 0.5216483336687088, Validation accuracy: 0.9294
Adjusting learning rate of group 0 to 1.0000e-03.
Epoch: 186, Train loss: 0.004083286817828193, Validation loss: 0.5187309787988663, Validation accuracy: 0.9314
Adjusting learning rate of group 0 to 1.0000e-03.
Epoch: 187, Train loss: 0.004534416716750711, Validation loss: 0.5240454807519913, Validation accuracy: 0.9293
Adjusting learning rate of group 0 to 1.0000e-03.
Epoch: 188, Train loss: 0.004351920709004625, Validation loss: 0.5267846762537957, Validation accuracy: 0.9308
Adjusting learning rate of group 0 to 1.0000e-03.
Epoch: 189, Train loss: 0.005100170297687873, Validation loss: 0.525341252040863, Validation accuracy: 0.9297
Adjusting learning rate of group 0 to 1.0000e-03.
Epoch: 190, Train loss: 0.004338661018973217, Validation loss: 0.5230321489810944, Validation accuracy: 0.93
Adjusting learning rate of group 0 to 1.0000e-03.
Epoch: 191, Train loss: 0.004369882379043847, Validation loss: 0.5305182848334312, Validation accuracy: 0.9278
Adjusting learning rate of group 0 to 1.0000e-03.
Epoch: 192, Train loss: 0.004719457410015166, Validation loss: 0.5402693572759628, Validation accuracy: 0.9288
Adjusting learning rate of group 0 to 1.0000e-03.
Epoch: 193, Train loss: 0.0043844504185765985, Validation loss: 0.5340699443817138, Validation accuracy: 0.9297
Adjusting learning rate of group 0 to 1.0000e-03.
Epoch: 194, Train loss: 0.0037776418551662937, Validation loss: 0.5405264637112618, Validation accuracy: 0.9296
Adjusting learning rate of group 0 to 1.0000e-03.
Epoch: 195, Train loss: 0.0037887325685098767, Validation loss: 0.5376827748179436, Validation accuracy: 0.9302
Adjusting learning rate of group 0 to 1.0000e-03.
Epoch: 196, Train loss: 0.004149126980630681, Validation loss: 0.5375818320274353, Validation accuracy: 0.9307
Adjusting learning rate of group 0 to 1.0000e-03.
Epoch: 197, Train loss: 0.003857371905934997, Validation loss: 0.5441441959500313, Validation accuracy: 0.9307
Adjusting learning rate of group 0 to 1.0000e-03.
Epoch: 198, Train loss: 0.00388757616343908, Validation loss: 0.5498890926122666, Validation accuracy: 0.9305
Adjusting learning rate of group 0 to 1.0000e-03.
Epoch: 199, Train loss: 0.0036684072733297944, Validation loss: 0.5444848360300064, Validation accuracy: 0.9307
Accuracy: 0.9307, Parameters: 3546
