Initializing dataloader
Files already downloaded and verified
Files already downloaded and verified
Dataloader has initialized
Initializing model
Adjusting learning rate of group 0 to 1.0000e-02.
Model initialized
Testing model
Tests passed
Adjusting learning rate of group 0 to 1.0000e-02.
Epoch: 0, Train loss: 1.5053597332000732, Validation loss: 1.0075329235076904, Validation accuracy: 0.6413
Adjusting learning rate of group 0 to 1.0000e-02.
Epoch: 1, Train loss: 0.9640035559272766, Validation loss: 0.8343441806793213, Validation accuracy: 0.7105
Adjusting learning rate of group 0 to 1.0000e-02.
Epoch: 2, Train loss: 0.8149270589256287, Validation loss: 0.7716380417823792, Validation accuracy: 0.734
Adjusting learning rate of group 0 to 1.0000e-02.
Epoch: 3, Train loss: 0.7340240274238586, Validation loss: 0.6989836085796356, Validation accuracy: 0.7566
Adjusting learning rate of group 0 to 1.0000e-02.
Epoch: 4, Train loss: 0.6759539781951904, Validation loss: 0.708393871498108, Validation accuracy: 0.7644
Adjusting learning rate of group 0 to 1.0000e-02.
Epoch: 5, Train loss: 0.6350855934143066, Validation loss: 0.6701101830482483, Validation accuracy: 0.7773
Adjusting learning rate of group 0 to 1.0000e-02.
Epoch: 6, Train loss: 0.5949322478485107, Validation loss: 0.6097243830680847, Validation accuracy: 0.7928
Adjusting learning rate of group 0 to 1.0000e-02.
Epoch: 7, Train loss: 0.5672359995937347, Validation loss: 0.5919957953929901, Validation accuracy: 0.8032
Adjusting learning rate of group 0 to 1.0000e-02.
Epoch: 8, Train loss: 0.537871443901062, Validation loss: 0.5889209941864013, Validation accuracy: 0.8029
Adjusting learning rate of group 0 to 1.0000e-02.
Epoch: 9, Train loss: 0.5128566989135742, Validation loss: 0.5630018678665161, Validation accuracy: 0.8083
Adjusting learning rate of group 0 to 1.0000e-02.
Epoch: 10, Train loss: 0.4968355452537537, Validation loss: 0.5848165622234345, Validation accuracy: 0.8044
Adjusting learning rate of group 0 to 1.0000e-02.
Epoch: 11, Train loss: 0.4750490391921997, Validation loss: 0.5374038428783416, Validation accuracy: 0.8212
Adjusting learning rate of group 0 to 1.0000e-02.
Epoch: 12, Train loss: 0.4573468829154968, Validation loss: 0.5029244603157044, Validation accuracy: 0.8276
Adjusting learning rate of group 0 to 1.0000e-02.
Epoch: 13, Train loss: 0.4392431827735901, Validation loss: 0.6278737234115601, Validation accuracy: 0.7978
Adjusting learning rate of group 0 to 1.0000e-02.
Epoch: 14, Train loss: 0.42509311645507813, Validation loss: 0.5695629891395568, Validation accuracy: 0.814
Adjusting learning rate of group 0 to 1.0000e-02.
Epoch: 15, Train loss: 0.41615598902702333, Validation loss: 0.5211982173919678, Validation accuracy: 0.8277
Adjusting learning rate of group 0 to 1.0000e-02.
Epoch: 16, Train loss: 0.3957824318599701, Validation loss: 0.5303675724983216, Validation accuracy: 0.8274
Adjusting learning rate of group 0 to 1.0000e-02.
Epoch: 17, Train loss: 0.39143962049484254, Validation loss: 0.5145312435150147, Validation accuracy: 0.8331
Adjusting learning rate of group 0 to 1.0000e-02.
Epoch: 18, Train loss: 0.3807122312831879, Validation loss: 0.5316130011081696, Validation accuracy: 0.8305
Adjusting learning rate of group 0 to 1.0000e-02.
Epoch: 19, Train loss: 0.36983624941825866, Validation loss: 0.4589385130405426, Validation accuracy: 0.8481
Adjusting learning rate of group 0 to 1.0000e-02.
Epoch: 20, Train loss: 0.3622793684387207, Validation loss: 0.4992445426464081, Validation accuracy: 0.8404
Adjusting learning rate of group 0 to 1.0000e-02.
Epoch: 21, Train loss: 0.3469882075595856, Validation loss: 0.4892641983270645, Validation accuracy: 0.842
Adjusting learning rate of group 0 to 1.0000e-02.
Epoch: 22, Train loss: 0.34421283954620363, Validation loss: 0.49220880331993105, Validation accuracy: 0.8445
Adjusting learning rate of group 0 to 1.0000e-02.
Epoch: 23, Train loss: 0.33457519936561586, Validation loss: 0.44550013494491575, Validation accuracy: 0.8526
Adjusting learning rate of group 0 to 1.0000e-02.
Epoch: 24, Train loss: 0.325946554145813, Validation loss: 0.46566947655677793, Validation accuracy: 0.8485
Adjusting learning rate of group 0 to 1.0000e-02.
Epoch: 25, Train loss: 0.31961154624938964, Validation loss: 0.49838407230377196, Validation accuracy: 0.8451
Adjusting learning rate of group 0 to 1.0000e-02.
Epoch: 26, Train loss: 0.3153090747022629, Validation loss: 0.47757704677581786, Validation accuracy: 0.8487
Adjusting learning rate of group 0 to 1.0000e-02.
Epoch: 27, Train loss: 0.3048857753372192, Validation loss: 0.5070344948768616, Validation accuracy: 0.8403
Adjusting learning rate of group 0 to 1.0000e-02.
Epoch: 28, Train loss: 0.2990411621379852, Validation loss: 0.4722006013393402, Validation accuracy: 0.8516
Adjusting learning rate of group 0 to 1.0000e-03.
Epoch: 29, Train loss: 0.2948636071109772, Validation loss: 0.45620584669113157, Validation accuracy: 0.8522
Adjusting learning rate of group 0 to 1.0000e-03.
Epoch: 30, Train loss: 0.24621825726509095, Validation loss: 0.3934374643802643, Validation accuracy: 0.8728
Adjusting learning rate of group 0 to 1.0000e-03.
Epoch: 31, Train loss: 0.23012720865726471, Validation loss: 0.39687769474983214, Validation accuracy: 0.8747
Adjusting learning rate of group 0 to 1.0000e-03.
Epoch: 32, Train loss: 0.22494476412773132, Validation loss: 0.39473972892761233, Validation accuracy: 0.8766
Adjusting learning rate of group 0 to 1.0000e-03.
Epoch: 33, Train loss: 0.21849347557067872, Validation loss: 0.40011339111328126, Validation accuracy: 0.8744
Adjusting learning rate of group 0 to 1.0000e-03.
Epoch: 34, Train loss: 0.2176317381477356, Validation loss: 0.3944161337852478, Validation accuracy: 0.8758
Adjusting learning rate of group 0 to 1.0000e-03.
Epoch: 35, Train loss: 0.20979152494430542, Validation loss: 0.3976789390563965, Validation accuracy: 0.8762
Adjusting learning rate of group 0 to 1.0000e-03.
Epoch: 36, Train loss: 0.20912615675926208, Validation loss: 0.3941568790435791, Validation accuracy: 0.8775
Adjusting learning rate of group 0 to 1.0000e-03.
Epoch: 37, Train loss: 0.20782043102264405, Validation loss: 0.3981934603214264, Validation accuracy: 0.8745
Adjusting learning rate of group 0 to 1.0000e-03.
Epoch: 38, Train loss: 0.20622330656051635, Validation loss: 0.39594734468460085, Validation accuracy: 0.8769
Adjusting learning rate of group 0 to 1.0000e-03.
Epoch: 39, Train loss: 0.20251231232643127, Validation loss: 0.4043854001998901, Validation accuracy: 0.874
Adjusting learning rate of group 0 to 1.0000e-03.
Epoch: 40, Train loss: 0.20655687856674193, Validation loss: 0.402037034034729, Validation accuracy: 0.877
Adjusting learning rate of group 0 to 1.0000e-03.
Epoch: 41, Train loss: 0.20082166387081146, Validation loss: 0.39839090328216553, Validation accuracy: 0.8763
Adjusting learning rate of group 0 to 1.0000e-03.
Epoch: 42, Train loss: 0.19874362226486206, Validation loss: 0.4019352864265442, Validation accuracy: 0.8768
Adjusting learning rate of group 0 to 1.0000e-03.
Epoch: 43, Train loss: 0.19736121334552764, Validation loss: 0.4043476296901703, Validation accuracy: 0.8767
Adjusting learning rate of group 0 to 1.0000e-03.
Epoch: 44, Train loss: 0.1999032686328888, Validation loss: 0.40478523058891297, Validation accuracy: 0.88
Adjusting learning rate of group 0 to 1.0000e-03.
Epoch: 45, Train loss: 0.1932253815460205, Validation loss: 0.4066707302570343, Validation accuracy: 0.8758
Adjusting learning rate of group 0 to 1.0000e-03.
Epoch: 46, Train loss: 0.19401841402053832, Validation loss: 0.40589921441078186, Validation accuracy: 0.8755
Adjusting learning rate of group 0 to 1.0000e-03.
Epoch: 47, Train loss: 0.19217095161914827, Validation loss: 0.40649569339752195, Validation accuracy: 0.8766
Adjusting learning rate of group 0 to 1.0000e-03.
Epoch: 48, Train loss: 0.19262540370464326, Validation loss: 0.4093529334068298, Validation accuracy: 0.8763
Adjusting learning rate of group 0 to 1.0000e-03.
Epoch: 49, Train loss: 0.18641253012657166, Validation loss: 0.404182048368454, Validation accuracy: 0.8772
Adjusting learning rate of group 0 to 1.0000e-03.
Epoch: 50, Train loss: 0.18847640628814696, Validation loss: 0.40833894619941713, Validation accuracy: 0.8777
Adjusting learning rate of group 0 to 1.0000e-03.
Epoch: 51, Train loss: 0.1861589882183075, Validation loss: 0.40782112135887144, Validation accuracy: 0.8773
Adjusting learning rate of group 0 to 1.0000e-03.
Epoch: 52, Train loss: 0.1871220181107521, Validation loss: 0.40569029626846315, Validation accuracy: 0.8783
Adjusting learning rate of group 0 to 1.0000e-03.
Epoch: 53, Train loss: 0.18494542588710786, Validation loss: 0.4160709159374237, Validation accuracy: 0.8769
Adjusting learning rate of group 0 to 1.0000e-03.
Epoch: 54, Train loss: 0.183715852394104, Validation loss: 0.40705424466133117, Validation accuracy: 0.8783
Adjusting learning rate of group 0 to 1.0000e-03.
Epoch: 55, Train loss: 0.1836333812236786, Validation loss: 0.4098080100059509, Validation accuracy: 0.8772
Adjusting learning rate of group 0 to 1.0000e-03.
Epoch: 56, Train loss: 0.18166435001850129, Validation loss: 0.41378972091674804, Validation accuracy: 0.8783
Adjusting learning rate of group 0 to 1.0000e-03.
Epoch: 57, Train loss: 0.18028002225875855, Validation loss: 0.40615339918136595, Validation accuracy: 0.8774
Adjusting learning rate of group 0 to 1.0000e-03.
Epoch: 58, Train loss: 0.18051883261203766, Validation loss: 0.40558750624656675, Validation accuracy: 0.8781
Adjusting learning rate of group 0 to 1.0000e-04.
Epoch: 59, Train loss: 0.17962261063575743, Validation loss: 0.41028975110054017, Validation accuracy: 0.8789
Adjusting learning rate of group 0 to 1.0000e-04.
Epoch: 60, Train loss: 0.17581552119731902, Validation loss: 0.4081063258647919, Validation accuracy: 0.8785
Adjusting learning rate of group 0 to 1.0000e-04.
Epoch: 61, Train loss: 0.1723913865661621, Validation loss: 0.4089838349342346, Validation accuracy: 0.8775
Adjusting learning rate of group 0 to 1.0000e-04.
Epoch: 62, Train loss: 0.17426466300010682, Validation loss: 0.40730506863594057, Validation accuracy: 0.8782
Adjusting learning rate of group 0 to 1.0000e-04.
Epoch: 63, Train loss: 0.17402321333885193, Validation loss: 0.4074296815395355, Validation accuracy: 0.8783
Adjusting learning rate of group 0 to 1.0000e-04.
Epoch: 64, Train loss: 0.1719788169193268, Validation loss: 0.40854848518371584, Validation accuracy: 0.8796
Adjusting learning rate of group 0 to 1.0000e-04.
Epoch: 65, Train loss: 0.17226383892536162, Validation loss: 0.4087957441806793, Validation accuracy: 0.8789
Adjusting learning rate of group 0 to 1.0000e-04.
Epoch: 66, Train loss: 0.17008003123760224, Validation loss: 0.40748644170761106, Validation accuracy: 0.8797
Adjusting learning rate of group 0 to 1.0000e-04.
Epoch: 67, Train loss: 0.17090817934513092, Validation loss: 0.40852467494010924, Validation accuracy: 0.8773
Adjusting learning rate of group 0 to 1.0000e-04.
Epoch: 68, Train loss: 0.17135211980342865, Validation loss: 0.4100151449680328, Validation accuracy: 0.8795
Adjusting learning rate of group 0 to 1.0000e-04.
Epoch: 69, Train loss: 0.17152906104087828, Validation loss: 0.40946694135665895, Validation accuracy: 0.8786
Adjusting learning rate of group 0 to 1.0000e-04.
Epoch: 70, Train loss: 0.17147471111774445, Validation loss: 0.40903838481903076, Validation accuracy: 0.8773
Adjusting learning rate of group 0 to 1.0000e-04.
Epoch: 71, Train loss: 0.16782067120552063, Validation loss: 0.4094483114719391, Validation accuracy: 0.8781
Adjusting learning rate of group 0 to 1.0000e-04.
Epoch: 72, Train loss: 0.167006531894207, Validation loss: 0.40857250199317935, Validation accuracy: 0.8775
Adjusting learning rate of group 0 to 1.0000e-04.
Epoch: 73, Train loss: 0.16829618090629578, Validation loss: 0.4075726676940918, Validation accuracy: 0.8796
Adjusting learning rate of group 0 to 1.0000e-04.
Epoch: 74, Train loss: 0.1691335696363449, Validation loss: 0.40946949701309204, Validation accuracy: 0.8787
Adjusting learning rate of group 0 to 1.0000e-04.
Epoch: 75, Train loss: 0.16967901308059694, Validation loss: 0.4087432189941406, Validation accuracy: 0.8799
Adjusting learning rate of group 0 to 1.0000e-04.
Epoch: 76, Train loss: 0.17022188405036925, Validation loss: 0.41152810487747193, Validation accuracy: 0.8784
Adjusting learning rate of group 0 to 1.0000e-04.
Epoch: 77, Train loss: 0.17087264369010927, Validation loss: 0.41177723174095154, Validation accuracy: 0.8794
Adjusting learning rate of group 0 to 1.0000e-04.
Epoch: 78, Train loss: 0.16929209129095077, Validation loss: 0.4120651791572571, Validation accuracy: 0.8776
Adjusting learning rate of group 0 to 1.0000e-04.
Epoch: 79, Train loss: 0.16823126868009566, Validation loss: 0.4073831547737122, Validation accuracy: 0.8779
Adjusting learning rate of group 0 to 1.0000e-04.
Epoch: 80, Train loss: 0.16835478621959687, Validation loss: 0.4109741183757782, Validation accuracy: 0.8792
Adjusting learning rate of group 0 to 1.0000e-04.
Epoch: 81, Train loss: 0.1694350541973114, Validation loss: 0.40993714175224305, Validation accuracy: 0.8797
Adjusting learning rate of group 0 to 1.0000e-04.
Epoch: 82, Train loss: 0.169244044816494, Validation loss: 0.4113734018802643, Validation accuracy: 0.8794
Adjusting learning rate of group 0 to 1.0000e-04.
Epoch: 83, Train loss: 0.16768453719854354, Validation loss: 0.41136432385444643, Validation accuracy: 0.8786
Adjusting learning rate of group 0 to 1.0000e-04.
Epoch: 84, Train loss: 0.17093323477268219, Validation loss: 0.41001086201667786, Validation accuracy: 0.8779
Adjusting learning rate of group 0 to 1.0000e-04.
Epoch: 85, Train loss: 0.16696799075126648, Validation loss: 0.4120950515270233, Validation accuracy: 0.8774
Adjusting learning rate of group 0 to 1.0000e-04.
Epoch: 86, Train loss: 0.1692548891544342, Validation loss: 0.40925676617622375, Validation accuracy: 0.8795
Adjusting learning rate of group 0 to 1.0000e-04.
Epoch: 87, Train loss: 0.1689531370830536, Validation loss: 0.41029647822380066, Validation accuracy: 0.8784
Adjusting learning rate of group 0 to 1.0000e-04.
Epoch: 88, Train loss: 0.16679201581001282, Validation loss: 0.41140420055389404, Validation accuracy: 0.8781
Adjusting learning rate of group 0 to 1.0000e-05.
Epoch: 89, Train loss: 0.16935682899951934, Validation loss: 0.4095970198631287, Validation accuracy: 0.8794
Adjusting learning rate of group 0 to 1.0000e-05.
Epoch: 90, Train loss: 0.1688448370409012, Validation loss: 0.41002078127861025, Validation accuracy: 0.8792
Adjusting learning rate of group 0 to 1.0000e-05.
Epoch: 91, Train loss: 0.16662970118522644, Validation loss: 0.4105462689399719, Validation accuracy: 0.8788
Adjusting learning rate of group 0 to 1.0000e-05.
Epoch: 92, Train loss: 0.16526164457321166, Validation loss: 0.4100260196208954, Validation accuracy: 0.88
Adjusting learning rate of group 0 to 1.0000e-05.
Epoch: 93, Train loss: 0.16630172607898713, Validation loss: 0.410294087266922, Validation accuracy: 0.8795
Adjusting learning rate of group 0 to 1.0000e-05.
Epoch: 94, Train loss: 0.1689698923945427, Validation loss: 0.41177015733718875, Validation accuracy: 0.8797
Adjusting learning rate of group 0 to 1.0000e-05.
Epoch: 95, Train loss: 0.1669276144695282, Validation loss: 0.4088231454372406, Validation accuracy: 0.8795
Adjusting learning rate of group 0 to 1.0000e-05.
Epoch: 96, Train loss: 0.1660997100639343, Validation loss: 0.4105771134376526, Validation accuracy: 0.8782
Adjusting learning rate of group 0 to 1.0000e-05.
Epoch: 97, Train loss: 0.16769419695854187, Validation loss: 0.4103523328781128, Validation accuracy: 0.8784
Adjusting learning rate of group 0 to 1.0000e-05.
Epoch: 98, Train loss: 0.16684611618041992, Validation loss: 0.4093066930770874, Validation accuracy: 0.8795
Adjusting learning rate of group 0 to 1.0000e-05.
Epoch: 99, Train loss: 0.16806237586021425, Validation loss: 0.4106611710071564, Validation accuracy: 0.8799
Accuracy: 0.8799
